 0.352
 0.352
 0.352
 0.352
 0.353
 0.353
 0.353
 0.353
 0.353
 0.353
 0.353
 0.353
 0.353
 0.353
 0.354
 0.354
 0.354
 0.354
 0.354
 0.354
 0.354
 0.354
 0.354
 0.355
 7.116
 2.302
 1.408
 1.041
 0.845
 0.726
 0.648
 0.594
 0.555
 0.526
 0.504
 0.487
 0.474
 0.464
 0.456
 0.450
 0.445
 0.442
 0.439
 0.438
 0.437
 0.436
 0.437
 0.437
 0.439
 0.441
 0.443
 0.446
 0.449
 0.453
 0.457
 0.461
 0.466
 0.472
 0.478
 0.484
 0.491
 0.498
 0.506
 0.515
 0.524
 0.533
 0.544
 0.554
 0.566
 0.578
 0.591
 0.605
 0.619
 0.634
 0.650
 0.667
 0.684
 0.703
 0.722
 0.742
 0.764
 0.786
 0.809
 0.834
 0.859
 0.886
 0.914
 0.943
 0.973
 1.005
 1.038
 1.072
 1.108
 1.145
 1.184
 1.224
 1.265
 1.309
 1.354
 1.401
 1.449
 1.499
 1.552
 1.606
 1.661
 1.719
 1.779
 1.841
 1.905
 1.971
 2.040
 2.110
 2.183
 2.258
 2.335
 2.414
 2.496
 2.580
 2.667
 2.756
 2.847
 2.940
 3.036
 3.134
 3.235
 3.337
 3.442
 3.549
 3.658
 3.769
 3.882
 3.997
 4.114
 4.232
 4.352
 4.473
 4.595
 4.719
 4.843
 4.968
 5.094
 5.220
 5.347
 5.473
 5.599
 5.725
 5.849
 5.973
 6.096
 6.218
 6.337
 6.455
 6.570
 6.683
 6.793
 6.901
 7.005
 7.105
 7.202
 7.295
 7.384
 7.468
 7.548
 7.624
 7.694
 7.760
 7.820
 7.875
 7.925
 7.969
 8.008
 8.042
 8.070
 8.092
 8.109
 8.121
 8.127
 8.128
 8.123
 8.114
 8.099
 8.080
 8.055
 8.026
 7.993
 7.955
 7.913
 7.868
 7.818
 7.765
 7.708
 7.649
 7.586
 7.520
 7.452
 7.381
 7.309
 7.234
 7.157
 7.078
 6.998
 6.917
 6.835
 6.751
 6.666
 6.581
 6.496
 6.409
 6.323
 6.236
 6.149
 6.062
 5.975
 5.889
 5.802
 5.716
 5.631
 5.546
 5.462
 5.378
 5.295
 5.213
 5.131
 5.051
 4.971
 4.892
 4.814
 4.737
 4.662
 4.587
 4.513
 4.440
 4.368
 4.298
 4.228
 4.160
 4.092
 4.026
 3.961
 3.897
 3.834
 3.772
 3.711
 3.651
 3.593
 3.535
 3.479
 3.423
 3.368
 3.315
 3.262
 3.211
 3.160
 3.110
 3.062
 3.014
 2.967
 2.921
 2.876
 2.832
 2.789
 2.746
 2.705
 2.664
 2.624
 2.584
 2.546
 2.508
 2.471
 2.435
 2.399
 2.364
 2.330
 2.297
 2.264
 2.232
 2.200
 2.169
 2.139
 2.109
 2.080
 2.051
 2.023
 1.996
 1.969
 1.942
 1.916
 1.891
 1.866
 1.841
 1.817
 1.794
 1.771
 1.748
 1.726
 1.704
 1.683
 1.662
 1.641
 1.621
 1.601
 1.582
 1.563
 1.544
 1.525
 1.507
 1.490
 1.472
 1.455
 1.439
 1.422
 1.406
 1.390
 1.375
 1.359
 1.344
 1.330
 1.315
 1.301
 1.287
 1.273
 1.260
 1.247
 1.234
 1.221
 1.208
 1.196
 1.184
 1.172
 1.160
 1.149
 1.138
 1.127
 1.116
 1.105
 1.094
 1.084
 1.074
 1.064
 1.054
 1.044
 1.035
 1.025
 1.016
 1.007
 0.998
 0.990
 0.981
 0.972
 0.964
 0.956
 0.948
 0.940
 0.932
 0.924
 0.917
 0.909
 0.902
 0.895
 0.888
 0.881
 0.874
 0.867
 0.860
 0.854
 0.847
 0.841
 0.835
 0.829
 0.823
 0.817
 0.811
 0.805
 0.799
 0.793
 0.788
 0.782
 0.777
 0.772
 0.767
 0.761
 0.756
 0.751
 0.746
 0.741
 0.737
 0.732
 0.727
 0.723
 0.718
 0.714
 0.709
 0.705
 0.701
 0.696
 0.692
 0.688
 0.684
 0.680
 0.676
 0.672
 0.668
 0.665
 0.661
 0.657
 0.653
 0.650
 0.646
 0.643
 0.639
 0.636
 0.633
 0.629
 0.626
 0.623
 0.619
 0.616
 0.613
 0.610
 0.607
 0.604
 0.601
 0.598
 0.595
 0.592
 0.589
 0.587
 0.584
 0.581
 0.578
 0.576
 0.573
 0.570
 0.568
 0.565
 0.563
 0.560
 0.558
 0.555
 0.553
 0.550
 0.548
 0.546
 0.543
 0.541
 0.539
 0.537
 0.534
 0.532
 0.530
 0.528
 0.526
 0.524
 0.521
 0.519
 0.517
 0.515
 0.513
 0.511
 0.509
 0.507
 0.505
 0.503
 0.502
 0.500
 0.498
 0.496
 0.494
 0.492
 0.490
 0.489
 0.487
 0.485
 0.483
 0.482
 0.480
 0.478
 0.476
 0.475
 0.473
 0.471
 0.470
 0.468
 0.467
 0.465
 0.463
 0.462
 0.460
 0.459
 0.457
 0.456
 0.454
 0.452
 0.451
 0.449
 0.448
 0.446
 0.445
 0.444
 0.442
 0.441
 0.439
 0.438
 0.436
 0.435
 0.434
 0.432
 0.352
 0.351
 0.351
 0.351
 0.350
 0.350
 0.349
 0.349
 0.348
 0.348
 0.347
 0.347
 0.347
 0.346
 0.346
 0.345
 0.345
 0.344
 0.344
 0.343
 0.343
 0.342
 0.342
 0.341
 0.340
 0.340
 0.339
 0.339
 0.338
 0.338
 0.337
 0.337
 0.336
 0.335
 0.335
 0.334
 0.334
 0.333
 0.332
 0.332
 0.331
 0.330
10.579
