6000.000
6000.300
6000.601
6000.902
6001.204
6001.507
6001.810
6002.113
6002.418
6002.722
6003.028
6003.334
6003.640
6003.947
6004.255
6004.563
6004.872
6005.181
6005.491
6005.802
6006.113
6006.425
6006.737
6007.050
5925.475
5906.844
5898.133
5892.255
5887.737
5884.017
5880.817
5877.980
5875.410
5873.041
5870.827
5868.736
5866.742
5864.825
5862.970
5861.164
5859.397
5857.660
5855.946
5854.247
5852.558
5850.875
5849.191
5847.504
5845.808
5844.102
5842.380
5840.640
5838.880
5837.094
5835.282
5833.440
5831.565
5829.654
5827.705
5825.716
5823.682
5821.602
5819.472
5817.291
5815.054
5812.760
5810.405
5807.985
5805.499
5802.942
5800.312
5797.605
5794.818
5791.947
5788.988
5785.938
5782.793
5779.549
5776.202
5772.747
5769.180
5765.496
5761.692
5757.761
5753.699
5749.502
5745.163
5740.676
5736.038
5731.240
5726.279
5721.146
5715.836
5710.343
5704.659
5698.777
5692.690
5686.391
5679.873
5673.126
5666.143
5658.917
5651.437
5643.697
5635.685
5627.395
5618.816
5609.938
5600.752
5591.248
5581.416
5571.246
5560.727
5549.848
5538.600
5526.970
5514.949
5502.525
5489.687
5476.423
5462.724
5448.577
5433.972
5418.898
5403.343
5387.298
5370.751
5353.692
5336.111
5317.998
5299.345
5280.141
5260.379
5240.050
5219.146
5197.661
5175.589
5152.923
5129.660
5105.795
5081.324
5056.246
5030.559
5004.263
4977.358
4949.847
4921.732
4893.017
4863.708
4833.810
4803.332
4772.283
4740.672
4708.510
4675.811
4642.588
4608.857
4574.632
4539.931
4504.773
4469.177
4433.164
4396.754
4359.970
4322.835
4285.373
4247.607
4209.563
4171.266
4132.743
4094.018
4055.119
4016.071
3976.902
3937.638
3898.305
3858.929
3819.537
3780.153
3740.802
3701.510
3662.300
3623.195
3584.218
3545.392
3506.736
3468.272
3430.018
3391.994
3354.217
3316.705
3279.472
3242.534
3205.904
3169.597
3133.624
3097.996
3062.724
3027.817
2993.283
2959.131
2925.368
2891.999
2859.030
2826.466
2794.310
2762.566
2731.236
2700.323
2669.827
2639.749
2610.090
2580.849
2552.026
2523.619
2495.627
2468.048
2440.880
2414.120
2387.764
2361.811
2336.256
2311.095
2286.325
2261.941
2237.940
2214.316
2191.065
2168.182
2145.663
2123.503
2101.696
2080.237
2059.122
2038.345
2017.901
1997.784
1977.990
1958.514
1939.349
1920.492
1901.936
1883.676
1865.708
1848.026
1830.625
1813.501
1796.647
1780.060
1763.735
1747.666
1731.849
1716.279
1700.952
1685.863
1671.007
1656.381
1641.979
1627.798
1613.834
1600.081
1586.537
1573.197
1560.057
1547.113
1534.362
1521.800
1509.423
1497.228
1485.211
1473.369
1461.698
1450.195
1438.857
1427.681
1416.663
1405.800
1395.090
1384.530
1374.117
1363.847
1353.718
1343.728
1333.874
1324.153
1314.563
1305.101
1295.765
1286.552
1277.461
1268.488
1259.632
1250.891
1242.262
1233.743
1225.333
1217.028
1208.829
1200.731
1192.734
1184.836
1177.035
1169.328
1161.716
1154.195
1146.764
1139.422
1132.167
1124.997
1117.911
1110.907
1103.985
1097.142
1090.377
1083.689
1077.076
1070.538
1064.073
1057.679
1051.356
1045.102
1038.916
1032.797
1026.744
1020.756
1014.832
1008.970
1003.169
997.429
991.749
986.128
980.564
975.056
969.605
964.208
958.866
953.577
948.340
943.154
938.020
932.935
927.899
922.912
917.973
913.080
908.233
903.432
898.676
893.964
889.295
884.670
880.086
875.544
871.043
866.582
862.161
857.779
853.435
849.130
844.862
840.631
836.437
832.278
828.155
824.066
820.013
815.993
812.006
808.052
804.131
800.243
796.385
792.559
788.764
784.999
781.264
777.559
773.883
770.236
766.617
763.026
759.463
755.927
752.418
748.936
745.480
742.050
738.645
735.266
731.912
728.583
725.278
721.996
718.739
715.505
712.295
709.107
705.942
702.799
699.678
696.579
693.501
690.445
687.410
684.396
681.402
678.428
675.475
672.541
669.627
666.733
663.857
661.001
658.163
655.343
652.542
649.760
646.995
644.247
641.518
638.805
636.110
633.431
630.770
628.125
625.496
622.883
620.287
617.707
615.142
612.592
610.058
607.540
605.036
602.547
600.073
597.614
595.169
592.739
590.322
587.920
585.531
583.156
580.795
578.447
576.113
573.792
571.483
569.188
566.906
564.636
562.379
560.134
557.902
555.681
553.473
551.277
549.093
546.920
544.759
542.610
540.472
538.345
536.230
534.126
532.032
529.950
527.879
525.818
523.767
521.728
519.698
517.679
515.671
513.672
511.683
509.705
507.736
505.777
503.828
501.888
499.958
498.038
496.126
494.224
492.332
490.448
488.573
486.708
484.851
483.003
481.164
479.334
477.512
475.698
473.894
472.097
470.309
468.529
466.757
464.994
463.238
461.491
459.751
458.019
456.295
454.579
454.385
454.556
454.729
454.906
455.085
455.267
455.452
455.639
455.829
456.021
456.216
456.413
456.612
456.813
457.016
457.221
457.428
457.636
457.846
458.058
458.270
458.485
458.700
458.916
459.134
459.352
459.571
459.791
460.011
460.231
460.452
460.673
460.894
461.116
461.337
461.557
461.778
461.998
462.217
462.435
462.653
462.869
465.017
418.847
380.880
349.145
322.249
299.188
279.212
261.757
246.387
232.761
220.608
209.711
199.893
191.008
182.937
175.579
168.850
162.679
157.003
151.771
146.938
142.463
138.314
134.460
130.874
127.533
124.417
121.507
118.786
116.241
113.857
111.622
109.526
107.559
105.712
103.976
102.345
100.810
99.367
98.008
96.730
95.525
94.391
93.323
92.316
91.367
90.473
89.629
88.834
88.084
87.377
86.709
86.080
85.485
84.924
84.395
83.894
83.422
82.975
82.553
82.154
81.777
81.420
81.081
80.761
80.457
80.169
79.896
79.636
79.390
79.155
78.931
78.718
78.515
78.321
78.135
77.957
77.787
77.623
77.466
77.314
77.168
77.027
76.891
76.759
76.631
76.507
76.386
76.268
76.152
76.040
75.930
75.821
75.715
75.611
75.508
75.407
75.306
75.207
75.110
75.012
74.916
74.821
74.726
74.631
74.537
74.444
74.351
74.258
74.165
74.072
73.980
73.887
73.795
73.703
73.610
73.518
73.426
73.333
73.240
73.148
73.055
72.962
72.869
72.775
72.682
72.588
72.495
72.401
72.307
72.213
72.118
72.024
71.929
71.834
71.739
71.644
71.549
71.454
71.359
71.263
71.168
71.072
70.976
70.881
70.785
70.689
70.593
70.497
70.401
70.305
70.209
70.113
70.017
69.921
69.825
69.729
69.633
69.538
69.442
69.346
69.250
69.155
69.059
68.964
68.869
68.773
68.678
68.583
68.488
68.393
68.299
68.204
68.110
68.016
67.921
67.827
67.734
67.640
67.546
67.453
67.360
67.267
67.174
67.081
66.989
66.897
66.804
66.712
66.621
66.529
66.438
66.347
66.256
66.165
66.074
65.984
65.894
65.804
65.714
65.625
65.535
65.446
65.357
65.268
65.180
65.096
65.015
64.933
64.851
64.769
64.686
64.603
64.519
64.435
64.351
64.267
64.182
64.098
64.013
63.928
63.843
63.757
63.672
63.587
63.501
63.416
63.330
63.245
63.160
63.074
62.989
62.904
62.818
62.733
62.648
62.563
62.478
62.393
62.309
62.224
62.140
62.055
61.971
61.887
61.803
61.720
61.636
61.553
61.469
61.386
61.303
61.221
61.138
61.056
60.973
60.891
60.810
60.728
60.647
60.565
60.484
60.403
60.323
60.242
60.162
60.082
60.002
59.922
59.843
59.763
59.684
59.606
59.527
59.448
59.370
59.292
59.214
59.136
59.059
58.982
58.905
58.828
58.751
58.674
58.598
58.522
58.446
58.370
58.295
58.220
58.145
58.070
57.995
57.920
57.846
57.772
57.698
57.624
57.551
57.477
57.404
57.331
57.259
57.186
57.114
57.041
56.969
56.897
56.826
56.754
56.683
56.612
56.541
56.470
56.400
56.329
56.259
56.189
56.119
56.050
55.980
55.911
55.842
55.773
55.704
55.636
55.567
55.499
55.431
55.363
55.295
55.228
55.160
55.093
55.026
54.959
54.892
54.826
54.760
54.693
54.627
54.561
54.496
54.430
54.365
54.300
54.235
54.170
54.105
54.040
53.976
53.912
53.848
53.784
53.720
53.656
53.593
53.529
53.466
53.403
53.340
53.278
53.215
53.153
53.091
53.028
52.966
52.905
52.843
52.782
52.720
52.659
52.598
52.537
52.476
52.416
52.924
52.168
48.833
45.798
47.344
49.177
51.008
52.837
54.664
56.489
58.313
60.134
61.953
63.770
65.584
67.396
69.206
71.013
72.818
74.620
76.419
78.215
79.999
81.333
81.651
81.082
79.977
78.537
76.840
74.945
72.914
70.798
68.638
66.459
64.284
62.130
60.007
57.925
55.891
53.909
51.982
50.112
48.300
46.546
44.850
43.211
41.629
40.102
38.629
37.208
35.838
34.517
33.245
32.018
30.837
29.698
28.601
27.545
26.527
25.547
24.603
23.693
22.818
21.974
21.162
20.379
19.626
18.900
18.202
17.529
16.881
16.256
15.655
15.077
14.519
13.982
13.465
12.967
12.488
12.026
11.582
11.153
10.741
10.344
 9.961
 9.593
 9.238
 8.897
 8.568
 8.251
 7.946
 7.652
 7.369
 7.097
 6.834
 6.582
 6.338
 6.104
 5.878
 5.661
 5.452
 5.250
 5.056
 4.869
 4.689
 4.516
 4.349
 4.188
 4.033
 3.884
 3.740
 3.602
 3.469
 3.341
 3.217
 3.098
 2.984
 2.873
 2.767
 2.665
 2.566
 2.471
 2.380
 2.292
 2.207
 2.126
 2.047
 1.971
 1.898
 1.828
 1.761
 1.696
 1.633
 1.572
 1.514
 1.458
 1.404
 1.352
 1.302
 1.254
 1.208
 1.163
 1.120
 1.079
 1.039
 1.001
 0.964
 0.928
 0.894
 0.861
 0.829
 0.798
 0.769
 0.740
 0.713
