 0.000
125000.000
2954.423
124478.624
5908.847
123956.384
8863.270
123433.281
11817.693
122909.312
14772.117
122384.480
17726.540
121858.782
20680.963
121332.220
23635.387
120804.792
26589.810
120276.498
29544.233
119747.339
32498.657
119217.313
35453.080
118686.421
38407.503
118154.662
41361.927
117622.037
44316.350
117088.544
47270.773
116554.184
50225.197
116018.956
53179.620
115482.860
56134.043
114945.896
59088.467
114408.063
62042.890
113869.362
64997.313
113329.791
67951.737
112789.352
70891.605
112253.813
73801.912
111729.107
76706.227
111205.893
79607.032
110683.194
82505.257
110160.642
85401.396
109638.042
88295.755
109115.274
91188.541
108592.255
94079.900
108068.929
96969.944
107545.251
99858.754
107021.189
102746.398
106496.716
105632.926
105971.812
108518.380
105446.462
111402.792
104920.651
114286.189
104394.370
117168.590
103867.610
120050.013
103340.365
122930.469
102812.631
125809.968
102284.403
128688.514
101755.679
131566.112
101226.458
134442.763
100696.739
137318.465
100166.523
140193.216
99635.811
143067.012
99104.605
145939.844
98572.907
148811.707
98040.720
151682.589
97508.049
154552.481
96974.898
157421.369
96441.271
160289.242
95907.174
163156.082
95372.613
166021.874
94837.594
168886.601
94302.125
171750.243
93766.214
174612.781
93229.868
177474.193
92693.095
180334.456
92155.906
183193.546
91618.310
186051.437
91080.317
188908.103
90541.938
191763.516
90003.185
194617.646
89464.069
197470.461
88924.602
200321.930
88384.800
203172.018
87844.674
206020.690
87304.240
208867.908
86763.512
211713.633
86222.507
214557.826
85681.241
217400.443
85139.731
220241.441
84597.995
223080.773
84056.052
225918.392
83513.922
228754.247
82971.624
231588.288
82429.181
234420.459
81886.613
237250.706
81343.945
240078.968
80801.199
242905.187
80258.401
245729.298
79715.576
248551.235
79172.752
251370.932
78629.956
254188.317
78087.218
257003.316
77544.566
259815.854
77002.033
262625.851
76459.651
265433.226
75917.454
268237.892
75375.476
271039.762
74833.753
273838.743
74292.324
276634.742
73751.226
279427.659
73210.502
282217.393
72670.191
285003.838
72130.337
287786.884
71590.986
290566.418
71052.183
293342.324
70513.976
296114.479
69976.416
298882.758
69439.552
301647.032
68903.439
304407.167
68368.130
307163.023
67833.683
309914.458
67300.155
312661.324
66767.608
315403.468
66236.102
318140.734
65705.701
320872.958
65176.472
323599.974
64648.482
326321.610
64121.802
329037.687
63596.502
331748.024
63072.656
334452.432
62550.340
337150.720
62029.632
339842.687
61510.612
342528.131
60993.360
345206.843
60477.960
347878.608
59964.499
350543.208
59453.063
353200.416
58943.742
355850.004
58436.626
358491.736
57931.809
361125.373
57429.385
363750.668
56929.451
366367.372
56432.103
368975.232
55937.443
371573.987
55445.569
374163.374
54956.584
376743.127
54470.592
379312.973
53987.696
381872.639
53508.000
384421.845
53031.612
386960.310
52558.637
389487.752
52089.182
392003.883
51623.354
394508.416
51161.260
397001.060
50703.007
399481.526
50248.701
401949.521
49798.448
404404.755
49352.353
406846.936
48910.521
409275.773
48473.055
411690.978
48040.055
414092.263
47611.622
416479.343
47187.854
418851.937
46768.844
421209.767
46354.688
423552.559
45945.475
425880.044
45541.292
428191.957
45142.224
430488.040
44748.352
432768.043
44359.752
435031.721
43976.498
437278.837
43598.660
439509.162
43226.302
441722.477
42859.485
443918.570
42498.265
446097.240
42142.694
448258.297
41792.817
450401.559
41448.677
452526.857
41110.309
454634.032
40777.746
456722.937
40451.012
458793.436
40130.128
460845.408
39815.111
462878.739
39505.969
464893.333
39202.709
466889.102
38905.328
468865.972
38613.822
470823.884
38328.180
472762.788
38048.386
474682.649
37774.419
476583.442
37506.253
478465.156
37243.858
480327.793
36987.199
482171.365
36736.237
483995.896
36490.928
485801.423
36251.224
487587.991
36017.075
489355.660
35788.424
491104.497
35565.214
492834.581
35347.381
494546.000
35134.863
496238.850
34927.589
497913.240
34725.491
499569.283
34528.495
501207.103
34336.526
502826.831
34149.507
504428.603
33967.359
506012.566
33790.001
507578.871
33617.351
509127.673
33449.327
510659.137
33285.844
512173.429
33126.816
513670.722
32972.159
515151.192
32821.785
516615.020
32675.607
518062.389
32533.540
519493.487
32395.496
520908.503
32261.388
522307.630
32131.128
523691.060
32004.632
525058.991
31881.812
526411.618
31762.583
527749.141
31646.860
529071.758
31534.559
530379.669
31425.597
531673.074
31319.890
532952.172
31217.357
534217.164
31117.918
535468.247
31021.492
536705.622
30928.002
537929.486
30837.369
539140.035
30749.518
540337.466
30664.373
541521.972
30581.861
542693.748
30501.909
543852.984
30424.445
544999.870
30349.401
546134.594
30276.706
547257.343
30206.295
548368.300
30138.100
549467.648
30072.057
550555.566
30008.103
551632.233
29946.176
552697.824
29886.215
553752.512
29828.160
554796.469
29771.954
555829.863
29717.539
556852.860
29664.860
557865.624
29613.863
558868.317
29564.495
559861.098
29516.704
560844.123
29470.439
561817.546
29425.652
562781.519
29382.293
563736.191
29340.316
564681.709
29299.675
565618.216
29260.325
566545.856
29222.223
567464.766
29185.325
568375.085
29149.591
569276.947
29114.980
570170.484
29081.453
571055.827
29048.970
571933.102
29017.495
572802.435
28986.991
573663.950
28957.422
574517.766
28928.754
575364.004
28900.952
576202.778
28873.984
577034.204
28847.818
577858.394
28822.422
578675.457
28797.766
579485.502
28773.821
580288.636
28750.556
581084.961
28727.945
581874.580
28705.959
582657.593
28684.572
583434.098
28663.758
584204.193
28643.492
584967.970
28623.748
585725.524
28604.503
586476.945
28585.733
587222.323
28567.415
587961.744
28549.528
588695.296
28532.049
589423.061
28514.957
590145.124
28498.232
590861.564
28481.854
591572.463
28465.802
592277.896
28450.059
592977.942
28434.606
593672.675
28419.424
594362.169
28404.495
595046.497
28389.804
595725.728
28375.333
596399.933
28361.065
597069.180
28346.985
597733.535
28333.078
598393.066
28319.328
599047.835
28305.721
599697.906
28292.242
600343.342
28278.877
600984.203
28265.614
601620.549
28252.438
602252.438
28239.336
602879.929
28226.297
603503.077
28213.308
604121.938
28200.356
604736.567
28187.431
605347.016
28174.520
605953.338
28161.613
606555.586
28148.699
607153.808
28135.768
607748.055
28122.808
608338.376
28109.811
608924.818
28096.766
609507.427
28083.663
610086.252
28070.494
610661.335
28057.250
611232.723
28043.921
611800.457
28030.499
612364.583
28016.976
612925.140
28003.343
613482.172
27989.593
614035.717
27975.717
614585.817
27961.708
615132.511
27947.559
615675.836
27933.261
616215.831
27918.810
616752.532
27904.196
617285.977
27889.414
617816.201
27874.458
618343.240
27859.320
618867.127
27843.994
619387.898
27828.475
619905.585
27812.757
620420.222
27796.833
620931.840
27780.698
621440.471
27764.347
621946.147
27747.774
622448.899
27730.974
622948.756
27713.942
623445.748
27696.672
623939.905
27679.161
624431.255
27661.403
624919.825
27643.393
625405.645
27625.128
625888.741
27606.602
626369.140
27587.812
626846.869
27568.754
627321.953
27549.422
627794.417
27529.814
628264.288
27509.925
628731.589
27489.752
629196.346
27469.291
629658.581
27448.538
630118.319
27427.490
630575.582
27406.144
631030.393
27384.496
631482.776
27362.543
631932.750
27340.281
632380.340
27317.708
632825.565
27294.822
633268.447
27271.618
633709.007
27248.094
634147.264
27224.247
634583.239
27200.075
635016.952
27175.575
635448.422
27150.745
635877.669
27125.581
636304.710
27100.083
636729.565
27074.246
637152.251
27048.070
637572.788
27021.551
637991.192
26994.689
638407.481
26967.480
638821.672
26939.922
639233.781
26912.015
639643.827
26883.755
640051.825
26855.141
640457.791
26826.171
640861.741
26796.844
641263.691
26767.158
641663.656
26737.111
642061.651
26706.701
642457.692
26675.928
642851.794
26644.789
643243.970
26613.284
643634.235
26581.410
644022.603
26549.167
644409.089
26516.553
644793.705
26483.568
645176.466
26450.209
645557.385
26416.476
645936.475
26382.368
646313.748
26347.883
646689.218
26313.021
647062.898
26277.781
647434.799
26242.161
647804.933
26206.162
648173.314
26169.781
648539.952
26133.019
648904.860
26095.874
649268.049
26058.346
649629.531
26020.434
649989.316
25982.138
650347.416
25943.456
650703.841
25904.389
651058.603
25864.936
651411.712
25825.095
651763.178
25784.868
652113.012
25744.253
652461.225
25703.250
652807.825
25661.858
653152.824
25620.078
653496.230
25577.909
653838.054
25535.350
654178.304
25492.402
654516.992
25449.065
654854.124
25405.337
655189.712
25361.219
655523.763
25316.711
655856.287
25271.813
656187.292
25226.525
656516.787
25180.847
656844.781
25134.778
657171.283
25088.319
657496.299
25041.469
657819.839
24994.230
658141.911
24946.601
658462.523
24898.582
658781.682
24850.173
659099.397
24801.375
659415.675
24752.188
659730.524
24702.611
660043.951
24652.647
660355.963
24602.293
660666.569
24551.552
660975.775
24500.423
661283.588
24448.907
661590.015
24397.004
661895.063
24344.715
662198.740
24292.040
662501.052
24238.979
662802.005
24185.533
663101.606
24131.703
663399.863
24077.489
663696.780
24022.892
663992.365
23967.912
664286.623
23912.550
664579.562
23856.807
664871.187
23800.683
665161.504
23744.179
665450.519
23687.295
665738.238
23630.033
666024.667
23572.394
666309.812
23514.377
666593.678
23455.984
666876.272
23397.216
667157.598
23338.073
667437.662
23278.556
667716.469
23218.667
667994.026
23158.406
668270.336
23097.774
668545.406
23036.772
668819.241
22975.401
669091.846
22913.663
669363.225
22851.557
669633.384
22789.085
669902.328
22726.249
670170.062
22663.049
670436.590
22599.486
670701.917
22535.561
670966.049
22471.277
671228.989
22406.633
671490.742
22341.631
671751.314
22276.272
672010.708
22210.558
672268.929
22144.489
672525.981
22078.067
672781.869
22011.293
673036.596
21944.169
673290.169
21876.695
673542.589
21808.874
673793.863
21740.706
674043.993
21672.193
674292.985
21603.336
674540.841
21534.137
674787.567
21464.597
675033.166
21394.718
675277.642
21324.500
675520.998
21253.946
675763.240
21183.057
676004.370
21111.835
676244.392
21040.281
676483.311
20968.396
676721.129
20896.182
676957.851
20823.641
677193.480
20750.775
677428.020
20677.585
677661.474
20604.072
677893.846
20530.238
678125.139
20456.086
678355.357
20381.616
678584.504
20306.831
678812.582
20231.732
679039.595
20156.321
679265.547
20080.599
679490.440
20004.569
679714.279
19928.232
679937.065
19851.590
680158.803
19774.645
680379.496
19697.399
680599.147
19619.853
680817.759
19542.010
681035.335
19463.871
681251.878
19385.439
681467.392
19306.715
681681.879
19227.701
681895.343
19148.398
682108.046
19068.631
682320.509
18988.041
682532.748
18906.618
682744.760
18824.365
682956.544
18741.283
683168.098
18657.373
683379.422
18572.637
683590.513
18487.076
683801.371
18400.693
684011.994
18313.487
684222.381
18225.462
684432.529
18136.619
684642.438
18046.959
684852.106
17956.483
685061.531
17865.195
685270.712
17773.095
685479.648
17680.185
685688.336
17586.466
685896.775
17491.942
686104.963
17396.613
686312.898
17300.481
686520.579
17203.549
686728.004
17105.818
686935.172
17007.289
687142.079
16907.966
687348.726
16807.850
687555.108
16706.942
687761.226
16605.246
687967.076
16502.763
688172.657
16399.496
688377.967
16295.445
688583.004
16190.615
688787.765
16085.006
688992.249
15978.621
689196.453
15871.463
689400.376
15763.534
689604.015
15654.835
689807.368
15545.371
690010.433
15435.142
690213.207
15324.151
690415.689
15212.402
690617.875
15099.896
690819.795
14986.618
691011.895
14878.220
691185.384
14779.448
691343.410
14688.599
691488.387
14604.369
691622.211
14525.734
691746.392
14451.877
691862.155
14382.138
691970.506
14315.972
692072.283
14252.928
692168.186
14192.628
692258.813
14134.751
692344.671
14079.022
692426.200
14025.206
692503.779
13973.099
692577.740
13922.522
692648.376
13873.320
692715.942
13825.355
692780.666
13778.505
692842.752
13732.663
692902.380
13687.733
692959.715
13643.629
693014.902
13600.272
693068.074
13557.594
693119.352
13515.532
693168.846
13474.029
693216.654
13433.034
693262.869
13392.500
693307.574
13352.383
693350.846
13312.647
693392.757
13273.254
693433.371
13234.173
693472.749
13195.374
693510.947
13156.830
693548.019
13118.516
693584.011
13080.409
693618.969
13042.489
693652.937
13004.736
693685.952
12967.132
693718.053
12929.662
693749.273
12892.311
693779.646
12855.065
693809.203
12817.911
693837.972
12780.838
693865.980
12743.837
693893.254
12706.896
693919.818
12670.008
693945.694
12633.164
693970.906
12596.357
693995.474
12559.581
694019.418
12522.829
694042.757
12486.097
694065.508
12449.379
694087.689
12412.670
694109.317
12375.968
694130.408
12339.268
694150.975
12302.568
694171.035
12265.864
694190.600
12229.154
694209.684
12192.436
694228.300
12155.709
694246.460
12118.971
694264.176
12082.220
694281.460
12045.456
694298.323
12008.678
694314.775
11971.885
694330.826
11935.077
694346.487
11898.253
694361.767
11861.414
694376.677
11824.560
694391.223
11787.690
694405.417
11750.806
694419.265
11713.907
694432.777
11676.995
694445.960
11640.069
694458.823
11603.131
694471.372
11566.181
694483.616
11529.221
694495.562
11492.251
694507.216
11455.272
694518.585
11418.285
694529.677
11381.292
694540.497
11344.293
694551.052
11307.289
694561.348
11270.282
694571.391
11233.274
694581.188
11196.264
694590.743
11159.255
694600.063
11122.247
694609.152
11085.242
694618.017
11048.241
694626.662
11011.246
694635.093
10974.257
694643.315
10937.276
694651.332
10900.303
694659.150
10863.342
694666.772
10826.391
694674.204
10789.453
694681.450
10752.529
694688.514
10715.620
694695.401
10678.726
694702.114
10641.850
694708.659
10604.993
694715.038
10568.154
694721.256
10531.337
694727.316
10494.540
694733.223
10457.766
694738.980
10421.016
694744.590
10384.290
694750.057
10347.589
694755.385
10310.915
694760.576
10274.267
694765.635
10237.648
694770.563
10201.058
694775.365
10164.498
694780.043
10127.968
694784.601
10091.469
694789.041
10055.002
694793.366
10018.569
694797.579
9982.168
694801.682
9945.802
694805.679
9909.471
694809.571
9873.175
694813.363
9836.915
694817.055
9800.691
694820.650
9764.505
694824.151
9728.357
694827.561
9692.247
694830.880
9656.175
694834.113
9620.143
694837.259
9584.151
694840.323
9548.198
694843.306
9512.287
694846.210
9476.416
694849.036
9440.586
694851.788
9404.798
694854.466
9369.053
694857.073
9333.349
694859.610
9297.689
694862.079
9262.071
694864.482
9226.496
694866.821
9190.966
694869.097
9155.479
694871.311
9120.036
694873.466
9084.637
694875.563
9049.283
694877.603
9013.973
694879.588
8978.708
694881.519
8943.489
694883.398
8908.314
694885.225
8873.185
694887.003
8838.102
694888.733
8803.064
694890.415
8768.072
694892.051
8733.125
694893.642
8698.225
694895.190
8663.371
694896.695
8628.562
694898.159
8593.801
694899.583
8559.085
694900.967
8524.416
694902.313
8489.793
694903.622
8455.216
694904.895
8420.686
694906.132
8386.202
694907.335
8351.765
694908.505
8317.375
694909.642
8283.031
694910.747
8248.733
694911.821
8214.482
694912.866
8180.278
694913.881
8146.120
694914.868
8112.008
694915.827
8077.943
694916.759
8043.925
694917.665
8009.953
694918.545
7976.027
694919.400
7942.147
694920.232
7908.314
694921.040
7874.527
694921.825
7840.787
694922.587
7807.092
694923.328
7773.443
694924.048
7739.841
694924.748
7706.284
694925.427
7672.774
694926.087
7639.309
694926.728
7605.890
694927.351
7572.516
694927.956
7539.189
694928.544
7505.906
694929.115
7472.669
694929.669
7439.478
694930.207
7406.332
694930.730
7373.231
694931.238
7340.175
694931.731
7307.164
694932.210
7274.198
694932.675
7241.277
694933.126
7208.401
694933.565
7175.569
694933.990
7142.782
694934.403
7110.039
694934.804
7077.341
694935.194
7044.687
694935.572
7012.077
694935.939
6979.510
694936.295
6946.985
694936.641
6914.499
694936.976
6882.055
694937.302
6849.652
694937.618
6817.289
694937.925
6784.969
694938.223
6752.689
694938.512
6720.452
694938.793
6688.257
694939.065
6656.103
694939.329
6623.992
694939.586
6591.923
694939.834
6559.896
694940.076
6527.912
694940.310
6495.970
694940.537
6464.071
694940.757
6432.214
694940.971
6400.400
694941.178
6368.629
694941.379
6336.900
694941.575
6305.214
694941.764
6273.571
694941.947
6241.970
694942.125
6210.413
694942.298
6178.897
694942.465
6147.425
694942.627
6115.995
694942.785
6084.607
694942.937
6053.262
694943.085
6021.960
694943.229
5990.700
694943.368
5959.482
694943.503
5928.307
694943.633
5897.174
694943.760
5866.084
694943.883
5835.035
694944.002
5804.029
694944.117
5773.065
694944.229
5742.142
694944.338
5711.262
694944.443
5680.423
694944.544
5649.626
694944.643
5618.871
694944.739
5588.157
694944.831
5557.485
694944.921
5526.854
694945.008
5496.264
694945.092
5465.716
694945.174
5435.209
694945.253
5404.743
694945.330
5374.318
694945.404
5343.933
694945.476
5313.590
694945.545
5283.287
694945.613
5253.025
694945.678
5222.803
694945.742
5192.621
694945.803
5162.480
694945.862
5132.379
694945.920
5102.318
694945.975
5072.297
694946.029
5042.316
694946.081
5012.375
694946.132
4982.474
694946.181
4952.612
694946.228
4922.789
694946.274
4893.006
694946.319
4863.262
694946.361
4833.558
694946.403
4803.892
694946.443
4774.266
694946.482
4744.678
694946.520
4715.130
694946.557
4685.620
694946.592
4656.148
694946.626
4626.715
694946.659
4597.320
694946.691
4567.964
694946.722
4538.646
694946.752
4509.366
694946.781
4480.124
694946.809
4450.920
694946.837
4421.753
694946.863
4392.625
694946.888
4363.534
694946.913
4334.480
694946.937
4305.464
694946.960
4276.485
694946.982
4247.544
694947.003
4218.639
694947.024
4189.772
694947.044
4160.941
694947.064
4132.147
694947.083
4103.390
694947.101
4074.670
694947.119
4045.986
694947.136
4017.338
694947.152
3988.727
694947.168
3960.152
694947.184
3931.614
694947.198
3903.111
694947.213
3874.644
694947.227
3846.214
694947.240
3817.819
694947.253
3789.459
694947.266
3761.136
694947.278
3732.847
694947.290
3704.594
694947.301
3676.377
694947.312
3648.195
694947.323
3620.048
694947.333
3591.936
694947.343
3563.858
694947.352
3535.816
694947.362
3507.809
694947.370
3479.836
694947.379
3451.898
694947.387
3423.994
694947.396
3396.125
694947.403
3368.290
694947.411
3340.489
694947.418
3312.723
694947.425
3284.990
694947.432
3257.292
694947.438
3229.627
694947.445
3201.997
694947.451
3174.400
694947.457
3146.836
694947.462
3119.306
694947.468
3091.810
694947.473
3064.347
694947.478
3036.918
694947.483
3009.521
694947.488
2982.158
694947.493
2954.828
694947.497
2927.531
694947.502
2900.266
694947.506
2873.035
694947.510
2845.836
694947.514
2818.670
694947.517
2791.536
694947.521
2764.435
694947.524
2737.367
694947.528
2710.330
694947.531
2683.326
694947.534
2656.354
694947.537
2629.415
694947.540
2602.507
694947.543
2575.631
694947.546
2548.787
694947.548
2521.975
694947.551
2495.194
694947.553
2468.445
694947.556
2441.728
694947.558
2415.042
694947.560
2388.387
694947.562
2361.764
694947.564
2335.172
694947.566
2308.611
694947.568
2282.082
694947.570
2255.583
694947.572
2229.115
694947.573
2202.678
694947.575
2176.272
694947.577
2149.897
694947.578
2123.552
694947.580
2097.237
694947.581
2070.954
694947.582
2044.700
694947.584
2018.477
694947.585
1992.242
694947.586
1965.658
694947.587
1940.408
694947.588
1916.813
694947.589
1893.585
694947.590
1869.455
694947.591
1844.409
694947.592
1818.448
694947.593
1791.572
694947.594
1763.784
694947.595
1735.083
694947.596
1705.472
694947.597
1674.950
694947.598
1643.519
694947.599
1611.181
694947.600
1577.935
694947.601
1543.785
694947.602
1508.730
694947.603
1472.772
694947.604
1435.912
694947.605
1398.152
694947.606
1359.494
694947.607
1319.938
694947.608
1279.569
694947.609
1238.779
694947.610
1198.067
694947.610
1157.786
694947.611
1118.145
694947.612
1079.292
694947.613
1041.339
694947.614
1004.370
694947.614
968.439
694947.615
933.579
694947.616
899.804
694947.616
867.119
694947.617
835.517
694947.617
804.984
694947.618
775.503
694947.618
747.051
694947.619
719.604
694947.619
693.133
694947.619
667.612
694947.620
643.012
694947.620
619.303
694947.620
596.457
694947.621
574.444
694947.621
553.236
694947.621
532.805
694947.621
513.125
694947.622
494.168
694947.622
475.908
694947.622
458.322
694947.622
441.383
694947.622
425.069
694947.622
409.357
694947.622
394.225
694947.623
379.652
694947.623
365.617
694947.623
352.101
694947.623
339.084
694947.623
326.548
694947.623
314.476
694947.623
302.849
694947.623
291.653
694947.623
280.870
694947.623
270.486
694947.623
260.486
694947.623
250.855
694947.623
241.581
694947.623
232.649
694947.623
224.048
694947.623
215.765
694947.623
207.788
694947.623
200.105
694947.623
192.707
694947.623
185.583
694947.623
178.722
694947.623
172.114
694947.623
165.751
694947.623
159.624
694947.623
153.722
694947.623
148.039
694947.623
142.566
694947.623
137.296
694947.623
132.220
694947.623
127.332
694947.623
122.625
694947.623
118.092
694947.623
113.726
694947.623
109.522
694947.623
105.473
694947.623
101.574
694947.623
97.819
694947.623
94.203
694947.623
90.721
694947.623
87.367
694947.623
84.137
694947.623
81.027
694947.623
78.032
694947.623
75.148
694947.623
72.370
694947.623
69.695
694947.623
67.119
694947.623
64.638
694947.623
62.248
694947.623
59.948
694947.623
57.732
694947.623
55.598
694947.623
53.543
694947.623
51.564
694947.623
49.658
694947.623
47.823
694947.623
46.055
694947.623
44.353
694947.623
42.714
694947.623
41.135
694947.623
39.615
694947.623
38.151
694947.623
36.741
694947.623
35.384
694947.623
34.076
694947.623
32.817
694947.623
31.604
694947.623
30.436
694947.623
29.312
694947.623
28.229
694947.623
27.186
694947.623
26.181
694947.623
25.214
694947.623
24.282
694947.623
23.385
694947.623
22.521
694947.623
21.689
694947.623
20.888
694947.623
20.117
694947.623
19.373
694947.623
18.658
694947.623
17.969
694947.623
17.305
694947.623
16.666
694947.623
16.050
694947.623
15.458
694947.623
14.887
694947.623
14.337
694947.623
13.808
694947.623
13.298
694947.623
12.807
694947.623
12.334
694947.623
11.879
694947.623
11.440
694947.623
11.018
694947.623
10.612
694947.623
10.220
694947.623
 9.843
694947.623
 9.480
