5908.847
-1041.888
5908.847
-1043.616
5908.847
-1045.343
5908.847
-1047.072
5908.847
-1048.801
5908.847
-1050.530
5908.847
-1052.260
5908.847
-1053.991
5908.847
-1055.721
5908.847
-1057.453
5908.847
-1059.185
5908.847
-1060.918
5908.847
-1062.651
5908.847
-1064.384
5908.847
-1066.118
5908.847
-1067.853
5908.847
-1069.588
5908.847
-1071.324
5908.847
-1073.060
5908.847
-1074.797
5908.847
-1076.534
5908.847
-1078.272
5908.847
-1080.010
5908.847
-1081.749
5831.211
-1052.725
5813.245
-1047.376
5804.688
-1045.742
5798.818
-1045.168
5794.240
-1045.103
5790.417
-1045.336
5787.087
-1045.764
5784.103
-1046.328
5781.371
-1046.992
5778.830
-1047.731
5776.435
-1048.528
5774.157
-1049.370
5771.970
-1050.249
5769.856
-1051.158
5767.801
-1052.089
5765.792
-1053.039
5763.820
-1054.003
5761.875
-1054.978
5759.952
-1055.962
5758.043
-1056.951
5756.144
-1057.945
5754.249
-1058.940
5752.354
-1059.935
5750.455
-1060.929
5748.548
-1061.919
5746.630
-1062.905
5744.698
-1063.886
5742.748
-1064.859
5740.778
-1065.824
5738.785
-1066.780
5736.765
-1067.726
5734.718
-1068.660
5732.638
-1069.582
5730.525
-1070.490
5728.376
-1071.383
5726.187
-1072.261
5723.957
-1073.121
5721.682
-1073.965
5719.361
-1074.789
5716.990
-1075.593
5714.567
-1076.376
5712.088
-1077.136
5709.552
-1077.874
5706.956
-1078.586
5704.295
-1079.273
5701.568
-1079.933
5698.772
-1080.565
5695.902
-1081.167
5692.957
-1081.738
5689.932
-1082.277
5686.824
-1082.782
5683.630
-1083.252
5680.346
-1083.685
5676.967
-1084.080
5673.492
-1084.435
5669.914
-1084.748
5666.231
-1085.019
5662.437
-1085.244
5658.529
-1085.422
5654.502
-1085.552
5650.351
-1085.631
5646.071
-1085.658
5641.658
-1085.630
5637.106
-1085.544
5632.409
-1085.400
5627.563
-1085.195
5622.562
-1084.926
5617.399
-1084.591
5612.069
-1084.187
5606.566
-1083.713
5600.883
-1083.165
5595.013
-1082.540
5588.949
-1081.836
5582.686
-1081.050
5576.214
-1080.179
5569.528
-1079.220
5562.619
-1078.170
5555.480
-1077.026
5548.102
-1075.784
5540.477
-1074.441
5532.597
-1072.995
5524.454
-1071.440
5516.037
-1069.775
5507.340
-1067.995
5498.351
-1066.096
5489.062
-1064.075
5479.463
-1061.928
5469.545
-1059.652
5459.297
-1057.242
5448.710
-1054.694
5437.773
-1052.005
5426.476
-1049.171
5414.809
-1046.187
5402.761
-1043.050
5390.322
-1039.756
5377.480
-1036.300
5364.227
-1032.679
5350.550
-1028.890
5336.439
-1024.927
5321.884
-1020.787
5306.874
-1016.468
5291.399
-1011.964
5275.449
-1007.273
5259.014
-1002.391
5242.084
-997.314
5224.649
-992.041
5206.701
-986.568
5188.231
-980.892
5169.230
-975.012
5149.690
-968.924
5129.604
-962.627
5108.965
-956.119
5087.766
-949.399
5066.002
-942.466
5043.668
-935.319
5020.760
-927.958
4997.274
-920.383
4973.207
-912.595
4948.558
-904.594
4923.326
-896.382
4897.511
-887.961
4871.114
-879.332
4844.138
-870.500
4816.585
-861.466
4788.460
-852.234
4759.768
-842.809
4730.516
-833.196
4700.712
-823.399
4670.365
-813.425
4639.484
-803.278
4608.082
-792.967
4576.169
-782.497
4543.761
-771.877
4510.871
-761.114
4477.516
-750.217
4443.712
-739.194
4409.476
-728.055
4374.829
-716.808
4339.789
-705.463
4304.377
-694.030
4268.615
-682.519
4232.524
-670.941
4196.127
-659.305
4159.448
-647.623
4122.510
-635.905
4085.338
-624.161
4047.956
-612.403
4010.389
-600.640
3972.662
-588.884
3934.801
-577.144
3896.830
-565.430
3858.774
-553.754
3820.659
-542.124
3782.509
-530.550
3744.349
-519.041
3706.202
-507.607
3668.093
-496.256
3630.044
-484.996
3592.078
-473.835
3554.216
-462.781
3516.481
-451.841
3478.893
-441.021
3441.471
-430.329
3404.235
-419.769
3367.204
-409.348
3330.393
-399.070
3293.821
-388.940
3257.503
-378.962
3221.453
-369.141
3185.686
-359.479
3150.216
-349.980
3115.054
-340.646
3080.211
-331.479
3045.699
-322.482
3011.527
-313.657
2977.703
-305.003
2944.237
-296.522
2911.136
-288.215
2878.405
-280.082
2846.051
-272.124
2814.078
-264.339
2782.492
-256.727
2751.296
-249.288
2720.492
-242.020
2690.084
-234.923
2660.074
-227.996
2630.462
-221.236
2601.249
-214.642
2572.436
-208.212
2544.023
-201.945
2516.009
-195.839
2488.392
-189.890
2461.172
-184.098
2434.347
-178.459
2407.915
-172.971
2381.873
-167.633
2356.218
-162.440
2330.948
-157.392
2306.059
-152.485
2281.548
-147.716
2257.411
-143.084
2233.645
-138.585
2210.244
-134.216
2187.206
-129.976
2164.526
-125.861
2142.200
-121.869
2120.222
-117.997
2098.589
-114.242
2077.295
-110.602
2056.336
-107.075
2035.707
-103.658
2015.404
-100.348
1995.421
-97.142
1975.754
-94.039
1956.397
-91.036
1937.346
-88.131
1918.596
-85.320
1900.141
-82.603
1881.978
-79.976
1864.100
-77.438
1846.504
-74.986
1829.184
-72.618
1812.136
-70.332
1795.355
-68.126
1778.837
-65.998
1762.575
-63.945
1746.567
-61.967
1730.807
-60.061
1715.291
-58.226
1700.015
-56.459
1684.973
-54.759
1670.163
-53.123
1655.579
-51.552
1641.217
-50.042
1627.073
-48.592
1613.143
-47.201
1599.424
-45.866
1585.910
-44.588
1572.599
-43.364
1559.486
-42.192
1546.568
-41.072
1533.841
-40.002
1521.301
-38.981
1508.945
-38.007
1496.769
-37.080
1484.770
-36.198
1472.945
-35.359
1461.289
-34.564
1449.801
-33.810
1438.476
-33.097
1427.312
-32.423
1416.306
-31.788
1405.454
-31.191
1394.754
-30.630
1384.203
-30.105
1373.797
-29.614
1363.535
-29.157
1353.413
-28.734
1343.429
-28.342
1333.580
-27.982
1323.864
-27.652
1314.278
-27.352
1304.820
-27.081
1295.487
-26.839
1286.277
-26.624
1277.187
-26.435
1268.216
-26.273
1259.361
-26.136
1250.620
-26.025
1241.991
-25.937
1233.472
-25.873
1225.060
-25.832
1216.755
-25.814
1208.553
-25.817
1200.453
-25.842
1192.453
-25.888
1184.552
-25.954
1176.747
-26.039
1169.036
-26.144
1161.419
-26.268
1153.893
-26.410
1146.456
-26.570
1139.108
-26.748
1131.846
-26.942
1124.669
-27.153
1117.575
-27.381
1110.564
-27.624
1103.632
-27.882
1096.780
-28.156
1090.006
-28.444
1083.308
-28.747
1076.684
-29.063
1070.135
-29.393
1063.657
-29.736
1057.251
-30.092
1050.915
-30.461
1044.647
-30.842
1038.447
-31.236
1032.313
-31.641
1026.244
-32.057
1020.239
-32.484
1014.297
-32.923
1008.418
-33.371
1002.599
-33.831
996.840
-34.300
991.139
-34.779
985.497
-35.268
979.911
-35.766
974.381
-36.273
968.907
-36.789
963.486
-37.314
958.119
-37.847
952.804
-38.389
947.540
-38.938
942.327
-39.496
937.164
-40.061
932.050
-40.633
926.984
-41.213
921.965
-41.800
916.993
-42.393
912.067
-42.993
907.186
-43.600
902.350
-44.214
897.557
-44.833
892.808
-45.459
888.100
-46.090
883.435
-46.727
878.810
-47.370
874.226
-48.018
869.682
-48.671
865.177
-49.330
860.710
-49.993
856.281
-50.661
851.890
-51.334
847.535
-52.012
843.217
-52.694
838.935
-53.380
834.687
-54.071
830.474
-54.766
826.295
-55.464
822.150
-56.167
818.038
-56.873
813.958
-57.583
809.911
-58.296
805.895
-59.013
801.910
-59.733
797.956
-60.456
794.032
-61.182
790.137
-61.912
786.273
-62.644
782.436
-63.379
778.629
-64.116
774.849
-64.856
771.098
-65.599
767.373
-66.344
763.675
-67.091
760.004
-67.841
756.359
-68.593
752.739
-69.346
749.145
-70.102
745.576
-70.859
742.032
-71.619
738.511
-72.380
735.015
-73.143
731.542
-73.907
728.093
-74.672
724.667
-75.440
721.263
-76.208
717.881
-76.978
714.522
-77.749
711.184
-78.521
707.867
-79.294
704.572
-80.068
701.297
-80.842
698.043
-81.618
694.809
-82.394
691.596
-83.172
688.402
-83.949
685.227
-84.728
682.071
-85.507
678.935
-86.286
675.817
-87.065
672.717
-87.845
669.636
-88.625
666.572
-89.406
663.526
-90.186
660.498
-90.967
657.487
-91.747
654.492
-92.528
651.515
-93.308
648.554
-94.089
645.610
-94.869
642.681
-95.648
639.768
-96.428
636.872
-97.207
633.990
-97.985
631.124
-98.764
628.273
-99.541
625.437
-100.318
622.616
-101.095
619.809
-101.870
617.016
-102.645
614.238
-103.419
611.474
-104.192
608.723
-104.965
605.986
-105.736
603.263
-106.507
600.552
-107.276
597.855
-108.044
595.171
-108.811
592.500
-109.577
589.841
-110.342
587.195
-111.106
584.561
-111.868
581.940
-112.628
579.330
-113.388
576.732
-114.146
574.146
-114.902
571.572
-115.657
569.009
-116.410
566.458
-117.162
563.917
-117.911
561.388
-118.660
558.870
-119.406
556.362
-120.151
553.865
-120.893
551.379
-121.634
548.903
-122.373
546.438
-123.110
543.982
-123.845
541.537
-124.578
539.101
-125.308
536.676
-126.037
534.260
-126.763
531.854
-127.488
529.457
-128.209
527.070
-128.929
524.692
-129.646
522.323
-130.361
519.964
-131.074
517.613
-131.784
515.271
-132.491
512.939
-133.196
510.614
-133.898
508.299
-134.598
505.992
-135.295
503.693
-135.990
501.403
-136.681
499.121
-137.370
496.847
-138.056
494.581
-138.740
492.323
-139.420
490.073
-140.097
487.831
-140.772
485.597
-141.443
483.370
-142.112
481.151
-142.777
478.940
-143.440
476.736
-144.099
474.539
-144.755
472.350
-145.408
470.168
-146.057
467.993
-146.704
465.825
-147.347
463.664
-147.986
461.510
-148.623
459.364
-149.256
457.224
-149.885
455.090
-150.511
452.964
-151.133
450.844
-151.752
448.731
-152.368
446.624
-152.979
444.524
-153.587
442.430
-154.192
440.343
-154.792
438.262
-155.389
436.187
-155.983
434.118
-156.572
432.056
-157.157
430.000
-157.739
427.950
-158.317
425.906
-158.891
425.152
-160.348
424.703
-162.014
424.251
-163.676
423.796
-165.336
423.339
-166.993
422.879
-168.646
422.416
-170.297
421.950
-171.945
421.481
-173.589
421.010
-175.231
420.535
-176.869
420.058
-178.504
419.577
-180.136
419.094
-181.764
418.607
-183.389
418.117
-185.011
417.624
-186.629
417.127
-188.243
416.627
-189.854
416.124
-191.461
415.617
-193.065
415.107
-194.664
414.593
-196.260
414.076
-197.852
413.554
-199.440
413.030
-201.024
412.501
-202.604
411.968
-204.180
411.432
-205.751
410.891
-207.319
410.347
-208.882
409.799
-210.440
409.246
-211.994
408.689
-213.544
408.128
-215.088
407.563
-216.629
406.993
-218.164
406.419
-219.694
405.840
-221.220
405.257
-222.741
404.669
-224.256
404.076
-225.767
405.297
-227.981
