 0.352
 0.352
 0.352
 0.352
 0.353
 0.353
 0.353
 0.353
 0.353
 0.353
 0.353
 0.353
 0.353
 0.353
 0.354
 0.354
 0.354
 0.354
 0.354
 0.354
 0.354
 0.354
 0.354
 0.355
 4.477
 1.090
 0.656
 0.504
 0.434
 0.397
 0.376
 0.363
 0.355
 0.349
 0.345
 0.343
 0.341
 0.339
 0.338
 0.337
 0.337
 0.337
 0.336
 0.336
 0.336
 0.336
 0.336
 0.336
 0.337
 0.337
 0.337
 0.338
 0.338
 0.339
 0.339
 0.340
 0.341
 0.342
 0.343
 0.344
 0.345
 0.346
 0.348
 0.349
 0.351
 0.353
 0.356
 0.358
 0.361
 0.364
 0.367
 0.370
 0.374
 0.378
 0.383
 0.388
 0.393
 0.399
 0.405
 0.412
 0.419
 0.427
 0.435
 0.444
 0.453
 0.464
 0.475
 0.486
 0.499
 0.512
 0.526
 0.541
 0.557
 0.574
 0.592
 0.610
 0.630
 0.651
 0.673
 0.696
 0.720
 0.746
 0.773
 0.801
 0.831
 0.861
 0.894
 0.928
 0.963
 1.000
 1.038
 1.078
 1.120
 1.164
 1.209
 1.256
 1.306
 1.357
 1.410
 1.465
 1.522
 1.581
 1.642
 1.706
 1.771
 1.839
 1.909
 1.982
 2.057
 2.134
 2.213
 2.295
 2.379
 2.465
 2.554
 2.644
 2.738
 2.833
 2.930
 3.030
 3.132
 3.235
 3.340
 3.447
 3.556
 3.666
 3.778
 3.890
 4.004
 4.119
 4.234
 4.349
 4.465
 4.581
 4.696
 4.811
 4.925
 5.038
 5.150
 5.260
 5.369
 5.475
 5.579
 5.680
 5.778
 5.873
 5.964
 6.052
 6.135
 6.214
 6.289
 6.359
 6.424
 6.485
 6.539
 6.589
 6.633
 6.672
 6.705
 6.732
 6.753
 6.769
 6.780
 6.784
 6.783
 6.777
 6.765
 6.748
 6.726
 6.699
 6.668
 6.631
 6.591
 6.546
 6.497
 6.444
 6.388
 6.328
 6.265
 6.200
 6.131
 6.060
 5.987
 5.912
 5.835
 5.757
 5.677
 5.595
 5.513
 5.430
 5.346
 5.262
 5.177
 5.092
 5.007
 4.923
 4.838
 4.753
 4.669
 4.585
 4.502
 4.420
 4.338
 4.257
 4.177
 4.098
 4.020
 3.943
 3.867
 3.792
 3.718
 3.645
 3.574
 3.503
 3.434
 3.366
 3.299
 3.234
 3.169
 3.106
 3.044
 2.984
 2.924
 2.866
 2.809
 2.753
 2.698
 2.645
 2.592
 2.541
 2.491
 2.442
 2.394
 2.347
 2.301
 2.256
 2.212
 2.169
 2.127
 2.086
 2.046
 2.007
 1.969
 1.931
 1.895
 1.859
 1.824
 1.790
 1.757
 1.724
 1.693
 1.662
 1.631
 1.602
 1.573
 1.544
 1.517
 1.490
 1.463
 1.437
 1.412
 1.387
 1.363
 1.340
 1.317
 1.294
 1.272
 1.251
 1.230
 1.209
 1.189
 1.169
 1.150
 1.131
 1.113
 1.095
 1.077
 1.060
16.361
11.921
 9.062
 7.115
 5.730
 4.710
 3.939
 3.341
 2.869
 2.489
 2.180
 1.925
 1.712
 1.532
 1.379
 1.249
 1.136
 1.038
 0.952
 0.877
 0.811
 0.752
 0.700
 0.654
 0.612
 0.575
 0.541
 0.510
 0.482
 0.457
 0.434
 0.413
 0.394
 0.376
 0.360
 0.345
 0.330
 0.317
 0.305
 0.294
 0.283
 0.273
 0.264
 0.255
 0.247
 0.239
 0.231
 0.224
 0.217
 0.211
 0.205
 0.199
 0.193
 0.187
 0.182
 0.177
 0.172
 0.167
 0.162
 0.158
 0.153
 0.149
 0.145
 0.141
 0.137
 0.133
 0.130
 0.126
 0.123
 0.119
 0.116
 0.113
 0.110
 0.107
 0.104
 0.101
 0.098
 0.095
 0.092
 0.090
 0.087
 0.085
 0.083
 0.080
 0.078
 0.076
 0.074
 0.072
 0.070
 0.068
 0.066
 0.064
 0.062
 0.061
 0.059
 0.057
 0.056
 0.054
 0.053
 0.051
 0.050
 0.049
 0.047
 0.046
 0.045
 0.044
 0.042
 0.041
 0.040
 0.039
 0.038
 0.037
 0.036
 0.036
 0.035
 0.034
 0.033
 0.032
 0.032
 0.031
 0.030
 0.029
 0.029
 0.028
 0.028
 0.027
 0.027
 0.026
 0.025
 0.025
 0.025
 0.024
 0.024
 0.023
 0.023
 0.023
 0.022
 0.022
 0.021
 0.021
 0.021
 0.021
 0.020
 0.020
 0.020
 0.020
 0.019
 0.019
 0.019
 0.019
 0.018
 0.018
 0.018
 0.018
 0.018
 0.018
 0.017
 0.017
 0.017
 0.017
 0.017
 0.017
 0.017
 0.016
 0.016
 0.016
 0.016
 0.016
 0.016
 0.016
 0.016
 0.016
 0.016
 0.016
 0.015
 0.015
 0.015
 0.015
 0.015
 0.015
 0.015
 0.015
 0.015
 0.015
 0.015
 0.015
 0.015
 0.015
 0.015
 0.015
 0.014
 0.014
 0.014
 0.014
 0.014
 0.014
 0.014
 0.014
 0.014
 0.014
 0.014
 0.014
 0.014
 0.014
 0.014
 0.014
 0.014
 0.014
 0.014
 0.014
 0.014
 0.014
 0.014
 0.014
 0.013
 0.013
 0.013
 0.013
 0.013
 0.013
 0.013
 0.013
 0.013
 0.013
 0.013
 0.013
 0.013
 0.013
 0.013
 0.013
 0.013
 0.013
 0.013
 0.013
 0.013
 0.013
 0.013
 0.013
 0.013
 0.013
 0.013
 0.013
 0.013
 0.013
 0.012
 0.012
 0.012
 0.012
 0.012
 0.012
 0.373
 0.680
 0.680
 0.295
 0.374
 0.373
 0.373
 0.373
 0.372
 0.372
 0.371
 0.371
 0.371
 0.370
 0.370
 0.369
 0.369
 0.368
 0.368
 0.367
 0.366
 0.366
 0.340
 0.155
 0.059
 0.192
 0.270
 0.327
 0.372
 0.405
 0.426
 0.438
 0.443
 0.444
 0.441
 0.436
 0.428
 0.419
 0.408
 0.397
 0.386
 0.374
 0.362
 0.350
 0.339
 0.327
 0.316
 0.305
 0.294
 0.283
 0.273
 0.263
 0.254
 0.244
 0.235
 0.227
 0.218
 0.210
 0.203
 0.195
 0.188
 0.181
 0.174
 0.168
 0.162
 0.156
 0.150
 0.145
 0.139
 0.134
 0.129
 0.124
 0.120
 0.115
 0.111
 0.107
 0.103
 0.099
 0.095
 0.092
 0.089
 0.085
 0.082
 0.079
 0.076
 0.073
 0.071
 0.068
 0.066
 0.063
 0.061
 0.059
 0.056
 0.054
 0.052
 0.050
 0.048
 0.047
 0.045
 0.043
 0.042
 0.040
 0.039
 0.037
 0.036
 0.035
 0.033
 0.032
 0.031
 0.030
 0.029
 0.028
 0.027
 0.026
 0.025
 0.024
 0.023
 0.022
 0.021
 0.020
 0.020
 0.019
 0.018
 0.018
 0.017
 0.016
 0.016
 0.015
 0.015
 0.014
 0.013
 0.013
 0.012
 0.012
 0.012
 0.011
 0.011
 0.010
 0.010
 0.010
 0.009
 0.009
 0.009
 0.008
 0.008
 0.008
 0.007
 0.007
 0.007
 0.007
 0.006
 0.006
 0.006
 0.006
 0.005
 0.005
 0.005
 0.005
 0.005
 0.005
 0.004
 0.004
 0.004
 0.004
 0.004
 0.004
 0.003
 0.003
 0.003
 0.003
 0.003
 0.003
 0.003
 0.003
 0.003
 0.002
 0.002
 0.002
 0.002
 0.002
 0.002
 0.002
 0.002
 0.002
 0.002
 0.002
 0.002
 0.002
 0.002
 0.001
 0.001
 0.001
 0.001
 0.001
 0.001
 0.001
 0.001
 0.001
 0.001
 0.001
 0.001
 0.001
 0.001
 0.001
 0.001
 0.001
 0.001
 0.001
 0.001
 0.001
 0.001
 0.001
 0.001
 0.001
 0.001
 0.001
 0.001
 0.001
 0.000
 0.000
 0.000
 0.000
 0.000
 0.000
 0.000
 0.000
 0.000
 0.254
 0.030
 0.117
 0.114
 0.262
 0.282
 0.292
 0.304
 0.315
