4000.000
4000.447
4000.896
4001.345
4001.795
4002.245
4002.697
4003.149
4003.603
4004.057
4004.512
4004.967
4005.424
4005.881
4006.339
4006.799
4007.258
4007.719
4008.181
4008.643
4009.106
4009.571
4010.036
4010.501
3975.273
3965.386
3961.521
3959.102
3957.347
3955.973
3954.845
3953.886
3953.051
3952.310
3951.640
3951.027
3950.458
3949.924
3949.419
3948.936
3948.471
3948.019
3947.578
3947.143
3946.713
3946.285
3945.856
3945.425
3944.991
3944.550
3944.103
3943.646
3943.179
3942.700
3942.209
3941.702
3941.180
3940.640
3940.082
3939.503
3938.904
3938.281
3937.634
3936.962
3936.263
3935.535
3934.777
3933.987
3933.165
3932.307
3931.412
3930.479
3929.506
3928.490
3927.431
3926.325
3925.171
3923.966
3922.709
3921.396
3920.027
3918.597
3917.104
3915.546
3913.919
3912.222
3910.450
3908.600
3906.670
3904.656
3902.554
3900.360
3898.071
3895.683
3893.191
3890.592
3887.880
3885.051
3882.100
3879.022
3875.813
3872.466
3868.976
3865.338
3861.544
3857.590
3853.469
3849.173
3844.697
3840.033
3835.173
3830.111
3824.839
3819.348
3813.630
3807.677
3801.480
3795.031
3788.319
3781.336
3774.072
3766.517
3758.662
3750.496
3742.008
3733.188
3724.026
3714.510
3704.630
3694.374
3683.732
3672.692
3661.244
3649.376
3637.076
3624.335
3611.141
3597.483
3583.351
3568.736
3553.626
3538.013
3521.888
3505.241
3488.066
3470.353
3452.098
3433.294
3413.935
3394.017
3373.537
3352.493
3330.882
3308.704
3285.961
3262.654
3238.786
3214.362
3189.387
3163.870
3137.817
3111.240
3084.149
3056.557
3028.477
2999.926
2970.920
2941.476
2911.614
2881.354
2850.718
2819.728
2788.407
2756.780
2724.873
2692.709
2660.317
2627.723
2594.955
2562.039
2529.003
2495.876
2462.685
2429.457
2396.220
2363.001
2329.826
2296.720
2263.710
2230.820
2198.072
2165.492
2133.099
2100.917
2068.963
2037.259
2005.820
1974.666
1943.810
1913.269
1883.056
1853.183
1823.662
1794.503
1765.716
1737.309
1709.290
1681.664
1654.439
1627.617
1601.204
1575.202
1549.613
1524.439
1499.681
1475.338
1451.411
1427.897
1404.797
1382.107
1359.825
1337.949
1316.474
1295.397
1274.714
1254.421
1234.513
1214.986
1195.834
1177.053
1158.636
1140.578
1122.875
1105.519
1088.506
1071.829
1055.483
1039.462
1023.759
1008.370
993.287
978.505
964.019
949.821
935.908
922.272
908.908
895.810
882.974
870.393
858.062
845.975
834.128
822.516
811.132
799.973
789.033
778.307
767.791
757.481
747.370
737.456
727.734
718.200
708.848
699.676
690.679
681.854
673.196
664.702
656.368
648.191
640.167
632.293
624.565
616.981
609.536
602.229
595.055
588.012
581.098
