 0.000
125000.000
1931.852
124481.931
3863.704
123962.997
5795.555
123443.200
7727.407
122922.538
9659.259
122401.012
11591.111
121878.621
13522.962
121355.365
15454.814
120831.243
17386.666
120306.256
19318.518
119780.403
21250.369
119253.684
23182.221
118726.099
25114.073
118197.647
27045.925
117668.328
28977.777
117138.141
30909.628
116607.088
32841.480
116075.167
34773.332
115542.377
36705.184
115008.720
38637.035
114474.194
40568.887
113938.799
42500.739
113402.536
44432.591
112865.403
46360.141
112329.074
48272.316
111797.854
50181.502
111266.925
52089.049
110735.764
53995.416
110204.192
55900.840
109672.117
57805.461
109139.484
59709.377
108606.255
61612.654
108072.405
63515.343
107537.913
65417.482
107002.764
67319.100
106466.948
69220.221
105930.454
71120.862
105393.276
73021.038
104855.408
74920.762
104316.845
76820.040
103777.584
78718.882
103237.622
80617.291
102696.956
82515.272
102155.586
84412.826
101613.510
86309.956
101070.728
88206.660
100527.239
90102.939
99983.044
91998.790
99438.144
93894.211
98892.539
95789.198
98346.231
97683.747
97799.221
99577.854
97251.512
101471.514
96703.104
103364.719
96154.002
105257.463
95604.206
107149.739
95053.721
109041.538
94502.550
110932.853
93950.695
112823.673
93398.161
114713.989
92844.952
116603.790
92291.072
118493.064
91736.524
120381.801
91181.315
122269.988
90625.450
124157.610
90068.932
126044.655
89511.769
127931.107
88953.967
129816.952
88395.530
131702.172
87836.467
133586.752
87276.784
135470.673
86716.488
137353.916
86155.587
139236.463
85594.089
141118.293
85032.002
142999.385
84469.335
144879.716
83906.097
146759.264
83342.299
148638.003
82777.949
150515.910
82213.059
152392.957
81647.639
154269.116
81081.702
156144.360
80515.258
158018.658
79948.321
159891.979
79380.903
161764.290
78813.019
163635.558
78244.683
165505.747
77675.909
167374.820
77106.713
169242.738
76537.111
171109.462
75967.121
172974.950
75396.760
174839.158
74826.046
176702.042
74254.999
178563.553
73683.639
180423.643
73111.986
182282.261
72540.063
184139.353
71967.892
185994.865
71395.497
187848.738
70822.902
189700.912
70250.133
191551.326
69677.218
193399.913
69104.183
195246.607
68531.058
197091.337
67957.874
198934.030
67384.661
200774.610
66811.452
202612.999
66238.282
204449.114
65665.185
206282.869
65092.199
208114.177
64519.362
209942.946
63946.713
211769.079
63374.295
213592.478
62802.149
215413.040
62230.321
217230.659
61658.857
219045.223
61087.805
220856.618
60517.214
222664.726
59947.136
224469.423
59377.625
226270.582
58808.736
228068.070
58240.527
229861.752
57673.057
231651.487
57106.387
233437.128
56540.581
235218.526
55975.704
236995.523
55411.825
238767.961
54849.012
240535.674
54287.339
242298.491
53726.880
244056.236
53167.710
245808.729
52609.910
247555.784
52053.559
249297.210
51498.741
251032.810
50945.541
252762.385
50394.047
254485.727
49844.349
256202.625
49296.538
257912.863
48750.709
259616.221
48206.956
261312.473
47665.379
263001.389
47126.076
264682.735
46589.150
266356.272
46054.702
268021.758
45522.839
269678.948
44993.665
271327.592
44467.289
272967.439
43943.818
274598.233
43423.362
276219.717
42906.031
277831.633
42391.937
279433.720
41881.189
281025.717
41373.900
282607.362
40870.180
284178.393
40370.140
285738.549
39873.891
287287.569
39381.543
288825.195
38893.203
290351.170
38408.979
291865.241
37928.976
293367.157
37453.298
294856.674
36982.046
296333.548
36515.319
297797.545
36053.212
299248.435
35595.820
300685.993
35143.231
302110.005
34695.532
303520.261
34252.806
304916.561
33815.130
306298.716
33382.578
307666.542
32955.219
309019.869
32533.119
310358.536
32116.337
311682.392
31704.927
312991.299
31298.939
314285.129
30898.416
315563.767
30503.398
316827.110
30113.917
318075.067
29729.999
319307.561
29351.668
320524.526
28978.938
321725.909
28611.820
322911.670
28250.319
324081.783
27894.434
325236.233
27544.158
326375.018
27199.480
327498.148
26860.382
328605.645
26526.843
329697.545
26198.834
330773.894
25876.325
331834.747
25559.279
332880.174
25247.655
333910.253
24941.407
334925.072
24640.486
335924.730
24344.840
336909.334
24054.411
337879.000
23769.140
338833.853
23488.964
339774.025
23213.817
340699.654
22943.630
341610.888
22678.333
342507.877
22417.853
343390.781
22162.115
344259.763
21911.041
345114.990
21664.554
345956.635
21422.575
346784.875
21185.023
347599.889
20951.816
348401.859
20722.873
349190.971
20498.110
349967.411
20277.445
350731.370
20060.795
351483.036
19848.076
352222.603
19639.205
352950.261
19434.099
353666.204
19232.676
354370.624
19034.853
355063.712
18840.548
355745.662
18649.682
356416.664
18462.174
357076.909
18277.944
357726.586
18096.915
358365.882
17919.008
358994.983
17744.147
359614.075
17572.258
360223.340
17403.265
360822.959
17237.096
361413.111
17073.680
361993.971
16912.945
362565.715
16754.822
363128.514
16599.243
363682.538
16446.142
364227.953
16295.453
364764.924
16147.113
365293.612
16001.057
365814.178
15857.226
366326.776
15715.558
366831.561
15575.995
367328.684
15438.479
367818.292
15302.955
368300.533
15169.367
368775.548
15037.662
369243.478
14907.787
369704.459
14779.691
370158.627
14653.324
370606.114
14528.638
371047.049
14405.584
371481.559
14284.118
371909.768
14164.192
372331.798
14045.765
372747.767
13928.791
373157.793
13813.230
373561.989
13699.042
373960.467
13586.185
374353.336
13474.621
374740.704
13364.313
375122.674
13255.225
375499.349
13147.319
375870.829
13040.561
376237.212
12934.918
376598.593
12830.356
376955.067
12726.843
377306.724
12624.348
377653.655
12522.841
377995.946
12422.291
378333.684
12322.669
378666.952
12223.949
378995.831
12126.101
379320.401
12029.100
379640.742
11932.920
379956.929
11837.535
380269.036
11742.921
380577.138
11649.053
380881.305
11555.910
381181.607
11463.467
381478.112
11371.703
381770.888
11280.596
382059.998
11190.126
382345.508
11100.272
382627.480
11011.014
382905.974
10922.334
383181.050
10834.212
383452.766
10746.630
383721.180
10659.570
383986.347
10573.015
384248.322
10486.949
384507.158
10401.354
384762.907
10316.216
385015.621
10231.518
385265.349
10147.245
385512.139
10063.382
385756.041
9979.916
385997.100
9896.833
386235.363
9814.118
386470.873
9731.759
386703.676
9649.743
386933.813
9568.057
387161.326
9486.689
387385.925
9405.775
387586.866
9332.746
387759.765
9269.047
387911.371
9212.325
388046.260
9160.985
388167.677
9113.894
388278.007
9070.222
388379.052
9029.340
388472.206
8990.763
388558.573
8954.107
388639.036
8919.064
388714.318
8885.383
388785.015
8852.858
388851.624
8821.318
388914.564
8790.616
388974.194
8760.629
389030.819
8731.253
389084.704
8702.398
389136.080
8673.983
389185.148
8645.943
389232.086
8618.216
389277.051
8590.750
389320.181
8563.500
389361.602
8536.424
389401.425
8509.488
389439.750
8482.658
389476.667
8455.907
389512.259
8429.210
389546.599
8402.543
389579.756
8375.888
389611.792
8349.226
389642.762
8322.542
389672.720
8295.821
389701.714
8269.053
389729.786
8242.225
389756.980
8215.328
389783.331
8188.355
389808.877
8161.297
389833.648
8134.148
389857.678
8106.903
389880.992
8079.558
389903.620
8052.109
389925.586
8024.553
389946.913
7996.887
389967.624
7969.110
389987.740
7941.220
390007.282
7913.216
390026.267
7885.098
390044.714
7856.867
390062.640
7828.522
390080.061
7800.064
390096.993
7771.495
390113.450
7742.815
390129.447
7714.027
390144.997
7685.132
390160.113
7656.131
390174.808
7627.029
390189.093
7597.825
390202.981
7568.524
390216.482
7539.128
390229.606
7509.638
390242.366
7480.060
390254.769
7450.394
390266.827
7420.644
390278.548
7390.813
390289.942
7360.904
390301.017
7330.921
390311.782
7300.865
390322.245
7270.740
390332.415
7240.550
390342.299
7210.297
390351.905
7179.984
390361.239
7149.615
390370.311
7119.192
390379.125
7088.718
390387.690
7058.196
390396.012
7027.629
390404.097
6997.020
390411.953
6966.370
390419.585
6935.680
390426.999
6904.953
390434.202
6874.192
390441.199
6843.399
390447.996
6812.579
390454.597
6781.732
390461.008
6750.863
390467.234
6719.972
390473.280
6689.064
390479.151
6658.140
390484.851
6627.203
390490.386
6596.254
390495.759
6565.296
390500.975
6534.332
390506.039
6503.362
390510.954
6472.389
390515.725
6441.415
390520.355
6410.442
390524.849
6379.472
390529.210
6348.505
390533.442
6317.545
390537.548
6286.591
390541.533
6255.647
390545.399
6224.712
390549.149
6193.789
390552.787
6162.879
390556.317
6131.984
390559.740
6101.103
390563.061
6070.239
390566.282
6039.393
390569.406
6008.566
390572.435
5977.758
390575.373
5946.971
390578.222
5916.206
390580.985
5885.463
390583.663
5854.743
390586.260
5824.048
390588.778
5793.378
390591.219
5762.733
390593.585
5732.114
390595.879
5701.523
390598.102
5670.959
390600.257
5640.423
390602.346
5609.916
390604.371
5579.438
390606.333
5548.990
390608.234
5518.573
390610.076
5488.186
390611.862
5457.830
390613.591
5427.506
390615.268
5397.213
390616.891
5366.953
390618.465
5336.726
390619.989
5306.531
390621.465
5276.370
390622.896
5246.242
390624.281
5216.148
390625.623
5186.087
390626.923
5156.061
390628.182
5126.070
390629.401
5096.113
390630.581
5066.190
390631.725
5036.303
390632.832
5006.451
390633.904
4976.634
390634.942
4946.852
390635.947
4917.106
390636.920
4887.395
390637.862
4857.720
390638.775
4828.081
390639.657
4798.478
390640.512
4768.910
390641.339
4739.379
390642.140
4709.883
390642.915
4680.424
390643.666
4651.001
390644.392
4621.614
390645.094
4592.263
390645.774
4562.948
390646.432
4533.669
390647.069
4504.427
390647.685
4475.221
390648.281
4446.051
390648.858
4416.917
390649.416
4387.819
390649.956
4358.758
390650.478
4329.733
390650.983
4300.743
390651.472
4271.790
390651.945
4242.873
390652.402
4213.992
390652.844
4185.147
390653.272
4156.338
390653.686
4127.565
390654.086
4098.827
390654.473
4070.126
390654.847
4041.460
390655.209
4012.830
390655.559
3984.235
390655.897
3955.677
390656.224
3927.153
390656.540
3898.665
390656.846
3870.213
390657.142
3841.796
390657.427
3813.414
390657.704
3785.067
390657.971
3756.756
390658.229
3728.479
390658.478
3700.238
390658.719
3672.032
390658.952
3643.860
390659.177
3615.723
390659.395
3587.621
390659.605
3559.554
390659.808
3531.521
390660.005
3503.523
390660.195
3475.559
390660.378
3447.630
390660.555
3419.735
390660.726
3391.874
390660.891
3364.047
390661.051
3336.254
390661.205
3308.495
390661.354
3280.771
390661.498
3253.079
390661.637
3225.422
390661.772
3197.799
390661.901
3170.209
390662.027
3142.652
390662.148
3115.129
390662.264
3087.639
390662.377
3060.183
390662.486
3032.760
390662.591
3005.370
390662.693
2978.013
390662.791
2950.689
390662.886
2923.397
390662.977
2896.139
390663.065
2868.914
390663.151
2841.721
390663.233
2814.560
390663.312
2787.432
390663.389
2760.337
390663.463
2733.274
390663.534
2706.243
390663.603
2679.244
390663.669
2652.278
390663.734
2625.344
390663.795
2598.441
390663.855
2571.570
390663.913
2544.732
390663.968
2517.925
390664.022
2491.149
390664.074
2464.405
390664.124
2437.693
390664.172
2411.012
390664.219
2384.363
390664.263
2357.744
390664.307
2331.157
390664.348
2304.602
390664.389
2278.077
390664.427
2251.583
390664.465
2225.120
390664.501
2198.688
390664.536
2172.287
390664.569
2145.916
390664.602
2119.576
390664.633
2093.266
390664.663
2066.987
390664.692
2040.739
390664.720
2014.520
390664.747
1988.253
390664.773
1961.880
390664.797
1937.045
390664.819
1913.801
390664.839
1890.483
390664.860
1866.250
390664.881
1841.101
390664.901
1815.037
390664.922
1788.060
390664.943
1760.169
390664.963
1731.366
390664.984
1701.652
390665.004
1671.029
390665.025
1639.496
390665.046
1607.056
390665.066
1573.709
390665.087
1539.457
390665.107
1504.301
390665.128
1468.242
390665.148
1431.281
390665.169
1393.421
390665.189
1354.661
390665.210
1315.006
390665.230
1274.568
390665.250
1233.769
390665.270
1193.099
390665.289
1152.891
390665.307
1113.344
390665.324
1074.598
390665.341
1036.763
390665.357
999.920
390665.371
964.120
390665.386
929.393
390665.399
895.753
390665.411
863.201
390665.423
831.730
390665.434
801.328
390665.444
771.974
390665.454
743.646
390665.463
716.320
390665.471
689.967
390665.479
664.560
390665.486
640.070
390665.493
616.468
390665.499
593.725
390665.505
571.812
390665.510
550.701
390665.515
530.363
390665.520
510.772
390665.524
491.902
390665.528
473.726
390665.531
456.220
390665.534
439.359
390665.537
423.119
390665.540
407.480
390665.542
392.417
390665.544
377.911
390665.546
363.940
390665.548
350.486
390665.549
337.528
390665.551
325.050
390665.552
313.033
390665.553
301.460
390665.554
290.315
390665.555
279.581
390665.556
269.245
390665.556
259.290
390665.557
249.704
390665.558
240.472
390665.558
231.582
390665.558
223.020
390665.559
214.775
390665.559
206.834
390665.559
199.187
390665.559
191.823
390665.560
184.731
390665.560
177.902
390665.560
171.325
390665.560
164.991
390665.560
158.891
390665.560
153.017
390665.560
147.360
390665.560
141.912
390665.560
136.666
390665.560
131.614
390665.560
126.748
390665.560
122.062
390665.560
117.550
390665.560
113.204
390665.560
109.019
390665.560
104.989
390665.560
101.108
390665.560
97.370
390665.560
93.771
390665.560
90.305
390665.560
86.966
390665.560
83.752
390665.560
80.656
390665.560
77.674
390665.560
74.803
390665.560
72.038
390665.560
69.375
390665.560
66.811
390665.560
64.341
390665.560
61.963
390665.560
59.673
390665.560
57.467
390665.560
55.343
390665.560
53.297
390665.560
51.328
390665.560
49.430
390665.560
47.604
390665.560
45.844
390665.560
44.150
390665.560
42.518
390665.560
40.947
390665.560
39.434
390665.560
37.976
390665.560
36.573
390665.560
35.221
390665.560
33.920
390665.560
32.666
390665.560
31.459
390665.560
30.297
390665.560
29.177
390665.560
28.099
390665.560
27.061
390665.560
26.061
390665.560
25.098
390665.560
24.171
390665.560
23.278
390665.560
22.418
390665.560
21.590
390665.560
20.792
390665.560
20.024
390665.560
19.285
390665.560
18.572
390665.560
17.886
390665.560
17.226
390665.560
16.590
390665.560
15.977
390665.560
15.387
390665.560
14.819
390665.560
14.272
390665.560
13.745
390665.560
13.237
390665.560
12.748
390665.560
12.278
390665.560
11.825
390665.560
11.388
390665.560
10.968
390665.560
10.563
390665.560
10.173
390665.560
 9.798
390665.560
 9.436
390665.560
 9.088
390665.560
 8.753
390665.560
 8.430
390665.560
 8.119
390665.560
 7.819
390665.560
 7.531
390665.560
 7.253
390665.560
 6.986
390665.560
 6.728
390665.560
 6.480
390665.560
 6.241
390665.560
 6.011
390665.560
 5.790
390665.560
 5.576
390665.560
 5.371
390665.560
 5.173
390665.560
 4.983
390665.560
 4.799
390665.560
 4.622
390665.560
 4.452
390665.560
 4.288
390665.560
 4.131
390665.560
 3.979
390665.560
 3.832
390665.560
 3.691
390665.560
 3.555
390665.560
 3.425
390665.560
 3.299
390665.560
 3.178
390665.560
 3.061
390665.560
 2.948
390665.560
 2.840
390665.560
 2.736
390665.560
 2.635
390665.560
 2.539
390665.560
 2.446
390665.560
 2.356
390665.560
 2.270
390665.560
 2.186
390665.560
 2.106
390665.560
 2.029
390665.560
 1.955
390665.560
 1.883
390665.560
 1.814
390665.560
 1.748
390665.560
 1.684
390665.560
 1.623
390665.560
 1.563
390665.560
 1.506
390665.560
 1.451
390665.560
 1.398
390665.560
 1.347
390665.560
 1.298
390665.560
 1.251
390665.560
 1.206
390665.560
 1.162
390665.560
 1.120
390665.560
 1.079
390665.560
 1.040
390665.560
 1.002
390665.560
 0.966
390665.560
 0.931
390665.560
 0.897
390665.560
 0.865
390665.560
 0.833
390665.560
 0.803
390665.560
 0.774
390665.560
 0.747
390665.560
 0.720
390665.560
 0.694
390665.560
 0.669
390665.560
 0.645
390665.562
 0.619
390665.571
 0.534
390665.584
 0.476
390665.599
 0.412
390665.622
 0.347
390665.649
 0.282
390665.676
 0.218
390665.705
 0.155
390665.733
 0.092
