3863.704
-1035.275
3863.704
-1037.003
3863.704
-1038.731
3863.704
-1040.459
3863.704
-1042.188
3863.704
-1043.917
3863.704
-1045.647
3863.704
-1047.378
3863.704
-1049.109
3863.704
-1050.840
3863.704
-1052.572
3863.704
-1054.304
3863.704
-1056.037
3863.704
-1057.771
3863.704
-1059.505
3863.704
-1061.240
3863.704
-1062.975
3863.704
-1064.710
3863.704
-1066.447
3863.704
-1068.183
3863.704
-1069.920
3863.704
-1071.658
3863.704
-1073.396
3863.704
-1075.135
3830.271
-1063.871
3820.573
-1061.842
3816.516
-1062.005
3813.813
-1062.694
3811.732
-1063.624
3810.007
-1064.693
3808.511
-1065.852
3807.174
-1067.072
3805.952
-1068.337
3804.817
-1069.636
3803.748
-1070.962
3802.732
-1072.307
3801.756
-1073.669
3800.813
-1075.044
3799.896
-1076.430
3798.999
-1077.823
3798.118
-1079.223
3797.249
-1080.627
3796.389
-1082.035
3795.535
-1083.446
3794.684
-1084.858
3793.834
-1086.271
3792.984
-1087.684
3792.130
-1089.095
3791.273
-1090.506
3790.409
-1091.913
3789.538
-1093.318
3788.658
-1094.720
3787.768
-1096.118
3786.866
-1097.511
3785.952
-1098.899
3785.023
-1100.281
3784.078
-1101.658
3783.117
-1103.027
3782.138
-1104.390
3781.139
-1105.745
3780.120
-1107.091
3779.080
-1108.429
3778.016
-1109.758
3776.927
-1111.077
3775.813
-1112.385
3774.672
-1113.682
3773.502
-1114.968
3772.302
-1116.241
3771.071
-1117.502
3769.806
-1118.749
3768.507
-1119.982
3767.171
-1121.200
3765.797
-1122.402
3764.384
-1123.588
3762.929
-1124.757
3761.430
-1125.907
3759.887
-1127.039
3758.295
-1128.152
3756.655
-1129.243
3754.962
-1130.314
3753.216
-1131.361
3751.413
-1132.385
3749.552
-1133.385
3747.630
-1134.359
3745.643
-1135.306
3743.591
-1136.226
3741.468
-1137.116
3739.274
-1137.975
3737.004
-1138.803
3734.656
-1139.597
3732.226
-1140.357
3729.711
-1141.081
3727.107
-1141.767
3724.411
-1142.414
3721.618
-1143.020
3718.726
-1143.583
3715.728
-1144.102
3712.623
-1144.574
3709.404
-1144.998
3706.068
-1145.372
3702.609
-1145.693
3699.023
-1145.960
3695.304
-1146.169
3691.448
-1146.320
3687.448
-1146.408
3683.299
-1146.433
3678.996
-1146.391
3674.531
-1146.279
3669.899
-1146.095
3665.094
-1145.836
3660.108
-1145.499
3654.934
-1145.081
3649.566
-1144.579
3643.996
-1143.989
3638.217
-1143.308
3632.220
-1142.533
3625.998
-1141.660
3619.543
-1140.686
3612.846
-1139.607
3605.899
-1138.418
3598.692
-1137.117
3591.217
-1135.700
3583.465
-1134.161
3575.425
-1132.498
3567.090
-1130.705
3558.448
-1128.779
3549.490
-1126.715
3540.206
-1124.510
3530.587
-1122.158
3520.621
-1119.655
3510.299
-1116.997
3499.611
-1114.179
3488.545
-1111.197
3477.093
-1108.046
3465.243
-1104.723
3452.986
-1101.222
3440.311
-1097.540
3427.210
-1093.672
3413.671
-1089.614
3399.686
-1085.363
3385.245
-1080.914
3370.340
-1076.263
3354.963
-1071.409
3339.105
-1066.346
3322.759
-1061.073
3305.918
-1055.586
3288.575
-1049.884
3270.726
-1043.963
3252.364
-1037.823
3233.487
-1031.462
3214.090
-1024.879
3194.171
-1018.074
3173.729
-1011.046
3152.763
-1003.796
3131.274
-996.325
3109.262
-988.634
3086.732
-980.724
3063.686
-972.599
3040.130
-964.262
3016.070
-955.715
2991.514
-946.964
2966.470
-938.012
2940.949
-928.865
2914.962
-919.529
2888.521
-910.010
2861.641
-900.315
2834.336
-890.452
2806.622
-880.428
2778.517
-870.252
2750.040
-859.933
2721.209
-849.479
2692.046
-838.901
2662.571
-828.209
2632.807
-817.414
2602.777
-806.524
2572.505
-795.553
2542.014
-784.510
2511.329
-773.407
2480.475
-762.255
2449.478
-751.066
2418.363
-739.850
2387.156
-728.619
2355.881
-717.385
2324.565
-706.158
2293.233
-694.949
2261.909
-683.770
2230.618
-672.629
2199.384
-661.538
2168.231
-650.506
2137.181
-639.542
2106.256
-628.656
2075.478
-617.857
2044.867
-607.152
2014.443
-596.549
1984.225
-586.056
1954.230
-575.679
1924.476
-565.426
1894.979
-555.301
1865.753
-545.310
1836.813
-535.460
1808.171
-525.753
1779.840
-516.194
1751.830
-506.786
1724.152
-497.534
1696.815
-488.439
1669.826
-479.504
1643.193
-470.732
1616.922
-462.123
1591.020
-453.678
1565.490
-445.400
1540.336
-437.288
1515.562
-429.342
1491.169
-421.563
1467.161
-413.949
1443.537
-406.502
1420.298
-399.219
1397.444
-392.100
1374.975
-385.143
1352.888
-378.348
1331.184
-371.712
1309.858
-365.233
1288.910
-358.911
1268.336
-352.742
1248.132
-346.725
1228.296
-340.858
1208.824
-335.137
1189.711
-329.562
1170.954
-324.128
1152.547
-318.835
1134.486
-313.679
1116.767
-308.658
1099.384
-303.768
1082.332
-299.008
1065.606
-294.375
1049.201
-289.867
1033.112
-285.480
1017.332
-281.211
1001.858
-277.059
986.683
-273.021
971.801
-269.094
957.208
-265.276
942.898
-261.563
928.866
-257.954
915.105
-254.446
901.612
-251.037
888.379
-247.724
875.403
-244.505
862.678
-241.377
850.199
-238.338
837.960
-235.387
825.957
-232.520
814.184
-229.736
802.637
-227.033
791.311
-224.408
780.201
-221.859
769.303
-219.385
758.611
-216.983
748.122
-214.652
737.831
-212.390
727.733
-210.194
717.824
-208.064
708.101
-205.997
698.559
-203.993
689.193
-202.048
680.001
-200.162
670.978
-198.333
662.120
-196.559
653.424
-194.840
644.886
-193.173
636.502
-191.557
628.270
-189.991
620.185
-188.474
612.245
-187.003
604.446
-185.579
596.785
-184.200
589.259
-182.864
581.865
-181.570
574.600
-180.317
567.461
-179.105
560.445
-177.932
553.550
-176.796
