 0.352
 0.352
 0.352
 0.352
 0.353
 0.353
 0.353
 0.353
 0.353
 0.353
 0.353
 0.353
 0.353
 0.353
 0.354
 0.354
 0.354
 0.354
 0.354
 0.354
 0.354
 0.354
 0.354
 0.355
 4.524
 1.076
 0.633
 0.479
 0.408
 0.372
 0.352
 0.340
 0.333
 0.328
 0.325
 0.323
 0.321
 0.320
 0.320
 0.319
 0.319
 0.319
 0.319
 0.319
 0.319
 0.319
 0.319
 0.319
 0.319
 0.319
 0.319
 0.319
 0.320
 0.320
 0.320
 0.321
 0.321
 0.322
 0.323
 0.323
 0.324
 0.325
 0.326
 0.328
 0.329
 0.331
 0.333
 0.335
 0.337
 0.339
 0.342
 0.345
 0.348
 0.352
 0.356
 0.360
 0.365
 0.371
 0.376
 0.383
 0.389
 0.397
 0.404
 0.413
 0.422
 0.432
 0.442
 0.454
 0.466
 0.478
 0.492
 0.506
 0.522
 0.538
 0.555
 0.574
 0.593
 0.613
 0.635
 0.657
 0.681
 0.706
 0.732
 0.759
 0.788
 0.818
 0.849
 0.882
 0.916
 0.952
 0.989
 1.028
 1.069
 1.111
 1.154
 1.200
 1.247
 1.296
 1.347
 1.400
 1.454
 1.511
 1.570
 1.630
 1.693
 1.757
 1.824
 1.893
 1.963
 2.036
 2.111
 2.188
 2.267
 2.349
 2.432
 2.517
 2.604
 2.693
 2.784
 2.877
 2.971
 3.067
 3.165
 3.264
 3.364
 3.465
 3.568
 3.671
 3.775
 3.880
 3.985
 4.090
 4.196
 4.301
 4.405
 4.509
 4.612
 4.714
 4.815
 4.914
 5.011
 5.107
 5.199
 5.290
 5.377
 5.462
 5.543
 5.620
 5.695
 5.765
 5.831
 5.893
 5.951
 6.004
 6.053
 6.097
 6.136
 6.170
 6.199
 6.224
 6.244
 6.258
 6.268
 6.273
 6.273
 6.269
 6.260
 6.246
 6.228
 6.206
 6.179
 6.149
 6.115
 6.077
 6.036
 5.992
 5.944
 5.894
 5.841
 5.785
 5.727
 5.667
 5.605
 5.541
 5.475
 5.408
 5.340
 5.270
 5.199
 5.128
 5.056
 4.984
 4.911
 4.837
 4.764
 4.690
 4.617
 4.543
 4.470
 4.397
 4.325
 4.253
 4.181
 4.110
 4.040
 3.970
 3.901
 3.833
 3.766
 3.699
 3.634
 3.569
 3.505
 3.443
 3.381
 3.320
 3.260
 3.201
 3.143
 3.087
 3.031
 2.976
 2.922
 2.869
 2.817
 2.766
 2.716
 2.667
 2.619
 2.572
 2.526
 2.481
 2.437
 2.394
 2.351
 2.310
 2.269
 2.229
 2.190
 2.152
 2.114
 2.078
 2.042
 2.007
 1.972
 1.939
 1.906
 1.874
 1.842
 1.811
 1.781
 1.752
 1.723
 1.695
 1.667
 1.640
 1.613
 1.587
 1.562
 1.537
 1.513
 1.489
 1.466
 1.443
 1.421
 1.399
 1.378
 1.357
 1.336
 1.316
 1.297
 1.278
 1.259
 1.240
 1.222
 1.205
 1.187
 1.170
 1.154
 1.138
 1.122
 1.106
 1.091
 1.076
 1.061
 1.047
 1.033
 1.019
 1.006
 0.992
 0.979
 0.967
 0.954
 0.942
 0.930
 0.918
 0.907
 0.895
 0.884
 0.874
 0.863
