4000.000
4000.447
4000.896
4001.345
4001.795
4002.245
4002.697
4003.149
4003.603
4004.057
4004.512
4004.967
4005.424
4005.881
4006.339
4006.799
4007.258
4007.719
4008.181
4008.643
4009.106
4009.571
4010.036
4010.501
3975.239
3965.319
3961.438
3959.007
3957.242
3955.859
3954.723
3953.758
3952.916
3952.169
3951.494
3950.875
3950.301
3949.763
3949.253
3948.766
3948.296
3947.841
3947.395
3946.957
3946.524
3946.093
3945.661
3945.228
3944.791
3944.348
3943.899
3943.440
3942.972
3942.492
3941.999
3941.492
3940.970
3940.430
3939.873
3939.295
3938.697
3938.076
3937.432
3936.762
3936.066
3935.342
3934.589
3933.804
3932.987
3932.136
3931.249
3930.324
3929.359
3928.354
3927.305
3926.211
3925.070
3923.880
3922.638
3921.342
3919.991
3918.580
3917.109
3915.574
3913.973
3912.302
3910.559
3908.741
3906.844
3904.866
3902.802
3900.650
3898.405
3896.065
3893.624
3891.079
3888.425
3885.659
3882.775
3879.769
3876.635
3873.370
3869.967
3866.421
3862.727
3858.878
3854.869
3850.694
3846.345
3841.817
3837.102
3832.195
3827.086
3821.770
3816.238
3810.483
3804.496
3798.270
3791.796
3785.065
3778.069
3770.799
3763.245
3755.399
3747.251
3738.791
3730.011
3720.900
3711.448
3701.646
3691.484
3680.951
3670.040
3658.738
3647.038
3634.929
3622.402
3609.448
3596.057
3582.223
3567.935
3553.187
3537.970
3522.278
3506.104
3489.443
3472.289
3454.637
3436.485
3417.828
3398.664
3378.993
3358.814
3338.127
3316.935
3295.239
3273.043
3250.353
3227.174
3203.514
3179.380
3154.782
3129.731
3104.239
3078.318
3051.983
3025.248
2998.130
2970.646
2942.814
2914.653
2886.182
2857.423
2828.396
2799.124
2769.629
2739.933
2710.060
2680.034
2649.877
2619.614
2589.267
2558.862
2528.421
2497.968
2467.524
2437.114
2406.757
2376.477
2346.293
2316.227
2286.296
2256.520
2226.917
2197.504
2168.297
2139.311
2110.560
2082.060
2053.821
2025.855
1998.175
1970.789
1943.707
1916.938
1890.488
1864.364
1838.572
1813.118
1788.006
1763.239
1738.820
1714.752
1691.037
1667.676
1644.669
1622.017
1599.719
1577.774
1556.182
1534.941
1514.048
1493.501
1473.298
1453.436
1433.912
1414.722
1395.862
1377.330
1359.120
1341.229
1323.653
1306.387
1289.426
1272.767
1256.404
1240.333
1224.549
1209.047
1193.823
1178.872
1164.189
1149.769
1135.608
1121.701
1108.042
1094.628
1081.454
1068.514
1055.806
1043.323
1031.062
1019.018
1007.187
995.565
984.147
972.929
961.907
951.078
940.437
929.980
919.704
909.604
899.678
889.921
880.331
870.903
861.634
852.521
843.561
834.751
826.086
817.565
809.185
800.942
792.834
784.857
777.010
769.289
761.692
754.216
746.859
739.619
732.493
725.478
718.573
711.775
705.082
698.492
692.004
685.614
679.321
673.123
667.018
661.004
655.080
649.244
643.494
637.828
632.245
626.744
621.322
615.978
610.711
605.518
600.400
595.354
590.380
585.475
580.638
575.869
571.165
566.527
561.952
557.439
552.988
548.597
544.266
539.992
535.776
531.616
527.511
523.460
519.462
515.517
511.624
507.781
503.987
500.243
496.547
492.898
489.296
485.739
482.228
478.761
475.337
471.956
468.618
457.377
409.399
370.479
338.289
311.238
288.198
268.348
251.077
235.923
222.525
210.602
199.930
190.327
181.648
173.770
166.592
160.032
154.017
148.488
143.392
138.686
134.330
130.293
126.544
123.059
119.814
116.789
113.968
111.333
108.872
106.571
104.418
102.404
100.519
98.753
97.100
95.552
94.103
92.746
91.475
90.285
89.172
88.131
87.157
86.247
85.397
84.603
83.862
83.170
82.526
81.925
81.367
80.847
80.363
79.914
79.498
79.111
78.753
78.421
78.114
77.831
77.568
77.326
77.103
76.898
76.708
76.534
76.373
76.225
76.089
75.964
75.850
75.744
75.647
75.557
75.475
75.398
75.328
75.262
75.202
75.145
75.092
75.042
74.995
74.950
74.907
74.866
74.827
74.788
74.751
74.714
74.678
74.641
74.605
74.569
74.532
74.495
74.457
74.419
74.380
74.340
74.299
74.257
74.214
74.170
74.124
74.078
74.030
73.981
73.931
73.879
73.826
73.772
73.716
73.659
73.601
73.542
73.481
73.419
73.356
73.291
73.225
73.158
73.090
73.021
72.951
72.879
72.807
72.733
72.659
72.583
72.507
72.429
72.351
72.272
72.192
72.111
72.030
71.947
71.864
71.781
71.697
71.612
71.526
71.440
71.353
71.266
71.179
71.090
71.002
70.913
70.824
70.734
70.644
70.553
70.463
70.372
70.280
70.189
70.097
70.005
69.913
69.821
69.728
69.636
69.543
69.450
69.357
69.264
69.171
69.078
68.985
68.892
68.798
68.705
68.612
68.519
68.426
68.333
68.239
68.146
68.053
67.960
67.868
67.775
67.682
67.590
67.497
67.405
67.313
67.221
67.129
67.037
66.945
66.854
66.762
66.671
66.580
66.489
66.398
66.307
66.217
66.127
66.037
65.947
65.857
65.768
65.678
65.589
65.500
65.411
65.323
65.234
65.146
65.066
64.985
64.903
64.821
64.739
64.656
64.573
64.489
64.405
64.321
64.237
64.152
64.068
63.983
63.898
63.813
63.728
63.642
63.557
63.472
63.386
63.301
63.216
63.130
63.045
62.960
62.874
62.789
62.704
62.619
62.534
62.449
62.365
62.280
62.195
62.111
62.027
61.943
61.859
61.775
61.691
61.608
61.524
61.441
61.358
61.275
61.193
61.110
61.028
60.946
60.864
60.782
60.701
60.619
60.538
60.457
60.376
60.296
60.215
60.135
60.055
59.975
59.896
59.816
59.737
59.658
59.579
59.501
59.422
59.344
59.266
59.188
59.110
59.033
58.956
58.879
58.802
58.725
58.649
58.573
58.497
58.421
58.345
58.270
58.195
58.120
58.045
57.970
57.896
57.821
57.747
57.673
57.600
57.526
57.453
57.380
57.307
57.234
57.162
57.089
57.017
56.945
56.874
56.802
56.731
56.659
56.588
56.517
56.447
56.376
56.306
56.236
56.166
56.096
56.027
55.957
55.888
55.819
55.750
55.681
55.613
55.544
55.476
55.408
55.340
55.273
55.205
55.138
55.071
55.004
54.937
54.870
54.804
54.738
54.671
54.605
54.540
54.474
54.408
54.343
54.278
54.213
54.148
54.083
54.019
53.955
53.890
53.826
53.762
53.699
53.635
53.572
53.508
53.445
53.382
53.320
53.257
53.194
53.132
53.070
53.008
52.946
52.884
52.823
52.761
52.700
52.639
52.578
52.517
52.456
52.395
53.532
50.711
47.376
46.129
47.958
49.790
51.620
53.449
55.275
57.100
58.922
60.743
62.561
64.377
66.191
68.002
69.811
71.618
73.421
75.222
77.020
78.816
80.539
81.566
81.557
80.776
79.546
78.016
76.248
74.302
72.238
70.104
67.934
65.755
63.584
61.439
59.328
57.261
55.243
53.279
51.370
49.519
47.726
45.991
44.313
42.693
41.129
39.619
38.163
36.759
35.405
34.100
32.843
31.631
30.463
29.338
28.255
27.211
26.206
25.237
24.305
23.406
22.541
21.708
20.905
20.132
19.388
18.671
17.981
17.316
16.676
16.059
15.466
14.894
14.343
13.813
13.302
12.810
12.337
11.880
11.441
11.018
10.611
10.218
 9.841
 9.477
 9.126
 8.789
 8.464
 8.151
 7.850
 7.559
 7.280
 7.011
 6.751
 6.502
 6.261
 6.030
 5.807
 5.592
 5.385
 5.186
 4.995
 4.810
 4.632
 4.461
 4.296
 4.137
 3.984
 3.837
 3.695
 3.558
 3.427
 3.300
 3.178
 3.061
 2.947
 2.838
 2.733
 2.632
 2.535
 2.441
 2.351
 2.264
 2.180
 2.100
 2.022
 1.947
 1.875
 1.806
 1.739
 1.675
 1.613
 1.553
 1.496
 1.441
 1.387
 1.336
 1.287
 1.239
 1.193
 1.149
 1.107
 1.066
 1.026
 0.988
 0.952
 0.917
 0.883
 0.850
 0.819
 0.788
 0.759
 0.731
 0.704
 0.678
 0.653
 0.629
 0.606
 0.583
 0.562
 0.541
 0.521
 0.502
 0.483
 0.465
 0.448
 0.431
 0.416
 0.400
 0.385
 0.371
 0.357
 0.344
 0.331
 0.319
 0.307
 0.296
 0.285
 0.275
 0.264
 0.255
 0.245
 0.236
 0.227
 0.219
 0.211
 0.203
 0.196
 0.188
 0.181
 0.175
 0.168
 0.162
 0.156
 0.150
 0.145
 0.139
 0.134
 0.129
 0.124
 0.120
 0.115
 0.111
 0.107
 0.103
 0.099
 0.096
 0.092
 0.089
 0.085
 0.082
 0.079
 0.076
 0.073
 0.071
 0.068
 0.066
 0.063
 0.061
 0.059
 0.056
 0.054
 0.052
 0.050
 0.049
 0.047
 0.213
 0.120
 0.144
 0.137
 0.147
 0.170
 0.167
 0.170
 0.170
