 0.000
125000.000
1931.852
124481.931
3863.704
123962.997
5795.555
123443.200
7727.407
122922.538
9659.259
122401.012
11591.111
121878.621
13522.962
121355.365
15454.814
120831.243
17386.666
120306.256
19318.518
119780.403
21250.369
119253.684
23182.221
118726.099
25114.073
118197.647
27045.925
117668.328
28977.777
117138.141
30909.628
116607.088
32841.480
116075.167
34773.332
115542.377
36705.184
115008.720
38637.035
114474.194
40568.887
113938.799
42500.739
113402.536
44432.591
112865.403
46360.261
112329.516
48272.969
111800.322
50182.763
111271.729
52090.960
110743.072
53998.005
110214.125
55904.130
109684.774
57809.473
109154.947
59714.127
108624.597
61618.160
108093.691
63521.619
107562.203
65424.541
107030.116
67326.957
106497.415
69228.888
105964.087
71130.352
105430.124
73031.363
104895.518
74931.934
104360.264
76832.072
103824.357
78731.785
103287.793
80631.077
102750.570
82529.953
102212.685
84428.415
101674.138
86326.464
101134.928
88224.100
100595.055
90121.322
100054.518
92018.130
99513.319
93914.520
98971.458
95810.490
98428.938
97706.035
97885.760
99601.151
97341.927
101495.833
96797.440
103390.076
96252.304
105283.872
95706.521
107177.214
95160.095
109070.096
94613.029
110962.509
94065.328
112854.444
93516.997
114745.891
92968.041
116636.840
92418.464
118527.282
91868.271
120417.204
91317.470
122306.595
90766.066
124195.442
90214.066
126083.731
89661.476
127971.450
89108.304
129858.583
88554.557
131745.115
88000.244
133631.030
87445.373
135516.311
86889.953
137400.940
86333.992
139284.899
85777.501
141168.170
85220.491
143050.731
84662.970
144932.561
84104.952
146813.639
83546.446
148693.943
82987.466
150573.447
82428.025
152452.127
81868.134
154329.956
81307.809
156206.909
80747.064
158082.956
80185.913
159958.069
79624.373
161832.215
79062.460
163705.365
78500.191
165577.483
77937.584
167448.535
77374.658
169318.486
76811.432
171187.297
76247.926
173054.929
75684.161
174921.342
75120.160
176786.493
74555.945
178650.338
73991.540
180512.830
73426.970
182373.922
72862.260
184233.564
72297.439
186091.705
71732.533
187948.289
71167.572
189803.262
70602.586
191656.565
70037.606
193508.138
69472.667
195357.916
68907.801
197205.836
68343.044
199051.829
67778.433
200895.824
67214.007
202737.748
66649.804
204577.524
66085.867
206415.075
65522.239
208250.317
64958.963
210083.166
64396.087
211913.532
63833.658
213741.326
63271.725
215566.451
62710.341
217388.809
62149.559
219208.298
61589.434
221024.813
61030.023
222838.244
60471.385
224648.479
59913.583
226455.400
59356.678
228258.886
58800.737
230058.812
58245.828
231855.049
57692.020
233647.465
57139.384
235435.920
56587.996
237220.273
56037.932
239000.379
55489.270
240776.086
54942.092
242547.240
54396.480
244313.680
53852.520
246075.244
53310.301
247831.761
52769.911
249583.061
52231.443
251328.964
51694.992
253069.291
51160.654
254803.854
50628.528
256532.463
50098.714
258254.924
49571.314
259971.038
49046.434
261680.604
48524.179
263383.415
48004.657
265079.260
47487.977
266767.928
46974.249
268449.201
46463.587
270122.860
45956.102
271788.684
45451.909
273446.447
44951.122
275095.923
44453.856
276736.884
43960.227
278369.099
43470.349
279992.338
42984.339
281606.370
42502.310
283210.962
42024.378
284805.882
41550.655
286390.901
41081.253
287965.787
40616.284
289530.313
40155.855
291084.252
39700.073
292627.380
39249.043
294159.477
38802.867
295680.326
38361.643
297189.715
37925.467
298687.434
37494.430
300173.281
37068.622
301647.060
36648.126
303108.577
36233.023
304557.651
35823.387
305994.102
35419.290
307417.762
35020.797
308828.469
34627.968
310226.070
34240.859
311610.420
33859.519
312981.384
33483.993
314338.837
33114.318
315682.664
32750.527
317012.757
32392.647
318329.021
32040.697
319631.371
31694.694
320919.733
31354.645
322194.042
31020.553
323454.245
30692.416
324700.298
30370.223
325932.170
30053.962
327149.840
29743.611
328353.295
29439.145
329542.536
29140.534
330717.571
28847.741
331878.421
28560.726
333025.113
28279.443
334157.688
28003.843
335276.192
27733.870
336380.682
27469.467
337471.224
27210.572
338547.891
26957.119
339610.765
26709.038
340659.933
26466.259
341695.493
26228.706
342717.547
25996.302
343726.204
25768.966
344721.580
25546.618
345703.794
25329.172
346672.972
25116.545
347629.246
24908.650
348572.749
24705.397
349503.622
24506.699
350422.006
24312.466
351328.047
24122.607
352221.895
23937.032
353103.700
23755.650
353973.616
23578.370
354831.799
23405.101
355678.406
23235.753
356513.595
23070.234
357337.526
22908.456
358150.360
22750.329
358952.256
22595.765
359743.377
22444.676
360523.883
22296.975
361293.936
22152.577
362053.696
22011.397
362803.324
21873.351
363542.978
21738.357
364272.819
21606.334
364993.003
21477.202
365703.687
21350.882
366405.026
21227.298
367097.174
21106.373
367780.284
20988.034
368454.506
20872.206
369119.990
20758.820
369776.883
20647.803
370425.330
20539.089
371065.475
20432.610
371697.460
20328.300
372321.425
20226.094
372937.508
20125.931
373545.845
20027.748
374146.568
19931.486
374739.811
19837.086
375325.701
19744.491
375904.368
19653.646
376475.936
19564.495
377040.528
19476.985
377598.266
19391.066
378149.268
19306.686
378693.651
19223.796
379231.530
19142.348
379763.017
19062.296
380288.223
18983.594
380807.257
18906.197
381320.225
18830.063
381827.232
18755.149
382328.379
18681.415
382823.768
18608.820
383313.496
18537.326
383797.661
18466.895
384276.357
18397.491
384749.676
18329.077
385217.711
18261.618
385680.549
18195.081
386138.279
18129.433
386590.986
18064.641
387038.753
18000.675
387481.664
17937.504
387919.798
17875.099
388353.235
17813.430
388782.051
17752.470
389206.323
17692.192
389626.124
17632.568
390041.528
17573.575
390452.605
17515.185
390859.425
17457.375
391262.056
17400.122
391660.566
17343.402
392055.020
17287.192
392445.481
17231.472
392832.014
17176.219
393214.678
17121.413
393593.536
17067.034
393968.645
17013.062
394340.064
16959.479
394707.849
16906.266
395072.056
16853.404
395432.739
16800.877
395789.952
16748.667
396143.747
16696.758
396494.175
16645.133
396841.285
16593.778
397185.129
16542.675
397525.752
16491.812
397863.203
16441.173
398197.528
16390.744
398528.772
16340.511
398856.980
16290.462
399182.195
16240.583
399504.459
16190.861
399823.815
16141.285
400140.303
16091.842
400453.964
16042.520
400764.837
15993.309
401072.961
15944.198
401378.373
15895.175
401681.111
15846.230
401981.211
15797.353
402278.708
15748.534
402573.639
15699.764
402866.036
15651.033
403155.935
15602.332
403443.367
15553.652
403728.365
15504.984
404010.962
15456.321
404291.187
15407.653
404569.073
15358.974
404844.648
15310.274
405117.942
15261.548
405388.985
15212.787
405657.804
15163.983
405924.428
15115.132
406188.883
15066.225
406451.197
15017.255
