3863.704
-1035.275
3863.704
-1037.003
3863.704
-1038.731
3863.704
-1040.459
3863.704
-1042.188
3863.704
-1043.917
3863.704
-1045.647
3863.704
-1047.378
3863.704
-1049.109
3863.704
-1050.840
3863.704
-1052.572
3863.704
-1054.304
3863.704
-1056.037
3863.704
-1057.771
3863.704
-1059.505
3863.704
-1061.240
3863.704
-1062.975
3863.704
-1064.710
3863.704
-1066.447
3863.704
-1068.183
3863.704
-1069.920
3863.704
-1071.658
3863.704
-1073.396
3863.704
-1075.135
3831.189
-1060.431
3821.735
-1057.400
3817.779
-1057.144
3815.143
-1057.553
3813.113
-1058.269
3811.430
-1059.160
3809.972
-1060.164
3808.668
-1061.247
3807.477
-1062.386
3806.371
-1063.569
3805.330
-1064.784
3804.340
-1066.026
3803.390
-1067.288
3802.471
-1068.567
3801.579
-1069.858
3800.706
-1071.160
3799.849
-1072.470
3799.004
-1073.786
3798.167
-1075.107
3797.337
-1076.431
3796.510
-1077.757
3795.685
-1079.084
3794.859
-1080.411
3794.031
-1081.736
3793.199
-1083.060
3792.361
-1084.381
3791.516
-1085.699
3790.663
-1087.012
3789.800
-1088.321
3788.927
-1089.624
3788.041
-1090.921
3787.141
-1092.211
3786.227
-1093.493
3785.297
-1094.768
3784.350
-1096.033
3783.385
-1097.289
3782.400
-1098.536
3781.395
-1099.771
3780.368
-1100.995
3779.317
-1102.207
3778.242
-1103.407
3777.141
-1104.593
3776.013
-1105.764
3774.857
-1106.921
3773.670
-1108.062
3772.452
-1109.187
3771.201
-1110.295
3769.916
-1111.384
3768.595
-1112.454
3767.236
-1113.505
3765.838
-1114.535
3764.399
-1115.543
3762.916
-1116.528
3761.389
-1117.489
3759.815
-1118.426
3758.192
-1119.337
3756.519
-1120.220
3754.792
-1121.075
3753.010
-1121.901
3751.170
-1122.696
3749.270
-1123.459
3747.307
-1124.188
3745.279
-1124.882
3743.182
-1125.540
3741.015
-1126.159
3738.775
-1126.739
3736.457
-1127.278
3734.059
-1127.773
3731.578
-1128.224
3729.010
-1128.628
3726.353
-1128.984
3723.601
-1129.288
3720.751
-1129.540
3717.800
-1129.737
3714.743
-1129.877
3711.577
-1129.957
3708.296
-1129.976
3704.896
-1129.930
3701.372
-1129.817
3697.721
-1129.635
3693.935
-1129.380
3690.012
-1129.050
3685.944
-1128.642
3681.727
-1128.153
3677.354
-1127.580
3672.820
-1126.919
3668.120
-1126.168
3663.245
-1125.322
3658.191
-1124.379
3652.950
-1123.334
3647.516
-1122.185
3641.882
-1120.926
3636.040
-1119.556
3629.983
-1118.068
3623.704
-1116.461
3617.195
-1114.728
3610.448
-1112.867
3603.455
-1110.873
3596.207
-1108.741
3588.698
-1106.468
3580.917
-1104.048
3572.857
-1101.478
3564.509
-1098.753
3555.864
-1095.868
3546.913
-1092.818
3537.648
-1089.600
3528.059
-1086.209
3518.138
-1082.640
3507.875
-1078.888
3497.263
-1074.950
3486.291
-1070.822
3474.952
-1066.498
3463.236
-1061.974
3451.136
-1057.248
3438.643
-1052.315
3425.748
-1047.171
3412.446
-1041.814
3398.727
-1036.239
3384.585
-1030.444
3370.013
-1024.427
3355.006
-1018.185
3339.557
-1011.716
3323.662
-1005.019
3307.315
-998.091
3290.513
-990.934
3273.253
-983.546
3255.532
-975.926
3237.348
-968.077
3218.701
-959.999
3199.590
-951.693
3180.016
-943.162
3159.981
-934.408
3139.488
-925.435
3118.539
-916.246
3097.141
-906.846
3075.298
-897.239
3053.018
-887.433
3030.308
-877.432
3007.176
-867.243
2983.634
-856.873
2959.690
-846.331
2935.359
-835.625
2910.652
-824.764
2885.583
-813.756
2860.167
-802.612
2834.419
-791.341
2808.357
-779.955
2781.997
-768.464
2755.358
-756.880
2728.458
-745.213
2701.316
-733.476
2673.953
-721.679
2646.388
-709.835
2618.641
-697.956
2590.735
-686.054
2562.690
-674.141
2534.528
-662.227
2506.269
-650.326
2477.935
-638.448
2449.547
-626.605
2421.127
-614.807
2392.695
-603.066
2364.271
-591.391
2335.877
-579.794
2307.531
-568.282
2279.253
-556.866
2251.061
-545.554
2222.974
-534.355
2195.009
-523.277
2167.183
-512.326
2139.512
-501.510
2112.011
-490.835
2084.695
-480.307
2057.579
-469.931
2030.674
-459.713
2003.993
-449.656
1977.548
-439.765
1951.350
-430.043
1925.408
-420.494
1899.732
-411.119
1874.329
-401.921
1849.209
-392.901
1824.376
-384.062
1799.839
-375.403
1775.602
-366.927
1751.670
-358.632
1728.047
-350.519
1704.737
-342.587
1681.743
-334.837
1659.067
-327.267
1636.711
-319.875
1614.676
-312.662
1592.963
-305.624
1571.573
-298.761
1550.505
-292.071
1529.759
-285.550
1509.334
-279.198
1489.229
-273.013
1469.443
-266.990
1449.972
-261.129
1430.816
-255.426
1411.972
-249.878
1393.437
-244.484
1375.208
-239.240
1357.282
-234.143
1339.656
-229.191
1322.327
-224.380
1305.291
-219.708
1288.545
-215.171
1272.084
-210.768
1255.904
-206.494
1240.002
-202.348
1224.374
-198.326
1209.016
-194.425
1193.922
-190.643
1179.090
-186.976
1164.515
-183.422
1150.193
-179.979
1136.119
-176.643
1122.290
-173.412
1108.700
-170.283
1095.346
-167.254
1082.224
-164.322
1069.329
-161.485
1056.657
-158.739
1044.205
-156.084
1031.967
-153.516
1019.940
-151.034
1008.120
-148.634
996.503
-146.316
985.084
-144.076
973.861
-141.912
962.829
-139.823
951.985
-137.807
941.324
-135.861
930.844
-133.984
920.539
-132.174
910.408
-130.429
900.447
-128.747
890.651
-127.127
881.018
-125.567
871.545
-124.065
862.227
-122.619
853.063
-121.229
844.049
-119.893
835.181
-118.609
826.457
-117.375
817.874
-116.191
809.429
-115.055
801.119
-113.966
792.942
-112.922
784.894
-111.923
776.973
-110.966
769.177
-110.052
761.502
-109.178
753.947
-108.344
746.509
-107.549
739.185
-106.790
731.974
-106.069
724.872
-105.383
717.879
-104.731
710.990
-104.114
704.206
-103.529
697.522
-102.975
690.938
-102.453
684.451
-101.961
678.059
-101.498
671.761
-101.064
665.554
-100.657
659.437
-100.277
653.408
-99.924
647.465
-99.597
641.606
-99.294
635.831
-99.015
630.136
-98.761
624.521
-98.529
618.984
-98.319
613.523
-98.131
608.138
-97.965
602.826
-97.818
597.586
-97.692
592.417
-97.586
587.317
-97.498
582.285
-97.429
577.320
-97.378
572.420
-97.345
567.584
-97.328
562.812
-97.328
558.101
-97.344
553.451
-97.376
548.860
-97.423
544.328
-97.485
539.853
-97.562
535.434
-97.652
531.070
-97.757
526.760
-97.874
522.504
-98.005
