 0.352
 0.352
 0.353
 0.353
 0.353
 0.353
 0.353
 0.354
 0.354
 0.354
 0.354
 0.354
 0.355
 1.973
 0.994
 0.717
 0.595
 0.532
 0.495
 0.472
 0.459
 0.451
 0.447
 0.445
 0.447
 0.450
 0.455
 0.461
 0.470
 0.480
 0.492
 0.506
 0.522
 0.540
 0.560
 0.582
 0.607
 0.635
 0.666
 0.700
 0.737
 0.778
 0.823
 0.872
 0.925
 0.983
 1.046
 1.114
 1.188
 1.269
 1.355
 1.449
 1.550
 1.659
 1.776
 1.903
 2.039
 2.185
 2.342
 2.510
 2.690
 2.883
 3.089
 3.310
 3.545
 3.796
 4.063
 4.347
 4.648
 4.967
 5.305
 5.661
 6.036
 6.431
 6.844
 7.276
 7.727
 8.196
 8.681
 9.182
 9.698
10.225
10.764
11.310
11.861
12.414
12.966
13.514
14.052
14.578
15.087
15.575
16.038
16.472
16.873
17.237
17.562
17.844
18.081
18.272
18.416
18.511
18.557
18.556
18.508
18.414
18.278
18.100
17.885
17.634
17.352
17.041
16.706
16.348
15.972
15.581
15.178
14.766
14.347
13.924
13.500
13.076
12.655
12.237
11.825
11.420
11.022
10.633
10.254
 9.884
 9.524
 9.175
 8.837
 8.510
 8.194
 7.890
 7.596
 7.312
 7.040
 6.778
 6.526
 6.283
 6.051
 5.828
 5.614
 5.408
 5.211
 5.023
 4.842
 4.668
 4.502
 4.342
 4.190
 4.031
 3.895
 3.764
 3.639
 3.519
 3.403
 3.291
 3.185
 3.082
 2.983
 2.888
 2.797
 2.709
 2.625
 2.544
 2.465
39.245
