6000.000
6000.591
6001.183
6001.776
6002.369
6002.963
6003.558
6004.154
6004.751
6005.348
6005.946
6006.545
6007.145
5950.284
5943.838
5940.092
5937.362
5935.155
5933.253
5931.544
5929.957
5928.447
5926.982
5925.537
5924.092
5922.633
5921.143
5919.613
5918.029
5916.380
5914.657
5912.847
5910.942
5908.929
5906.798
5904.537
5902.133
5899.574
5896.846
5893.934
5890.824
5887.498
5883.940
5880.131
5876.050
5871.677
5866.988
5861.959
5856.564
5850.775
5844.561
5837.891
5830.731
5823.042
5814.787
5805.923
5796.406
5786.188
5775.218
5763.443
5750.806
5737.246
5722.701
5707.102
5690.379
5672.459
5653.264
5632.714
5610.725
5587.210
5562.082
5535.249
5506.619
5476.098
5443.594
5409.012
5372.262
5333.255
5291.906
5248.135
5201.868
5153.041
5101.597
5047.491
4990.692
4931.182
4868.958
4804.035
4736.448
4666.247
4593.507
4518.318
4440.796
4361.071
4279.298
4195.646
4110.303
4023.469
3935.360
3846.199
3756.217
3665.651
3574.739
3483.716
3392.815
3302.262
3212.275
3123.058
3034.806
2947.699
2861.898
2777.554
2694.797
2613.742
2534.488
2457.117
2381.695
2308.275
2236.895
2167.580
2100.343
2035.188
1972.108
1911.086
1852.099
1795.119
1740.109
1687.030
1635.837
1586.484
1538.921
1493.096
1448.957
1406.450
1365.521
1326.116
1288.181
1251.663
1216.510
1182.669
1150.092
1118.727
1088.528
1059.448
1031.442
1004.467
978.480
953.441
929.311
906.052
883.628
862.006
841.151
821.098
801.735
783.028
764.950
747.478
730.587
714.257
698.463
683.187
668.408
654.107
640.265
626.866
613.891
601.326
589.154
577.360
565.931
554.854
544.113
533.699
523.597
513.798
504.289
495.061
463.532
359.884
293.980
248.479
215.239
189.939
170.071
154.084
140.966
130.027
120.785
112.889
106.080
100.161
94.981
90.421
86.387
82.802
79.606
76.746
74.182
71.876
69.799
67.926
66.234
64.704
63.319
62.065
60.930
59.901
58.968
58.123
57.357
56.663
56.035
55.466
54.950
54.484
54.062
53.681
53.825
52.880
49.367
46.188
47.599
49.290
50.989
52.695
54.408
56.127
57.850
59.577
61.308
63.042
64.779
66.517
68.257
69.999
71.741
73.484
75.228
76.971
78.714
80.457
82.032
82.748
82.445
81.445
80.033
78.337
76.422
74.349
72.176
69.948
67.698
65.449
63.220
61.023
58.870
56.767
54.719
52.730
50.802
48.935
47.130
45.387
43.705
42.082
40.518
39.011
37.559
36.161
34.814
33.518
32.271
31.070
29.914
28.801
27.731
26.701
25.709
24.754
23.836
22.952
22.101
21.281
20.493
19.734
19.003
18.300
17.622
16.970
16.342
15.738
15.155
14.595
14.055
13.535
13.035
12.553
12.089
11.642
11.211
10.797
10.398
10.013
 9.643
 9.286
 8.943
 8.612
 8.294
 7.987
 7.692
 7.408
 7.134
 6.870
 6.616
 6.371
 6.136
 5.909
 5.690
 5.480
 5.277
 5.082
 4.894
 4.713
 4.539
 4.371
 4.210
 4.054
 3.904
 3.760
 3.621
 3.487
 3.358
 3.234
 3.114
 2.999
 2.888
 2.781
 2.679
 2.580
 2.484
 2.392
 2.304
 2.219
 2.137
 2.058
 1.982
 1.908
 1.838
 1.770
 1.704
 1.641
 1.581
 1.522
 1.466
 1.412
 1.360
 1.309
 1.261
 1.214
 1.169
 1.126
 1.084
 1.044
 1.006
 0.969
 0.933
 0.898
 0.865
 0.833
 0.802
 0.773
 0.744
 0.717
 0.690
 0.665
 0.640
 0.616
 0.593
 0.572
 0.550
 0.530
 0.510
 0.492
 0.473
 0.456
 0.439
 0.423
 0.407
 0.392
 0.378
 0.364
 0.350
 0.337
 0.325
 0.313
 0.301
 0.290
 0.279
 0.269
 0.259
 0.250
 0.240
 0.231
 0.223
 0.215
 0.207
 0.199
 0.192
 0.185
 0.178
 0.171
 0.165
 0.159
 0.153
 0.147
 0.142
 0.137
 0.131
 0.127
 0.122
 0.117
 0.113
 0.109
 0.105
 0.101
 0.097
 0.094
 0.090
 0.087
 0.084
 0.081
 0.078
 0.075
 0.072
 0.069
 0.067
 0.064
 0.062
 0.060
 0.057
 0.055
 0.053
 0.051
 0.049
 0.048
 0.191
 0.175
 0.162
 0.164
 0.165
 0.167
 0.168
 0.169
 0.171
