 0.000
125000.000
2819.078
123973.509
5638.156
122946.153
8457.234
121917.933
11276.313
120888.848
14095.391
119858.897
16914.469
118828.080
19733.547
117796.397
22552.625
116763.846
25371.703
115730.428
28190.782
114696.142
31009.860
113660.987
33828.938
112624.963
36627.833
111595.491
39418.110
110568.320
42205.839
109541.215
44991.796
108513.893
47776.324
107486.226
50559.611
106458.145
53341.771
105429.608
56122.875
104400.588
58902.971
103371.067
61682.086
102341.036
64460.234
101310.489
67237.420
100279.423
70013.640
99247.840
72788.883
98215.744
75563.133
97183.141
78336.366
96150.038
81108.556
95116.448
83879.668
94082.380
86649.665
93047.850
89418.505
92012.873
92186.138
90977.466
94952.513
89941.651
97717.571
88905.448
100481.247
87868.881
103243.472
86831.977
106004.170
85794.763
108763.258
84757.272
111520.646
83719.537
114276.237
82681.594
117029.927
81643.483
119781.601
80605.246
122531.139
79566.931
125278.407
78528.586
128023.264
77490.267
130765.555
76452.031
133505.117
75413.941
136241.771
74376.065
138975.326
73338.476
141705.576
72301.253
144432.299
71264.480
147155.258
70228.248
149874.198
69192.655
152588.843
68157.807
155298.900
67123.818
158004.051
66090.807
160703.959
65058.907
163398.259
64028.258
166086.564
62999.008
168768.456
61971.320
171443.490
60945.366
174111.192
59921.329
176771.053
58899.408
179422.533
57879.810
182065.055
56862.762
184698.007
55848.500
187320.737
54837.280
189932.555
53829.369
192532.729
52825.055
195120.488
51824.638
197695.014
50828.438
200255.451
49836.792
202800.896
48850.053
205330.403
47868.593
207842.985
46892.801
210337.612
45923.082
212813.213
44959.858
215268.682
44003.567
217702.874
43054.662
220114.613
42113.608
222502.696
41180.884
224865.895
40256.977
227202.967
39342.384
229512.656
38437.605
231793.700
37543.145
234044.845
36659.508
236264.844
35787.194
238452.472
34926.697
240606.535
34078.501
242725.875
33243.075
244809.384
32420.870
246856.012
31612.317
248864.775
30817.821
250834.765
30037.757
252765.156
29272.471
254655.216
28522.271
256504.306
27787.429
258311.893
27068.178
260077.549
26364.710
261800.953
25677.172
263481.897
25005.670
265120.282
24350.266
266716.119
23710.980
268269.526
23087.788
269780.722
22480.627
271250.027
21889.394
272677.851
21313.948
274064.694
20754.116
275411.132
20209.690
276717.816
19680.435
277985.462
19166.088
279214.839
18666.365
280406.771
18180.958
281562.118
17709.546
282681.780
17251.791
283766.679
16807.343
284817.761
16375.844
285835.986
15956.928
286822.321
15550.228
287777.739
15155.371
288703.208
14771.985
289599.695
14399.700
290468.153
14038.148
291309.525
13686.966
292124.739
13345.796
292914.705
13014.286
293680.310
12692.092
294422.425
12378.876
295141.893
12074.311
295839.537
11778.076
296516.155
11489.863
297172.517
11209.368
297809.372
10936.302
298427.441
10670.382
299027.420
10411.336
299609.982
10158.901
300175.773
9912.824
300725.416
9672.860
301259.508
9438.775
301778.627
9210.343
302283.323
8987.347
302774.129
8769.578
303251.553
8556.835
303716.084
8348.926
304168.190
8145.667
304608.322
7946.879
305036.910
7752.394
305454.367
7562.048
305861.089
7375.684
306257.455
7193.152
306643.829
7014.310
307020.574
6839.012
307388.037
6667.119
307746.530
6498.509
308096.348
6333.066
308437.779
6170.675
308771.098
6011.228
309096.569
5854.622
309414.446
5700.756
309724.973
5549.533
310028.384
5400.860
310324.905
5254.649
310614.752
5110.813
310898.134
4969.271
311175.252
4829.942
311446.297
4692.751
311711.455
4557.624
311971.016
4424.433
