5638.156
-2052.119
5638.156
-2053.847
5638.156
-2055.575
5638.156
-2057.305
5638.156
-2059.036
5638.156
-2060.767
5638.156
-2062.500
5638.156
-2064.234
5638.156
-2065.968
5638.156
-2067.704
5638.156
-2069.441
5638.156
-2071.179
5638.156
-2072.917
5584.226
-2054.825
5577.612
-2054.131
5573.532
-2054.370
5570.405
-2054.960
5567.767
-2055.730
5565.417
-2056.607
5563.245
-2057.550
5561.189
-2058.536
5559.203
-2059.549
5557.260
-2060.578
5555.334
-2061.613
5553.409
-2062.650
5551.468
-2063.681
5549.500
-2064.702
5547.492
-2065.709
5545.433
-2066.697
5543.313
-2067.663
5541.123
-2068.603
5538.852
-2069.513
5536.490
-2070.390
5534.027
-2071.229
5531.453
-2072.026
5528.756
-2072.778
5525.926
-2073.480
5522.949
-2074.127
5519.814
-2074.715
5516.507
-2075.238
5513.013
-2075.691
5509.317
-2076.068
5505.404
-2076.363
5501.255
-2076.568
5496.851
-2076.677
5492.174
-2076.682
5487.201
-2076.576
5481.911
-2076.348
5476.277
-2075.989
5470.275
-2075.490
5463.876
-2074.840
5457.050
-2074.026
5449.765
-2073.037
5441.987
-2071.858
5433.680
-2070.477
5424.804
-2068.877
5415.317
-2067.042
5405.176
-2064.955
5394.333
-2062.598
5382.739
-2059.951
5370.340
-2056.993
5357.080
-2053.702
5342.900
-2050.054
5327.738
-2046.026
5311.527
-2041.592
5294.200
-2036.723
5275.684
-2031.392
5255.905
-2025.569
5234.785
-2019.223
5212.243
-2012.323
5188.198
-2004.835
5162.564
-1996.726
5135.257
-1987.961
5106.189
-1978.506
5075.274
-1968.325
5042.425
-1957.385
5007.559
-1945.650
4970.592
-1933.087
4931.446
-1919.663
4890.047
-1905.349
4846.328
-1890.116
4800.227
-1873.939
4751.695
-1856.795
4700.689
-1838.666
4647.180
-1819.540
4591.153
-1799.407
4532.607
-1778.265
4471.556
-1756.117
4408.031
-1732.974
4342.083
-1708.852
4273.781
-1683.776
4203.210
-1657.778
4130.477
-1630.897
4055.707
-1603.180
3979.042
-1574.680
3900.641
-1545.459
3820.680
-1515.584
3739.346
-1485.126
3656.838
-1454.163
3573.367
-1422.776
3489.148
-1391.049
3404.399
-1359.068
3319.344
-1326.919
3234.201
-1294.689
3149.187
-1262.463
3064.513
-1230.325
2980.379
-1198.354
2896.977
-1166.626
2814.487
-1135.214
2733.076
-1104.184
2652.895
-1073.598
2574.081
-1043.510
2496.757
-1013.971
2421.028
-985.025
2346.985
-956.708
2274.705
-929.053
2204.249
-902.086
2135.664
-875.827
2068.986
-850.292
2004.237
-825.492
1941.429
-801.434
1880.564
-778.119
1821.636
-755.548
1764.628
-733.715
1709.519
-712.613
1656.281
-692.234
1604.879
-672.564
1555.278
-653.591
1507.434
-635.299
1461.305
-617.673
1416.843
-600.695
1374.000
-584.346
1332.726
-568.609
1292.972
-553.465
1254.687
-538.894
1217.821
-524.877
1182.322
-511.395
1148.141
-498.430
1115.230
-485.961
1083.540
-473.972
1053.023
-462.443
1023.634
-451.357
995.329
-440.697
968.063
-430.447
941.795
-420.589
916.485
-411.108
892.092
-401.989
868.579
-393.217
845.910
-384.778
824.050
-376.659
802.964
-368.846
782.622
-361.327
762.991
-354.089
744.102
-347.149
725.854
-340.463
708.214
-334.015
691.156
-327.798
674.660
-321.802
658.704
-316.018
643.265
-310.440
628.324
-305.058
613.861
-299.865
599.858
-294.855
586.298
-290.019
573.162
-285.351
560.434
-280.845
548.099
-276.495
536.142
-272.294
524.548
-268.237
519.171
-267.339
