 0.352
 0.352
 0.352
 0.353
 0.353
 0.353
 0.353
 0.353
 0.353
 0.354
 0.354
 0.354
 0.354
 0.354
 0.355
 2.869
 0.939
 0.591
 0.461
 0.400
 0.368
 0.350
 0.339
 0.332
 0.328
 0.325
 0.324
 0.323
 0.323
 0.324
 0.325
 0.326
 0.328
 0.331
 0.334
 0.338
 0.342
 0.347
 0.353
 0.360
 0.368
 0.377
 0.387
 0.399
 0.411
 0.426
 0.441
 0.459
 0.478
 0.499
 0.522
 0.548
 0.575
 0.605
 0.637
 0.673
 0.710
 0.751
 0.795
 0.842
 0.893
 0.947
 1.005
 1.067
 1.132
 1.203
 1.278
 1.357
 1.442
 1.532
 1.628
 1.729
 1.836
 1.950
 2.070
 2.196
 2.330
 2.471
 2.620
 2.776
 2.940
 3.112
 3.293
 3.481
 3.679
 3.884
 4.098
 4.321
 4.552
 4.791
 5.037
 5.292
 5.553
 5.821
 6.095
 6.375
 6.659
 6.946
 7.236
 7.528
 7.820
 8.112
 8.401
 8.687
 8.968
 9.242
 9.509
 9.766
10.013
10.247
10.468
10.675
10.865
11.038
11.194
11.331
11.448
11.546
11.623
11.681
11.718
11.736
11.733
11.712
11.672
11.615
11.540
11.449
11.344
11.224
11.092
10.948
10.793
10.629
10.456
10.276
10.090
 9.898
 9.702
 9.503
 9.301
 9.098
 8.893
 8.688
 8.484
 8.280
 8.077
 7.877
 7.679
 7.483
 7.290
 7.100
 6.914
 6.731
 6.552
 6.377
 6.206
 6.039
 5.876
 5.717
 5.562
 5.412
 5.265
 5.123
 4.984
 4.850
 4.719
 4.592
 4.469
 4.350
 4.234
 4.122
 4.013
 3.908
 3.805
 3.706
 3.610
 3.518
 3.428
 3.340
 3.256
 3.174
 3.095
 3.018
 2.944
 2.872
 2.802
 2.734
 2.669
 2.605
 2.544
 2.484
 2.426
 2.370
 2.316
 2.263
 2.212
 2.163
 2.115
 2.068
 2.023
 1.979
 1.936
 1.895
 1.855
 1.816
 1.778
 1.742
 1.706
 1.671
 1.638
 1.605
 1.573
 1.543
 1.513
 1.483
 1.455
 1.427
 1.401
 1.375
 1.349
 1.324
 1.300
 1.277
 1.254
 1.232
 1.211
 1.190
