5000.000
5000.591
5001.183
5001.776
5002.369
5002.964
5003.559
5004.155
5004.752
5005.349
5005.948
5006.547
5007.147
5007.748
5008.350
4967.231
4959.632
4956.140
4953.834
4952.094
4950.679
4949.469
4948.397
4947.419
4946.507
4945.638
4944.797
4943.973
4943.154
4942.331
4941.499
4940.649
4939.777
4938.875
4937.939
4936.964
4935.944
4934.874
4933.749
4932.564
4931.313
4929.990
4928.591
4927.108
4925.536
4923.868
4922.097
4920.215
4918.216
4916.091
4913.831
4911.428
4908.872
4906.153
4903.261
4900.183
4896.909
4893.425
4889.718
4885.774
4881.578
4877.114
4872.366
4867.315
4861.944
4856.232
4850.159
4843.704
4836.842
4829.551
4821.804
4813.575
4804.837
4795.561
4785.716
4775.271
4764.192
4752.447
4740.001
4726.816
4712.856
4698.083
4682.457
4665.940
4648.491
4630.069
4610.634
4590.146
4568.565
4545.850
4521.965
4496.872
4470.536
4442.924
4414.006
4383.755
4352.147
4319.162
4284.786
4249.009
4211.824
4173.235
4133.247
4091.874
4049.136
4005.061
3959.682
3913.042
3865.188
3816.175
3766.066
3714.928
3662.834
3609.865
3556.104
3501.640
3446.563
3390.967
3334.949
3278.605
3222.033
3165.329
3108.587
3051.903
2995.365
2939.062
2883.076
2827.488
2772.371
2717.796
2663.826
2610.522
2557.938
2506.121
2455.114
2404.957
2355.680
2307.313
2259.879
2213.394
2167.875
2123.332
2079.770
2037.193
1995.602
1954.994
1915.362
1876.700
1838.998
1802.245
1766.426
1731.528
1697.535
1664.430
1632.196
1600.814
1570.265
1540.531
1511.592
1483.429
1456.021
1429.349
1403.393
1378.133
1353.551
1329.627
1306.342
1283.678
1261.616
1240.138
1219.228
1198.868
1179.040
1159.730
1140.921
1122.598
1104.745
1087.349
1070.395
1053.869
1037.758
1022.050
1006.731
991.789
977.214
962.993
949.116
935.572
922.351
909.443
896.839
884.528
872.503
860.754
849.274
838.054
827.087
816.365
805.880
795.626
785.596
775.784
766.183
756.787
747.591
738.588
729.773
721.141
712.686
704.404
696.290
688.340
680.548
672.911
665.425
658.084
650.886
643.827
636.903
630.110
623.445
616.906
610.487
604.188
598.003
591.932
585.970
580.115
574.365
568.717
563.168
557.716
552.359
547.094
541.920
536.834
531.834
526.919
522.085
517.332
512.658
508.060
503.538
499.089
494.711
490.404
486.166
481.996
477.891
473.850
468.077
411.940
367.781
332.153
302.815
278.248
257.385
239.456
223.891
210.259
198.228
187.537
177.982
169.397
161.647
154.622
148.230
142.395
137.053
132.149
127.637
123.476
119.633
116.077
112.782
109.725
106.886
104.246
101.791
99.505
97.376
95.393
93.545
91.822
90.216
88.720
87.326
86.027
84.817
83.691
82.644
81.670
80.765
79.925
79.145
78.423
77.754
77.135
76.563
76.035
75.548
75.100
74.689
74.311
73.964
73.647
73.357
73.093
72.852
72.634
72.436
72.256
72.094
71.949
71.817
71.700
71.595
71.501
71.418
71.344
71.278
71.220
71.170
71.125
71.086
71.051
71.021
70.995
70.972
70.951
70.933
70.917
70.902
70.888
70.876
70.863
70.851
70.839
70.827
70.815
70.802
70.788
70.773
70.758
70.741
70.723
70.704
70.683
70.661
70.637
70.612
70.585
70.557
70.527
70.495
70.461
70.426
70.390
70.351
70.311
70.269
70.226
70.181
70.134
70.086
70.036
69.985
69.932
69.878
69.822
69.765
69.707
69.647
69.586
69.524
69.461
69.396
69.331
69.264
69.196
69.127
69.058
68.987
68.915
68.843
68.770
68.696
68.621
68.545
68.469
68.392
68.315
68.237
68.158
68.079
67.999
67.919
67.838
67.757
67.676
67.594
67.512
67.429
67.346
67.263
67.179
67.096
67.012
66.928
66.843
66.759
66.674
66.589
66.504
66.419
66.334
66.249
66.163
66.078
65.993
65.907
65.822
65.736
65.651
65.565
65.480
65.394
65.309
65.224
65.138
65.056
64.978
64.900
64.820
64.740
64.660
64.579
64.498
64.416
64.334
64.252
64.169
64.086
64.003
63.919
63.836
63.752
63.668
63.584
63.500
63.415
63.331
63.246
63.162
63.078
62.993
62.909
62.824
62.740
62.655
62.571
62.487
62.402
62.318
62.234
62.150
62.066
61.983
61.899
61.816
61.732
61.649
61.566
61.483
61.400
61.318
61.235
61.153
61.071
60.989
60.907
60.825
60.744
60.662
60.581
60.500
60.420
60.339
60.259
60.179
60.099
60.019
59.939
59.860
59.781
59.701
59.623
59.544
59.466
59.387
59.309
59.231
59.154
59.076
58.999
58.922
58.845
58.768
58.692
58.616
58.539
58.464
58.388
58.312
58.237
58.162
58.087
58.012
57.938
57.863
57.789
57.715
57.642
57.568
57.495
57.421
57.348
57.276
57.203
57.131
57.058
56.986
56.914
56.843
56.771
56.700
56.629
56.558
56.487
56.416
56.346
56.276
56.206
56.136
56.066
55.997
55.927
55.858
55.789
55.720
55.652
55.583
55.515
55.447
55.379
55.311
55.244
55.176
55.109
55.042
54.975
54.908
54.842
54.775
54.709
54.643
54.577
54.511
54.446
54.380
54.315
54.250
54.185
54.120
54.056
53.991
53.927
53.863
53.799
53.735
53.671
53.608
53.544
53.481
53.418
53.355
53.293
53.230
53.168
53.105
53.043
52.981
52.919
52.858
52.796
52.735
52.674
52.612
52.552
52.491
52.430
52.431
52.700
49.373
46.038
46.854
48.687
50.518
52.348
54.175
56.001
57.825
59.647
61.466
63.284
65.099
66.912
68.722
70.530
72.335
74.138
75.938
77.735
79.529
81.060
81.659
81.287
80.294
78.932
77.297
75.450
73.449
71.352
69.200
67.025
64.847
62.686
60.554
58.461
56.414
54.418
52.477
50.592
48.765
46.996
45.285
43.632
42.035
40.494
39.007
37.572
36.189
34.856
33.571
32.333
31.140
29.990
28.882
27.816
26.788
25.798
24.845
23.927
23.042
22.190
21.370
20.580
19.819
19.086
18.381
17.701
17.047
16.416
15.809
15.225
14.662
14.120
13.598
13.095
12.611
12.145
11.696
11.263
10.847
10.446
10.059
 9.687
 9.329
 8.984
 8.652
 8.332
 8.024
 7.727
 7.442
 7.167
 6.902
 6.646
 6.401
 6.164
 5.936
 5.717
 5.505
 5.302
 5.106
 4.917
 4.735
 4.560
 4.391
 4.229
 4.073
 3.922
 3.777
 3.637
 3.503
 3.373
 3.249
 3.129
 3.013
 2.902
 2.794
 2.691
 2.591
 2.496
 2.403
 2.314
 2.229
 2.146
 2.067
 1.991
 1.917
 1.846
 1.778
 1.712
 1.649
 1.588
 1.529
 1.473
 1.418
 1.366
 1.315
 1.267
 1.220
 1.175
 1.131
 1.089
 1.049
 1.010
 0.973
 0.937
 0.902
 0.869
 0.837
 0.806
 0.776
 0.747
 0.720
 0.693
 0.668
 0.643
 0.619
 0.596
 0.574
 0.553
 0.533
 0.513
 0.494
 0.476
 0.458
 0.441
 0.425
 0.409
 0.394
 0.379
 0.365
 0.352
 0.339
 0.326
 0.314
 0.303
 0.291
 0.281
 0.270
 0.260
 0.251
 0.241
 0.232
 0.224
 0.216
 0.208
 0.200
 0.193
 0.185
 0.179
 0.172
 0.166
 0.159
 0.154
 0.148
 0.142
 0.137
 0.132
 0.127
 0.123
 0.118
 0.114
 0.109
 0.105
 0.101
 0.098
 0.094
 0.091
 0.087
 0.084
 0.081
 0.078
 0.075
 0.072
 0.070
 0.067
 0.065
 0.062
 0.060
 0.058
 0.056
 0.053
 0.052
 0.050
 0.048
 0.046
 0.147
 0.161
 0.163
 0.164
 0.166
 0.167
 0.169
 0.170
 0.171
