 0.000
125000.000
2349.232
124144.518
4698.464
123288.173
7047.695
122430.963
9396.927
121572.888
11746.159
120713.949
14095.391
119854.143
16444.623
118993.471
18793.854
118131.933
21143.086
117269.528
23492.318
116406.256
25841.550
115542.115
28190.782
114677.107
30540.013
113811.230
32889.245
112944.484
35231.112
112081.388
37560.127
111225.307
39886.707
110369.846
42211.803
109514.424
44535.771
108658.823
46858.797
107802.928
49180.994
106946.671
51502.434
106090.005
53823.168
105232.900
56143.229
104375.336
58462.640
103517.297
60781.418
102658.775
63099.571
101799.763
65417.103
100940.259
67734.015
100080.261
70050.304
99219.773
72365.963
98358.796
74680.984
97497.338
76995.354
96635.404
79309.061
95773.004
81622.088
94910.146
83934.416
94046.842
86246.025
93183.106
88556.891
92318.950
90866.991
91454.391
93176.295
90589.445
95484.774
89724.131
97792.397
88858.468
100099.127
87992.479
102404.928
87126.186
104709.759
86259.615
107013.577
85392.791
109316.336
84525.745
111617.986
83658.506
113918.474
82791.108
116217.745
81923.586
118515.737
81055.977
120812.387
80188.322
123107.626
79320.662
125401.381
78453.044
127693.575
77585.516
129984.126
76718.129
132272.944
75850.940
134559.937
74984.005
136845.006
74117.389
139128.045
73251.155
141408.941
72385.376
143687.575
71520.126
145963.820
70655.484
148237.543
69791.535
150508.599
68928.368
152776.838
68066.078
155042.099
67204.766
157304.212
66344.539
159562.996
65485.509
161818.260
64627.797
164069.801
63771.529
166317.405
62916.839
168560.847
62063.868
170799.886
61212.766
173034.271
60363.691
175263.733
59516.809
177487.993
58672.294
179706.755
57830.332
181919.706
56991.114
184126.518
56154.845
186326.849
55321.736
188520.336
54492.012
190706.601
53665.904
192885.249
52843.657
195055.866
52025.523
197218.020
51211.766
199371.262
50402.659
201515.124
49598.487
203649.120
48799.543
205772.749
48006.128
207885.489
47218.556
209986.806
46437.144
212076.146
45662.222
214152.944
44894.121
216216.619
44133.183
218266.580
43379.751
220302.222
42634.173
222322.934
41896.801
224328.097
41167.985
226317.087
40448.074
228289.278
39737.418
230244.044
39036.359
232180.761
38345.235
234098.810
37664.377
235997.582
36994.103
237876.478
36334.723
239734.914
35686.530
241572.324
35049.804
243388.161
34424.806
245181.904
33811.779
246953.056
33210.944
248701.150
32622.501
250425.752
32046.625
252126.461
31483.469
253802.911
30933.157
255454.778
30395.791
257081.772
29871.442
258683.649
29360.157
260260.204
28861.955
261811.274
28376.828
263336.740
27904.744
264836.523
27445.644
266310.588
26999.443
267758.939
26566.036
269181.623
26145.292
270578.721
25737.062
271950.354
25341.175
273296.679
24957.445
274617.885
24585.666
275914.191
24225.621
277185.848
23877.077
278433.132
23539.790
279656.344
23213.508
280855.808
22897.969
282031.866
22592.904
283184.882
22298.039
284315.230
22013.098
285423.301
21737.799
286509.497
21471.862
287574.229
21215.003
288617.915
20966.941
289640.980
20727.397
290643.850
20496.094
291626.958
20272.756
292590.736
20057.113
293535.615
19848.901
294462.027
19647.856
295370.398
19453.725
296261.156
19266.255
297134.720
19085.205
297991.507
18910.334
298831.927
18741.412
299656.384
18578.214
300465.276
18420.520
301258.994
18268.120
302037.922
18120.807
302802.434
17978.382
303552.898
17840.653
304289.674
17707.435
305013.114
17578.548
305723.560
17453.819
306421.347
17333.080
307106.801
17216.170
307780.241
17102.935
308441.975
16993.225
309092.306
16886.895
309731.526
16783.808
310359.921
16683.830
310977.768
16586.833
311585.336
16492.693
312182.887
16401.292
312770.676
16312.515
313348.949
16226.254
313917.946
16142.403
314477.899
16060.860
315029.035
15981.528
315571.573
15904.314
316105.726
15829.128
316631.699
15755.883
317149.692
15684.497
317659.901
15614.889
318162.514
15546.983
318657.713
15480.706
319145.675
15415.986
319626.574
15352.756
320100.574
15290.950
320567.840
15230.504
321028.526
15171.360
321482.787
15113.458
321930.769
15056.743
322372.616
15001.161
322808.468
14946.659
323238.459
14893.189
323662.721
14840.703
324081.380
14789.154
324494.562
14738.498
324902.384
14688.693
325304.965
14639.697
325702.417
14591.471
326094.850
14543.976
326482.371
14497.176
326865.082
14451.036
327243.086
14405.522
327616.480
14360.600
327985.359
14316.240
328349.816
14272.410
328709.939
14229.082
329065.817
14186.227
329417.535
14143.817
329765.175
14101.827
330108.818
14060.231
330448.541
14019.004
330784.421
13978.124
331116.531
13937.566
331444.945
13897.309
331769.730
13857.332
332090.957
13817.615
332408.690
13778.136
332722.996
13738.878
333033.936
13699.822
333341.573
13660.950
333645.965
13622.245
333947.171
13583.690
334245.249
13545.268
334540.252
13506.965
334832.234
13468.766
335121.249
13430.655
335407.348
13392.620
335690.580
13354.645
335970.994
13316.719
336248.637
13278.828
336523.556
13240.960
336795.796
13203.103
337065.401
13165.247
337332.414
13127.379
337596.877
13089.489
337858.831
13051.566
338118.316
13013.601
338375.371
12975.584
338630.034
12937.506
338882.343
12899.356
339132.333
12861.127
339380.040
12822.810
339625.500
12784.397
339868.745
12745.879
340109.809
12707.250
340348.725
12668.501
340585.524
12629.625
340820.237
12590.616
341052.892
12551.467
341269.152
12514.422
341460.728
12480.737
341632.618
12449.637
341788.445
12420.565
341930.914
12393.102
342062.100
12366.929
342183.629
12341.794
342296.798
12317.498
342402.660
12293.879
342502.077
12270.804
342595.770
12248.162
342684.342
12225.861
342768.305
12203.823
342848.097
12181.980
342924.097
12160.276
342996.633
12138.660
343065.990
12117.090
343132.420
12095.528
343196.146
12073.940
343257.364
12052.299
343316.249
12030.577
343372.959
12008.754
343427.635
11986.808
343480.403
11964.722
343531.379
11942.480
343580.666
11920.068
343628.359
11897.474
343674.545
11874.686
343719.302
11851.696
343762.704
11828.495
343804.815
11805.075
343845.698
11781.430
343885.409
11757.553
343924.000
11733.442
343961.520
11709.090
343998.013
11684.496
344033.520
11659.656
344068.082
11634.569
344101.733
11609.232
344134.508
11583.645
344166.439
11557.808
344197.555
11531.719
344227.883
11505.380
344257.451
11478.791
344286.283
11451.954
344314.402
11424.870
344341.830
11397.540
344368.588
11369.967
344394.695
11342.154
344420.171
11314.102
344445.034
11285.815
344469.299
11257.296
344492.984
11228.548
344516.104
11199.575
344538.674
11170.380
344560.707
11140.968
344582.218
11111.343
344603.219
11081.508
344623.722
11051.468
344643.741
11021.227
344663.286
10990.791
344682.369
10960.162
344701.001
10929.347
344719.192
10898.350
344736.951
10867.175
344754.290
10835.828
344771.218
10804.313
344787.744
10772.636
344803.876
10740.800
344819.624
10708.812
344834.997
10676.675
344850.002
10644.395
344864.647
10611.976
344878.941
10579.424
344892.892
10546.743
344906.507
10513.938
344919.792
10481.014
344932.757
10447.975
344945.406
10414.826
344957.749
10381.572
344969.790
10348.217
344981.538
10314.765
344992.997
10281.221
345004.176
10247.590
345015.079
10213.874
345025.713
10180.079
345036.085
10146.209
345046.199
10112.267
345056.061
10078.258
345065.678
10044.185
345075.055
10010.052
345084.197
9975.863
345093.109
9941.621
345101.797
9907.330
345110.265
9872.992
345118.520
9838.613
345126.565
9804.194
345134.405
9769.739
345142.046
9735.250
345149.492
9700.732
345156.747
9666.186
345163.815
9631.616
345170.702
9597.024
345177.412
9562.413
345183.948
9527.785
345190.314
9493.143
345196.516
9458.490
345202.555
9423.827
345208.438
9389.157
345214.167
9354.482
345219.745
9319.804
345225.178
9285.125
345230.467
9250.448
345235.617
9215.773
345240.631
9181.103
345245.512
9146.440
345250.264
9111.785
345254.889
9077.140
345259.392
9042.507
345263.774
9007.886
345268.039
8973.280
345272.190
8938.690
345276.229
8904.117
345280.160
8869.562
345283.985
8835.027
345287.707
8800.513
345291.328
8766.021
345294.851
8731.552
345298.279
8697.107
345301.613
8662.687
345304.857
8628.293
345308.012
8593.927
345311.081
8559.588
345314.066
8525.278
345316.969
8490.997
345319.793
8456.747
345322.539
8422.528
345325.209
8388.341
345327.806
8354.186
345330.330
8320.063
345332.785
8285.975
345335.172
8251.921
345337.493
8217.901
345339.749
8183.916
345341.942
8149.968
345344.074
8116.055
345346.146
8082.179
345348.161
8048.340
345350.119
8014.539
345352.022
7980.775
345353.871
7947.049
345355.669
7913.362
345357.415
7879.713
345359.113
7846.104
345360.762
7812.534
345362.365
7779.003
345363.923
7745.513
345365.436
7712.062
345366.906
7678.652
345368.334
7645.282
345369.722
7611.952
345371.070
7578.664
345372.379
7545.416
345373.651
7512.210
345374.886
7479.044
345376.086
7445.920
345377.252
7412.838
345378.383
7379.797
345379.483
7346.797
345380.550
7313.840
345381.587
7280.924
345382.594
7248.050
345383.571
7215.217
345384.520
7182.427
345385.442
7149.679
345386.336
7116.973
345387.205
7084.308
345388.048
7051.686
345388.867
7019.106
345389.662
6986.567
345390.433
6954.068
345391.182
6921.607
345391.910
6889.185
345392.615
6856.803
345393.300
6824.460
345393.965
6792.157
345394.611
6759.894
345395.237
6727.672
345395.845
6695.490
345396.435
6663.349
345397.007
6631.249
345397.562
6599.190
345398.101
6567.172
345398.624
6535.196
345399.132
6503.261
345399.624
6471.368
345400.101
6439.517
345400.564
6407.707
345401.014
6375.939
345401.450
6344.214
345401.872
6312.530
345402.282
6280.888
345402.680
6249.289
345403.066
6217.731
345403.440
6186.216
345403.802
6154.742
345404.154
6123.311
345404.495
6091.922
345404.826
6060.575
345405.147
6029.270
345405.458
5998.007
345405.759
5966.787
345406.051
5935.608
345406.335
5904.471
345406.609
5873.376
345406.875
5842.323
345407.134
5811.312
345407.384
5780.342
345407.626
5749.414
345407.861
5718.528
345408.089
5687.684
345408.310
5656.881
345408.523
5626.119
345408.731
5595.399
345408.931
5564.720
345409.126
5534.083
345409.315
5503.486
345409.497
5472.931
345409.674
5442.417
345409.846
5411.943
345410.012
5381.511
345410.173
5351.119
345410.329
5320.768
345410.480
5290.457
345410.626
5260.187
345410.768
5229.957
345410.905
5199.768
345411.038
5169.619
345411.166
5139.510
345411.291
5109.441
345411.412
5079.412
345411.529
5049.423
345411.642
5019.473
345411.751
4989.563
345411.857
4959.693
345411.960
4929.862
345412.060
4900.071
345412.156
4870.318
345412.249
4840.605
345412.339
4810.931
345412.427
4781.296
345412.511
4751.700
345412.593
4722.143
345412.672
4692.624
345412.749
4663.144
345412.823
4633.702
345412.895
4604.299
345412.964
4574.934
345413.031
4545.608
345413.097
4516.319
345413.159
4487.068
345413.220
4457.855
345413.279
4428.680
345413.336
4399.543
345413.391
4370.444
345413.445
4341.381
345413.496
4312.357
345413.546
4283.369
345413.595
4254.419
345413.641
4225.506
345413.687
4196.630
345413.730
4167.791
345413.773
4138.988
345413.813
4110.223
345413.853
4081.494
345413.891
4052.801
345413.928
4024.145
345413.964
3995.526
345413.998
3966.942
345414.032
3938.395
345414.064
3909.884
345414.095
3881.409
345414.126
3852.970
345414.155
3824.566
345414.183
3796.199
345414.210
3767.867
345414.237
3739.570
345414.262
3711.309
345414.287
3683.083
345414.311
3654.893
345414.334
3626.737
345414.356
3598.617
345414.377
3570.531
345414.398
3542.481
345414.418
3514.465
345414.438
3486.484
345414.456
3458.538
345414.474
3430.626
345414.492
3402.749
345414.509
3374.906
345414.525
3347.097
345414.541
3319.322
345414.556
3291.582
345414.571
3263.875
345414.585
3236.203
345414.599
3208.564
345414.612
3180.959
345414.625
3153.388
345414.637
3125.850
345414.649
3098.346
345414.661
3070.875
345414.672
3043.437
345414.682
3016.033
345414.693
2988.662
345414.703
2961.324
345414.713
2934.019
345414.722
2906.747
345414.731
2879.508
345414.740
2852.301
345414.748
2825.127
345414.756
2797.986
345414.764
2770.877
345414.771
2743.801
345414.779
2716.757
345414.786
2689.745
345414.793
2662.766
345414.799
2635.818
345414.806
2608.903
345414.812
2582.019
345414.818
2555.168
345414.823
2528.348
345414.829
2501.560
345414.834
2474.803
345414.839
2448.079
345414.844
2421.385
345414.849
2394.723
345414.853
2368.093
345414.858
2341.493
345414.862
2314.925
345414.866
2288.388
345414.870
2261.882
345414.874
2235.407
345414.878
2208.962
345414.881
2182.549
345414.885
2156.166
345414.888
2129.814
345414.891
2103.492
345414.894
2077.202
345414.897
2050.941
345414.900
2024.711
345414.903
1998.511
345414.906
1971.967
345414.908
1946.446
345414.910
1922.594
345414.912
1899.549
345414.914
1875.664
345414.917
1850.863
345414.919
1825.146
345414.921
1798.515
345414.923
1770.971
345414.925
1742.514
345414.927
1713.146
345414.929
1682.868
345414.931
1651.680
345414.933
1619.584
345414.935
1586.581
345414.937
1552.673
345414.939
1517.860
345414.941
1482.143
345414.944
1445.525
345414.946
1408.006
345414.948
1369.587
345414.950
1330.271
345414.952
1290.096
345414.954
1249.372
345414.956
1208.601
345414.958
1168.187
345414.960
1128.368
345414.961
1089.301
345414.963
1051.106
345414.965
1013.877
345414.966
977.673
345414.968
942.534
345414.969
908.477
345414.970
875.510
345414.972
843.627
345414.973
812.819
345414.974
783.066
345414.975
754.350
345414.976
726.644
345414.977
699.922
345414.977
674.157
345414.978
649.320
345414.979
625.383
345414.979
602.315
345414.980
580.088
345414.981
558.673
345414.981
538.043
345414.982
518.171
345414.982
499.028
345414.982
480.590
345414.983
462.830
345414.983
445.726
345414.983
429.252
345414.984
413.385
345414.984
398.105
345414.984
383.388
345414.984
369.216
345414.985
355.566
345414.985
342.421
345414.985
329.762
345414.985
317.571
345414.985
305.830
345414.985
294.523
345414.985
283.634
345414.985
273.148
345414.985
263.049
345414.986
253.324
345414.986
243.958
345414.986
234.939
345414.986
226.253
345414.986
217.888
345414.986
209.833
345414.986
202.075
345414.986
194.604
345414.986
187.409
345414.986
180.481
345414.986
173.808
345414.986
167.383
345414.986
161.195
345414.986
155.235
345414.986
149.496
345414.986
143.969
345414.986
138.647
345414.986
133.521
345414.986
128.585
345414.986
123.832
345414.986
119.254
345414.986
114.845
345414.986
110.600
345414.986
106.511
345414.986
102.574
345414.986
98.782
345414.986
95.130
345414.986
91.613
345414.986
88.227
345414.986
84.965
345414.986
81.825
345414.986
78.800
345414.986
75.887
345414.986
73.082
345414.986
70.381
345414.986
67.779
345414.986
65.274
345414.986
62.861
345414.986
60.537
345414.986
58.300
345414.986
56.145
345414.986
54.070
345414.986
52.071
345414.986
50.147
345414.986
48.293
345414.986
46.508
345414.986
44.790
345414.986
43.134
345414.986
41.540
345414.986
40.005
345414.986
38.527
345414.986
37.103
345414.986
35.732
345414.986
34.411
345414.986
33.140
345414.986
31.915
345414.986
30.736
345414.986
29.600
345414.986
28.506
345414.986
27.453
345414.986
26.439
345414.986
25.462
345414.986
24.521
345414.986
23.615
345414.986
22.743
345414.986
21.903
345414.986
21.094
345414.986
20.314
345414.986
19.564
345414.986
18.841
345414.986
18.145
345414.986
17.475
345414.986
16.830
345414.986
16.208
345414.986
15.610
345414.986
15.033
345414.986
14.478
345414.986
13.944
345414.986
13.429
345414.986
12.933
345414.986
12.455
345414.986
11.996
345414.986
11.553
345414.986
11.126
345414.986
10.716
345414.986
10.320
345414.986
 9.939
345414.986
 9.573
345414.986
 9.219
345414.986
 8.879
345414.986
 8.552
345414.986
 8.236
345414.986
 7.932
345414.986
 7.640
345414.986
 7.358
345414.986
 7.087
345414.986
 6.826
345414.986
 6.574
345414.986
 6.332
345414.986
 6.098
345414.986
 5.873
345414.986
 5.657
345414.986
 5.449
345414.986
 5.248
345414.986
 5.055
345414.986
 4.868
345414.986
 4.689
345414.986
 4.516
345414.986
 4.350
345414.986
 4.190
345414.986
 4.036
345414.986
 3.887
345414.986
 3.744
345414.986
 3.607
345414.986
 3.474
345414.986
 3.346
345414.986
 3.223
345414.986
 3.105
345414.986
 2.991
345414.986
 2.881
345414.986
 2.775
345414.986
 2.673
345414.986
 2.575
345414.986
 2.481
345414.986
 2.390
345414.986
 2.302
345414.986
 2.218
345414.986
 2.137
345414.986
 2.058
345414.986
 1.983
345414.986
 1.910
345414.986
 1.840
345414.986
 1.773
345414.986
 1.708
345414.986
 1.646
345414.986
 1.586
345414.986
 1.528
345414.986
 1.472
345414.986
 1.418
345414.986
 1.367
345414.986
 1.317
345414.986
 1.269
345414.986
 1.223
345414.986
 1.178
345414.986
 1.136
345414.986
 1.094
345414.986
 1.055
345414.986
 1.016
345414.986
 0.979
345414.986
 0.944
345414.986
 0.910
345414.986
 0.877
345414.986
 0.845
345414.986
 0.815
345414.986
 0.785
345414.986
 0.757
345414.986
 0.730
345414.986
 0.704
345414.986
 0.678
345414.986
 0.654
345414.986
 0.631
345415.002
 0.578
345415.024
 0.511
345415.048
 0.444
345415.073
 0.377
345415.100
 0.311
345415.127
 0.247
345415.155
 0.183
345415.183
 0.120
345415.212
 0.058
