4698.464
-1710.099
4698.464
-1711.827
4698.464
-1713.555
4698.464
-1715.284
4698.464
-1717.014
4698.464
-1718.745
4698.464
-1720.477
4698.464
-1722.210
4698.464
-1723.943
4698.464
-1725.677
4698.464
-1727.413
4698.464
-1729.149
4698.464
-1730.885
4698.464
-1732.623
4698.464
-1734.362
4662.200
-1713.848
4655.070
-1711.220
4651.510
-1710.781
4648.983
-1710.973
4646.947
-1711.467
4645.193
-1712.135
4643.617
-1712.912
4642.161
-1713.762
4640.785
-1714.663
4639.466
-1715.599
4638.185
-1716.558
4636.928
-1717.533
4635.684
-1718.516
4634.445
-1719.502
4633.202
-1720.487
4631.950
-1721.466
4630.683
-1722.437
4629.396
-1723.395
4628.083
-1724.337
4626.739
-1725.262
4625.361
-1726.165
4623.944
-1727.044
4622.484
-1727.897
4620.975
-1728.720
4619.413
-1729.511
4617.794
-1730.267
4616.113
-1730.984
4614.365
-1731.659
4612.544
-1732.290
4610.646
-1732.873
4608.664
-1733.404
4606.593
-1733.879
4604.426
-1734.295
4602.157
-1734.648
4599.778
-1734.932
4597.283
-1735.144
4594.664
-1735.278
4591.912
-1735.330
4589.019
-1735.293
4585.976
-1735.163
4582.773
-1734.932
4579.399
-1734.595
4575.844
-1734.144
4572.096
-1733.573
4568.144
-1732.873
4563.973
-1732.036
4559.571
-1731.055
4554.923
-1729.919
4550.014
-1728.620
4544.828
-1727.147
4539.348
-1725.490
4533.555
-1723.636
4527.432
-1721.576
4520.958
-1719.296
4514.113
-1716.783
4506.874
-1714.024
4499.219
-1711.004
4491.124
-1707.709
4482.563
-1704.123
4473.510
-1700.231
4463.938
-1696.014
4453.819
-1691.457
4443.123
-1686.540
4431.819
-1681.246
4419.876
-1675.556
4407.261
-1669.450
4393.941
-1662.909
4379.882
-1655.911
4365.048
-1648.438
4349.406
-1640.468
4332.918
-1631.981
4315.549
-1622.956
4297.262
-1613.375
4278.023
-1603.216
4257.795
-1592.461
4236.545
-1581.092
4214.239
-1569.092
4190.844
-1556.445
4166.330
-1543.136
4140.669
-1529.153
4113.835
-1514.486
4085.805
-1499.126
4056.559
-1483.067
4026.082
-1466.306
3994.362
-1448.843
3961.390
-1430.682
3927.165
-1411.829
3891.689
-1392.294
3854.970
-1372.090
3817.023
-1351.237
3777.865
-1329.755
3737.524
-1307.669
3696.032
-1285.009
3653.426
-1261.808
3609.750
-1238.103
3565.055
-1213.933
3519.397
-1189.341
3472.836
-1164.373
3425.438
-1139.078
3377.275
-1113.505
3328.419
-1087.707
3278.950
-1061.735
3228.947
-1035.645
3178.493
-1009.489
3127.672
-983.322
3076.569
-957.195
3025.268
-931.161
2973.853
-905.269
2922.408
-879.569
2871.013
-854.105
2819.747
-828.921
2768.686
-804.057
2717.901
-779.551
2667.462
-755.438
2617.433
-731.749
2567.875
-708.510
2518.844
-685.748
2470.392
-663.483
2422.565
-641.733
2375.405
-620.514
2328.951
-599.837
2283.235
-579.713
2238.288
-560.146
2194.132
-541.142
2150.790
-522.703
2108.277
-504.827
2066.608
-487.513
2025.792
-470.756
1985.835
-454.551
1946.742
-438.891
1908.513
-423.767
1871.147
-409.171
1834.641
-395.092
1798.988
-381.518
1764.182
-368.440
1730.213
-355.843
1697.071
-343.716
1664.743
-332.046
1633.218
-320.820
1602.482
-310.025
1572.519
-299.647
1543.315
-289.673
1514.855
-280.090
1487.122
-270.886
1460.100
-262.047
1433.773
-253.560
1408.123
-245.414
1383.134
-237.596
1358.789
-230.094
1335.072
-222.897
1311.966
-215.993
1289.454
-209.371
1267.521
-203.022
1246.151
-196.934
1225.326
-191.097
1205.033
-185.502
1185.256
-180.140
1165.981
-175.002
1147.191
-170.078
1128.874
-165.361
1111.016
-160.843
1093.602
-156.515
1076.620
-152.371
1060.057
-148.403
1043.901
-144.604
1028.139
-140.968
1012.760
-137.488
997.751
-134.159
983.103
-130.974
968.804
-127.928
954.844
-125.015
941.213
-122.231
927.900
-119.570
914.897
-117.027
902.194
-114.599
889.782
-112.280
877.653
-110.067
865.798
-107.955
854.210
-105.941
842.880
-104.020
831.800
-102.190
820.965
-100.447
810.365
-98.788
799.995
-97.210
789.849
-95.709
779.918
-94.282
770.198
-92.928
760.683
-91.643
751.366
-90.425
742.242
-89.272
733.305
-88.180
724.550
-87.148
715.973
-86.174
707.568
-85.256
699.331
-84.391
691.256
-83.578
683.340
-82.815
675.578
-82.100
667.966
-81.431
660.500
-80.807
653.176
-80.227
645.990
-79.688
638.938
-79.189
632.018
-78.730
625.225
-78.308
618.557
-77.922
612.009
-77.572
605.579
-77.255
599.265
-76.971
593.062
-76.719
586.968
-76.497
580.981
-76.305
575.097
-76.142
569.314
-76.006
563.630
-75.897
558.042
-75.813
552.547
-75.755
547.144
-75.720
541.831
-75.709
536.604
-75.721
531.462
-75.754
526.404
-75.809
521.426
-75.884
516.527
-75.979
511.705
-76.093
506.959
-76.225
502.287
-76.376
497.686
-76.543
493.155
-76.728
488.694
-76.928
484.299
-77.145
479.969
-77.376
475.704
-77.622
471.502
-77.883
467.360
-78.157
461.513
-78.113
405.875
-70.427
362.068
-64.570
326.686
-60.013
297.513
-56.414
273.048
-53.542
252.234
-51.234
234.311
-49.371
218.715
-47.866
205.018
-46.654
192.892
-45.684
182.080
-44.914
172.377
-44.315
163.620
-43.860
155.676
-43.529
148.434
-43.305
141.803
-43.172
135.709
-43.121
130.086
-43.139
124.882
-43.220
120.048
-43.355
115.546
-43.538
111.341
-43.763
107.404
-44.027
103.707
-44.323
100.230
-44.650
96.950
-45.002
93.852
-45.378
90.918
-45.774
88.136
-46.189
85.492
-46.619
82.975
-47.063
80.576
-47.520
78.285
-47.986
76.095
-48.462
73.998
-48.944
71.987
-49.433
70.057
-49.927
68.201
-50.424
66.416
-50.923
64.696
-51.425
63.037
-51.926
61.435
-52.428
59.888
-52.928
58.391
-53.426
56.943
-53.922
55.540
-54.415
54.179
-54.903
52.859
-55.387
51.578
-55.866
50.333
-56.340
49.123
-56.807
47.945
-57.268
46.800
-57.722
45.685
-58.169
44.598
-58.608
43.539
-59.039
42.507
-59.462
41.501
-59.876
40.519
-60.282
39.560
-60.679
38.625
-61.067
37.711
-61.445
36.819
-61.814
35.947
-62.173
35.096
-62.523
34.263
-62.864
33.450
-63.194
32.655
-63.515
31.878
-63.826
31.118
-64.127
30.375
-64.418
29.648
-64.700
28.937
-64.972
28.242
-65.235
27.563
-65.487
26.898
-65.731
26.248
-65.965
25.612
-66.189
24.990
-66.405
24.382
-66.611
23.787
-66.808
23.205
-66.997
22.636
-67.177
22.080
-67.349
21.536
-67.512
21.004
-67.667
20.483
-67.813
19.975
-67.952
19.478
-68.083
18.992
-68.207
18.517
-68.323
18.052
-68.432
17.598
-68.534
17.155
-68.629
16.721
-68.718
16.298
-68.800
15.884
-68.875
15.480
-68.944
15.085
-69.008
14.699
-69.065
14.322
-69.117
13.954
-69.163
13.595
-69.204
13.244
-69.240
12.901
-69.270
12.567
-69.296
12.240
-69.317
11.921
-69.334
11.610
-69.346
11.306
-69.354
11.010
-69.357
10.720
-69.357
10.438
-69.353
10.163
-69.345
 9.894
-69.333
 9.632
-69.319
 9.376
-69.300
 9.127
-69.279
 8.884
-69.255
 8.646
-69.227
 8.415
-69.197
 8.189
-69.164
 7.969
-69.128
 7.755
-69.090
 7.546
-69.050
 7.342
-69.007
 7.144
-68.962
 6.950
-68.914
 6.761
-68.865
 6.577
-68.814
 6.398
-68.761
 6.223
-68.706
 6.053
-68.649
 5.888
-68.591
 5.726
-68.531
 5.569
-68.470
 5.415
-68.407
 5.266
-68.343
 5.121
-68.277
 4.979
-68.211
 4.841
-68.143
 4.707
-68.074
 4.576
-68.004
 4.449
-67.933
 4.325
-67.861
 4.204
-67.789
 4.086
-67.715
 3.972
-67.641
 3.861
-67.565
 3.752
-67.490
 3.647
-67.413
 3.544
-67.336
 3.444
-67.258
 3.347
-67.180
 3.252
-67.101
 3.160
-67.021
 3.070
-66.941
 2.983
-66.861
 2.898
-66.780
 2.815
-66.699
 2.735
-66.618
 2.657
-66.536
 2.581
-66.454
 2.507
-66.372
 2.435
-66.289
 2.365
-66.207
 2.297
-66.124
 2.231
-66.040
 2.166
-65.957
 2.104
-65.874
 2.043
-65.790
 1.984
-65.706
 1.926
-65.622
 1.870
-65.539
 1.816
-65.455
 1.763
-65.371
 1.712
-65.287
 1.662
-65.202
 1.613
-65.118
 1.566
-65.037
 1.520
-64.961
 1.476
-64.883
 1.433
-64.804
 1.391
-64.725
 1.350
-64.646
 1.310
-64.566
 1.271
-64.485
 1.234
-64.404
 1.197
-64.323
 1.162
-64.241
 1.128
-64.159
 1.094
-64.077
 1.062
-63.994
 1.030
-63.911
 0.999
-63.828
 0.970
-63.744
 0.941
-63.661
 0.912
-63.577
 0.885
-63.493
 0.858
-63.409
 0.833
-63.325
 0.808
-63.241
 0.783
-63.157
 0.760
-63.073
 0.737
-62.989
 0.714
-62.905
 0.693
-62.820
 0.672
-62.736
 0.651
-62.652
 0.632
-62.568
 0.612
-62.484
 0.594
-62.400
 0.575
-62.316
 0.558
-62.232
 0.541
-62.148
 0.524
-62.064
 0.508
-61.981
 0.492
-61.897
 0.477
-61.814
 0.463
-61.731
 0.448
-61.647
 0.435
-61.564
 0.421
-61.482
 0.408
-61.399
 0.395
-61.316
 0.383
-61.234
 0.371
-61.152
 0.360
-61.070
 0.348
-60.988
 0.338
-60.906
 0.327
-60.824
 0.317
-60.743
 0.307
-60.662
 0.297
-60.581
 0.288
-60.500
 0.279
-60.419
 0.270
-60.339
 0.262
-60.258
 0.253
-60.178
 0.245
-60.098
 0.238
-60.018
 0.230
-59.939
 0.223
-59.859
 0.216
-59.780
 0.209
-59.701
 0.202
-59.622
 0.196
-59.544
 0.189
-59.465
 0.183
-59.387
 0.178
-59.309
 0.172
-59.231
 0.166
-59.153
 0.161
-59.076
 0.156
-58.999
 0.151
-58.922
 0.146
-58.845
 0.141
-58.768
 0.137
-58.692
 0.132
-58.615
 0.128
-58.539
 0.124
-58.463
 0.120
-58.388
 0.116
-58.312
 0.112
-58.237
 0.108
-58.162
 0.105
-58.087
 0.102
-58.012
 0.098
-57.938
 0.095
-57.863
 0.092
-57.789
 0.089
-57.715
 0.086
-57.641
 0.083
-57.568
 0.080
-57.495
 0.078
-57.421
 0.075
-57.348
 0.073
-57.276
 0.070
-57.203
 0.068
-57.130
 0.066
-57.058
 0.064
-56.986
 0.061
-56.914
 0.059
-56.843
 0.057
-56.771
 0.055
-56.700
 0.054
-56.629
 0.052
-56.558
 0.050
-56.487
 0.048
-56.416
 0.047
-56.346
 0.045
-56.276
 0.044
-56.206
 0.042
-56.136
 0.041
-56.066
 0.039
-55.997
 0.038
-55.927
 0.037
-55.858
 0.036
-55.789
 0.034
-55.720
 0.033
-55.652
 0.032
-55.583
 0.031
-55.515
 0.030
-55.447
 0.029
-55.379
 0.028
-55.311
 0.027
-55.244
 0.026
-55.176
 0.025
-55.109
 0.024
-55.042
 0.023
-54.975
 0.023
-54.908
 0.022
-54.842
 0.021
-54.775
 0.020
-54.709
 0.020
-54.643
 0.019
-54.577
 0.018
-54.511
 0.018
-54.446
 0.017
-54.380
 0.017
-54.315
 0.016
-54.250
 0.015
-54.185
 0.015
-54.120
 0.014
-54.056
 0.014
-53.991
 0.013
-53.927
 0.013
-53.863
 0.012
-53.799
 0.012
-53.735
 0.012
-53.671
 0.011
-53.608
 0.011
-53.544
 0.010
-53.481
 0.010
-53.418
 0.010
-53.355
 0.009
-53.293
 0.009
-53.230
 0.009
-53.168
 0.008
-53.105
 0.008
-53.043
 0.008
-52.981
 0.008
-52.919
 0.007
-52.858
 0.007
-52.796
 0.007
-52.735
 0.007
-52.674
 0.006
-52.612
 0.006
-52.552
 0.006
-52.491
 0.006
-52.430
 0.005
-52.431
 0.005
-52.700
 0.005
-49.373
 0.004
-46.038
 0.004
-46.854
 0.004
-48.687
 0.004
-50.518
 0.004
-52.348
 0.004
-54.175
 0.004
-56.001
 0.004
-57.825
 0.004
-59.647
 0.004
-61.466
 0.004
-63.284
 0.004
-65.099
 0.004
-66.912
 0.004
-68.722
 0.004
-70.530
 0.004
-72.335
 0.004
-74.138
 0.004
-75.938
 0.004
-77.735
 0.004
-79.529
 0.004
-81.060
 0.004
-81.659
 0.004
-81.287
 0.004
-80.294
 0.004
-78.932
 0.003
-77.297
 0.003
-75.450
 0.003
-73.449
 0.003
-71.352
 0.003
-69.200
 0.003
-67.025
 0.003
-64.847
 0.002
-62.686
 0.002
-60.554
 0.002
-58.461
 0.002
-56.414
 0.002
-54.418
 0.002
-52.477
 0.002
-50.592
 0.001
-48.765
 0.001
-46.996
 0.001
-45.285
 0.001
-43.632
 0.001
-42.035
 0.001
-40.494
 0.001
-39.007
 0.001
-37.572
 0.001
-36.189
 0.001
-34.856
 0.001
-33.571
 0.001
-32.333
 0.001
-31.140
 0.000
-29.990
 0.000
-28.882
 0.000
-27.816
 0.000
-26.788
 0.000
-25.798
 0.000
-24.845
 0.000
-23.927
 0.000
-23.042
 0.000
-22.190
 0.000
-21.370
 0.000
-20.580
 0.000
-19.819
 0.000
-19.086
 0.000
-18.381
 0.000
-17.701
 0.000
-17.047
 0.000
-16.416
 0.000
-15.809
 0.000
-15.225
 0.000
-14.662
 0.000
-14.120
 0.000
-13.598
 0.000
-13.095
 0.000
-12.611
 0.000
-12.145
 0.000
-11.696
 0.000
-11.263
 0.000
-10.847
 0.000
-10.446
 0.000
-10.059
 0.000
-9.687
 0.000
-9.329
 0.000
-8.984
 0.000
-8.652
 0.000
-8.332
 0.000
-8.024
 0.000
-7.727
 0.000
-7.442
 0.000
-7.167
 0.000
-6.902
 0.000
-6.646
 0.000
-6.401
 0.000
-6.164
 0.000
-5.936
 0.000
-5.717
 0.000
-5.505
 0.000
-5.302
 0.000
-5.106
 0.000
-4.917
 0.000
-4.735
 0.000
-4.560
 0.000
-4.391
 0.000
-4.229
 0.000
-4.073
 0.000
-3.922
 0.000
-3.777
 0.000
-3.637
 0.000
-3.503
 0.000
-3.373
 0.000
-3.249
 0.000
-3.129
 0.000
-3.013
 0.000
-2.902
 0.000
-2.794
 0.000
-2.691
 0.000
-2.591
 0.000
-2.496
 0.000
-2.403
 0.000
-2.314
 0.000
-2.229
 0.000
-2.146
 0.000
-2.067
 0.000
-1.991
 0.000
-1.917
 0.000
-1.846
 0.000
-1.778
 0.000
-1.712
 0.000
-1.649
 0.000
-1.588
 0.000
-1.529
 0.000
-1.473
 0.000
-1.418
 0.000
-1.366
 0.000
-1.315
 0.000
-1.267
 0.000
-1.220
 0.000
-1.175
 0.000
-1.131
 0.000
-1.089
 0.000
-1.049
 0.000
-1.010
 0.000
-0.973
 0.000
-0.937
 0.000
-0.902
 0.000
-0.869
 0.000
-0.837
 0.000
-0.806
 0.000
-0.776
 0.000
-0.747
 0.000
-0.720
 0.000
-0.693
 0.000
-0.668
 0.000
-0.643
 0.000
-0.619
 0.000
-0.596
 0.000
-0.574
 0.000
-0.553
 0.000
-0.533
 0.000
-0.513
 0.000
-0.494
 0.000
-0.476
 0.000
-0.458
 0.000
-0.441
 0.000
-0.425
 0.000
-0.409
 0.000
-0.394
 0.000
-0.379
 0.000
-0.365
 0.000
-0.352
 0.000
-0.339
 0.000
-0.326
 0.000
-0.314
 0.000
-0.303
 0.000
-0.291
 0.000
-0.281
 0.000
-0.270
 0.000
-0.260
 0.000
-0.251
 0.000
-0.241
 0.000
-0.232
 0.000
-0.224
 0.000
-0.216
 0.000
-0.208
 0.000
-0.200
 0.000
-0.193
 0.000
-0.185
 0.000
-0.179
 0.000
-0.172
 0.000
-0.166
 0.000
-0.159
 0.000
-0.154
 0.000
-0.148
 0.000
-0.142
 0.000
-0.137
 0.000
-0.132
 0.000
-0.127
 0.000
-0.123
 0.000
-0.118
 0.000
-0.114
 0.000
-0.109
 0.000
-0.105
 0.000
-0.101
 0.000
-0.098
 0.000
-0.094
 0.000
-0.091
 0.000
-0.087
 0.000
-0.084
 0.000
-0.081
 0.000
-0.078
 0.000
-0.075
 0.000
-0.072
 0.000
-0.070
 0.000
-0.067
 0.000
-0.065
 0.000
-0.062
 0.000
-0.060
 0.000
-0.058
 0.000
-0.056
 0.000
-0.053
 0.000
-0.052
 0.000
-0.050
 0.000
-0.048
 0.000
-0.046
 0.055
-0.136
 0.093
-0.132
 0.098
-0.130
 0.103
-0.129
 0.107
-0.127
 0.111
-0.125
 0.115
-0.124
 0.119
-0.122
 0.122
-0.120
