 0.352
 0.352
 0.352
 0.353
 0.353
 0.353
 0.353
 0.353
 0.353
 0.354
 0.354
 0.354
 0.354
 0.354
 0.355
 2.865
 0.984
 0.646
 0.519
 0.458
 0.424
 0.404
 0.392
 0.384
 0.379
 0.376
 0.374
 0.373
 0.373
 0.374
 0.376
 0.378
 0.380
 0.384
 0.388
 0.392
 0.397
 0.404
 0.410
 0.418
 0.427
 0.437
 0.448
 0.460
 0.474
 0.489
 0.505
 0.523
 0.543
 0.565
 0.589
 0.615
 0.643
 0.673
 0.706
 0.742
 0.781
 0.822
 0.867
 0.915
 0.967
 1.022
 1.081
 1.145
 1.213
 1.285
 1.362
 1.445
 1.532
 1.626
 1.725
 1.831
 1.943
 2.062
 2.188
 2.322
 2.463
 2.612
 2.770
 2.937
 3.112
 3.297
 3.491
 3.695
 3.908
 4.132
 4.366
 4.610
 4.864
 5.128
 5.402
 5.686
 5.979
 6.280
 6.590
 6.908
 7.232
 7.562
 7.897
 8.236
 8.577
 8.919
 9.260
 9.599
 9.934
10.263
10.585
10.897
11.197
11.485
11.757
12.012
12.249
12.465
12.660
12.833
12.981
13.105
13.204
13.277
13.324
13.346
13.342
13.314
13.261
13.185
13.087
12.968
12.829
12.672
12.498
12.308
12.105
11.890
11.663
11.428
11.185
10.935
10.681
10.423
10.162
 9.900
 9.637
 9.375
 9.114
 8.855
 8.599
 8.346
 8.097
 7.853
 7.613
 7.378
 7.148
 6.924
 6.706
 6.493
 6.286
 6.085
 5.890
 5.700
 5.517
 5.339
 5.167
 5.001
 4.840
 4.684
 4.534
 4.389
 4.249
 4.114
 3.983
 3.858
 3.736
 3.619
 3.506
 3.383
 3.282
 3.185
 3.091
 2.999
 2.911
 2.826
 2.744
 2.664
 2.588
 2.514
 2.442
 2.373
 2.306
