5000.000
5000.591
5001.183
5001.776
5002.369
5002.964
5003.559
5004.155
5004.752
5005.349
5005.948
5006.547
5007.147
5007.748
5008.350
4967.293
4959.729
4956.256
4953.966
4952.239
4950.835
4949.635
4948.571
4947.601
4946.695
4945.833
4944.999
4944.179
4943.365
4942.547
4941.718
4940.871
4940.000
4939.099
4938.163
4937.187
4936.165
4935.092
4933.962
4932.771
4931.512
4930.180
4928.770
4927.273
4925.686
4923.999
4922.207
4920.301
4918.275
4916.118
4913.823
4911.380
4908.779
4906.009
4903.059
4899.918
4896.573
4893.010
4889.215
4885.173
4880.868
4876.283
4871.401
4866.202
4860.667
4854.774
4848.500
4841.822
4834.715
4827.153
4819.108
4810.550
4801.449
4791.773
4781.487
4770.557
4758.946
4746.615
4733.525
4719.633
4704.897
4689.273
4672.715
4655.177
4636.610
4616.967
4596.197
4574.252
4551.083
4526.639
4500.872
4473.735
4445.181
4415.166
4383.649
4350.590
4315.955
4279.713
4241.837
4202.307
4161.109
4118.234
4073.682
4027.460
3979.583
3930.076
3878.971
3826.311
3772.147
3716.539
3659.558
3601.282
3541.799
3481.203
3419.596
3357.088
3293.792
3229.827
3165.315
3100.382
3035.154
2969.755
2904.313
2838.950
2773.786
2708.939
2644.519
2580.632
2517.380
2454.855
2393.143
2332.324
2272.469
2213.642
2155.900
2099.290
2043.855
1989.630
1936.642
1884.912
1834.456
1785.284
1737.401
1690.806
1645.495
1601.459
1558.688
1517.165
1476.874
1437.794
1399.904
1363.179
1327.594
1293.124
1259.741
1227.417
1196.124
1165.834
1136.516
1108.144
1080.687
1054.118
1028.408
1003.531
979.457
956.162
933.618
911.800
890.683
870.243
850.457
831.301
812.753
794.793
777.398
760.550
744.288
728.515
713.215
698.373
683.972
669.999
656.439
643.278
630.503
618.101
606.060
594.367
583.010
