 0.000
125000.000
2349.232
124144.518
4698.464
123288.173
7047.695
122430.963
9396.927
121572.888
11746.159
120713.949
14095.391
119854.143
16444.623
118993.471
18793.854
118131.933
21143.086
117269.528
23492.318
116406.256
25841.550
115542.115
28190.782
114677.107
30540.013
113811.230
32889.245
112944.484
35230.537
112079.800
37557.989
111219.360
39882.825
110359.016
42206.067
109498.392
44528.097
108637.346
46849.114
107775.804
49169.240
106913.721
51488.553
106051.068
53807.105
105187.825
56124.933
104323.978
58442.062
103459.519
60758.507
102594.440
63074.279
101728.738
65389.381
100862.411
67703.814
99995.460
70017.574
99127.885
72330.653
98259.689
74643.042
97390.875
76954.728
96521.448
79265.695
95651.414
81575.925
94780.780
83885.398
93909.552
86194.090
93037.740
88501.977
92165.353
90809.031
91292.401
93115.220
90418.896
95420.512
89544.851
97724.871
88670.278
100028.258
87795.192
102330.632
86919.610
104631.947
86043.547
106932.157
85167.023
109231.209
84290.057
111529.048
83412.670
113825.616
82534.884
116120.850
81656.723
118414.682
80778.214
120707.041
79899.384
122997.850
79020.262
125287.029
78140.879
127574.489
77261.270
129860.140
76381.470
132143.881
75501.517
134425.608
74621.453
136705.210
73741.319
138982.566
72861.164
141257.552
71981.036
143530.031
71100.988
145799.861
70221.076
148066.889
69341.359
150330.954
68461.901
152591.884
67582.770
154849.495
66704.037
157103.594
65825.780
159353.975
64948.078
161600.420
64071.019
163842.697
63194.693
166080.559
62319.199
168313.748
61444.639
170541.987
60571.123
172764.986
59698.766
174982.436
58827.692
177194.011
57958.030
179399.368
57089.916
181598.144
56223.497
183789.957
55358.924
185974.405
54496.359
188151.065
53635.973
190319.493
52777.942
192479.221
51922.455
194629.763
51069.709
196770.606
50219.909
198901.218
49373.272
201021.041
48530.022
203129.496
47690.394
205225.982
46854.632
207309.874
46022.991
209380.526
45195.733
211437.273
44373.129
213479.427
43555.460
215506.284
42743.015
217517.122
41936.089
219511.205
41134.984
221487.782
40340.011
223446.094
39551.481
225385.373
38769.713
227304.844
37995.026
229203.733
37227.744
231081.268
36468.187
232936.679
35716.677
234769.210
34973.530
236578.116
34239.062
238362.669
33513.577
240122.164
32797.376
241855.924
32090.746
243563.298
31393.966
245243.675
30707.300
246896.480
30030.997
248521.180
29365.290
250117.288
28710.394
251684.368
28066.503
253222.034
27433.795
254729.955
26812.420
256207.856
26202.512
257655.519
25604.178
259072.785
25017.502
260459.552
24442.547
261815.778
23879.349
263141.478
23327.923
264436.722
22788.260
265701.638
22260.328
266936.404
21744.074
268141.250
21239.424
269316.452
20746.286
270462.332
20264.546
271579.254
19794.074
272667.618
19334.727
273727.860
18886.342
274760.447
18448.747
275765.874
18021.755
276744.659
17605.172
277697.343
17198.792
278624.481
16802.402
279526.644
16415.782
280404.415
16038.710
281258.384
15670.955
282089.147
15312.286
282897.303
14962.470
283683.452
14621.273
284448.192
14288.459
285192.118
13963.795
285915.822
13647.049
286619.887
13337.990
287304.890
13036.390
287971.397
12742.025
288619.966
12454.673
289251.144
12174.117
289865.467
11900.145
290463.456
11632.546
291045.623
11371.119
291612.466
11115.663
292164.468
10865.985
292702.102
10621.896
293225.824
10383.212
293736.079
10149.755
294233.298
9921.351
294717.899
9697.833
295190.285
9479.037
295650.849
9264.806
296099.968
9054.986
296538.008
8849.430
296965.324
8647.994
297382.257
8450.541
297789.135
8256.937
298186.279
8067.052
298573.995
7880.761
298952.579
7697.946
299322.318
7518.488
299683.487
7342.277
300036.351
7169.203
300381.169
6999.163
300718.201
6832.047
301047.694
6667.756
301369.869
6506.199
301684.942
6347.289
301993.119
6190.943
302294.600
6037.078
302589.580
5885.617
302878.245
5736.483
303160.775
5589.602
303437.346
5444.905
303708.126
5302.322
303973.277
5161.787
304232.957
5023.235
