4698.464
-1710.099
4698.464
-1711.827
4698.464
-1713.555
4698.464
-1715.284
4698.464
-1717.014
4698.464
-1718.745
4698.464
-1720.477
4698.464
-1722.210
4698.464
-1723.943
4698.464
-1725.677
4698.464
-1727.413
4698.464
-1729.149
4698.464
-1730.885
4698.464
-1732.623
4698.464
-1734.362
4659.384
-1721.667
4651.723
-1720.575
4647.900
-1720.902
4645.185
-1721.638
4642.997
-1722.570
4641.112
-1723.613
4639.417
-1724.728
4637.850
-1725.891
4636.370
-1727.086
4634.950
-1728.304
4633.570
-1729.537
4632.215
-1730.780
4630.873
-1732.028
4629.536
-1733.278
4628.194
-1734.527
4626.842
-1735.772
4625.472
-1737.011
4624.079
-1738.242
4622.658
-1739.463
4621.204
-1740.671
4619.710
-1741.865
4618.174
-1743.043
4616.588
-1744.202
4614.950
-1745.342
4613.253
-1746.461
4611.493
-1747.555
4609.663
-1748.623
4607.759
-1749.664
4605.775
-1750.674
4603.705
-1751.651
4601.542
-1752.593
4599.279
-1753.497
4596.910
-1754.361
4594.427
-1755.181
4591.823
-1755.955
4589.089
-1756.678
4586.216
-1757.349
4583.195
-1757.963
4580.016
-1758.515
4576.669
-1759.003
4573.143
-1759.422
4569.425
-1759.766
4565.505
-1760.032
4561.367
-1760.213
4556.999
-1760.304
4552.386
-1760.300
4547.511
-1760.194
4542.358
-1759.980
4536.911
-1759.650
4531.149
-1759.196
4525.054
-1758.612
4518.604
-1757.888
4511.777
-1757.017
4504.551
-1755.987
4496.901
-1754.791
4488.801
-1753.416
4480.223
-1751.853
4471.141
-1750.089
4461.523
-1748.113
4451.338
-1745.912
4440.554
-1743.473
4429.136
-1740.781
4417.050
-1737.823
4404.257
-1734.582
4390.720
-1731.044
4376.399
-1727.192
4361.253
-1723.009
4345.239
-1718.478
4328.315
-1713.581
4310.437
-1708.300
4291.559
-1702.616
4271.637
-1696.511
4250.624
-1689.964
4228.476
-1682.958
4205.146
-1675.472
4180.589
-1667.489
4154.763
-1658.989
4127.624
-1649.954
4099.132
-1640.367
4069.249
-1630.211
4037.938
-1619.471
4005.169
-1608.132
3970.912
-1596.182
3935.145
-1583.609
3897.847
-1570.405
3859.008
-1556.562
3818.619
-1542.076
3776.681
-1526.947
3733.201
-1511.174
3688.194
-1494.762
3641.682
-1477.718
3593.697
-1460.054
3544.279
-1441.784
3493.476
-1422.925
3441.345
-1403.500
3387.950
-1383.532
3333.366
-1363.050
3277.674
-1342.085
3220.962
-1320.672
3163.326
-1298.849
3104.866
-1276.654
3045.689
-1254.131
2985.904
-1231.322
2925.627
-1208.275
2864.972
-1185.034
2804.057
-1161.647
2742.998
-1138.162
2681.911
-1114.625
2620.911
-1091.083
2560.110
-1067.581
2499.614
-1044.165
2439.527
-1020.875
2379.948
-997.754
2320.968
-974.838
2262.674
-952.165
2205.146
-929.768
2148.455
-907.677
2092.669
-885.920
2037.845
-864.523
1984.036
-843.508
1931.286
-822.894
1879.633
-802.698
1829.109
-782.935
1779.739
-763.616
1731.542
-744.751
1684.533
-726.346
1638.719
-708.406
1594.105
-690.935
1550.690
-673.933
1508.469
-657.399
1467.435
-641.333
1427.575
-625.729
1388.877
-610.583
1351.322
-595.891
1314.893
-581.644
1279.567
-567.836
1245.324
-554.458
1212.140
-541.502
1179.989
-528.959
1148.846
-516.818
1118.686
-505.070
1089.481
-493.705
1061.205
-482.713
1033.832
-472.082
1007.333
-461.804
981.683
-451.867
956.854
-442.261
932.822
-432.976
909.558
-424.001
887.040
-415.328
865.240
-406.945
844.136
-398.843
823.703
-391.014
803.918
-383.447
784.759
-376.134
766.203
-369.066
748.229
-362.235
730.817
-355.632
713.947
-349.250
697.598
-343.080
681.755
-337.116
666.450
-331.376
651.596
-325.819
637.178
-320.438
623.182
-315.229
609.593
-310.185
596.398
-305.300
583.583
-300.571
571.136
-295.990
559.044
-291.554
547.295
-287.258
535.877
-283.097
524.780
-279.066
513.992
-275.161
503.502
-271.377
493.301
-267.712
483.380
-264.160
473.728
-260.719
464.336
-257.383
455.196
-254.150
446.299
-251.017
437.638
-247.980
429.204
-245.035
402.051
-231.293
313.956
-182.263
257.044
-150.907
217.275
-129.269
187.927
-113.536
165.381
-101.656
147.517
-92.428
133.010
-85.101
120.992
-79.181
110.870
-74.332
102.224
-70.316
94.750
-66.960
88.221
-64.135
82.466
-61.744
77.351
-59.710
72.774
-57.975
68.650
-56.490
64.913
-55.218
61.510
-54.128
58.395
-53.193
55.531
-52.393
52.888
-51.708
50.440
-51.125
48.164
-50.629
46.041
-50.211
44.056
-49.859
42.194
-49.566
40.444
-49.326
38.795
-49.130
37.237
-48.974
35.764
-48.852
34.367
-48.761
33.040
-48.697
31.778
-48.655
30.576
-48.634
29.430
-48.630
28.336
-48.640
27.289
-48.664
26.288
-48.698
25.329
-48.741
24.409
-48.791
23.526
-48.847
22.679
-48.908
21.865
-48.973
21.082
-49.041
20.329
-49.110
19.605
-49.180
18.907
-49.251
18.235
-49.321
17.587
-49.391
16.963
-49.460
16.362
-49.527
15.781
-49.592
15.222
-49.654
14.682
-49.714
14.184
-49.852
13.762
-50.179
12.416
-47.031
11.116
-43.861
10.869
-44.737
10.865
-46.571
10.860
-48.404
10.855
-50.235
10.849
-52.064
10.844
-53.892
10.838
-55.717
10.832
-57.541
10.826
-59.362
10.819
-61.182
10.813
-62.999
10.806
-64.814
10.799
-66.626
10.792
-68.437
10.785
-70.244
10.777
-72.049
10.769
-73.852
10.761
-75.651
10.753
-77.448
10.744
-79.238
10.686
-80.658
10.500
-81.088
10.200
-80.600
 9.836
-79.549
 9.438
-78.147
 9.018
-76.483
 8.585
-74.617
 8.146
-72.610
 7.708
-70.514
 7.277
-68.370
 6.855
-66.206
 6.445
-64.045
 6.048
-61.902
 5.666
-59.789
 5.300
-57.717
 4.949
-55.692
 4.615
-53.719
 4.296
-51.800
 3.993
-49.937
 3.706
-48.132
 3.434
-46.385
 3.177
-44.696
 2.934
-43.064
 2.705
-41.487
 2.490
-39.966
 2.287
-38.498
 2.098
-37.082
 1.920
-35.717
 1.754
-34.402
 1.599
-33.133
 1.454
-31.911
 1.320
-30.734
 1.196
-29.600
 1.080
-28.507
 0.973
-27.454
 0.875
-26.440
 0.785
-25.463
 0.701
-24.522
 0.625
-23.616
 0.556
-22.743
 0.493
-21.903
 0.435
-21.093
 0.383
-20.313
 0.336
-19.563
 0.294
-18.839
 0.256
-18.143
 0.222
-17.472
 0.192
-16.826
 0.165
-16.204
 0.142
-15.605
 0.121
-15.028
 0.103
-14.473
 0.087
-13.938
 0.073
-13.422
 0.061
-12.926
 0.051
-12.448
 0.042
-11.988
 0.034
-11.545
 0.028
-11.118
 0.023
-10.707
 0.018
-10.311
 0.015
-9.930
 0.012
-9.563
 0.009
-9.209
 0.007
-8.868
 0.006
-8.541
 0.004
-8.225
 0.003
-7.921
 0.003
-7.628
 0.002
-7.346
 0.001
-7.074
 0.001
-6.813
 0.001
-6.561
 0.001
-6.318
 0.000
-6.085
 0.000
-5.860
 0.000
-5.643
 0.000
-5.434
 0.000
-5.233
 0.000
-5.040
 0.000
-4.854
 0.000
-4.674
 0.000
-4.501
 0.000
-4.335
 0.000
-4.175
 0.000
-4.020
 0.000
-3.872
 0.000
-3.728
 0.000
-3.591
 0.000
-3.458
 0.000
-3.330
 0.000
-3.207
 0.000
-3.088
 0.000
-2.974
 0.000
-2.864
 0.000
-2.758
 0.000
-2.656
 0.000
-2.558
 0.000
-2.463
 0.000
-2.372
 0.000
-2.285
 0.000
-2.200
 0.000
-2.119
 0.000
-2.040
 0.000
-1.965
 0.000
-1.892
 0.000
-1.822
 0.000
-1.755
 0.000
-1.690
 0.000
-1.628
 0.000
-1.567
 0.000
-1.509
 0.000
-1.454
 0.000
-1.400
 0.000
-1.348
 0.000
-1.298
 0.000
-1.250
 0.000
-1.204
 0.000
-1.160
 0.000
-1.117
 0.000
-1.075
 0.000
-1.036
 0.000
-0.997
 0.000
-0.960
 0.000
-0.925
 0.000
-0.891
 0.000
-0.858
 0.000
-0.826
 0.000
-0.796
 0.000
-0.766
 0.000
-0.738
 0.000
-0.711
 0.000
-0.684
 0.000
-0.659
 0.000
-0.635
 0.000
-0.611
 0.000
-0.589
 0.000
-0.567
 0.000
-0.546
 0.000
-0.526
 0.000
-0.506
 0.000
-0.487
 0.000
-0.469
 0.000
-0.452
 0.000
-0.435
 0.000
-0.419
 0.000
-0.404
 0.000
-0.389
 0.000
-0.374
 0.000
-0.361
 0.000
-0.347
 0.000
-0.334
 0.000
-0.322
 0.000
-0.310
 0.000
-0.299
 0.000
-0.288
 0.000
-0.277
 0.000
-0.267
 0.000
-0.257
 0.000
-0.247
 0.000
-0.238
 0.000
-0.229
 0.000
-0.221
 0.000
-0.213
 0.000
-0.205
 0.000
-0.197
 0.000
-0.190
 0.000
-0.183
 0.000
-0.176
 0.000
-0.170
 0.000
-0.163
 0.000
-0.157
 0.000
-0.152
 0.000
-0.146
 0.000
-0.141
 0.000
-0.135
 0.000
-0.130
 0.000
-0.126
 0.000
-0.121
 0.000
-0.116
 0.000
-0.112
 0.000
-0.108
 0.000
-0.104
 0.000
-0.100
 0.000
-0.096
 0.000
-0.093
 0.000
-0.089
 0.000
-0.086
 0.000
-0.083
 0.000
-0.080
 0.000
-0.077
 0.000
-0.074
 0.000
-0.071
 0.000
-0.069
 0.000
-0.066
 0.000
-0.064
 0.000
-0.061
 0.000
-0.059
 0.000
-0.057
 0.000
-0.055
 0.000
-0.053
 0.000
-0.051
 0.000
-0.049
 0.000
-0.047
 0.060
-0.155
 0.071
-0.139
 0.096
-0.131
 0.101
-0.129
 0.105
-0.128
 0.109
-0.126
 0.113
-0.124
 0.117
-0.123
 0.121
-0.121
