 0.352
 0.352
 0.352
 0.352
 0.352
 0.353
 0.353
 0.353
 0.353
 0.353
 0.353
 0.353
 0.353
 0.353
 0.353
 0.353
 0.354
 0.354
 0.354
 0.354
 0.354
 0.354
 0.354
 0.354
 0.354
 0.354
 0.354
 0.355
 0.355
 2.791
 1.393
 0.944
 0.729
 0.608
 0.532
 0.482
 0.447
 0.422
 0.404
 0.390
 0.380
 0.372
 0.365
 0.360
 0.356
 0.353
 0.351
 0.349
 0.347
 0.346
 0.345
 0.344
 0.344
 0.344
 0.344
 0.344
 0.344
 0.345
 0.345
 0.346
 0.347
 0.348
 0.349
 0.351
 0.352
 0.354
 0.356
 0.358
 0.360
 0.362
 0.365
 0.368
 0.371
 0.374
 0.378
 0.381
 0.385
 0.390
 0.394
 0.399
 0.404
 0.410
 0.416
 0.422
 0.428
 0.435
 0.443
 0.451
 0.459
 0.467
 0.477
 0.486
 0.496
 0.507
 0.518
 0.530
 0.542
 0.555
 0.568
 0.582
 0.597
 0.612
 0.628
 0.645
 0.662
 0.680
 0.699
 0.719
 0.739
 0.760
 0.782
 0.805
 0.829
 0.853
 0.879
 0.905
 0.932
 0.961
 0.990
 1.020
 1.051
 1.083
 1.117
 1.151
 1.186
 1.223
 1.260
 1.299
 1.339
 1.380
 1.422
 1.466
 1.511
 1.556
 1.604
 1.652
 1.701
 1.752
 1.804
 1.858
 1.912
 1.968
 2.025
 2.084
 2.143
 2.204
 2.266
 2.329
 2.393
 2.459
 2.525
 2.593
 2.661
 2.731
 2.801
 2.873
 2.945
 3.018
 3.091
 3.166
 3.241
 3.316
 3.391
 3.467
 3.544
 3.620
 3.696
 3.773
 3.849
 3.925
 4.000
 4.075
 4.149
 4.223
 4.296
 4.367
 4.438
 4.507
 4.576
 4.642
 4.707
 4.771
 4.832
 4.892
 4.950
 5.006
 5.059
 5.110
 5.159
 5.206
 5.250
 5.291
 5.329
 5.365
 5.398
 5.429
 5.456
 5.481
 5.503
 5.522
 5.538
 5.551
 5.561
 5.568
 5.573
 5.575
 5.574
 5.570
 5.563
 5.554
 5.543
 5.528
 5.512
 5.493
 5.472
 5.448
 5.423
 5.395
 5.366
 5.334
 5.301
 5.266
 5.230
 5.192
 5.152
 5.111
 5.069
 5.026
 4.982
 4.936
 4.890
 4.843
 4.795
 4.747
 4.698
 4.648
 4.598
 4.547
 4.496
 4.445
 4.394
 4.342
 4.291
 4.239
 4.187
 4.135
 4.084
 4.032
 3.981
 3.930
 3.879
 3.828
 3.778
 3.728
 3.679
 3.629
 3.580
 3.532
 3.484
 3.437
 3.389
 3.343
 3.297
 3.251
 3.206
 3.162
 3.118
 3.074
 3.032
 2.989
 2.947
 2.906
 2.866
 2.826
 2.786
 2.747
 2.709
 2.671
 2.634
 2.597
 2.561
 2.526
 2.491
 2.456
 2.422
 2.389
 2.356
 2.324
 2.292
 2.261
 2.230
 2.200
 2.170
 2.141
 2.112
 2.084
 2.056
 2.029
 2.002
 1.976
 1.950
 1.924
 1.899
 1.875
 1.850
 1.827
 1.803
 1.780
 1.758
 1.736
 1.714
 1.692
 1.671
 1.651
 1.630
 1.610
 1.591
 1.571
 1.553
 1.534
 1.516
 1.498
 1.480
 1.463
 1.446
 1.429
 1.412
 1.396
 1.380
 1.365
 1.349
 1.334
 1.319
 1.305
 1.291
 1.277
 1.263
 1.249
 1.236
 1.223
 1.210
 1.197
 1.185
 1.172
 1.160
 1.148
 1.137
 1.125
 1.114
 1.103
 1.092
 1.081
 1.071
 1.061
 1.051
 1.041
 1.031
 1.021
 1.012
 1.002
 0.993
 0.984
 0.975
 0.966
 0.958
 0.949
 0.941
 0.933
 0.925
 0.917
 0.909
 0.902
 0.894
 0.887
 0.879
 0.872
 0.865
 0.858
 0.851
 0.845
 0.838
 0.832
 0.825
 0.819
 0.813
 0.807
 0.801
 0.795
 0.789
 0.783
 0.777
 0.772
 0.766
 0.761
 0.756
 0.751
 0.746
 0.740
 0.736
 0.731
 0.726
 0.721
 0.716
 0.712
 0.707
 0.703
 0.698
 0.694
 0.690
 0.686
 0.682
 0.678
 0.674
 0.670
 0.666
 0.662
 0.658
 0.654
 0.651
 0.647
 0.644
 0.640
 0.637
 0.633
 0.630
 0.627
 0.623
 0.620
 0.617
 0.614
 0.611
 0.608
 0.605
 0.602
 0.599
 0.596
 0.593
 0.591
 0.588
 0.585
 0.583
 0.580
 0.577
 0.575
 0.572
 0.570
 0.567
 0.565
 0.563
 0.560
 0.558
 0.556
 0.553
 0.551
 0.549
 0.547
 0.545
 0.543
 0.541
 0.539
 0.537
 0.535
 0.533
 0.531
 0.529
 0.527
 0.525
 0.523
 0.521
 0.520
 0.518
 0.516
 0.514
 0.513
 0.511
 0.509
 0.508
 0.506
 0.505
 0.503
 0.502
 0.500
 0.499
 0.497
 0.496
 0.494
 0.493
 0.491
 0.490
 0.488
 0.487
 0.486
 0.484
 0.483
 0.482
 0.481
 0.479
 0.478
 0.477
 0.476
 0.474
 0.473
 0.472
 0.471
 0.470
 0.469
 0.467
 0.466
 0.465
 0.464
 0.463
 0.462
 0.461
 0.460
 0.459
 0.458
 0.457
 0.456
 0.455
 0.454
 0.453
 0.452
 0.451
 0.450
 0.449
 0.448
 0.447
 0.447
 0.446
 0.445
 0.444
 0.443
 0.442
 0.441
 0.441
 0.440
 0.439
 0.438
 0.437
 0.437
 0.436
 0.435
 0.434
 0.434
 0.433
 0.432
 0.431
 0.431
 0.430
 0.429
 0.429
 0.428
 0.427
 0.427
 0.426
 0.425
 0.425
 0.424
 0.423
 0.423
 0.422
 0.421
 0.421
 0.420
 0.419
 0.419
 0.418
 0.418
 0.417
 0.417
 0.416
 0.415
 0.415
 0.414
 0.414
 0.413
 0.413
 0.412
 0.411
 0.411
 0.410
 0.410
 0.409
 0.409
 0.408
 0.408
 0.407
 0.407
 0.406
 0.406
 0.405
 0.405
 0.404
 0.404
 0.403
 0.403
 0.402
 0.402
 0.402
 0.401
 0.401
 0.400
 0.400
 0.399
 0.399
 0.398
 0.398
 0.397
 0.397
 0.397
 0.396
 0.396
 0.395
 0.395
 0.394
 0.394
 0.394
 0.393
 0.393
 0.392
 0.392
 0.391
 0.391
 0.391
 0.390
 0.390
 0.389
 0.389
 0.389
 0.388
 0.388
 0.387
 0.387
 0.387
 0.386
 0.386
 0.385
 0.385
 0.385
 0.384
 0.384
 0.383
 0.383
 0.383
 0.382
 0.382
 0.381
 0.381
 0.381
 0.380
 0.380
 0.379
 0.379
 0.379
 0.378
 0.378
 0.377
 0.377
 0.376
 0.376
 0.376
 0.375
 0.375
 0.374
 0.374
 0.374
 0.373
 0.373
 0.372
 0.372
 0.371
 0.371
 0.370
 0.370
 0.370
 0.369
 0.369
 0.368
 0.344
 0.343
 0.343
 0.342
 0.342
 0.341
 0.341
 0.340
 0.340
 0.339
 0.338
 0.338
 0.337
 0.337
 0.336
 0.336
 0.335
 0.335
 0.334
 0.333
 0.333
 0.332
 0.331
 0.331
 0.330
 0.330
 0.329
 0.328
 0.328
 0.327
 0.326
 0.325
 0.325
 0.324
 0.323
 0.323
 0.322
 0.321
