5000.000
5000.300
5000.601
5000.903
5001.205
5001.508
5001.811
5002.115
5002.420
5002.726
5003.032
5003.339
5003.646
5003.954
5004.263
5004.572
5004.882
5005.193
5005.505
5005.817
5006.129
5006.443
5006.757
5007.072
5007.387
5007.703
5008.020
5008.337
5008.655
4927.374
4917.990
4912.418
4908.393
4905.209
4902.554
4900.258
4898.223
4896.383
4894.695
4893.127
4891.656
4890.263
4888.935
4887.660
4886.430
4885.236
4884.073
4882.934
4881.816
4880.714
4879.625
4878.545
4877.472
4876.402
4875.335
4874.266
4873.195
4872.120
4871.038
4869.948
4868.848
4867.737
4866.613
4865.475
4864.321
4863.149
4861.960
4860.750
4859.518
4858.264
4856.986
4855.682
4854.351
4852.991
4851.602
4850.182
4848.728
4847.241
4845.717
4844.157
4842.557
4840.917
4839.234
4837.508
4835.736
4833.917
4832.049
4830.129
4828.157
4826.129
4824.045
4821.902
4819.697
4817.429
4815.096
4812.694
4810.222
4807.678
4805.058
4802.360
4799.582
4796.720
4793.773
4790.736
4787.607
4784.384
4781.062
4777.638
4774.110
4770.474
4766.727
4762.864
4758.882
4754.777
4750.546
4746.184
4741.688
4737.053
4732.275
4727.350
4722.273
4717.040
4711.645
4706.085
4700.354
4694.448
4688.362
4682.089
4675.626
4668.967
4662.107
4655.040
4647.761
4640.264
4632.543
4624.594
4616.410
4607.986
4599.315
4590.393
4581.213
4571.770
4562.057
4552.070
4541.803
4531.249
4520.404
4509.262
4497.818
4486.065
4474.001
4461.618
4448.913
4435.881
4422.518
4408.819
4394.780
4380.399
4365.671
4350.593
4335.164
4319.380
4303.239
4286.740
4269.882
4252.663
4235.085
4217.146
4198.847
4180.190
4161.176
4141.808
4122.087
4102.018
4081.604
4060.848
4039.758
4018.336
3996.591
3974.527
3952.153
3929.476
3906.503
3883.245
3859.709
3835.905
3811.845
3787.537
3762.994
3738.226
3713.245
3688.063
3662.693
3637.147
3611.439
3585.580
3559.586
3533.468
3507.240
3480.916
3454.510
3428.035
3401.505
3374.933
3348.333
3321.718
3295.100
3268.494
3241.912
3215.365
3188.867
3162.430
3136.064
3109.782
3083.593
3057.510
3031.541
3005.697
2979.987
2954.420
2929.005
2903.751
2878.664
2853.752
2829.022
2804.481
2780.135
2755.989
2732.049
2708.320
2684.806
2661.511
2638.440
2615.596
2592.981
2570.599
2548.452
2526.541
2504.870
2483.438
2462.248
2441.301
2420.596
2400.135
2379.917
2359.943
2340.212
2320.724
2301.479
2282.474
2263.710
2245.185
2226.898
2208.848
2191.032
2173.449
2156.098
2138.976
2122.082
2105.413
2088.967
2072.742
2056.736
2040.946
2025.370
2010.006
1994.850
1979.901
1965.156
1950.612
1936.267
1922.118
1908.163
1894.398
1880.822
1867.431
1854.222
1841.195
1828.344
1815.669
1803.167
1790.834
1778.668
1766.667
1754.828
1743.149
1731.626
1720.259
1709.043
1697.978
1687.059
1676.286
1665.655
1655.165
1644.813
1634.596
1624.513
1614.561
1604.739
1595.043
1585.472
1576.025
1566.698
1557.489
1548.398
1539.421
1530.558
1521.805
1513.162
1504.625
1496.195
1487.868
1479.643
1471.519
1463.493
1455.564
1447.730
1439.991
1432.343
1424.786
1417.318
1409.938
1402.644
1395.435
1388.309
1381.265
1374.301
1367.417
1360.611
1353.881
1347.227
1340.647
1334.140
1327.704
1321.340
1315.044
1308.817
1302.657
1296.563
1290.534
1284.569
1278.667
1272.827
1267.048
1261.328
1255.668
1250.066
1244.521
1239.032
1233.598
1228.219
1222.893
1217.620
1212.400
1207.230
1202.110
1197.040
1192.019
1187.046
1182.120
1177.241
1172.407
1167.619
1162.875
1158.175
1153.518
1148.903
1144.331
1139.799
1135.308
1130.857
1126.446
1122.073
1117.738
1113.442
1109.182
1104.959
1100.771
1096.620
1092.503
1088.421
1084.372
1080.358
1076.376
1072.427
1068.510
1064.624
1060.770
1056.946
1053.153
1049.389
1045.655
1041.950
1038.274
1034.626
1031.006
1027.413
1023.847
1020.308
1016.795
1013.309
1009.848
1006.412
1003.001
999.615
996.253
992.915
989.600
986.309
983.041
979.796
976.573
973.372
970.192
967.035
963.898
960.783
957.688
954.614
951.560
948.525
945.511
942.515
939.539
936.582
933.643
930.723
927.821
924.937
922.070
919.221
916.390
913.575
910.777
907.996
905.231
902.483
899.750
897.034
894.332
891.647
888.976
886.321
883.680
881.054
878.443
875.846
873.263
870.694
868.139
865.597
863.069
860.554
858.053
855.564
853.088
850.625
848.175
845.736
843.310
840.896
838.494
836.104
833.725
831.358
829.002
826.658
824.324
822.002
819.690
817.389
815.098
812.818
810.549
808.289
806.040
803.801
801.571
799.351
797.141
794.940
792.749
790.567
788.394
786.230
784.075
781.929
779.791
777.662
775.542
773.430
771.327
769.231
767.144
765.065
762.994
760.930
758.875
756.827
754.786
752.753
750.727
748.709
746.698
744.694
742.697
740.707
738.723
736.747
734.777
732.814
730.857
728.907
726.963
725.025
723.094
721.169
719.249
717.336
715.429
713.527
711.632
709.741
707.857
705.978
704.104
702.236
700.374
698.516
696.664
694.816
692.974
691.137
689.305
687.477
685.655
683.837
682.024
680.215
678.411
676.612
674.816
673.026
671.239
669.457
667.679
665.905
664.135
662.369
660.607
658.849
657.095
655.345
653.598
651.856
650.116
648.381
646.649
644.920
643.195
641.473
639.754
638.039
636.327
634.618
632.913
631.210
629.510
627.814
626.120
624.430
622.742
621.057
619.374
617.695
616.018
614.344
612.672
611.003
609.337
607.673
606.011
604.352
602.695
601.041
599.389
597.739
596.091
594.445
592.802
591.161
589.522
587.884
586.249
584.616
582.985
581.356
579.728
578.102
576.479
574.857
573.236
571.618
570.001
568.386
566.772
565.161
563.550
561.942
560.334
558.729
557.124
555.522
553.920
552.321
550.722
549.125
547.529
545.935
544.342
542.750
541.160
539.571
537.983
536.396
534.810
533.226
531.643
530.061
528.480
526.901
525.322
523.745
522.168
520.593
519.019
517.446
515.874
514.303
512.733
511.165
509.597
508.030
506.464
504.900
503.336
501.773
500.212
498.651
497.091
495.533
493.975
492.418
490.863
489.308
487.755
486.202
484.650
483.100
481.550
480.002
478.454
476.908
475.363
473.818
472.275
470.733
469.192
467.652
466.113
464.575
463.039
461.503
459.969
458.435
456.904
455.373
453.892
454.013
454.337
454.488
454.815
454.966
455.296
455.447
455.779
456.059
456.208
456.543
456.825
456.971
457.308
457.589
457.731
458.069
458.407
458.543
458.881
459.219
459.393
459.730
460.066
460.188
460.523
460.857
461.189
461.457
461.560
461.889
462.216
462.542
462.865
463.187
463.506
463.823
463.960
