 0.000
125000.000
2462.019
124565.448
4924.039
124130.032
7386.058
123693.753
9848.078
123256.609
12310.097
122818.601
14772.117
122379.728
17234.136
121939.990
19696.156
121499.387
22158.175
121057.919
24620.194
120615.586
27082.214
120172.387
29544.233
119728.321
32006.253
119283.390
34468.272
118837.593
36930.292
118390.928
39392.311
117943.397
41854.331
117494.999
44316.350
117045.734
46778.369
116595.601
49240.389
116144.601
51702.408
115692.732
54164.428
115239.996
56626.447
114786.391
59088.467
114331.917
61550.486
113876.575
64012.506
113420.364
66474.525
112963.283
68936.545
112505.333
71367.187
112062.588
73788.792
111623.579
76206.936
111185.461
78622.744
110747.661
81036.748
110309.908
83449.258
109872.046
85860.476
109433.970
88270.545
108995.609
90679.570
108556.909
93087.631
108117.829
95494.790
107678.336
97901.098
107238.407
100306.596
106798.020
102711.315
106357.158
105115.283
105915.807
107518.523
105473.956
109921.053
105031.596
112322.889
104588.718
114724.043
104145.316
117124.526
103701.384
119524.346
103256.919
121923.509
102811.918
124322.021
102366.376
126719.885
101920.294
129117.103
101473.669
131513.676
101026.501
133909.605
100578.789
136304.888
100130.536
138699.524
99681.740
141093.510
99232.404
143486.842
98782.530
145879.517
98332.120
148271.528
97881.176
150662.871
97429.701
153053.539
96977.699
155443.525
96525.173
157832.821
96072.128
160221.418
95618.567
162609.307
95164.496
164996.479
94709.920
167382.923
94254.844
169768.629
93799.274
172153.584
93343.215
174537.776
92886.675
176921.192
92429.660
179303.819
91972.177
181685.643
91514.234
184066.648
91055.839
186446.818
90596.999
188826.138
90137.724
191204.590
89678.022
193582.157
89217.902
195958.820
88757.375
198334.560
88296.450
200709.357
87835.139
203083.190
87373.451
205456.037
86911.399
207827.876
86448.993
210198.685
85986.248
212568.438
85523.174
214937.111
85059.786
217304.677
84596.097
219671.110
84132.122
222036.383
83667.874
224400.465
83203.370
226763.328
82738.625
229124.941
82273.656
231485.271
81808.479
233844.285
81343.112
236201.950
80877.574
238558.229
80411.882
240913.087
79946.057
243266.484
79480.119
245618.383
79014.088
247968.743
78547.985
250317.522
78081.834
252664.677
77615.656
255010.163
77149.477
257353.935
76683.319
259695.944
76217.209
262036.141
75751.172
264374.477
75285.235
266710.898
74819.427
269045.351
74353.776
271377.780
73888.311
273708.127
73423.063
276036.333
72958.064
278362.338
72493.346
280686.077
72028.942
283007.487
71564.886
285326.500
71101.216
287643.047
70637.965
289957.058
70175.174
292268.458
69712.879
294577.173
69251.122
296883.126
68789.943
299186.235
68329.383
301486.421
67869.488
303783.597
67410.300
306077.677
66951.866
308368.572
66494.233
310656.190
66037.448
312940.437
65581.562
315221.217
65126.625
317498.429
64672.689
319771.973
64219.807
322041.743
63768.034
324307.633
63317.426
326569.533
62868.039
328827.330
62419.933
331080.909
61973.166
333330.153
61527.801
335574.940
61083.898
337815.148
60641.523
340050.650
60200.738
342281.318
59761.612
344507.020
59324.209
346727.623
58888.600
348942.990
58454.853
351152.981
58023.038
353357.455
57593.229
355556.268
57165.496
357749.273
56739.915
359936.320
56316.558
362117.260
55895.502
364291.937
55476.823
366460.196
55060.598
368621.881
54646.904
370776.830
54235.819
372924.884
53827.422
375065.878
53421.792
377199.649
53019.007
379326.030
52619.148
381444.854
52222.294
383555.954
51828.524
385659.160
51437.918
387754.303
51050.554
389841.213
50666.511
391919.719
50285.868
393989.651
49908.703
396050.838
49535.091
398103.111
49165.108
400146.300
48798.830
402180.238
48436.331
404204.756
48077.681
406219.689
47722.953
408224.872
47372.216
410220.144
47025.537
412205.343
46682.981
414180.312
46344.613
416144.894
46010.494
418098.939
45680.684
420042.297
45355.238
421974.821
45034.211
423896.369
44717.655
425806.804
44405.619
427705.990
44098.150
429593.798
43795.289
431470.103
43497.077
433334.784
43203.552
435187.726
42914.746
437028.818
42630.690
438857.955
42351.413
440675.038
42076.936
442479.973
41807.281
444272.672
41542.465
446053.053
41282.501
447821.041
41027.400
449576.564
40777.167
451319.560
40531.806
453049.971
40291.317
454767.746
40055.696
456472.841
39824.936
458165.216
39599.026
459844.841
39377.953
461511.688
39161.701
463165.740
38950.248
464806.982
38743.573
466435.408
38541.648
468051.017
38344.446
469653.815
38151.934
471243.811
37964.079
472821.024
37780.843
474385.476
37602.186
475937.195
37428.068
477476.215
37258.444
479002.575
37093.268
480516.318
36932.492
482017.494
36776.066
483506.156
36623.938
484982.363
36476.055
486446.176
36332.362
487897.665
36192.802
489336.898
36057.318
490763.951
35925.852
492178.903
35798.342
493581.835
35674.729
494972.833
35554.951
496351.985
35438.945
497719.382
35326.648
499075.118
35217.998
500419.290
35112.929
501751.996
35011.379
503073.338
34913.281
504383.419
34818.572
505682.342
34727.187
506970.216
34639.061
508247.147
34554.129
509513.245
34472.327
510768.621
34393.591
512013.386
34317.856
513247.652
34245.059
514471.533
34175.137
515685.143
34108.026
516888.596
34043.665
518082.006
33981.991
519265.489
33922.944
520439.159
33866.462
521603.132
33812.486
522757.523
33760.957
523902.447
33711.815
525038.019
33665.003
526164.352
33620.465
527281.562
33578.142
528389.761
33537.981
529489.062
33499.926
530579.578
33463.924
531661.421
33429.921
532734.701
33397.865
533799.529
33367.705
534856.014
33339.390
535904.264
33312.871
536944.387
33288.099
537976.490
33265.026
539000.677
33243.606
540017.054
33223.791
541025.724
33205.536
542026.790
33188.797
543020.352
33173.531
544006.511
33159.695
544985.365
33147.246
545957.014
33136.144
546921.552
33126.349
547879.076
33117.820
548829.681
33110.520
549773.458
33104.410
550710.500
33099.453
551640.898
33095.613
552564.741
33092.855
553482.116
33091.144
554393.112
33090.445
555297.814
33090.726
556196.306
33091.953
557088.672
33094.095
557974.994
33097.121
558855.352
33101.000
559729.827
33105.703
560598.497
33111.199
561461.439
33117.461
562318.729
33124.460
563170.444
33132.170
564016.655
33140.564
564857.437
33149.615
565692.860
33159.298
566522.996
33169.588
567347.913
33180.460
568167.679
33191.892
568982.363
33203.859
569792.030
33216.339
570596.745
33229.309
571396.572
33242.748
572191.575
33256.634
572981.814
33270.947
573767.352
33285.666
574548.248
33300.772
575324.560
33316.245
576096.348
33332.065
576863.668
33348.215
577626.577
33364.677
578385.129
33381.432
579139.379
33398.463
579889.380
33415.754
580635.186
33433.287
581376.847
33451.047
582114.414
33469.018
582847.938
33487.184
583577.468
33505.531
584303.051
33524.043
585024.736
33542.705
585742.570
33561.505
586456.597
33580.428
587166.865
33599.460
587873.416
33618.588
588576.296
33637.800
589275.546
33657.083
589971.210
33676.425
590663.328
33695.812
591351.943
33715.235
592037.093
33734.680
592718.819
33754.138
593397.160
33773.596
594072.154
33793.044
594743.838
33812.472
595412.251
33831.868
596077.427
33851.224
596739.404
33870.529
597398.216
33889.774
598053.898
33908.948
598706.485
33928.044
599356.009
33947.051
600002.504
33965.961
600646.002
33984.766
601286.536
34003.456
601924.137
34022.024
602558.835
34040.462
603190.662
34058.761
603819.647
34076.914
604445.819
34094.913
605069.208
34112.751
605689.843
34130.420
606307.750
34147.914
606922.959
34165.225
607535.495
34182.347
608145.387
34199.273
608752.659
34215.997
609357.339
34232.512
609959.451
34248.811
610559.021
34264.889
611156.074
34280.741
611750.633
34296.359
612342.723
34311.738
612932.367
34326.873
613519.589
34341.758
614104.410
34356.387
614686.855
34370.757
615266.944
34384.860
615844.700
34398.693
616420.144
34412.251
616993.297
34425.527
617564.180
34438.519
618132.813
34451.221
618699.217
34463.629
619263.411
34475.737
619825.416
34487.543
620385.249
34499.042
620942.930
34510.229
621498.478
34521.100
622051.911
34531.652
622603.247
34541.881
623152.504
34551.783
623699.700
34561.353
624244.851
34570.589
624787.975
34579.487
625329.088
34588.043
625868.208
34596.254
626405.350
34604.117
626940.530
34611.628
627473.764
34618.784
628005.068
34625.583
628534.456
34632.020
629061.945
34638.093
629587.548
34643.799
630111.281
34649.135
630633.157
34654.099
631153.192
34658.687
631671.399
34662.897
632187.791
34666.726
632702.383
34670.173
633215.188
34673.233
633726.218
34675.905
634235.488
34678.186
634743.009
34680.075
635248.795
34681.568
635752.858
34682.664
636255.210
34683.360
636755.862
34683.655
637254.828
34683.545
637752.119
34683.030
638247.746
34682.107
638741.720
34680.774
639234.054
34679.029
639724.757
34676.870
640213.841
34674.297
640701.317
34671.306
641187.195
34667.896
641671.486
34664.066
642154.200
34659.814
642635.347
34655.138
643114.936
34650.037
643592.979
34644.509
644069.484
34638.553
644544.462
34632.168
645017.921
34625.351
645489.871
34618.102
645960.321
34610.420
646429.280
34602.302
646896.758
34593.749
647362.762
34584.758
647827.301
34575.328
648290.385
34565.459
648752.021
34555.149
649212.217
34544.397
649670.983
34533.203
650128.325
34521.564
650584.253
34509.481
651038.773
34496.952
651491.893
34483.977
651943.621
34470.554
652393.965
34456.683
652842.932
34442.362
653290.530
34427.592
653736.764
34412.371
654181.643
34396.699
654625.174
34380.574
655067.363
34363.997
655508.217
34346.967
655947.744
34329.483
656385.948
34311.544
656822.838
34293.150
657258.419
34274.301
657692.698
34254.995
658125.680
34235.233
658557.373
34215.014
658987.782
34194.338
659416.913
34173.204
659844.772
34151.611
660271.366
34129.561
660696.698
34107.051
661120.776
34084.083
661543.605
34060.655
661965.189
34036.767
662385.536
34012.420
662804.649
33987.613
663222.535
33962.346
663639.198
33936.618
664054.644
33910.430
664468.877
33883.782
664881.903
33856.673
665293.726
33829.103
665704.351
33801.073
666113.784
33772.582
666522.028
33743.630
666929.088
33714.218
667334.969
33684.345
667739.675
33654.012
668143.211
33623.219
668545.580
33591.965
668946.789
33560.251
669346.839
33528.077
669745.737
33495.444
670143.485
33462.351
670540.088
33428.799
670935.550
33394.788
671329.875
33360.318
671723.066
33325.389
672115.128
33290.002
672506.064
33254.158
672895.877
33217.856
673284.572
33181.097
673672.153
33143.881
674058.622
33106.209
674443.983
33068.081
674828.239
33029.497
675211.395
32990.459
675593.453
32950.966
675974.416
32911.019
676354.288
32870.618
676733.072
32829.765
677110.771
32788.459
677487.388
32746.702
677862.926
32704.493
678237.389
32661.834
678610.778
32618.725
678983.098
32575.167
679354.350
32531.160
679724.538
32486.705
680093.664
32441.803
680461.732
32396.455
680828.743
32350.660
681194.701
32304.421
681559.607
32257.738
681923.466
32210.612
682286.278
32163.042
682648.047
32115.032
683008.775
32066.580
683368.464
32017.688
683727.117
31968.358
684084.736
31918.589
684441.323
31868.382
684796.881
31817.740
685151.411
31766.662
685504.916
31715.150
685857.399
31663.204
686208.860
31610.826
686559.303
31558.017
686908.729
31504.778
687257.140
31451.109
687604.538
31397.012
687950.925
31342.488
688296.303
31287.538
688640.674
31232.163
688984.040
31176.365
689326.402
31120.144
689667.762
31063.501
690008.122
31006.439
690347.483
30948.958
690685.848
30891.059
691023.218
30832.744
691359.594
30774.013
691694.979
30714.869
692029.373
30655.312
692362.778
30595.344
692695.196
30534.966
693026.628
30474.179
693357.076
30412.985
693686.540
30351.386
694015.024
30289.382
694342.526
30226.975
694669.050
30164.166
694994.596
30100.957
695319.166
30037.350
695642.761
29973.345
695965.382
29908.945
696287.031
29844.150
696607.708
29778.963
696927.415
29713.385
697246.153
29647.417
697563.923
29581.061
697880.726
29514.319
698196.563
29447.192
698511.435
29379.682
698825.344
29311.790
699138.290
29243.519
699450.275
29174.869
699761.299
29105.843
700071.363
29036.442
700380.468
28966.668
700688.616
28896.523
700995.806
28826.008
701302.041
28755.125
701607.320
28683.876
701911.645
28612.263
702215.016
28540.287
702517.434
28467.951
702818.901
28395.256
703119.417
28322.203
703418.982
28248.796
703717.597
28175.036
704015.264
28100.924
704311.982
28026.463
704607.753
27951.655
704902.578
27876.501
705196.456
27801.003
705489.388
27725.164
705781.376
27648.986
706072.420
27572.469
706362.520
27495.617
706651.677
27418.432
706939.892
27340.915
707227.166
27263.068
707513.498
27184.894
707798.889
27106.395
708083.341
27027.573
708366.853
26948.429
708649.426
26868.967
708931.060
26789.188
709211.757
26709.094
709491.516
26628.687
709770.339
26547.970
710048.225
26466.945
710325.175
26385.615
710601.189
26303.980
710876.269
26222.044
711150.414
26139.808
711423.625
26057.276
711695.902
25974.449
711967.246
25891.329
712237.657
25807.919
712507.136
25724.221
712775.683
25640.238
713043.298
25555.971
713309.983
25471.424
713575.736
25386.598
713840.560
25301.496
714104.453
25216.120
714367.417
25130.472
714629.452
25044.556
714890.558
24958.373
715150.736
24871.925
715409.986
24785.216
715668.308
24698.247
715925.703
24611.022
716182.172
24523.542
716437.714
24435.810
716692.330
24347.828
716946.020
24259.600
717198.785
24171.127
717450.625
24082.411
717701.541
23993.457
717951.532
23904.265
718200.600
23814.838
718448.744
23725.180
718695.966
23635.292
718942.265
23545.178
719187.641
23454.839
719432.096
23364.278
719675.630
23273.498
719918.242
23182.501
720159.934
23091.291
720400.706
22999.869
720640.558
22908.238
720879.491
22816.401
721117.504
22724.360
721354.600
22632.118
721590.777
22539.678
721826.037
22447.043
722060.379
22354.214
722293.805
22261.194
722526.315
22167.987
722757.909
22074.595
722988.587
21981.020
723218.351
21887.265
723447.200
21793.333
723675.136
21699.227
723902.158
21604.948
724128.268
21510.501
724353.465
21415.887
724577.751
21321.109
724801.125
21226.170
725023.589
21131.072
725245.143
21035.818
725465.787
20940.412
725685.523
20844.855
725904.350
20749.150
726122.270
20653.300
726339.282
20557.308
726555.388
20461.176
726770.589
20364.907
726984.884
20268.503
727198.275
20171.968
727410.762
20075.304
727622.346
19978.514
727833.028
19881.600
728042.808
19784.565
728251.688
19687.412
728459.667
19590.143
728666.747
19492.762
728872.929
19395.270
729078.213
19297.671
729282.889
19199.665
729487.349
19100.847
729691.540
19001.273
729895.505
18900.897
730099.210
18799.755
730302.673
18697.830
730505.873
18595.142
730708.827
18491.676
730911.549
18387.414
731113.990
18282.410
731316.180
18176.633
731518.133
18070.067
731719.800
17962.767
731921.209
17854.701
732122.379
17745.847
732323.266
17636.256
732523.876
17525.922
732724.245
17414.802
732924.326
17302.952
733124.138
17190.349
733323.703
17076.967
733522.998
16962.834
733722.008
16847.967
733920.765
16732.328
734119.205
16615.994
734317.377
16498.906
734515.289
16381.053
734712.940
16262.436
734910.309
16143.081
735107.390
16022.997
735304.145
15902.230
735500.629
15780.710
735696.840
15658.440
735892.775
15535.423
736088.431
15411.662
736283.807
15287.159
736478.898
15161.918
736673.667
15035.991
