4924.039
-868.240
4924.039
-869.967
4924.039
-871.695
4924.039
-873.423
4924.039
-875.152
4924.039
-876.881
4924.039
-878.610
4924.039
-880.340
4924.039
-882.071
4924.039
-883.801
4924.039
-885.533
4924.039
-887.264
4924.039
-888.996
4924.039
-890.729
4924.039
-892.462
4924.039
-894.195
4924.039
-895.929
4924.039
-897.663
4924.039
-899.398
4924.039
-901.133
4924.039
-902.869
4924.039
-904.605
4924.039
-906.341
4924.039
-908.078
4924.039
-909.816
4924.039
-911.554
4924.039
-913.292
4924.039
-915.031
4924.039
-916.770
4848.211
-879.694
4839.192
-876.844
4833.718
-875.799
4829.684
-875.487
4826.433
-875.573
4823.672
-875.910
4821.247
-876.416
4819.064
-877.046
4817.062
-877.769
4815.202
-878.563
4813.453
-879.414
4811.793
-880.311
4810.206
-881.244
4808.679
-882.209
4807.201
-883.198
4805.765
-884.208
4804.362
-885.236
4802.986
-886.278
4801.634
-887.332
4800.300
-888.395
4798.981
-889.466
4797.674
-890.542
4796.374
-891.623
4795.081
-892.707
4793.791
-893.793
4792.502
-894.879
4791.213
-895.965
4789.920
-897.050
4788.623
-898.132
4787.320
-899.211
4786.008
-900.286
4784.688
-901.356
4783.357
-902.420
4782.013
-903.478
4780.656
-904.529
4779.284
-905.572
4777.896
-906.607
4776.490
-907.633
4775.065
-908.649
4773.620
-909.654
4772.154
-910.649
4770.664
-911.631
4769.151
-912.601
4767.613
-913.557
4766.048
-914.500
4764.455
-915.428
4762.833
-916.341
4761.181
-917.238
4759.496
-918.118
4757.778
-918.980
4756.025
-919.825
4754.236
-920.650
4752.409
-921.455
4750.543
-922.240
4748.637
-923.003
4746.688
-923.744
4744.695
-924.462
4742.656
-925.155
4740.570
-925.824
4738.434
-926.466
4736.248
-927.082
4734.009
-927.669
4731.715
-928.228
4729.365
-928.757
4726.956
-929.254
4724.486
-929.720
4721.953
-930.152
4719.355
-930.550
4716.690
-930.911
4713.956
-931.236
4711.149
-931.523
4708.268
-931.770
4705.310
-931.977
4702.273
-932.141
4699.153
-932.261
4695.948
-932.337
4692.656
-932.365
4689.273
-932.346
4685.797
-932.277
4682.223
-932.156
4678.550
-931.982
4674.774
-931.754
4670.892
-931.469
4666.900
-931.126
4662.795
-930.723
4658.574
-930.258
4654.232
-929.729
4649.765
-929.134
4645.171
-928.471
4640.445
-927.738
4635.583
-926.933
4630.582
-926.054
4625.436
-925.099
4620.141
-924.065
4614.694
-922.951
4609.089
-921.753
4603.323
-920.470
4597.390
-919.099
4591.286
-917.637
4585.005
-916.083
4578.544
-914.434
4571.897
-912.687
4565.059
-910.840
4558.026
-908.891
4550.791
-906.836
4543.349
-904.673
4535.697
-902.400
4527.827
-900.014
4519.735
-897.513
4511.415
-894.893
4502.862
-892.152
4494.071
-889.289
4485.036
-886.299
4475.752
-883.182
4466.213
-879.933
4456.415
-876.552
4446.350
-873.035
4436.015
-869.380
4425.405
-865.585
4414.513
-861.648
4403.335
-857.567
4391.867
-853.339
4380.102
-848.963
4368.038
-844.437
4355.668
-839.760
4342.989
-834.930
4329.997
-829.945
4316.687
-824.805
4303.057
-819.508
4289.102
-814.054
4274.820
-808.441
4260.207
-802.670
4245.261
-796.740
4229.981
-790.651
4214.363
-784.403
4198.406
-777.996
4182.109
-771.432
4165.472
-764.711
4148.494
-757.834
4131.176
-750.803
4113.517
-743.620
4095.519
-736.285
4077.183
-728.802
4058.511
-721.173
4039.506
-713.401
4020.171
-705.488
4000.509
-697.439
3980.524
-689.256
3960.220
-680.944
3939.603
-672.507
3918.678
-663.949
3897.451
-655.275
3875.929
-646.490
3854.119
-637.599
3832.028
-628.607
3809.665
-619.521
3787.037
-610.345
3764.154
-601.085
3741.025
-591.749
3717.660
-582.342
3694.069
-572.871
3670.263
-563.342
3646.253
-553.762
3622.048
-544.138
3597.663
-534.476
3573.107
-524.784
3548.393
-515.068
3523.533
-505.336
3498.540
-495.594
3473.425
-485.849
3448.202
-476.108
3422.884
-466.378
3397.482
-456.666
3372.009
-446.977
3346.480
-437.319
3320.905
-427.698
3295.297
-418.120
3269.670
-408.591
3244.034
-399.117
3218.404
-389.703
3192.789
-380.355
3167.203
-371.079
3141.656
-361.879
3116.161
-352.760
3090.727
-343.727
3065.366
-334.784
3040.087
-325.936
3014.902
-317.185
2989.819
-308.536
2964.849
-299.993
2939.999
-291.558
2915.279
-283.234
2890.697
-275.024
2866.261
-266.931
2841.978
-258.956
2817.856
-251.102
2793.901
-243.371
2770.120
-235.763
2746.518
-228.281
2723.102
-220.926
2699.876
-213.698
2676.845
-206.598
2654.014
-199.627
2631.388
-192.785
2608.969
-186.073
2586.761
-179.490
2564.768
-173.036
2542.993
-166.712
2521.437
-160.517
2500.103
-154.450
2478.994
-148.510
2458.110
-142.698
2437.453
-137.012
2417.024
-131.451
2396.824
-126.014
2376.854
-120.701
2357.115
-115.509
2337.605
-110.438
2318.326
-105.486
2299.277
-100.652
2280.457
-95.934
2261.867
-91.332
2243.505
-86.842
2225.371
-82.465
2207.463
-78.198
2189.780
-74.040
2172.322
-69.988
2155.086
-66.042
2138.072
-62.199
2121.276
-58.458
2104.699
-54.817
2088.338
-51.275
2072.190
-47.829
2056.255
-44.478
2040.530
-41.221
2025.013
-38.055
2009.702
-34.978
1994.594
-31.990
1979.688
-29.088
1964.981
-26.271
1950.470
-23.537
1936.155
-20.884
1922.031
-18.311
1908.097
-15.816
1894.351
-13.398
1880.789
-11.054
1867.410
-8.784
1854.211
-6.586
1841.189
-4.458
1828.343
-2.399
1815.669
-0.407
1803.166
 1.519
1790.830
 3.380
1778.660
 5.178
1766.653
 6.915
1754.807
 8.591
1743.119
10.208
1731.586
11.768
1720.208
13.271
1708.980
14.718
1697.901
16.112
1686.969
17.453
1676.181
18.742
1665.535
19.981
1655.030
21.171
1644.661
22.312
1634.428
23.406
1624.329
24.454
1614.360
25.457
1604.521
26.416
1594.809
27.332
1585.221
28.206
1575.757
29.039
1566.414
29.831
1557.189
30.585
1548.082
31.300
1539.089
31.977
1530.210
32.618
1521.442
33.222
1512.784
33.792
1504.234
34.328
1495.789
34.830
1487.449
35.299
1479.212
35.736
1471.075
36.142
1463.037
36.517
1455.097
36.863
1447.253
37.179
1439.503
37.467
1431.846
37.727
1424.280
37.959
1416.804
38.165
1409.416
38.345
1402.116
38.499
1394.900
38.628
1387.768
38.733
1380.719
38.814
1373.751
38.872
1366.863
38.907
1360.054
38.919
1353.322
38.910
1346.666
38.879
1340.085
38.828
1333.577
38.756
1327.141
38.664
1320.777
38.553
1314.483
38.422
1308.257
38.273
1302.100
38.106
1296.008
37.920
1289.983
37.718
1284.022
37.498
1278.124
37.261
1272.289
37.008
1266.515
36.739
1260.802
36.454
1255.147
36.154
1249.552
35.839
1244.014
35.510
1238.533
35.166
1233.107
34.808
1227.736
34.436
1222.419
34.050
1217.155
33.652
1211.944
33.240
1206.784
32.816
1201.674
32.380
1196.614
31.931
1191.604
31.471
1186.641
30.999
1181.726
30.516
1176.858
30.022
1172.036
29.517
1167.259
29.001
1162.526
28.475
1157.838
27.938
1153.193
27.392
1148.590
26.836
1144.029
26.270
1139.510
25.695
1135.031
25.111
1130.592
24.518
1126.192
23.916
1121.831
23.306
1117.508
22.687
1113.223
22.060
1108.975
21.425
1104.763
20.782
1100.587
20.131
1096.447
19.473
1092.341
18.808
1088.270
18.135
1084.232
17.455
1080.228
16.768
1076.256
16.075
1072.317
15.375
1068.409
14.668
1064.533
13.955
1060.687
13.236
1056.872
12.511
1053.087
11.780
1049.331
11.043
1045.605
10.301
1041.907
 9.553
1038.237
 8.799
1034.595
 8.040
1030.980
 7.276
1027.392
 6.507
1023.831
 5.733
1020.296
 4.954
1016.787
 4.171
1013.303
 3.383
1009.844
 2.590
1006.410
 1.793
1003.000
 0.991
999.615
 0.186
996.253
-0.624
992.914
-1.438
989.598
-2.256
986.304
-3.077
983.033
-3.902
979.784
-4.731
976.557
-5.564
973.351
-6.400
970.165
-7.239
967.001
-8.082
963.857
-8.927
960.733
-9.776
957.629
-10.628
954.545
-11.483
951.480
-12.341
948.433
-13.202
945.406
-14.065
942.397
-14.931
939.406
-15.800
936.434
-16.671
933.478
-17.544
930.541
-18.420
927.620
-19.298
924.717
-20.179
921.830
-21.061
918.959
-21.946
916.105
-22.833
913.267
-23.721
910.445
-24.612
907.638
-25.504
904.846
-26.398
902.070
-27.294
899.309
-28.191
896.562
-29.090
893.829
-29.991
891.111
-30.893
888.408
-31.796
885.717
-32.701
883.041
-33.607
880.378
-34.514
877.729
-35.423
875.092
-36.332
872.469
-37.243
869.858
-38.155
867.259
-39.067
864.674
-39.981
862.100
-40.895
859.538
-41.810
856.988
-42.726
854.450
-43.643
851.924
-44.560
849.409
-45.478
846.905
-46.396
844.412
-47.315
841.930
-48.235
839.458
-49.154
836.997
-50.074
834.547
-50.995
832.107
-51.916
829.677
-52.836
827.257
-53.757
824.847
-54.679
822.447
-55.600
820.056
-56.521
817.675
-57.442
815.303
-58.364
812.940
-59.285
810.586
-60.206
808.241
-61.127
805.904
-62.047
803.577
-62.968
801.258
-63.888
798.947
-64.807
796.644
-65.726
794.350
-66.645
792.064
-67.564
789.785
-68.481
787.515
-69.399
785.252
-70.315
782.996
-71.231
780.748
-72.147
778.508
-73.061
776.274
-73.975
774.048
-74.888
771.829
-75.800
769.617
-76.712
767.411
-77.622
765.212
-78.532
763.020
-79.440
760.834
-80.348
758.655
-81.254
756.482
-82.159
754.315
-83.063
752.154
-83.966
750.000
-84.868
747.851
-85.768
745.708
-86.668
743.571
-87.565
741.439
-88.462
739.313
-89.357
737.193
-90.251
735.078
-91.143
732.968
-92.033
730.864
-92.923
728.764
-93.810
726.670
-94.696
724.580
-95.580
722.496
-96.463
720.416
-97.344
718.341
-98.223
716.271
-99.100
714.205
-99.975
712.144
-100.849
710.087
-101.721
708.035
-102.590
705.987
-103.458
703.943
-104.324
701.903
-105.188
699.868
-106.049
697.836
-106.909
695.809
-107.766
693.785
-108.621
691.765
-109.474
689.748
-110.325
687.736
-111.174
685.727
-112.020
683.722
-112.864
681.720
-113.705
679.721
-114.544
677.726
-115.381
675.734
-116.215
673.746
-117.046
671.760
-117.875
669.778
-118.702
667.799
-119.525
665.823
-120.347
663.850
-121.165
661.879
-121.981
659.912
-122.794
657.947
-123.604
655.985
-124.412
654.026
-125.216
652.070
-126.018
650.116
-126.817
648.164
-127.613
646.216
-128.405
644.269
-129.195
642.325
-129.982
640.384
-130.766
638.444
-131.547
636.507
-132.324
634.572
-133.099
632.640
-133.870
630.709
-134.638
628.781
-135.402
626.855
-136.164
624.930
-136.922
623.008
-137.676
621.088
-138.428
619.169
-139.176
617.252
-139.920
615.338
-140.661
613.425
-141.398
611.513
-142.132
609.604
-142.863
607.696
-143.589
605.790
-144.313
603.885
-145.032
601.982
-145.748
600.080
-146.460
598.180
-147.168
596.282
-147.873
594.385
-148.573
592.489
-149.270
590.595
-149.963
588.702
-150.652
586.811
-151.337
584.920
-152.019
583.031
-152.696
581.144
-153.369
579.257
-154.038
577.372
-154.703
575.488
-155.364
573.605
-156.021
571.723
-156.674
569.843
-157.322
567.963
-157.967
566.085
-158.607
564.207
-159.242
562.331
-159.874
560.456
-160.501
558.581
-161.124
556.708
-161.743
554.836
-162.357
552.964
-162.966
551.094
-163.572
549.224
-164.172
547.356
-164.769
545.488
-165.360
543.621
-165.948
541.755
-166.530
539.890
-167.108
538.026
-167.682
536.162
-168.251
534.300
-168.815
532.438
-169.374
530.577
-169.929
528.717
-170.479
526.857
-171.024
524.999
-171.565
523.141
-172.100
521.284
-172.631
519.428
-173.157
517.572
-173.679
515.717
-174.195
513.863
-174.706
512.010
-175.213
510.158
-175.714
508.306
-176.211
506.455
-176.703
504.605
-177.189
502.756
-177.671
500.907
-178.147
499.059
-178.619
497.212
-179.086
495.366
-179.547
493.520
-180.003
491.675
-180.455
489.831
-180.901
487.988
-181.342
486.146
-181.777
484.304
-182.208
482.464
-182.633
480.624
-183.054
478.785
-183.469
476.946
-183.879
475.109
-184.283
473.272
-184.683
471.437
-185.077
469.602
-185.466
467.768
-185.849
465.935
-186.227
464.103
-186.600
462.272
-186.968
460.442
-187.331
458.613
-187.688
456.785
-188.039
454.958
-188.386
453.132
-188.727
451.307
-189.063
449.483
-189.393
447.660
-189.718
445.838
-190.038
444.017
-190.352
442.198
-190.661
440.380
-190.965
438.563
-191.263
436.747
-191.556
434.932
-191.843
433.118
-192.125
431.306
-192.402
429.496
-192.673
427.686
-192.939
425.878
-193.200
424.071
-193.455
422.266
-193.705
420.462
-193.950
418.659
-194.189
416.859
-194.423
415.059
-194.651
413.261
-194.874
411.465
-195.092
409.706
-195.342
409.133
-196.820
408.705
-198.449
408.147
-199.940
407.712
-201.562
407.146
-203.043
406.705
-204.659
406.131
-206.129
405.684
-207.738
405.195
-209.301
404.609
-210.755
404.151
-212.352
403.651
-213.903
403.052
-215.340
402.584
-216.925
402.072
-218.462
401.459
-219.881
400.980
-221.455
400.496
-223.024
399.869
-224.424
399.378
-225.985
398.882
-227.542
398.271
-228.959
397.767
-230.506
397.258
-232.049
396.602
-233.409
396.085
-234.942
395.564
-236.470
395.038
-237.994
394.465
-239.458
393.780
-240.780
393.240
-242.288
392.696
-243.790
392.146
-245.287
391.592
-246.779
391.033
-248.265
390.468
-249.745
389.898
-251.219
389.211
-252.536
