 0.352
 0.352
 0.352
 0.352
 0.352
 0.352
 0.353
 0.353
 0.353
 0.353
 0.353
 0.353
 0.353
 0.353
 0.353
 0.353
 0.353
 0.353
 0.353
 0.353
 0.354
 0.354
 0.354
 0.354
 0.354
 0.354
 0.354
 0.354
 0.354
 0.354
 0.354
 0.354
 0.354
 0.355
 0.355
 4.330
 1.400
 0.843
 0.619
 0.506
 0.441
 0.402
 0.376
 0.359
 0.348
 0.340
 0.334
 0.330
 0.326
 0.324
 0.322
 0.321
 0.320
 0.319
 0.318
 0.318
 0.318
 0.317
 0.317
 0.317
 0.317
 0.317
 0.317
 0.317
 0.316
 0.316
 0.316
 0.317
 0.317
 0.317
 0.317
 0.317
 0.317
 0.317
 0.317
 0.317
 0.317
 0.318
 0.318
 0.318
 0.318
 0.319
 0.319
 0.320
 0.320
 0.321
 0.321
 0.322
 0.322
 0.323
 0.324
 0.325
 0.326
 0.327
 0.328
 0.329
 0.331
 0.332
 0.334
 0.336
 0.338
 0.340
 0.342
 0.344
 0.347
 0.349
 0.352
 0.355
 0.359
 0.362
 0.366
 0.370
 0.374
 0.379
 0.383
 0.388
 0.394
 0.400
 0.406
 0.412
 0.419
 0.426
 0.433
 0.441
 0.449
 0.458
 0.467
 0.476
 0.486
 0.496
 0.507
 0.518
 0.530
 0.542
 0.555
 0.568
 0.582
 0.596
 0.611
 0.626
 0.643
 0.659
 0.676
 0.694
 0.713
 0.732
 0.751
 0.772
 0.793
 0.814
 0.837
 0.860
 0.884
 0.908
 0.934
 0.959
 0.986
 1.014
 1.042
 1.071
 1.101
 1.131
 1.163
 1.195
 1.228
 1.262
 1.296
 1.332
 1.368
 1.405
 1.443
 1.481
 1.521
 1.561
 1.602
 1.644
 1.686
 1.730
 1.774
 1.819
 1.864
 1.911
 1.958
 2.005
 2.054
 2.102
 2.152
 2.202
 2.252
 2.303
 2.355
 2.407
 2.459
 2.512
 2.564
 2.617
 2.671
 2.724
 2.777
 2.831
 2.884
 2.937
 2.990
 3.043
 3.095
 3.147
 3.199
 3.250
 3.301
 3.350
 3.400
 3.448
 3.495
 3.542
 3.588
 3.632
 3.675
 3.718
 3.759
 3.798
 3.836
 3.873
 3.909
 3.942
 3.975
 4.005
 4.034
 4.062
 4.087
 4.111
 4.133
 4.153
 4.172
 4.188
 4.203
 4.216
 4.227
 4.236
 4.244
 4.249
 4.253
 4.255
 4.255
 4.253
 4.250
 4.245
 4.238
 4.230
 4.220
 4.208
 4.195
 4.181
 4.165
 4.148
 4.129
 4.109
 4.088
 4.066
 4.043
 4.018
 3.993
 3.966
 3.939
 3.910
 3.881
 3.851
 3.821
 3.790
 3.758
 3.725
 3.692
 3.659
 3.625
 3.591
 3.556
 3.521
 3.486
 3.451
 3.415
 3.380
 3.344
 3.308
 3.272
 3.236
 3.200
 3.164
 3.128
 3.092
 3.056
 3.020
 2.985
 2.949
 2.914
 2.879
 2.844
 2.810
 2.776
 2.741
 2.708
 2.674
 2.641
 2.608
 2.576
 2.543
 2.511
 2.480
 2.449
 2.418
 2.387
 2.357
 2.327
 2.298
 2.268
 2.240
 2.211
 2.183
 2.155
 2.128
 2.101
 2.075
 2.048
 2.023
 1.997
 1.972
 1.947
 1.923
 1.899
 1.875
 1.852
 1.829
 1.806
 1.784
 1.762
 1.740
 1.719
 1.698
 1.677
 1.656
 1.636
 1.617
 1.597
 1.578
 1.559
 1.541
 1.523
 1.505
 1.487
 1.470
 1.452
 1.436
 1.419
 1.403
 1.387
 1.371
 1.355
 1.340
 1.325
 1.310
 1.296
 1.281
 1.267
 1.254
 1.240
 1.227
 1.213
 1.200
 1.188
 1.175
 1.163
 1.150
 1.139
 1.127
 1.115
 1.104
 1.093
 1.082
 1.071
 1.060
 1.050
 1.039
 1.029
 1.019
 1.009
 0.999
 0.990
 0.981
 0.971
 0.962
 0.953
 0.944
 0.936
 0.927
 0.919
 0.911
 0.902
 0.894
 0.887
 0.879
 0.871
 0.864
 0.856
 0.849
 0.842
 0.835
 0.828
 0.821
 0.814
 0.808
 0.801
 0.795
 0.788
 0.782
 0.776
 0.770
 0.764
 0.758
 0.752
 0.747
 0.741
 0.736
 0.730
 0.725
 0.719
 0.714
 0.709
 0.704
 0.699
 0.694
 0.689
 0.685
 0.680
 0.675
 0.671
 0.666
 0.662
 0.658
 0.653
 0.649
 0.645
 0.641
 0.637
 0.633
 0.629
 0.625
 0.621
 0.617
 0.614
 0.610
 0.606
 0.603
 0.599
 0.596
 0.592
 0.589
 0.585
 0.582
 0.579
 0.576
 0.573
 0.569
 0.566
 0.563
 0.560
 0.557
 0.554
 0.552
 0.549
 0.546
 0.543
 0.540
 0.538
 0.535
 0.532
 0.530
 0.527
 0.525
 0.522
 0.520
 0.517
 0.515
 0.513
 0.510
 0.508
 0.506
 0.503
 0.501
 0.499
 0.497
 0.494
 0.492
 0.490
 0.488
 0.486
 0.484
 0.482
 0.480
 0.478
 0.476
 0.474
 0.472
 0.470
 0.468
 0.467
 0.465
 0.463
 0.461
 0.459
 0.458
 0.456
 0.454
 0.452
 0.451
 0.449
 0.447
 0.446
 0.444
 0.442
 0.441
 0.439
 0.438
 0.436
 0.435
 0.433
 0.432
 0.430
 0.429
 0.427
 0.426
 0.424
 0.423
 0.421
 0.420
 0.419
 0.417
 0.416
 0.415
 0.413
 0.412
 0.411
 0.409
 0.408
 0.407
 0.405
 0.404
 0.403
 0.402
 0.400
 0.399
 0.398
 0.397
 0.395
 0.394
 0.393
 0.392
 0.391
 0.389
 0.388
 0.387
 0.386
 0.385
 0.384
 0.383
 0.381
 0.380
 0.379
 0.378
 0.377
 0.376
 0.375
 0.356
 0.356
 0.356
 0.355
 0.355
 0.354
 0.354
 0.354
 0.353
 0.353
 0.352
 0.352
 0.352
 0.351
 0.351
 0.383
 0.350
 0.350
 0.349
 0.349
 0.348
 0.348
 0.347
 0.347
 0.346
 0.346
 0.346
 0.345
 0.345
 0.344
 0.344
 0.343
 0.343
 0.342
 0.342
 0.341
 0.341
 0.340
 0.339
 0.339
 0.338
 0.338
 0.337
 0.337
 0.336
 0.335
 0.335
 0.334
 0.334
 0.333
 0.332
 0.332
 0.331
 0.331
 0.330
 0.329
 0.329
 0.328
 0.327
 0.327
 0.326
