4000.000
4000.300
4000.601
4000.903
4001.206
4001.509
4001.814
4002.119
4002.424
4002.731
4003.038
4003.346
4003.655
4003.965
4004.276
4004.587
4004.899
4005.212
4005.526
4005.840
4006.155
4006.471
4006.788
4007.106
4007.424
4007.743
4008.063
4008.384
4008.706
4009.028
4009.351
4009.675
4010.000
4010.326
4010.652
3961.697
3950.369
3945.117
3941.651
3939.053
3936.969
3935.223
3933.718
3932.390
3931.200
3930.118
3929.122
3928.199
3927.334
3926.520
3925.747
3925.011
3924.304
3923.624
3922.967
3922.328
3921.706
3921.099
3920.502
3919.916
3919.338
3918.767
3918.201
3917.639
3917.079
3916.521
3915.964
3915.406
3914.847
3914.285
3913.721
3913.152
3912.579
3912.001
3911.416
3910.824
3910.225
3909.617
3909.001
3908.374
3907.738
3907.090
3906.431
3905.760
3905.075
3904.377
3903.664
3902.936
3902.193
3901.433
3900.656
3899.861
3899.047
3898.214
3897.361
3896.487
3895.592
3894.673
3893.732
3892.766
3891.776
3890.759
3889.716
3888.644
3887.545
3886.415
3885.255
3884.063
3882.839
3881.581
3880.288
3878.959
3877.592
3876.188
3874.743
3873.258
3871.731
3870.161
3868.545
3866.884
3865.174
3863.416
3861.607
3859.746
3857.831
3855.861
3853.834
3851.748
3849.601
3847.392
3845.119
3842.779
3840.372
3837.894
3835.345
3832.721
3830.020
3827.241
3824.381
3821.438
3818.409
3815.292
3812.084
3808.784
3805.387
3801.893
3798.297
3794.598
3790.792
3786.876
3782.848
3778.704
3774.442
3770.059
3765.551
3760.914
3756.147
3751.245
3746.205
3741.024
3735.698
3730.224
3724.599
3718.818
3712.879
3706.777
3700.509
3694.072
3687.462
3680.674
3673.706
3666.554
3659.214
3651.682
3643.956
3636.030
3627.903
3619.569
3611.027
3602.272
3593.301
3584.110
3574.698
3565.060
3555.194
3545.096
3534.765
3524.197
3513.391
3502.343
3491.052
3479.516
3467.733
3455.702
3443.421
3430.889
3418.106
3405.071
3391.783
3378.242
3364.449
3350.404
3336.108
3321.562
3306.767
3291.725
3276.438
3260.908
3245.138
3229.131
3212.889
3196.418
3179.720
3162.800
3145.662
3128.312
3110.754
3092.994
3075.037
3056.890
3038.560
3020.052
3001.373
2982.531
2963.533
2944.387
2925.099
2905.679
2886.133
2866.471
2846.701
2826.830
2806.869
2786.824
2766.705
2746.521
2726.280
2705.991
2685.663
2665.303
2644.922
2624.527
2604.127
2583.731
2563.345
2542.979
2522.641
2502.337
2482.077
2461.866
2441.713
2421.624
2401.607
2381.667
2361.812
2342.047
2322.379
2302.812
2283.353
2264.006
2244.777
2225.670
2206.690
2187.841
2169.127
2150.552
2132.119
2113.831
2095.692
2077.704
2059.870
2042.193
2024.674
2007.316
1990.119
1973.087
1956.220
1939.519
1922.985
1906.620
1890.424
1874.397
1858.540
1842.853
1827.336
1811.989
1796.812
1781.805
1766.968
1752.299
1737.798
1723.465
1709.299
1695.298
1681.462
1667.791
1654.282
1640.934
1627.747
1614.720
1601.850
1589.136
1576.578
1564.173
1551.920
1539.818
1527.865
1516.059
1504.399
1492.883
1481.510
1470.278
1459.185
1448.230
1437.411
1426.726
1416.173
1405.752
1395.459
1385.294
1375.255
1365.340
1355.548
1345.876
1336.323
1326.888
1317.569
1308.363
1299.271
1290.289
1281.417
1272.652
1263.994
1255.440
1246.989
1238.640
1230.392
1222.241
1214.188
1206.231
1198.368
1190.598
1182.919
1175.330
1167.830
1160.418
1153.091
1145.850
1138.691
1131.615
1124.620
1117.704
1110.867
1104.108
1097.424
1090.815
1084.281
1077.818
1071.428
1065.107
1058.857
1052.674
1046.559
1040.510
1034.527
1028.607
1022.751
1016.958
1011.226
1005.554
999.942
994.388
988.892
983.453
978.071
972.743
967.470
962.250
957.084
951.969
946.905
941.892
936.929
932.015
927.149
922.330
917.559
912.834
908.154
903.519
898.928
894.381
889.877
885.415
880.995
876.616
872.278
867.980
863.721
859.501
855.319
851.175
847.069
842.999
838.965
834.967
831.005
827.077
823.183
819.323
815.497
811.703
807.942
804.213
800.516
796.849
793.214
789.608
786.033
782.487
778.971
775.483
772.024
768.592
765.189
761.812
758.463
755.140
751.844
748.573
745.329
742.109
738.914
735.744
732.599
729.477
726.379
723.305
720.254
717.226
714.220
711.237
708.275
705.336
702.418
699.521
696.646
693.791
690.957
688.142
685.348
682.574
679.820
677.084
674.368
671.671
668.993
666.333
663.691
661.067
658.461
655.873
653.302
650.749
648.212
645.693
643.190
640.703
638.233
635.779
633.341
630.919
628.513
626.121
623.746
621.385
619.039
616.708
614.392
612.090
609.802
607.529
605.270
603.024
600.793
598.575
596.370
594.179
592.001
589.836
587.683
585.544
583.417
581.303
579.201
577.112
575.034
572.969
570.915
568.874
566.843
564.825
562.818
560.822
558.838
556.864
554.902
552.950
551.009
549.079
547.160
545.251
543.352
541.463
539.585
537.717
535.859
534.010
532.172
530.343
528.523
526.714
524.913
523.122
521.340
519.567
517.804
516.049
514.303
512.566
510.838
509.118
507.407
505.705
504.011
502.325
500.647
498.978
497.316
495.663
494.017
492.380
490.750
489.128
487.514
485.907
484.307
482.716
481.131
479.554
477.984
476.421
474.865
473.316
471.775
470.240
468.712
467.190
465.676
464.168
462.666
461.171
459.683
458.201
456.725
455.256
453.793
452.336
450.885
450.234
450.408
450.586
450.767
450.953
451.143
451.336
451.533
451.621
451.825
452.033
452.243
452.458
452.675
452.895
453.188
453.219
453.449
453.681
453.916
454.153
454.344
454.586
454.697
454.945
455.194
455.445
455.698
455.775
456.032
456.291
456.551
456.813
457.076
457.341
457.468
457.735
458.003
458.272
458.541
458.812
458.881
459.152
459.424
459.696
459.969
460.241
460.513
460.785
461.056
461.327
461.598
461.867
462.136
462.404
462.671
462.936
463.200
463.463
463.724
463.983
