 0.000
125000.000
1969.616
124652.272
3939.231
124303.681
5908.847
123954.225
7878.462
123603.905
9848.078
123252.722
11817.693
122900.674
13787.309
122547.761
15756.924
122193.983
17726.540
121839.341
19696.156
121483.833
21665.771
121127.460
23635.387
120770.222
25605.002
120412.118
27574.618
120053.148
29544.233
119693.313
31513.849
119332.611
33483.464
118971.042
35453.080
118608.608
37422.696
118245.306
39392.311
117881.138
41361.927
117516.102
43331.542
117150.200
45301.158
116783.430
47270.773
116415.792
49240.389
116047.287
51210.004
115677.913
53179.620
115307.672
55149.236
114936.562
57118.851
114564.584
59088.467
114191.737
61058.082
113818.021
63027.698
113443.436
64997.313
113067.982
66966.929
112691.658
68927.631
112319.095
70871.240
111954.527
72811.227
111590.959
74749.101
111227.612
76685.441
110864.188
78620.555
110500.527
80554.637
110136.529
82487.818
109772.126
84420.196
109407.268
86351.841
109041.919
88282.810
108676.049
90213.149
108309.635
92142.892
107942.658
94072.071
107575.102
96000.711
107206.956
97928.831
106838.207
99856.451
106468.847
101783.585
106098.868
103710.246
105728.263
105636.445
105357.026
107562.191
104985.153
109487.493
104612.639
111412.356
104239.482
113336.788
103865.677
115260.792
103491.222
117184.373
103116.116
119107.534
102740.356
121030.277
102363.942
122952.604
101986.872
124874.516
101609.145
126796.015
101230.762
128717.100
100851.723
130637.771
100472.026
132558.028
100091.673
134477.869
99710.665
136397.293
99329.002
138316.298
98946.684
140234.882
98563.714
142153.042
98180.093
144070.776
97795.821
145988.079
97410.902
147904.949
97025.337
149821.382
96639.127
151737.373
96252.276
153652.918
95864.785
155568.012
95476.658
157482.650
95087.896
159396.826
94698.504
161310.535
94308.483
163223.770
93917.838
165136.526
93526.572
167048.795
93134.688
168960.570
92742.191
170871.845
92349.083
172782.612
91955.370
174692.862
91561.056
176602.588
91166.144
178511.780
90770.641
180420.430
90374.550
182328.529
89977.877
184236.067
89580.627
186143.034
89182.805
188049.419
88784.418
189955.213
88385.470
191860.403
87985.969
193764.979
87585.920
195668.928
87185.331
197572.238
86784.206
199474.897
86382.555
201376.891
85980.384
203278.208
85577.700
205178.832
85174.511
207078.750
84770.825
208977.946
84366.651
210876.406
83961.996
212774.113
83556.871
214671.050
83151.283
216567.202
82745.242
218462.551
82338.759
220357.078
81931.842
222250.765
81524.502
224143.594
81116.750
226035.544
80708.598
227926.594
80300.055
229816.725
79891.134
231705.915
79481.847
233594.141
79072.206
235481.380
78662.225
237367.609
78251.916
239252.804
77841.293
241136.940
77430.369
243019.990
77019.160
244901.929
76607.681
246782.728
76195.946
248662.361
75783.971
250540.797
75371.773
252418.008
74959.369
254293.962
74546.775
256168.628
74134.010
258041.973
73721.091
259913.964
73308.038
261784.567
72894.870
263653.745
72481.607
265521.464
72068.268
267387.684
71654.877
269252.369
71241.453
271115.477
70828.020
272976.969
70414.600
274836.803
70001.217
276694.935
69587.895
278551.322
69174.659
280405.917
68761.534
282258.675
68348.547
284109.548
67935.725
285958.485
67523.096
287805.437
67110.687
289650.352
66698.529
291493.177
66286.651
293333.856
65875.083
295172.334
65463.858
297008.553
65053.007
298842.455
64642.563
300673.978
64232.562
302503.062
63823.036
304329.641
63414.023
306153.651
63005.557
307975.027
62597.677
309793.698
62190.421
311609.596
61783.828
313422.648
61377.936
315232.783
60972.788
317039.924
60568.425
318843.995
60164.889
320644.919
59762.223
322442.616
59360.473
324237.003
58959.681
326027.999
58559.896
327815.517
58161.163
329599.471
57763.530
331379.773
57367.046
333156.333
56971.760
334929.060
56577.721
336697.860
56184.981
338462.638
55793.592
340223.297
55403.605
341979.740
55015.075
343731.868
54628.054
345479.578
54242.597
347222.767
53858.759
348961.333
53476.596
350695.170
53096.164
352424.170
52717.520
354148.225
52340.722
355867.227
51965.826
357581.064
51592.891
359289.625
51221.975
360992.797
50853.138
362690.467
50486.437
364382.520
50121.931
366068.841
49759.681
367749.315
49399.744
369423.824
49042.181
371092.251
48687.050
372754.481
48334.409
374410.394
47984.318
376059.874
47636.835
377702.802
47292.016
379339.061
46949.920
380968.535
46610.603
382591.105
46274.121
384206.657
45940.530
385815.073
45609.883
387416.240
45282.234
389010.043
44957.636
390596.369
44636.140
392175.107
44317.796
393746.147
44002.652
395309.380
43690.758
396864.699
43382.158
398411.999
43076.897
399951.177
42775.018
401482.131
42476.562
403004.764
42181.570
404518.978
41890.079
406024.681
41602.124
407521.780
41317.741
409010.187
41036.960
410489.818
40759.811
411960.589
40486.323
413422.422
40216.521
414875.241
39950.429
416318.972
39688.068
417753.548
39429.456
419178.903
39174.611
420594.975
38923.547
422001.705
38676.276
423399.039
38432.807
424786.928
38193.149
426165.323
37957.307
427534.183
37725.282
428893.469
37497.076
430243.145
37272.687
431583.182
37052.111
432913.552
36835.341
434234.233
36622.368
435545.206
36413.183
436846.456
36207.773
438137.971
36006.121
439419.747
35808.212
440691.778
35614.026
441954.067
35423.543
443206.617
35236.740
444449.438
35053.592
445682.540
34874.072
446905.940
34698.154
448119.657
34525.807
449323.712
34356.999
450518.133
34191.700
451702.947
34029.873
452878.189
33871.485
454043.891
33716.498
455200.094
33564.875
456346.838
33416.576
457484.166
33271.563
458612.127
33129.793
459730.768
32991.225
460840.141
32855.817
461940.300
32723.526
463031.302
32594.306
464113.203
32468.115
465186.065
32344.905
466249.950
32224.633
467304.921
32107.251
468351.044
31992.714
469388.386
31880.975
470417.015
31771.986
471437.002
31665.701
472448.417
31562.073
473451.333
31461.054
474445.822
31362.597
475431.961
31266.655
476409.823
31173.180
477379.485
31082.125
478341.023
30993.444
479294.514
30907.089
480240.037
30823.014
481177.670
30741.173
482107.492
30661.520
483029.581
30584.008
483944.016
30508.593
484850.877
30435.230
485750.244
30363.874
486642.196
30294.481
487526.813
30227.007
488404.174
30161.409
489274.358
30097.644
490137.444
30035.670
490993.513
29975.445
491842.641
29916.928
492684.908
29860.078
493520.391
29804.855
494349.169
29751.219
495171.317
29699.131
495986.914
29648.552
496796.036
29599.446
497598.757
29551.773
498395.154
29505.498
499185.300
29460.584
499969.271
29416.995
500747.138
29374.697
501518.976
29333.654
502284.856
29293.833
503044.849
29255.201
503799.027
29217.724
504547.460
29181.371
505290.216
29146.110
506027.364
29111.909
506758.972
29078.739
507485.108
29046.569
508205.838
29015.369
508921.227
28985.112
509631.340
28955.768
510336.242
28927.310
511035.995
28899.710
511730.663
28872.942
512420.306
28846.979
513104.987
28821.796
513784.765
28797.368
514459.700
28773.670
515129.851
28750.676
515795.275
28728.365
516456.029
28706.712
517112.171
28685.695
517763.756
28665.291
518410.838
28645.478
519053.471
28626.235
519691.710
28607.541
520325.607
28589.375
520955.214
28571.716
521580.581
28554.546
522201.760
28537.845
522818.800
28521.594
523431.750
28505.774
524040.658
28490.366
524645.573
28475.354
525246.541
28460.720
525843.608
28446.446
526436.820
28432.517
527026.221
28418.914
527611.857
28405.623
528193.770
28392.628
528772.004
28379.913
529346.601
28367.464
529917.603
28355.265
530485.050
28343.302
531048.983
28331.560
531609.442
28320.027
532166.466
28308.689
532720.095
28297.532
533270.365
28286.543
533817.314
28275.710
534360.980
28265.019
534901.399
28254.460
535438.606
28244.020
535972.637
28233.687
536503.526
28223.450
537031.308
28213.298
537556.017
28203.219
538077.686
28193.204
538596.347
28183.241
539112.032
28173.320
539624.774
28163.431
540134.603
28153.565
540641.551
28143.712
541145.647
28133.861
541646.921
28124.005
542145.403
28114.134
542641.122
28104.239
543134.106
28094.311
543624.384
28084.343
544111.982
28074.324
544596.928
28064.249
545079.250
28054.108
545558.972
28043.894
546036.122
28033.599
546510.725
28023.216
546982.806
28012.737
547452.390
28002.155
547919.502
27991.463
548384.165
27980.655
548846.403
27969.723
549306.241
27958.662
549763.700
27947.464
550218.804
27936.123
550671.574
27924.634
551122.034
27912.990
551570.204
27901.184
552016.106
27889.213
552459.761
27877.069
552901.190
27864.747
553340.413
27852.243
553777.451
27839.549
554212.323
27826.662
554645.049
27813.577
555075.648
27800.287
555504.138
27786.789
555930.540
27773.078
556354.871
27759.149
556777.149
27744.997
557197.393
27730.618
557615.620
27716.008
558031.846
27701.162
558446.091
27686.076
558858.369
27670.747
559268.699
27655.169
559677.096
27639.340
560083.576
27623.255
560488.156
27606.910
560890.851
27590.303
561291.677
27573.429
561690.649
27556.284
562087.781
27538.867
562483.090
27521.172
562876.589
27503.198
563268.292
27484.940
563658.215
27466.395
564046.371
27447.561
564432.773
27428.435
564817.436
27409.013
565200.373
27389.293
565581.597
27369.272
565961.120
27348.948
566338.957
27328.317
566715.120
27307.377
567089.621
27286.126
567462.472
27264.560
567833.686
27242.679
568203.274
27220.479
568571.250
27197.958
568937.623
27175.114
569302.406
27151.944
569665.610
27128.447
570027.246
27104.621
570387.325
27080.463
570745.858
27055.971
571102.856
27031.145
571458.330
27005.981
571812.290
26980.478
572164.745
26954.634
572515.707
26928.448
572865.186
26901.917
573213.190
26875.041
573559.731
26847.818
573904.817
26820.246
574248.458
26792.323
574590.664
26764.049
574931.444
26735.422
575270.806
26706.440
575608.760
26677.103
575945.315
26647.408
576280.480
26617.355
576614.262
26586.943
576946.671
26556.171
577277.715
26525.036
577607.403
26493.539
577935.742
26461.679
578262.741
26429.453
578588.407
26396.862
578912.749
26363.905
579235.774
26330.580
579557.490
26296.887
579877.904
26262.824
580197.025
26228.392
580514.858
26193.590
580831.412
26158.416
581146.694
26122.870
581460.711
26086.952
581773.470
26050.661
582084.978
26013.996
582395.241
25976.957
582704.266
25939.543
583012.060
25901.754
583318.630
25863.590
583623.982
25825.049
583928.122
25786.132
584231.057
25746.839
584532.792
25707.169
584833.335
25667.121
585132.691
25626.696
585430.865
25585.892
585727.865
25544.712
586023.696
25503.152
586318.363
25461.215
586611.873
25418.900
586904.230
25376.206
587195.441
25333.133
587485.511
25289.682
587774.446
25245.852
588062.250
25201.645
588348.929
25157.058
588634.488
25112.093
588918.932
25066.751
589202.267
25021.030
589484.498
24974.931
589765.629
24928.454
590045.665
24881.600
590324.611
24834.368
590602.472
24786.760
590879.253
24738.775
591154.958
24690.413
591429.591
24641.675
591703.159
24592.562
591975.664
24543.073
592247.111
24493.209
592517.506
24442.971
592786.851
24392.359
593055.151
24341.373
593322.411
24290.014
593588.635
24238.282
593853.827
24186.179
594117.990
24133.704
594381.130
24080.858
594643.249
24027.642
594904.352
23974.056
595164.443
23920.102
595423.525
23865.779
595681.603
23811.089
595938.679
23756.032
596194.759
23700.608
596449.844
23644.820
596703.940
23588.667
596957.050
23532.150
597209.176
23475.270
597460.323
23418.029
597710.494
23360.426
597959.692
23302.463
598207.922
23244.141
598455.185
23185.460
598701.486
23126.422
598946.827
23067.027
599191.212
23007.277
599434.645
22947.173
599677.127
22886.715
599918.663
22825.905
600159.255
22764.744
600398.906
22703.232
600637.620
22641.372
600875.399
22579.163
601112.247
22516.608
601348.166
22453.707
601583.158
22390.462
601817.228
22326.874
602050.377
22262.943
602282.609
22198.673
602513.926
22134.062
602744.331
22069.114
602973.826
22003.829
603202.415
21938.209
603430.100
21872.254
603656.883
21805.967
603882.767
21739.348
604107.755
21672.399
604331.849
21605.122
604555.052
21537.518
604777.366
21469.588
604998.793
21401.335
605219.336
21332.758
605438.998
21263.860
605657.781
21194.643
605875.686
21125.108
606092.717
21055.256
606308.876
20985.089
606524.165
20914.609
606738.586
20843.818
606952.222
20772.651
607165.577
20700.702
607378.737
20627.902
607591.699
20554.253
607804.464
20479.756
608017.029
20404.411
608229.395
20328.221
608441.559
20251.186
608653.509
20173.317
608865.223
20094.636
609076.732
20015.114
609288.035
19934.751
609499.131
19853.551
609710.019
19771.514
609920.698
19688.640
610131.167
19604.932
610341.377
19520.434
610551.370
19435.107
610761.149
19348.950
610970.712
19261.965
611180.058
19174.152
611389.177
19085.521
611598.065
18996.077
611806.716
18905.825
612015.109
18814.786
612223.277
18722.928
612431.219
18630.252
612638.934
18536.759
612846.397
18442.475
613053.585
18347.423
613260.541
18251.559
613467.263
18154.885
613673.750
18057.404
613880.000
17959.116
614086.012
17860.024
614291.759
17760.155
614497.237
17659.514
614702.470
17558.074
614907.458
17455.838
615112.199
17352.807
615316.690
17248.983
615520.919
17144.379
615724.833
17039.055
615928.492
16932.945
616131.894
16826.050
616335.037
16718.372
616537.918
16609.915
616740.537
16500.679
616942.890
16390.668
617144.976
16279.883
617346.792
16168.327
617548.336
16056.003
617749.606
15942.913
617950.600
15829.058
618151.316
15714.443
618351.750
15599.068
618551.901
15482.938
618751.766
15366.054
618951.343
15248.420
619150.630
15130.037
619349.624
15010.909
