3939.231
-694.592
3939.231
-696.319
3939.231
-698.047
3939.231
-699.775
3939.231
-701.503
3939.231
-703.232
3939.231
-704.961
3939.231
-706.690
3939.231
-708.420
3939.231
-710.150
3939.231
-711.880
3939.231
-713.611
3939.231
-715.342
3939.231
-717.074
3939.231
-718.805
3939.231
-720.538
3939.231
-722.270
3939.231
-724.003
3939.231
-725.736
3939.231
-727.470
3939.231
-729.204
3939.231
-730.938
3939.231
-732.673
3939.231
-734.408
3939.231
-736.143
3939.231
-737.879
3939.231
-739.615
3939.231
-741.351
3939.231
-743.088
3939.231
-744.825
3939.231
-746.563
3939.231
-748.301
3939.231
-750.039
3939.231
-751.778
3939.231
-753.517
3893.569
-731.549
3882.765
-727.707
3877.595
-726.777
3874.082
-726.703
3871.375
-727.045
3869.144
-727.632
3867.227
-728.382
3865.532
-729.246
3864.002
-730.196
3862.598
-731.211
3861.294
-732.277
3860.071
-733.385
3858.914
-734.527
3857.811
-735.698
3856.754
-736.892
3855.735
-738.106
3854.749
-739.337
3853.791
-740.582
3852.856
-741.840
3851.942
-743.108
3851.045
-744.386
3850.163
-745.670
3849.294
-746.962
3848.434
-748.259
3847.584
-749.560
3846.741
-750.866
3845.903
-752.174
3845.070
-753.484
3844.239
-754.796
3843.411
-756.109
3842.584
-757.423
3841.756
-758.736
3840.928
-760.049
3840.098
-761.361
3839.266
-762.672
3838.430
-763.981
3837.590
-765.288
3836.745
-766.592
3835.895
-767.893
3835.038
-769.191
3834.175
-770.486
3833.304
-771.776
3832.425
-773.062
3831.538
-774.343
3830.640
-775.619
3829.733
-776.890
3828.816
-778.155
3827.887
-779.414
3826.946
-780.667
3825.993
-781.912
3825.027
-783.151
3824.047
-784.383
3823.053
-785.606
3822.044
-786.822
3821.019
-788.029
3819.979
-789.227
3818.921
-790.417
3817.846
-791.596
3816.752
-792.766
3815.640
-793.925
3814.508
-795.073
3813.356
-796.211
3812.183
-797.337
3810.987
-798.451
3809.770
-799.552
3808.529
-800.641
3807.264
-801.716
3805.974
-802.778
3804.658
-803.825
3803.315
-804.858
3801.945
-805.875
3800.547
-806.877
3799.119
-807.863
3797.661
-808.832
3796.172
-809.783
3794.650
-810.717
3793.095
-811.632
3791.506
-812.528
3789.882
-813.404
3788.221
-814.260
3786.522
-815.095
3784.785
-815.908
3783.007
-816.699
3781.189
-817.468
3779.328
-818.212
3777.423
-818.932
3775.473
-819.626
3773.477
-820.295
3771.432
-820.937
3769.339
-821.551
3767.195
-822.137
3764.998
-822.693
3762.748
-823.220
3760.442
-823.715
3758.079
-824.178
3755.657
-824.608
3753.175
-825.004
3750.630
-825.365
3748.022
-825.690
3745.348
-825.978
3742.605
-826.228
3739.793
-826.438
3736.909
-826.608
3733.952
-826.737
3730.918
-826.823
3727.806
-826.864
3724.614
-826.861
3721.340
-826.811
3717.980
-826.713
3714.534
-826.567
3710.998
-826.369
3707.369
-826.120
3703.647
-825.818
3699.827
-825.461
3695.907
-825.048
3691.885
-824.577
3687.757
-824.047
3683.522
-823.456
3679.176
-822.804
3674.717
-822.087
3670.141
-821.305
3665.445
-820.456
3660.627
-819.539
3655.684
-818.551
3650.612
-817.491
3645.408
-816.358
3640.069
-815.149
3634.593
-813.863
3628.974
-812.498
3623.212
-811.053
3617.301
-809.525
3611.239
-807.914
3605.022
-806.216
3598.647
-804.431
3592.111
-802.557
3585.411
-800.592
3578.542
-798.534
3571.501
-796.382
3564.286
-794.133
3556.893
-791.787
3549.318
-789.342
3541.558
-786.795
3533.610
-784.147
3525.470
-781.394
3517.136
-778.535
3508.604
-775.570
3499.871
-772.496
3490.934
-769.313
3481.791
-766.019
3472.438
-762.613
3462.872
-759.095
3453.092
-755.462
3443.094
-751.714
3432.876
-747.850
3422.435
-743.870
3411.771
-739.773
3400.880
-735.558
3389.761
-731.226
3378.413
-726.775
3366.833
-722.207
3355.021
-717.519
3342.976
-712.714
3330.696
-707.791
3318.182
-702.751
3305.432
-697.594
3292.447
-692.321
3279.227
-686.933
3265.772
-681.432
3252.083
-675.817
3238.161
-670.092
3224.006
-664.256
3209.621
-658.313
3195.007
-652.264
3180.167
-646.111
3165.101
-639.857
3149.815
-633.503
3134.309
-627.054
3118.587
-620.510
3102.654
-613.876
3086.512
-607.154
3070.166
-600.348
3053.620
-593.460
3036.879
-586.496
3019.947
-579.457
3002.831
-572.349
2985.535
-565.175
2968.066
-557.939
2950.429
-550.645
2932.630
-543.298
2914.676
-535.902
2896.574
-528.460
2878.330
-520.979
2859.952
-513.462
2841.446
-505.914
2822.820
-498.339
2804.082
-490.742
2785.239
-483.128
2766.299
-475.502
2747.269
-467.868
2728.158
-460.230
2708.973
-452.594
2689.723
-444.964
2670.415
-437.344
2651.058
-429.739
2631.659
-422.153
2612.227
-414.591
2592.769
-407.057
2573.293
-399.554
2553.807
-392.088
2534.319
-384.661
2514.837
-377.279
2495.367
-369.943
2475.918
-362.658
2456.496
-355.428
2437.109
-348.256
2417.764
-341.144
2398.467
-334.096
2379.225
-327.115
2360.044
-320.203
2340.931
-313.363
2321.892
-306.597
2302.932
-299.909
2284.057
-293.299
2265.273
-286.770
2246.585
-280.323
2227.997
-273.961
2209.514
-267.685
2191.142
-261.496
2172.883
-255.396
2154.743
-249.386
2136.726
-243.466
2118.834
-237.639
2101.072
-231.903
2083.442
-226.261
2065.948
-220.712
2048.592
-215.258
2031.378
-209.897
2014.307
-204.631
1997.381
-199.460
1980.603
-194.384
1963.975
-189.402
1947.498
-184.514
1931.174
-179.720
1915.004
-175.021
1898.989
-170.414
1883.130
-165.901
1867.428
-161.479
1851.884
-157.150
1836.498
-152.911
1821.270
-148.763
1806.202
-144.704
1791.293
-140.735
1776.542
-136.853
1761.951
-133.058
1747.518
-129.349
1733.244
-125.725
1719.129
-122.185
1705.170
-118.728
1691.369
-115.354
1677.724
-112.060
1664.235
-108.846
1650.901
-105.711
1637.720
-102.653
1624.693
-99.673
1611.818
-96.767
1599.093
-93.936
1586.518
-91.177
1574.092
-88.491
1561.814
-85.876
1549.681
-83.330
1537.694
-80.852
1525.850
-78.442
1514.148
-76.098
1502.587
-73.819
1491.165
-71.604
1479.882
-69.452
1468.734
-67.361
1457.722
-65.331
1446.844
-63.360
1436.097
-61.447
1425.481
-59.592
1414.994
-57.793
1404.634
-56.049
1394.400
-54.359
1384.291
-52.722
1374.304
-51.137
1364.439
-49.603
1354.693
-48.119
1345.066
-46.684
1335.555
-45.297
1326.160
-43.957
1316.878
-42.663
1307.708
-41.414
1298.648
-40.210
1289.698
-39.049
1280.855
-37.930
1272.118
-36.854
1263.486
-35.818
1254.957
-34.822
1246.529
-33.865
1238.202
-32.946
1229.974
-32.065
1221.843
-31.221
1213.807
-30.413
1205.867
-29.641
1198.019
-28.902
1190.264
-28.198
1182.599
-27.527
1175.023
-26.888
1167.535
-26.281
1160.133
-25.705
1152.817
-25.160
1145.585
-24.644
1138.435
-24.157
1131.367
-23.699
1124.379
-23.270
1117.471
-22.867
1110.640
-22.491
1103.886
-22.142
1097.207
-21.818
1090.603
-21.519
1084.072
-21.245
1077.614
-20.996
1071.226
-20.769
1064.909
-20.566
1058.660
-20.386
1052.480
-20.227
1046.366
-20.091
1040.319
-19.975
1034.336
-19.880
1028.417
-19.806
1022.561
-19.751
1016.767
-19.717
1011.034
-19.701
1005.361
-19.703
999.747
-19.724
994.192
-19.763
988.694
-19.820
983.252
-19.894
977.866
-19.984
972.536
-20.091
967.259
-20.214
962.035
-20.353
956.864
-20.507
951.744
-20.676
946.676
-20.860
941.657
-21.058
936.688
-21.271
931.767
-21.498
926.894
-21.738
922.068
-21.991
917.289
-22.257
912.555
-22.536
907.867
-22.828
903.223
-23.132
898.622
-23.447
894.065
-23.775
889.550
-24.114
885.077
-24.464
880.645
-24.825
876.254
-25.196
871.903
-25.578
867.591
-25.971
863.318
-26.373
859.083
-26.786
854.886
-27.208
850.727
-27.639
846.603
-28.080
842.516
-28.529
838.464
-28.988
834.448
-29.455
830.465
-29.930
826.517
-30.414
822.603
-30.906
818.721
-31.406
814.872
-31.913
811.055
-32.428
807.270
-32.951
803.516
-33.480
799.792
-34.017
796.099
-34.561
792.436
-35.111
788.802
-35.668
785.198
-36.232
781.622
-36.801
778.074
-37.377
774.554
-37.959
771.061
-38.547
767.595
-39.141
764.156
-39.740
760.743
-40.345
757.357
-40.955
753.995
-41.570
750.659
-42.190
747.348
-42.816
744.061
-43.446
740.799
-44.081
737.560
-44.720
734.344
-45.365
731.152
-46.013
727.983
-46.666
724.836
-47.323
721.712
-47.984
718.609
-48.649
715.528
-49.318
712.468
-49.990
709.430
-50.666
706.412
-51.346
703.414
-52.029
700.437
-52.716
697.480
-53.406
694.542
-54.099
691.624
-54.795
688.724
-55.494
685.844
-56.196
682.982
-56.901
680.139
-57.609
677.314
-58.319
674.506
-59.032
671.716
-59.747
668.944
-60.464
666.189
-61.184
663.451
-61.907
660.729
-62.631
658.024
-63.357
655.335
-64.086
652.662
-64.816
650.005
-65.548
647.364
-66.282
644.738
-67.018
642.128
-67.755
639.532
-68.494
636.952
-69.234
634.385
-69.976
631.834
-70.719
629.297
-71.464
626.773
-72.209
624.264
-72.956
621.768
-73.704
619.286
-74.453
616.817
-75.203
614.362
-75.953
611.919
-76.705
609.490
-77.457
607.073
-78.210
604.668
-78.964
602.276
-79.718
599.896
-80.473
597.529
-81.228
595.173
-81.984
592.829
-82.740
590.496
-83.496
588.175
-84.253
585.865
-85.010
583.567
-85.767
581.279
-86.524
579.002
-87.281
576.737
-88.037
574.481
-88.794
572.236
-89.551
570.002
-90.308
567.778
-91.064
565.564
-91.820
563.360
-92.576
561.165
-93.331
558.981
-94.086
556.806
-94.840
554.640
-95.594
552.484
-96.347
550.337
-97.099
548.200
-97.851
546.071
-98.602
543.951
-99.353
541.840
-100.102
539.738
-100.851
537.644
-101.598
535.559
-102.345
533.482
-103.091
531.414
-103.835
529.354
-104.579
527.302
-105.321
525.257
-106.062
523.221
-106.802
521.193
-107.540
519.172
-108.278
517.159
-109.013
515.153
-109.748
513.155
-110.481
511.164
-111.212
509.180
-111.942
507.204
-112.670
505.235
-113.397
503.272
-114.121
501.317
-114.845
499.368
-115.566
497.427
-116.286
495.491
-117.003
493.563
-117.719
491.641
-118.433
489.726
-119.145
487.816
-119.855
485.914
-120.563
484.017
-121.268
482.127
-121.972
480.243
-122.673
478.364
-123.373
476.492
-124.069
474.626
-124.764
472.765
-125.456
470.910
-126.146
469.061
-126.834
467.218
-127.519
465.380
-128.201
463.548
-128.881
461.721
-129.559
459.900
-130.234
458.083
-130.906
456.273
-131.576
454.467
-132.242
452.667
-132.906
450.871
-133.568
449.081
-134.226
447.296
-134.882
445.516
-135.534
443.740
-136.184
441.970
-136.831
440.204
-137.475
438.443
-138.115
436.687
-138.753
434.936
-139.388
433.189
-140.019
431.447
-140.647
429.709
-141.272
427.976
-141.894
426.906
-143.047
426.515
-144.749
426.122
-146.449
425.727
-148.147
425.330
-149.842
424.931
-151.535
424.530
-153.226
424.127
-154.914
423.630
-156.521
423.223
-158.204
422.812
-159.885
422.400
-161.563
421.985
-163.238
421.567
-164.911
421.147
-166.581
420.779
-168.298
420.200
-169.822
419.773
-171.484
419.342
-173.143
418.909
-174.798
418.473
-176.451
417.997
-178.065
417.555
-179.712
417.008
-181.257
416.561
-182.897
416.111
-184.535
415.658
-186.169
415.201
-187.800
414.607
-189.293
414.145
-190.917
413.679
-192.538
413.210
-194.156
412.738
-195.770
412.262
-197.380
411.783
-198.987
411.198
-200.482
410.712
-202.081
410.222
-203.677
409.729
-205.268
409.232
-206.856
408.731
-208.439
408.082
-209.859
407.574
-211.435
407.062
-213.006
406.545
-214.573
406.025
-216.136
405.501
-217.694
404.972
-219.248
404.440
-220.797
403.903
-222.341
403.361
-223.881
402.815
-225.416
402.265
-226.946
401.710
-228.471
401.150
-229.991
400.586
-231.505
400.017
-233.015
399.443
-234.519
398.865
-236.018
398.281
-237.512
397.692
-238.999
