 0.352
 0.352
 0.352
 0.353
 0.353
 0.353
 0.353
 0.353
 0.353
 0.353
 0.353
 0.354
 0.354
 0.354
 0.354
 0.354
 0.354
 0.354
 0.355
 1.156
 0.588
 0.437
 0.379
 0.352
 0.339
 0.331
 0.327
 0.325
 0.323
 0.322
 0.322
 0.321
 0.321
 0.321
 0.321
 0.321
 0.321
 0.321
 0.322
 0.322
 0.322
 0.323
 0.323
 0.324
 0.325
 0.326
 0.327
 0.329
 0.330
 0.332
 0.334
 0.337
 0.340
 0.343
 0.347
 0.351
 0.355
 0.361
 0.367
 0.373
 0.381
 0.389
 0.398
 0.408
 0.419
 0.431
 0.444
 0.458
 0.474
 0.491
 0.509
 0.529
 0.550
 0.573
 0.598
 0.624
 0.652
 0.682
 0.715
 0.749
 0.785
 0.823
 0.864
 0.907
 0.953
 1.002
 1.053
 1.107
 1.163
 1.223
 1.286
 1.352
 1.422
 1.495
 1.572
 1.652
 1.736
 1.824
 1.916
 2.012
 2.112
 2.216
 2.325
 2.438
 2.556
 2.678
 2.804
 2.935
 3.071
 3.210
 3.354
 3.503
 3.655
 3.812
 3.972
 4.136
 4.303
 4.474
 4.647
 4.822
 4.999
 5.178
 5.358
 5.538
 5.719
 5.899
 6.077
 6.254
 6.429
 6.600
 6.768
 6.931
 7.089
 7.242
 7.387
 7.526
 7.658
 7.781
 7.895
 8.000
 8.096
 8.181
 8.256
 8.321
 8.375
 8.418
 8.450
 8.471
 8.481
 8.481
 8.470
 8.449
 8.418
 8.377
 8.327
 8.269
 8.202
 8.127
 8.045
 7.956
 7.861
 7.760
 7.654
 7.543
 7.428
 7.309
 7.187
 7.063
 6.936
 6.807
 6.677
 6.546
 6.414
 6.282
 6.150
 6.018
 5.887
 5.756
 5.627
 5.499
 5.372
 5.247
 5.124
 5.002
 4.883
 4.765
 4.650
 4.536
 4.425
 4.317
 4.210
 4.106
 4.004
 3.905
 3.808
 3.713
 3.621
 3.531
 3.443
 3.358
 3.274
 3.193
 3.114
 3.038
 2.963
 2.890
 2.820
 2.751
 2.684
 2.619
 2.556
 2.494
 2.435
 2.377
 2.320
 2.266
 2.212
 2.161
 2.110
 2.062
 2.014
 1.968
 1.923
 1.880
 1.837
 1.796
 1.756
 1.718
 1.680
 1.643
 1.608
 1.573
 1.539
 1.506
 1.474
 1.443
 1.413
 1.384
 1.355
 1.328
 1.301
20.286
13.886
10.086
 7.649
 5.970
 4.806
 3.950
 3.301
 2.800
 2.403
 2.085
 1.825
 1.612
 1.433
 1.283
 1.155
 1.046
 0.952
 0.870
 0.799
 0.736
 0.681
 0.632
 0.589
 0.551
 0.516
 0.485
 0.457
 0.432
 0.409
 0.388
 0.369
 0.351
 0.335
 0.320
 0.307
 0.294
 0.282
 0.271
 0.261
 0.252
 0.243
 0.234
 0.226
 0.218
 0.211
 0.204
 0.198
 0.191
 0.185
 0.180
 0.174
 0.169
 0.164
 0.159
 0.154
 0.149
 0.145
 0.140
 0.136
 0.132
 0.128
 0.124
 0.120
 0.117
 0.113
 0.110
 0.107
 0.103
 0.100
 0.097
 0.094
 0.091
 0.089
 0.086
 0.083
 0.081
 0.078
 0.076
 0.074
 0.072
 0.069
 0.067
 0.065
 0.063
 0.061
 0.059
 0.058
 0.056
 0.054
 0.053
 0.051
 0.050
 0.048
 0.047
 0.045
 0.044
 0.043
 0.041
 0.040
 0.039
 0.038
 0.037
 0.036
 0.035
 0.034
 0.033
 0.032
 0.031
 0.030
 0.030
 0.029
 0.028
 0.027
 0.027
 0.026
 0.025
 0.025
 0.024
 0.024
 0.023
 0.023
 0.022
 0.022
 0.021
 0.021
 0.021
 0.020
 0.020
 0.019
 0.019
 0.019
 0.018
 0.018
 0.018
 0.018
 0.017
 0.017
 0.017
 0.017
 0.016
 0.016
 0.016
 0.016
 0.016
 0.016
 0.015
 0.015
 0.015
 0.015
 0.015
 0.015
 0.015
 0.014
 0.014
 0.014
 0.014
 0.014
 0.014
 0.014
 0.014
 0.014
 0.014
 0.014
 0.013
 0.013
 0.013
 0.013
 0.013
 0.013
 0.013
 0.013
 0.013
 0.013
 0.013
 0.013
 0.013
 0.013
 0.013
 0.013
 0.013
 0.013
 0.013
 0.012
 0.373
 0.680
 0.680
 0.363
 0.374
 0.373
 0.373
 0.373
 0.372
 0.372
 0.371
 0.371
 0.370
 0.370
 0.370
 0.369
 0.369
 0.368
 0.367
 0.367
 0.366
 0.366
 0.317
 0.110
 0.088
 0.208
 0.281
 0.336
 0.379
 0.410
 0.429
 0.439
 0.444
 0.444
 0.440
 0.434
 0.426
 0.417
 0.406
 0.395
 0.384
 0.372
 0.360
 0.348
 0.336
 0.325
 0.314
 0.303
 0.292
 0.281
 0.271
 0.261
 0.252
 0.243
 0.234
 0.225
 0.217
 0.209
 0.201
 0.194
 0.187
 0.180
 0.173
 0.167
 0.161
 0.155
 0.149
 0.144
 0.138
 0.133
 0.128
 0.123
 0.119
 0.115
 0.110
 0.106
 0.102
 0.099
 0.095
 0.091
 0.088
 0.085
 0.082
 0.079
 0.076
 0.073
 0.070
 0.068
 0.065
 0.063
 0.060
 0.058
 0.056
 0.054
 0.052
 0.050
 0.048
 0.046
 0.045
 0.043
 0.041
 0.040
 0.038
 0.037
 0.036
 0.034
 0.033
 0.032
 0.031
 0.030
 0.028
 0.027
 0.026
 0.025
 0.024
 0.024
 0.023
 0.022
 0.021
 0.020
 0.019
 0.019
 0.018
 0.017
 0.017
 0.016
 0.016
 0.015
 0.014
 0.014
 0.013
 0.013
 0.012
 0.012
 0.012
 0.011
 0.011
 0.010
 0.010
 0.010
 0.009
 0.009
 0.009
 0.008
 0.008
 0.008
 0.007
 0.007
 0.007
 0.007
 0.006
 0.006
 0.006
 0.006
 0.005
 0.005
 0.005
 0.005
 0.005
 0.004
 0.004
 0.004
 0.004
 0.004
 0.004
 0.004
 0.003
 0.003
 0.003
 0.003
 0.003
 0.003
 0.003
 0.003
 0.003
 0.002
 0.002
 0.002
 0.002
 0.002
 0.002
 0.002
 0.002
 0.002
 0.002
 0.002
 0.002
 0.002
 0.002
 0.001
 0.001
 0.001
 0.001
 0.001
 0.001
 0.001
 0.001
 0.001
 0.001
 0.001
 0.001
 0.001
 0.001
 0.001
 0.001
 0.001
 0.001
 0.001
 0.001
 0.001
 0.001
 0.001
 0.001
 0.001
 0.001
 0.001
 0.001
 0.001
 0.000
 0.000
 0.000
 0.000
 0.000
 0.000
 0.000
 0.000
 0.000
 0.085
 0.030
 0.030
 0.172
 0.271
 0.283
 0.294
 0.305
 0.316
