4000.000
4000.591
4001.183
4001.776
4002.370
4002.965
4003.560
4004.157
4004.754
4005.352
4005.952
4006.552
4007.153
4007.755
4008.357
4008.961
4009.566
4010.171
4010.777
3974.637
3970.927
3968.903
3967.541
3966.532
3965.739
3965.090
3964.543
3964.068
3963.648
3963.268
3962.918
3962.589
3962.275
3961.971
3961.672
3961.375
3961.075
3960.769
3960.456
3960.132
3959.794
3959.440
3959.069
3958.677
3958.262
3957.823
3957.356
3956.860
3956.333
3955.771
3955.173
3954.536
3953.857
3953.134
3952.364
3951.544
3950.671
3949.742
3948.753
3947.702
3946.584
3945.395
3944.133
3942.793
3941.369
3939.859
3938.256
3936.557
3934.755
3932.845
3930.821
3928.678
3926.409
3924.007
3921.464
3918.775
3915.930
3912.922
3909.742
3906.381
3902.830
3899.079
3895.117
3890.935
3886.520
3881.862
3876.947
3871.763
3866.297
3860.534
3854.461
3848.062
3841.323
3834.226
3826.755
3818.893
3810.622
3801.924
3792.780
3783.171
3773.077
3762.478
3751.352
3739.680
3727.441
3714.612
3701.172
3687.099
3672.373
3656.971
3640.872
3624.057
3606.503
3588.193
3569.106
3549.226
3528.534
3507.017
3484.660
3461.450
3437.378
3412.434
3386.614
3359.912
3332.327
3303.862
3274.520
3244.308
3213.238
3181.321
3148.576
3115.023
3080.683
3045.585
3009.758
2973.235
2936.052
2898.247
2859.861
2820.940
2781.528
2741.674
2701.427
2660.839
2619.961
2578.847
2537.549
2496.122
2454.617
2413.088
2371.587
2330.163
2288.868
2247.747
2206.848
2166.214
2125.886
2085.905
2046.307
2007.127
1968.397
1930.146
1892.401
1855.186
1818.523
1782.432
1746.928
1712.027
1677.741
1644.079
1611.049
1578.658
1546.909
1515.805
1485.347
1455.534
1426.363
1397.833
1369.937
1342.671
1316.028
1290.001
1264.581
1239.761
1215.531
1191.881
1168.801
1146.281
1124.310
1102.876
1081.969
1061.577
1041.690
1022.294
1003.380
984.935
966.949
949.410
932.307
915.628
899.364
883.502
868.034
852.947
838.233
823.881
809.882
796.225
782.901
769.902
757.219
744.842
732.763
720.974
709.467
698.235
687.269
676.561
666.106
655.896
645.924
636.184
626.668
617.372
608.288
599.412
590.737
582.257
573.968
565.865
557.942
550.194
542.617
535.207
527.958
520.866
513.928
507.138
500.494
493.992
487.628
473.111
390.793
332.764
289.713
256.553
230.334
209.031
191.400
176.584
163.973
153.122
143.700
135.452
128.182
121.736
115.991
110.847
106.223
102.051
98.276
94.852
91.738
88.901
86.311
83.945
81.779
79.795
77.977
76.309
74.778
73.373
72.083
70.899
69.812
68.813
67.897
67.057
66.287
65.580
64.933
64.341
63.799
63.303
62.851
62.437
62.060
61.716
61.403
61.118
60.858
60.622
60.408
60.213
60.036
59.876
59.730
59.598
59.478
59.369
59.270
59.180
59.097
59.022
58.953
58.890
58.832
58.778
58.727
58.680
58.636
58.594
58.554
58.516
58.479
58.444
58.409
58.374
58.340
58.306
58.272
58.238
58.204
58.169
58.134
58.099
58.062
58.025
57.988
57.949
57.910
57.870
57.830
57.788
57.745
57.702
57.658
57.613
57.567
57.520
57.472
57.424
57.375
57.325
57.274
57.222
57.170
57.117
57.064
57.010
56.955
56.899
56.844
56.787
56.730
56.673
56.615
56.556
56.497
56.438
56.379
56.319
56.259
56.198
56.137
56.076
56.014
55.953
55.891
55.829
55.767
55.704
55.642
55.579
55.516
55.453
55.390
55.327
55.263
55.200
55.137
55.073
55.010
54.946
54.883
54.819
54.756
54.692
54.629
54.565
54.502
54.438
54.375
54.312
54.248
54.185
54.122
54.059
53.996
53.933
53.870
53.807
53.745
53.682
53.619
53.557
53.495
53.432
53.370
53.308
53.246
53.185
53.123
53.061
53.000
52.938
52.877
52.816
52.755
52.694
52.633
52.573
52.512
52.452
52.392
53.473
50.652
47.317
46.072
47.900
49.732
51.563
53.391
55.218
57.042
58.865
60.686
62.504
64.320
66.134
67.945
69.754
71.561
73.365
75.166
76.964
78.759
80.491
81.549
81.557
80.796
79.579
78.056
76.293
74.351
72.290
70.158
67.989
65.809
63.639
61.493
59.381
57.313
55.294
53.328
51.418
49.565
47.770
46.034
44.355
42.733
41.168
39.657
38.199
36.794
35.439
34.133
32.874
31.661
30.492
29.366
28.282
27.237
26.231
25.261
24.328
23.429
22.563
21.729
20.925
20.152
19.407
18.689
17.998
17.333
16.692
16.075
15.480
14.908
14.357
13.826
13.315
12.822
12.348
11.892
11.452
11.029
10.621
10.228
 9.850
 9.486
 9.135
 8.797
 8.472
 8.159
 7.857
 7.567
 7.287
 7.017
 6.758
 6.508
 6.267
 6.036
 5.813
 5.598
 5.391
 5.191
 4.999
 4.815
 4.637
 4.465
 4.300
 4.141
 3.988
 3.840
 3.698
 3.562
 3.430
 3.303
 3.181
 3.063
 2.950
 2.841
 2.736
 2.635
 2.537
 2.444
 2.353
 2.266
 2.182
 2.102
 2.024
 1.949
 1.877
 1.808
 1.741
 1.677
 1.615
 1.555
 1.497
 1.442
 1.389
 1.337
 1.288
 1.240
 1.194
 1.150
 1.108
 1.067
 1.027
 0.989
 0.953
 0.918
 0.884
 0.851
 0.819
 0.789
 0.760
 0.732
 0.705
 0.679
 0.654
 0.630
 0.606
 0.584
 0.562
 0.541
 0.521
 0.502
 0.484
 0.466
 0.448
 0.432
 0.416
 0.401
 0.386
 0.371
 0.358
 0.345
 0.332
 0.319
 0.308
 0.296
 0.285
 0.275
 0.265
 0.255
 0.245
 0.236
 0.228
 0.219
 0.211
 0.203
 0.196
 0.189
 0.182
 0.175
 0.168
 0.162
 0.156
 0.150
 0.145
 0.139
 0.134
 0.129
 0.125
 0.120
 0.116
 0.111
 0.107
 0.103
 0.099
 0.096
 0.092
 0.089
 0.085
 0.082
 0.079
 0.076
 0.074
 0.071
 0.068
 0.066
 0.063
 0.061
 0.059
 0.056
 0.054
 0.052
 0.050
 0.049
 0.047
 0.190
 0.086
 0.126
 0.140
 0.165
 0.167
 0.168
 0.170
 0.171
