 0.000
125000.000
1879.385
124315.528
3758.771
123630.193
5638.156
122943.993
7517.542
122256.929
9396.927
121569.000
11276.313
120880.206
13155.698
120190.546
15035.084
119500.020
16914.469
118808.628
18793.854
118116.369
20673.240
117423.243
22552.625
116729.250
24432.011
116034.390
26311.396
115338.661
28190.782
114642.064
30070.167
113944.599
31949.553
113246.264
33828.938
112547.060
35695.211
111853.414
37556.934
111161.126
39417.162
110468.701
41276.370
109775.906
43134.777
109082.633
44992.505
108388.822
46849.636
107694.434
48706.222
106999.441
50562.303
106303.826
52417.907
105607.572
54273.055
104910.672
56127.762
104213.115
57982.039
103514.898
59835.894
102816.015
61689.332
102116.465
63542.356
101416.245
65394.968
100715.355
67247.167
100013.795
69098.950
99311.566
70950.314
98608.669
72801.256
97905.106
74651.768
97200.881
76501.844
96495.996
78351.476
95790.456
80200.656
95084.265
82049.373
94377.426
83897.616
93669.947
85745.374
92961.833
87592.632
92253.090
89439.378
91543.725
91285.597
90833.746
93131.271
90123.160
94976.384
89411.977
96820.918
88700.205
98664.853
87987.854
100508.168
87274.935
102350.841
86561.459
104192.850
85847.437
106034.168
85132.882
107874.770
84417.808
109714.629
83702.228
111553.715
82986.157
113391.997
82269.610
115229.443
81552.606
117066.019
80835.160
118901.688
80117.292
120736.411
79399.021
122570.150
78680.368
124402.861
77961.355
126234.499
77242.004
128065.017
76522.341
129894.366
75802.390
131722.494
75082.179
133549.344
74361.736
135374.860
73641.092
137198.980
72920.277
139021.639
72199.326
140842.771
71478.274
142662.304
70757.157
144480.163
70036.015
146296.270
69314.889
148110.541
68593.821
149922.889
67872.858
151733.223
67152.047
153541.447
66431.439
155347.460
65711.086
157151.155
64991.045
158952.421
64271.373
160751.141
63552.133
162547.192
62833.388
164340.446
62115.206
166130.767
61397.658
167918.013
60680.820
169702.037
59964.768
171482.683
59249.585
173259.788
58535.356
175033.182
57822.171
176802.687
57110.124
178568.117
56399.312
180329.279
55689.839
182085.969
54981.810
183837.976
54275.337
185585.081
53570.537
187327.053
52867.529
189063.654
52166.440
190794.637
51467.401
192519.745
50770.546
194238.709
50076.016
195951.255
49383.956
197657.095
48694.518
199355.934
48007.855
201047.467
47324.129
202731.379
46643.505
204407.346
45966.151
206075.036
45292.242
207734.108
44621.956
209384.210
43955.477
211024.987
43292.989
212656.073
42634.682
214277.096
41980.749
215887.680
41331.386
217487.441
40686.790
219075.992
40047.160
220652.942
39412.697
222217.899
38783.603
223770.467
38160.077
225310.252
37542.321
226836.859
36930.535
228349.898
36324.914
229848.980
35725.655
231333.721
35132.947
232803.746
34546.977
234258.685
33967.926
235698.178
33395.971
237121.876
32831.279
238529.442
32274.013
239920.554
31724.326
241294.902
31182.361
242652.195
30648.255
243992.157
30122.132
245314.534
29604.106
246619.087
29094.280
247905.602
28592.745
249173.885
28099.581
250423.762
27614.855
251655.086
27138.620
252867.730
26670.920
254061.591
26211.783
255236.590
25761.225
256392.673
25319.252
257529.808
24885.853
258647.986
24461.010
259747.222
24044.689
260827.553
23636.847
261889.038
23237.429
262931.758
22846.370
263955.811
22463.594
264961.319
22089.018
265948.419
21722.548
266917.266
21364.081
267868.034
21013.510
268800.908
20670.717
269716.090
20335.581
270613.794
20007.973
271494.247
19687.761
272357.685
19374.807
273204.355
19068.970
274034.512
18770.106
274848.418
18478.068
275646.343
18192.707
276428.560
17913.873
277195.347
17641.413
277946.989
17375.177
278683.769
17115.010
279405.974
16860.762
280113.893
16612.281
280807.813
16369.415
281488.023
16132.016
282154.811
15899.935
282808.462
15673.026
283449.261
15451.145
284077.490
15234.149
284693.426
15021.898
285297.347
14814.255
285889.524
14611.084
286470.227
14412.254
287039.719
14217.635
287598.262
14027.099
288146.111
13840.524
288683.517
13657.787
289210.727
13478.771
289727.984
13303.361
290235.524
13131.445
290733.578
12962.913
291222.375
12797.659
291702.135
12635.579
292173.076
12476.573
292635.409
12320.544
293089.342
12167.396
293535.076
12017.037
293972.809
11869.378
294402.731
11724.332
294825.031
11581.815
295239.891
11441.745
295647.488
11304.043
296047.996
11168.633
296441.584
11035.439
296828.415
10904.390
297208.649
10775.416
297582.442
10648.450
297949.945
10523.426
298311.305
10400.280
298666.666
10278.951
299016.167
10159.381
299359.944
10041.510
299698.128
9925.283
300030.847
9810.647
300358.227
9697.549
300680.388
9585.939
300997.449
9475.767
301309.523
9366.986
301616.724
9259.551
301919.159
9153.416
302216.933
9048.539
302510.150
8944.878
302798.909
8842.393
303083.307
8741.045
303363.438
8640.796
303639.394
8541.609
303911.265
8443.449
304179.137
8346.282
304443.095
8250.074
304703.221
8154.793
304959.594
8060.409
305212.294
7966.890
305461.395
7874.207
305706.971
7782.333
305949.094
7691.239
306187.833
7600.900
306423.258
7511.289
306655.433
7422.381
306884.423
7334.152
307110.158
7246.646
307310.220
7168.791
307477.785
7102.731
307621.802
7045.093
307747.973
6993.730
307860.183
6947.175
307961.163
6904.401
308052.899
6864.660
308136.893
6827.386
308214.306
6792.145
308286.055
6758.590
308352.878
6726.447
308415.373
6695.489
308474.039
6665.533
308529.287
6636.424
308581.467
6608.032
308630.876
6580.247
308677.770
6552.976
308722.368
6526.138
308764.861
6499.663
308805.417
6473.491
308844.184
6447.569
308881.292
6421.852
308916.856
6396.299
308950.981
6370.875
308983.758
6345.547
309015.271
6320.290
309045.595
6295.078
309074.798
6269.890
309102.942
6244.707
309130.084
6219.513
309156.274
6194.293
309181.561
6169.035
309205.987
6143.727
309229.593
6118.359
309252.416
6092.923
309274.490
6067.412
309295.847
6041.820
309316.517
6016.142
309336.526
5990.373
309355.902
5964.510
309374.669
5938.550
309392.848
5912.492
309410.462
5886.333
309427.531
5860.073
309444.075
5833.711
309460.110
5807.248
309475.654
5780.684
309490.725
5754.019
309505.336
5727.255
309519.504
5700.393
309533.241
5673.435
309546.563
5646.383
309559.481
5619.239
309572.008
5592.005
309584.156
5564.683
309595.937
5537.277
309607.362
5509.788
309618.441
5482.219
309629.184
5454.575
309639.602
5426.856
309649.705
5399.066
309659.500
5371.209
309668.998
5343.287
309678.207
5315.302
309687.136
5287.259
309695.792
5259.160
309704.184
5231.009
309712.319
5202.807
309720.205
5174.558
309727.849
5146.265
309735.258
5117.931
309742.439
5089.558
309749.398
5061.149
309756.142
5032.707
309762.677
5004.234
309769.010
4975.734
309775.146
4947.208
309781.091
4918.659
309786.850
4890.089
309792.429
4861.501
309797.834
4832.896
309803.069
4804.278
309808.140
4775.648
309813.051
4747.008
309817.808
4718.360
309822.414
4689.705
309826.874
4661.047
309831.193
4632.386
309835.375
4603.725
309839.424
4575.064
309843.343
4546.406
309847.138
4517.752
309850.811
4489.103
309854.367
4460.461
309857.808
4431.827
309861.139
4403.203
309864.363
4374.589
309867.482
4345.987
309870.501
4317.398
309873.422
4288.823
309876.249
4260.263
309878.984
4231.719
309881.630
4203.192
309884.190
4174.682
309886.666
4146.192
309889.061
4117.720
309891.379
4089.269
309893.620
4060.839
309895.788
4032.431
309897.884
4004.044
309899.912
3975.681
309901.873
3947.341
309903.769
3919.025
309905.602
3890.734
309907.375
3862.468
309909.090
3834.227
309910.747
3806.012
309912.349
3777.823
309913.898
3749.662
309915.395
3721.527
309916.843
3693.420
309918.242
3665.341
309919.594
3637.290
309920.901
3609.267
309922.165
3581.273
309923.386
3553.308
309924.565
3525.372
309925.706
3497.465
309926.807
3469.588
309927.872
3441.740
309928.900
3413.923
309929.894
3386.136
309930.854
3358.379
309931.782
3330.652
309932.678
3302.956
309933.544
3275.290
309934.380
3247.655
309935.188
3220.051
309935.968
3192.478
309936.721
3164.936
309937.449
3137.425
309938.152
3109.945
309938.831
3082.496
309939.486
3055.078
309940.119
3027.692
309940.730
3000.337
309941.320
2973.013
309941.890
2945.720
309942.440
2918.459
309942.971
2891.229
309943.484
2864.031
309943.979
2836.864
309944.457
2809.728
309944.918
2782.623
309945.364
2755.550
309945.793
2728.508
309946.208
2701.498
309946.608
2674.519
309946.995
2647.571
309947.367
2620.654
309947.727
2593.768
309948.074
2566.914
309948.409
2540.091
309948.733
2513.299
309949.045
2486.538
309949.345
2459.808
309949.636
2433.108
309949.916
2406.440
309950.186
2379.803
309950.447
2353.197
309950.698
2326.621
309950.941
2300.076
309951.175
2273.562
309951.400
2247.078
309951.618
2220.625
309951.828
2194.203
309952.030
2167.811
309952.225
2141.449
309952.413
2115.118
309952.595
2088.817
309952.770
2062.546
309952.939
2036.306
309953.101
2010.095
309953.259
1983.743
309953.410
1957.609
309953.547
1933.117
309953.671
1910.057
309953.792
1886.565
309953.912
1862.157
309954.033
1836.833
309954.154
1810.595
309954.275
1783.443
309954.396
1755.378
309954.516
1726.401
309954.637
1696.514
309954.757
1665.716
309954.878
1634.011
309954.998
1601.397
309955.118
1567.877
309955.239
1533.453
309955.359
1498.124
309955.479
1461.893
309955.599
1424.760
309955.719
1386.728
309955.838
1347.797
309955.958
1307.975
309956.077
1267.423
309956.194
1226.607
309956.308
1185.994
309956.418
1145.886
309956.524
1106.466
309956.625
1067.870
309956.721
1030.203
309956.812
993.539
309956.899
957.925
309956.980
923.388
309957.057
889.938
309957.130
857.577
309957.198
826.295
309957.261
796.078
309957.321
766.907
309957.376
738.757
309957.428
711.604
309957.477
685.420
309957.522
660.177
309957.563
635.846
309957.602
612.397
309957.638
589.802
309957.671
568.032
309957.702
547.059
309957.730
526.856
309957.756
507.394
309957.779
488.648
309957.801
470.591
309957.821
453.201
309957.839
436.451
309957.855
420.319
309957.870
404.782
309957.884
389.819
309957.896
375.409
309957.907
361.531
309957.917
348.166
309957.926
335.294
309957.934
322.898
309957.941
310.961
309957.948
299.464
309957.953
288.393
309957.958
277.730
309957.963
267.462
309957.967
257.574
309957.970
248.051
309957.973
238.880
309957.975
230.049
309957.978
221.543
309957.979
213.353
309957.981
205.465
309957.983
197.869
309957.984
190.553
309957.985
183.509
309957.986
176.724
309957.986
170.191
309957.987
163.899
309957.987
157.839
309957.988
152.004
309957.988
146.385
309957.988
140.973
309957.989
135.761
309957.989
130.742
309957.989
125.909
309957.989
121.254
309957.989
116.772
309957.989
112.455
309957.989
108.298
309957.989
104.294
309957.989
100.439
309957.989
96.726
309957.989
93.150
309957.989
89.707
309957.989
86.391
309957.989
83.197
309957.989
80.122
309957.989
77.160
309957.989
74.308
309957.989
71.561
309957.989
68.916
309957.989
66.369
309957.989
63.915
309957.989
61.553
309957.989
59.278
309957.989
57.087
309957.989
54.977
309957.989
52.945
309957.989
50.988
309957.989
49.103
309957.989
47.288
309957.989
45.541
309957.989
43.858
309957.989
42.237
309957.989
40.676
309957.989
39.173
309957.989
37.725
309957.989
36.331
309957.989
34.988
309957.989
33.695
309957.989
32.450
309957.989
31.251
309957.989
30.096
309957.989
28.984
309957.989
27.913
309957.989
26.882
309957.989
25.889
309957.989
24.932
309957.989
24.011
309957.989
23.124
309957.989
22.270
309957.989
21.447
309957.989
20.655
309957.989
19.892
309957.989
19.157
309957.989
18.449
309957.989
17.768
309957.989
17.112
309957.989
16.480
309957.989
15.871
309957.989
15.285
309957.989
14.721
309957.989
14.177
309957.989
13.654
309957.989
13.150
309957.989
12.664
309957.989
12.197
309957.989
11.746
309957.989
11.313
309957.989
10.895
309957.989
10.493
309957.989
10.106
309957.989
 9.733
309957.989
 9.374
309957.989
 9.028
309957.989
 8.695
309957.989
 8.374
309957.989
 8.065
309957.989
 7.768
309957.989
 7.481
309957.989
 7.205
309957.989
 6.940
309957.989
 6.684
309957.989
 6.437
309957.989
 6.200
309957.989
 5.972
309957.989
 5.752
309957.989
 5.540
309957.989
 5.336
309957.989
 5.139
309957.989
 4.950
309957.989
 4.767
309957.989
 4.592
309957.989
 4.423
309957.989
 4.260
309957.989
 4.103
309957.989
 3.952
309957.989
 3.807
309957.989
 3.667
309957.989
 3.532
309957.989
 3.402
309957.989
 3.277
309957.989
 3.157
309957.989
 3.041
309957.989
 2.929
309957.989
 2.821
309957.989
 2.718
309957.989
 2.618
309957.989
 2.522
309957.989
 2.430
309957.989
 2.340
309957.989
 2.255
309957.989
 2.172
309957.989
 2.092
309957.989
 2.016
309957.989
 1.942
309957.989
 1.871
309957.989
 1.803
309957.989
 1.737
309957.989
 1.673
309957.989
 1.612
309957.989
 1.553
309957.989
 1.496
309957.989
 1.442
309957.989
 1.389
309957.989
 1.339
309957.989
 1.290
309957.989
 1.243
309957.989
 1.198
309957.989
 1.154
309957.989
 1.112
309957.989
 1.072
309957.989
 1.033
309957.989
 0.996
309957.989
 0.959
309957.989
 0.925
309957.989
 0.891
309957.989
 0.859
309957.989
 0.828
309957.989
 0.798
309957.989
 0.769
309957.989
 0.742
309957.989
 0.715
309957.989
 0.689
309957.989
 0.665
309957.989
 0.641
309957.998
 0.600
309958.001
 0.526
309958.007
 0.461
309958.021
 0.404
309958.046
 0.339
309958.072
 0.274
309958.100
 0.209
309958.128
 0.146
309958.157
 0.084
