3758.771
-1368.079
3758.771
-1369.807
3758.771
-1371.535
3758.771
-1373.264
3758.771
-1374.993
3758.771
-1376.723
3758.771
-1378.454
3758.771
-1380.186
3758.771
-1381.918
3758.771
-1383.651
3758.771
-1385.384
3758.771
-1387.118
3758.771
-1388.853
3758.771
-1390.589
3758.771
-1392.325
3758.771
-1394.062
3758.771
-1395.800
3758.771
-1397.538
3758.771
-1399.277
3725.609
-1384.765
3721.713
-1384.596
3719.340
-1385.173
3717.562
-1386.042
3716.103
-1387.068
3714.838
-1388.189
3713.702
-1389.373
3712.657
-1390.603
3711.677
-1391.865
3710.746
-1393.151
3709.850
-1394.455
3708.980
-1395.772
3708.130
-1397.099
3707.292
-1398.432
3706.462
-1399.770
3705.636
-1401.110
3704.811
-1402.450
3703.983
-1403.790
3703.149
-1405.127
3702.308
-1406.460
3701.456
-1407.789
3700.591
-1409.111
3699.712
-1410.426
3698.815
-1411.733
3697.900
-1413.031
3696.964
-1414.319
3696.005
-1415.596
3695.021
-1416.860
3694.010
-1418.110
3692.970
-1419.347
3691.898
-1420.568
3690.794
-1421.772
3689.653
-1422.959
3688.475
-1424.126
3687.257
-1425.273
3685.996
-1426.399
3684.689
-1427.502
3683.335
-1428.581
3681.930
-1429.634
3680.471
-1430.659
3678.955
-1431.656
3677.379
-1432.622
3675.740
-1433.556
3674.033
-1434.456
3672.257
-1435.320
3670.406
-1436.146
3668.476
-1436.931
3666.464
-1437.674
3664.364
-1438.372
3662.173
-1439.022
3659.884
-1439.623
3657.494
-1440.171
3654.997
-1440.664
3652.386
-1441.097
3649.657
-1441.470
3646.802
-1441.777
3643.815
-1442.015
3640.689
-1442.182
3637.418
-1442.272
3633.992
-1442.283
3630.406
-1442.209
3626.649
-1442.046
3622.714
-1441.790
3618.591
-1441.436
3614.271
-1440.979
3609.744
-1440.413
3604.999
-1439.733
3600.026
-1438.933
3594.813
-1438.008
3589.349
-1436.950
3583.621
-1435.753
3577.616
-1434.412
3571.321
-1432.917
3564.722
-1431.263
3557.806
-1429.441
3550.557
-1427.444
3542.960
-1425.264
3534.999
-1422.892
3526.658
-1420.320
3517.921
-1417.539
3508.769
-1414.539
3499.187
-1411.313
3489.154
-1407.849
3478.655
-1404.139
3467.669
-1400.173
3456.178
-1395.941
3444.162
-1391.433
3431.604
-1386.639
3418.482
-1381.549
3404.779
-1376.154
3390.475
-1370.443
3375.551
-1364.406
3359.989
-1358.036
3343.770
-1351.321
3326.876
-1344.254
3309.292
-1336.827
3291.000
-1329.031
3271.985
-1320.858
3252.234
-1312.304
3231.734
-1303.361
3210.473
-1294.026
3188.442
-1284.293
3165.632
-1274.160
3142.038
-1263.625
3117.656
-1252.687
3092.485
-1241.348
3066.524
-1229.608
3039.777
-1217.472
3012.249
-1204.944
2983.950
-1192.031
2954.891
-1178.740
2925.085
-1165.080
2894.550
-1151.063
2863.306
-1136.702
2831.375
-1122.010
2798.784
-1107.003
2765.560
-1091.698
2731.736
-1076.114
2697.344
-1060.269
2662.421
-1044.185
2627.005
-1027.884
2591.137
-1011.389
2554.859
-994.723
2518.214
-977.911
2481.247
-960.977
2444.005
-943.947
2406.535
-926.845
2368.883
-909.698
2331.097
-892.530
2293.224
-875.367
2255.311
-858.233
2217.405
-841.152
2179.551
-824.147
2141.793
-807.240
2104.175
-790.454
2066.736
-773.808
2029.518
-757.322
1992.559
-741.014
1955.893
-724.902
1919.555
-709.000
1883.576
-693.324
1847.987
-677.887
1812.813
-662.700
1778.080
-647.775
1743.810
-633.120
1710.025
-618.743
1676.741
-604.652
1643.975
-590.853
1611.740
-577.349
1580.049
-564.145
1548.911
-551.243
1518.335
-538.646
1488.326
-526.352
1458.889
-514.364
1430.028
-502.679
1401.743
-491.297
1374.035
-480.215
1346.903
-469.431
1320.344
-458.941
1294.356
-448.742
1268.934
-438.830
1244.072
-429.201
1219.766
-419.848
1196.008
-410.769
1172.791
-401.957
1150.107
-393.407
1127.949
-385.113
1106.307
-377.070
1085.172
-369.272
1064.535
-361.713
1044.387
-354.388
1024.718
-347.290
1005.518
-340.413
986.776
-333.751
968.483
-327.300
950.630
-321.052
933.205
-315.003
916.198
-309.146
899.601
-303.476
883.402
-297.988
867.592
-292.676
852.161
-287.535
837.100
-282.560
822.399
-277.746
808.049
-273.087
794.040
-268.580
780.364
-264.219
767.013
-260.000
753.976
-255.918
741.246
-251.969
728.815
-248.149
716.674
-244.454
704.816
-240.880
693.233
-237.423
681.917
-234.079
670.861
-230.845
660.058
-227.717
649.501
-224.692
639.183
-221.766
629.098
-218.937
619.239
-216.201
609.600
-213.556
600.175
-210.998
590.957
-208.524
581.943
-206.132
573.125
-203.820
564.498
-201.585
556.057
-199.424
547.798
-197.335
