 0.352
 0.352
 0.352
 0.353
 0.353
 0.353
 0.353
 0.353
 0.353
 0.354
 0.354
 0.354
 0.354
 0.354
 0.354
 0.354
53.594
 2.219
 1.158
 0.810
 0.645
 0.552
 0.496
 0.460
 0.435
 0.419
 0.407
 0.399
 0.394
 0.391
 0.390
 0.390
 0.391
 0.393
 0.397
 0.401
 0.406
 0.412
 0.420
 0.428
 0.437
 0.448
 0.459
 0.472
 0.486
 0.502
 0.519
 0.537
 0.557
 0.578
 0.601
 0.626
 0.653
 0.682
 0.712
 0.745
 0.780
 0.818
 0.858
 0.900
 0.945
 0.993
 1.044
 1.098
 1.155
 1.216
 1.280
 1.347
 1.418
 1.493
 1.573
 1.656
 1.744
 1.837
 1.934
 2.036
 2.143
 2.256
 2.373
 2.497
 2.626
 2.761
 2.901
 3.048
 3.201
 3.360
 3.526
 3.697
 3.875
 4.060
 4.250
 4.447
 4.649
 4.857
 5.071
 5.290
 5.514
 5.743
 5.975
 6.212
 6.451
 6.693
 6.936
 7.181
 7.426
 7.670
 7.913
 8.154
 8.392
 8.626
 8.855
 9.078
 9.294
 9.502
 9.702
 9.891
10.071
10.239
10.395
10.539
10.670
10.787
10.890
10.979
11.053
11.113
11.157
11.188
11.204
11.205
11.193
11.167
11.129
11.077
11.014
10.939
10.854
10.759
10.654
10.541
10.419
10.291
10.156
10.015
 9.868
 9.718
 9.563
 9.405
 9.245
 9.082
 8.918
 8.752
 8.586
 8.420
 8.253
 8.087
 7.922
 7.758
 7.595
 7.434
 7.275
 7.117
 6.962
 6.809
 6.658
 6.510
 6.365
 6.222
 6.082
 5.945
 5.811
 5.679
 5.550
 5.425
 5.302
 5.182
 5.064
 4.950
 4.838
 4.729
 4.623
 4.519
 4.418
 4.320
 4.224
 4.131
 4.040
 3.951
 3.865
 3.781
 3.699
 3.620
 3.542
 3.467
 3.393
 3.322
 3.252
 3.185
 3.119
 3.055
 2.992
 2.931
 2.872
 2.815
 2.758
 2.704
 2.651
 2.599
 2.549
 2.499
 2.452
 2.405
 2.360
 2.316
 2.273
 2.231
 2.190
 2.150
 2.111
 2.073
 2.037
 2.001
 1.966
 1.932
 1.898
 1.866
 1.834
 1.803
 1.773
 1.744
 1.715
 1.687
 1.660
 1.633
 1.607
 1.582
 1.557
 1.533
 1.510
 1.487
 1.464
 1.442
 1.421
 1.400
 1.379
 1.359
 1.340
 1.321
 1.302
 1.284
 1.266
 1.249
 1.231
 1.215
 1.199
 1.183
 1.167
 1.152
 1.137
 1.122
 1.108
 1.094
 1.081
 1.067
 1.054
 1.041
 1.029
 1.017
 1.005
 0.993
 0.981
 0.970
 0.959
 0.948
 0.938
 0.928
 0.917
 0.907
 0.898
 0.888
 0.879
 0.870
 0.861
 0.852
 0.843
 0.835
 0.827
 0.819
 0.811
 0.803
 0.795
 0.788
 0.780
 0.773
 0.766
 0.759
 0.753
 0.746
 0.739
 0.733
 0.727
 0.721
 0.714
 0.709
 0.703
 0.697
 0.691
 0.686
 0.681
 0.675
 0.670
 0.665
 0.660
 0.655
 0.650
 0.645
 0.641
 0.636
 0.632
 0.627
 0.623
 0.619
 0.615
 0.610
 0.606
 0.602
 0.599
 0.595
 0.591
 0.587
 0.584
 0.580
 0.577
 0.573
 0.570
 0.566
 0.563
 0.560
 0.557
 0.554
 0.551
 0.548
 0.545
 0.542
 0.539
 0.536
 0.533
 0.530
 0.528
 0.525
 0.523
 0.520
 0.518
 0.515
 0.513
 0.510
 0.508
 0.506
 0.503
 0.501
 0.499
 0.497
 0.494
 0.492
 0.490
 0.488
 0.486
 0.484
 0.482
 0.480
 0.478
 0.477
 0.475
 0.473
 0.471
 0.469
 0.468
 0.466
 0.464
 0.462
 0.461
 0.459
 0.458
 0.456
 0.454
 0.453
 0.451
 0.450
 0.448
 0.447
 0.446
 0.444
 0.443
 0.441
 0.440
 0.439
 0.437
 0.436
 0.435
 0.433
 0.432
 0.431
 0.430
 0.428
 0.427
 0.426
 0.425
 0.424
 0.423
 0.422
 0.420
 0.419
 0.418
 0.417
 0.416
 0.415
 0.414
 0.413
 0.412
 0.411
 0.410
 0.409
 0.408
 0.407
 0.406
 0.405
 0.404
 0.403
 0.402
 0.401
 0.401
 0.400
 0.399
 0.398
 0.397
 0.396
 0.395
 0.395
 0.394
 0.393
 0.392
 0.391
 0.391
 0.390
 0.389
 0.388
 0.387
 0.387
 0.386
 0.385
 0.384
 0.384
 0.383
 0.382
 0.382
 0.381
 0.380
 0.379
 0.379
 0.378
 0.377
 0.377
 0.376
 0.375
 0.375
 0.374
 0.373
 0.373
 0.372
 0.372
 0.371
 0.370
 0.370
 0.369
 0.369
 0.368
 0.367
 0.367
 0.366
 0.366
 0.365
 0.364
 0.364
 0.363
 0.363
 0.362
 0.362
 0.361
 0.361
 0.360
 0.360
 0.359
 0.358
 0.358
 0.357
 0.357
 0.356
 0.356
 0.355
 0.355
 0.354
 0.354
 0.353
 0.353
 0.353
 0.352
 0.352
 0.351
 0.351
 0.350
 0.350
 0.349
 0.349
 0.348
 0.348
 0.347
 0.347
 0.347
 0.346
 0.346
 0.345
 0.345
 0.344
 0.344
 0.344
 0.343
 0.343
 0.342
 0.342
 0.342
 0.341
 0.341
 0.340
 0.340
 0.340
 0.339
 0.339
 0.339
 0.338
 0.338
 0.337
 0.337
 0.337
 0.336
 0.336
 0.336
 0.335
 0.335
 0.335
 0.334
 0.334
 0.334
 0.333
 0.333
 0.333
 0.332
 0.332
 0.332
 0.331
 0.331
 0.331
 0.330
 0.346
 0.345
 0.345
 0.344
 0.344
 0.343
 0.343
 0.342
 0.342
 0.342
 0.341
 0.341
 0.340
 0.339
 0.339
 0.338
 0.338
 0.337
 0.337
 0.336
 0.336
 0.335
 0.335
 0.334
 0.333
 0.333
 0.332
 0.332
 0.331
 0.330
 0.330
 0.329
 0.328
 0.328
 0.327
 0.326
 0.326
 0.325
 0.324
 0.323
 0.323
 0.322
 0.321
 0.320
 0.320
 0.319
 0.318
 0.317
 0.317
10.346
 8.451
 7.024
 5.923
 5.058
 4.365
 3.803
 3.340
 2.955
 2.631
 2.357
 2.122
 1.920
 1.744
 1.591
 1.457
 1.339
 1.234
 1.141
 1.057
 0.983
 0.916
 0.855
 0.800
 0.750
 0.705
 0.664
 0.626
 0.591
 0.560
 0.530
 0.503
 0.479
 0.456
 0.434
 0.414
 0.396
 0.379
 0.363
 0.348
 0.334
 0.321
 0.309
 0.297
 0.286
 0.276
 0.266
 0.257
 0.249
 0.240
 0.233
 0.225
 0.218
 0.212
 0.205
 0.199
 0.193
 0.188
 0.183
 0.178
 0.173
 0.168
 0.163
 0.159
 0.155
 0.151
 0.147
 0.143
 0.139
 0.136
 0.133
 0.129
 0.126
 0.123
 0.120
 0.117
 0.114
 0.111
 0.109
 0.106
 0.103
 0.101
 0.099
 0.096
 0.094
 0.092
 0.090
 0.087
 0.085
 0.083
 0.081
 0.080
 0.078
 0.076
 0.074
 0.072
 0.071
 0.069
 0.068
 0.066
 0.065
 0.063
 0.062
 0.060
 0.059
 0.058
 0.056
 0.055
 0.054
 0.053
 0.052
 0.051
 0.049
 0.048
 0.047
 0.046
 0.045
 0.045
 0.044
 0.043
 0.042
 0.041
 0.040
 0.040
 0.039
 0.038
 0.037
 0.037
 0.036
 0.035
 0.035
 0.034
 0.034
 0.033
 0.032
 0.032
 0.031
 0.031
 0.030
 0.030
 0.030
 0.029
 0.029
 0.028
 0.028
 0.028
 0.027
 0.027
 0.027
 0.026
 0.026
 0.026
 0.025
 0.025
 0.025
 0.024
 0.024
 0.024
 0.024
 0.024
 0.023
 0.023
 0.023
 0.023
 0.023
 0.022
 0.022
 0.022
 0.022
 0.022
 0.021
 0.021
 0.021
 0.021
 0.021
 0.021
 0.021
 0.021
 0.020
 0.020
 0.020
 0.020
 0.020
 0.020
 0.020
 0.020
 0.020
 0.019
 0.019
 0.019
 0.019
 0.019
 0.019
 0.019
 0.019
 0.019
 0.019
 0.019
 0.017
 0.017
 0.017
 0.017
 0.017
 0.017
 0.017
 0.017
 0.018
 0.018
 0.018
 0.018
 0.018
 0.018
 0.018
 0.018
 0.018
 0.018
 0.018
 0.018
 0.018
 0.018
 0.018
 0.018
 0.018
 0.018
 0.018
 0.017
 0.017
 0.017
 0.017
 0.017
 0.017
 0.017
 0.017
 0.017
 0.017
 0.017
 0.017
 0.017
 0.017
 0.017
 0.017
 0.017
 0.017
 0.017
 0.017
 0.017
 0.017
 0.017
 0.017
 0.017
 0.017
 0.017
 0.017
 0.017
 0.016
 0.016
 0.016
 0.016
 0.016
 0.016
 0.016
 0.016
 0.016
 0.016
 0.016
 0.016
 0.016
 0.016
 0.016
 0.016
 0.016
 0.016
 0.016
 0.016
 0.016
 0.016
 0.016
 0.016
 0.015
 0.015
 0.015
 0.015
 0.015
 0.015
 0.015
 0.015
 0.015
 0.015
 0.015
 0.015
 0.015
 0.015
 0.015
 0.015
 0.015
 0.015
 0.015
 0.015
 0.015
 0.015
 0.015
 0.015
 0.015
 0.015
 0.014
 0.014
 0.014
 0.014
 0.014
 0.014
 0.014
 0.014
 0.014
 0.014
 0.014
 0.014
 0.014
 0.014
 0.014
 0.014
 0.014
 0.014
 0.014
 0.014
 0.014
 0.014
 0.014
 0.014
 0.014
 0.014
 0.014
 0.014
 0.013
 0.013
 0.013
 0.013
 0.013
 0.013
 0.013
 0.013
 0.013
 0.013
 0.013
 0.013
 0.013
 0.013
 0.013
 0.013
 0.013
 0.013
 0.013
 0.013
 0.013
 0.013
 0.013
 0.013
 0.013
 0.013
 0.013
 0.013
 0.013
 0.013
 0.013
 0.012
 0.012
 0.012
 0.012
 0.012
 0.012
 0.373
 0.680
 0.680
 0.294
 0.374
 0.373
 0.373
 0.373
 0.372
 0.372
 0.371
 0.371
 0.371
 0.370
 0.370
 0.369
 0.369
 0.368
 0.367
 0.367
 0.366
 0.366
 0.318
 0.115
 0.088
 0.208
 0.281
 0.335
 0.379
 0.409
 0.428
 0.439
 0.444
 0.444
 0.440
 0.434
 0.426
 0.417
 0.406
 0.395
 0.384
 0.372
 0.360
 0.348
 0.336
 0.325
 0.314
 0.303
 0.292
 0.281
 0.271
 0.261
 0.252
 0.243
 0.234
 0.225
 0.217
 0.209
 0.201
 0.194
 0.187
 0.180
 0.173
 0.167
 0.161
 0.155
 0.149
 0.144
 0.138
 0.133
 0.128
 0.123
 0.119
 0.115
 0.110
 0.106
 0.102
 0.099
 0.095
 0.091
 0.088
 0.085
 0.082
 0.079
 0.076
 0.073
 0.070
 0.068
 0.065
 0.063
 0.060
 0.058
 0.056
 0.054
 0.052
 0.050
 0.048
 0.046
 0.045
 0.043
 0.041
