6000.000
6000.447
6000.895
6001.344
6001.793
6002.243
6002.694
6003.145
6003.597
6004.050
6004.503
6004.957
6005.412
6005.867
6006.323
6006.780
5973.091
5938.146
5930.496
5925.795
5922.309
5919.478
5917.052
5914.895
5912.924
5911.085
5909.342
5907.666
5906.036
5904.437
5902.854
5901.277
5899.696
5898.102
5896.487
5894.845
5893.169
5891.452
5889.688
5887.872
5885.997
5884.059
5882.050
5879.964
5877.797
5875.541
5873.190
5870.738
5868.177
5865.500
5862.701
5859.770
5856.701
5853.485
5850.112
5846.574
5842.861
5838.962
5834.868
5830.566
5826.045
5821.294
5816.298
5811.045
5805.521
5799.710
5793.598
5787.167
5780.402
5773.285
5765.797
5757.918
5749.631
5740.912
5731.741
5722.096
5711.954
5701.290
5690.080
5678.299
5665.920
5652.917
5639.262
5624.928
5609.886
5594.106
5577.561
5560.221
5542.055
5523.036
5503.134
5482.319
5460.565
5437.843
5414.127
5389.392
5363.614
5336.771
5308.843
5279.811
5249.659
5218.376
5185.951
5152.377
5117.651
5081.773
5044.748
5006.583
4967.292
4926.891
4885.402
4842.849
4799.264
4754.681
4709.139
4662.680
4615.353
4567.207
4518.297
4468.681
4418.419
4367.573
4316.210
4264.395
4212.196
4159.681
4106.921
4053.982
4000.935
3947.845
3894.780
3841.803
3788.977
3736.362
3684.016
3631.993
3580.346
3529.123
3478.369
3428.128
3378.438
3329.335
3280.851
3233.015
3185.853
3139.389
3093.641
3048.628
3004.361
2960.854
2918.116
2876.152
2834.967
2794.565
2754.944
2716.104
2678.043
2640.755
2604.235
2568.477
2533.472
2499.212
2465.687
2432.887
2400.800
2369.415
2338.720
2308.703
2279.351
2250.650
2222.588
2195.152
2168.328
2142.102
2116.461
2091.392
2066.882
2042.917
2019.485
1996.571
1974.165
1952.252
1930.821
1909.860
1889.356
1869.298
1849.674
1830.474
1811.685
1793.298
1775.302
1757.687
1740.442
1723.559
1707.026
1690.836
1674.979
1659.446
1644.229
1629.320
1614.710
1600.391
1586.356
1572.598
1559.109
1545.882
1532.910
1520.187
1507.706
1495.462
1483.447
1471.656
1460.083
1448.724
1437.571
1426.621
1415.867
1405.306
1394.931
1384.740
1374.726
1364.886
1355.215
1345.709
1336.365
1327.178
1318.144
1309.260
1300.522
1291.927
1283.471
1275.151
1266.964
1258.906
1250.976
1243.169
1235.483
1227.914
1220.462
1213.122
1205.892
1198.771
1191.754
1184.841
1178.028
1171.314
1164.696
1158.172
1151.741
1145.400
1139.147
1132.981
1126.899
1120.900
1114.982
1109.143
1103.382
1097.697
1092.087
1086.549
1081.083
1075.688
1070.360
1065.100
1059.907
1054.777
1049.711
1044.707
1039.764
1034.881
1030.056
1025.289
1020.578
1015.923
1011.321
1006.773
1002.277
997.832
993.438
989.092
984.796
980.546
976.344
972.187
968.076
964.009
959.985
956.003
952.064
948.166
944.308
940.491
936.712
932.972
929.269
925.603
921.975
918.381
914.824
911.300
907.811
904.356
900.934
897.544
894.185
890.859
887.563
884.298
881.062
877.857
874.680
871.531
868.411
865.318
862.253
859.214
856.202
853.216
850.256
847.320
844.410
841.524
838.662
835.823
833.009
830.217
827.448
824.701
821.976
819.273
816.592
813.932
811.292
808.673
806.074
803.495
800.936
798.396
795.875
793.373
790.890
788.425
785.978
783.549
781.138
778.743
776.366
774.006
771.663
769.336
767.025
764.730
762.451
760.188
757.940
755.707
753.489
751.286
749.097
746.923
744.763
742.617
740.485
738.367
736.262
734.171
732.092
730.027
727.974
725.935
723.907
721.892
719.889
717.899
715.920
713.953
711.997
710.053
708.121
706.199
704.289
702.389
700.500
698.622
696.754
694.897
693.050
691.213
689.386
687.569
685.762
683.964
682.176
680.397
678.628
676.867
675.116
673.374
671.641
669.916
668.200
666.492
664.793
663.102
661.420
659.745
658.079
656.420
654.769
653.126
651.491
649.863
648.243
646.630
645.024
643.425
641.833
640.249
638.671
637.100
635.536
633.978
632.427
630.883
629.344
627.812
626.287
624.767
623.253
621.746
620.244
618.748
617.258
615.774
614.295
612.821
611.353
609.891
608.434
606.981
605.534
604.092
602.656
601.224
599.796
598.374
596.956
595.543
594.135
592.731
591.331
589.936
588.545
587.158
585.776
584.397
583.023
581.652
580.286
578.923
577.564
576.209
574.858
573.510
572.165
570.824
569.487
568.152
566.821
565.493
564.169
562.847
561.529
560.213
558.901
557.591
556.284
554.980
553.679
552.380
551.084
549.790
548.499
547.210
545.923
544.639
543.357
542.077
540.800
539.524
538.251
536.979
535.710
534.442
533.176
531.912
530.650
529.389
528.130
526.873
525.617
524.362
523.109
521.857
520.607
519.358
518.110
516.864
515.618
514.374
513.131
511.888
510.647
509.407
508.167
506.929
505.691
504.454
503.217
501.982
500.747
499.512
498.278
497.045
495.812
494.579
493.347
492.116
490.884
489.653
488.422
487.192
485.961
484.731
483.501
482.271
481.041
479.811
478.581
477.351
476.121
474.890
473.660
472.430
471.199
469.968
468.737
467.506
466.274
465.042
463.810
462.578
461.345
460.111
458.878
457.643
456.409
455.174
453.938
452.702
451.466
450.271
450.328
450.712
450.947
451.186
451.422
451.692
451.929
452.166
452.358
452.594
452.831
453.067
453.470
453.711
453.898
454.132
454.365
454.774
455.006
455.237
455.595
455.863
456.089
456.393
456.562
456.972
457.191
457.546
457.760
457.970
458.379
458.584
458.991
459.195
459.600
459.793
460.195
460.380
460.780
460.956
461.351
461.517
461.908
462.297
462.449
462.832
463.213
463.347
463.722
464.093
418.248
380.485
348.881
322.073
299.072
279.141
261.722
246.381
232.781
220.652
209.778
199.982
191.120
183.072
175.737
169.031
162.882
157.229
152.019
147.208
142.755
138.627
134.792
131.226
127.903
124.804
121.910
119.205
116.673
114.302
112.078
109.992
108.034
106.193
104.463
102.836
101.304
99.862
98.504
97.223
96.016
94.878
93.804
92.791
91.834
90.930
90.076
89.270
88.507
87.786
87.105
86.460
85.849
85.271
84.724
84.206
83.714
83.248
82.807
82.387
81.989
81.611
81.251
80.909
80.584
80.274
79.978
79.696
79.427
79.170
78.925
78.690
78.464
78.248
78.041
77.842
77.650
77.465
77.287
77.115
76.949
76.788
76.632
76.481
76.334
76.191
76.052
75.916
75.784
75.654
75.527
75.403
75.281
75.161
75.044
74.928
74.813
74.701
74.589
74.479
74.371
74.263
74.156
74.051
73.946
73.842
73.738
73.635
73.533
73.431
73.330
73.229
73.129
73.029
72.929
72.829
72.730
72.631
72.532
72.433
72.335
72.237
72.138
72.040
71.942
71.844
71.746
71.648
71.551
71.453
71.355
71.258
71.160
71.063
70.966
70.868
70.771
70.674
70.577
70.480
70.383
70.286
70.189
70.092
69.995
69.899
69.802
69.706
69.609
69.513
69.417
69.321
69.225
69.129
69.033
68.937
68.842
68.746
68.651
68.556
68.461
68.366
68.271
68.176
68.082
67.988
67.893
67.799
67.706
67.612
67.518
67.425
67.332
67.239
67.146
67.054
66.961
66.869
66.777
66.685
66.593
66.502
66.410
66.319
66.228
66.138
66.047
65.957
65.867
65.777
65.687
65.598
65.509
65.420
65.331
65.242
65.154
65.072
64.991
64.909
64.827
64.745
64.662
64.578
64.495
64.411
64.327
64.242
64.158
64.073
63.988
63.903
63.818
63.733
63.647
63.562
63.477
63.391
63.306
63.220
63.135
63.049
62.964
62.879
62.794
62.708
62.623
62.538
62.454
62.369
62.284
62.200
62.115
62.031
61.947
61.863
61.779
61.695
61.612
61.529
61.445
61.362
61.279
61.197
61.114
61.032
60.950
60.868
60.786
60.705
60.623
60.542
60.461
60.380
60.300
60.219
60.139
60.059
59.979
59.899
59.820
59.741
59.662
59.583
59.504
59.426
59.348
59.270
59.192
59.114
59.037
58.959
58.882
58.806
58.729
58.653
58.576
58.500
58.424
58.349
58.273
58.198
58.123
58.048
57.974
57.899
57.825
57.751
57.677
57.603
57.530
57.456
57.383
57.310
57.238
57.165
57.093
57.021
56.949
56.877
56.805
56.734
56.663
56.592
56.521
56.450
56.380
56.309
56.239
56.169
56.099
56.030
55.960
55.891
55.822
55.753
55.684
55.616
55.548
55.479
55.411
55.344
55.276
55.208
55.141
55.074
55.007
54.940
54.873
54.807
54.741
54.674
54.608
54.543
54.477
54.411
54.346
54.281
54.216
54.151
54.086
54.022
53.958
53.893
53.829
53.765
53.702
53.638
53.575
53.511
53.448
53.385
53.322
53.260
53.197
53.135
53.073
53.011
52.949
52.887
52.825
52.764
52.703
52.641
52.580
52.520
52.459
52.398
53.444
51.656
48.320
46.066
47.860
49.693
51.523
53.351
55.178
57.003
58.826
60.646
62.465
64.281
66.095
67.906
69.715
71.522
73.325
75.127
76.925
78.720
80.454
81.520
81.542
80.783
79.568
78.048
76.289
74.349
72.289
70.157
67.989
65.811
63.641
61.495
59.384
57.315
55.296
53.331
51.421
49.568
47.773
46.037
44.358
42.736
41.170
39.659
38.202
36.796
35.441
34.135
32.876
31.663
30.494
29.368
28.284
27.239
26.232
25.263
24.329
23.430
22.564
21.730
20.927
20.153
19.408
18.690
17.999
17.334
16.693
16.076
15.481
14.909
14.358
13.827
13.316
12.823
12.349
11.893
11.453
11.029
10.622
10.229
 9.851
 9.486
 9.136
 8.798
 8.473
 8.159
 7.858
 7.567
 7.287
 7.018
 6.758
 6.508
 6.268
 6.036
 5.813
 5.598
 5.391
