 0.000
125000.000
2897.778
124223.112
5795.555
123445.359
8693.333
122666.743
11591.111
121887.262
14488.888
121106.915
17386.666
120325.703
20284.444
119543.626
23182.221
118760.682
26079.999
117976.871
28977.777
117192.194
31875.554
116406.649
34773.332
115620.236
37671.109
114832.955
40568.887
114044.806
43466.665
113255.787
46363.985
112466.185
49235.260
111691.903
52100.226
110920.661
54962.366
110150.297
57822.520
109380.293
60681.085
108610.402
63538.288
107840.482
66394.277
107070.443
69249.150
106300.222
72102.978
105529.777
74955.812
104759.076
77807.685
103988.098
80658.623
103216.825
83508.644
102445.248
86357.757
101673.361
89205.967
100901.159
92053.274
100128.644
94899.675
99355.817
97745.161
98582.682
100589.721
97809.247
103433.343
97035.520
106276.009
96261.510
109117.700
95487.231
111958.393
94712.695
114798.065
93937.918
117636.688
93162.917
120474.231
92387.710
123310.663
91612.318
126145.949
90836.761
128980.050
90061.065
131812.925
89285.253
134644.531
88509.353
137474.823
87733.395
140303.749
86957.409
143131.257
86181.427
145957.291
85405.486
148781.791
84629.621
151604.694
83853.874
154425.933
83078.285
157245.436
82302.899
160063.128
81527.764
162878.929
80752.928
165692.756
79978.445
168504.518
79204.370
171314.121
78430.763
174121.467
77657.685
176926.450
76885.201
179728.958
76113.382
182528.876
75342.300
185326.079
74572.032
188120.437
73802.659
190911.814
73034.267
193700.065
72266.945
196485.037
71500.788
199266.571
70735.896
202044.499
69972.374
204818.642
69210.330
207588.815
68449.881
210354.822
67691.148
213116.458
66934.257
215873.507
66179.342
218625.743
65426.541
221372.928
64676.001
224114.816
63927.875
226851.146
63182.320
229581.645
62439.504
232306.031
61699.598
235024.007
60962.785
237735.263
60229.250
240439.478
59499.189
243136.315
58772.804
245825.426
58050.304
248506.449
57331.906
251179.007
56617.833
253842.711
55908.318
256497.158
55203.596
259141.932
54503.914
261776.604
53809.520
264400.732
53120.673
267013.860
52437.633
269615.524
51760.669
272205.244
51090.051
274782.533
50426.056
277346.894
49768.961
279897.819
49119.047
282434.793
48476.598
284957.297
47841.895
287464.804
47215.221
289956.783
46596.857
292432.704
45987.081
294892.032
45386.169
297334.236
44794.389
299758.787
44212.005
302165.160
43639.274
304552.838
43076.442
306921.311
42523.747
309270.082
41981.415
311598.665
41449.662
313906.588
40928.686
316193.398
40418.675
318458.657
39919.798
320701.951
39432.211
322922.887
38956.049
325121.094
38491.432
327296.229
38038.460
329447.973
37597.215
331576.037
37167.757
333680.159
36750.130
335760.109
36344.357
337815.686
35950.440
339846.718
35568.364
341853.068
35198.093
343834.628
34839.574
345791.320
34492.736
347723.099
34157.491
349629.949
33833.731
351511.883
33521.338
353368.945
33220.175
355201.206
32930.093
357008.762
32650.930
358791.737
32382.512
360550.280
32124.655
362284.562
31877.164
363994.774
31639.839
365681.132
31412.468
367343.866
31194.835
368983.228
30986.720
370599.483
30787.896
372192.910
30598.133
373763.805
30417.201
375312.472
30244.865
376839.227
30080.891
378344.396
29925.043
379828.309
29777.089
381291.307
29636.794
382733.734
29503.927
384155.940
29378.259
385558.275
29259.562
386941.095
29147.615
388304.755
29042.195
389649.611
28943.087
390976.021
28850.079
392284.339
28762.961
393574.918
28681.531
394848.111
28605.589
396104.265
28534.942
397343.727
28469.398
398566.839
28408.774
399773.937
28352.889
400965.357
28301.569
402141.426
28254.645
403302.469
28211.951
404448.804
28173.326
405580.745
28138.617
406698.600
28107.673
407802.670
28080.347
408893.254
28056.500
409970.641
28035.995
411035.117
28018.699
412086.961
28004.486
413126.445
27993.232
414153.838
27984.819
415169.400
27979.130
416173.388
27976.055
417166.050
27975.487
418147.632
27977.322
419118.372
27981.461
420078.501
27987.807
421028.248
27996.266
421967.835
28006.750
422897.477
28019.172
423817.385
28033.448
424727.766
28049.498
425628.821
28067.244
426520.745
28086.611
427403.729
28107.528
428277.959
28129.924
429143.617
28153.732
430000.879
28178.889
430849.919
28205.330
431690.904
28232.996
432523.998
28261.829
433349.361
28291.773
434167.148
28322.773
434977.512
28354.778
435780.599
28387.738
436576.554
28421.603
437365.517
28456.327
438147.626
28491.865
438923.013
28528.173
439691.809
28565.210
440454.140
28602.933
441210.130
28641.305
441959.899
28680.287
442703.566
28719.843
443441.243
28759.937
444173.044
28800.535
444899.076
28841.605
445619.446
28883.114
446334.258
28925.032
447043.612
28967.329
447747.606
29009.976
448446.338
29052.946
449139.900
29096.211
449828.384
29139.746
450511.879
29183.525
451190.472
29227.525
451864.248
29271.721
452533.291
29316.091
453197.680
29360.613
453857.495
29405.266
454512.812
29450.029
455163.708
29494.882
455810.256
29539.806
456452.526
29584.782
457090.591
29629.793
457724.517
29674.819
458354.372
29719.845
458980.221
29764.854
459602.128
29809.831
460220.155
29854.758
460834.363
29899.623
461444.811
29944.410
462051.559
29989.104
462654.662
30033.693
463254.176
30078.163
463850.156
30122.502
464442.654
30166.696
465031.724
30210.734
465617.414
30254.605
466199.776
30298.295
466778.858
30341.796
467354.707
30385.095
467927.370
30428.183
468496.892
30471.049
469063.318
30513.684
469626.692
30556.078
470187.055
30598.221
470744.451
30640.106
471298.919
30681.722
471850.500
30723.062
472399.233
30764.117
472945.156
30804.880
473488.307
30845.342
474028.723
30885.497
474566.439
30925.336
475101.490
30964.852
475633.913
31004.039
476163.739
31042.890
476691.003
31081.397
477215.737
31119.556
477737.973
31157.359
478257.741
31194.801
478775.073
31231.876
479289.999
31268.577
479802.548
31304.900
480312.748
31340.839
480820.628
31376.388
481326.216
31411.543
481829.539
31446.299
482330.623
31480.651
482829.495
31514.593
483326.180
31548.122
483820.703
31581.233
484313.089
31613.921
484803.362
31646.183
485291.546
31678.014
485777.664
31709.410
486261.740
31740.368
486743.794
31770.883
487223.850
31800.951
487701.928
31830.570
488178.051
31859.736
488652.239
31888.445
489124.511
31916.694
489594.890
31944.480
490063.393
31971.799
490530.040
31998.648
490994.851
32025.026
491457.844
32050.927
491919.036
32076.351
492378.447
32101.293
492836.094
32125.752
493291.994
32149.725
493746.163
32173.209
494198.620
32196.201
494649.380
32218.700
495098.459
32240.703
495545.874
32262.207
495991.639
32283.211
496435.770
32303.713
496878.282
32323.710
497319.191
32343.200
497758.509
32362.181
498196.253
32380.651
498632.435
32398.609
499067.069
32416.053
499500.170
32432.981
499931.750
32449.391
500361.822
32465.281
500790.400
32480.651
501217.495
32495.497
501643.121
32509.820
502067.290
32523.617
502490.013
32536.887
502911.302
32549.629
503331.170
32561.840
503749.627
32573.521
504166.686
32584.670
504582.355
32595.285
504996.648
32605.365
505409.574
32614.909
505821.144
32623.917
506231.368
32632.386
506640.256
32640.317
507047.819
32647.707
507454.067
32654.557
507859.008
32660.865
508262.653
32666.630
508665.010
32671.851
509066.090
32676.528
509465.901
32680.660
509864.452
32684.246
510261.751
32687.285
510657.808
32689.777
511052.632
32691.721
511446.229
32693.116
511838.609
32693.962
512229.780
32694.258
512619.750
32694.004
513008.525
32693.199
513396.115
32691.843
513782.527
32689.934
514167.768
32687.474
514551.846
32684.461
514934.768
32680.895
515316.540
32676.776
515697.170
32672.103
516076.665
32666.876
516455.032
32661.095
516832.277
32654.760
517208.407
32647.870
517583.428
32640.424
517957.347
32632.424
518330.170
32623.869
518701.903
32614.758
519072.552
32605.092
519442.123
32594.870
519810.622
32584.093
520178.055
32572.760
520544.427
32560.871
520909.744
32548.427
521274.012
32535.427
521637.236
32521.872
521999.421
32507.761
522360.573
32493.095
522720.696
32477.873
523079.796
32462.097
523437.878
32445.765
523794.947
32428.879
524151.007
32411.438
524506.063
32393.443
524860.121
32374.893
525213.184
32355.790
525565.257
32336.133
525916.344
32315.923
526266.451
32295.160
526615.581
32273.844
526963.738
32251.976
527310.928
32229.557
527657.153
32206.585
528002.417
32183.063
528346.726
32158.990
528690.083
32134.366
529032.491
32109.193
529373.954
32083.471
529714.477
32057.200
530054.062
32030.381
530392.714
32003.014
530730.436
31975.100
531067.231
31946.640
531403.103
31917.634
531738.055
31888.082
532072.091
31857.986
532405.213
31827.346
532737.425
31796.163
533068.731
31764.437
533399.132
31732.169
533728.633
31699.360
534057.236
31666.010
534384.944
31632.121
534711.760
31597.693
535037.687
31562.727
535362.727
31527.224
535686.884
31491.184
536010.160
31454.609
536332.557
31417.499
536654.078
31379.855
536974.727
31341.679
537294.504
31302.970
537613.414
31263.731
537931.457
31223.961
538248.637
31183.662
538564.955
31142.835
538880.415
31101.481
539195.018
31059.601
539508.766
31017.196
539821.662
30974.268
540133.708
30930.816
540444.905
30886.842
540755.256
30842.348
541064.763
30797.335
541373.428
30751.803
541681.252
30705.754
541988.238
30659.189
542294.387
30612.109
542599.701
30564.516
542904.182
30516.410
543207.832
30467.793
543510.651
30418.667
543812.643
30369.032
544113.808
30318.890
544414.149
30268.242
544713.665
30217.090
545012.360
30165.434
545310.235
30113.277
545607.291
30060.620
545903.529
30007.463
546198.951
29953.810
546493.558
29899.660
546787.352
29845.015
547080.333
29789.878
547372.504
29734.249
547663.864
29678.130
547954.417
29621.523
548244.162
29564.429
548533.100
29506.849
548821.234
29448.786
549108.563
29390.240
549395.089
29331.215
549680.814
29271.710
549965.737
29211.728
550249.861
29151.271
550533.185
29090.340
550815.711
29028.937
551097.440
28967.064
551378.372
28904.722
551658.509
28841.914
551937.851
28778.641
552216.400
28714.904
552494.155
28650.707
552771.117
28586.050
553047.288
28520.935
553322.668
28455.365
553597.257
28389.341
553871.056
28322.865
554144.067
28255.939
554416.289
28188.566
554687.723
28120.746
554958.370
28052.483
555228.230
27983.778
555497.303
27914.633
555765.591
27845.050
556033.094
27775.031
556299.812
27704.579
556565.745
27633.695
556830.894
27562.382
557095.260
27490.642
557358.843
27418.476
557621.643
27345.888
557883.660
27272.879
558144.895
27199.451
558405.348
27125.608
558665.020
27051.350
558923.911
26976.681
559182.020
26901.602
559439.349
26826.116
559695.898
26750.225
559951.666
26673.933
560206.654
26597.240
560460.862
26520.149
560714.291
26442.663
560966.940
26364.784
561218.809
26286.515
561469.900
26207.858
561720.211
26128.816
561969.743
26049.390
562218.496
25969.584
562466.470
25889.401
562713.666
25808.842
562960.083
25727.910
563205.721
25646.608
563450.580
25564.938
563694.661
25482.903
563937.963
25400.506
564180.487
25317.749
564422.232
25234.635
564663.199
25151.167
564903.387
25067.347
565142.796
24983.178
565381.426
24898.663
565619.278
24813.805
565856.351
24728.605
566092.645
24643.068
566328.160
24557.196
566562.897
24470.992
566796.854
24384.458
567030.032
24297.597
567262.430
24210.413
567494.050
24122.908
567724.889
24035.085
567954.950
23946.947
568184.230
23858.497
568412.731
23769.737
568640.452
23680.672
568867.392
23591.303
569093.553
23501.634
569318.933
23411.668
569543.533
23321.407
569767.352
23230.855
569990.391
23140.016
570212.648
23048.891
570434.125
22957.484
570654.820
22865.798
570874.734
22773.836
571093.867
22681.601
571312.218
22589.097
571529.788
22496.327
571746.575
22403.293
571962.581
22309.999
572177.805
22216.447
572392.246
22122.642
572605.905
22028.587
572818.781
21934.284
573030.875
21839.737
573242.186
21744.948
573452.714
21649.922
573662.459
21554.662
573871.421
21459.170
574079.600
21363.450
574286.995
21267.506
574493.607
21171.340
574699.436
21074.956
574904.481
20978.357
575108.742
20881.547
575312.220
20784.528
575515.165
20687.043
575717.867
20588.789
575920.334
20489.759
576122.553
20389.969
576324.530
20289.411
576526.280
20188.068
576727.771
20085.978
576929.010
19983.132
577130.006
19879.521
577330.754
19775.151
577531.245
19670.031
577731.488
19564.152
577931.473
19457.527
578131.200
19350.154
578330.679
19242.025
578529.899
19133.150
578728.862
19023.527
578927.557
18913.170
579126.001
18802.060
579324.182
18690.211
579522.110
18577.610
579719.778
18464.266
579917.167
18350.204
580114.305
18235.387
580311.178
18119.835
580507.759
18003.580
580704.072
17886.593
580900.129
17768.857
581095.900
17650.413
581291.412
17531.225
581486.627
17411.341
581681.577
17290.723
581876.250
17169.382
582070.635
17047.335
582264.759
16924.546
582458.581
16801.068
582652.145
16676.844
582845.402
16551.940
583038.395
16426.294
583231.090
16299.956
583423.503
16172.902
583615.640
16045.123
583807.462
15916.674
583999.020
15787.483
584190.280
15657.598
584381.230
15527.033
584571.908
15395.735
584762.310
15263.711
584952.363
15131.063
585142.138
14997.690
585321.879
14870.488
585484.222
14754.722
585632.083
14648.404
585767.707
14550.002
585892.859
14458.313
586008.949
14372.375
586117.125
14291.407
586218.326
14214.768
586313.339
14141.923
586402.821
14072.424
586487.333
14005.890
586567.352
13941.997
586643.290
13880.465
586715.506
13821.051
586784.312
13763.543
586849.983
13707.756
586912.759
13653.527
586972.857
13600.710
587030.466
13549.178
587085.760
13498.816
587138.890
13449.521
587189.995
13401.201
587239.202
13353.773
587286.623
13307.161
587332.361
13261.298
587376.512
13216.122
587419.162
13171.577
587460.389
13127.612
587500.266
13084.180
587538.861
13041.238
587576.235
12998.748
587612.447
12956.673
587647.548
12914.980
587681.589
12873.640
587714.615
12832.625
587746.670
12791.908
587777.793
12751.467
587808.023
12711.279
587837.393
12671.325
587865.937
12631.586
587893.687
12592.044
587920.671
12552.685
587946.917
12513.494
587972.451
12474.457
587997.297
12435.563
588021.479
12396.798
588045.019
12358.154
588067.938
12319.620
588090.255
12281.188
588111.990
12242.849
588133.161
12204.595
588153.785
12166.421
588173.878
12128.319
588193.456
12090.283
588212.535
12052.309
588231.128
12014.391
588249.249
11976.524
588266.912
11938.706
588284.129
11900.932
588300.912
11863.199
588317.274
11825.504
588333.226
11787.844
588348.778
11750.217
588363.941
11712.620
588378.725
11675.052
588393.140
11637.511
588407.197
11599.996
588420.902
11562.505
588434.267
11525.037
588447.299
11487.591
588460.007
11450.166
588472.398
11412.762
588484.481
11375.378
588496.263
11338.014
588507.753
11300.670
588518.956
11263.345
588529.879
11226.038
588540.531
11188.752
588550.917
11151.484
588561.044
11114.236
588570.918
11077.007
588580.545
11039.798
588589.931
11002.610
588599.082
10965.441
588608.004
10928.294
588616.702
10891.168
588625.182
10854.064
588633.448
10816.982
588641.506
10779.923
588649.361
10742.888
588657.018
10705.876
588664.481
10668.889
588671.756
10631.927
588678.846
10594.991
588685.756
10558.081
588692.491
10521.198
588699.054
10484.343
588705.451
10447.516
588711.683
10410.718
588717.757
10373.949
588723.676
10337.210
588729.442
10300.502
588735.061
10263.825
588740.535
10227.180
588745.868
10190.567
588751.064
10153.988
588756.126
10117.442
588761.057
10080.930
588765.860
10044.452
588770.539
10008.010
588775.096
9971.604
588779.534
9935.234
588783.857
9898.901
588788.067
9862.605
588792.167
9826.347
588796.160
9790.126
588800.048
9753.945
588803.834
9717.802
588807.521
9681.699
588811.110
9645.636
588814.605
9609.613
588818.007
9573.631
588821.320
9537.690
588824.544
9501.789
588827.683
9465.931
588830.739
9430.115
588833.714
9394.341
588836.609
9358.609
588839.427
9322.920
588842.169
9287.275
588844.838
9251.672
588847.436
9216.114
588849.964
9180.599
588852.424
9145.128
588854.817
9109.702
588857.146
9074.320
588859.413
9038.983
588861.618
9003.690
588863.763
8968.443
588865.850
8933.241
588867.880
8898.083
588869.855
8862.972
588871.777
8827.906
588873.646
8792.885
588875.463
8757.911
588877.232
8722.982
588878.951
8688.099
588880.624
8653.262
588882.250
8618.472
588883.832
8583.727
588885.370
8549.029
588886.866
8514.377
588888.321
8479.771
588889.735
8445.212
588891.110
8410.699
588892.447
8376.232
588893.747
8341.812
588895.011
8307.438
588896.239
8273.111
588897.434
8238.830
588898.594
8204.596
588899.723
8170.408
588900.820
8136.266
588901.886
8102.171
588902.922
8068.122
588903.929
8034.120
588904.908
8000.163
588905.859
7966.254
588906.783
7932.390
588907.681
7898.572
588908.554
7864.801
588909.402
7831.076
588910.226
7797.397
588911.026
7763.764
588911.804
7730.176
588912.560
7696.635
588913.294
7663.139
588914.007
7629.690
588914.699
7596.285
588915.372
7562.927
588916.026
7529.614
588916.661
7496.346
588917.277
7463.124
588917.876
7429.947
588918.458
7396.815
588919.022
7363.728
588919.571
7330.686
588920.103
7297.690
588920.621
7264.738
588921.123
7231.831
588921.610
7198.968
588922.084
7166.150
588922.543
7133.377
588922.990
7100.648
588923.423
7067.963
588923.843
7035.323
588924.252
7002.726
588924.648
6970.172
588925.033
6937.659
588925.406
6905.186
588925.769
6872.754
588926.121
6840.363
588926.462
6808.013
588926.794
6775.704
588927.115
6743.438
588927.427
6711.213
588927.730
6679.030
588928.024
6646.889
588928.310
6614.790
588928.587
6582.734
588928.855
6550.719
588929.116
6518.748
588929.369
6486.819
588929.614
6454.932
588929.852
6423.088
588930.083
6391.286
588930.307
6359.527
588930.524
6327.811
588930.734
6296.138
588930.939
6264.507
588931.137
6232.919
588931.329
6201.373
588931.515
6169.870
588931.696
6138.410
588931.871
6106.993
588932.041
6075.618
588932.206
6044.285
588932.366
6012.995
588932.521
5981.747
588932.671
5950.542
588932.816
5919.379
588932.957
5888.259
588933.094
5857.180
588933.227
5826.144
588933.355
5795.150
588933.480
5764.197
588933.601
5733.287
588933.718
5702.419
588933.831
5671.592
588933.941
5640.807
588934.047
5610.064
588934.151
5579.362
588934.251
5548.702
588934.347
5518.083
588934.441
5487.505
588934.532
5456.969
588934.620
5426.474
588934.706
5396.019
588934.789
5365.606
588934.869
5335.233
588934.946
5304.901
588935.021
5274.610
588935.094
5244.360
588935.165
5214.149
588935.233
5183.980
588935.299
5153.850
588935.363
5123.761
588935.425
5093.711
588935.485
5063.702
588935.544
5033.732
588935.600
5003.802
588935.654
4973.912
588935.707
4944.062
588935.758
4914.251
588935.808
4884.479
588935.856
4854.746
588935.902
4825.053
588935.947
4795.399
588935.990
4765.783
588936.033
4736.207
588936.073
4706.669
588936.113
4677.170
588936.151
4647.710
588936.188
4618.288
588936.223
4588.904
588936.258
4559.559
588936.291
4530.252
588936.324
4500.983
588936.355
4471.751
588936.385
4442.558
588936.415
4413.403
588936.443
4384.285
588936.471
4355.205
588936.497
4326.162
588936.523
4297.156
588936.548
4268.188
588936.572
4239.257
588936.595
4210.363
588936.617
4181.506
588936.639
4152.686
588936.660
4123.903
588936.680
4095.157
588936.700
4066.447
588936.719
4037.773
588936.738
4009.136
588936.755
3980.535
588936.773
3951.971
588936.789
3923.443
588936.805
3894.950
588936.821
3866.494
588936.836
3838.073
588936.850
3809.689
588936.864
3781.340
588936.878
3753.026
588936.891
3724.748
588936.904
3696.505
588936.916
3668.298
588936.928
3640.126
588936.939
3611.989
588936.950
3583.886
588936.961
3555.819
588936.971
3527.787
588936.981
3499.790
588936.991
3471.827
588937.000
3443.898
588937.009
3416.005
588937.018
3388.145
588937.026
3360.320
588937.034
3332.529
588937.042
3304.773
588937.050
3277.050
588937.057
3249.361
588937.064
3221.706
588937.071
3194.085
588937.078
3166.498
588937.084
3138.944
588937.090
3111.424
588937.096
3083.937
588937.102
3056.484
588937.107
3029.064
588937.113
3001.677
588937.118
2974.323
588937.123
2947.003
588937.128
2919.715
588937.132
2892.460
588937.137
2865.238
588937.141
2838.048
588937.145
2810.892
588937.149
2783.767
588937.153
2756.676
588937.157
2729.616
588937.160
2702.589
588937.164
2675.594
588937.167
2648.632
588937.171
2621.701
588937.174
2594.802
588937.177
2567.936
588937.180
2541.101
588937.183
2514.298
588937.185
2487.526
588937.188
2460.786
588937.190
2434.078
588937.193
2407.401
588937.195
2380.755
588937.198
2354.141
588937.200
2327.558
588937.202
2301.006
588937.204
2274.485
588937.206
2247.995
588937.208
2221.536
588937.210
2195.108
588937.211
2168.711
588937.213
2142.344
588937.215
2116.008
588937.216
2089.703
588937.218
2063.428
588937.219
2037.183
588937.221
2010.969
588937.222
1984.623
588937.223
1958.089
588937.225
1933.095
588937.226
1909.693
588937.227
1886.219
588937.228
1861.830
588937.229
1836.526
588937.230
1810.308
588937.231
1783.175
588937.232
1755.130
588937.233
1726.173
588937.234
1696.305
588937.235
1665.527
588937.236
1633.840
588937.237
1601.246
588937.238
1567.746
588937.239
1533.341
588937.241
1498.031
588937.242
1461.820
588937.243
1424.706
588937.244
1386.693
588937.245
1347.782
588937.246
1307.979
588937.247
1267.443
588937.248
1226.636
588937.249
1186.031
588937.250
1145.929
588937.251
1106.513
588937.252
1067.920
588937.252
1030.255
588937.253
993.592
588937.254
957.978
588937.255
923.440
588937.255
889.990
588937.256
857.628
588937.257
826.346
588937.257
796.128
588937.258
766.955
588937.258
738.804
588937.259
711.650
588937.259
685.464
588937.259
660.219
588937.260
635.887
588937.260
612.437
588937.260
589.840
588937.261
568.069
588937.261
547.095
588937.261
526.890
588937.261
507.427
588937.262
488.679
588937.262
470.622
588937.262
453.230
588937.262
436.479
588937.262
420.346
588937.262
404.809
588937.263
389.845
588937.263
375.434
588937.263
361.555
588937.263
348.188
588937.263
335.316
588937.263
322.919
588937.263
310.981
588937.263
299.484
588937.263
288.412
588937.263
277.749
588937.263
267.480
588937.263
257.591
588937.263
248.067
588937.263
238.896
588937.263
230.064
588937.263
221.558
588937.263
213.367
588937.263
205.478
588937.263
197.882
588937.263
190.566
588937.263
183.521
588937.264
176.736
588937.264
170.202
588937.264
163.909
588937.264
157.850
588937.264
152.014
588937.264
146.394
588937.264
140.982
588937.264
135.770
588937.264
130.751
588937.264
125.917
588937.264
121.262
588937.264
116.779
588937.264
112.462
588937.264
108.305
588937.264
104.301
588937.264
100.445
588937.264
96.732
588937.264
93.156
588937.264
89.713
588937.264
86.396
588937.264
83.203
588937.264
80.127
588937.264
77.165
588937.264
74.313
588937.264
71.566
