5795.555
-1552.913
5795.555
-1554.640
5795.555
-1556.369
5795.555
-1558.098
5795.555
-1559.828
5795.555
-1561.558
5795.555
-1563.289
5795.555
-1565.021
5795.555
-1566.754
5795.555
-1568.488
5795.555
-1570.222
5795.555
-1571.958
5795.555
-1573.693
5795.555
-1575.430
5795.555
-1577.168
5795.555
-1578.906
5765.292
-1561.803
5733.886
-1544.063
5726.693
-1541.350
5722.119
-1540.259
5718.623
-1539.836
5715.708
-1539.774
5713.152
-1539.934
5710.835
-1540.243
5708.683
-1540.653
5706.647
-1541.137
5704.696
-1541.673
5702.805
-1542.247
5700.955
-1542.847
5699.131
-1543.463
5697.322
-1544.088
5695.518
-1544.717
5693.709
-1545.344
5691.889
-1545.964
5690.051
-1546.572
5688.187
-1547.166
5686.294
-1547.740
5684.364
-1548.293
5682.392
-1548.820
5680.374
-1549.318
5678.304
-1549.784
5676.177
-1550.215
5673.987
-1550.607
5671.730
-1550.957
5669.399
-1551.261
5666.990
-1551.517
5664.497
-1551.721
5661.914
-1551.868
5659.234
-1551.956
5656.452
-1551.979
5653.562
-1551.935
5650.555
-1551.819
5647.425
-1551.625
5644.165
-1551.351
5640.766
-1550.990
5637.221
-1550.537
5633.521
-1549.988
5629.657
-1549.337
5625.619
-1548.577
5621.398
-1547.702
5616.983
-1546.707
5612.364
-1545.584
5607.529
-1544.326
5602.466
-1542.926
5597.163
-1541.376
5591.606
-1539.669
5585.782
-1537.794
5579.677
-1535.745
5573.275
-1533.511
5566.561
-1531.083
5559.519
-1528.450
5552.131
-1525.604
5544.380
-1522.532
5536.247
-1519.224
5527.713
-1515.668
5518.758
-1511.851
5509.362
-1507.763
5499.503
-1503.390
5489.158
-1498.718
5478.306
-1493.736
5466.922
-1488.428
5454.982
-1482.781
5442.463
-1476.780
5429.337
-1470.412
5415.580
-1463.662
5401.166
-1456.515
5386.067
-1448.956
5370.256
-1440.971
5353.708
-1432.546
5336.394
-1423.666
5318.288
-1414.317
5299.363
-1404.487
5279.592
-1394.161
5258.949
-1383.327
5237.410
-1371.975
5214.949
-1360.094
5191.545
-1347.673
5167.174
-1334.706
5141.817
-1321.184
5115.455
-1307.102
5088.072
-1292.457
5059.653
-1277.247
5030.187
-1261.471
4999.664
-1245.131
4968.078
-1228.232
4935.426
-1210.779
4901.709
-1192.781
4866.930
-1174.250
4831.098
-1155.199
4794.222
-1135.644
4756.320
-1115.604
4717.409
-1095.100
4677.513
-1074.154
4636.660
-1052.794
4594.881
-1031.046
4552.211
-1008.942
4508.689
-986.512
4464.357
-963.792
4419.262
-940.815
4373.452
-917.619
4326.980
-894.242
4279.900
-870.721
4232.269
-847.095
4184.145
-823.405
4135.588
-799.688
4086.661
-775.985
4037.424
-752.332
3987.940
-728.768
3938.272
-705.330
3888.481
-682.051
3838.629
-658.967
3788.775
-636.110
3738.977
-613.509
3689.294
-591.193
3639.780
-569.189
3590.487
-547.521
3541.465
-526.212
3492.763
-505.281
3444.426
-484.747
3396.496
-464.626
3349.012
-444.930
3302.010
-425.673
3255.525
-406.864
3209.587
-388.510
3164.223
-370.617
3119.458
-353.190
3075.315
-336.232
3031.814
-319.743
2988.970
-303.724
2946.798
-288.172
2905.310
-273.085
2864.516
-258.459
2824.423
-244.289
2785.037
-230.570
2746.361
-217.295
2708.398
-204.456
2671.148
-192.046
2634.609
-180.057
2598.779
-168.480
2563.655
-157.306
2529.231
-146.526
2495.502
-136.129
2462.460
-126.107
2430.098
-116.450
2398.408
-107.147
2367.380
-98.188
2337.005
-89.565
2307.273
-81.266
2278.173
-73.282
2249.694
-65.604
2221.826
-58.222
2194.557
-51.126
2167.875
-44.308
2141.769
-37.758
2116.227
-31.467
2091.238
-25.427
2066.789
-19.629
2042.869
-14.065
2019.466
-8.727
1996.568
-3.608
1974.164
 1.301
1952.243
 6.007
1930.792
10.516
1909.802
14.836
1889.260
18.973
1869.157
22.934
1849.481
26.725
1830.222
30.352
1811.370
33.821
1792.914
37.138
1774.845
40.308
1757.153
43.335
1739.828
46.226
1722.862
48.986
1706.246
51.618
1689.970
54.127
1674.025
56.518
1658.404
58.795
1643.099
60.962
1628.101
63.023
1613.402
64.981
1598.995
66.841
1584.872
68.605
1571.027
70.277
1557.452
71.860
1544.140
73.358
1531.085
74.773
1518.281
76.108
1505.720
77.366
1493.397
78.550
1481.306
79.662
1469.441
80.704
1457.797
81.679
1446.367
82.589
1435.148
83.437
1424.132
84.225
1413.316
84.953
1402.695
85.626
1392.263
86.244
1382.016
86.809
1371.950
87.322
1362.060
87.787
1352.342
88.203
1342.791
88.574
1333.405
88.900
1324.178
89.182
1315.107
89.423
1306.189
89.623
1297.419
89.783
1288.795
89.906
1280.312
89.992
1271.968
90.042
1263.759
90.058
1255.682
90.041
1247.735
89.991
1239.913
89.909
1232.215
89.797
1224.637
89.656
1217.177
89.486
1209.832
89.288
1202.599
89.064
1195.476
88.813
1188.461
88.537
1181.551
88.236
1174.743
87.912
1168.036
87.565
1161.428
87.195
1154.915
86.803
1148.497
86.391
1142.170
85.957
1135.934
85.504
1129.785
85.032
1123.723
84.540
1117.745
84.031
1111.850
83.504
1106.036
82.959
1100.301
82.398
1094.643
81.821
1089.062
81.228
1083.554
80.619
1078.120
79.996
1072.756
79.358
1067.463
78.706
1062.238
78.040
1057.080
77.361
1051.987
76.669
1046.959
75.964
1041.994
75.247
1037.091
74.518
1032.248
73.778
1027.465
73.026
1022.739
72.263
1018.071
71.490
1013.459
70.706
1008.902
69.912
1004.398
69.109
999.947
68.295
995.548
67.473
991.200
66.641
986.901
65.801
982.651
64.952
978.449
64.094
974.295
63.229
970.186
62.355
966.122
61.474
962.103
60.585
958.127
59.689
954.194
58.786
950.303
57.876
946.454
56.959
942.644
56.036
938.875
55.106
935.144
54.170
931.452
53.228
927.797
52.280
924.179
51.326
920.598
50.367
917.052
49.402
913.541
48.432
910.064
47.457
906.621
46.477
903.211
45.492
899.834
44.502
896.488
43.508
893.174
42.509
889.891
41.506
886.639
40.499
883.416
39.487
880.222
38.472
877.057
37.452
873.921
36.429
870.812
35.402
867.731
34.372
864.676
33.338
861.648
32.301
858.646
31.260
855.669
30.217
852.717
29.170
849.790
28.120
846.888
27.067
844.009
26.012
841.154
24.954
838.321
23.893
835.512
22.830
832.724
21.764
829.959
20.696
827.215
19.625
824.492
18.552
821.791
17.477
819.109
16.400
816.448
15.321
813.807
14.240
811.185
13.158
808.583
12.073
805.999
10.987
803.434
 9.899
800.887
 8.809
798.359
 7.718
795.848
 6.625
793.354
 5.531
790.878
 4.436
788.418
 3.339
785.975
 2.241
783.548
 1.142
781.138
 0.042
778.743
-1.059
776.363
-2.161
773.999
-3.264
771.650
-4.368
769.316
-5.473
766.997
-6.579
764.692
-7.685
762.400
-8.792
760.123
-9.900
757.860
-11.008
755.610
-12.117
753.373
-13.226
751.149
-14.335
748.938
-15.445
746.740
-16.556
744.554
-17.666
742.380
-18.777
740.218
-19.888
738.068
-20.999
735.930
-22.110
733.803
-23.222
731.688
-24.333
729.583
-25.444
727.490
-26.555
725.407
-27.666
723.335
-28.777
721.273
-29.888
719.222
-30.998
717.180
-32.108
715.149
-33.218
713.127
-34.327
711.115
-35.436
709.112
-36.545
707.119
-37.653
705.135
-38.760
703.159
-39.867
701.193
-40.973
699.235
-42.079
697.286
-43.184
695.345
-44.288
693.413
-45.391
691.489
-46.494
689.572
-47.596
687.664
-48.697
685.763
-49.796
683.870
-50.895
681.985
-51.993
680.107
-53.090
678.236
-54.186
676.372
-55.281
674.516
-56.374
672.666
-57.467
670.823
-58.558
668.987
-59.648
667.157
-60.736
665.334
-61.824
663.517
-62.910
661.706
-63.994
659.901
-65.077
658.103
-66.159
656.310
-67.239
654.523
-68.317
652.742
-69.394
650.966
-70.470
649.196
-71.543
647.432
-72.615
645.672
-73.685
643.918
-74.754
642.169
-75.821
640.425
-76.886
638.686
-77.949
636.952
-79.010
635.222
-80.069
633.498
-81.126
631.777
-82.181
630.062
-83.234
628.351
-84.285
626.644
-85.334
624.941
-86.381
623.242
-87.426
621.548
-88.468
619.857
-89.508
618.171
-90.546
616.488
-91.581
614.809
-92.614
613.134
-93.645
611.463
-94.674
609.795
-95.699
608.130
-96.723
606.469
-97.744
604.811
-98.762
603.156
-99.777
601.505
-100.790
599.857
-101.801
598.211
-102.808
596.569
-103.813
594.930
-104.815
593.293
-105.814
591.660
-106.811
590.029
-107.804
588.400
-108.795
586.775
-109.782
585.152
-110.767
583.531
-111.748
581.913
-112.727
580.297
-113.702
578.683
-114.674
577.072
-115.643
575.463
-116.609
573.855
-117.572
572.250
-118.531
570.648
-119.487
569.046
-120.439
567.447
-121.389
565.850
-122.334
564.255
-123.277
562.661
-124.215
561.069
-125.151
559.479
-126.082
557.890
-127.010
556.303
-127.935
554.717
-128.855
553.133
-129.772
551.550
-130.685
549.969
-131.595
548.389
-132.500
546.810
-133.402
545.232
-134.300
543.656
-135.194
542.081
-136.083
540.507
-136.969
538.933
-137.851
537.361
-138.729
535.790
-139.602
534.220
-140.472
532.651
-141.337
531.083
-142.198
529.515
-143.054
527.948
-143.907
526.382
-144.755
524.817
-145.598
523.252
-146.437
521.688
-147.272
520.125
-148.102
518.562
-148.928
517.000
-149.749
515.438
-150.565
513.877
-151.377
512.316
-152.184
510.756
-152.987
509.196
-153.784
507.637
-154.577
506.077
-155.365
504.518
-156.149
502.960
-156.927
501.401
-157.700
499.843
-158.469
498.285
-159.232
496.727
-159.990
495.170
-160.744
493.612
-161.492
492.055
-162.235
490.498
-162.973
488.940
-163.705
487.383
-164.433
485.826
-165.155
484.269
-165.872
482.712
-166.583
481.154
-167.289
479.597
-167.990
478.040
-168.685
476.482
-169.374
474.925
-170.059
473.367
-170.737
471.809
-171.410
470.251
-172.078
468.693
-172.739
467.135
-173.395
465.577
-174.046
464.018
-174.690
462.459
-175.329
460.900
-175.962
459.341
-176.589
457.781
-177.210
456.222
-177.826
454.662
-178.435
453.101
-179.039
451.541
-179.636
449.980
-180.228
448.419
-180.813
446.858
-181.393
445.296
-181.966
443.734
-182.533
442.172
-183.094
440.610
-183.649
439.047
-184.197
437.484
-184.740
435.921
-185.276
434.357
-185.806
432.793
-186.329
431.229
-186.846
429.665
-187.357
428.100
-187.862
426.535
-188.360
424.970
-188.851
423.405
-189.337
421.839
-189.815
420.273
-190.288
418.707
-190.753
417.141
-191.213
415.574
-191.665
414.008
-192.111
412.441
-192.551
410.874
-192.984
409.306
-193.410
407.739
-193.830
406.203
-194.276
405.591
-195.681
405.217
-197.333
404.729
-198.866
404.240
-200.396
403.745
-201.920
403.271
-203.465
402.769
-204.980
402.264
-206.490
401.722
-207.958
401.210
-209.457
400.693
-210.952
400.173
-212.441
399.767
-214.060
399.242
-215.544
398.677
-216.980
398.141
-218.449
397.601
-219.912
397.179
-221.513
396.631
-222.967
396.079
-224.414
395.611
-225.962
395.077
-227.431
394.512
-228.861
393.997
-230.351
393.386
-231.724
392.935
-233.294
392.352
-234.700
391.856
-236.215
391.263
-237.607
390.665
-238.992
390.194
-240.540
389.587
-241.913
389.107
-243.451
388.492
-244.814
388.004
-246.343
387.376
-247.688
386.879
-249.207
386.240
-250.537
385.734
-252.046
385.084
-253.359
384.568
-254.857
383.906
-256.153
383.381
-257.641
382.850
-259.122
382.170
-260.394
381.630
-261.864
381.084
-263.328
380.385
-264.571
379.829
-266.022
379.267
-267.468
340.976
-242.212
309.359
-221.508
282.827
-204.271
260.253
-189.735
240.821
-177.340
223.921
-166.671
209.092
-157.413
195.976
-149.322
184.293
-142.207
173.822
-135.916
164.383
-130.326
155.830
-125.339
148.044
-120.871
140.925
-116.856
134.391
-113.237
128.371
-109.965
122.807
-107.000
117.647
-104.308
112.849
-101.858
108.375
-99.625
104.192
-97.586
100.272
-95.722
96.591
-94.016
93.127
-92.453
89.860
-91.019
86.773
-89.703
83.851
-88.494
81.081
-87.382
78.451
-86.360
75.950
-85.420
73.567
-84.554
71.296
-83.757
69.126
-83.023
67.052
-82.347
65.067
-81.724
63.165
-81.150
61.340
-80.622
59.588
-80.136
57.904
-79.687
56.284
-79.275
54.724
-78.895
53.221
-78.545
51.771
-78.224
50.372
-77.928
49.021
-77.655
47.715
-77.405
46.452
-77.175
45.230
-76.963
44.046
-76.769
42.900
-76.590
41.789
-76.426
40.712
-76.275
39.666
-76.136
38.652
-76.008
37.667
-75.891
36.710
-75.783
35.780
-75.683
34.876
-75.591
33.997
-75.506
33.142
-75.427
32.310
-75.354
31.500
-75.286
30.712
-75.223
29.944
-75.164
29.197
-75.108
28.468
-75.056
27.759
-75.006
27.068
-74.959
26.394
-74.914
25.737
-74.870
25.096
-74.828
24.472
-74.788
23.863
-74.748
23.269
-74.708
22.690
-74.670
22.125
-74.631
21.573
-74.593
21.035
-74.555
20.511
-74.516
19.999
-74.477
19.499
-74.438
19.011
-74.398
18.536
-74.357
18.071
-74.316
17.618
-74.273
17.176
-74.230
16.744
-74.186
16.323
-74.141
15.912
-74.095
15.510
-74.047
15.119
-73.999
14.736
-73.949
14.363
-73.898
13.999
-73.846
13.644
-73.793
13.297
-73.738
12.958
-73.683
12.628
-73.626
12.305
-73.567
11.991
-73.508
11.684
-73.447
11.384
-73.385
11.092
-73.322
10.806
-73.258
10.528
-73.192
10.256
-73.126
 9.991
-73.058
 9.733
-72.989
 9.481
-72.919
 9.235
-72.848
 8.995
-72.776
 8.760
-72.703
 8.532
-72.629
 8.309
-72.554
 8.092
-72.479
 7.880
-72.402
 7.673
-72.324
 7.472
-72.246
 7.275
-72.166
 7.083
-72.086
 6.896
-72.005
 6.714
-71.924
 6.536
-71.842
 6.363
-71.759
 6.194
-71.675
 6.029
-71.591
 5.869
-71.506
 5.712
-71.420
 5.560
-71.334
 5.411
-71.248
 5.266
-71.161
 5.125
-71.073
 4.987
-70.986
 4.853
-70.897
 4.722
-70.808
 4.595
-70.719
 4.471
-70.630
 4.350
-70.540
 4.232
-70.450
 4.117
-70.359
 4.005
-70.269
 3.896
-70.178
 3.790
-70.087
 3.686
-69.995
 3.586
-69.903
 3.487
-69.812
 3.392
-69.720
 3.299
-69.628
 3.208
-69.535
 3.120
-69.443
 3.034
-69.350
 2.950
-69.258
 2.868
-69.165
 2.789
-69.072
 2.712
-68.980
 2.636
-68.887
 2.563
-68.794
 2.492
-68.701
 2.422
-68.608
 2.355
-68.515
 2.289
-68.422
 2.225
-68.330
 2.163
-68.237
 2.102
-68.144
 2.043
-68.051
 1.985
-67.959
 1.930
-67.866
 1.875
-67.773
 1.822
-67.681
 1.771
-67.589
 1.720
-67.496
 1.672
-67.404
 1.624
-67.312
 1.578
-67.220
 1.533
-67.129
 1.489
-67.037
 1.447
-66.945
 1.406
-66.854
 1.365
-66.763
 1.326
-66.672
 1.288
-66.581
 1.251
-66.490
 1.215
-66.399
 1.180
-66.309
 1.146
-66.219
 1.113
-66.128
 1.081
-66.038
 1.050
-65.949
 1.019
-65.859
 0.990
-65.770
 0.961
-65.680
 0.933
-65.591
 0.906
-65.502
 0.879
-65.414
 0.854
-65.325
 0.829
-65.237
 0.804
-65.149
 0.781
-65.068
 0.758
-64.987
 0.736
-64.905
 0.714
-64.823
 0.693
-64.741
 0.673
-64.658
 0.653
-64.575
 0.634
-64.492
 0.615
-64.408
 0.597
-64.324
 0.579
-64.240
 0.562
-64.155
 0.545
-64.071
 0.529
-63.986
 0.513
-63.901
 0.498
-63.816
 0.483
-63.731
 0.469
-63.646
 0.455
-63.560
 0.441
-63.475
 0.428
-63.390
 0.415
-63.304
 0.402
-63.219
 0.390
-63.134
 0.378
-63.048
 0.367
-62.963
 0.356
-62.878
 0.345
-62.793
 0.335
-62.708
 0.324
-62.623
 0.315
-62.538
 0.305
-62.453
 0.296
-62.368
 0.287
-62.284
 0.278
-62.199
 0.269
-62.115
 0.261
-62.030
 0.253
-61.946
 0.245
-61.862
 0.238
-61.779
 0.230
-61.695
 0.223
-61.611
 0.216
-61.528
 0.210
-61.445
 0.203
-61.362
 0.197
-61.279
 0.191
-61.197
 0.185
-61.114
 0.179
-61.032
 0.173
-60.950
 0.168
-60.868
 0.163
-60.786
 0.158
-60.704
 0.153
-60.623
 0.148
-60.542
 0.143
-60.461
 0.139
-60.380
 0.134
-60.299
 0.130
-60.219
 0.126
-60.139
 0.122
-60.059
 0.118
-59.979
 0.114
-59.899
 0.111
-59.820
 0.107
-59.741
 0.104
-59.662
 0.101
-59.583
 0.097
-59.504
 0.094
-59.426
 0.091
-59.348
 0.088
-59.270
 0.086
-59.192
 0.083
-59.114
 0.080
-59.037
 0.078
-58.959
 0.075
-58.882
 0.073
-58.806
 0.070
-58.729
 0.068
-58.653
 0.066
-58.576
 0.064
-58.500
 0.062
-58.424
 0.060
-58.349
 0.058
-58.273
 0.056
-58.198
 0.054
-58.123
 0.052
-58.048
 0.051
-57.974
 0.049
-57.899
 0.047
-57.825
 0.046
-57.751
 0.044
-57.677
 0.043
-57.603
 0.041
-57.530
 0.040
-57.456
 0.039
-57.383
 0.037
-57.310
 0.036
-57.238
 0.035
-57.165
 0.034
-57.093
 0.033
-57.021
 0.032
-56.949
 0.031
-56.877
 0.030
-56.805
 0.029
-56.734
 0.028
-56.663
 0.027
-56.592
 0.026
-56.521
 0.025
-56.450
 0.024
-56.380
 0.023
-56.309
 0.022
-56.239
 0.022
-56.169
 0.021
-56.099
 0.020
-56.030
 0.020
-55.960
 0.019
-55.891
 0.018
-55.822
 0.018
-55.753
 0.017
-55.684
 0.017
-55.616
 0.016
-55.548
 0.015
-55.479
 0.015
-55.411
 0.014
-55.344
 0.014
-55.276
 0.013
-55.208
 0.013
-55.141
 0.013
-55.074
 0.012
-55.007
 0.012
-54.940
 0.011
-54.873
 0.011
-54.807
 0.010
-54.741
 0.010
-54.674
 0.010
-54.608
 0.009
-54.543
 0.009
-54.477
 0.009
-54.411
 0.009
-54.346
 0.008
-54.281
 0.008
-54.216
 0.008
-54.151
 0.007
-54.086
 0.007
-54.022
 0.007
-53.958
 0.007
-53.893
 0.006
-53.829
 0.006
-53.765
 0.006
-53.702
 0.006
-53.638
 0.006
-53.575
 0.005
-53.511
 0.005
-53.448
 0.005
-53.385
 0.005
-53.322
 0.005
-53.260
 0.004
-53.197
 0.004
-53.135
 0.004
-53.073
 0.004
-53.011
 0.004
-52.949
 0.004
-52.887
 0.004
-52.825
 0.003
-52.764
 0.003
-52.703
 0.003
-52.641
 0.003
-52.580
 0.003
-52.520
 0.003
-52.459
 0.003
-52.398
 0.003
-53.444
 0.003
-51.656
 0.002
-48.320
 0.002
-46.066
 0.002
-47.860
 0.002
-49.693
 0.002
-51.523
 0.002
-53.351
 0.002
-55.178
 0.002
-57.003
 0.002
-58.826
 0.002
-60.646
 0.002
-62.465
 0.002
-64.281
 0.002
-66.095
 0.002
-67.906
 0.002
-69.715
 0.002
-71.522
 0.002
-73.325
 0.002
-75.127
 0.002
-76.925
 0.002
-78.720
 0.002
-80.454
 0.002
-81.520
 0.002
-81.542
 0.002
-80.783
 0.002
-79.568
 0.002
-78.048
 0.002
-76.289
 0.002
-74.349
 0.002
-72.289
 0.001
-70.157
 0.001
-67.989
 0.001
-65.811
 0.001
-63.641
 0.001
-61.495
 0.001
-59.384
 0.001
-57.315
 0.001
-55.296
 0.001
-53.331
 0.001
-51.421
 0.001
-49.568
 0.001
-47.773
 0.001
-46.037
 0.001
-44.358
 0.001
-42.736
 0.001
-41.170
 0.000
-39.659
 0.000
-38.202
 0.000
-36.796
 0.000
-35.441
 0.000
-34.135
 0.000
-32.876
 0.000
-31.663
 0.000
-30.494
 0.000
-29.368
 0.000
-28.284
 0.000
-27.239
 0.000
-26.232
 0.000
-25.263
 0.000
-24.329
 0.000
-23.430
 0.000
-22.564
 0.000
-21.730
 0.000
-20.927
 0.000
-20.153
 0.000
-19.408
 0.000
-18.690
 0.000
-17.999
 0.000
-17.334
 0.000
-16.693
 0.000
-16.076
 0.000
-15.481
 0.000
-14.909
 0.000
-14.358
 0.000
-13.827
 0.000
-13.316
 0.000
-12.823
 0.000
-12.349
 0.000
-11.893
 0.000
-11.453
 0.000
-11.029
 0.000
-10.622
 0.000
-10.229
 0.000
-9.851
 0.000
-9.486
 0.000
-9.136
 0.000
-8.798
 0.000
-8.473
 0.000
-8.159
 0.000
-7.858
 0.000
-7.567
 0.000
-7.287
 0.000
-7.018
 0.000
-6.758
 0.000
-6.508
 0.000
-6.268
 0.000
-6.036
 0.000
-5.813
 0.000
-5.598
 0.000
-5.391
