 0.352
 0.352
 0.352
 0.353
 0.353
 0.353
 0.353
 0.353
 0.353
 0.353
 0.353
 0.354
 0.354
 0.354
 0.354
 0.354
 0.354
 0.354
 0.355
 1.143
 0.563
 0.410
 0.352
 0.327
 0.315
 0.309
 0.306
 0.304
 0.303
 0.303
 0.303
 0.303
 0.303
 0.303
 0.303
 0.303
 0.303
 0.303
 0.303
 0.303
 0.303
 0.304
 0.304
 0.304
 0.305
 0.305
 0.306
 0.307
 0.308
 0.309
 0.311
 0.313
 0.315
 0.318
 0.321
 0.325
 0.329
 0.334
 0.339
 0.345
 0.352
 0.360
 0.368
 0.378
 0.388
 0.400
 0.413
 0.427
 0.442
 0.459
 0.477
 0.497
 0.518
 0.540
 0.565
 0.591
 0.619
 0.649
 0.681
 0.715
 0.750
 0.789
 0.829
 0.872
 0.917
 0.965
 1.015
 1.069
 1.125
 1.183
 1.245
 1.310
 1.379
 1.450
 1.525
 1.604
 1.686
 1.771
 1.861
 1.954
 2.052
 2.153
 2.258
 2.368
 2.481
 2.599
 2.721
 2.847
 2.977
 3.111
 3.249
 3.391
 3.536
 3.685
 3.837
 3.993
 4.151
 4.312
 4.475
 4.640
 4.806
 4.974
 5.142
 5.311
 5.479
 5.646
 5.812
 5.975
 6.136
 6.294
 6.448
 6.598
 6.743
 6.882
 7.015
 7.142
 7.261
 7.372
 7.476
 7.571
 7.657
 7.734
 7.801
 7.859
 7.907
 7.946
 7.974
 7.993
 8.002
 8.002
 7.992
 7.973
 7.946
 7.910
 7.865
 7.813
 7.754
 7.687
 7.614
 7.536
 7.451
 7.361
 7.267
 7.169
 7.067
 6.961
 6.853
 6.742
 6.629
 6.514
 6.398
 6.281
 6.163
 6.045
 5.927
 5.808
 5.691
 5.573
 5.457
 5.341
 5.227
 5.114
 5.002
 4.892
 4.783
 4.676
 4.571
 4.468
 4.367
 4.267
 4.169
 4.074
 3.980
 3.889
 3.799
 3.712
 3.626
 3.543
 3.461
 3.382
 3.304
 3.228
 3.155
 3.083
 3.012
 2.944
 2.877
 2.813
 2.749
 2.688
 2.628
 2.570
 2.513
 2.458
 2.404
 2.351
 2.301
 2.251
 2.203
 2.156
 2.110
 2.065
 2.022
 1.980
 1.939
 1.899
 1.860
 1.822
 1.785
 1.750
 1.715
 1.681
 1.648
 1.615
 1.584
 1.553
 1.524
 1.495
 1.466
 1.439
 1.412
 1.386
 1.360
 1.336
 1.311
 1.288
20.698
