4000.000
4000.591
4001.183
4001.776
4002.370
4002.965
4003.560
4004.157
4004.754
4005.352
4005.952
4006.552
4007.153
4007.755
4008.357
4008.961
4009.566
4010.171
4010.777
3974.607
3970.886
3968.855
3967.488
3966.473
3965.676
3965.023
3964.471
3963.993
3963.570
3963.186
3962.833
3962.501
3962.185
3961.878
3961.577
3961.277
3960.975
3960.668
3960.352
3960.026
3959.687
3959.332
3958.960
3958.567
3958.152
3957.712
3957.246
3956.751
3956.224
3955.663
3955.067
3954.432
3953.755
3953.035
3952.269
3951.453
3950.585
3949.662
3948.680
3947.636
3946.526
3945.347
3944.095
3942.766
3941.356
3939.860
3938.273
3936.591
3934.808
3932.920
3930.919
3928.802
3926.560
3924.189
3921.680
3919.027
3916.222
3913.257
3910.124
3906.815
3903.320
3899.630
3895.736
3891.625
3887.289
3882.716
3877.894
3872.810
3867.453
3861.808
3855.863
3849.603
3843.013
3836.079
3828.784
3821.112
3813.047
3804.571
3795.667
3786.317
3776.503
3766.205
3755.405
3744.084
3732.221
3719.798
3706.795
3693.192
3678.970
3664.110
3648.592
3632.398
3615.510
3597.911
3579.585
3560.516
3540.691
3520.095
3498.718
3476.550
3453.582
3429.809
3405.226
3379.832
3353.628
3326.615
3298.800
3270.191
3240.800
3210.639
3179.727
3148.083
3115.728
3082.690
3048.996
3014.676
2979.765
2944.298
2908.313
2871.850
2834.950
2797.658
2760.018
2722.075
2683.877
2645.470
2606.900
2568.217
2529.466
2490.693
2451.944
2413.264
2374.696
2336.281
2298.060
2260.070
2222.349
2184.931
2147.847
2111.128
2074.803
2038.896
2003.432
1968.432
1933.914
1899.897
1866.394
1833.419
1800.983
1769.095
1737.763
1706.992
1676.786
1647.148
1618.080
1589.581
1561.651
1534.286
1507.484
1481.241
1455.552
1430.411
1405.812
1381.747
1358.210
1335.192
1312.685
1290.681
1269.170
1248.144
1227.593
1207.508
1187.879
1168.697
1149.952
1131.634
1113.734
1096.243
1079.149
1062.446
1046.122
1030.168
1014.577
999.338
984.442
969.882
955.649
941.734
928.130
914.827
901.819
889.098
876.656
864.486
852.581
840.934
829.538
818.387
807.474
796.793
786.338
776.103
766.082
756.270
746.661
737.250
728.032
719.002
710.154
701.485
692.990
684.664
676.502
668.502
660.658
652.967
645.425
638.028
630.772
623.655
616.672
609.821
603.097
596.499
590.022
583.665
580.923
