 0.000
125000.000
1879.385
124315.528
3758.771
123630.193
5638.156
122943.993
7517.542
122256.929
9396.927
121569.000
11276.313
120880.206
13155.698
120190.546
15035.084
119500.020
16914.469
118808.628
18793.854
118116.369
20673.240
117423.243
22552.625
116729.250
24432.011
116034.390
26311.396
115338.661
28190.782
114642.064
30070.167
113944.599
31949.553
113246.264
33828.938
112547.060
35695.706
111854.776
37558.092
111164.324
39419.036
110473.889
41278.998
109783.191
43138.186
109092.099
44996.721
108400.539
46854.680
107708.464
48712.115
107015.841
50569.063
106322.646
52425.552
105628.864
54281.601
104934.481
56137.225
104239.489
57992.436
103543.879
59847.241
102847.648
61701.645
102150.792
63555.651
101453.309
65409.260
100755.198
67262.472
100056.459
69115.285
99357.094
70967.695
98657.104
72819.699
97956.491
74671.291
97255.259
76522.464
96553.412
78373.212
95850.954
80223.524
95147.891
82073.393
94444.229
83922.808
93739.973
85771.757
93035.131
87620.228
92329.710
89468.208
91623.719
91315.683
90917.166
93162.636
90210.062
95009.052
89502.416
96854.914
88794.239
98700.203
88085.542
100544.899
87376.339
102388.982
86666.643
104232.429
85956.466
106075.217
85245.825
107917.321
84534.734
109758.715
83823.211
111599.371
83111.272
113439.261
82398.937
115278.353
81686.225
117116.615
80973.156
118954.013
80259.753
120790.510
79546.038
122626.070
78832.036
124460.650
78117.773
126294.210
77403.275
128126.705
76688.571
129958.088
75973.691
131788.310
75258.667
133617.318
74543.532
135445.059
73828.322
137271.475
73113.072
139096.505
72397.822
140920.085
71682.614
142742.150
70967.490
144562.628
70252.495
146381.446
69537.678
148198.527
68823.088
150013.787
68108.778
151827.143
67394.803
153638.503
66681.222
155447.773
65968.096
157254.854
65255.489
159059.642
64543.469
160862.027
63832.105
162661.895
63121.472
164459.126
62411.648
166253.594
61702.714
168045.167
60994.756
169833.707
60287.861
171619.070
59582.124
173401.104
58877.642
175179.652
58174.517
176954.549
57472.855
178725.622
56772.766
180492.691
56074.368
182255.570
55377.779
184014.063
54683.126
185767.966
53990.538
187517.069
53300.152
189261.151
52612.106
190999.984
51926.547
192733.332
51243.626
194460.949
50563.498
196182.581
49886.324
197897.966
49212.269
199606.834
48541.506
201308.903
47874.209
203003.888
47210.559
204691.492
46550.741
206371.411
45894.943
208043.333
45243.359
209706.942
44596.185
211361.910
43953.620
213007.907
43315.869
214644.595
42683.136
216271.631
42055.628
217888.668
41433.553
219495.356
40817.122
221091.340
40206.544
222676.266
39602.028
224249.775
39003.782
225811.512
38412.011
227361.121
37826.921
228898.247
37248.710
230422.541
36677.574
231933.656
36113.704
233431.253
35557.285
234914.997
35008.496
236384.565
34467.507
237839.640
33934.480
239279.917
33409.569
240705.103
32892.918
242114.918
32384.660
243509.095
31884.918
244887.385
31393.802
246249.551
30911.412
247595.376
30437.833
248924.659
29973.139
250237.220
29517.391
251532.896
29070.636
252811.543
28632.907
254073.039
28204.225
255317.281
27784.596
256544.187
27374.015
257753.694
26972.463
258945.761
26579.906
260120.365
26196.302
261277.506
25821.594
262417.201
25455.714
263539.485
25098.584
264644.414
24750.115
265732.060
24410.209
266802.512
24078.759
267855.877
23755.647
268892.273
23440.751
269911.838
23133.940
270914.719
22835.077
271901.079
22544.019
272871.090
22260.618
273824.936
21984.723
274762.813
21716.177
275684.921
21454.822
276591.473
21200.497
277482.686
20953.038
278358.785
20712.281
279220.000
20478.061
280066.565
20250.211
280898.718
20028.567
281716.701
19812.962
282520.758
19603.233
283311.135
19399.217
284088.078
19200.751
284851.835
19007.675
285602.655
18819.833
286340.784
18637.067
287066.468
18459.226
287779.953
18286.158
288481.482
18117.716
289171.297
17953.755
289849.637
17794.133
290516.738
17638.712
291172.835
17487.355
291818.157
17339.930
292452.933
17196.308
293077.386
17056.363
293691.737
16919.973
294296.202
16787.017
294890.995
16657.380
295476.324
16530.949
296052.395
16407.615
296619.408
16287.269
297177.562
16169.810
297727.048
16055.136
298268.057
15943.150
298800.773
15833.758
299325.376
15726.867
299842.045
15622.390
300350.951
15520.240
300852.265
15420.335
301346.150
15322.592
301832.768
15226.935
302312.276
15133.288
302784.828
15041.577
303250.575
14951.732
303709.661
14863.685
304162.230
14777.369
304608.421
14692.719
305048.369
14609.675
305482.207
14528.176
305910.064
14448.164
306332.066
14369.583
306748.335
14292.379
307158.991
14216.499
307564.151
14141.892
307963.927
14068.510
308358.431
13996.306
308747.770
13925.232
309132.050
13855.246
309511.373
13786.303
309885.839
13718.363
310255.546
13651.385
310620.587
13585.330
310981.056
13520.162
311337.043
13455.843
311688.635
13392.338
312035.919
13329.614
312378.977
13267.637
312717.891
13206.377
313052.741
13145.801
313383.603
13085.880
313710.554
13026.585
314033.665
12967.889
314353.011
12909.764
314668.659
12852.184
314980.679
12795.124
315289.136
12738.559
315594.096
12682.466
315895.623
12626.821
316193.777
12571.603
316488.619
12516.789
316780.207
12462.359
317068.600
12408.293
317353.853
12354.570
317636.020
12301.173
317915.155
12248.082
318191.311
12195.281
318464.537
12142.750
318734.883
12090.475
319002.399
12038.438
319267.130
11986.624
319529.124
11935.018
319788.425
11883.604
320045.078
11832.369
320299.125
11781.299
320550.609
11730.380
320799.571
11679.599
321046.050
11628.944
321290.087
11578.402
321531.719
11527.961
321770.984
11477.610
322007.919
11427.338
322242.560
11377.134
322474.941
11326.987
322696.530
11278.819
322890.419
11235.869
323062.122
11196.964
323216.131
11161.192
323355.699
11127.895
323483.258
11096.580
323600.673
11066.869
323709.404
11038.466
323810.618
11011.137
323905.260
10984.690
323994.106
10958.968
324077.801
10933.841
324156.889
10909.200
324231.830
10884.953
324303.017
10861.022
324370.789
10837.337
324435.441
10813.842
324497.230
10790.486
324556.382
10767.223
324613.096
10744.016
324667.548
10720.830
324719.896
10697.635
324770.280
10674.405
324818.828
10651.116
324865.653
10627.747
324910.858
10604.281
324954.536
10580.700
324996.772
10556.990
325037.644
10533.138
325077.222
10509.133
325115.571
10484.966
325152.751
10460.626
325188.817
10436.108
325223.819
10411.403
325257.804
10386.507
325290.816
10361.414
325322.895
10336.122
325354.078
10310.625
325384.400
10284.923
325413.894
10259.013
325442.590
10232.893
325470.517
10206.562
325497.702
10180.022
325524.170
10153.270
325549.944
10126.309
325575.048
10099.139
325599.502
10071.761
325623.326
10044.177
325646.540
10016.389
325669.161
9988.400
325691.207
9960.211
325712.694
9931.826
325733.637
9903.247
325754.053
9874.478
325773.953
9845.523
325793.354
9816.384
325812.267
9787.066
325830.706
9757.573
325848.682
9727.907
325866.207
9698.075
325883.293
9668.079
325899.951
9637.924
325916.190
9607.614
325932.021
9577.154
325947.455
9546.548
325962.501
9515.800
325977.167
9484.916
325991.464
9453.899
326005.399
9422.754
326018.982
9391.485
326032.221
9360.098
326045.123
9328.595
326057.698
9296.983
326069.952
9265.265
326081.893
9233.445
326093.529
9201.527
326104.867
9169.517
326115.913
9137.418
326126.674
9105.234
326137.158
9072.970
326147.371
9040.628
326157.319
9008.214
326167.008
8975.731
326176.445
8943.183
326185.636
8910.573
326194.586
8877.906
326203.301
8845.184
326211.787
8812.411
326220.050
8779.590
326228.094
8746.726
326235.925
8713.820
326243.548
8680.876
326250.969
8647.897
326258.192
8614.887
326265.222
8581.847
326272.063
8548.780
326278.721
8515.691
326285.200
8482.580
326291.504
8449.450
326297.638
8416.305
326303.606
8383.146
326309.412
8349.975
326315.060
8316.795
326320.554
8283.609
326325.898
8250.417
326331.095
8217.223
326336.151
8184.027
326341.067
8150.833
326345.848
8117.641
326350.497
8084.454
326355.018
8051.272
326359.414
8018.099
326363.687
7984.934
326367.842
7951.781
326371.881
7918.639
326375.808
7885.511
326379.624
7852.398
326383.334
7819.301
326386.940
7786.222
326390.445
7753.161
326393.850
7720.119
326397.160
7687.098
326400.377
7654.099
326403.502
7621.122
326406.539
7588.169
326409.489
7555.241
326412.356
7522.338
326415.141
7489.460
326417.846
7456.610
326420.475
7423.788
326423.028
7390.994
326425.508
7358.228
326427.916
7325.493
326430.256
7292.788
326432.528
7260.113
326434.734
7227.470
326436.877
7194.859
326438.958
7162.280
326440.978
7129.734
326442.940
7097.221
326444.845
7064.742
326446.695
7032.297
326448.490
6999.887
326450.234
6967.509
326451.926
6935.164
326453.570
6902.850
326455.165
6870.569
326456.713
6838.322
326458.216
6806.109
326459.675
6773.931
326461.092
6741.788
326462.466
6709.680
326463.800
6677.608
326465.094
6645.573
326466.351
6613.575
326467.570
6581.613
326468.752
6549.690
326469.900
6517.804
326471.014
6485.956
326472.094
6454.146
326473.142
6422.375
326474.159
6390.643
326475.145
6358.950
326476.102
6327.296
326477.030
6295.682
326477.930
6264.107
326478.803
6232.572
326479.650
6201.077
326480.471
6169.622
326481.267
6138.206
326482.039
6106.832
326482.788
6075.497
326483.514
6044.203
326484.218
6012.949
326484.901
5981.735
326485.562
5950.563
326486.204
5919.430
326486.826
5888.339
326487.429
5857.288
326488.013
5826.277
326488.580
5795.308
326489.129
5764.379
326489.661
5733.490
326490.177
5702.642
326490.677
5671.835
326491.161
5641.069
326491.631
5610.343
326492.086
5579.657
326492.526
5549.013
326492.954
5518.408
326493.367
5487.844
326493.768
5457.321
326494.157
5426.838
326494.533
5396.395
326494.898
5365.992
326495.251
5335.630
326495.593
5305.308
326495.925
5275.026
326496.246
5244.783
326496.557
5214.581
326496.858
5184.419
326497.150
5154.296
326497.432
5124.213
326497.705
5094.170
326497.970
5064.166
326498.227
5034.202
326498.475
5004.278
326498.716
4974.392
326498.948
4944.546
326499.174
4914.739
326499.392
4884.971
326499.603
4855.243
326499.808
4825.553
326500.006
4795.901
326500.197
4766.289
326500.383
4736.715
326500.563
4707.180
326500.736
4677.684
326500.904
4648.225
326501.067
4618.805
326501.225
4589.424
326501.377
4560.080
326501.525
4530.774
326501.667
4501.507
326501.805
4472.277
326501.939
4443.085
326502.068
4413.930
326502.193
4384.813
326502.314
4355.734
326502.431
4326.692
326502.545
4297.687
326502.654
4268.720
326502.760
4239.789
326502.863
4210.896
326502.962
4182.039
326503.058
4153.220
326503.150
4124.437
326503.240
4095.690
326503.327
4066.981
326503.410
4038.307
326503.492
4009.670
326503.570
3981.070
326503.646
3952.505
326503.719
3923.977
326503.790
3895.484
326503.858
3867.028
326503.925
3838.607
326503.989
3810.222
326504.050
3781.873
326504.110
3753.559
326504.168
3725.281
326504.224
3697.038
326504.278
3668.830
326504.330
3640.658
326504.381
3612.520
326504.429
3584.418
326504.476
3556.350
326504.522
3528.318
326504.566
3500.320
326504.608
3472.356
326504.650
3444.428
326504.689
3416.534
326504.728
3388.674
326504.765
3360.848
326504.800
3333.057
326504.835
3305.300
326504.868
3277.576
326504.901
3249.887
326504.932
3222.232
326504.962
3194.610
326504.991
3167.022
326505.019
3139.468
326505.046
3111.947
326505.072
3084.460
326505.097
3057.006
326505.122
3029.586
326505.145
3002.198
326505.168
2974.844
326505.190
2947.523
326505.211
2920.234
326505.232
2892.979
326505.252
2865.756
326505.271
2838.566
326505.289
2811.409
326505.307
2784.284
326505.324
2757.192
326505.341
2730.132
326505.357
2703.104
326505.372
2676.109
326505.387
2649.145
326505.401
2622.214
326505.415
2595.315
326505.428
2568.448
326505.441
2541.612
326505.454
2514.808
326505.466
2488.036
326505.477
2461.296
326505.489
2434.587
326505.499
2407.909
326505.510
2381.263
326505.520
2354.648
326505.530
2328.065
326505.539
2301.512
326505.548
2274.991
326505.557
2248.500
326505.565
2222.041
326505.573
2195.612
326505.581
2169.214
326505.588
2142.847
326505.596
2116.511
326505.603
2090.204
326505.609
2063.929
326505.616
2037.684
326505.622
2011.469
326505.628
1985.126
326505.634
1958.599
326505.640
1933.610
326505.644
1910.214
326505.649
1886.746
326505.654
1862.363
326505.658
1837.065
326505.663
1810.852
326505.668
1783.725
326505.672
1755.686
326505.677
1726.734
326505.682
1696.872
326505.686
1666.100
326505.691
1634.419
326505.696
1601.831
326505.700
1568.336
326505.705
1533.937
326505.709
1498.633
326505.714
1462.427
326505.719
1425.319
326505.723
1387.312
326505.728
1348.406
326505.733
1308.608
326505.737
1268.075
326505.742
1227.266
326505.746
1186.650
326505.750
1146.535
326505.754
1107.105
326505.758
1068.497
326505.762
1030.815
326505.766
994.135
326505.769
958.504
326505.772
923.950
326505.775
890.483
326505.778
858.104
326505.780
826.805
326505.783
796.571
326505.785
767.382
326505.787
739.216
326505.789
712.047
326505.791
685.847
326505.793
660.589
326505.795
636.242
326505.796
612.779
326505.797
590.171
326505.799
568.388
326505.800
547.402
326505.801
527.185
326505.802
507.711
326505.803
488.953
326505.804
470.886
326505.804
453.484
326505.805
436.724
326505.806
420.582
326505.806
405.036
326505.807
390.064
326505.807
375.644
326505.808
361.757
326505.808
348.384
326505.809
335.504
326505.809
323.100
326505.809
311.155
326505.809
299.652
326505.810
288.573
326505.810
277.904
326505.810
267.630
326505.810
257.735
326505.810
248.206
326505.810
239.030
326505.810
230.193
326505.811
221.682
326505.811
213.486
326505.811
205.594
326505.811
197.993
326505.811
190.673
326505.811
183.623
326505.811
176.835
326505.811
170.297
326505.811
164.001
326505.811
157.938
326505.811
152.099
326505.811
146.476
326505.811
141.061
326505.811
135.846
326505.811
130.824
326505.811
125.988
326505.811
121.330
326505.811
116.845
326505.811
112.525
326505.811
108.365
326505.811
104.359
326505.811
100.502
326505.811
96.786
326505.811
93.209
326505.811
89.763
326505.811
86.445
326505.811
83.249
326505.811
80.172
326505.811
77.208
326505.811
74.354
326505.811
71.606
326505.811
68.959
326505.811
66.410
326505.811
63.955
326505.811
61.591
326505.811
59.315
326505.811
57.122
326505.811
55.011
326505.811
52.978
326505.811
51.020
326505.811
49.134
326505.811
47.318
326505.811
45.569
326505.811
43.885
326505.811
42.263
326505.811
40.701
326505.811
39.197
326505.811
37.749
326505.811
36.354
326505.811
35.010
326505.811
33.716
326505.811
32.470
326505.811
31.271
326505.811
30.115
326505.811
29.002
326505.811
27.931
326505.811
26.899
326505.811
25.905
326505.811
24.948
326505.811
24.026
326505.811
23.139
326505.811
22.284
326505.811
21.461
326505.811
20.668
326505.811
19.904
326505.811
19.169
326505.811
18.461
326505.811
17.779
326505.811
17.123
326505.811
16.490
326505.811
15.881
326505.811
15.295
326505.811
14.730
326505.811
14.186
326505.811
13.662
326505.811
13.158
326505.811
12.672
326505.811
12.204
326505.811
11.754
326505.811
11.320
326505.811
10.902
326505.811
10.500
326505.811
10.112
326505.811
 9.739
326505.811
 9.380
326505.811
 9.034
326505.811
 8.700
326505.811
 8.379
326505.811
 8.070
326505.811
 7.773
326505.811
 7.486
326505.811
 7.210
326505.811
 6.944
326505.811
 6.688
326505.811
 6.441
326505.811
 6.204
326505.811
 5.975
326505.811
 5.755
326505.811
 5.543
326505.811
 5.339
326505.811
 5.142
326505.811
 4.953
326505.811
 4.770
326505.811
 4.595
326505.811
 4.426
326505.811
 4.263
326505.811
 4.106
326505.811
 3.955
326505.811
 3.809
326505.811
 3.669
326505.811
 3.534
326505.811
 3.404
326505.811
 3.279
326505.811
 3.159
326505.811
 3.043
326505.811
 2.931
326505.811
 2.823
326505.811
 2.720
326505.811
 2.620
326505.811
 2.524
326505.811
 2.431
326505.811
 2.342
326505.811
 2.256
326505.811
 2.173
326505.811
 2.094
326505.811
 2.017
326505.811
 1.943
326505.811
 1.872
326505.811
 1.804
326505.811
 1.738
326505.811
 1.674
326505.811
 1.613
326505.811
 1.554
326505.811
 1.497
326505.811
 1.443
326505.811
 1.390
326505.811
 1.340
326505.811
 1.291
326505.811
 1.244
326505.811
 1.199
326505.811
 1.155
326505.811
 1.113
326505.811
 1.073
326505.811
 1.034
326505.811
 0.996
326505.811
 0.960
326505.811
 0.925
326505.811
 0.892
326505.811
 0.860
326505.811
 0.829
326505.811
 0.799
326505.811
 0.770
326505.811
 0.742
326505.811
 0.715
326505.811
 0.690
326505.811
 0.665
326505.811
 0.641
326505.814
 0.613
326505.820
 0.535
326505.839
 0.479
326505.863
 0.412
326505.889
 0.346
326505.915
 0.280
326505.943
 0.216
326505.971
 0.153
326506.000
 0.090
