3758.771
-1368.079
3758.771
-1369.807
3758.771
-1371.535
3758.771
-1373.264
3758.771
-1374.993
3758.771
-1376.723
3758.771
-1378.454
3758.771
-1380.186
3758.771
-1381.918
3758.771
-1383.651
3758.771
-1385.384
3758.771
-1387.118
3758.771
-1388.853
3758.771
-1390.589
3758.771
-1392.325
3758.771
-1394.062
3758.771
-1395.800
3758.771
-1397.538
3758.771
-1399.277
3726.856
-1381.319
3723.101
-1380.745
3720.812
-1381.075
3719.099
-1381.759
3717.693
-1382.633
3716.473
-1383.622
3715.379
-1384.689
3714.372
-1385.811
3713.429
-1386.971
3712.532
-1388.161
3711.669
-1389.373
3710.832
-1390.600
3710.014
-1391.839
3709.207
-1393.086
3708.409
-1394.339
3707.615
-1395.594
3706.821
-1396.850
3706.026
-1398.105
3705.225
-1399.357
3704.416
-1400.604
3703.598
-1401.846
3702.768
-1403.080
3701.923
-1404.306
3701.063
-1405.522
3700.185
-1406.728
3699.287
-1407.921
3698.368
-1409.100
3697.424
-1410.266
3696.456
-1411.415
3695.459
-1412.547
3694.433
-1413.660
3693.376
-1414.754
3692.284
-1415.827
3691.157
-1416.877
3689.992
-1417.903
3688.786
-1418.904
3687.537
-1419.878
3686.243
-1420.823
3684.900
-1421.737
3683.507
-1422.620
3682.060
-1423.468
3680.556
-1424.280
3678.992
-1425.054
3677.365
-1425.788
3675.672
-1426.479
3673.908
-1427.126
3672.070
-1427.725
3670.154
-1428.274
3668.155
-1428.771
3666.070
-1429.211
3663.894
-1429.594
3661.621
-1429.915
3659.248
-1430.170
3656.768
-1430.358
3654.176
-1430.473
3651.466
-1430.512
3648.632
-1430.472
3645.668
-1430.347
3642.567
-1430.134
3639.322
-1429.828
3635.925
-1429.425
3632.369
-1428.918
3628.645
-1428.303
3624.746
-1427.575
3620.662
-1426.728
3616.385
-1425.755
3611.904
-1424.651
3607.210
-1423.408
3602.293
-1422.022
3597.140
-1420.483
3591.742
-1418.786
3586.086
-1416.922
3580.160
-1414.884
3573.952
-1412.663
3567.449
-1410.252
3560.636
-1407.642
3553.501
-1404.824
3546.028
-1401.788
3538.204
-1398.526
3530.012
-1395.028
3521.438
-1391.284
3512.465
-1387.285
3503.078
-1383.021
3493.259
-1378.480
3482.993
-1373.654
3472.261
-1368.531
3461.048
-1363.102
3449.335
-1357.357
3437.106
-1351.284
3424.344
-1344.875
3411.032
-1338.119
3397.152
-1331.008
3382.688
-1323.531
3367.625
-1315.680
3351.947
-1307.447
3335.638
-1298.825
3318.686
-1289.806
3301.077
-1280.384
3282.798
-1270.553
3263.839
-1260.311
3244.190
-1249.652
3223.843
-1238.575
3202.791
-1227.079
3181.029
-1215.164
3158.554
-1202.832
3135.365
-1190.085
3111.464
-1176.928
3086.852
-1163.368
3061.536
-1149.411
3035.523
-1135.068
3008.824
-1120.349
2981.451
-1105.266
2953.419
-1089.834
2924.746
-1074.069
2895.452
-1057.987
2865.559
-1041.608
2835.092
-1024.952
2804.079
-1008.039
2772.548
-990.893
2740.531
-973.537
2708.061
-955.996
2675.172
-938.295
2641.902
-920.460
2608.287
-902.517
2574.367
-884.493
2540.181
-866.416
2505.769
-848.311
2471.172
-830.205
2436.430
-812.125
2401.584
-794.096
2366.675
-776.144
2331.743
-758.292
2296.826
-740.564
2261.964
-722.982
2227.192
-705.567
2192.548
-688.340
2158.066
-671.319
2123.779
-654.522
2089.718
-637.965
2055.914
-621.662
2022.394
-605.628
1989.185
-589.873
1956.311
-574.409
1923.795
-559.245
1891.657
-544.389
1859.916
-529.847
1828.589
-515.626
1797.691
-501.729
1767.237
-488.161
1737.236
-474.922
1707.701
-462.014
1678.638
-449.439
1650.055
-437.194
1621.958
-425.279
1594.352
-413.692
1567.238
-402.429
1540.618
-391.488
1514.495
-380.866
1488.866
-370.556
1463.731
-360.556
1439.088
-350.859
1414.933
-341.461
1391.264
-332.355
1368.076
-323.536
1345.363
-314.998
1323.120
-306.734
1301.343
-298.738
1280.023
-291.004
1259.155
-283.525
1238.731
-276.295
1218.744
-269.307
1199.188
-262.554
1180.053
-256.030
1161.332
-249.730
1143.018
-243.645
1125.102
-237.771
1107.576
-232.100
1090.433
-226.628
1073.663
-221.347
1057.260
-216.253
1041.214
-211.338
1025.518
-206.599
1010.164
-202.028
995.144
-197.622
980.450
-193.374
966.075
-189.280
952.010
-185.334
938.249
-181.532
924.784
-177.870
911.608
-174.342
898.714
-170.945
886.094
-167.673
873.743
-164.524
861.653
-161.492
849.818
-158.575
838.231
-155.768
826.886
-153.067
815.777
-150.470
804.898
-147.972
794.244
-145.571
783.808
-143.263
773.585
-141.046
763.569
-138.915
753.756
-136.869
744.140
-134.905
734.717
-133.020
725.480
-131.211
716.426
-129.476
707.550
-127.812
698.848
-126.217
690.314
-124.690
681.946
-123.227
673.738
-121.827
665.686
-120.487
657.788
-119.206
650.038
-117.982
642.433
-116.812
634.970
-115.696
627.646
-114.632
620.455
-113.617
613.396
-112.650
606.466
-111.730
599.660
-110.856
592.976
-110.025
586.411
-109.237
579.963
-108.490
573.627
-107.782
567.402
-107.113
561.285
-106.482
555.273
-105.887
549.365
-105.326
543.556
-104.800
537.846
-104.307
532.231
-103.846
526.710
-103.415
521.280
-103.015
515.939
-102.644
510.686
-102.301
505.517
-101.985
500.432
-101.696
495.428
-101.432
490.503
-101.193
485.656
-100.979
480.885
-100.788
476.188
-100.619
471.564
-100.473
467.010
-100.347
462.526
-100.243
413.835
-90.728
363.831
-81.498
324.456
-74.423
292.650
-68.881
266.424
-64.470
244.428
-60.916
225.714
-58.026
209.598
-55.661
195.572
-53.719
183.253
-52.122
172.345
-50.809
162.618
-49.734
153.887
-48.859
146.006
-48.154
138.854
-47.595
132.333
-47.161
126.361
-46.836
120.870
-46.606
115.803
-46.458
111.110
-46.383
106.751
-46.371
102.688
-46.417
98.893
-46.512
95.337
-46.651
91.997
-46.829
88.853
-47.043
85.887
-47.286
83.083
-47.558
80.427
-47.853
77.907
-48.169
75.510
-48.504
73.228
-48.856
71.052
-49.221
68.972
-49.599
66.983
-49.987
65.077
-50.384
63.249
-50.788
61.494
-51.198
59.806
-51.612
58.180
-52.030
56.614
-52.450
55.103
-52.871
53.645
-53.292
52.235
-53.713
50.871
-54.132
49.551
-54.549
48.272
-54.962
47.032
-55.372
45.829
-55.778
44.661
-56.179
43.527
-56.575
42.425
-56.965
41.354
-57.348
40.311
-57.725
39.297
-58.095
38.310
-58.458
37.348
-58.813
36.411
-59.160
35.498
-59.499
34.608
-59.830
33.740
-60.152
32.893
-60.466
32.068
-60.771
31.262
-61.068
30.476
-61.355
29.709
-61.633
28.960
-61.903
28.229
-62.163
27.516
-62.415
26.819
-62.658
26.139
-62.891
25.475
-63.116
24.826
-63.332
24.193
-63.540
23.575
-63.739
22.971
-63.929
22.381
-64.111
21.805
-64.284
21.243
-64.450
20.694
-64.607
20.158
-64.757
19.635
-64.898
19.124
-65.032
18.626
-65.159
18.139
-65.278
17.663
-65.391
17.200
-65.496
16.747
-65.594
16.305
-65.686
15.874
-65.772
15.453
-65.851
15.042
-65.924
14.642
-65.990
14.251
-66.052
13.870
-66.107
13.498
-66.157
13.135
-66.202
12.782
-66.241
12.437
-66.276
12.100
-66.305
11.772
-66.330
11.452
-66.351
11.141
-66.367
10.837
-66.379
10.541
-66.387
10.252
-66.391
 9.971
-66.391
 9.696
-66.387
 9.429
-66.380
 9.169
-66.369
 8.915
-66.355
 8.668
-66.338
 8.427
-66.318
 8.193
-66.296
 7.965
-66.270
 7.742
-66.241
 7.526
-66.210
 7.315
-66.177
 7.109
-66.141
 6.909
-66.103
 6.715
-66.063
 6.525
-66.020
 6.341
-65.976
 6.161
-65.930
 5.987
-65.882
 5.816
-65.832
 5.651
-65.781
 5.490
-65.728
 5.333
-65.673
 5.181
-65.617
 5.032
-65.560
 4.888
-65.501
 4.747
-65.441
 4.611
-65.380
 4.478
-65.318
 4.349
-65.254
 4.223
-65.190
 4.101
-65.125
 3.982
-65.059
 3.866
-64.992
 3.754
-64.924
 3.645
-64.855
 3.538
-64.786
 3.435
-64.724
 3.335
-64.660
 3.238
-64.594
 3.143
-64.528
 3.051
-64.460
 2.962
-64.392
 2.875
-64.322
 2.790
-64.251
 2.708
-64.179
 2.628
-64.107
 2.550
-64.034
 2.475
-63.960
 2.401
-63.885
 2.330
-63.810
 2.261
-63.734
 2.193
-63.658
 2.128
-63.581
 2.065
-63.503
 2.003
-63.425
 1.943
-63.347
 1.884
-63.268
 1.828
-63.189
 1.773
-63.110
 1.719
-63.030
 1.668
-62.950
 1.617
-62.870
 1.568
-62.790
 1.521
-62.710
 1.475
-62.629
 1.430
-62.548
 1.386
-62.467
 1.344
-62.386
 1.303
-62.305
 1.263
-62.224
 1.225
-62.143
 1.187
-62.061
 1.151
-61.980
 1.115
-61.899
 1.081
-61.817
 1.048
-61.736
 1.016
-61.655
 0.984
-61.574
 0.954
-61.492
 0.924
-61.411
 0.896
-61.330
 0.868
-61.249
 0.841
-61.168
 0.815
-61.087
 0.789
-61.007
 0.765
-60.926
 0.741
-60.845
 0.718
-60.765
 0.695
-60.685
 0.673
-60.604
 0.652
-60.524
 0.632
-60.444
 0.612
-60.365
 0.593
-60.285
 0.574
-60.205
 0.556
-60.126
 0.538
-60.047
 0.521
-59.968
 0.505
-59.889
 0.489
-59.810
 0.473
-59.731
 0.458
-59.653
 0.444
-59.575
 0.429
-59.497
 0.416
-59.419
 0.402
-59.341
 0.390
-59.263
 0.377
-59.186
 0.365
-59.109
 0.353
-59.032
 0.342
-58.955
 0.331
-58.878
 0.320
-58.802
 0.310
-58.725
 0.300
-58.649
 0.290
-58.573
 0.281
-58.498
 0.272
-58.422
 0.263
-58.347
 0.254
-58.271
 0.246
-58.196
 0.238
-58.121
 0.230
-58.047
 0.223
-57.972
 0.215
-57.898
 0.208
-57.824
 0.202
-57.750
 0.195
-57.676
 0.189
-57.603
 0.182
-57.529
 0.176
-57.456
 0.171
-57.383
 0.165
-57.310
 0.159
-57.238
 0.154
-57.165
 0.149
-57.093
 0.144
-57.021
 0.139
-56.949
 0.135
-56.877
 0.130
-56.806
 0.126
-56.734
 0.122
-56.663
 0.118
-56.592
 0.114
-56.521
 0.110
-56.451
 0.106
-56.380
 0.103
-56.310
 0.099
-56.240
 0.096
-56.170
 0.093
-56.100
 0.089
-56.031
 0.086
-55.961
 0.084
-55.892
 0.081
-55.823
 0.078
-55.754
 0.075
-55.685
 0.073
-55.617
 0.070
-55.549
 0.068
-55.480
 0.066
-55.412
 0.063
-55.345
 0.061
-55.277
 0.059
-55.209
 0.057
-55.142
 0.055
-55.075
 0.053
-55.008
 0.051
-54.941
 0.050
-54.874
 0.048
-54.808
 0.046
-54.742
 0.045
-54.676
 0.043
-54.610
 0.042
-54.544
 0.040
-54.478
 0.039
-54.413
 0.037
-54.347
 0.036
-54.282
 0.035
-54.217
 0.034
-54.152
 0.033
-54.088
 0.031
-54.023
 0.030
-53.959
 0.029
-53.894
 0.028
-53.830
 0.027
-53.767
 0.026
-53.703
 0.025
-53.639
 0.024
-53.576
 0.024
-53.513
 0.023
-53.449
 0.022
-53.386
 0.021
-53.324
 0.020
-53.261
 0.020
-53.198
 0.019
-53.136
 0.018
-53.074
 0.018
-53.012
 0.017
-52.950
 0.016
-52.888
 0.016
-52.827
 0.015
-52.765
 0.015
-52.704
 0.014
-52.643
 0.014
-52.582
 0.013
-52.521
 0.013
-52.460
 0.012
-52.399
 0.012
-53.432
 0.011
-51.644
 0.010
-48.308
 0.009
-46.054
 0.009
-47.849
 0.009
-49.681
 0.009
-51.511
 0.009
-53.340
 0.009
-55.167
 0.009
-56.991
 0.009
-58.814
 0.009
-60.635
 0.009
-62.453
 0.009
-64.269
 0.009
-66.083
 0.009
-67.895
 0.009
-69.704
 0.009
-71.510
 0.009
-73.314
 0.009
-75.115
 0.009
-76.914
 0.009
-78.709
 0.009
-80.446
 0.009
-81.518
 0.009
-81.556
 0.009
-80.807
 0.008
-79.596
 0.008
-78.078
 0.008
-76.320
 0.007
-74.382
 0.007
-72.323
 0.006
-70.191
 0.006
-68.023
 0.006
-65.844
 0.005
-63.674
 0.005
-61.527
 0.005
-59.415
 0.004
-57.346
 0.004
-55.327
 0.004
-53.360
 0.004
-51.449
 0.003
-49.595
 0.003
-47.800
 0.003
-46.062
 0.003
-44.382
 0.002
-42.760
 0.002
-41.193
 0.002
-39.681
 0.002
-38.223
 0.002
-36.817
 0.002
-35.461
 0.001
-34.154
 0.001
-32.894
 0.001
-31.681
 0.001
-30.511
 0.001
-29.385
 0.001
-28.300
 0.001
-27.254
 0.001
-26.247
 0.001
-25.277
 0.001
-24.343
 0.001
-23.443
 0.000
-22.577
 0.000
-21.742
 0.000
-20.938
 0.000
-20.164
 0.000
-19.419
 0.000
-18.701
 0.000
-18.009
 0.000
-17.344
 0.000
-16.702
 0.000
-16.085
 0.000
-15.490
 0.000
-14.917
 0.000
-14.366
 0.000
-13.835
 0.000
-13.323
 0.000
-12.830
 0.000
-12.356
 0.000
-11.899
 0.000
-11.459
 0.000
-11.036
 0.000
-10.628
 0.000
-10.235
 0.000
-9.856
 0.000
-9.492
 0.000
-9.141
 0.000
-8.803
 0.000
-8.477
 0.000
-8.164
 0.000
-7.862
 0.000
-7.571
 0.000
-7.291
 0.000
-7.022
 0.000
-6.762
 0.000
-6.512
 0.000
-6.271
 0.000
-6.039
 0.000
-5.816
 0.000
-5.601
 0.000
-5.394
 0.000
-5.195
 0.000
-5.003
 0.000
-4.818
 0.000
-4.639
 0.000
-4.468
 0.000
-4.303
 0.000
-4.144
 0.000
-3.990
 0.000
-3.843
 0.000
-3.701
 0.000
-3.564
 0.000
-3.432
 0.000
-3.305
 0.000
-3.183
 0.000
-3.065
 0.000
-2.952
 0.000
-2.843
 0.000
-2.738
 0.000
-2.637
 0.000
-2.539
 0.000
-2.445
 0.000
-2.355
 0.000
-2.268
 0.000
-2.184
 0.000
-2.103
 0.000
-2.025
 0.000
-1.950
 0.000
-1.878
 0.000
-1.809
 0.000
-1.742
 0.000
-1.678
 0.000
-1.616
 0.000
-1.556
 0.000
-1.498
 0.000
-1.443
 0.000
-1.390
 0.000
-1.338
 0.000
-1.289
 0.000
-1.241
 0.000
-1.195
 0.000
-1.151
 0.000
-1.108
 0.000
-1.067
 0.000
-1.028
 0.000
-0.990
 0.000
-0.953
 0.000
-0.918
 0.000
-0.884
 0.000
-0.851
 0.000
-0.820
 0.000
-0.790
 0.000
-0.760
 0.000
-0.732
 0.000
-0.705
 0.000
-0.679
 0.000
-0.654
 0.000
-0.630
 0.000
-0.607
 0.000
-0.584
 0.000
-0.563
 0.000
-0.542
 0.000
-0.522
 0.000
-0.502
 0.000
-0.484
 0.000
-0.466
 0.000
-0.449
 0.000
-0.432
 0.000
-0.416
 0.000
-0.401
 0.000
-0.386
 0.000
-0.372
 0.000
-0.358
 0.000
-0.345
 0.000
-0.332
 0.000
-0.320
 0.000
-0.308
 0.000
-0.296
 0.000
-0.286
 0.000
-0.275
 0.000
-0.265
 0.000
-0.255
 0.000
-0.246
 0.000
-0.237
 0.000
-0.228
 0.000
-0.219
 0.000
-0.211
 0.000
-0.203
 0.000
-0.196
 0.000
-0.189
 0.000
-0.182
 0.000
-0.175
 0.000
-0.168
 0.000
-0.162
 0.000
-0.156
 0.000
-0.150
 0.000
-0.145
 0.000
-0.140
 0.000
-0.134
 0.000
-0.129
 0.000
-0.125
 0.000
-0.120
 0.000
-0.116
 0.000
-0.111
 0.000
-0.107
 0.000
-0.103
 0.000
-0.099
 0.000
-0.096
 0.000
-0.092
 0.000
-0.089
 0.000
-0.086
 0.000
-0.082
 0.000
-0.079
 0.000
-0.076
 0.000
-0.074
 0.000
-0.071
 0.000
-0.068
 0.000
-0.066
 0.000
-0.063
 0.000
-0.061
 0.000
-0.059
 0.000
-0.057
 0.000
-0.054
 0.000
-0.052
 0.000
-0.050
 0.000
-0.049
 0.000
-0.047
 0.102
-0.173
 0.001
-0.103
 0.084
-0.133
 0.100
-0.129
 0.105
-0.128
 0.109
-0.126
 0.113
-0.125
 0.117
-0.123
 0.120
-0.121
