 0.352
 0.352
 0.352
 0.352
 0.353
 0.353
 0.353
 0.353
 0.353
 0.353
 0.353
 0.353
 0.353
 0.353
 0.354
 0.354
 0.354
 0.354
 0.354
 0.354
 0.354
 0.354
 0.354
 0.355
 7.001
 2.284
 1.410
 1.051
 0.860
 0.745
 0.668
 0.616
 0.578
 0.549
 0.528
 0.511
 0.499
 0.489
 0.481
 0.475
 0.470
 0.467
 0.464
 0.463
 0.462
 0.462
 0.462
 0.463
 0.465
 0.467
 0.470
 0.473
 0.476
 0.480
 0.484
 0.489
 0.495
 0.500
 0.507
 0.513
 0.521
 0.529
 0.537
 0.546
 0.555
 0.565
 0.576
 0.588
 0.600
 0.612
 0.626
 0.640
 0.655
 0.671
 0.688
 0.705
 0.724
 0.743
 0.763
 0.785
 0.807
 0.830
 0.855
 0.881
 0.908
 0.936
 0.965
 0.996
 1.028
 1.061
 1.096
 1.133
 1.170
 1.210
 1.251
 1.294
 1.339
 1.385
 1.433
 1.483
 1.535
 1.589
 1.646
 1.704
 1.764
 1.827
 1.892
 1.959
 2.029
 2.101
 2.175
 2.252
 2.332
 2.414
 2.499
 2.587
 2.677
 2.771
 2.866
 2.965
 3.067
 3.171
 3.278
 3.388
 3.501
 3.617
 3.735
 3.856
 3.980
 4.106
 4.235
 4.366
 4.499
 4.635
 4.773
 4.913
 5.054
 5.197
 5.342
 5.488
 5.635
 5.782
 5.930
 6.079
 6.228
 6.376
 6.524
 6.671
 6.817
 6.961
 7.104
 7.245
 7.383
 7.519
 7.652
 7.781
 7.906
 8.028
 8.145
 8.258
 8.365
 8.468
 8.565
 8.656
 8.742
 8.821
 8.894
 8.961
 9.021
 9.075
 9.121
 9.161
 9.194
 9.220
 9.239
 9.251
 9.257
 9.255
 9.247
 9.233
 9.212
 9.186
 9.153
 9.114
 9.070
 9.020
 8.965
 8.905
 8.841
 8.772
 8.699
 8.621
 8.541
 8.457
 8.369
 8.279
 8.186
 8.091
 7.993
 7.894
 7.793
 7.690
 7.586
 7.481
 7.375
 7.268
 7.161
 7.054
 6.946
 6.838
 6.731
 6.623
 6.516
 6.410
 6.304
 6.199
 6.094
 5.991
 5.888
 5.786
 5.686
 5.586
 5.488
 5.391
 5.296
 5.201
 5.108
 5.016
 4.926
 4.837
 4.750
 4.664
 4.579
 4.496
 4.414
 4.334
 4.255
 4.178
 4.102
 4.028
 3.954
 3.883
 3.813
 3.744
 3.676
 3.610
 3.545
 3.481
 3.419
 3.358
 3.298
 3.240
 3.182
 3.126
 3.071
 3.018
 2.965
 2.913
 2.863
 2.813
 2.765
 2.718
 2.671
 2.626
 2.581
 2.538
 2.495
 2.454
 2.413
 2.373
 2.334
 2.296
 2.258
 2.222
 2.186
 2.151
 2.116
 2.082
 2.050
 2.017
 1.986
 1.955
 1.924
 1.895
 1.866
 1.837
 1.809
 1.782
 1.755
 1.729
 1.704
 1.678
 1.654
 1.630
 1.606
 1.583
 1.560
 1.538
 1.516
 1.495
 1.474
 1.453
 1.433
 1.413
 1.394
 1.375
 1.356
 1.338
 1.320
 1.303
 1.286
 1.269
 1.252
 1.236
 1.220
 1.204
 1.189
 1.174
 1.159
 1.145
 1.130
 1.116
 1.103
 1.089
 1.076
 1.063
 1.050
 1.038
 1.025
 1.013
 1.001
 0.990
 0.978
 0.967
 0.956
 0.945
