6000.000
6000.300
6000.601
6000.902
6001.204
6001.507
6001.810
6002.113
6002.418
6002.722
6003.028
6003.334
6003.640
6003.947
6004.255
6004.563
6004.872
6005.181
6005.491
6005.802
6006.113
6006.425
6006.737
6007.050
5925.680
5907.176
5898.535
5892.707
5888.229
5884.541
5881.369
5878.558
5876.010
5873.661
5871.466
5869.391
5867.412
5865.509
5863.666
5861.872
5860.115
5858.386
5856.679
5854.987
5853.304
5851.625
5849.944
5848.259
5846.564
5844.857
5843.134
5841.391
5839.625
5837.834
5836.014
5834.162
5832.276
5830.353
5828.389
5826.382
5824.330
5822.229
5820.076
5817.868
5815.603
5813.277
5810.887
5808.430
5805.902
5803.301
5800.623
5797.863
5795.020
5792.088
5789.063
5785.943
5782.722
5779.396
5775.961
5772.412
5768.745
5764.954
5761.035
5756.981
5752.788
5748.451
5743.962
5739.316
5734.508
5729.529
5724.375
5719.037
5713.509
5707.783
5701.852
5695.707
5689.341
5682.746
5675.912
5668.831
5661.493
5653.890
5646.011
5637.847
5629.387
5620.620
5611.537
5602.125
5592.375
5582.273
5571.808
5560.968
5549.742
5538.115
5526.076
5513.612
5500.710
5487.355
5473.536
5459.238
5444.448
5429.152
5413.337
5396.988
5380.093
5362.638
5344.610
5325.994
5306.779
5286.952
5266.500
5245.411
5223.674
5201.279
5178.214
5154.469
5130.037
5104.908
5079.075
5052.532
5025.273
4997.294
4968.591
4939.163
4909.008
4878.127
4846.522
4814.196
4781.153
4747.401
4712.946
4677.798
4641.968
4605.468
4568.313
4530.517
4492.100
4453.079
4413.474
4373.308
4332.603
4291.385
4249.680
4207.514
4164.916
4121.915
4078.541
4034.826
3990.801
3946.499
3901.953
3857.196
3812.261
3767.182
3721.994
3676.729
3631.420
3586.102
3540.805
3495.563
3450.407
3405.367
3360.473
3315.754
3271.238
3226.952
3182.921
3139.171
3095.724
3052.603
3009.830
2967.423
2925.402
2883.783
2842.584
2801.819
2761.501
2721.642
2682.255
2643.349
2604.934
2567.016
2529.603
2492.700
2456.313
2420.446
2385.100
2350.279
2315.984
2282.215
2248.972
2216.255
2184.061
2152.390
2121.237
2090.601
2060.478
2030.863
2001.752
1973.141
1945.024
1917.397
1890.252
1863.585
1837.390
1811.659
1786.387
1761.567
1737.192
1713.256
1689.751
1666.671
1644.008
1621.756
1599.908
1578.456
1557.393
1536.713
1516.409
1496.472
1476.898
1457.678
1438.806
1420.275
1402.079
1384.211
1366.664
1349.433
1332.510
1315.890
1299.567
1283.534
1267.785
1252.315
1237.118
1222.188
1207.520
1193.109
1178.949
1165.034
1151.360
1137.922
1124.715
1111.734
1098.974
1086.430
1074.099
1061.976
1050.056
1038.335
1026.809
1015.475
1004.327
993.362
982.577
971.968
961.530
951.262
941.158
931.216
921.432
911.803
902.327
892.999
883.818
874.779
865.880
857.119
848.493
839.998
831.633
823.394
815.280
807.287
799.414
791.658
784.017
776.489
769.071
761.761
754.558
747.459
740.462
733.566
726.768
720.067
713.461
706.948
700.526
694.194
687.950
681.792
675.720
669.731
663.823
657.997
652.249
646.578
640.984
635.465
630.020
624.647
619.344
614.112
608.949
603.853
598.823
593.858
588.958
584.121
579.346
574.631
569.977
565.382
560.845
556.365
