 0.000
125000.000
2954.423
124478.624
5908.847
123956.384
8863.270
123433.281
11817.693
122909.312
14772.117
122384.480
17726.540
121858.782
20680.963
121332.220
23635.387
120804.792
26589.810
120276.498
29544.233
119747.339
32498.657
119217.313
35453.080
118686.421
38407.503
118154.662
41361.927
117622.037
44316.350
117088.544
47270.773
116554.184
50225.197
116018.956
53179.620
115482.860
56134.043
114945.896
59088.467
114408.063
62042.890
113869.362
64997.313
113329.791
67951.737
112789.352
70891.361
112252.303
73800.981
111723.015
76704.541
111194.597
79604.554
110666.328
82501.960
110137.937
85397.258
109609.282
88290.758
109080.274
91182.666
108550.854
94073.131
108020.977
96962.265
107490.613
99850.152
106959.738
102736.857
106428.332
105622.431
105896.380
108506.917
105363.871
111390.346
104830.795
114272.745
104297.145
117154.133
103762.915
120034.527
103228.100
122913.939
102692.697
125792.377
102156.703
128669.846
101620.117
131546.350
101082.937
134421.888
100545.165
137296.460
100006.799
140170.061
99467.842
143042.686
98928.295
145914.328
98388.160
148784.978
97847.440
151654.627
97306.137
154523.261
96764.255
157390.867
96221.799
160257.432
95678.772
163122.938
95135.179
165987.369
94591.025
168850.705
94046.317
171712.926
93501.059
174574.011
92955.260
177433.937
92408.924
180292.679
91862.060
183150.211
91314.675
186006.507
90766.778
188861.537
90218.377
191715.272
89669.481
194567.680
89120.100
197418.727
88570.243
200268.378
88019.922
203116.598
87469.146
205963.348
86917.929
208808.588
86366.281
211652.276
85814.216
214494.368
85261.746
217334.820
84708.886
220173.584
84155.650
223010.610
83602.052
225845.846
83048.109
228679.240
82493.837
231510.734
81939.253
234340.271
81384.376
237167.790
80829.222
239993.227
80273.812
242816.517
79718.167
245637.592
79162.306
248456.379
78606.252
251272.806
78050.027
254086.794
77493.656
256898.264
76937.162
259707.133
76380.572
262513.315
75823.912
265316.718
75267.209
268117.251
74710.493
270914.816
74153.793
273709.313
73597.140
276500.636
73040.567
279288.679
72484.107
282073.327
71927.795
284854.466
71371.667
287631.973
70815.760
290405.723
70260.114
293175.586
69704.768
295941.427
69149.764
298703.108
68595.146
301460.483
68040.958
304213.402
67487.247
306961.711
66934.060
309705.249
66381.448
312443.851
65829.462
315177.345
65278.155
317905.554
64727.581
320628.296
64177.799
323345.381
63628.865
326056.615
63080.841
328761.796
62533.789
331460.717
61987.774
334153.164
61442.860
336838.917
60899.118
339517.751
60356.616
342189.431
59815.426
344853.719
59275.624
347510.367
58737.284
350159.124
58200.485
352799.731
57665.307
355431.920
57131.831
358055.421
56600.142
360669.955
56070.324
363275.237
55542.467
365870.975
55016.658
368456.873
54492.988
371032.627
53971.551
373597.930
53452.441
376152.466
52935.753
378695.917
52421.584
381227.958
51910.032
383748.261
51401.198
386256.493
50895.181
388752.317
50392.083
391235.393
49892.006
393705.377
49395.053
396161.925
48901.327
398604.688
48410.931
401033.317
47923.969
403447.464
47440.543
405846.777
46960.757
408230.907
46484.713
410599.506
46012.512
412952.228
45544.254
415288.727
45080.039
417608.663
44619.964
419911.698
44164.125
422197.502
43712.615
424465.746
43265.526
426716.110
42822.947
428948.280
42384.964
431161.951
41951.661
433356.825
41523.116
435532.615
41099.408
437689.042
40680.608
439825.840
40266.786
441942.751
39858.006
444039.532
39454.330
446115.952
39055.813
448171.793
38662.507
450206.851
38274.460
452220.934
37891.713
454213.868
37514.303
456185.493
37142.264
458135.663
36775.621
460064.248
36414.398
461971.136
36058.610
463856.228
35708.270
465719.443
35363.384
467560.716
35023.954
469379.998
34689.976
471177.255
34361.442
472952.471
34038.338
474705.645
33720.647
476436.789
33408.345
478145.935
33101.406
479833.127
32799.796
481498.423
32503.482
483141.898
32212.422
484763.638
31926.573
486363.743
31645.887
487942.327
31370.313
489499.516
31099.798
491035.446
30834.284
492550.265
30573.710
494044.134
30318.013
495517.219
30067.130
496969.701
29820.991
498401.766
29579.527
499813.609
29342.667
501205.434
29110.337
502577.450
28882.463
503929.875
28658.969
505262.929
28439.779
506576.841
28224.813
507871.843
28013.994
509148.172
27807.243
510406.069
27604.479
511645.776
27405.623
512867.539
27210.595
514071.609
27019.315
515258.234
26831.703
516427.666
26647.680
517580.158
26467.165
518715.964
26290.081
519835.337
26116.348
520938.530
25945.889
522025.797
25778.628
523097.390
25614.488
524153.560
25453.394
525194.558
25295.270
526220.632
25140.045
527232.028
24987.645
528228.992
24838.000
529211.768
24691.038
530180.594
24546.690
531135.711
24404.889
532077.352
24265.569
533005.751
24128.662
533921.139
23994.105
534823.742
23861.834
535713.784
23731.788
536591.486
23603.906
537457.067
23478.129
538310.741
23354.397
539152.719
23232.655
539983.209
23112.846
540802.417
22994.915
541610.543
22878.810
542407.786
22764.478
543194.341
22651.869
543970.398
22540.931
544736.146
22431.618
545491.769
22323.881
546237.448
22217.674
546973.362
22112.952
547699.685
22009.670
548416.588
21907.786
549124.239
21807.257
549822.804
21708.043
550512.443
21610.104
551193.316
21513.400
551865.577
21417.895
552529.379
21323.550
553184.871
21230.329
553832.200
21138.198
554471.508
21047.123
555102.937
20957.069
555726.623
20868.004
556342.702
20779.898
556951.305
20692.718
557552.562
20606.435
558146.599
20521.020
558733.541
20436.443
559313.508
20352.678
559886.621
20269.697
560452.994
20187.474
561012.743
20105.983
561565.979
20025.199
562112.811
19945.098
562653.347
19865.656
563187.691
19786.850
563715.945
19708.658
564238.211
19631.058
564754.587
19554.028
565265.169
19477.548
565770.051
19401.597
566269.326
19326.156
566763.085
19251.206
567251.416
19176.727
567734.405
19102.703
568212.138
19029.115
568684.698
18955.945
569152.166
18883.178
569614.623
18810.796
570072.146
18738.784
570524.812
18667.127
570972.695
18595.808
571415.870
18524.815
571854.409
18454.131
572288.381
18383.744
572717.856
18313.639
573142.901
18243.804
573563.583
18174.225
573979.967
18104.891
574392.117
18035.788
574800.094
17966.905
575203.960
17898.230
575603.775
17829.752
575999.597
17761.460
576391.485
17693.343
576779.494
17625.391
577163.679
17557.594
577544.096
17489.941
577920.797
17422.423
578293.833
17355.031
578663.258
17287.755
579029.119
17220.587
579391.467
17153.517
579750.350
17086.538
580105.815
17019.642
580457.908
16952.819
580806.675
16886.062
581152.160
16819.364
581494.408
16752.717
581833.460
16686.115
582169.360
16619.549
582502.149
16553.013
582831.866
16486.501
583158.552
16420.006
583482.247
16353.521
583802.988
16287.041
584120.812
16220.559
584435.758
16154.070
584747.861
16087.567
585057.156
16021.046
585363.680
15954.501
585667.465
15887.927
585968.546
15821.319
586266.956
15754.671
586562.728
15687.979
586855.893
15621.238
587146.483
15554.444
587434.528
15487.592
587720.060
15420.678
588003.106
15353.698
588283.698
15286.647
588561.863
15219.522
588837.630
15152.318
589111.026
15085.033
589382.079
15017.662
589650.816
14950.202
589917.262
14882.650
590181.444
14815.002
590443.387
14747.254
590703.116
14679.405
590960.656
14611.450
591216.031
14543.387
591469.265
14475.213
591720.381
14406.925
591969.402
14338.521
592216.350
14269.998
592461.248
14201.353
592704.118
14132.585
592944.982
14063.690
593183.860
13994.667
593420.773
13925.513
593655.742
13856.226
593888.787
13786.804
594119.928
13717.246
594349.184
13647.549
594576.574
13577.711
594802.118
13507.731
595025.322
13437.775
595230.473
13372.706
595413.969
13313.633
595579.848
13259.354
595731.120
13208.973
595870.084
13161.807
595998.536
13117.323
596117.908
13075.094
596229.355
13034.778
596333.826
12996.092
596432.109
12958.804
596524.864
12922.718
596612.651
12887.668
596695.948
12853.512
596775.165
12820.131
596850.661
12787.418
596922.746
12755.282
596991.692
12723.644
597057.742
12692.433
597121.108
12661.588
597181.981
12631.053
597240.529
12600.779
597296.907
12570.724
597351.250
12540.849
597403.684
12511.118
597454.321
12481.500
597503.262
12451.968
597550.602
12422.495
597596.426
12393.060
597640.812
12363.641
597683.831
12334.221
597725.551
12304.782
597766.031
12275.309
597805.329
12245.789
597843.496
12216.210
597880.581
12186.561
597916.630
12156.832
597951.684
12127.014
597985.783
12097.100
598018.963
12067.083
598051.258
12036.956
598082.701
12006.714
598113.323
11976.354
598143.151
11945.870
598172.212
11915.260
598200.532
11884.520
598228.135
11853.649
598255.043
11822.645
598281.278
11791.506
598306.860
11760.231
598331.808
11728.821
598356.142
11697.275
598379.878
11665.592
598403.033
11633.774
598425.624
11601.821
598447.665
11569.735
598469.171
11537.516
598490.157
11505.167
598510.636
11472.688
598530.620
11440.082
598550.123
11407.351
598569.157
11374.497
598587.732
11341.522
598605.861
11308.429
598623.554
11275.221
598640.822
11241.900
598657.674
11208.469
598674.122
11174.931
598690.173
11141.289
598705.838
11107.546
598721.126
11073.706
598736.044
11039.770
598750.603
11005.742
598764.810
10971.626
598778.672
10937.425
598792.199
10903.141
598805.397
10868.779
598818.275
10834.341
598830.839
10799.830
598843.097
10765.250
598855.055
10730.603
598866.720
10695.894
598878.099
10661.124
598889.199
10626.298
598900.026
10591.418
598910.585
10556.486
598920.884
10521.507
598930.928
10486.483
598940.722
10451.417
598950.273
10416.312
598959.586
10381.170
598968.667
10345.994
598977.520
10310.787
598986.151
10275.552
598994.566
10240.290
599002.769
10205.006
599010.764
10169.700
599018.558
10134.376
599026.154
10099.036
599033.558
10063.681
599040.773
10028.315
599047.804
9992.940
599054.656
9957.557
599061.332
9922.168
599067.837
9886.777
599074.175
9851.383
599080.350
9815.991
599086.365
9780.600
599092.225
9745.214
599097.933
9709.833
599103.493
9674.459
599108.908
9639.095
599114.182
9603.741
599119.319
9568.400
599124.321
9533.071
599129.192
9497.758
599133.935
9462.461
599138.553
9427.181
599143.050
9391.921
599147.428
9356.680
599151.690
9321.461
599155.839
9286.264
599159.878
9251.090
599163.810
9215.941
599167.636
9180.817
599171.361
9145.720
599174.986
9110.650
599178.514
9075.609
599181.948
9040.596
599185.289
9005.614
599188.540
8970.662
599191.704
8935.742
599194.782
8900.853
599197.777
8865.998
599200.691
8831.176
599203.525
8796.388
599206.283
8761.635
599208.965
8726.918
599211.575
8692.236
599214.113
8657.590
599216.582
8622.981
599218.983
8588.410
599221.318
8553.876
599223.589
8519.381
599225.797
8484.924
599227.945
8450.506
599230.033
8416.127
599232.064
8381.788
599234.038
8347.488
599235.958
8313.229
599237.824
8279.011
599239.639
8244.833
599241.402
8210.697
599243.117
8176.601
599244.784
8142.548
599246.404
8108.536
599247.979
8074.565
599249.509
8040.637
599250.997
8006.751
599252.443
7972.908
599253.848
7939.107
599255.213
7905.348
599256.540
7871.633
599257.829
7837.960
599259.082
7804.330
599260.299
7770.743
599261.482
7737.200
599262.631
7703.700
599263.747
7670.242
599264.832
7636.829
599265.885
7603.458
599266.909
7570.131
599267.903
7536.848
599268.868
7503.608
599269.806
7470.411
599270.717
7437.258
599271.601
7404.148
599272.461
7371.082
599273.295
7338.059
599274.105
7305.080
599274.892
7272.144
599275.656
7239.252
599276.398
7206.403
599277.118
7173.597
599277.817
7140.835
599278.496
7108.116
599279.156
7075.440
599279.796
7042.808
599280.417
7010.219
599281.020
6977.672
599281.605
6945.164
599282.174
6912.697
599282.725
6880.269
599283.261
6847.882
599283.780
6815.535
599284.285
6783.229
599284.774
6750.963
599285.250
6718.739
599285.711
6686.557
599286.158
6654.415
599286.592
6622.316
599287.014
6590.258
599287.423
6558.242
599287.819
6526.268
599288.204
6494.336
599288.577
6462.447
599288.939
6430.599
599289.291
6398.794
599289.632
6367.031
599289.962
6335.310
599290.283
6303.632
599290.594
6271.996
599290.895
6240.402
599291.188
6208.851
599291.472
6177.343
599291.747
6145.876
599292.013
6114.452
599292.272
6083.071
599292.523
6051.732
599292.766
6020.435
599293.002
5989.180
599293.231
5957.968
599293.452
5926.797
599293.667
5895.669
599293.875
5864.583
599294.077
5833.539
599294.273
5802.537
599294.462
5771.577
599294.646
5740.659
599294.824
5709.782
599294.997
5678.947
599295.164
5648.154
599295.327
5617.403
599295.484
5586.692
599295.636
5556.024
599295.784
5525.396
599295.927
5494.810
599296.065
5464.265
599296.199
5433.761
599296.329
5403.298
599296.455
5372.875
599296.577
5342.494
599296.695
5312.153
599296.810
5281.853
599296.921
5251.594
599297.028
5221.375
599297.132
5191.196
599297.233
5161.057
599297.330
5130.959
599297.425
5100.900
599297.516
5070.882
599297.605
5040.903
599297.691
5010.965
599297.774
4981.065
599297.854
4951.206
599297.932
4921.386
599298.007
4891.605
599298.080
4861.863
599298.151
4832.161
599298.219
4802.498
599298.286
4772.874
599298.350
4743.288
599298.412
4713.741
599298.472
4684.233
599298.530
4654.764
599298.586
4625.333
599298.640
4595.940
599298.693
4566.586
599298.744
4537.270
599298.793
4507.992
599298.841
4478.752
599298.887
4449.550
599298.932
4420.385
599298.975
4391.258
599299.017
4362.169
599299.057
4333.118
599299.096
4304.103
599299.134
4275.126
599299.171
4246.187
599299.206
4217.284
599299.241
4188.418
599299.274
4159.590
599299.306
4130.798
599299.337
4102.042
599299.367
4073.324
599299.396
4044.642
599299.424
4015.996
599299.451
3987.387
599299.477
3958.814
599299.502
3930.277
599299.527
3901.776
599299.550
3873.311
599299.573
3844.882
599299.595
3816.488
599299.617
3788.131
599299.637
3759.809
599299.657
3731.522
599299.677
3703.271
599299.695
3675.055
599299.713
3646.875
599299.731
3618.729
599299.748
3590.619
599299.764
3562.543
599299.780
3534.503
599299.795
3506.497
599299.809
3478.526
599299.824
3450.589
599299.837
3422.687
599299.851
3394.820
599299.863
3366.986
599299.876
3339.187
599299.888
3311.422
599299.899
3283.692
599299.910
3255.995
599299.921
3228.332
599299.932
3200.703
599299.942
3173.107
599299.951
3145.545
599299.961
3118.017
599299.970
3090.523
599299.978
3063.061
599299.987
3035.633
599299.995
3008.238
599300.003
2980.877
599300.010
2953.548
599300.018
2926.252
599300.025
2898.990
599300.032
2871.760
599300.038
2844.562
599300.045
2817.398
599300.051
2790.266
599300.057
2763.166
599300.062
2736.099
599300.068
2709.064
599300.073
2682.062
599300.078
2655.091
599300.083
2628.153
599300.088
2601.247
599300.093
2574.372
599300.097
2547.530
599300.102
2520.719
599300.106
2493.940
599300.110
2467.193
599300.114
2440.477
599300.117
2413.792
599300.121
2387.139
599300.124
2360.517
599300.128
2333.927
599300.131
2307.368
599300.134
2280.839
599300.137
2254.342
599300.140
2227.876
599300.143
2201.440
599300.146
2175.035
599300.148
2148.661
599300.151
2122.318
599300.153
2096.005
599300.155
2069.723
599300.158
2043.471
599300.160
2017.250
599300.162
1991.006
599300.164
1964.392
599300.166
1939.111
599300.168
1915.486
599300.169
1892.228
599300.171
1868.068
599300.172
1842.993
599300.174
1817.002
599300.176
1790.098
599300.177
1762.280
599300.179
1733.550
599300.180
1703.909
599300.182
1673.358
599300.183
1641.898
599300.185
1609.530
599300.187
1576.256
599300.188
1542.076
599300.190
1506.992
599300.191
1471.005
599300.193
1434.117
599300.195
1396.328
599300.196
1357.641
599300.198
1318.057
599300.199
1277.668
599300.201
1236.880
599300.202
1196.188
599300.204
1155.937
599300.205
1116.333
599300.207
1077.522
599300.208
1039.614
599300.209
1002.694
599300.210
966.813
599300.211
932.003
599300.212
898.280
599300.213
865.645
599300.214
834.092
599300.215
803.609
599300.216
774.176
599300.217
745.771
599300.217
718.369
599300.218
691.943
599300.219
666.465
599300.219
641.906
599300.220
618.238
599300.220
595.430
599300.221
573.454
599300.221
552.283
599300.221
531.887
599300.222
512.241
599300.222
493.316
599300.222
475.088
599300.223
457.532
599300.223
440.622
599300.223
424.336
599300.223
408.652
599300.224
393.546
599300.224
378.998
599300.224
364.987
599300.224
351.494
599300.224
338.499
599300.224
325.985
599300.224
313.933
599300.224
302.327
599300.224
291.150
599300.225
280.386
599300.225
270.019
599300.225
260.036
599300.225
250.423
599300.225
241.164
599300.225
232.248
599300.225
223.662
599300.225
215.393
599300.225
207.429
599300.225
199.760
599300.225
192.375
599300.225
185.263
599300.225
178.414
599300.225
171.818
599300.225
165.466
599300.225
159.348
599300.225
153.457
599300.225
147.784
599300.225
142.321
599300.225
137.059
599300.225
131.992
599300.225
127.113
599300.225
122.413
599300.225
117.888
599300.225
113.530
599300.225
109.333
599300.225
105.291
599300.225
101.399
599300.225
97.650
599300.225
94.041
599300.225
90.564
599300.225
87.216
599300.225
83.992
599300.225
80.888
599300.225
77.898
599300.225
75.018
599300.225
72.245
599300.225
69.575
599300.225
67.003
599300.225
64.526
599300.225
62.141
599300.225
59.844
599300.225
57.632
599300.225
55.502
599300.225
53.451
599300.225
51.475
599300.225
49.573
599300.225
47.740
599300.225
45.976
599300.225
44.277
599300.225
42.640
599300.225
41.065
599300.225
39.547
599300.225
38.085
599300.225
36.678
599300.225
35.323
599300.225
34.017
599300.225
32.760
599300.225
31.550
599300.225
30.384
599300.225
29.261
599300.225
28.180
599300.225
27.139
599300.225
26.136
599300.225
25.170
599300.225
24.240
599300.225
23.345
599300.225
22.483
599300.225
21.652
599300.225
20.852
599300.225
20.082
599300.225
19.340
599300.225
18.626
599300.225
17.938
599300.225
17.275
599300.225
16.637
599300.225
16.023
599300.225
15.431
599300.225
14.861
599300.225
14.313
599300.225
13.784
599300.225
13.275
599300.225
12.785
599300.225
12.313
599300.225
11.858
599300.225
11.421
599300.225
10.999
599300.225
10.593
599300.225
10.202
599300.225
 9.826
599300.225
 9.463
599300.225
 9.114
599300.225
 8.778
599300.225
 8.454
599300.225
 8.142
599300.225
 7.842
599300.225
 7.553
599300.225
 7.274
599300.225
 7.006
599300.225
 6.748
599300.225
 6.499
599300.225
 6.259
599300.225
 6.029
599300.225
 5.806
599300.225
 5.592
599300.225
 5.386
599300.225
 5.188
599300.225
 4.997
599300.225
 4.813
599300.225
 4.636
599300.225
 4.465
599300.225
 4.301
599300.225
 4.142
599300.225
 3.990
599300.225
 3.843
599300.225
 3.702
599300.225
 3.566
599300.225
 3.435
599300.225
 3.308
599300.225
 3.187
599300.225
 3.070
599300.225
 2.957
599300.225
 2.848
599300.225
 2.744
599300.225
 2.643
599300.225
 2.546
599300.225
 2.453
599300.225
 2.363
599300.225
 2.276
599300.225
 2.193
599300.225
 2.112
599300.225
 2.035
599300.225
 1.960
599300.225
 1.889
599300.225
 1.820
599300.225
 1.753
599300.225
 1.689
599300.225
 1.627
599300.225
 1.568
599300.225
 1.511
599300.225
 1.456
599300.225
 1.402
599300.225
 1.351
599300.225
 1.302
599300.225
 1.255
599300.225
 1.209
599300.225
 1.165
599300.225
 1.123
599300.225
 1.082
599300.225
 1.043
599300.225
 1.005
599300.225
 0.968
599300.225
 0.933
599300.225
 0.900
599300.225
 0.867
599300.225
 0.836
599300.225
 0.806
599300.225
 0.777
599300.225
 0.749
599300.225
 0.722
599300.225
 0.696
599300.225
 0.671
599300.225
 0.647
599300.225
 0.624
599300.236
 0.545
599300.245
 0.488
599300.248
 0.432
599300.258
 0.369
599300.274
 0.306
599300.301
 0.239
599300.329
 0.175
599300.357
 0.112
599300.386
 0.050
