5908.847
-1041.888
5908.847
-1043.616
5908.847
-1045.343
5908.847
-1047.072
5908.847
-1048.801
5908.847
-1050.530
5908.847
-1052.260
5908.847
-1053.991
5908.847
-1055.721
5908.847
-1057.453
5908.847
-1059.185
5908.847
-1060.918
5908.847
-1062.651
5908.847
-1064.384
5908.847
-1066.118
5908.847
-1067.853
5908.847
-1069.588
5908.847
-1071.324
5908.847
-1073.060
5908.847
-1074.797
5908.847
-1076.534
5908.847
-1078.272
5908.847
-1080.010
5908.847
-1081.749
5829.959
-1060.784
5811.784
-1057.305
5803.136
-1056.562
5797.206
-1056.599
5792.579
-1057.009
5788.715
-1057.639
5785.350
-1058.412
5782.332
-1059.285
5779.568
-1060.231
5776.996
-1061.232
5774.572
-1062.276
5772.264
-1063.353
5770.048
-1064.457
5767.905
-1065.582
5765.820
-1066.724
5763.781
-1067.879
5761.778
-1069.044
5759.803
-1070.217
5757.847
-1071.397
5755.906
-1072.580
5753.972
-1073.765
5752.042
-1074.952
5750.111
-1076.138
5748.174
-1077.323
5746.228
-1078.505
5744.270
-1079.683
5742.296
-1080.856
5740.302
-1082.024
5738.286
-1083.186
5736.245
-1084.340
5734.176
-1085.485
5732.077
-1086.622
5729.943
-1087.748
5727.773
-1088.864
5725.564
-1089.968
5723.314
-1091.060
5721.019
-1092.138
5718.676
-1093.202
5716.283
-1094.251
5713.837
-1095.285
5711.336
-1096.301
5708.775
-1097.300
5706.153
-1098.281
5703.466
-1099.241
5700.711
-1100.182
5697.884
-1101.100
5694.982
-1101.997
5692.003
-1102.869
5688.942
-1103.717
5685.796
-1104.540
5682.560
-1105.335
5679.232
-1106.102
5675.806
-1106.839
5672.280
-1107.546
5668.648
-1108.220
5664.907
-1108.861
5661.051
-1109.468
5657.076
-1110.038
5652.978
-1110.570
5648.750
-1111.062
5644.388
-1111.514
5639.886
-1111.922
5635.239
-1112.286
5630.441
-1112.604
5625.486
-1112.873
5620.368
-1113.093
5615.080
-1113.260
5609.615
-1113.372
5603.968
-1113.429
5598.131
-1113.426
5592.096
-1113.363
5585.856
-1113.237
5579.403
-1113.044
5572.729
-1112.784
5565.827
-1112.452
5558.686
-1112.047
5551.300
-1111.566
5543.657
-1111.006
5535.751
-1110.364
5527.569
-1109.637
5519.104
-1108.821
5510.345
-1107.915
5501.281
-1106.914
5491.901
-1105.815
5482.196
-1104.616
5472.154
-1103.312
5461.764
-1101.899
5451.013
-1100.375
5439.891
-1098.736
5428.385
-1096.978
5416.482
-1095.097
5404.172
-1093.089
5391.441
-1090.951
5378.275
-1088.679
5364.664
-1086.268
5350.592
-1083.716
5336.049
-1081.017
5321.019
-1078.168
5305.491
-1075.165
5289.451
-1072.004
5272.886
-1068.682
5255.783
-1065.193
5238.129
-1061.535
5219.911
-1057.704
5201.118
-1053.697
5181.736
-1049.509
5161.754
-1045.137
5141.161
-1040.579
5119.944
-1035.831
5098.094
-1030.890
5075.601
-1025.753
5052.455
-1020.419
5028.647
-1014.885
5004.169
-1009.149
4979.013
-1003.209
4953.175
-997.064
4926.647
-990.714
4899.427
-984.157
4871.509
-977.393
4842.893
-970.422
4813.576
-963.246
4783.560
-955.864
4752.845
-948.279
4721.436
-940.492
4689.335
-932.505
4656.548
-924.322
4623.083
-915.946
4588.949
-907.380
4554.155
-898.629
4518.714
-889.697
4482.638
-880.590
4445.942
-871.314
4408.643
-861.874
4370.759
-852.278
4332.308
-842.532
4293.312
-832.644
4253.792
-822.623
4213.772
-812.475
4173.276
-802.211
4132.332
-791.839
4090.964
-781.368
4049.202
-770.808
4007.074
-760.168
3964.610
-749.459
3921.840
-738.690
3878.796
-727.873
3835.508
-717.016
3792.010
-706.131
3748.332
-695.227
3704.507
-684.316
3660.568
-673.406
3616.547
-662.508
3572.476
-651.632
3528.387
-640.788
3484.311
-629.985
3440.278
-619.232
3396.320
-608.538
3352.466
-597.911
3308.744
-587.361
3265.183
-576.894
3221.810
-566.519
3178.650
-556.242
3135.729
-546.070
3093.071
-536.010
3050.698
-526.068
3008.633
-516.249
2966.896
-506.558
2925.507
-497.000
2884.483
-487.579
2843.842
-478.300
2803.599
-469.165
2763.770
-460.178
2724.367
-451.342
2685.403
-442.659
2646.890
-434.130
2608.836
-425.758
2571.252
-417.544
2534.145
-409.489
2497.522
-401.593
2461.388
-393.857
2425.750
-386.281
2390.610
-378.865
2355.973
-371.609
2321.840
-364.512
2288.214
-357.573
2255.094
-350.791
2222.482
-344.165
2190.376
-337.694
2158.776
-331.376
2127.679
-325.210
2097.085
-319.193
2066.988
-313.324
2037.388
-307.601
2008.280
-302.022
1979.659
-296.585
1951.522
-291.286
1923.864
-286.126
1896.680
-281.100
1869.964
-276.206
1843.711
-271.442
1817.915
-266.807
1792.571
-262.296
1767.671
-257.908
1743.211
-253.640
1719.183
-249.490
1695.582
-245.455
1672.400
-241.533
1649.630
-237.722
1627.267
-234.018
1605.304
-230.420
1583.733
-226.925
1562.548
-223.530
1541.743
-220.235
1521.310
-217.035
1501.243
-213.929
1481.535
-210.914
1462.179
-207.989
1443.169
-205.152
1424.499
-202.399
1406.162
-199.729
1388.151
-197.140
1370.460
-194.630
1353.082
-192.197
1336.013
-189.839
1319.245
-187.554
1302.773
-185.340
1286.590
-183.195
1270.691
-181.118
1255.069
-179.107
1239.720
-177.161
1224.638
-175.276
1209.817
-173.453
1195.252
-171.689
1180.938
-169.983
1166.869
-168.333
1153.041
-166.737
1139.448
-165.196
1126.085
-163.706
1112.948
-162.267
1100.032
-160.877
1087.332
-159.535
1074.845
-158.240
1062.564
-156.990
1050.487
-155.785
1038.609
-154.623
1026.926
-153.503
1015.433
-152.424
1004.127
-151.385
993.004
-150.385
982.060
-149.422
971.291
-148.497
960.694
-147.607
950.266
-146.752
940.001
-145.931
929.899
-145.144
919.954
-144.388
910.163
-143.664
900.525
-142.971
891.034
-142.307
881.690
-141.673
872.487
-141.066
863.424
-140.487
854.498
-139.935
845.706
-139.410
837.045
-138.909
828.512
-138.434
820.106
-137.982
811.823
-137.554
803.661
-137.149
795.618
-136.766
787.691
-136.405
779.878
-136.065
772.176
-135.746
764.584
-135.447
757.100
-135.167
749.720
-134.907
742.444
-134.665
735.269
-134.441
728.193
-134.235
721.215
-134.046
714.332
-133.873
707.543
-133.717
700.845
-133.577
694.238
-133.452
687.718
-133.342
681.286
-133.247
674.938
-133.166
668.675
-133.099
662.492
-133.046
656.391
-133.005
650.368
-132.978
644.422
-132.963
638.553
-132.960
632.758
-132.969
627.036
-132.990
621.387
-133.021
615.807
-133.064
610.297
-133.117
604.856
-133.181
599.481
-133.255
594.171
-133.338
588.926
-133.431
583.744
-133.533
578.625
-133.645
573.567
-133.765
568.568
-133.893
563.629
-134.030
558.747
-134.175
553.923
-134.327
549.154
-134.487
544.440
-134.655
539.781
-134.830
