 0.352
 0.352
 0.352
 0.353
 0.353
 0.353
 0.353
 0.353
 0.353
 0.353
 0.353
 0.354
 0.354
 0.354
 0.354
 0.354
 0.354
 0.354
 0.355
 1.182
 0.618
 0.467
 0.407
 0.378
 0.363
 0.354
 0.348
 0.345
 0.343
 0.341
 0.340
 0.340
 0.339
 0.339
 0.339
 0.339
 0.339
 0.340
 0.340
 0.341
 0.341
 0.342
 0.343
 0.344
 0.346
 0.347
 0.349
 0.351
 0.353
 0.355
 0.358
 0.361
 0.365
 0.368
 0.373
 0.378
 0.383
 0.389
 0.396
 0.403
 0.411
 0.420
 0.429
 0.440
 0.452
 0.464
 0.478
 0.493
 0.509
 0.527
 0.546
 0.566
 0.588
 0.612
 0.637
 0.664
 0.693
 0.723
 0.756
 0.791
 0.828
 0.867
 0.909
 0.953
 1.000
 1.050
 1.102
 1.157
 1.216
 1.277
 1.342
 1.410
 1.482
 1.557
 1.636
 1.719
 1.806
 1.897
 1.993
 2.092
 2.196
 2.305
 2.419
 2.537
 2.660
 2.787
 2.920
 3.058
 3.200
 3.347
 3.500
 3.657
 3.818
 3.984
 4.155
 4.329
 4.508
 4.690
 4.875
 5.063
 5.254
 5.447
 5.641
 5.837
 6.032
 6.228
 6.422
 6.615
 6.806
 6.994
 7.178
 7.357
 7.531
 7.699
 7.860
 8.014
 8.159
 8.295
 8.422
 8.539
 8.644
 8.739
 8.822
 8.893
 8.952
 8.999
 9.033
 9.055
 9.064
 9.061
 9.046
 9.019
 8.981
 8.932
 8.873
 8.803
 8.724
 8.636
 8.539
 8.435
 8.323
 8.205
 8.081
 7.952
 7.819
 7.681
 7.540
 7.396
 7.250
 7.102
 6.952
 6.802
 6.651
 6.500
 6.350
 6.200
 6.051
 5.904
 5.758
 5.613
 5.471
 5.331
 5.193
 5.057
 4.924
 4.793
 4.666
 4.541
 4.418
 4.299
 4.182
 4.069
 3.958
 3.850
 3.744
 3.642
 3.542
 3.445
 3.351
 3.260
 3.171
 3.084
 3.001
 2.919
 2.840
 2.764
 2.680
 2.611
 2.544
 2.478
 2.414
 2.353
 2.292
 2.234
 2.177
