4000.000
4000.591
4001.183
4001.776
4002.370
4002.965
4003.560
4004.157
4004.754
4005.352
4005.952
4006.552
4007.153
4007.755
4008.357
4008.961
4009.566
4010.171
4010.777
3974.667
3970.967
3968.951
3967.595
3966.591
3965.802
3965.157
3964.614
3964.143
3963.726
3963.349
3963.002
3962.676
3962.365
3962.064
3961.767
3961.472
3961.174
3960.871
3960.559
3960.237
3959.900
3959.548
3959.177
3958.786
3958.372
3957.933
3957.466
3956.970
3956.441
3955.879
3955.279
3954.639
3953.958
3953.232
3952.458
3951.634
3950.756
3949.821
3948.825
3947.766
3946.640
3945.443
3944.170
3942.817
3941.381
3939.856
3938.237
3936.520
3934.699
3932.768
3930.721
3928.551
3926.254
3923.820
3921.244
3918.517
3915.632
3912.580
3909.352
3905.938
3902.330
3898.517
3894.488
3890.232
3885.737
3880.991
3875.982
3870.695
3865.117
3859.234
3853.029
3846.488
3839.594
3832.330
3824.678
3816.620
3808.138
3799.210
3789.818
3779.941
3769.557
3758.645
3747.182
3735.146
3722.513
3709.260
3695.365
3680.801
3665.547
3649.578
3632.871
3615.402
3597.148
3578.088
3558.199
3537.460
3515.853
3493.360
3469.962
3445.646
3420.398
3394.208
3367.066
3338.967
3309.907
3279.886
3248.906
3216.975
3184.101
3150.297
3115.580
3079.971
3043.494
3006.176
2968.051
2929.153
2889.521
2849.197
2808.228
2766.662
2724.549
2681.945
2638.905
2595.487
2551.749
2507.752
2463.556
2419.224
2374.815
2330.390
2286.009
2241.729
2197.609
2153.703
2110.065
2066.743
2023.788
1981.244
1939.153
1897.556
1856.489
1815.985
1776.074
1736.785
1698.140
1660.162
1622.868
1586.275
1550.394
1515.237
1480.810
1447.119
1414.167
1381.957
1350.486
1319.752
1289.753
1260.481
1231.930
1204.093
1176.961
1150.523
1124.769
1099.687
1075.266
1051.493
1028.355
1005.838
983.930
962.616
941.883
921.717
902.103
883.028
864.478
846.439
828.898
811.840
795.253
779.124
763.439
748.187
733.354
718.928
704.898
691.252
678.019
665.146
652.610
640.403
628.514
616.936
605.660
594.678
583.980
573.559
563.408
553.519
543.884
534.496
525.347
516.433
507.744
499.276
491.021
441.948
352.268
292.722
250.398
218.830
194.423
175.024
159.261
146.223
135.279
125.980
117.997
111.081
105.047
99.746
95.064
90.909
87.205
83.892
80.920
78.246
75.834
73.655
71.682
69.894
68.272
66.798
65.458
64.239
63.129
62.119
61.199
60.360
59.596
58.900
58.266
57.688
57.162
56.682
56.245
55.847
55.485
55.154
54.853
54.579
54.329
54.101
53.894
53.704
53.531
53.372
53.227
53.094
52.972
52.860
52.757
52.661
52.573
52.490
52.414
52.342
52.275
52.211
52.151
52.094
52.040
51.987
51.937
51.888
51.841
52.968
50.124
46.767
45.516
47.327
49.142
50.957
52.771
54.584
56.396
58.208
60.017
61.826
63.633
65.438
67.241
69.042
70.842
72.639
74.434
76.226
78.016
79.798
81.198
81.608
81.096
80.019
78.596
76.913
75.027
72.999
70.884
68.721
66.539
64.360
62.200
60.072
57.984
55.945
53.957
52.025
50.150
48.333
46.575
44.875
43.233
41.647
40.117
38.641
37.218
35.845
34.523
33.249
32.021
30.838
29.698
28.600
27.543
26.525
25.544
24.599
23.690
22.814
21.970
21.158
20.375
19.622
18.896
18.198
17.525
16.877
16.253
15.652
15.073
14.516
13.979
13.462
12.964
12.485
12.023
11.579
11.151
10.738
10.341
 9.959
 9.591
 9.236
 8.895
 8.566
 8.249
 7.944
 7.650
 7.367
 7.095
 6.833
 6.580
 6.337
 6.102
 5.877
 5.660
 5.450
 5.249
 5.055
 4.868
 4.688
 4.514
 4.348
 4.187
 4.032
 3.883
 3.739
 3.601
 3.468
 3.340
 3.216
 3.097
 2.983
 2.873
 2.766
 2.664
 2.566
 2.471
 2.379
 2.291
 2.207
 2.125
 2.046
 1.971
 1.898
 1.828
 1.760
 1.695
 1.632
 1.572
 1.514
 1.458
 1.404
 1.352
 1.302
 1.254
 1.208
 1.163
 1.120
 1.079
 1.039
 1.000
 0.963
 0.928
 0.893
 0.860
 0.829
 0.798
 0.768
 0.740
 0.713
 0.686
 0.661
 0.636
 0.613
 0.590
 0.568
 0.547
 0.527
 0.508
 0.489
 0.471
 0.453
 0.437
 0.421
 0.405
 0.390
 0.376
 0.362
 0.348
 0.335
 0.323
 0.311
 0.300
 0.289
 0.278
 0.268
 0.258
 0.248
 0.239
 0.230
 0.222
 0.213
 0.206
 0.198
 0.191
 0.184
 0.177
 0.170
 0.164
 0.158
 0.152
 0.146
 0.141
 0.136
 0.131
 0.126
 0.121
 0.117
 0.112
 0.108
 0.104
 0.100
 0.097
 0.093
 0.090
 0.086
 0.083
 0.080
 0.077
 0.074
 0.072
 0.069
 0.066
 0.064
 0.062
 0.059
 0.057
 0.055
 0.053
 0.051
 0.049
 0.047
 0.222
 0.116
 0.153
 0.175
 0.166
 0.153
 0.166
 0.170
 0.170
 0.172
