 0.000
125000.000
1879.385
124315.528
3758.771
123630.193
5638.156
122943.993
7517.542
122256.929
9396.927
121569.000
11276.313
120880.206
13155.698
120190.546
15035.084
119500.020
16914.469
118808.628
18793.854
118116.369
20673.240
117423.243
22552.625
116729.250
24432.011
116034.390
26311.396
115338.661
28190.782
114642.064
30070.167
113944.599
31949.553
113246.264
33828.938
112547.060
35694.715
111852.054
37555.775
111157.935
39415.286
110463.523
41273.741
109768.635
43131.364
109073.188
44988.285
108377.132
46844.586
107680.437
48700.323
106983.081
50555.536
106285.050
52410.255
105586.333
54264.500
104886.920
56118.287
104186.807
57971.628
103485.989
59824.532
102784.462
61677.002
102082.225
63529.043
101379.276
65380.656
100675.614
67231.839
99971.240
69082.590
99266.154
70932.906
98560.358
72782.782
97853.853
74632.212
97146.642
76481.188
96438.726
78329.702
95730.111
80177.745
95020.797
82025.306
94310.791
83872.373
93600.095
85718.935
92888.715
87564.977
92176.656
89410.484
91463.923
91255.441
90750.523
93099.831
90036.462
94943.635
89321.746
96786.834
88606.384
98629.408
87890.383
100471.335
87173.751
102312.591
86456.499
104153.151
85738.634
105992.991
85020.168
107832.082
84301.111
109670.395
83581.474
111507.899
82861.270
113344.561
82140.511
115180.348
81419.212
117015.223
80697.385
118849.147
79975.047
120682.081
79252.214
122513.980
78528.901
124344.802
77805.128
126174.498
77080.914
128003.017
76356.277
129830.308
75631.240
131656.316
74905.824
133480.980
74180.053
135304.241
73453.952
137126.032
72727.547
138946.287
72000.866
140764.932
71273.937
142581.892
70546.792
144397.087
69819.462
146210.434
69091.982
148021.844
68364.389
149831.224
67636.719
151638.477
66909.013
153443.499
66181.312
155246.183
65453.662
157046.415
64726.108
158844.077
63998.701
160639.041
63271.491
162431.178
62544.532
164220.348
61817.883
166006.407
61091.603
167789.203
60365.754
169568.575
59640.405
171344.358
58915.623
173116.375
58191.482
174884.443
57468.058
176648.370
56745.432
178407.956
56023.688
180162.989
55302.914
181913.252
54583.201
183658.516
53864.647
185398.540
53147.351
187133.077
52431.419
188861.867
51716.960
190584.641
51004.088
192301.119
50292.923
194011.009
49583.587
195714.009
48876.210
197409.807
48170.923
199098.080
47467.867
200778.492
46767.182
202450.699
46069.019
204114.344
45373.528
205769.063
44680.868
207414.479
43991.200
209050.207
43304.690
210675.852
42621.511
212291.011
41941.835
213895.273
41265.843
215488.220
40593.715
217069.428
39925.638
218638.466
39261.799
220194.901
38602.389
221738.295
37947.601
223268.209
37297.627
224784.203
36652.663
226285.838
36012.903
227772.678
35378.543
229244.288
34749.776
230700.242
34126.794
232140.119
33509.786
233563.506
32898.939
234970.004
32294.435
236359.222
31696.452
237730.787
31105.164
239084.337
30520.735
240419.532
29943.327
241736.048
29373.090
243033.583
28810.169
244311.856
28254.699
245570.609
27706.806
246809.609
27166.604
248028.648
26634.199
249227.544
26109.685
250406.143
25593.145
251564.316
25084.649
252701.965
24584.259
253819.019
24092.021
254915.433
23607.970
255991.194
23132.132
257046.312
22664.517
258080.828
22205.126
259094.807
21753.947
260088.341
21310.958
261061.546
20876.127
262014.562
20449.408
262947.551
20030.749
263860.698
19620.086
264754.207
19217.348
265628.299
18822.452
266483.216
18435.313
267319.214
18055.832
268136.562
17683.909
268935.544
17319.434
269716.456
16962.295
270479.603
16612.371
271225.300
16269.540
271953.867
15933.676
272665.633
15604.647
273360.932
15282.322
274040.101
14966.565
274703.479
14657.240
275351.409
14354.209
275984.233
14057.333
276602.293
13766.474
277205.931
13481.491
277795.488
13202.246
278371.301
12928.600
278933.704
12660.417
279483.029
12397.559
280019.603
12139.892
280543.749
11887.283
281055.784
11639.598
281556.021
11396.710
282044.767
11158.489
282522.324
10924.811
282988.986
10695.552
283445.042
10470.591
283890.777
10249.809
284326.466
10033.091
284752.379
9820.324
285168.780
9611.395
285575.926
9406.197
285974.068
9204.625
286363.449
9006.574
286744.309
8811.945
287116.877
8620.639
287481.379
8432.562
287838.034
8247.620
288187.054
8065.723
288528.646
7886.783
288863.011
7710.715
289190.344
7537.436
289510.833
7366.864
289824.663
7198.923
290132.011
7033.535
290433.058
6870.622
290727.984
6710.108
291016.945
6551.924
291300.095
6396.006
291577.580
6242.292
291849.545
6090.720
292116.128
5941.231
292377.467
5793.768
292633.693
5648.273
292884.933
5504.694
293131.313
5362.975
293372.953
5223.067
293609.971
5084.918
293842.480
4948.480
294070.592
4813.706
294294.413
4680.550
294514.049
4548.967
294729.600
4418.914
294941.164
4290.349
295145.771
4165.112
295313.323
4061.736
295449.396
3976.939
295563.778
3904.805
295662.307
3841.806
295748.744
3785.668
295825.652
3734.842
295894.858
3688.226
295957.705
3645.009
296015.212
3604.577
296068.170
3566.453
296117.205
3530.261
296162.819
3495.699
296205.423
3462.522
296245.356
3430.527
296282.903
3399.546
296318.302
3369.437
296351.758
3340.079
296383.446
3311.370
296413.518
3283.223
296442.105
3255.562
296469.324
3228.321
296495.276
3201.442
296520.051
3174.876
296543.730
3148.580
296566.385
3122.515
296588.080
3096.647
296608.873
3070.947
296628.817
3045.389
296647.960
3019.950
296666.345
2994.609
296684.013
2969.349
296700.999
2944.154
296717.338
2919.011
296733.060
2893.907
296748.195
2868.832
296762.769
2843.776
296776.807
2818.732
296790.333
2793.692
296803.368
2768.652
296815.932
2743.605
296828.045
2718.548
296839.725
2693.477
296850.988
2668.389
296861.852
2643.282
296872.331
2618.153
296882.440
2593.002
296892.192
2567.827
296901.601
2542.628
296910.679
2517.404
296919.439
2492.155
296927.891
2466.882
296936.046
2441.584
296943.916
2416.263
296951.510
2390.919
296958.838
2365.552
296965.908
2340.164
296972.731
2314.756
296979.315
2289.329
296985.667
2263.885
296991.796
2238.423
296997.709
2212.947
297003.414
2187.456
297008.919
2161.953
297014.229
2136.438
297019.352
2110.914
297024.293
2085.381
297029.060
2059.841
297033.658
2034.296
297038.093
2008.745
297042.400
1983.009
297046.526
1957.464
297050.250
1933.529
297053.618
1910.996
297056.913
1888.021
297060.206
1864.130
297063.498
1839.323
297066.789
1813.601
297070.077
1786.964
297073.364
1759.414
297076.650
1730.952
297079.933
1701.579
297083.215
1671.295
297086.494
1640.102
297089.772
1608.002
297093.047
1574.994
297096.321
1541.081
297099.592
1506.263
297102.861
1470.542
297106.128
1433.919
297109.392
1396.396
297112.654
1357.973
297115.913
1318.654
297119.164
1278.502
297122.379
1237.884
297125.519
1197.298
297128.557
1157.117
297131.479
1117.559
297134.277
1078.773
297136.946
1040.875
297139.482
1003.951
297141.886
968.057
297144.158
933.229
297146.300
899.481
297148.317
866.819
297150.211
835.237
297151.988
804.722
297153.651
775.257
297155.205
746.819
297156.656
719.385
297158.008
692.926
297159.265
667.416
297160.433
642.825
297161.517
619.125
297162.520
596.287
297163.447
574.282
297164.303
553.082
297165.092
532.658
297165.817
512.985
297166.483
494.034
297167.093
475.780
297167.651
458.199
297168.160
441.266
297168.624
424.957
297169.046
409.250
297169.428
394.123
297169.774
379.554
297170.086
365.523
297170.367
352.011
297170.619
338.998
297170.845
326.465
297171.047
314.396
297171.227
302.773
297171.386
291.579
297171.528
280.800
297171.652
270.418
297171.762
260.421
297171.858
250.793
297171.942
241.521
297172.014
232.592
297172.077
223.993
297172.132
215.711
297172.179
207.736
297172.219
200.056
297172.253
192.660
297172.282
185.537
297172.306
178.678
297172.326
172.072
297172.343
165.711
297172.358
159.585
297172.369
153.685
297172.379
148.003
297172.387
142.532
297172.393
137.262
297172.398
132.188
297172.402
127.301
297172.405
122.595
297172.408
118.063
297172.410
113.698
297172.411
109.495
297172.413
105.447
297172.414
101.549
297172.414
97.795
297172.415
94.180
297172.415
90.699
297172.415
87.346
297172.416
84.117
297172.416
81.008
297172.416
78.013
297172.416
75.129
297172.416
72.352
297172.416
69.678
297172.416
67.102
297172.416
64.622
297172.416
62.233
297172.416
59.933
297172.416
57.718
297172.416
55.584
297172.416
53.530
297172.416
51.551
297172.416
49.646
297172.416
47.811
297172.416
46.044
297172.416
44.342
297172.416
42.704
297172.416
41.125
297172.416
39.606
297172.416
38.142
297172.416
36.732
297172.416
35.375
297172.416
34.068
297172.416
32.809
297172.416
31.596
297172.416
30.429
297172.416
29.305
297172.416
28.222
297172.416
27.179
297172.416
26.175
297172.416
25.208
297172.416
24.276
297172.416
23.380
297172.416
22.516
297172.416
21.684
297172.416
20.883
297172.416
20.112
297172.416
19.369
297172.416
18.653
297172.416
17.964
297172.416
17.301
297172.416
16.662
297172.416
16.047
297172.416
15.454
297172.416
14.883
297172.416
14.334
297172.416
13.804
297172.416
13.295
297172.416
12.804
297172.416
12.331
297172.416
11.876
297172.416
11.438
297172.416
11.016
297172.416
10.609
297172.416
10.217
297172.416
 9.840
297172.416
 9.477
297172.416
 9.128
297172.416
 8.791
297172.416
 8.467
297172.416
 8.154
297172.416
 7.853
297172.416
 7.564
297172.416
 7.285
297172.416
 7.016
297172.416
 6.758
297172.416
 6.508
297172.416
 6.269
297172.416
 6.037
297172.416
 5.815
297172.416
 5.601
297172.416
 5.394
297172.416
 5.196
297172.416
 5.004
297172.416
 4.820
297172.416
 4.643
297172.416
 4.472
297172.416
 4.307
297172.416
 4.148
297172.416
 3.996
297172.416
 3.849
297172.416
 3.707
297172.416
 3.571
297172.416
 3.440
297172.416
 3.313
297172.416
 3.191
297172.416
 3.074
297172.416
 2.961
297172.416
 2.852
297172.416
 2.748
297172.416
 2.647
297172.416
 2.550
297172.416
 2.456
297172.416
 2.366
297172.416
 2.279
297172.416
 2.196
297172.416
 2.115
297172.416
 2.038
297172.416
 1.963
297172.416
 1.891
297172.416
 1.822
297172.416
 1.756
297172.416
 1.691
297172.416
 1.630
297172.416
 1.570
297172.416
 1.513
297172.416
 1.458
297172.416
 1.404
297172.416
 1.353
297172.416
 1.304
297172.416
 1.257
297172.416
 1.211
297172.416
 1.167
297172.416
 1.124
297172.416
 1.084
297172.416
 1.044
297172.416
 1.006
297172.416
 0.970
297172.416
 0.935
297172.416
 0.901
297172.416
 0.868
297172.416
 0.837
297172.416
 0.807
297172.416
 0.778
297172.416
 0.750
297172.416
 0.723
297172.416
 0.697
297172.416
 0.672
297172.416
 0.648
297172.418
 0.622
297172.427
 0.538
297172.438
 0.478
297172.448
 0.420
297172.457
 0.357
297172.475
 0.296
297172.500
 0.232
297172.528
 0.168
297172.557
 0.105
297172.586
 0.044
