3758.771
-1368.079
3758.771
-1369.807
3758.771
-1371.535
3758.771
-1373.264
3758.771
-1374.993
3758.771
-1376.723
3758.771
-1378.454
3758.771
-1380.186
3758.771
-1381.918
3758.771
-1383.651
3758.771
-1385.384
3758.771
-1387.118
3758.771
-1388.853
3758.771
-1390.589
3758.771
-1392.325
3758.771
-1394.062
3758.771
-1395.800
3758.771
-1397.538
3758.771
-1399.277
3724.361
-1388.204
3720.325
-1388.439
3717.865
-1389.262
3716.024
-1390.315
3714.511
-1391.491
3713.200
-1392.743
3712.023
-1394.045
3710.939
-1395.382
3709.923
-1396.745
3708.957
-1398.127
3708.028
-1399.524
3707.126
-1400.930
3706.242
-1402.344
3705.373
-1403.764
3704.511
-1405.186
3703.653
-1406.611
3702.796
-1408.036
3701.935
-1409.460
3701.069
-1410.882
3700.194
-1412.302
3699.308
-1413.717
3698.408
-1415.127
3697.493
-1416.532
3696.560
-1417.930
3695.608
-1419.321
3694.633
-1420.704
3693.634
-1422.077
3692.608
-1423.441
3691.554
-1424.794
3690.470
-1426.135
3689.352
-1427.464
3688.200
-1428.779
3687.010
-1430.080
3685.780
-1431.366
3684.508
-1432.635
3683.190
-1433.887
3681.825
-1435.121
3680.409
-1436.334
3678.940
-1437.527
3677.414
-1438.698
3675.827
-1439.845
3674.178
-1440.967
3672.461
-1442.063
3670.674
-1443.131
3668.812
-1444.170
3666.872
-1445.177
3664.848
-1446.152
3662.737
-1447.091
3660.533
-1447.994
3658.232
-1448.858
3655.829
-1449.681
3653.317
-1450.461
3650.692
-1451.195
3647.946
-1451.880
3645.074
-1452.515
3642.069
-1453.096
3638.924
-1453.620
3635.631
-1454.085
3632.183
-1454.486
3628.571
-1454.821
3624.787
-1455.086
3620.822
-1455.277
3616.666
-1455.390
3612.310
-1455.421
3607.743
-1455.366
3602.955
-1455.220
3597.934
-1454.978
3592.669
-1454.635
3587.146
-1454.187
3581.354
-1453.627
3575.279
-1452.950
3568.907
-1452.150
3562.223
-1451.221
3555.212
-1450.156
3547.859
-1448.948
3540.148
-1447.591
3532.061
-1446.077
3523.581
-1444.399
3514.691
-1442.548
3505.372
-1440.518
3495.604
-1438.300
3485.369
-1435.884
3474.646
-1433.264
3463.415
-1430.428
3451.656
-1427.369
3439.347
-1424.077
3426.466
-1420.543
3412.993
-1416.757
3398.905
-1412.709
3384.180
-1408.390
3368.798
-1403.789
3352.736
-1398.898
3335.973
-1393.706
3318.488
-1388.204
3300.262
-1382.383
3281.274
-1376.233
3261.506
-1369.746
3240.940
-1362.914
3219.559
-1355.728
3197.350
-1348.181
3174.297
-1340.267
3150.390
-1331.979
3125.618
-1323.313
3099.975
-1314.263
3073.455
-1304.827
3046.055
-1295.003
3017.776
-1284.788
2988.620
-1274.184
2958.593
-1263.192
2927.706
-1251.813
2895.969
-1240.053
2863.400
-1227.917
2830.017
-1215.411
2795.843
-1202.545
2760.905
-1189.328
2725.232
-1175.771
2688.857
-1161.889
2651.816
-1147.694
2614.149
-1133.204
2575.898
-1118.434
2537.108
-1103.404
2497.827
-1088.132
2458.104
-1072.640
2417.991
-1056.949
2377.541
-1041.080
2336.810
-1025.057
2295.851
-1008.904
2254.722
-992.643
2213.478
-976.298
2172.176
-959.895
2130.870
-943.456
2089.617
-927.004
2048.469
-910.564
2007.478
-894.158
1966.696
-877.807
1926.170
-861.534
1885.947
-845.358
1846.072
-829.299
1806.584
-813.376
1767.524
-797.606
1728.927
-782.004
1690.827
-766.587
1653.253
-751.368
1616.234
-736.361
1579.794
-721.575
1543.956
-707.023
1508.737
-692.713
1474.155
-678.652
1440.223
-664.849
1406.954
-651.309
1374.355
-638.037
1342.433
-625.036
1311.194
-612.310
1280.639
-599.861
1250.770
-587.689
1221.585
-575.796
1193.082
-564.182
1165.257
-552.844
1138.105
-541.783
1111.619
-530.996
1085.791
-520.480
1060.613
-510.232
1036.076
-500.250
1012.169
-490.530
988.882
-481.067
966.203
-471.857
944.121
-462.897
922.623
-454.180
901.698
-445.703
881.332
-437.461
861.513
-429.448
842.227
-421.660
823.463
-414.091
805.206
-406.736
787.443
-399.589
770.163
-392.647
753.351
-385.902
736.996
-379.352
721.085
-372.989
705.605
-366.809
690.544
-360.808
675.891
-354.980
661.633
-349.320
647.760
-343.824
634.259
-338.487
621.120
-333.305
608.332
-328.272
595.919
-323.404
583.836
-318.677
572.061
-314.080
560.586
-309.611
549.403
-305.266
538.503
-301.041
527.878
-296.933
517.521
-292.939
507.424
-289.056
