 0.352
 0.352
 0.352
 0.352
 0.353
 0.353
 0.353
 0.353
 0.353
 0.353
 0.353
 0.353
 0.353
 0.353
 0.354
 0.354
 0.354
 0.354
 0.354
 0.354
 0.354
 0.354
 0.354
 0.355
 6.959
 2.290
 1.427
 1.073
 0.885
 0.770
 0.695
 0.642
 0.604
 0.576
 0.555
 0.539
 0.526
 0.516
 0.508
 0.502
 0.497
 0.494
 0.492
 0.490
 0.490
 0.490
 0.490
 0.492
 0.493
 0.496
 0.499
 0.502
 0.506
 0.510
 0.515
 0.520
 0.526
 0.532
 0.539
 0.546
 0.554
 0.562
 0.571
 0.581
 0.591
 0.602
 0.613
 0.625
 0.638
 0.652
 0.666
 0.681
 0.697
 0.714
 0.732
 0.750
 0.770
 0.790
 0.812
 0.835
 0.858
 0.883
 0.909
 0.937
 0.965
 0.995
 1.027
 1.060
 1.094
 1.130
 1.167
 1.206
 1.247
 1.289
 1.333
 1.380
 1.428
 1.478
 1.530
 1.584
 1.641
 1.699
 1.761
 1.824
 1.890
 1.958
 2.030
 2.103
 2.180
 2.259
 2.342
 2.427
 2.515
 2.606
 2.701
 2.799
 2.899
 3.004
 3.111
 3.222
 3.337
 3.454
 3.576
 3.701
 3.829
 3.960
 4.096
 4.234
 4.376
 4.521
 4.670
 4.822
 4.976
 5.134
 5.295
 5.458
 5.624
 5.792
 5.962
 6.134
 6.308
 6.483
 6.659
 6.835
 7.013
 7.190
 7.367
 7.544
 7.720
 7.894
 8.066
 8.236
 8.403
 8.568
 8.728
 8.885
 9.037
 9.185
 9.327
 9.463
 9.593
 9.717
 9.833
 9.943
10.045
10.139
10.225
10.302
10.371
10.431
10.483
10.525
10.558
10.582
10.598
10.604
10.601
10.589
10.568
10.539
10.502
10.457
10.403
10.342
10.274
10.199
10.118
10.030
 9.936
 9.836
 9.732
 9.622
 9.508
 9.390
 9.268
 9.143
 9.015
 8.884
 8.751
 8.616
 8.479
 8.341
 8.202
 8.061
 7.921
 7.780
 7.639
 7.498
 7.358
 7.218
 7.079
 6.940
 6.803
 6.667
 6.533
 6.400
 6.268
 6.138
 6.010
 5.884
 5.759
 5.637
 5.516
 5.398
 5.281
 5.167
 5.055
 4.945
 4.837
 4.731
 4.627
 4.526
 4.426
 4.329
 4.234
 4.141
 4.050
 3.960
 3.873
 3.788
 3.705
 3.624
 3.545
 3.468
 3.392
 3.318
 3.246
 3.176
 3.107
 3.040
 2.975
 2.911
 2.849
 2.789
 2.730
 2.672
 2.616
 2.561
 2.507
 2.455
 2.404
 2.354
 2.306
 2.259
 2.213
 2.168
 2.124
 2.081
 2.039
 1.999
 1.959
 1.920
 1.882
 1.846
 1.810
 1.775
 1.740
 1.707
 1.674
 1.643
 1.612
 1.581
 1.552
 1.523
 1.495
 1.467
 1.440
 1.414
 1.388
 1.363
 1.339
 1.315
 1.292
 1.269
 1.247
 1.225
16.138
11.550
 8.662
 6.729
 5.372
 4.385
 3.644
 3.074
 2.627
 2.270
 1.980
 1.742
 1.544
 1.378
 1.237
 1.117
 1.014
 0.921
 0.843
 0.776
 0.716
 0.663
 0.617
 0.575
 0.538
 0.504
 0.474
 0.446
 0.422
 0.399
 0.379
 0.360
 0.343
 0.327
 0.312
 0.299
 0.286
 0.275
 0.264
 0.254
 0.244
 0.235
 0.227
 0.219
 0.212
 0.204
 0.198
 0.191
 0.185
 0.179
 0.174
 0.168
 0.163
 0.158
 0.153
 0.148
 0.144
 0.140
 0.135
 0.131
 0.127
 0.124
 0.120
 0.116
 0.113
 0.110
 0.106
 0.103
 0.100
 0.097
 0.094
 0.091
 0.089
 0.086
 0.084
 0.081
 0.079
 0.076
 0.074
 0.072
 0.070
 0.068
 0.066
 0.064
 0.062
 0.060
 0.058
 0.056
 0.055
 0.053
 0.052
 0.050
 0.049
 0.047
 0.046
 0.045
 0.043
 0.042
 0.041
 0.040
 0.039
 0.038
 0.037
 0.036
 0.035
 0.034
 0.033
 0.032
 0.031
 0.030
 0.030
 0.029
 0.028
 0.027
 0.027
 0.026
 0.026
 0.025
 0.024
 0.024
 0.023
 0.023
 0.022
 0.022
 0.022
 0.021
 0.021
 0.020
 0.020
 0.020
 0.019
 0.019
 0.019
 0.018
 0.018
 0.018
 0.018
 0.017
 0.017
 0.017
 0.017
 0.017
 0.016
 0.016
 0.016
 0.016
 0.016
 0.016
 0.015
 0.015
 0.015
 0.015
 0.015
 0.015
 0.015
 0.015
 0.015
 0.014
 0.014
 0.014
 0.014
 0.014
 0.014
 0.014
 0.014
 0.014
 0.014
 0.014
 0.014
 0.014
 0.013
 0.013
 0.013
 0.013
 0.013
 0.013
 0.013
 0.013
 0.013
 0.013
 0.013
 0.013
 0.013
 0.013
 0.013
 0.013
 0.013
 0.013
 0.013
 0.013
 0.013
 0.013
 0.012
 0.012
 0.012
 0.373
 0.680
 0.680
 0.363
 0.374
 0.373
 0.373
 0.373
 0.372
 0.372
 0.371
 0.371
 0.370
 0.370
 0.370
 0.369
 0.369
 0.368
 0.367
 0.367
 0.366
 0.366
 0.312
 0.105
 0.092
 0.211
 0.283
 0.337
 0.380
 0.410
 0.429
 0.439
 0.444
 0.444
 0.440
 0.434
 0.426
 0.416
 0.406
 0.395
 0.383
 0.371
 0.360
 0.348
 0.336
 0.325
 0.313
 0.302
 0.291
 0.281
 0.271
 0.261
 0.252
 0.242
 0.234
 0.225
 0.217
 0.209
 0.201
 0.194
 0.187
 0.180
 0.173
 0.167
 0.161
 0.155
 0.149
 0.143
 0.138
 0.133
 0.128
 0.123
 0.119
 0.114
 0.110
 0.106
 0.102
 0.098
 0.095
 0.091
 0.088
 0.085
 0.081
 0.078
 0.076
 0.073
 0.070
 0.068
 0.065
 0.063
 0.060
 0.058
 0.056
 0.054
 0.052
 0.050
 0.048
 0.046
 0.045
 0.043
 0.041
 0.040
 0.038
 0.037
 0.036
 0.034
 0.033
 0.032
 0.031
 0.029
 0.028
 0.027
 0.026
 0.025
 0.024
 0.024
 0.023
 0.022
 0.021
 0.020
 0.019
 0.019
 0.018
 0.017
 0.017
 0.016
 0.016
 0.015
 0.014
 0.014
 0.013
 0.013
 0.012
 0.012
 0.011
 0.011
 0.011
 0.010
 0.010
 0.010
 0.009
 0.009
 0.008
 0.008
 0.008
 0.008
 0.007
 0.007
 0.007
 0.007
 0.006
 0.006
 0.006
 0.006
 0.005
 0.005
 0.005
 0.005
 0.005
 0.004
 0.004
 0.004
 0.004
 0.004
 0.004
 0.004
 0.003
 0.003
 0.003
 0.003
 0.003
 0.003
 0.003
 0.003
 0.003
 0.002
 0.002
 0.002
 0.002
 0.002
 0.002
 0.002
 0.002
 0.002
 0.002
 0.002
 0.002
 0.002
 0.002
 0.001
 0.001
 0.001
 0.001
 0.001
 0.001
 0.001
 0.001
 0.001
 0.001
 0.001
 0.001
 0.001
 0.001
 0.001
 0.001
 0.001
 0.001
 0.001
 0.001
 0.001
 0.001
 0.001
 0.001
 0.001
 0.001
 0.001
 0.001
 0.001
 0.000
 0.000
 0.000
 0.000
 0.000
 0.000
 0.000
 0.000
 0.000
 0.091
 0.031
 0.189
 0.257
 0.272
 0.283
 0.295
 0.306
 0.317
