6000.000
6000.300
6000.601
6000.902
6001.204
6001.507
6001.810
6002.113
6002.418
6002.722
6003.028
6003.334
6003.640
6003.947
6004.255
6004.563
6004.872
6005.181
6005.491
6005.802
6006.113
6006.425
6006.737
6007.050
5925.883
5907.505
5898.931
5893.152
5888.712
5885.057
5881.913
5879.126
5876.600
5874.271
5872.093
5870.034
5868.069
5866.179
5864.349
5862.565
5860.818
5859.098
5857.398
5855.712
5854.034
5852.359
5850.681
5848.997
5847.303
5845.595
5843.869
5842.123
5840.352
5838.555
5836.726
5834.865
5832.968
5831.031
5829.052
5827.028
5824.956
5822.833
5820.656
5818.421
5816.126
5813.768
5811.342
5808.847
5806.277
5803.630
5800.902
5798.089
5795.188
5792.193
5789.101
5785.908
5782.609
5779.199
5775.674
5772.028
5768.257
5764.355
5760.317
5756.136
5751.807
5747.324
5742.680
5737.868
5732.883
5727.716
5722.360
5716.807
5711.050
5705.081
5698.890
5692.469
5685.810
5678.902
5671.735
5664.301
5656.587
5648.585
5640.282
5631.667
5622.728
5613.454
5603.832
5593.849
5583.492
5572.747
5561.601
5550.039
5538.048
5525.612
5512.715
5499.344
5485.481
5471.111
5456.219
5440.787
5424.799
5408.238
5391.087
5373.330
5354.950
5335.929
5316.251
5295.899
5274.857
5253.108
5230.636
5207.425
5183.461
5158.728
5133.213
5106.902
5079.782
5051.842
5023.071
4993.460
4962.999
4931.681
4899.501
4866.455
4832.538
4797.749
4762.090
4725.562
4688.169
4649.918
4610.815
4570.873
4530.101
4488.515
4446.132
4402.969
4359.048
4314.392
4269.025
4222.975
4176.270
4128.943
4081.026
4032.554
3983.562
3934.090
3884.176
3833.861
3783.186
3732.195
3680.930
3629.435
3577.754
3525.933
3474.016
3422.047
3370.070
3318.129
3266.268
3214.528
3162.951
3111.577
3060.446
3009.595
2959.061
2908.878
2859.080
2809.698
2760.764
2712.303
2664.344
2616.911
2570.027
2523.712
2477.985
2432.865
2388.367
2344.505
2301.290
2258.735
2216.847
2175.634
2135.102
2095.257
2056.100
2017.636
1979.863
1942.782
1906.392
1870.691
1835.675
1801.339
1767.680
1734.692
1702.368
1670.702
1639.686
1609.313
1579.573
1550.459
1521.961
1494.070
1466.775
1440.069
1413.940
1388.378
1363.372
1338.914
1314.991
1291.595
1268.713
1246.337
1224.454
1203.056
1182.131
1161.670
1141.663
1122.098
1102.967
1084.260
1065.967
1048.079
1030.586
1013.479
996.749
980.387
964.384
948.733
933.424
918.450
903.802
889.473
875.454
861.739
848.320
835.189
822.341
809.767
797.462
785.419
773.631
762.092
750.796
739.738
728.911
718.310
707.930
697.764
687.809
678.058
668.508
659.153
649.988
641.009
632.212
623.591
615.144
606.866
598.753
590.801
583.006
