 0.000
125000.000
2954.423
124478.624
5908.847
123956.384
8863.270
123433.281
11817.693
122909.312
14772.117
122384.480
17726.540
121858.782
20680.963
121332.220
23635.387
120804.792
26589.810
120276.498
29544.233
119747.339
32498.657
119217.313
35453.080
118686.421
38407.503
118154.662
41361.927
117622.037
44316.350
117088.544
47270.773
116554.184
50225.197
116018.956
53179.620
115482.860
56134.043
114945.896
59088.467
114408.063
62042.890
113869.362
64997.313
113329.791
67951.737
112789.352
70891.117
112250.799
73800.045
111716.958
76702.845
111183.373
79602.060
110649.576
82498.640
110115.394
85393.090
109580.735
88285.721
109045.541
91176.743
108509.773
94066.305
107973.404
96954.520
107436.414
99841.472
106898.786
102727.226
106360.509
105611.835
105821.573
108495.340
105281.971
111377.773
104741.695
114259.160
104200.743
117139.522
103659.109
120018.873
103116.792
122897.225
102573.788
125774.586
102030.097
128650.961
101485.717
131526.353
100940.649
134400.761
100394.891
137274.183
99848.445
140146.614
99301.312
143018.049
98753.492
145888.480
98204.988
148757.896
97655.800
151626.287
97105.932
154493.639
96555.386
157359.939
96004.165
160225.170
95452.271
163089.315
94899.708
165952.356
94346.480
168814.272
93792.590
171675.041
93238.044
174534.641
92682.845
177393.047
92126.999
180250.233
91570.510
183106.171
91013.384
185960.832
90455.627
188814.186
89897.245
191666.200
89338.245
194516.840
88778.632
197366.071
88218.415
200213.856
87657.600
203060.155
87096.196
205904.928
86534.211
208748.131
85971.653
211589.721
85408.532
214429.649
84844.857
217267.867
84280.639
220104.325
83715.886
222938.969
83150.611
225771.742
82584.825
228602.588
82018.539
231431.446
81451.766
234258.253
80884.520
237082.942
80316.812
239905.446
79748.659
242725.693
79180.074
245543.609
78611.073
248359.117
78041.671
251172.136
77471.887
253982.581
76901.737
256790.367
76331.239
259595.401
75760.412
262397.589
75189.277
265196.834
74617.854
267993.032
74046.165
270786.078
73474.231
273575.861
72902.077
276362.265
72329.727
279145.172
71757.205
281924.457
71184.539
284699.992
70611.756
287471.641
70038.884
290239.267
69465.954
293002.724
68892.995
295761.864
68320.041
298516.529
67747.125
301266.560
67174.281
304011.788
66601.545
306752.039
66028.956
309487.136
65456.551
312216.890
64884.372
314941.108
64312.460
317659.592
63740.859
320372.135
63169.614
323078.521
62598.772
325778.531
62028.381
328471.935
61458.491
331158.497
60889.154
333837.974
60320.424
336510.114
59752.357
339174.656
59185.009
341831.334
58618.441
344479.871
58052.713
347119.984
57487.888
349751.381
56924.032
352373.760
56361.212
354986.814
55799.497
357590.226
55238.958
360183.670
54679.667
362766.814
54121.701
365339.317
53565.136
367900.829
53010.051
370450.995
52456.526
372989.449
51904.646
375515.821
51354.494
378029.732
50806.157
380530.798
50259.723
383018.626
49715.282
385492.820
49172.925
387952.978
48632.746
390398.691
48094.839
392829.548
47559.300
395245.133
47026.225
397645.028
46495.713
400028.810
45967.862
402396.058
45442.772
404746.346
44920.544
407079.250
44401.277
409394.347
43885.072
411691.216
43372.031
413969.435
42862.254
416228.591
42355.842
418468.271
41852.894
420688.068
41353.508
422887.585
40857.784
425066.429
40365.816
427224.216
39877.701
429360.574
39393.531
431475.139
38913.397
433567.562
38437.389
435637.502
37965.592
437684.637
37498.091
439708.657
37034.965
441709.267
36576.293
443686.191
36122.148
445639.169
35672.601
447567.959
35227.718
449472.339
34787.562
451352.105
34352.191
453207.074
33921.659
455037.083
33496.017
456841.992
33075.309
458621.679
32659.576
460376.046
32248.854
462105.017
31843.172
463808.535
31442.559
465486.568
31047.035
467139.103
30656.615
468766.151
30271.313
470367.742
29891.135
471943.927
29516.082
473494.779
29146.152
475020.390
28781.338
476520.871
28421.628
477996.351
28067.006
479446.980
27717.452
480872.922
27372.941
482274.359
27033.445
483651.490
26698.931
485004.528
26369.364
486333.698
26044.704
487639.242
25724.909
488921.412
25409.934
490180.473
25099.729
491416.698
24794.244
492630.373
24493.425
493821.790
24197.216
494991.252
23905.559
496139.066
23618.394
497265.548
23335.659
498371.017
23057.291
499455.799
22783.224
500520.222
22513.394
501564.620
22247.733
502589.325
21986.174
503594.676
21728.647
504581.010
21475.084
505548.666
21225.414
506497.981
20979.568
507429.295
20737.477
508342.944
20499.068
509239.264
20264.273
510118.590
20033.022
510981.252
19805.243
511827.579
19580.869
512657.899
19359.830
513472.534
19142.057
514271.802
18927.483
515056.021
18716.040
515825.500
18507.661
516580.548
18302.281
517321.467
18099.835
518048.556
17900.257
518762.108
17703.485
519462.413
17509.456
520149.754
17318.108
520824.410
17129.382
521486.655
16943.216
522136.758
16759.554
522774.984
16578.336
523401.589
16399.506
524016.829
16223.010
524620.952
16048.791
525214.200
15876.797
525796.812
15706.975
526369.021
15539.275
526931.054
15373.644
527483.136
15210.035
528025.484
15048.398
528558.311
14888.687
529081.826
14730.855
529596.232
14574.856
530101.728
14420.648
530598.509
14268.185
531086.764
14117.427
531566.678
13968.331
532038.433
13820.857
532502.206
13674.966
532958.167
13530.618
533406.487
13387.777
533847.328
13246.405
534280.852
13106.467
534707.213
12967.926
535126.566
12830.749
535539.058
12694.903
535944.835
12560.355
536344.038
12427.072
536736.806
12295.024
537123.273
12164.179
537503.570
12034.510
537877.826
11905.986
538246.165
11778.579
538608.710
11652.262
538965.579
11527.007
539316.889
11402.789
539662.752
11279.583
540003.278
11157.362
540338.576
11036.102
540668.750
10915.780
540993.902
10796.373
541314.133
10677.858
541629.540
10560.213
541940.218
10443.416
542246.259
10327.446
542547.755
10212.283
542844.793
10097.907
543137.459
9984.298
543425.837
9871.437
543710.010
9759.307
543990.058
9647.887
544266.058
9537.162
544538.086
9427.114
544806.218
9317.725
545070.525
9208.981
545331.079
9100.863
545587.948
8993.358
545841.201
8886.449
546090.903
8780.123
546337.119
8674.364
546579.911
8569.158
546819.341
8464.492
547055.469
8360.352
547288.353
8256.725
547518.051
8153.599
547744.619
8050.960
547968.111
7948.798
548188.581
7847.099
548400.222
7748.583
548579.360
7664.352
548732.236
7591.612
548865.433
7527.369
548983.338
7469.631
549089.017
7417.002
549184.699
7368.470
549272.055
7323.277
549352.366
7280.841
549426.640
7240.706
549495.678
7202.507
549560.135
7165.949
549620.545
7130.791
549677.355
7096.831
549730.941
7063.900
549781.619
7031.857
549829.663
7000.578
549875.312
6969.957
549918.773
6939.902
549960.221
6910.335
549999.813
6881.189
550037.684
6852.404
550073.957
6823.929
550108.741
6795.718
550142.131
6767.731
550174.216
6739.932
550205.074
6712.288
550234.776
6684.773
550263.388
6657.360
550290.968
6630.027
550317.570
6602.756
550343.244
6575.527
550368.036
6548.326
550391.986
6521.138
550415.134
6493.952
550437.516
6466.757
550459.164
6439.542
550480.110
6412.301
550500.383
6385.026
550520.010
6357.710
550539.016
6330.349
550557.424
6302.937
550575.257
6275.471
550592.536
6247.948
550609.281
6220.365
550625.511
6192.720
550641.243
6165.013
550656.494
6137.241
550671.281
6109.404
550685.618
6081.503
550699.521
6053.536
550713.003
6025.505
550726.078
5997.410
550738.758
5969.253
550751.055
5941.033
550762.982
5912.752
550774.550
5884.413
550785.769
5856.016
550796.650
5827.564
550807.204
5799.057
550817.439
5770.499
550827.366
5741.891
550836.993
5713.234
550846.329
5684.533
550855.383
5655.787
550864.164
5627.000
550872.678
5598.175
550880.934
5569.312
550888.939
5540.415
550896.701
5511.485
550904.226
5482.525
550911.522
5453.537
550918.596
5424.523
550925.452
5395.486
550932.099
5366.427
550938.542
5337.349
550944.787
5308.253
550950.839
5279.142
550956.705
5250.017
550962.390
5220.881
550967.899
5191.735
550973.237
5162.581
550978.410
5133.421
550983.422
5104.257
550988.277
5075.090
550992.981
5045.922
550997.538
5016.755
551001.953
4987.590
551006.229
4958.428
551010.371
4929.271
551014.382
4900.120
551018.267
4870.977
551022.030
4841.843
551025.673
4812.719
551029.201
4783.607
551032.617
4754.506
551035.925
4725.420
551039.128
4696.347
551042.228
4667.291
551045.229
4638.251
551048.135
4609.228
551050.947
4580.223
551053.670
4551.238
551056.305
4522.273
551058.855
4493.328
551061.323
4464.405
551063.711
4435.503
551066.022
4406.625
551068.259
4377.770
551070.423
4348.939
551072.517
4320.132
551074.542
4291.351
551076.502
4262.595
551078.398
4233.865
551080.233
4205.162
551082.007
4176.485
551083.723
4147.836
551085.383
4119.215
551086.989
4090.622
551088.541
4062.057
551090.043
4033.521
551091.495
4005.014
551092.900
3976.537
551094.258
3948.089
551095.571
3919.671
551096.841
3891.283
551098.068
3862.925
551099.255
3834.598
551100.402
3806.302
551101.511
3778.036
551102.584
3749.802
551103.620
3721.598
551104.622
3693.426
551105.590
3665.286
551106.526
3637.177
551107.431
3609.100
551108.305
3581.054
551109.150
3553.040
551109.966
3525.059
551110.755
3497.109
551111.517
3469.191
551112.254
3441.306
551112.965
3413.452
551113.653
3385.631
551114.317
3357.842
551114.959
3330.085
551115.579
3302.361
551116.177
3274.669
551116.756
3247.009
551117.315
3219.382
551117.854
3191.786
551118.375
3164.224
551118.879
3136.693
551119.365
3109.195
551119.834
3081.729
551120.288
3054.295
551120.725
3026.894
551121.148
2999.525
551121.556
2972.188
551121.950
2944.883
551122.331
2917.610
551122.698
2890.370
551123.053
2863.161
551123.395
2835.985
551123.725
2808.840
551124.044
2781.728
551124.352
2754.647
551124.649
2727.598
551124.936
2700.581
551125.213
2673.596
551125.480
2646.642
551125.738
2619.720
551125.987
2592.830
551126.227
2565.971
551126.458
2539.144
551126.682
2512.348
551126.897
2485.583
551127.106
2458.850
551127.306
2432.148
551127.500
2405.477
551127.687
2378.837
551127.867
2352.228
551128.041
2325.651
551128.209
2299.104
551128.370
2272.588
551128.526
2246.103
551128.677
2219.649
551128.822
2193.225
551128.962
2166.832
551129.097
2140.470
551129.227
2114.138
551129.352
2087.836
551129.473
2061.565
551129.590
2035.324
551129.702
2009.113
551129.812
1982.749
551129.916
1956.597
551130.011
1932.087
551130.096
1909.009
551130.180
1885.499
551130.264
1861.074
551130.347
1835.732
551130.431
1809.477
551130.515
1782.307
551130.598
1754.224
551130.682
1725.230
551130.765
1695.325
551130.848
1664.510
551130.932
1632.787
551131.015
1600.156
551131.098
1566.619
551131.181
1532.177
551131.265
1496.831
551131.348
1460.582
551131.431
1423.432
551131.514
1385.383
551131.596
1346.435
551131.679
1306.596
551131.762
1266.039
551131.843
1225.230
551131.921
1184.635
551131.997
1144.551
551132.070
1105.161
551132.140
1066.598
551132.207
1028.965
551132.270
992.337
551132.329
956.760
551132.386
922.259
551132.439
888.847
551132.489
856.522
551132.536
825.277
551132.580
795.095
551132.621
765.958
551132.659
737.842
551132.695
710.722
551132.729
684.570
551132.760
659.357
551132.789
635.056
551132.815
611.636
551132.840
589.069
551132.863
567.326
551132.884
546.379
551132.903
526.200
551132.921
506.762
551132.938
488.039
551132.953
470.006
551132.966
452.636
551132.979
435.907
551132.990
419.796
551133.000
404.278
551133.010
389.334
551133.018
374.942
551133.026
361.081
551133.033
347.732
551133.039
334.877
551133.044
322.496
551133.049
310.573
551133.054
299.091
551133.058
288.033
551133.061
277.385
551133.064
267.129
551133.067
257.253
551133.069
247.742
551133.071
238.583
551133.073
229.762
551133.074
221.268
551133.076
213.087
551133.077
205.209
551133.078
197.622
551133.079
190.316
551133.079
183.280
551133.080
176.504
551133.080
169.979
551133.081
163.695
551133.081
157.643
551133.081
151.815
551133.082
146.202
551133.082
140.797
551133.082
135.592
551133.082
130.579
551133.082
125.752
551133.082
121.103
551133.082
116.626
551133.082
112.315
551133.082
108.163
551133.082
104.164
551133.082
100.314
551133.082
96.605
551133.082
93.034
551133.082
89.595
551133.082
86.283
551133.082
83.094
551133.082
80.022
551133.082
77.064
551133.082
74.215
551133.082
71.472
551133.082
68.830
551133.082
66.286
551133.082
63.836
551133.082
61.476
551133.082
59.204
551133.082
57.016
551133.082
54.908
551133.082
52.879
551133.082
50.924
551133.082
49.042
551133.082
47.230
551133.082
45.484
551133.082
43.803
551133.082
42.184
551133.082
40.625
551133.082
39.124
551133.082
37.678
551133.082
36.286
551133.082
34.945
551133.082
33.653
551133.082
32.410
551133.082
31.212
551133.082
30.059
551133.082
28.948
551133.082
27.879
551133.082
26.848
551133.082
25.857
551133.082
24.901
551133.082
23.981
551133.082
23.095
551133.082
22.242
551133.082
21.420
551133.082
20.629
551133.082
19.867
551133.082
19.133
551133.082
18.427
551133.082
17.746
551133.082
17.091
551133.082
16.459
551133.082
15.852
551133.082
15.266
551133.082
14.702
551133.082
14.160
551133.082
13.637
551133.082
13.133
551133.082
12.648
551133.082
12.181
551133.082
11.732
551133.082
11.299
551133.082
10.882
551133.082
10.480
551133.082
10.093
551133.082
 9.721
551133.082
 9.362
551133.082
 9.017
551133.082
 8.684
551133.082
 8.364
551133.082
 8.055
551133.082
 7.758
551133.082
 7.472
551133.082
 7.196
551133.082
 6.931
551133.082
 6.676
551133.082
 6.429
551133.082
 6.192
551133.082
 5.964
551133.082
 5.744
551133.082
 5.533
551133.082
 5.329
551133.082
 5.133
551133.082
 4.944
551133.082
 4.762
551133.082
 4.586
551133.082
 4.417
551133.082
 4.255
551133.082
 4.098
551133.082
 3.947
551133.082
 3.802
551133.082
 3.662
551133.082
 3.528
551133.082
 3.398
551133.082
 3.273
551133.082
 3.153
551133.082
 3.037
551133.082
 2.925
551133.082
 2.818
551133.082
 2.715
551133.082
 2.615
551133.082
 2.519
551133.082
 2.427
551133.082
 2.338
551133.082
 2.252
551133.082
 2.169
551133.082
 2.090
551133.082
 2.013
551133.082
 1.940
551133.082
 1.869
551133.082
 1.800
551133.082
 1.735
551133.082
 1.671
551133.082
 1.610
551133.082
 1.551
551133.082
 1.495
551133.082
 1.440
551133.082
 1.388
551133.082
 1.337
551133.082
 1.288
551133.082
 1.241
551133.082
 1.196
551133.082
 1.153
551133.082
 1.111
551133.082
 1.071
551133.082
 1.032
551133.082
 0.994
551133.082
 0.958
551133.082
 0.924
551133.082
 0.890
551133.082
 0.858
551133.082
 0.827
551133.082
 0.797
551133.082
 0.768
551133.082
 0.741
551133.082
 0.714
551133.082
 0.688
551133.082
 0.664
551133.082
 0.640
551133.092
 0.601
551133.094
 0.528
551133.105
 0.467
551133.129
 0.400
551133.155
 0.335
551133.182
 0.270
551133.209
 0.205
551133.238
 0.142
551133.266
 0.080
