5908.847
-1041.888
5908.847
-1043.616
5908.847
-1045.343
5908.847
-1047.072
5908.847
-1048.801
5908.847
-1050.530
5908.847
-1052.260
5908.847
-1053.991
5908.847
-1055.721
5908.847
-1057.453
5908.847
-1059.185
5908.847
-1060.918
5908.847
-1062.651
5908.847
-1064.384
5908.847
-1066.118
5908.847
-1067.853
5908.847
-1069.588
5908.847
-1071.324
5908.847
-1073.060
5908.847
-1074.797
5908.847
-1076.534
5908.847
-1078.272
5908.847
-1080.010
5908.847
-1081.749
5828.701
-1068.801
5810.315
-1067.167
5801.574
-1067.301
5795.580
-1067.939
5790.903
-1068.818
5786.998
-1069.838
5783.594
-1070.951
5780.542
-1072.129
5777.745
-1073.353
5775.142
-1074.613
5772.687
-1075.901
5770.348
-1077.210
5768.102
-1078.536
5765.928
-1079.876
5763.813
-1081.226
5761.743
-1082.585
5759.708
-1083.950
5757.700
-1085.321
5755.711
-1086.694
5753.735
-1088.071
5751.767
-1089.448
5749.800
-1090.826
5747.831
-1092.204
5745.855
-1093.580
5743.869
-1094.954
5741.869
-1096.325
5739.850
-1097.693
5737.811
-1099.056
5735.748
-1100.415
5733.657
-1101.769
5731.536
-1103.117
5729.382
-1104.458
5727.192
-1105.792
5724.964
-1107.119
5722.693
-1108.437
5720.377
-1109.747
5718.014
-1111.047
5715.600
-1112.337
5713.133
-1113.617
5710.609
-1114.885
5708.025
-1116.141
5705.379
-1117.385
5702.666
-1118.616
5699.884
-1119.832
5697.029
-1121.035
5694.097
-1122.221
5691.086
-1123.392
5687.991
-1124.546
5684.808
-1125.682
5681.534
-1126.799
5678.163
-1127.897
5674.694
-1128.975
5671.119
-1130.031
5667.436
-1131.065
5663.639
-1132.076
5659.724
-1133.063
5655.686
-1134.024
5651.518
-1134.959
5647.217
-1135.866
5642.776
-1136.744
5638.189
-1137.591
5633.450
-1138.408
5628.554
-1139.191
5623.493
-1139.941
5618.261
-1140.654
5612.850
-1141.331
5607.255
-1141.968
5601.467
-1142.565
5595.478
-1143.120
5589.280
-1143.631
5582.866
-1144.096
5576.226
-1144.513
5569.352
-1144.881
5562.234
-1145.196
5554.863
-1145.459
5547.229
-1145.665
5539.323
-1145.812
5531.132
-1145.899
5522.648
-1145.924
5513.858
-1145.882
5504.751
-1145.772
5495.315
-1145.592
5485.539
-1145.338
5475.409
-1145.007
5464.913
-1144.597
5454.038
-1144.105
5442.771
-1143.528
5431.096
-1142.861
5419.001
-1142.103
5406.471
-1141.250
5393.491
-1140.298
5380.047
-1139.244
5366.122
-1138.085
5351.702
-1136.816
5336.770
-1135.434
5321.311
-1133.936
5305.308
-1132.317
5288.746
-1130.574
5271.608
-1128.702
5253.877
-1126.699
5235.538
-1124.559
5216.573
-1122.279
5196.966
-1119.854
5176.701
-1117.282
5155.762
-1114.558
5134.133
-1111.677
5111.798
-1108.637
5088.742
-1105.433
5064.951
-1102.061
5040.410
-1098.518
5015.106
-1094.801
4989.025
-1090.905
4962.156
-1086.828
4934.487
-1082.567
4906.007
-1078.118
4876.708
-1073.478
4846.582
-1068.647
4815.620
-1063.620
4783.818
-1058.396
4751.171
-1052.974
4717.677
-1047.352
4683.334
-1041.529
4648.143
-1035.505
4612.106
-1029.279
4575.227
-1022.851
4537.513
-1016.223
4498.971
-1009.394
4459.612
-1002.367
4419.446
-995.142
4378.490
-987.724
4336.757
-980.114
4294.268
-972.316
4251.042
-964.334
4207.102
-956.171
4162.473
-947.833
4117.181
-939.325
4071.255
-930.653
4024.725
-921.823
3977.624
-912.841
3929.986
-903.715
3881.846
-894.452
3833.241
-885.059
3784.210
-875.546
3734.792
-865.919
3685.029
-856.189
3634.962
-846.364
3584.632
-836.454
3534.084
-826.467
3483.360
-816.413
3432.504
-806.302
3381.559
-796.144
3330.569
-785.948
3279.576
-775.724
3228.625
-765.482
3177.756
-755.231
3127.010
-744.981
3076.429
-734.740
3026.051
-724.519
2975.915
-714.326
2926.057
-704.169
2876.513
-694.057
2827.316
-683.997
2778.500
-673.999
2730.095
-664.068
2682.130
-654.213
2634.632
-644.440
2587.628
-634.755
2541.141
-625.164
2495.192
-615.672
2449.804
-606.286
2404.993
-597.009
2360.778
-587.846
2317.172
-578.802
2274.190
-569.879
2231.843
-561.082
2190.142
-552.413
2149.095
-543.874
2108.710
-535.468
2068.991
-527.198
2029.944
-519.063
1991.572
-511.067
1953.876
-503.210
1916.858
-495.492
1880.517
-487.914
1844.851
-480.477
1809.858
-473.180
1775.535
-466.023
1741.877
-459.007
1708.881
-452.129
1676.539
-445.390
1644.847
-438.789
1613.797
-432.324
1583.382
-425.995
1553.595
-419.800
1524.426
-413.737
1495.867
-407.805
1467.909
-402.003
1440.544
-396.329
1413.761
-390.780
1387.551
-385.356
1361.905
-380.054
1336.811
-374.872
1312.260
-369.809
1288.242
-364.862
1264.746
-360.029
1241.762
-355.308
1219.280
-350.697
1197.290
-346.195
1175.781
-341.798
1154.744
-337.506
1134.167
-333.315
1114.042
-329.224
1094.358
-325.230
1075.105
-321.332
1056.273
-317.528
1037.854
-313.815
1019.837
-310.192
1002.213
-306.657
984.973
-303.207
968.109
-299.841
951.610
-296.556
935.469
-293.352
919.677
-290.226
904.226
-287.176
889.107
-284.201
874.312
-281.299
859.834
-278.468
845.664
-275.706
831.796
-273.012
818.221
-270.384
804.934
-267.821
791.926
-265.321
779.190
-262.882
766.721
-260.504
754.511
-258.184
742.554
-255.922
730.844
-253.715
719.375
-251.563
708.140
-249.464
697.135
-247.416
686.353
-245.420
675.789
-243.472
665.437
-241.573
655.293
-239.721
645.351
-237.915
635.606
-236.153
626.053
-234.435
616.689
-232.760
607.507
-231.126
598.504
-229.532
589.676
-227.979
581.017
-226.463
572.525
-224.985
564.194
-223.544
556.021
-222.139
548.003
-220.768
540.136
-219.431
532.415
-218.128
524.838
-216.857
517.400
-215.617
510.100
-214.409
502.933
-213.230
495.896
-212.081
488.987
-210.960
482.202
-209.867
475.538
-208.802
468.993
-207.762
462.564
-206.749
456.248
-205.761
450.042
-204.797
443.944
-203.858
437.952
-202.942
390.626
-182.719
329.322
-155.747
284.323
-136.187
249.900
-121.435
222.724
-109.977
200.726
-100.872
182.555
-93.505
167.291
-87.458
154.287
-82.436
143.072
-78.226
133.299
-74.668
124.705
-71.642
117.085
-69.057
110.281
-66.839
104.166
-64.931
98.639
-63.285
93.616
-61.864
89.046
-60.648
84.854
-59.598
80.992
-58.692
77.420
-57.912
74.107
-57.243
71.022
-56.671
68.143
-56.185
65.447
-55.775
62.918
-55.433
60.538
-55.150
58.294
-54.921
56.173
-54.738
54.165
-54.598
52.261
-54.495
50.451
-54.425
48.728
-54.384
47.086
-54.370
45.518
-54.378
44.019
-54.407
42.585
-54.453
41.210
-54.514
39.891
-54.589
38.624
-54.676
37.406
-54.772
36.234
-54.877
35.106
-54.988
34.018
-55.105
32.969
-55.227
31.956
-55.352
30.978
-55.479
30.033
-55.608
29.119
-55.738
28.235
-55.868
27.380
-55.998
26.552
-56.126
25.750
-56.253
24.973
-56.378
24.221
-56.501
23.491
-56.620
22.783
-56.737
22.097
-56.850
21.431
-56.960
20.786
-57.066
20.159
-57.167
19.551
-57.265
18.961
-57.359
18.388
-57.448
17.832
-57.533
17.292
-57.613
16.768
-57.689
16.259
-57.761
15.765
-57.828
15.285
-57.890
14.819
-57.949
14.367
-58.002
13.928
-58.052
13.502
-58.097
13.088
-58.138
12.686
-58.175
12.296
-58.208
11.917
-58.237
11.549
-58.262
11.192
-58.283
10.845
-58.300
10.509
-58.314
10.183
-58.325
 9.866
-58.332
 9.558
-58.335
 9.260
-58.336
 8.970
-58.333
 8.689
-58.328
 8.416
-58.319
 8.152
-58.308
 7.895
-58.294
 7.646
-58.277
 7.405
-58.258
 7.170
-58.237
 6.943
-58.213
 6.723
-58.187
 6.509
-58.159
 6.302
-58.129
 6.101
-58.097
 5.906
-58.063
 5.717
-58.027
 5.534
-57.990
 5.356
-57.951
 5.184
-57.910
 5.017
-57.868
 4.856
-57.825
 4.699
-57.780
 4.547
-57.734
 4.400
-57.686
 4.257
-57.638
 4.119
-57.588
 3.985
-57.538
 3.855
-57.486
 3.730
-57.433
 3.608
-57.380
 3.490
-57.326
 3.376
-57.270
 3.265
-57.215
 3.158
-57.158
 3.054
-57.101
 2.953
-57.043
 2.856
-56.985
 2.762
-56.926
 2.671
-56.866
 2.582
-56.806
 2.497
-56.746
 2.414
-56.685
 2.334
-56.624
 2.256
-56.562
 2.181
-56.500
 2.108
-56.438
 2.038
-56.375
 1.970
-56.313
 1.904
-56.250
 1.840
-56.186
 1.778
-56.123
 1.719
-56.059
 1.661
-55.995
 1.605
-55.932
 1.551
-55.867
 1.498
-55.803
 1.448
-55.739
 1.399
-55.675
 1.351
-55.610
 1.306
-55.546
 1.261
-55.481
 1.218
-55.417
 1.177
-55.352
 1.137
-55.287
 1.098
-55.223
 1.061
-55.158
 1.024
-55.093
 0.989
-55.029
 0.955
-54.964
 0.923
-54.900
 0.891
-54.835
 0.860
-54.771
 0.831
-54.706
 0.802
-54.642
 0.774
-54.577
 0.748
-54.513
 0.722
-54.449
 0.697
-54.385
 0.673
-54.321
 0.649
-54.257
 0.627
-54.193
 0.605
-54.130
 0.584
-54.066
 0.563
-54.002
 0.544
-53.939
 0.525
-53.876
 0.506
-53.812
 0.489
-53.749
 0.472
-53.686
 0.455
-53.623
 0.439
-53.561
 0.424
-53.498
 0.409
-53.435
 0.394
-53.373
 0.380
-53.311
 0.367
-53.248
 0.354
-53.186
 0.341
-53.124
 0.329
-53.063
 0.318
-53.001
 0.306
-52.939
 0.295
-52.878
 0.285
-52.817
 0.275
-52.755
 0.265
-52.694
 0.256
-52.634
 0.246
-52.573
 0.238
-52.512
 0.229
-52.452
 0.221
-52.391
 0.218
-53.509
 0.199
-50.688
 0.179
-47.353
 0.168
-46.107
 0.167
-47.935
 0.167
-49.767
 0.167
-51.597
 0.167
-53.426
 0.167
-55.252
 0.167
-57.077
 0.167
-58.900
 0.167
-60.720
 0.167
-62.539
 0.167
-64.355
 0.167
-66.168
 0.166
-67.980
 0.166
-69.789
 0.166
-71.595
 0.166
-73.399
 0.166
-75.200
 0.166
-76.998
 0.166
-78.793
 0.165
-80.516
 0.164
-81.543
 0.160
-81.534
 0.155
-80.753
 0.149
-79.524
 0.143
-77.993
 0.136
-76.226
 0.130
-74.280
 0.123
-72.217
 0.116
-70.083
 0.110
-67.914
 0.103
-65.736
 0.097
-63.566
 0.091
-61.421
 0.085
-59.311
 0.080
-57.245
 0.074
-55.227
 0.069
-53.263
 0.064
-51.355
 0.060
-49.504
 0.056
-47.712
 0.051
-45.977
 0.048
-44.300
 0.044
-42.681
 0.040
-41.117
 0.037
-39.608
 0.034
-38.152
 0.031
-36.748
 0.029
-35.395
 0.026
-34.090
 0.024
-32.833
 0.022
-31.622
 0.020
-30.454
 0.018
-29.330
 0.016
-28.247
 0.014
-27.203
 0.013
-26.198
 0.012
-25.230
 0.010
-24.298
 0.009
-23.399
 0.008
-22.535
 0.007
-21.701
 0.006
-20.899
 0.006
-20.127
 0.005
-19.383
 0.004
-18.666
 0.004
-17.976
 0.003
-17.311
 0.003
-16.671
 0.002
-16.055
 0.002
-15.461
 0.002
-14.889
 0.002
-14.339
 0.001
-13.809
 0.001
-13.298
 0.001
-12.806
 0.001
-12.333
 0.001
-11.877
 0.001
-11.438
 0.000
-11.015
 0.000
-10.608
 0.000
-10.215
 0.000
-9.838
 0.000
-9.474
 0.000
-9.124
 0.000
-8.786
 0.000
-8.461
 0.000
-8.149
 0.000
-7.847
 0.000
-7.557
 0.000
-7.278
 0.000
-7.009
 0.000
-6.750
 0.000
-6.500
 0.000
-6.260
 0.000
-6.028
 0.000
-5.805
 0.000
-5.591
 0.000
-5.384
 0.000
-5.185
 0.000
-4.993
 0.000
-4.809
 0.000
-4.631
 0.000
-4.460
 0.000
-4.295
 0.000
-4.136
 0.000
-3.983
 0.000
-3.836
 0.000
-3.694
 0.000
-3.557
 0.000
-3.426
 0.000
-3.299
 0.000
-3.177
 0.000
-3.060
 0.000
-2.947
 0.000
-2.838
 0.000
-2.733
 0.000
-2.632
 0.000
-2.534
 0.000
-2.441
 0.000
-2.350
 0.000
-2.263
 0.000
-2.180
 0.000
-2.099
 0.000
-2.022
 0.000
-1.947
 0.000
-1.875
 0.000
-1.806
 0.000
-1.739
 0.000
-1.674
 0.000
-1.613
 0.000
-1.553
 0.000
-1.496
 0.000
-1.440
 0.000
-1.387
 0.000
-1.336
 0.000
-1.286
 0.000
-1.239
 0.000
-1.193
 0.000
-1.149
 0.000
-1.106
 0.000
-1.065
 0.000
-1.026
 0.000
-0.988
 0.000
-0.952
 0.000
-0.916
 0.000
-0.883
 0.000
-0.850
 0.000
-0.818
 0.000
-0.788
 0.000
-0.759
 0.000
-0.731
 0.000
-0.704
 0.000
-0.678
 0.000
-0.653
 0.000
-0.629
 0.000
-0.605
 0.000
-0.583
 0.000
-0.562
 0.000
-0.541
 0.000
-0.521
 0.000
-0.502
 0.000
-0.483
 0.000
-0.465
 0.000
-0.448
 0.000
-0.431
 0.000
-0.415
 0.000
-0.400
 0.000
-0.385
 0.000
-0.371
 0.000
-0.357
 0.000
-0.344
 0.000
-0.331
 0.000
-0.319
 0.000
-0.307
 0.000
-0.296
 0.000
-0.285
 0.000
-0.274
 0.000
-0.264
 0.000
-0.255
 0.000
-0.245
 0.000
-0.236
 0.000
-0.227
 0.000
-0.219
 0.000
-0.211
 0.000
-0.203
 0.000
-0.196
 0.000
-0.188
 0.000
-0.181
 0.000
-0.175
 0.000
-0.168
 0.000
-0.162
 0.000
-0.156
 0.000
-0.150
 0.000
-0.145
 0.000
-0.139
 0.000
-0.134
 0.000
-0.129
 0.000
-0.124
 0.000
-0.120
 0.000
-0.115
 0.000
-0.111
 0.000
-0.107
 0.000
-0.103
 0.000
-0.099
 0.000
-0.096
 0.000
-0.092
 0.000
-0.089
 0.000
-0.085
 0.000
-0.082
 0.000
-0.079
 0.000
-0.076
 0.000
-0.073
 0.000
-0.071
 0.000
-0.068
 0.000
-0.066
 0.000
-0.063
 0.000
-0.061
 0.000
-0.059
 0.000
-0.056
 0.000
-0.054
 0.000
-0.052
 0.000
-0.050
 0.000
-0.049
 0.000
-0.047
 0.044
-0.181
 0.003
-0.084
 0.055
-0.105
 0.099
-0.129
 0.106
-0.128
 0.110
-0.126
 0.114
-0.124
 0.117
-0.123
 0.121
-0.121
