 0.352
 0.352
 0.352
 0.352
 0.352
 0.352
 0.353
 0.353
 0.353
 0.353
 0.353
 0.353
 0.353
 0.353
 0.353
 0.353
 0.353
 0.353
 0.353
 0.353
 0.354
 0.354
 0.354
 0.354
 0.354
 0.354
 0.354
 0.354
 0.354
 0.354
 0.354
 0.354
 0.354
 0.355
 0.355
 4.235
 1.389
 0.849
 0.634
 0.524
 0.462
 0.423
 0.398
 0.381
 0.369
 0.360
 0.354
 0.349
 0.346
 0.343
 0.341
 0.339
 0.338
 0.337
 0.336
 0.335
 0.335
 0.334
 0.334
 0.334
 0.334
 0.333
 0.333
 0.333
 0.333
 0.333
 0.333
 0.333
 0.333
 0.333
 0.334
 0.334
 0.334
 0.334
 0.334
 0.335
 0.335
 0.335
 0.336
 0.336
 0.337
 0.337
 0.338
 0.338
 0.339
 0.340
 0.341
 0.342
 0.342
 0.343
 0.345
 0.346
 0.347
 0.348
 0.350
 0.351
 0.353
 0.355
 0.357
 0.359
 0.361
 0.364
 0.366
 0.369
 0.372
 0.375
 0.378
 0.381
 0.385
 0.389
 0.393
 0.398
 0.402
 0.407
 0.412
 0.418
 0.424
 0.430
 0.436
 0.443
 0.450
 0.458
 0.466
 0.474
 0.483
 0.492
 0.501
 0.511
 0.522
 0.533
 0.544
 0.556
 0.568
 0.581
 0.595
 0.609
 0.623
 0.638
 0.654
 0.671
 0.687
 0.705
 0.723
 0.742
 0.762
 0.782
 0.803
 0.824
 0.847
 0.870
 0.894
 0.918
 0.943
 0.970
 0.997
 1.024
 1.053
 1.082
 1.113
 1.144
 1.176
 1.209
 1.242
 1.277
 1.313
 1.349
 1.387
 1.425
 1.464
 1.504
 1.545
 1.587
 1.630
 1.674
 1.719
 1.765
 1.812
 1.859
 1.908
 1.957
 2.007
 2.058
 2.110
 2.163
 2.216
 2.271
 2.325
 2.381
 2.437
 2.494
 2.552
 2.610
 2.668
 2.727
 2.786
 2.846
 2.906
 2.966
 3.026
 3.086
 3.147
 3.207
 3.267
 3.327
 3.386
 3.446
 3.504
 3.563
 3.620
 3.677
 3.733
 3.789
 3.843
 3.896
 3.948
 3.999
 4.049
 4.098
 4.145
 4.190
 4.234
 4.276
 4.317
 4.356
 4.393
 4.428
 4.461
 4.492
 4.521
 4.548
 4.573
 4.596
 4.617
 4.636
 4.652
 4.666
 4.678
 4.688
 4.696
 4.702
 4.705
 4.706
 4.706
 4.703
 4.698
 4.691
 4.682
 4.671
 4.658
 4.644
 4.628
 4.610
 4.590
 4.569
 4.546
 4.522
 4.496
 4.469
 4.440
 4.411
 4.380
 4.348
 4.315
 4.281
 4.246
 4.211
 4.174
 4.137
 4.099
 4.060
 4.021
 3.982
 3.941
 3.901
 3.860
 3.819
 3.778
 3.736
 3.694
 3.652
 3.610
 3.568
 3.526
 3.484
 3.442
 3.400
 3.359
 3.317
 3.276
 3.234
 3.193
 3.153
 3.112
 3.072
 3.032
 2.992
 2.953
 2.914
 2.875
 2.837
 2.799
 2.762
 2.725
 2.688
 2.652
 2.616
 2.581
 2.546
 2.511
 2.477
 2.444
 2.410
 2.378
 2.345
 2.313
 2.282
 2.251
 2.220
 2.190
 2.161
 2.131
 2.103
 2.074
 2.046
 2.019
 1.992
 1.965
 1.939
 1.913
 1.888
 1.862
 1.838
 1.814
 1.790
 1.766
 1.743
 1.720
 1.698
 1.676
 1.654
 1.633
 1.612
 1.592
 1.571
 1.551
 1.532
 1.513
 1.494
 1.475
 1.457
 1.439
 1.421
 1.403
 1.386
 1.369
 1.353
 1.337
 1.321
 1.305
 1.289
 1.274
 1.259
 1.244
 1.230
 1.216
 1.202
 1.188
 1.174
 1.161
 1.148
 1.135
 1.122
 1.110
 1.097
 1.085
 1.073
 1.062
 1.050
 1.039
 1.028
 1.017
 1.006
 0.996
 0.985
 0.975
 0.965
 0.955
 0.945
 0.936
 0.926
 0.917
 0.908
 0.899
 0.890
 0.881
 0.872
 0.864
 0.856
 0.847
 0.839
 0.831
 0.823
 0.816
 0.808
 0.801
 0.793
 0.786
 0.779
 0.772
 0.765
 0.758
 0.751
 0.745
 0.738
 0.732
 0.726
 0.719
 0.713
 0.707
 0.701
 0.695
 0.689
 0.684
 0.678
 0.672
 0.667
 0.662
 0.656
 0.651
 0.646
 0.641
 0.636
 0.631
 0.626
 0.621
 0.616
 0.612
 0.607
 0.602
 0.598
 0.593
 0.589
 0.585
 0.580
 0.576
 0.572
 0.363
 0.362
 0.362
 0.361
 0.361
 0.361
 0.360
 0.360
 0.359
 0.359
 0.358
 0.358
 0.357
 0.357
 0.356
 0.356
 0.356
 0.355
 0.355
 0.354
 8.356
 6.937
 5.848
 4.994
 4.313
 3.761
 3.307
 2.931
 2.614
 2.346
 2.116
 1.919
 1.748
 1.599
 1.468
 1.352
 1.250
 1.159
 1.078
 1.005
 0.940
 0.881
 0.827
 0.779
 0.735
 0.694
 0.657
 0.624
 0.593
 0.564
 0.538
 0.514
 0.491
 0.470
 0.451
 0.433
 0.416
 0.401
 0.386
 0.372
 0.360
 0.347
 0.336
 0.325
 0.315
 0.306
 0.297
 0.288
 0.280
 0.272
 0.264
 0.257
 0.250
 0.244
 0.238
 0.232
 0.226
 0.220
 0.215
 0.210
 0.205
 0.200
 0.195
 0.190
 0.186
 0.182
 0.178
 0.173
 0.169
 0.166
 0.162
 0.158
 0.155
 0.151
 0.148
 0.144
 0.141
 0.138
 0.135
 0.132
 0.129
 0.126
 0.123
 0.120
 0.117
 0.115
 0.112
 0.110
 0.107
 0.105
 0.102
 0.100
 0.098
 0.095
 0.093
 0.091
 0.089
 0.087
 0.085
 0.083
 0.081
 0.079
 0.078
 0.076
 0.074
 0.072
 0.071
 0.069
 0.068
 0.066
 0.065
 0.063
 0.062
 0.061
 0.059
 0.058
 0.057
 0.055
 0.054
 0.053
 0.052
 0.051
 0.050
 0.049
 0.048
 0.047
 0.046
 0.045
 0.044
 0.043
 0.042
 0.042
 0.041
 0.040
 0.039
 0.039
 0.038
 0.037
 0.037
 0.036
 0.035
 0.035
 0.034
 0.034
 0.033
 0.033
 0.032
 0.032
 0.031
 0.031
 0.030
 0.030
 0.029
 0.029
 0.029
 0.028
 0.028
 0.028
 0.027
 0.027
 0.027
 0.026
 0.026
 0.026
 0.026
 0.025
 0.025
 0.025
 0.025
 0.024
 0.024
 0.024
 0.024
 0.023
 0.023
 0.023
 0.023
 0.023
 0.023
 0.022
 0.022
 0.022
 0.022
 0.022
 0.022
 0.022
 0.021
 0.021
 0.021
 0.021
 0.021
 0.021
 0.021
 0.021
 0.020
 0.020
 0.020
 0.020
 0.020
 0.020
 0.020
 0.020
 0.020
 0.020
 0.020
 0.019
 0.019
 0.019
 0.019
 0.019
 0.019
 0.019
 0.019
 0.019
 0.019
 0.019
 0.019
 0.019
 0.019
 0.018
 0.018
 0.017
 0.017
 0.017
 0.017
 0.017
 0.017
 0.017
 0.017
 0.017
 0.017
 0.017
 0.017
 0.017
 0.017
 0.018
 0.018
 0.018
 0.018
 0.018
 0.018
 0.018
 0.018
 0.018
 0.018
 0.018
 0.017
 0.017
 0.017
 0.017
 0.017
 0.017
 0.017
 0.017
 0.017
 0.017
 0.017
 0.017
 0.017
 0.017
 0.017
 0.017
 0.017
 0.017
 0.017
 0.017
 0.017
 0.017
 0.017
 0.017
 0.017
 0.017
 0.017
 0.017
 0.017
 0.017
 0.017
 0.017
 0.016
 0.016
 0.016
 0.016
 0.016
 0.016
 0.016
 0.016
 0.016
 0.016
 0.016
 0.016
 0.016
 0.016
 0.016
 0.016
 0.016
 0.016
 0.016
 0.016
 0.016
 0.016
 0.016
 0.016
 0.015
 0.015
 0.015
 0.015
 0.015
 0.015
 0.015
 0.015
 0.015
 0.015
 0.015
 0.015
 0.015
 0.015
 0.015
 0.015
 0.015
 0.015
 0.015
 0.015
 0.015
 0.015
 0.015
 0.015
 0.015
 0.014
 0.014
 0.014
 0.014
 0.014
 0.014
 0.014
 0.014
 0.014
 0.014
 0.014
 0.014
 0.014
 0.014
 0.014
 0.014
 0.014
 0.014
 0.014
 0.014
 0.014
 0.014
 0.014
 0.014
 0.014
 0.014
 0.014
 0.014
 0.013
 0.013
 0.013
 0.013
 0.013
 0.013
 0.013
 0.013
 0.013
 0.013
 0.013
 0.013
 0.013
 0.013
 0.013
 0.013
 0.013
 0.013
 0.013
 0.013
 0.013
 0.013
 0.013
 0.013
 0.013
 0.013
 0.013
 0.013
 0.013
 0.013
 0.013
 0.013
 0.012
 0.012
 0.012
 0.012
 0.012
 0.012
 0.373
 0.680
 0.680
 0.363
 0.374
 0.373
 0.373
 0.373
 0.372
 0.372
 0.371
 0.371
 0.370
 0.370
 0.369
 0.369
 0.368
 0.368
 0.367
 0.367
 0.366
 0.366
 0.290
 0.081
 0.110
 0.222
 0.291
 0.343
 0.385
 0.413
 0.431
 0.440
 0.444
 0.444
 0.440
 0.433
 0.425
 0.415
 0.405
 0.393
 0.382
 0.370
 0.358
 0.346
 0.335
 0.323
 0.312
 0.301
 0.290
 0.280
 0.270
 0.260
 0.250
 0.241
 0.233
 0.224
 0.216
 0.208
 0.200
 0.193
 0.186
 0.179
 0.172
 0.166
 0.160
 0.154
 0.148
 0.143
 0.137
 0.132
 0.127
 0.123
 0.118
 0.114
 0.110
 0.106
 0.102
 0.098
 0.094
 0.091
 0.087
 0.084
 0.081
 0.078
 0.075
 0.072
 0.070
 0.067
 0.065
 0.062
 0.060
 0.058
 0.056
 0.054
 0.052
 0.050
 0.048
 0.046
 0.044
 0.043
 0.041
 0.040
 0.038
 0.037
 0.035
 0.034
 0.033
 0.032
 0.030
 0.029
 0.028
 0.027
 0.026
 0.025
 0.024
 0.023
 0.023
 0.022
 0.021
 0.020
 0.019
 0.019
 0.018
 0.017
 0.017
 0.016
 0.015
 0.015
 0.014
 0.014
 0.013
 0.013
 0.012
 0.012
 0.011
 0.011
 0.011
 0.010
 0.010
 0.009
 0.009
 0.009
 0.008
 0.008
 0.008
 0.008
 0.007
 0.007
 0.007
 0.006
 0.006
 0.006
 0.006
 0.006
 0.005
 0.005
 0.005
 0.005
 0.005
 0.004
 0.004
 0.004
 0.004
 0.004
 0.004
 0.004
 0.003
 0.003
 0.003
 0.003
 0.003
 0.003
 0.003
 0.003
 0.003
 0.002
 0.002
 0.002
 0.002
 0.002
 0.002
 0.002
 0.002
 0.002
 0.002
 0.002
 0.002
 0.002
 0.001
 0.001
 0.001
 0.001
 0.001
 0.001
 0.001
 0.001
 0.001
 0.001
 0.001
 0.001
 0.001
 0.001
 0.001
 0.001
 0.001
 0.001
 0.001
 0.001
 0.001
 0.001
 0.001
 0.001
 0.001
 0.001
 0.001
 0.001
 0.001
 0.001
 0.000
 0.000
 0.000
 0.000
