4000.000
4000.300
4000.601
4000.903
4001.206
4001.509
4001.814
4002.119
4002.424
4002.731
4003.038
4003.346
4003.655
4003.965
4004.276
4004.587
4004.899
4005.212
4005.526
4005.840
4006.155
4006.471
4006.788
4007.106
4007.424
4007.743
4008.063
4008.384
4008.706
4009.028
4009.351
4009.675
4010.000
4010.326
4010.652
3961.801
3950.543
3945.330
3941.893
3939.319
3937.254
3935.527
3934.037
3932.724
3931.547
3930.477
3929.493
3928.581
3927.727
3926.922
3926.159
3925.431
3924.733
3924.062
3923.412
3922.781
3922.166
3921.565
3920.975
3920.395
3919.823
3919.257
3918.696
3918.139
3917.584
3917.030
3916.477
3915.923
3915.367
3914.808
3914.246
3913.680
3913.109
3912.532
3911.948
3911.357
3910.758
3910.151
3909.534
3908.906
3908.268
3907.619
3906.957
3906.282
3905.594
3904.892
3904.174
3903.441
3902.691
3901.924
3901.140
3900.337
3899.514
3898.671
3897.807
3896.921
3896.013
3895.081
3894.125
3893.144
3892.136
3891.101
3890.039
3888.947
3887.826
3886.673
3885.488
3884.270
3883.018
3881.730
3880.406
3879.044
3877.643
3876.202
3874.719
3873.193
3871.622
3870.006
3868.343
3866.631
3864.868
3863.054
3861.186
3859.263
3857.283
3855.244
3853.145
3850.983
3848.757
3846.465
3844.104
3841.673
3839.170
3836.591
3833.936
3831.201
3828.384
3825.484
3822.496
3819.419
3816.251
3812.987
3809.627
3806.166
3802.602
3798.932
3795.153
3791.261
3787.255
3783.129
3778.882
3774.509
3770.008
3765.374
3760.605
3755.696
3750.643
3745.444
3740.094
3734.590
3728.926
3723.100
3717.108
3710.944
3704.606
3698.088
3691.387
3684.499
3677.419
3670.142
3662.665
3654.983
3647.092
3638.987
3630.665
3622.121
3613.350
3604.348
3595.112
3585.637
3575.919
3565.953
3555.737
3545.267
3534.537
3523.546
3512.290
3500.764
3488.967
3476.895
3464.546
3451.916
3439.004
3425.808
3412.325
3398.554
3384.494
3370.144
3355.502
3340.568
3325.343
3309.826
3294.019
3277.921
3261.534
3244.860
3227.901
3210.659
3193.138
3175.339
3157.267
3138.926
3120.320
3101.454
3082.333
3062.963
3043.350
3023.499
3003.418
2983.114
2962.594
2941.866
2920.938
2899.819
2878.516
2857.040
2835.398
2813.601
2791.659
2769.581
2747.376
2725.056
2702.631
2680.110
2657.505
2634.825
2612.082
2589.286
2566.447
2543.576
2520.683
2497.778
2474.873
2451.976
2429.097
2406.248
2383.436
2360.672
2337.964
2315.322
2292.754
2270.268
2247.873
2225.577
2203.388
2181.311
2159.356
2137.528
2115.833
2094.279
2072.870
2051.612
2030.511
2009.571
1988.797
1968.194
1947.764
1927.513
1907.443
1887.557
1867.859
1848.350
1829.034
1809.913
1790.988
1772.260
1753.732
1735.404
1717.277
1699.353
1681.631
1664.112
1646.796
1629.683
1612.774
1596.067
1579.562
1563.258
1547.156
1531.253
1515.549
1500.044
1484.735
1469.621
1454.701
1439.975
1425.439
1411.092
1396.934
1382.961
1369.173
1355.568
1342.143
1328.896
1315.827
1302.932
1290.210
1277.658
1265.276
1253.060
1241.008
1229.119
1217.391
1205.820
1194.406
1183.146
1172.038
1161.079
1150.269
1139.604
1129.082
1118.703
1108.462
1098.359
1088.392
1078.558
1068.855
1059.282
1049.836
1040.516
1031.319
1022.244
1013.289
1004.453
995.732
987.125
978.632
970.249
961.975
953.808
945.748
937.791
929.937
922.183
914.529
906.972
899.511
892.145
884.872
877.690
870.599
863.596
856.681
849.851
843.106
836.445
829.865
823.366
816.946
810.604
804.339
798.149
792.035
785.993
780.024
774.125
768.297
762.537
756.846
751.221
745.661
740.167
734.736
729.368
724.061
718.816
713.630
708.503
703.435
698.424
693.469
688.570
683.725
678.934
674.197
669.512
664.878
660.295
655.762
651.279
646.844
642.457
638.118
633.825
629.578
625.376
621.219
617.105
613.036
609.008
605.024
601.080
597.178
593.316
589.494
585.711
581.967
578.262
574.594
570.964
567.370
563.812
560.291
556.804
553.353
549.936
546.553
543.203
539.887
536.603
533.352
530.132
526.944
523.787
520.660
517.564
514.498
511.461
508.454
505.475
502.524
499.602
496.708
493.841
491.001
488.188
485.401
482.641
479.906
477.197
474.513
471.855
469.220
466.611
464.025
461.463
460.867
460.738
460.614
460.494
460.378
460.265
460.157
460.052
459.951
459.854
459.760
459.669
459.582
459.499
459.418
459.341
459.266
459.195
459.126
459.060
414.658
377.351
346.155
319.701
297.000
277.319
260.104
244.929
231.460
219.434
208.637
198.897
190.073
182.047
174.722
168.015
161.856
156.186
150.953
146.115
141.631
137.469
133.600
129.998
126.640
123.505
120.577
117.839
115.276
112.876
110.626
108.516
106.537
104.679
102.935
101.297
99.759
98.313
96.955
95.679
94.479
93.352
92.294
91.299
90.364
89.486
88.661
87.887
87.159
86.477
85.836
85.235
84.671
84.142
83.646
83.181
82.744
82.335
81.952
81.593
81.256
80.940
80.645
80.367
80.107
79.863
79.634
79.419
79.218
79.028
78.850
78.682
78.523
78.374
78.233
78.100
77.973
77.854
77.740
77.631
77.527
77.428
77.333
77.241
77.153
77.068
76.986
76.905
76.827
76.751
76.676
76.603
76.530
76.459
76.389
76.319
76.249
76.180
76.111
76.042
75.974
75.905
75.835
75.766
75.696
75.626
75.556
75.484
75.413
75.341
75.268
75.194
75.120
75.045
74.970
74.894
74.817
74.739
74.660
74.581
74.502
74.421
74.340
74.258
74.175
74.092
74.008
73.923
73.838
73.752
73.665
73.578
73.490
73.402
73.313
73.224
73.134
73.044
72.953
72.862
72.770
72.678
72.585
72.493
72.399
72.306
72.212
72.118
72.023
71.929
71.834
71.739
71.643
71.548
71.452
71.356
71.260
71.164
71.067
70.971
70.874
70.778
70.681
70.584
70.488
70.391
70.294
70.197
70.100
70.003
69.907
69.810
69.713
69.616
69.520
69.423
69.327
69.230
69.134
69.038
68.941
68.845
68.750
68.654
68.558
68.463
68.367
68.272
68.177
68.082
67.987
67.893
67.798
67.704
67.610
67.516
67.422
67.328
67.235
67.142
67.049
66.956
66.863
66.771
66.679
66.587
66.495
66.403
66.312
66.221
66.130
66.039
65.949
65.858
65.768
65.678
65.589
65.499
65.410
65.321
65.232
65.144
65.063
64.982
64.900
64.817
64.734
64.651
64.568
64.484
64.400
64.316
64.231
64.146
64.061
63.976
63.891
63.806
63.720
63.635
63.549
63.464
63.378
63.293
63.207
63.122
63.036
62.951
62.866
62.780
62.695
62.610
62.525
62.440
62.355
62.271
62.186
62.102
62.018
61.933
61.849
61.766
61.682
61.598
61.515
61.432
61.349
61.266
61.183
61.101
61.018
60.936
60.854
60.773
60.691
60.610
60.529
60.448
60.367
60.286
60.206
60.126
60.046
59.966
59.886
59.807
59.727
59.648
59.570
59.491
59.413
59.334
59.256
59.179
59.101
59.024
58.946
58.869
58.793
58.716
58.640
58.563
58.487
58.412
58.336
58.261
58.185
58.110
58.036
57.961
57.887
57.812
57.738
57.664
57.591
57.517
57.444
57.371
57.298
57.225
57.153
57.081
57.008
56.936
56.865
56.793
56.722
56.651
56.580
56.509
56.438
56.368
56.297
56.227
56.157
56.088
56.018
55.949
55.879
55.810
55.741
55.673
55.604
55.536
55.468
55.400
55.332
55.264
55.197
55.130
55.062
54.995
54.929
54.862
54.796
54.729
54.663
54.597
54.531
54.466
54.400
54.335
54.270
54.205
54.140
54.075
54.011
53.947
53.882
53.818
53.754
53.691
53.627
53.564
53.501
53.437
53.375
53.312
53.249
53.187
53.124
53.062
53.000
52.938
52.877
52.815
52.754
52.692
52.631
52.570
52.509
52.449
52.388
53.736
50.916
47.580
46.327
48.155
49.987
51.817
53.646
55.472
57.296
59.119
60.939
62.757
64.573
66.386
68.198
70.006
71.812
73.616
75.416
77.214
79.009
80.691
81.589
81.463
80.616
79.345
77.782
75.988
74.025
71.950
69.811
67.640
65.461
63.294
61.153
59.048
56.987
54.977
53.020
51.119
49.275
47.490
45.763
44.093
42.480
40.924
39.421
37.972
36.575
35.228
33.929
32.678
31.472
30.310
29.191
28.113
27.074
26.074
25.110
24.182
23.289
22.428
21.599
20.800
20.031
19.291
18.577
17.891
17.229
16.592
15.979
15.388
14.819
14.271
13.743
13.235
12.746
12.275
11.821
11.384
10.963
10.557
10.167
 9.791
 9.429
 9.080
 8.745
 8.421
 8.110
 7.810
 7.521
 7.243
 6.975
 6.718
 6.469
 6.230
 6.000
 5.778
 5.564
 5.358
 5.160
 4.970
 4.786
 4.609
 4.438
 4.274
 4.116
 3.964
 3.818
 3.676
 3.540
 3.410
 3.283
 3.162
 3.045
 2.933
 2.824
 2.720
 2.619
 2.522
 2.429
 2.339
 2.253
 2.169
 2.089
 2.012
 1.938
 1.866
 1.797
 1.731
 1.667
 1.605
 1.546
 1.488
 1.433
 1.380
 1.329
 1.280
 1.233
 1.187
 1.143
 1.101
 1.060
 1.021
 0.983
 0.947
 0.912
 0.878
 0.846
 0.815
 0.784
 0.755
 0.728
 0.701
 0.675
 0.650
 0.626
 0.603
 0.580
 0.559
 0.538
 0.518
 0.499
 0.481
 0.463
 0.446
 0.429
 0.413
 0.398
 0.383
 0.369
 0.356
 0.342
 0.330
 0.318
 0.306
 0.295
 0.284
 0.273
 0.263
 0.253
 0.244
 0.235
 0.226
 0.218
 0.210
 0.202
 0.195
 0.187
 0.180
 0.174
 0.167
 0.161
 0.155
 0.149
 0.144
 0.139
 0.134
 0.129
 0.124
 0.119
 0.115
 0.111
 0.106
 0.103
 0.099
 0.095
 0.092
 0.088
 0.085
 0.082
 0.079
 0.076
 0.073
 0.070
 0.068
 0.065
 0.063
 0.061
 0.058
 0.056
