 0.000
125000.000
1969.616
124652.272
3939.231
124303.681
5908.847
123954.225
7878.462
123603.905
9848.078
123252.722
11817.693
122900.674
13787.309
122547.761
15756.924
122193.983
17726.540
121839.341
19696.156
121483.833
21665.771
121127.460
23635.387
120770.222
25605.002
120412.118
27574.618
120053.148
29544.233
119693.313
31513.849
119332.611
33483.464
118971.042
35453.080
118608.608
37422.696
118245.306
39392.311
117881.138
41361.927
117516.102
43331.542
117150.200
45301.158
116783.430
47270.773
116415.792
49240.389
116047.287
51210.004
115677.913
53179.620
115307.672
55149.236
114936.562
57118.851
114564.584
59088.467
114191.737
61058.082
113818.021
63027.698
113443.436
64997.313
113067.982
66966.929
112691.658
68927.469
112318.149
70870.629
111950.815
72810.122
111584.094
74747.476
111217.367
76683.276
110850.400
78617.837
110483.064
80551.352
110115.281
82483.957
109746.996
84415.747
109378.172
86346.796
109008.778
88277.160
108638.790
90206.886
108268.192
92136.009
107896.968
94064.559
107525.105
95992.563
107152.594
97920.040
106779.425
99847.009
106405.592
101773.485
106031.089
103699.481
105655.910
105625.008
105280.051
107550.075
104903.507
109474.690
104526.277
111398.861
104148.356
113322.591
103769.742
115245.887
103390.434
117168.752
103010.431
119091.189
102629.730
121013.201
102248.331
122934.788
101866.233
124855.953
101483.435
126776.696
101099.939
128697.017
100715.742
130616.916
100330.846
132536.391
99945.251
134455.442
99558.957
136374.066
99171.966
138292.262
98784.277
140210.027
98395.893
142127.359
98006.814
144044.253
97617.042
145960.707
97226.578
147876.717
96835.423
149792.278
96443.580
151707.386
96051.051
153622.036
95657.837
155536.223
95263.941
157449.941
94869.365
159363.185
94474.112
161275.948
94078.184
163188.224
93681.584
165100.006
93284.315
167011.286
92886.380
168922.059
92487.782
170832.315
92088.525
172742.046
91688.612
174651.244
91288.046
176559.901
90886.832
178468.007
90484.974
180375.552
90082.475
182282.526
89679.341
184188.920
89275.574
186094.723
88871.181
187999.923
88466.166
189904.510
88060.533
191808.471
87654.289
193711.793
87247.438
195614.466
86839.986
197516.474
86431.939
199417.805
86023.302
201318.445
85614.083
203218.379
85204.286
205117.592
84793.920
207016.069
84382.990
208913.793
83971.505
210810.749
83559.470
212706.919
83146.894
214602.285
82733.784
216496.830
82320.149
218390.534
81905.997
220283.379
81491.337
222175.344
81076.176
224066.409
80660.526
225956.553
80244.394
227845.753
79827.792
229733.987
79410.728
231621.233
78993.214
233507.465
78575.259
235392.659
78156.877
237276.789
77738.076
239159.830
77318.871
241041.755
76899.272
242922.534
76479.293
244802.140
76058.946
246680.542
75638.244
248557.711
75217.203
250433.615
74795.835
252308.220
74374.156
254181.495
73952.180
256053.404
73529.923
257923.912
73107.402
259792.982
72684.633
261660.577
72261.633
263526.659
71838.419
265391.186
71415.010
267254.119
70991.424
269115.415
70567.680
270975.031
70143.799
272832.921
69719.801
274689.040
69295.707
276543.341
68871.537
278395.774
68447.315
280246.291
68023.064
282094.838
67598.806
283941.364
67174.566
285785.814
66750.369
287628.132
66326.240
289468.260
65902.206
291306.140
65478.294
293141.711
65054.530
294974.910
64630.945
296805.674
64207.567
298633.937
63784.425
300459.631
63361.552
302282.688
62938.978
304103.036
62516.736
305920.602
62094.858
307735.313
61673.380
309547.092
61252.336
311355.860
60831.762
313161.537
60411.694
314964.040
59992.170
316763.287
59573.229
318559.190
59154.908
320351.662
58737.250
322140.612
58320.293
323925.949
57904.082
325707.578
57488.657
327485.403
57074.063
329259.327
56660.344
331029.248
56247.546
332795.065
55835.714
334556.674
55424.896
336313.968
55015.140
338066.840
54606.495
339815.179
54199.009
341558.873
53792.734
343297.808
53387.720
345031.870
52984.019
346760.939
52581.684
348484.897
52180.768
350203.622
51781.325
351916.993
51383.409
353624.884
50987.076
355327.170
50592.381
357023.723
50199.379
358714.415
49808.129
360399.115
49418.686
362077.693
49031.108
363750.016
48645.453
365415.951
48261.778
367075.363
47880.142
368728.118
47500.602
370374.081
47123.217
372013.114
46748.045
373645.082
46375.144
375269.848
46004.571
376887.276
45636.385
378497.227
45270.642
380099.567
44907.399
381694.160
44546.713
383280.868
44188.639
384859.559
43833.233
386430.098
43480.548
387992.352
43130.638
389546.191
42783.555
391091.483
42439.351
392628.101
42098.077
394155.918
41759.781
395674.810
41424.512
397184.654
41092.315
398685.330
40763.235
400176.722
40437.317
401658.714
40114.603
403131.195
39795.131
404594.056
39478.941
406047.191
39166.070
407490.500
38856.551
408923.882
38550.418
410347.245
38247.702
411760.496
37948.430
413163.550
37652.630
414556.323
37360.325
415938.738
37071.539
417310.720
36786.290
418672.199
36504.597
420023.110
36226.474
421363.394
35951.936
422692.995
35680.992
424011.861
35413.650
425319.946
35149.918
426617.209
34889.798
427903.615
34633.293
429179.130
34380.401
430443.729
34131.119
431697.391
33885.443
432940.097
33643.364
434171.836
33404.872
435392.601
33169.957
436602.390
32938.604
437801.205
32710.797
438989.052
32486.518
440165.943
32265.748
441331.894
32048.465
442486.926
31834.646
443631.063
31624.265
444764.334
31417.296
445886.773
31213.710
446998.414
31013.477
448099.301
30816.566
449189.477
30622.945
450268.990
30432.579
451337.892
30245.432
452396.239
30061.470
453444.087
29880.654
454481.498
29702.945
455508.537
29528.305
456525.269
29356.694
457531.766
29188.069
458528.098
29022.391
459514.341
28859.615
460490.571
28699.700
461456.866
28542.602
462413.307
28388.278
463359.977
28236.682
464296.960
28087.771
465224.342
27941.500
466142.209
27797.823
467050.651
27656.697
467949.756
27518.075
468839.615
27381.912
469720.321
27248.164
470591.965
27116.784
471454.641
26987.729
472308.442
26860.953
473153.463
26736.411
473989.798
26614.059
474817.542
26493.852
475636.791
26375.747
476447.640
26259.700
477250.185
26145.667
478044.521
26033.606
478830.744
25923.474
479608.948
25815.229
480379.229
25708.829
481141.682
25604.232
481896.401
25501.399
482643.479
25400.288
483383.012
25300.860
484115.091
25203.075
484839.809
25106.895
485557.258
25012.281
486267.530
24919.196
486970.715
24827.602
487666.902
24737.463
488356.182
24648.743
489038.642
24561.406
489714.371
24475.417
490383.454
24390.742
491045.978
24307.347
491702.028
24225.198
492351.689
24144.264
492995.042
24064.511
493632.172
23985.909
494263.159
23908.427
494888.084
23832.033
495507.026
23756.698
496120.065
23682.393
496727.277
23609.089
497328.739
23536.757
497924.528
23465.371
498514.718
23394.902
499099.382
23325.324
499678.593
23256.612
500252.424
23188.738
500820.945
23121.680
501384.226
23055.410
501942.335
22989.907
502495.341
22925.145
503043.311
22861.102
503586.311
22797.756
504124.405
22735.083
504657.659
22673.063
505186.134
22611.673
505709.893
22550.893
506228.998
22490.704
506743.509
22431.083
507253.485
22372.013
507758.985
22313.474
508260.067
22255.447
508756.788
22197.914
509249.203
22140.856
509737.367
22084.257
510221.335
22028.099
510701.161
21972.366
511176.896
21917.040
511648.592
21862.106
512116.301
21807.548
512580.073
21753.350
513039.956
21699.498
513496.000
21645.976
513948.253
21592.771
514396.760
21539.868
514841.569
21487.254
515282.726
21434.914
515720.274
21382.836
516154.259
21331.006
516584.723
21279.413
517011.710
21228.043
517435.261
21176.885
517855.418
21125.927
518272.222
21075.157
518685.712
21024.564
519095.929
20974.137
519502.910
20923.866
519906.695
20873.738
520307.320
20823.745
520704.823
20773.876
521099.240
20724.122
521490.607
20674.472
521878.959
20624.917
522264.332
20575.448
522646.758
20526.057
523026.272
20476.733
523402.907
20427.469
523776.695
20378.256
524147.668
20329.086
524515.858
20279.950
524881.296
20230.842
525244.013
20181.753
525604.038
20132.675
525961.401
20083.602
526316.131
20034.527
526668.257
19985.441
527017.807
19936.339
527364.810
19887.214
527709.291
19838.058
528051.279
19788.867
528390.799
19739.633
528727.878
19690.350
529062.541
19641.013
529394.814
19591.616
529724.722
19542.152
530052.289
19492.617
530377.539
19443.005
530700.497
19393.311
531021.184
19343.529
531339.626
19293.654
531655.844
19243.682
531969.860
19193.608
532281.697
19143.427
532591.376
19093.135
532898.919
19042.727
533204.347
18992.198
533507.680
18941.544
533808.939
18890.762
534108.144
18839.847
534405.315
18788.796
534700.472
18737.604
534993.632
18686.267
535284.817
18634.783
535574.043
18583.147
535861.330
18531.356
536146.696
18479.406
536430.158
18427.295
536711.734
18375.019
536991.442
18322.576
537269.298
18269.961
537545.320
18217.172
537819.524
18164.206
538091.926
18111.060
538362.542
18057.733
538631.389
18004.220
538898.482
17950.519
539163.836
17896.628
539427.467
17842.545
539689.389
17788.267
539949.618
17733.792
540208.168
17679.118
540465.054
17624.242
540720.289
17569.162
540973.887
17513.877
541225.863
17458.384
541476.230
17402.682
541725.002
17346.769
541972.190
17290.642
542217.810
17234.301
542461.873
17177.743
542704.392
17120.968
542945.380
17063.973
543184.849
17006.757
543422.811
16949.318
543659.278
16891.656
543894.263
16833.769
544127.776
16775.655
544359.829
16717.314
544590.434
16658.745
544819.602
16599.945
545047.344
16540.915
545273.670
16481.653
545498.593
16422.158
545722.121
16362.430
545944.620
16302.269
546166.803
16241.281
546388.688
16179.456
546610.275
16116.795
546831.564
16053.300
547052.552
15988.972
547273.238
15923.812
547493.623
15857.823
547713.704
15791.006
547933.480
15723.362
548152.951
15654.893
548372.115
15585.600
548590.971
15515.486
548809.517
15444.552
549027.753
15372.799
549245.677
15300.229
549463.288
15226.845
549680.584
15152.647
549897.565
15077.638
550114.228
15001.818
550319.981
14928.936
550506.068
14862.142
550675.819
14800.332
550831.786
14742.658
550975.970
14688.455
551109.966
14637.194
551235.066
14588.446
551352.331
14541.859
551462.644
14497.141
551566.744
14454.046
551665.261
14412.367
551758.730
14371.927
551847.614
14332.572
551932.314
14294.171
552013.180
14256.608
552090.520
14219.782
552164.605
14183.606
552235.675
14147.999
552303.945
14112.893
552369.606
14078.225
552432.830
14043.940
552493.773
14009.989
552552.574
13976.326
552609.361
13942.911
552664.249
13909.708
552717.343
13876.684
552768.741
13843.809
552818.530
13811.057
552866.793
13778.403
552913.603
13745.824
552959.029
13713.301
553003.136
13680.815
553045.984
13648.350
553087.625
13615.890
553128.113
13583.421
553167.494
13550.931
553205.813
13518.409
553243.112
13485.845
553279.429
13453.229
553314.800
13420.553
553349.261
13387.809
553382.842
13354.991
553415.576
13322.093
553447.489
13289.110
553478.609
13256.036
553508.962
13222.868
553538.571
13189.603
553567.460
13156.237
553595.651
13122.769
553623.163
13089.194
553650.018
13055.514
553676.232
13021.724
553701.826
12987.826
553726.814
12953.818
553751.215
12919.701
553775.043
12885.473
553798.314
12851.136
553821.041
12816.689
553843.239
12782.134
553864.921
12747.472
553886.100
12712.704
553906.788
12677.831
553926.998
12642.854
553946.739
12607.776
553966.025
12572.598
553984.865
12537.321
554003.269
12501.950
554021.248
12466.484
554038.812
12430.927
554055.971
12395.281
554072.732
12359.548
554089.105
12323.731
554105.100
12287.832
554120.724
12251.854
554135.986
12215.800
554150.893
12179.672
554165.453
12143.473
554179.675
12107.205
554193.566
12070.872
554207.132
12034.476
554220.381
11998.019
554233.320
11961.505
554245.955
11924.937
554258.294
11888.316
554270.342
11851.646
554282.107
11814.930
554293.593
11778.169
554304.808
11741.368
554315.757
11704.527
554326.446
11667.651
554336.881
11630.741
554347.067
11593.800
554357.010
11556.830
554366.714
11519.835
554376.186
11482.815
554385.431
11445.775
554394.453
11408.715
554403.257
11371.639
554411.848
11334.548
554420.231
11297.445
554428.410
11260.332
554436.391
11223.210
554444.177
11186.083
554451.773
11148.952
554459.183
11111.818
554466.411
11074.684
554473.462
11037.552
554480.339
11000.424
554487.046
10963.301
554493.587
10926.184
554499.967
10889.077
554506.188
10851.979
554512.254
10814.893
554518.169
10777.821
554523.937
10740.763
554529.560
10703.722
554535.042
10666.698
554540.387
10629.693
554545.597
10592.708
554550.676
10555.745
554555.626
10518.805
554560.452
10481.888
554565.154
10444.997
554569.738
10408.131
554574.205
10371.293
554578.558
10334.483
554582.800
10297.701
554586.933
10260.951
554590.960
10224.231
554594.884
10187.542
554598.707
10150.887
554602.432
10114.265
554606.061
10077.678
554609.595
10041.125
554613.038
10004.608
554616.392
9968.128
554619.659
9931.684
554622.841
9895.279
554625.939
9858.911
554628.957
9822.583
554631.896
9786.294
554634.758
9750.045
554637.545
9713.836
554640.258
9677.668
554642.900
9641.542
554645.473
9605.457
554647.977
9569.414
554650.415
9533.414
554652.789
9497.457
554655.100
9461.543
554657.349
9425.673
554659.538
9389.847
554661.669
9354.065
554663.743
9318.327
554665.762
9282.634
554667.727
9246.987
554669.639
9211.384
554671.499
9175.827
554673.310
9140.315
554675.071
9104.849
554676.786
9069.429
554678.454
9034.056
554680.076
8998.728
554681.655
8963.447
554683.191
8928.213
554684.685
8893.025
554686.139
8857.884
554687.553
8822.789
554688.928
8787.742
554690.266
8752.742
554691.567
8717.788
554692.833
8682.882
554694.064
8648.023
554695.261
8613.212
554696.425
8578.447
554697.556
8543.730
554698.657
8509.060
554699.727
8474.437
554700.768
8439.862
554701.780
8405.334
554702.764
8370.853
554703.720
8336.420
554704.650
8302.033
554705.554
8267.694
554706.432
8233.403
554707.287
8199.158
554708.117
8164.961
554708.924
8130.811
554709.708
8096.707
554710.470
8062.651
554711.211
8028.642
554711.931
7994.680
554712.631
7960.764
554713.311
7926.896
554713.972
7893.074
554714.614
7859.299
554715.237
7825.570
554715.844
7791.888
554716.432
7758.252
554717.005
7724.663
554717.560
7691.120
554718.100
7657.623
554718.625
7624.172
554719.134
7590.767
554719.629
7557.409
554720.110
7524.096
554720.577
7490.828
554721.031
7457.607
554721.471
7424.431
554721.899
7391.301
554722.314
7358.216
554722.718
7325.176
554723.109
7292.181
554723.490
7259.232
554723.859
7226.327
554724.218
7193.468
554724.566
7160.653
554724.904
7127.883
554725.232
7095.157
554725.551
7062.476
554725.860
7029.839
554726.160
6997.247
554726.452
6964.696
554726.735
6932.186
554727.009
6899.717
554727.276
6867.289
554727.535
6834.902
554727.786
6802.556
554728.030
6770.253
554728.266
6737.990
554728.496
6705.770
554728.719
6673.592
554728.935
6641.456
554729.145
6609.363
554729.348
6577.311
554729.546
6545.303
554729.738
6513.336
554729.923
6481.413
554730.104
6449.532
554730.279
6417.693
554730.449
6385.898
554730.613
6354.145
554730.773
6322.435
554730.928
6290.767
554731.078
6259.142
554731.224
6227.561
554731.365
6196.021
554731.502
6164.525
554731.635
6133.071
554731.764
6101.660
554731.889
6070.291
554732.010
6038.965
554732.127
6007.681
554732.241
5976.440
554732.352
5945.241
554732.459
5914.085
554732.562
5882.971
554732.663
5851.899
554732.760
5820.869
554732.855
5789.882
554732.946
5758.936
554733.035
5728.033
554733.121
5697.171
554733.205
5666.351
554733.285
5635.573
554733.364
5604.836
554733.440
5574.141
554733.513
5543.488
554733.584
5512.876
554733.653
5482.305
554733.720
5451.775
554733.785
5421.286
554733.848
5390.839
554733.909
5360.432
554733.968
5330.066
554734.025
5299.741
554734.080
5269.457
554734.133
5239.213
554734.185
5209.009
554734.235
5178.846
554734.284
5148.723
554734.331
5118.640
554734.377
5088.598
554734.421
5058.595
554734.464
5028.632
554734.505
4998.709
554734.545
4968.825
554734.584
4938.981
554734.622
4909.177
554734.658
4879.412
554734.693
4849.686
554734.727
4819.999
554734.760
4790.351
554734.792
4760.742
554734.823
4731.173
554734.853
4701.641
554734.882
4672.149
554734.910
4642.695
554734.937
4613.280
554734.964
4583.902
554734.989
4554.563
554735.013
4525.263
554735.037
4496.000
554735.060
4466.775
554735.083
4437.588
554735.104
4408.439
554735.125
4379.328
554735.145
4350.254
554735.165
4321.217
554735.184
4292.218
554735.202
4263.256
554735.219
4234.332
554735.237
4205.444
554735.253
4176.593
554735.269
4147.780
554735.284
4119.003
554735.299
4090.262
554735.314
4061.559
554735.328
4032.891
554735.341
4004.261
554735.354
3975.666
554735.367
3947.108
554735.379
3918.586
554735.391
3890.099
554735.402
3861.649
554735.414
3833.235
554735.424
3804.856
554735.434
3776.513
554735.444
3748.205
554735.454
3719.933
554735.463
3691.697
554735.472
3663.495
554735.481
3635.329
554735.490
3607.198
554735.498
3579.102
554735.505
3551.041
554735.513
3523.014
554735.520
3495.023
554735.527
3467.066
554735.534
3439.143
554735.541
3411.255
554735.547
3383.402
554735.554
3355.582
554735.559
3327.797
554735.565
3300.047
554735.571
3272.330
554735.576
3244.647
554735.581
3216.998
554735.586
3189.382
554735.591
3161.801
554735.596
3134.253
554735.600
3106.738
554735.605
3079.257
554735.609
3051.810
554735.613
3024.395
554735.617
2997.014
554735.621
2969.666
554735.624
2942.351
554735.628
2915.069
554735.631
2887.819
554735.635
2860.603
554735.638
2833.419
554735.641
2806.268
554735.644
2779.149
554735.647
2752.063
554735.649
2725.009
554735.652
2697.987
554735.655
2670.998
554735.657
2644.041
554735.660
2617.116
554735.662
2590.222
554735.664
2563.361
554735.666
2536.531
554735.668
2509.734
554735.670
2482.968
554735.672
2456.233
554735.674
2429.530
554735.676
2402.859
554735.678
2376.218
554735.679
2349.609
554735.681
2323.032
554735.683
2296.485
554735.684
2269.969
554735.685
2243.485
554735.687
2217.031
554735.688
2190.608
554735.690
2164.216
554735.691
2137.855
554735.692
2111.524
554735.693
2085.224
554735.694
2058.954
554735.695
2032.714
554735.696
2006.505
554735.697
1980.064
554735.698
1953.798
554735.699
1929.174
554735.700
1905.984
554735.701
1882.364
554735.702
1857.828
554735.702
1832.377
554735.703
1806.011
554735.704
1778.732
554735.705
1750.540
554735.706
1721.436
554735.706
1691.421
554735.707
1660.497
554735.708
1628.665
554735.709
1595.925
554735.709
1562.279
554735.710
1527.727
554735.711
1492.273
554735.712
1455.916
554735.713
1418.658
554735.713
1380.500
554735.714
1341.444
554735.715
1301.503
554735.716
1260.889
554735.716
1220.087
554735.717
1179.545
554735.718
1139.541
554735.718
1100.249
554735.719
1061.798
554735.720
1024.289
554735.720
987.792
554735.721
952.350
554735.721
917.986
554735.722
884.711
554735.722
852.524
554735.723
821.413
554735.723
791.365
554735.724
762.358
554735.724
734.369
554735.724
707.372
554735.725
681.340
554735.725
656.244
554735.725
632.055
554735.725
608.745
554735.726
586.283
554735.726
564.642
554735.726
543.793
554735.726
523.709
554735.726
504.363
554735.727
485.728
554735.727
467.780
554735.727
450.493
554735.727
433.843
554735.727
417.807
554735.727
402.363
554735.727
387.490
554735.727
373.165
554735.727
359.370
554735.727
346.085
554735.727
333.290
554735.727
320.968
554735.728
309.102
554735.728
297.674
554735.728
286.669
554735.728
276.070
554735.728
265.864
554735.728
256.034
554735.728
246.568
554735.728
237.452
554735.728
228.674
554735.728
220.219
554735.728
212.078
554735.728
204.237
554735.728
196.686
554735.728
189.414
554735.728
182.412
554735.728
175.668
554735.728
169.173
554735.728
162.919
554735.728
156.896
554735.728
151.096
554735.728
145.510
554735.728
140.130
554735.728
134.950
554735.728
129.961
554735.728
125.156
554735.728
120.530
554735.728
116.074
554735.728
111.783
554735.728
107.650
554735.728
103.671
554735.728
99.838
554735.728
96.148
554735.728
92.593
554735.728
89.171
554735.728
85.874
554735.728
82.700
554735.728
79.643
554735.728
76.699
554735.728
73.864
554735.728
71.133
554735.728
68.504
554735.728
65.972
554735.728
63.533
554735.728
61.185
554735.728
58.923
554735.728
56.746
554735.728
54.648
554735.728
52.628
554735.728
50.683
554735.728
48.810
554735.728
47.006
554735.728
45.269
554735.728
43.596
554735.728
41.984
554735.728
40.433
554735.728
38.939
554735.728
37.500
554735.728
36.114
554735.728
34.779
554735.728
33.494
554735.728
32.256
554735.728
31.064
554735.728
29.917
554735.728
28.811
554735.728
27.747
554735.728
26.721
554735.728
25.734
554735.728
24.783
554735.728
23.868
554735.728
22.986
554735.728
22.137
554735.728
21.319
554735.728
20.531
554735.728
19.773
554735.728
19.043
554735.728
18.339
554735.728
17.662
554735.728
17.010
554735.728
16.381
554735.728
15.776
554735.728
15.194
554735.728
14.633
554735.728
14.093
554735.728
13.572
554735.728
13.071
554735.728
12.589
554735.728
12.124
554735.728
11.676
554735.728
11.245
554735.728
10.830
554735.728
10.431
554735.728
10.046
554735.728
 9.675
554735.728
 9.318
554735.728
 8.974
554735.728
 8.643
554735.728
 8.324
554735.728
 8.017
554735.728
 7.721
554735.728
 7.437
554735.728
 7.162
554735.728
 6.898
554735.728
 6.644
554735.728
 6.399
554735.728
 6.163
554735.728
 5.936
554735.728
 5.717
554735.728
 5.507
554735.728
 5.304
554735.728
 5.108
554735.728
 4.920
554735.728
 4.739
554735.728
 4.565
554735.728
 4.397
554735.728
 4.235
554735.728
 4.079
554735.728
 3.929
554735.728
 3.784
554735.728
 3.645
554735.728
 3.511
554735.728
 3.382
554735.728
 3.258
554735.728
 3.138
554735.728
 3.023
554735.728
 2.912
554735.728
 2.805
554735.728
 2.702
554735.728
 2.603
554735.728
 2.507
554735.728
 2.415
554735.728
 2.327
554735.728
 2.241
554735.728
 2.159
554735.728
 2.080
554735.728
 2.004
554735.728
 1.931
554735.728
 1.860
554735.728
 1.792
554735.728
 1.726
554735.728
 1.663
554735.728
 1.603
554735.728
 1.544
554735.728
 1.488
554735.728
 1.433
554735.728
 1.381
554735.728
 1.331
554735.728
 1.282
554735.728
 1.236
554735.728
 1.191
554735.728
 1.147
554735.728
 1.106
554735.728
 1.066
554735.728
 1.027
554735.728
 0.990
554735.728
 0.954
554735.728
 0.919
554735.728
 0.886
554735.728
 0.854
554735.728
 0.823
554735.728
 0.794
554735.728
 0.765
