3939.231
-694.592
3939.231
-696.319
3939.231
-698.047
3939.231
-699.775
3939.231
-701.503
3939.231
-703.232
3939.231
-704.961
3939.231
-706.690
3939.231
-708.420
3939.231
-710.150
3939.231
-711.880
3939.231
-713.611
3939.231
-715.342
3939.231
-717.074
3939.231
-718.805
3939.231
-720.538
3939.231
-722.270
3939.231
-724.003
3939.231
-725.736
3939.231
-727.470
3939.231
-729.204
3939.231
-730.938
3939.231
-732.673
3939.231
-734.408
3939.231
-736.143
3939.231
-737.879
3939.231
-739.615
3939.231
-741.351
3939.231
-743.088
3939.231
-744.825
3939.231
-746.563
3939.231
-748.301
3939.231
-750.039
3939.231
-751.778
3939.231
-753.517
3892.760
-736.402
3881.811
-733.714
3876.577
-733.338
3873.021
-733.640
3870.281
-734.272
3868.023
-735.098
3866.083
-736.052
3864.367
-737.098
3862.818
-738.210
3861.397
-739.375
3860.076
-740.580
3858.837
-741.818
3857.664
-743.083
3856.546
-744.371
3855.474
-745.677
3854.441
-746.999
3853.441
-748.334
3852.468
-749.681
3851.519
-751.037
3850.591
-752.402
3849.680
-753.773
3848.783
-755.151
3847.899
-756.534
3847.025
-757.921
3846.160
-759.311
3845.301
-760.704
3844.448
-762.100
3843.599
-763.497
3842.753
-764.895
3841.908
-766.294
3841.064
-767.694
3840.220
-769.093
3839.374
-770.491
3838.526
-771.889
3837.676
-773.285
3836.821
-774.680
3835.962
-776.073
3835.097
-777.464
3834.227
-778.852
3833.350
-780.237
3832.465
-781.619
3831.572
-782.998
3830.671
-784.373
3829.760
-785.744
3828.839
-787.111
3827.907
-788.473
3826.964
-789.830
3826.009
-791.182
3825.041
-792.529
3824.060
-793.870
3823.065
-795.205
3822.056
-796.534
3821.031
-797.856
3819.990
-799.172
3818.933
-800.480
3817.858
-801.781
3816.765
-803.074
3815.654
-804.358
3814.523
-805.635
3813.372
-806.903
3812.200
-808.161
3811.007
-809.410
3809.791
-810.650
3808.551
-811.879
3807.288
-813.097
3805.999
-814.305
3804.685
-815.501
3803.344
-816.686
3801.976
-817.858
3800.579
-819.018
3799.152
-820.165
3797.695
-821.298
3796.207
-822.418
3794.686
-823.523
3793.131
-824.613
3791.542
-825.688
3789.917
-826.747
3788.256
-827.790
3786.556
-828.816
3784.817
-829.824
3783.037
-830.814
3781.216
-831.785
3779.351
-832.738
3777.442
-833.670
3775.487
-834.582
3773.485
-835.472
3771.435
-836.341
3769.333
-837.187
3767.181
-838.010
3764.974
-838.808
3762.713
-839.582
3760.395
-840.331
3758.018
-841.053
3755.582
-841.748
3753.083
-842.414
3750.520
-843.052
3747.892
-843.660
3745.195
-844.238
3742.429
-844.783
3739.591
-845.296
3736.678
-845.775
3733.690
-846.220
3730.622
-846.629
3727.474
-847.001
3724.243
-847.336
3720.926
-847.631
3717.521
-847.886
3714.025
-848.100
3710.436
-848.271
3706.751
-848.399
3702.967
-848.481
3699.081
-848.517
3695.091
-848.506
3690.994
-848.445
3686.787
-848.334
3682.466
-848.172
3678.028
-847.956
3673.471
-847.685
3668.791
-847.358
3663.985
-846.974
3659.049
-846.530
3653.980
-846.025
3648.774
-845.458
3643.429
-844.827
3637.939
-844.131
3632.303
-843.367
3626.515
-842.534
3620.573
-841.630
3614.472
-840.654
3608.208
-839.604
3601.779
-838.479
3595.179
-837.275
3588.405
-835.993
3581.452
-834.629
3574.318
-833.182
3566.997
-831.651
3559.487
-830.034
3551.782
-828.328
3543.878
-826.532
3535.773
-824.645
3527.461
-822.665
3518.939
-820.590
3510.202
-818.418
3501.247
-816.148
3492.071
-813.778
3482.668
-811.306
3473.036
-808.732
3463.170
-806.053
3453.067
-803.269
3442.724
-800.377
3432.137
-797.377
3421.303
-794.268
3410.219
-791.047
3398.882
-787.715
3387.288
-784.271
3375.436
-780.712
3363.322
-777.040
3350.945
-773.252
3338.302
-769.349
3325.392
-765.330
3312.213
-761.195
3298.763
-756.944
3285.041
-752.576
3271.047
-748.093
3256.780
-743.493
3242.239
-738.778
3227.425
-733.948
3212.337
-729.005
3196.977
-723.948
3181.346
-718.778
3165.444
-713.499
3149.274
-708.110
3132.837
-702.613
3116.136
-697.010
3099.174
-691.303
3081.953
-685.495
3064.477
-679.586
3046.750
-673.581
3028.776
-667.482
3010.560
-661.291
2992.107
-655.011
2973.421
-648.646
2954.510
-642.199
2935.377
-635.674
2916.031
-629.073
2896.477
-622.401
2876.723
-615.662
2856.776
-608.859
2836.644
-601.997
2816.334
-595.080
2795.854
-588.112
2775.213
-581.098
2754.420
-574.041
2733.483
-566.947
2712.412
-559.820
2691.215
-552.665
2669.902
-545.486
2648.482
-538.288
2626.966
-531.075
2605.362
-523.853
2583.680
-516.625
2561.931
-509.397
2540.123
-502.172
2518.267
-494.956
2496.372
-487.753
2474.449
-480.567
2452.506
-473.402
2430.554
-466.264
2408.602
-459.154
2386.659
-452.079
2364.734
-445.042
2342.837
-438.045
2320.976
-431.094
2299.160
-424.192
2277.398
-417.341
2255.697
-410.546
2234.067
-403.809
2212.514
-397.133
2191.047
-390.521
2169.673
-383.976
2148.398
-377.500
2127.229
-371.096
2106.174
-364.766
2085.238
-358.512
2064.428
-352.335
2043.749
-346.238
2023.206
-340.222
2002.805
-334.289
1982.550
-328.440
1962.446
-322.676
1942.498
-316.998
1922.709
-311.408
1903.084
-305.906
1883.625
-300.492
1864.336
-295.167
1845.220
-289.933
1826.279
-284.788
1807.517
-279.734
1788.934
-274.770
1770.535
-269.896
1752.319
-265.113
1734.289
-260.420
1716.445
-255.817
1698.790
-251.303
1681.324
-246.879
1664.048
-242.544
1646.962
-238.297
1630.067
-234.138
1613.362
-230.065
1596.849
-226.079
1580.527
-222.179
1564.395
-218.363
1548.454
-214.632
1532.702
-210.983
1517.140
-207.416
1501.766
-203.931
1486.580
-200.526
1471.580
-197.200
1456.766
-193.952
1442.137
-190.781
1427.691
-187.686
1413.426
-184.667
1399.342
-181.721
1385.438
-178.847
1371.711
-176.046
1358.160
-173.314
1344.783
-170.653
1331.579
-168.059
1318.546
-165.533
1305.683
-163.072
1292.987
-160.676
1280.456
-158.344
1268.090
-156.075
1255.885
-153.867
1243.841
-151.719
1231.955
-149.630
1220.225
-147.600
1208.649
-145.626
1197.226
-143.709
1185.953
-141.846
1174.829
-140.038
1163.852
-138.282
1153.019
-136.577
1142.328
-134.924
1131.778
-133.320
1121.367
-131.765
1111.093
-130.257
1100.954
-128.797
1090.948
-127.382
1081.072
-126.012
1071.326
-124.686
1061.707
-123.403
1052.214
-122.162
1042.844
-120.963
1033.596
-119.804
1024.467
-118.684
1015.457
-117.603
1006.563
-116.560
997.784
-115.554
989.117
-114.585
980.561
-113.651
972.115
-112.751
963.776
-111.886
955.543
-111.054
947.415
-110.255
939.389
-109.487
931.464
-108.751
923.639
-108.045
915.911
-107.369
908.280
-106.722
900.744
-106.104
893.301
-105.513
885.951
-104.950
878.690
-104.414
871.519
-103.903
864.435
-103.419
857.437
-102.959
850.524
-102.524
843.695
-102.112
836.947
-101.724
830.281
-101.359
823.694
-101.016
817.185
-100.695
810.753
-100.396
804.397
-100.117
798.116
-99.859
791.908
-99.620
785.772
-99.401
779.708
-99.202
773.713
-99.020
767.787
-98.858
761.929
-98.713
756.138
-98.585
750.412
-98.474
744.751
-98.381
739.153
-98.303
733.618
-98.241
728.144
-98.195
722.732
-98.164
717.378
-98.148
712.084
-98.146
706.847
-98.159
701.667
-98.185
696.543
-98.225
691.474
-98.279
686.460
-98.345
681.499
-98.423
676.590
-98.515
671.734
-98.618
666.928
-98.733
662.173
-98.859
657.467
-98.997
652.809
-99.145
648.200
-99.305
643.637
-99.475
639.122
-99.655
634.652
-99.845
630.227
-100.044
625.846
-100.253
621.509
-100.472
617.215
-100.699
612.964
-100.936
608.754
-101.181
604.586
-101.434
600.458
-101.696
596.369
-101.965
592.321
-102.242
588.311
-102.527
584.339
-102.820
580.405
-103.119
576.507
-103.426
572.647
-103.739
568.822
-104.059
565.033
-104.386
561.278
-104.719
557.558
-105.058
553.872
-105.403
550.220
-105.754
546.600
-106.110
543.013
-106.472
539.458
-106.840
535.934
-107.213
532.442
-107.590
528.980
-107.973
525.548
-108.360
522.147
-108.752
518.774
-109.149
515.431
-109.550
512.116
-109.955
508.829
-110.364
505.570
-110.777
502.338
-111.194
499.134
-111.615
495.956
-112.039
492.804
-112.467
489.678
-112.898
486.578
-113.333
483.503
-113.770
480.453
-114.211
477.427
-114.654
474.425
-115.100
471.448
-115.549
468.494
-116.000
465.563
-116.454
462.655
-116.910
459.769
-117.369
456.906
-117.829
454.065
-118.292
451.245
-118.757
448.447
-119.223
445.671
-119.691
444.662
-121.138
444.068
-122.814
443.473
-124.487
442.876
-126.157
442.277
-127.824
441.675
-129.488
441.072
-131.149
440.466
-132.807
439.858
-134.462
439.248
-136.114
438.635
-137.762
438.020
-139.407
437.403
-141.049
436.783
-142.688
436.160
-144.323
435.535
-145.955
434.908
-147.583
434.277
-149.208
433.644
-150.829
433.008
-152.447
390.575
-139.256
354.876
-128.284
324.970
-119.236
299.560
-111.681
277.704
-105.306
258.708
-99.880
242.045
-95.229
227.310
-91.216
214.187
-87.738
202.424
-84.710
191.820
-82.065
182.210
-79.748
173.459
-77.715
165.457
-75.928
158.110
-74.357
151.340
-72.974
145.079
-71.759
139.273
-70.691
133.870
-69.754
128.831
-68.935
124.118
-68.221
119.699
-67.601
115.547
-67.065
111.638
-66.606
107.949
-66.216
104.462
-65.889
101.159
-65.618
98.026
-65.399
95.048
-65.226
92.214
-65.095
89.513
-65.003
86.935
-64.946
84.471
-64.921
82.113
-64.925
79.854
-64.954
77.686
-65.008
75.604
-65.083
73.603
-65.178
71.677
-65.290
69.821
-65.418
68.032
-65.559
66.305
-65.714
64.637
-65.880
63.025
-66.055
61.465
-66.240
59.954
-66.432
58.491
-66.630
57.073
-66.834
55.696
-67.042
54.361
-67.255
53.063
-67.470
51.802
-67.687
50.576
-67.906
49.384
-68.126
48.224
-68.345
47.094
-68.565
45.993
-68.784
44.921
-69.002
43.876
-69.217
42.857
-69.431
41.863
-69.642
40.893
-69.850
39.947
-70.055
39.023
-70.257
38.122
-70.455
37.241
-70.649
36.381
-70.838
35.540
-71.023
34.719
-71.204
33.916
-71.380
33.132
-71.551
32.365
-71.717
31.616
-71.877
30.883
-72.033
30.166
-72.183
29.465
-72.328
28.780
-72.468
28.110
-72.602
27.454
-72.730
26.813
-72.853
26.186
-72.971
25.572
-73.083
24.972
-73.190
24.385
-73.291
23.811
-73.387
23.249
-73.478
22.699
-73.563
22.162
-73.643
21.636
-73.718
21.122
-73.787
20.619
-73.852
20.127
-73.911
19.646
-73.966
19.175
-74.016
18.715
-74.061
18.264
-74.101
17.824
-74.137
17.394
-74.168
16.973
-74.195
16.561
-74.217
16.159
-74.235
15.765
-74.249
15.380
-74.259
15.004
-74.266
14.637
-74.268
14.277
-74.266
13.926
-74.261
13.583
-74.252
13.247
-74.240
12.920
-74.225
12.599
-74.206
12.286
-74.184
11.980
-74.159
11.682
-74.131
11.390
-74.100
11.104
-74.066
10.826
-74.029
10.554
-73.990
10.288
-73.948
10.028
-73.904
 9.775
-73.857
 9.527
-73.809
 9.285
-73.757
 9.049
-73.704
 8.819
-73.649
 8.594
-73.592
 8.374
-73.532
 8.160
-73.471
 7.951
-73.408
 7.746
-73.344
 7.547
-73.278
 7.352
-73.210
 7.162
-73.140
 6.977
-73.070
 6.796
-72.997
 6.620
-72.924
 6.448
-72.849
 6.280
-72.773
 6.116
-72.696
 5.956
-72.618
 5.800
-72.538
 5.648
-72.458
 5.500
-72.377
 5.355
-72.294
 5.214
-72.211
 5.076
-72.127
 4.942
-72.043
 4.811
-71.957
 4.684
-71.871
 4.559
-71.784
 4.438
-71.697
 4.320
-71.608
 4.205
-71.520
 4.092
-71.431
 3.983
-71.341
 3.876
-71.251
 3.772
-71.160
 3.671
-71.069
 3.572
-70.978
 3.476
-70.886
 3.382
-70.794
 3.290
-70.701
 3.201
-70.609
 3.114
-70.516
 3.030
-70.422
 2.947
-70.329
 2.867
-70.235
 2.789
-70.142
 2.713
-70.048
 2.639
-69.954
 2.566
-69.859
 2.496
-69.765
 2.427
-69.671
 2.361
-69.576
 2.296
-69.482
 2.232
-69.387
 2.171
-69.293
 2.111
-69.198
 2.052
-69.103
 1.995
-69.009
 1.940
-68.914
 1.886
-68.820
 1.833
-68.725
 1.782
-68.631
 1.733
-68.536
 1.684
-68.442
 1.637
-68.348
 1.591
-68.253
 1.546
-68.159
 1.503
-68.065
 1.461
-67.971
 1.420
-67.878
 1.379
-67.784
 1.340
-67.691
 1.303
-67.597
 1.266
-67.504
 1.230
-67.411
 1.195
-67.318
 1.161
-67.225
 1.128
-67.132
 1.096
-67.040
 1.064
-66.948
 1.034
-66.855
 1.004
-66.763
 0.976
-66.672
 0.948
-66.580
 0.920
-66.489
 0.894
-66.397
 0.868
-66.306
 0.843
-66.215
 0.819
-66.125
 0.795
-66.034
 0.772
-65.944
 0.750
-65.854
 0.728
-65.764
 0.707
-65.674
 0.686
-65.585
 0.666
-65.496
 0.647
-65.407
 0.628
-65.318
 0.609
-65.229
 0.592
-65.141
 0.574
-65.061
 0.558
-64.979
 0.541
-64.897
 0.525
-64.815
 0.510
-64.732
 0.495
-64.649
 0.480
-64.566
 0.466
-64.482
 0.452
-64.398
 0.439
-64.314
 0.426
-64.230
 0.413
-64.145
 0.401
-64.060
 0.389
-63.975
 0.377
-63.890
 0.366
-63.805
 0.355
-63.719
 0.345
-63.634
 0.334
-63.549
 0.324
-63.463
 0.315
-63.378
 0.305
-63.292
 0.296
-63.207
 0.287
-63.121
 0.278
-63.036
 0.270
-62.950
 0.262
-62.865
 0.254
-62.780
 0.246
-62.695
 0.239
-62.610
 0.231
-62.525
 0.224
-62.440
 0.217
-62.355
 0.211
-62.270
 0.204
-62.186
 0.198
-62.101
 0.192
-62.017
 0.186
-61.933
 0.180
-61.849
 0.175
-61.765
 0.169
-61.682
 0.164
-61.598
 0.159
-61.515
 0.154
-61.432
 0.149
-61.349
 0.145
-61.266
 0.140
-61.183
 0.136
-61.101
 0.132
-61.018
 0.128
-60.936
 0.124
-60.854
 0.120
-60.773
 0.116
-60.691
 0.112
-60.610
 0.109
-60.528
 0.105
-60.447
 0.102
-60.367
 0.099
-60.286
 0.096
-60.206
 0.093
-60.125
 0.090
-60.045
 0.087
-59.966
 0.084
-59.886
 0.081
-59.807
 0.079
-59.727
 0.076
-59.648
 0.074
-59.570
 0.072
-59.491
 0.069
-59.413
 0.067
-59.334
 0.065
-59.256
 0.063
-59.179
 0.061
-59.101
 0.059
-59.024
 0.057
-58.946
 0.055
-58.869
 0.053
-58.793
 0.052
-58.716
 0.050
-58.640
 0.048
-58.563
 0.047
-58.487
 0.045
-58.412
 0.044
-58.336
 0.042
-58.261
 0.041
-58.185
 0.040
-58.110
 0.038
-58.036
 0.037
-57.961
 0.036
-57.886
 0.035
-57.812
 0.034
-57.738
 0.032
-57.664
 0.031
-57.591
 0.030
-57.517
 0.029
-57.444
 0.028
-57.371
 0.027
-57.298
 0.027
-57.225
 0.026
-57.153
 0.025
-57.081
 0.024
-57.008
 0.023
-56.936
 0.022
-56.865
 0.022
-56.793
 0.021
-56.722
 0.020
-56.651
 0.020
-56.580
 0.019
-56.509
 0.018
-56.438
 0.018
-56.368
 0.017
-56.297
 0.017
-56.227
 0.016
-56.157
 0.015
-56.088
 0.015
-56.018
 0.014
-55.949
 0.014
-55.879
 0.013
-55.810
 0.013
-55.741
 0.013
-55.673
 0.012
-55.604
 0.012
-55.536
 0.011
-55.468
 0.011
-55.400
 0.011
-55.332
 0.010
-55.264
 0.010
-55.197
 0.010
-55.130
 0.009
-55.062
 0.009
-54.995
 0.009
-54.929
 0.008
-54.862
 0.008
-54.796
 0.008
-54.729
 0.007
-54.663
 0.007
-54.597
 0.007
-54.531
 0.007
-54.466
 0.006
-54.400
 0.006
-54.335
 0.006
-54.270
 0.006
-54.205
 0.006
-54.140
 0.005
-54.075
 0.005
-54.011
 0.005
-53.947
 0.005
-53.882
 0.005
-53.818
 0.005
-53.754
 0.004
-53.691
 0.004
-53.627
 0.004
-53.564
 0.004
-53.501
 0.004
-53.437
 0.004
-53.375
 0.004
-53.312
 0.003
-53.249
 0.003
-53.187
 0.003
-53.124
 0.003
-53.062
 0.003
-53.000
 0.003
-52.938
 0.003
-52.877
 0.003
-52.815
 0.003
-52.754
 0.002
-52.692
 0.002
-52.631
 0.002
-52.570
 0.002
-52.509
 0.002
-52.449
 0.002
-52.388
 0.002
-53.736
 0.002
-50.916
 0.002
-47.580
 0.002
-46.327
 0.002
-48.155
 0.002
-49.987
 0.002
-51.817
 0.002
-53.646
 0.002
-55.472
 0.002
-57.296
 0.002
-59.119
 0.002
-60.939
 0.002
-62.757
 0.002
-64.573
 0.002
-66.386
 0.002
-68.198
 0.002
-70.006
 0.002
-71.812
 0.002
-73.616
 0.002
-75.416
 0.002
-77.214
 0.002
-79.009
 0.002
-80.691
 0.002
-81.589
 0.001
-81.463
 0.001
-80.616
 0.001
-79.345
 0.001
-77.782
 0.001
-75.988
 0.001
-74.025
 0.001
-71.950
 0.001
-69.811
 0.001
-67.640
 0.001
-65.461
 0.001
-63.294
 0.001
-61.153
 0.001
-59.048
 0.001
-56.987
 0.001
-54.977
 0.001
-53.020
 0.001
-51.119
 0.001
-49.275
 0.001
-47.490
 0.000
-45.763
 0.000
-44.093
 0.000
-42.480
 0.000
-40.924
 0.000
-39.421
 0.000
-37.972
 0.000
-36.575
 0.000
-35.228
 0.000
-33.929
 0.000
-32.678
 0.000
-31.472
 0.000
-30.310
 0.000
-29.191
 0.000
-28.113
 0.000
-27.074
 0.000
-26.074
 0.000
-25.110
 0.000
-24.182
 0.000
-23.289
 0.000
-22.428
 0.000
-21.599
 0.000
-20.800
 0.000
-20.031
 0.000
-19.291
 0.000
-18.577
 0.000
-17.891
 0.000
-17.229
 0.000
-16.592
 0.000
-15.979
 0.000
-15.388
 0.000
-14.819
 0.000
-14.271
 0.000
-13.743
 0.000
-13.235
 0.000
-12.746
 0.000
-12.275
 0.000
-11.821
 0.000
-11.384
 0.000
-10.963
 0.000
-10.557
 0.000
-10.167
 0.000
-9.791
 0.000
-9.429
 0.000
-9.080
 0.000
-8.745
 0.000
-8.421
 0.000
-8.110
 0.000
-7.810
 0.000
-7.521
 0.000
-7.243
 0.000
-6.975
 0.000
-6.718
 0.000
-6.469
 0.000
-6.230
 0.000
-6.000
 0.000
-5.778
 0.000
-5.564
 0.000
-5.358
 0.000
-5.160
 0.000
-4.970
 0.000
-4.786
 0.000
-4.609
 0.000
-4.438
 0.000
-4.274
 0.000
-4.116
 0.000
-3.964
 0.000
-3.818
 0.000
-3.676
 0.000
-3.540
 0.000
-3.410
 0.000
-3.283
 0.000
-3.162
 0.000
-3.045
 0.000
-2.933
 0.000
-2.824
 0.000
-2.720
 0.000
-2.619
 0.000
-2.522
 0.000
-2.429
 0.000
-2.339
 0.000
-2.253
 0.000
-2.169
 0.000
-2.089
 0.000
-2.012
 0.000
-1.938
 0.000
-1.866
 0.000
-1.797
 0.000
-1.731
 0.000
-1.667
 0.000
-1.605
 0.000
-1.546
 0.000
-1.488
 0.000
-1.433
 0.000
-1.380
 0.000
-1.329
 0.000
-1.280
 0.000
-1.233
 0.000
-1.187
 0.000
-1.143
 0.000
-1.101
 0.000
-1.060
 0.000
-1.021
 0.000
-0.983
 0.000
-0.947
 0.000
-0.912
 0.000
-0.878
 0.000
-0.846
 0.000
-0.815
 0.000
-0.784
 0.000
-0.755
 0.000
-0.728
 0.000
-0.701
 0.000
-0.675
 0.000
-0.650
 0.000
-0.626
 0.000
-0.603
 0.000
-0.580
 0.000
-0.559
 0.000
-0.538
 0.000
-0.518
 0.000
-0.499
 0.000
-0.481
 0.000
-0.463
 0.000
-0.446
 0.000
-0.429
 0.000
-0.413
 0.000
-0.398
 0.000
-0.383
 0.000
-0.369
 0.000
-0.356
 0.000
-0.342
 0.000
-0.330
 0.000
-0.318
 0.000
-0.306
 0.000
-0.295
 0.000
-0.284
 0.000
-0.273
 0.000
-0.263
 0.000
-0.253
 0.000
-0.244
 0.000
-0.235
 0.000
-0.226
 0.000
-0.218
 0.000
-0.210
 0.000
-0.202
 0.000
-0.195
 0.000
-0.187
 0.000
-0.180
 0.000
-0.174
 0.000
-0.167
 0.000
-0.161
 0.000
-0.155
 0.000
-0.149
 0.000
-0.144
 0.000
-0.139
 0.000
-0.134
 0.000
-0.129
 0.000
-0.124
 0.000
-0.119
 0.000
-0.115
 0.000
-0.111
 0.000
-0.106
 0.000
-0.103
 0.000
-0.099
 0.000
-0.095
 0.000
-0.092
 0.000
-0.088
 0.000
-0.085
 0.000
-0.082
 0.000
-0.079
 0.000
-0.076
 0.000
-0.073
 0.000
-0.070
 0.000
-0.068
 0.000
-0.065
 0.000
-0.063
 0.000
-0.061
 0.000
-0.058
 0.000
-0.056
