 0.352
 0.352
 0.353
 0.353
 0.353
 0.353
 0.353
 0.354
 0.354
 0.354
 0.354
 0.354
 0.355
 1.953
 0.966
 0.687
 0.565
 0.501
 0.464
 0.442
 0.429
 0.421
 0.417
 0.415
 0.416
 0.419
 0.424
 0.431
 0.439
 0.448
 0.460
 0.473
 0.489
 0.506
 0.526
 0.548
 0.573
 0.600
 0.631
 0.664
 0.701
 0.741
 0.785
 0.834
 0.886
 0.944
 1.006
 1.073
 1.146
 1.225
 1.310
 1.402
 1.502
 1.609
 1.724
 1.847
 1.980
 2.123
 2.276
 2.440
 2.615
 2.803
 3.003
 3.216
 3.444
 3.686
 3.943
 4.216
 4.505
 4.811
 5.134
 5.474
 5.831
 6.205
 6.597
 7.005
 7.430
 7.870
 8.325
 8.793
 9.273
 9.764
10.262
10.766
11.273
11.780
12.285
12.783
13.272
13.748
14.207
14.646
15.061
15.449
15.806
16.131
16.419
16.669
16.880
17.049
17.177
17.262
17.305
17.306
17.267
17.189
17.074
16.924
16.740
16.527
16.286
16.021
15.733
15.427
15.104
14.768
14.420
14.064
13.702
13.335
12.966
12.597
12.228
11.862
11.500
11.143
10.791
10.446
10.108
 9.777
 9.455
 9.141
 8.836
 8.540
 8.253
 7.974
 7.705
 7.445
 7.194
 6.951
 6.717
 6.491
 6.273
 6.064
 5.862
 5.668
 5.481
 5.301
 5.128
 4.961
 4.801
 4.647
 4.499
 4.357
 4.220
 4.088
 3.962
 3.840
 3.723
 3.610
 3.501
 3.397
 3.297
 3.200
 3.107
 3.017
 2.931
 2.848
 2.768
 2.691
 2.616
 2.545
 2.476
 2.409
 2.345
 2.283
 2.223
 2.165
 2.109
 2.056
 2.004
 1.953
 1.905
 1.858
 1.813
 1.769
28.045
