6000.000
6000.591
6001.183
6001.776
6002.369
6002.963
6003.558
6004.154
6004.751
6005.348
6005.946
6006.545
6007.145
5950.233
5943.770
5940.014
5937.276
5935.061
5933.154
5931.440
5929.848
5928.335
5926.866
5925.418
5923.972
5922.511
5921.021
5919.490
5917.907
5916.260
5914.539
5912.734
5910.833
5908.826
5906.703
5904.451
5902.058
5899.512
5896.799
5893.905
5890.816
5887.514
5883.984
5880.206
5876.161
5871.829
5867.187
5862.212
5856.877
5851.157
5845.021
5838.438
5831.376
5823.798
5815.668
5806.945
5797.586
5787.545
5776.775
5765.224
5752.838
5739.559
5725.329
5710.082
5693.754
5676.274
5657.571
5637.570
5616.193
5593.361
5568.992
5543.003
5515.310
5485.829
5454.475
5421.167
5385.822
5348.365
5308.720
5266.821
5222.605
5176.018
5127.018
5075.569
5021.651
4965.255
4906.388
4845.071
4781.341
4715.255
4646.886
4576.322
4503.673
4429.062
4352.630
4274.532
4194.938
4114.029
4031.993
3949.030
3865.341
3781.134
3696.613
3611.984
3527.448
3443.197
3359.419
3276.291
3193.977
3112.632
3032.397
2953.399
2875.752
2799.555
2724.896
2651.846
2580.466
2510.805
2442.898
2376.771
2312.440
2249.912
2189.186
2130.254
2073.099
2017.702
1964.037
1912.073
1861.778
1813.116
1766.047
1720.532
1676.528
1633.992
1592.881
1553.152
1514.759
1477.660
1441.810
1407.168
1373.691
1341.337
1310.066
1279.840
1250.618
1222.365
1195.044
1168.620
1143.059
1118.329
1094.397
1071.234
1048.810
1027.097
1006.068
985.697
965.958
946.828
928.284
910.304
892.865
875.949
859.535
843.605
828.141
813.125
798.541
784.374
770.608
757.229
744.222
731.575
719.275
707.309
695.666
684.335
673.304
662.564
652.104
641.915
631.988
622.314
612.885
603.693
594.729
585.987
577.460
569.140
561.020
553.096
545.360
537.806
530.430
523.225
516.187
509.310
502.589
496.021
489.600
483.323
420.586
355.175
307.328
270.844
242.133
218.971
199.909
183.962
170.438
158.836
148.786
140.005
132.278
125.456
119.386
113.953
109.069
104.664
100.677
97.060
93.769
90.771
88.033
85.530
83.239
81.140
79.216
77.450
75.829
74.342
72.976
71.722
70.572
69.516
68.548
67.661
66.849
66.105
65.425
64.803
64.236
63.719
63.248
62.819
62.430
62.077
61.757
61.468
61.206
60.970
60.757
60.566
60.394
60.240
60.103
59.979
59.869
59.771
59.683
59.605
59.535
59.474
59.418
59.369
59.325
59.285
59.249
59.217
59.187
59.160
59.134
59.110
59.087
59.065
59.044
59.023
59.002
58.981
58.959
58.938
58.915
58.892
58.868
58.843
58.818
58.791
58.763
58.734
58.704
58.672
58.640
58.606
58.571
58.535
58.497
58.459
58.419
58.378
58.336
58.293
58.249
58.204
58.157
58.110
58.062
58.012
57.962
57.911
57.859
57.807
57.753
57.699
57.644
57.589
57.532
57.475
57.418
57.360
57.301
57.242
57.183
57.123
57.062
57.001
56.940
56.878
56.817
56.754
56.692
56.629
56.566
56.503
56.439
56.375
56.312
56.248
56.183
56.119
56.055
55.990
55.925
55.861
55.796
55.731
55.666
55.601
55.536
55.471
55.406
55.341
55.277
55.212
55.147
55.082
55.017
54.952
54.887
54.823
54.758
54.694
54.629
54.565
54.500
54.436
54.372
54.308
54.244
54.180
54.116
54.052
53.989
53.925
53.862
53.799
53.736
53.672
53.610
53.547
53.484
53.422
53.359
53.297
53.235
53.173
53.111
53.049
52.987
52.926
52.864
52.803
52.742
52.681
52.620
52.559
52.499
52.438
52.378
53.378
50.111
46.775
46.557
48.389
50.221
52.051
53.879
55.705
57.529
59.351
61.171
62.989
64.804
66.617
68.428
70.236
72.042
73.845
75.645
77.443
79.238
80.867
81.639
81.404
80.494
79.184
77.590
75.772
73.792
71.708
69.563
67.389
65.210
63.045
60.908
58.808
56.753
54.748
52.797
50.903
49.066
47.287
45.567
43.904
42.298
40.747
39.251
37.808
36.416
35.075
33.782
32.536
31.335
30.179
29.064
27.991
26.957
25.961
25.001
24.077
23.187
22.330
21.505
20.710
19.944
19.207
18.497
17.813
17.154
16.520
15.909
15.321
14.754
14.209
13.684
13.178
12.690
12.221
11.769
11.334
10.915
10.511
10.123
 9.748
 9.388
 9.041
 8.707
 8.385
 8.075
 7.776
 7.489
 7.212
 6.945
 6.688
 6.441
 6.203
 5.974
 5.753
 5.540
 5.335
 5.138
 4.948
 4.765
 4.589
 4.419
 4.256
 4.098
 3.947
 3.801
 3.660
 3.525
 3.395
 3.269
 3.148
 3.032
 2.920
 2.812
 2.708
 2.608
 2.511
 2.418
 2.329
 2.243
 2.160
 2.080
 2.003
 1.929
 1.858
 1.789
 1.723
 1.659
 1.598
 1.539
 1.482
 1.427
 1.374
 1.324
 1.275
 1.228
 1.182
 1.138
 1.096
 1.056
 1.017
 0.979
 0.943
 0.908
 0.875
 0.842
 0.811
 0.781
 0.752
 0.724
 0.698
 0.672
 0.647
 0.623
 0.600
 0.578
 0.556
 0.536
 0.516
 0.497
 0.479
 0.461
 0.444
 0.427
 0.412
 0.396
 0.382
 0.368
 0.354
 0.341
 0.328
 0.316
 0.305
 0.293
 0.282
 0.272
 0.262
 0.252
 0.243
 0.234
 0.225
 0.217
 0.209
 0.201
 0.194
 0.187
 0.180
 0.173
 0.167
 0.160
 0.155
 0.149
 0.143
 0.138
 0.133
 0.128
 0.123
 0.119
 0.114
 0.110
 0.106
 0.102
 0.098
 0.095
 0.091
 0.088
 0.085
 0.081
 0.078
 0.076
 0.073
 0.070
 0.067
 0.065
 0.063
 0.060
 0.058
 0.056
 0.054
 0.052
 0.050
 0.048
 0.046
 0.182
 0.059
 0.092
 0.102
 0.117
 0.171
 0.167
 0.170
 0.171
