 0.000
125000.000
2819.078
123973.509
5638.156
122946.153
8457.234
121917.933
11276.313
120888.848
14095.391
119858.897
16914.469
118828.080
19733.547
117796.397
22552.625
116763.846
25371.703
115730.428
28190.782
114696.142
31009.860
113660.987
33828.938
112624.963
36628.557
111597.509
39419.860
110573.216
42208.703
109549.245
44995.835
108525.233
47781.586
107501.019
50566.140
106476.515
53349.606
105451.666
56132.055
104426.439
58913.530
103400.812
61694.060
102374.771
64473.658
101348.309
67252.329
100321.424
70030.069
99294.116
72806.869
98266.392
75582.713
97238.257
78357.579
96209.723
81131.440
95180.802
83904.266
94151.510
86676.021
93121.863
89446.663
92091.881
92216.147
91061.587
94984.423
90031.006
97751.435
89000.163
100517.122
87969.089
103281.418
86937.817
106044.251
85906.382
108805.541
84874.822
111565.204
83843.179
114323.148
82811.499
117079.274
81779.830
119833.473
80748.225
122585.630
79716.741
125335.621
78685.441
128083.310
77654.390
130828.552
76623.660
133571.192
75593.328
136311.061
74563.477
139047.980
73534.197
141781.753
72505.584
144512.173
71477.741
147239.016
70450.778
149962.041
69424.816
152680.990
68399.982
155395.587
67376.414
158105.536
66354.257
160810.518
65333.671
163510.194
64314.823
166204.201
63297.894
168892.149
62283.077
171573.624
61270.578
174248.183
60260.616
176915.354
59253.425
179574.633
58249.254
182225.487
57248.367
184867.348
56251.046
187499.614
55257.588
190121.647
54268.307
192732.772
53283.536
195332.279
52303.625
197919.418
51328.943
200493.402
50359.875
203053.404
49396.825
205598.562
48440.217
208127.973
47490.488
210640.700
46548.095
213135.772
45613.508
215612.183
44687.213
218068.897
43769.707
220504.854
42861.498
222918.968
41963.104
225310.134
41075.047
227677.236
40197.855
230019.148
39332.055
232334.740
38478.170
234622.892
37636.718
236882.490
36808.207
239112.444
35993.129
241311.687
35191.960
243479.190
34405.154
245613.965
33633.137
247715.077
32876.307
249781.646
32135.029
251812.859
31409.631
253807.975
30700.401
255766.329
30007.587
257687.341
29331.391
259570.516
28671.971
261415.449
28029.439
263221.827
27403.859
264989.430
26795.251
266718.131
26203.586
268407.895
25628.794
270058.776
25070.759
271670.916
24529.328
273244.540
24004.306
274779.949
23495.466
276277.522
23002.546
277737.704
22525.257
279161.002
22063.283
280547.981
21616.285
281899.255
21183.907
283215.482
20765.773
284497.360
20361.498
285745.618
19970.684
286961.011
19592.927
288144.316
19227.818
289296.326
18874.947
290417.845
18533.901
291509.684
18204.272
292572.659
17885.653
293607.582
17577.643
294615.265
17279.848
295596.510
16991.880
296552.111
16713.360
297482.852
16443.919
298389.503
16183.197
299272.819
15930.843
300133.539
15686.519
300972.385
15449.896
301790.061
15220.657
302587.254
14998.495
303364.629
14783.116
304122.834
14574.235
304862.496
14371.578
305584.225
14174.883
306288.609
13983.897
306976.216
13798.378
307647.599
13618.094
308303.288
13442.822
308943.796
13272.348
309569.620
13106.469
310181.235
12944.989
310779.103
12787.721
311363.666
12634.485
311935.353
12485.110
312494.575
12339.434
313041.728
12197.298
313577.193
12058.553
314101.339
11923.056
314614.519
11790.670
315117.073
11661.263
315609.330
11534.711
316091.603
11410.894
316564.198
11289.697
317027.406
11171.011
317481.509
11054.731
317926.777
10940.756
318363.472
10828.991
318791.844
10719.343
319212.135
10611.726
319624.578
10506.054
320029.398
10402.247
320426.811
10300.229
320817.024
10199.924
321200.239
10101.263
321576.650
10004.178
321946.442
9908.603
322309.796
9814.477
322666.884
9721.738
323017.875
9630.331
323362.930
9540.200
323702.205
9451.293
324035.850
9363.558
324364.010
9276.947
324686.826
9191.414
325004.432
9106.913
325316.961
9023.401
325624.537
8940.838
325927.284
8859.183
326225.319
8778.398
326518.757
8698.447
326807.707
8619.293
327092.278
8540.903
327372.572
8463.245
327648.689
8386.286
327920.726
8309.997
328188.777
8234.348
328452.932
8159.312
328713.279
8084.860
328969.905
8010.968
329222.890
7937.609
329472.315
7864.760
329718.258
7792.398
329960.794
7720.499
330199.995
7649.043
330435.933
7578.008
330668.675
7507.374
330888.634
7440.265
331073.062
7383.305
331230.518
7333.816
331367.793
7289.804
331489.400
7249.943
331598.492
7213.307
331697.354
7179.224
331787.697
7147.193
331870.836
7116.829
331947.800
7087.829
332019.413
7059.953
332086.341
7033.006
332149.133
7006.828
332208.249
6981.285
332264.080
6956.263
332316.948
6931.668
332367.132
6907.421
332414.867
6883.455
332460.362
6859.711
332503.797
6836.138
332545.330
6812.693
332585.103
6789.336
332623.238
6766.036
332659.847
6742.762
332695.029
6719.488
332728.873
6696.193
332761.460
6672.855
332792.862
6649.458
332823.144
6625.987
332852.368
6602.429
332880.587
6578.771
332907.852
6555.004
332934.208
6531.120
332959.699
6507.110
332984.363
6482.970
333008.237
6458.693
333031.354
6434.276
333053.744
6409.715
333075.438
6385.009
333096.463
6360.154
333116.843
6335.151
333136.603
6309.998
333155.764
6284.695
333174.349
6259.243
333192.377
6233.644
333209.866
6207.897
333226.835
6182.005
333243.301
6155.971
333259.280
6129.795
333274.786
6103.482
333289.835
6077.033
333304.442
6050.452
333318.618
6023.742
333332.377
5996.906
333345.732
5969.947
333358.694
5942.870
333371.275
5915.678
333383.485
5888.375
333395.336
5860.964
333406.838
5833.450
333418.000
5805.836
333428.833
5778.127
333439.346
5750.325
333449.547
5722.436
333459.445
5694.463
333469.049
5666.409
333478.368
5638.279
333487.408
5610.076
333496.179
5581.805
333504.687
5553.468
333512.940
5525.070
333520.945
5496.613
333528.709
5468.102
333536.238
5439.540
333543.541
5410.930
333550.622
5382.275
333557.488
5353.579
333564.145
5324.845
333570.599
5296.075
333576.856
5267.272
333582.922
5238.440
333588.801
5209.581
333594.500
5180.698
333600.024
5151.793
333605.377
5122.869
333610.564
5093.929
333615.591
5064.973
333620.462
5036.006
333625.181
5007.028
333629.753
4978.042
333634.182
4949.051
333638.473
4920.055
333642.630
4891.057
333646.655
4862.059
333650.555
4833.062
333654.331
4804.067
333657.988
4775.078
333661.529
4746.094
333664.959
4717.117
333668.279
4688.150
333671.494
4659.192
333674.606
4630.246
333677.619
4601.312
333680.536
4572.392
333683.360
4543.486
333686.093
4514.597
333688.738
4485.724
333691.298
4456.869
333693.776
4428.033
333696.173
4399.216
333698.494
4370.419
333700.739
4341.643
333702.911
4312.889
333705.013
4284.158
333707.047
4255.450
333709.014
4226.765
333710.917
4198.105
333712.758
4169.469
333714.539
4140.859
333716.262
4112.275
333717.928
4083.718
333719.539
4055.187
333721.098
4026.683
333722.605
3998.207
333724.062
3969.759
333725.472
3941.339
333726.834
3912.948
333728.152
3884.586
333729.426
3856.253
333730.658
3827.950
333731.849
3799.676
333733.000
3771.432
333734.113
3743.219
333735.188
3715.036
333736.228
3686.883
333737.233
3658.761
333738.204
3630.670
333739.143
3602.610
333740.050
3574.582
333740.927
3546.584
333741.775
3518.618
333742.593
3490.684
333743.384
3462.781
333744.149
3434.909
333744.887
3407.070
333745.601
3379.262
333746.290
3351.486
333746.956
3323.742
333747.600
3296.030
333748.221
3268.350
333748.821
3240.702
333749.401
3213.086
333749.961
3185.502
333750.502
3157.951
333751.025
3130.431
333751.529
3102.943
333752.016
3075.488
333752.487
3048.064
333752.941
3020.673
333753.380
2993.313
333753.803
2965.986
333754.212
2938.691
333754.607
2911.427
333754.988
2884.196
333755.356
2856.996
333755.711
2829.829
333756.054
2802.693
333756.385
2775.589
333756.705
2748.517
333757.013
2721.477
333757.311
2694.468
333757.598
2667.491
333757.875
2640.546
333758.143
2613.632
333758.401
2586.750
333758.650
2559.899
333758.890
2533.080
333759.122
2506.291
333759.346
2479.535
333759.562
2452.809
333759.770
2426.115
333759.971
2399.452
333760.165
2372.819
333760.352
2346.218
333760.532
2319.648
333760.706
2293.109
333760.874
2266.600
333761.036
2240.122
333761.192
2213.675
333761.343
2187.259
333761.488
2160.873
333761.628
2134.518
333761.763
2108.193
333761.893
2081.899
333762.019
2055.635
333762.140
2029.401
333762.256
2003.197
333762.370
1976.686
333762.478
1950.800
333762.575
1926.579
333762.663
1903.530
333762.751
1879.794
333762.838
1855.141
333762.926
1829.574
333763.014
1803.092
333763.101
1775.696
333763.189
1747.387
333763.276
1718.168
333763.363
1688.037
333763.451
1656.997
333763.538
1625.049
333763.625
1592.194
333763.712
1558.432
333763.800
1523.766
333763.887
1488.197
333763.974
1451.725
333764.060
1414.352
333764.147
1376.080
333764.234
1336.910
333764.321
1296.863
333764.407
1256.192
333764.491
1215.396
333764.573
1174.900
333764.652
1134.968
333764.728
1095.764
333764.800
1057.416
333764.869
1020.019
333764.934
983.641
333764.995
948.321
333765.054
914.083
333765.109
880.933
333765.160
848.870
333765.208
817.883
333765.254
787.956
333765.296
759.068
333765.336
731.195
333765.373
704.312
333765.407
678.389
333765.439
653.399
333765.469
629.314
333765.496
606.103
333765.522
583.737
333765.545
562.189
333765.567
541.431
333765.587
521.433
333765.605
502.171
333765.622
483.617
333765.637
465.746
333765.651
448.534
333765.664
431.956
333765.675
415.990
333765.686
400.613
333765.696
385.804
333765.704
371.542
333765.712
357.807
333765.719
344.579
333765.725
331.840
333765.731
319.572
333765.736
307.757
333765.740
296.379
333765.744
285.422
333765.748
274.869
333765.751
264.707
333765.754
254.921
333765.756
245.496
333765.758
236.420
333765.760
227.679
333765.761
219.261
333765.763
211.155
333765.764
203.348
333765.765
195.830
333765.766
188.590
333765.766
181.618
333765.767
174.904
333765.767
168.438
333765.768
162.210
333765.768
156.213
333765.768
150.438
333765.769
144.877
333765.769
139.521
333765.769
134.363
333765.769
129.396
333765.769
124.612
333765.769
120.005
333765.769
115.569
333765.769
111.297
333765.769
107.182
333765.769
103.220
333765.769
99.404
333765.769
95.730
333765.769
92.191
333765.769
88.783
333765.769
85.501
333765.769
82.340
333765.769
79.297
333765.769
76.365
333765.769
73.543
333765.769
70.824
333765.769
68.206
333765.769
65.685
333765.769
63.257
333765.769
60.919
333765.769
58.667
333765.769
56.499
333765.769
54.410
333765.769
52.399
333765.769
50.463
333765.769
48.598
333765.769
46.802
333765.769
45.072
333765.769
43.406
333765.769
41.802
333765.769
40.257
333765.769
38.769
333765.769
37.336
333765.769
35.957
333765.769
34.628
333765.769
33.348
333765.769
32.116
333765.769
30.929
333765.769
29.786
333765.769
28.686
333765.769
27.626
333765.769
26.605
333765.769
25.622
333765.769
24.676
333765.769
23.764
333765.769
22.886
333765.769
22.041
333765.769
21.226
333765.769
20.442
333765.769
19.687
333765.769
18.960
333765.769
18.260
333765.769
17.585
333765.769
16.936
333765.769
16.310
333765.769
15.708
333765.769
15.128
333765.769
14.569
333765.769
14.031
333765.769
13.513
333765.769
13.014
333765.769
12.534
333765.769
12.071
333765.769
11.626
333765.769
11.196
333765.769
10.783
333765.769
10.385
333765.769
10.002
333765.769
 9.633
333765.769
 9.277
333765.769
 8.935
333765.769
 8.606
333765.769
 8.288
333765.769
 7.982
333765.769
 7.688
333765.769
 7.404
333765.769
 7.131
333765.769
 6.868
333765.769
 6.615
333765.769
 6.371
333765.769
 6.137
333765.769
 5.910
333765.769
 5.693
333765.769
 5.483
333765.769
 5.281
333765.769
 5.086
333765.769
 4.899
333765.769
 4.719
333765.769
 4.545
333765.769
 4.378
333765.769
 4.216
333765.769
 4.061
333765.769
 3.912
333765.769
 3.768
333765.769
 3.629
333765.769
 3.496
333765.769
 3.367
333765.769
 3.244
333765.769
 3.124
333765.769
 3.010
333765.769
 2.899
333765.769
 2.793
333765.769
 2.690
333765.769
 2.591
333765.769
 2.496
333765.769
 2.405
333765.769
 2.317
333765.769
 2.232
333765.769
 2.150
333765.769
 2.071
333765.769
 1.995
333765.769
 1.922
333765.769
 1.852
333765.769
 1.784
333765.769
 1.719
333765.769
 1.656
333765.769
 1.596
333765.769
 1.537
333765.769
 1.481
333765.769
 1.427
333765.769
 1.375
333765.769
 1.325
333765.769
 1.277
333765.769
 1.230
333765.769
 1.186
333765.769
 1.143
333765.769
 1.101
333765.769
 1.061
333765.769
 1.023
333765.769
 0.986
333765.769
 0.950
333765.769
 0.915
333765.769
 0.882
333765.769
 0.850
333765.769
 0.820
333765.769
 0.790
333765.769
 0.762
333765.769
 0.734
333765.769
 0.708
333765.769
 0.682
333765.769
 0.658
333765.769
 0.634
333765.776
 0.578
333765.776
 0.516
333765.788
 0.448
333765.798
 0.387
333765.809
 0.327
333765.830
 0.266
333765.858
 0.201
333765.886
 0.138
333765.915
 0.076
