5638.156
-2052.119
5638.156
-2053.847
5638.156
-2055.575
5638.156
-2057.305
5638.156
-2059.036
5638.156
-2060.767
5638.156
-2062.500
5638.156
-2064.234
5638.156
-2065.968
5638.156
-2067.704
5638.156
-2069.441
5638.156
-2071.179
5638.156
-2072.917
5586.152
-2049.434
5579.765
-2048.079
5575.825
-2047.910
5572.806
-2048.188
5570.260
-2048.696
5567.991
-2049.339
5565.896
-2050.066
5563.912
-2050.848
5561.998
-2051.665
5560.124
-2052.501
5558.269
-2053.347
5556.414
-2054.194
5554.545
-2055.034
5552.650
-2055.862
5550.717
-2056.672
5548.737
-2057.459
5546.699
-2058.219
5544.593
-2058.946
5542.411
-2059.635
5540.142
-2060.283
5537.778
-2060.884
5535.307
-2061.434
5532.720
-2061.927
5530.006
-2062.357
5527.153
-2062.720
5524.150
-2063.009
5520.983
-2063.217
5517.639
-2063.339
5514.104
-2063.366
5510.362
-2063.292
5506.397
-2063.108
5502.191
-2062.805
5497.726
-2062.375
5492.981
-2061.806
5487.936
-2061.089
5482.567
-2060.211
5476.850
-2059.161
5470.759
-2057.926
5464.265
-2056.492
5457.340
-2054.844
5449.951
-2052.965
5442.063
-2050.840
5433.642
-2048.450
5424.648
-2045.776
5415.040
-2042.797
5404.776
-2039.492
5393.808
-2035.839
5382.089
-2031.812
5369.566
-2027.387
5356.186
-2022.537
5341.892
-2017.234
5326.623
-2011.448
5310.317
-2005.148
5292.910
-1998.304
5274.333
-1990.881
5254.517
-1982.847
5233.389
-1974.165
5210.876
-1964.802
5186.902
-1954.719
5161.392
-1943.883
5134.268
-1932.255
5105.454
-1919.801
5074.875
-1906.486
5042.457
-1892.276
5008.129
-1877.139
4971.822
-1861.046
4933.475
-1843.970
4893.030
-1825.886
4850.435
-1806.777
4805.651
-1786.626
4758.643
-1765.424
4709.389
-1743.168
4657.880
-1719.859
4604.117
-1695.508
4548.118
-1670.130
4489.912
-1643.751
4429.546
-1616.401
4367.083
-1588.122
4302.600
-1558.961
4236.190
-1528.974
4167.963
-1498.223
4098.041
-1466.779
4026.563
-1434.717
3953.678
-1402.119
3879.546
-1369.071
3804.337
-1335.661
3728.227
-1301.981
3651.400
-1268.126
3574.039
-1234.187
3496.331
-1200.257
3418.462
-1166.426
3340.612
-1132.782
3262.960
-1099.408
3185.675
-1066.383
3108.919
-1033.780
3032.845
-1001.668
2957.596
-970.107
2883.301
-939.154
2810.080
-908.855
2738.040
-879.254
2667.275
-850.385
2597.867
-822.278
2529.888
-794.956
2463.395
-768.435
2398.436
-742.729
2335.048
-717.843
2273.259
-693.780
2213.088
-670.539
2154.543
-648.114
2097.627
-626.496
2042.337
-605.675
1988.661
-585.635
1936.583
-566.363
1886.084
-547.839
1837.138
-530.045
1789.718
-512.961
1743.792
-496.567
1699.328
-480.839
1656.291
-465.758
1614.643
-451.300
1574.348
-437.444
1535.367
-424.167
1497.662
-411.449
1461.192
-399.266
1425.919
-387.599
1391.805
-376.426
1358.810
-365.727
1326.897
-355.484
1296.029
-345.676
1266.170
-336.286
1237.282
-327.295
1209.332
-318.688
1182.286
-310.446
1156.111
-302.554
1130.774
-294.998
1106.245
-287.762
1082.494
-280.832
1059.492
-274.195
1037.210
-267.839
1015.623
-261.750
994.703
-255.917
974.427
-250.330
954.769
-244.977
935.707
-239.847
917.219
-234.933
899.282
-230.223
881.878
-225.709
864.984
-221.383
848.584
-217.236
832.658
-213.262
817.190
-209.452
802.162
-205.800
787.558
-202.299
773.363
-198.942
759.562
-195.724
746.141
-192.639
733.087
-189.681
720.386
-186.845
708.025
-184.127
695.993
-181.520
684.279
-179.021
672.870
-176.626
661.757
-174.330
650.930
-172.129
640.378
-170.020
630.092
-167.998
620.063
-166.061
610.283
-164.205
600.743
-162.427
591.435
-160.724
582.352
-159.094
573.486
-157.532
564.830
-156.037
560.836
-156.334
