 0.352
 0.352
 0.352
 0.353
 0.353
 0.353
 0.353
 0.353
 0.353
 0.353
 0.353
 0.354
 0.354
 0.354
 0.354
 0.354
 0.354
 0.354
 0.354
 0.355
 1.995
 0.977
 0.676
 0.540
 0.468
 0.426
 0.400
 0.382
 0.371
 0.362
 0.357
 0.353
 0.350
 0.348
 0.346
 0.346
 0.345
 0.345
 0.346
 0.347
 0.348
 0.349
 0.351
 0.353
 0.356
 0.358
 0.362
 0.365
 0.369
 0.374
 0.378
 0.384
 0.390
 0.396
 0.404
 0.412
 0.420
 0.429
 0.440
 0.451
 0.463
 0.475
 0.489
 0.504
 0.520
 0.537
 0.555
 0.575
 0.596
 0.618
 0.642
 0.667
 0.694
 0.722
 0.752
 0.783
 0.817
 0.852
 0.890
 0.929
 0.970
 1.014
 1.060
 1.108
 1.158
 1.211
 1.267
 1.325
 1.386
 1.450
 1.517
 1.587
 1.660
 1.736
 1.815
 1.898
 1.985
 2.074
 2.168
 2.265
 2.366
 2.470
 2.579
 2.691
 2.807
 2.928
 3.052
 3.180
 3.312
 3.447
 3.587
 3.730
 3.876
 4.027
 4.180
 4.336
 4.496
 4.658
 4.822
 4.989
 5.158
 5.328
 5.499
 5.671
 5.843
 6.015
 6.186
 6.357
 6.526
 6.693
 6.857
 7.018
 7.176
 7.329
 7.478
 7.621
 7.759
 7.891
 8.016
 8.134
 8.244
 8.347
 8.441
 8.527
 8.605
 8.673
 8.732
 8.783
 8.824
 8.855
 8.878
 8.891
 8.895
 8.890
 8.877
 8.855
 8.825
 8.787
 8.741
 8.688
 8.628
 8.562
 8.489
 8.411
 8.328
 8.239
 8.146
 8.048
 7.947
 7.843
 7.736
 7.625
 7.513
 7.399
 7.283
 7.166
 7.047
 6.928
 6.809
 6.689
 6.570
 6.450
 6.331
 6.213
 6.095
 5.978
 5.862
 5.748
 5.635
 5.523
 5.412
 5.303
 5.196
 5.090
 4.986
 4.884
 4.784
 4.685
 4.589
 4.494
 4.401
 4.310
 4.221
 4.133
 4.048
 3.964
 3.882
 3.802
 3.724
 3.648
 3.573
 3.500
 3.429
 3.359
 3.291
 3.225
 3.160
 3.097
 3.035
 2.975
 2.916
 2.858
 2.802
 2.748
 2.694
 2.642
 2.592
 2.542
 2.494
 2.447
 2.401
 2.356
 2.312
 2.270
 2.228
 2.187
 2.148
 2.109
 2.071
 2.034
 1.998
 1.963
 1.929
 1.896
 1.863
 1.831
 1.800
 1.770
 1.740
 1.711
 1.683
 1.655
 1.628
 1.602
 1.576
 1.551
 1.526
 1.502
 1.479
 1.456
 1.433
 1.411
 1.390
 1.369
 1.349
 1.329
 1.309
 1.290
 1.271
 1.253
 1.235
 1.218
 1.200
 1.184
 1.167
 1.151
 1.136
 1.120
 1.105
 1.090
 1.076
 1.062
 1.048
 1.034
 1.021
 1.008
 0.996
 0.983
 0.971
 0.959
 0.947
 0.936
 0.924
 0.913
 0.903
 0.892
 0.882
 0.871
 0.861
 0.852
 0.842
 0.833
 0.823
 0.814
 0.805
 0.797
 0.788
 0.780
 0.771
 0.763
 0.755
 0.748
 0.740
 0.732
 0.725
 0.718
 0.711
 0.704
 0.697
 0.690
 0.683
 0.677
 0.671
 0.664
 0.658
 0.652
 0.646
 0.640
 0.634
 0.629
 0.623
 0.618
 0.612
 0.607
 0.371
 0.370
 0.370
 0.369
 0.369
 0.368
 0.368
 0.368
 0.367
 0.367
 0.366
 0.366
 0.365
 0.365
 0.364
 0.364
 0.364
 0.363
 0.363
10.242
 8.343
 6.924
 5.836
 4.983
 4.304
 3.753
 3.302
 2.926
 2.611
 2.344
 2.116
 1.919
 1.749
 1.600
 1.470
 1.355
 1.254
 1.163
 1.082
 1.010
 0.945
 0.886
 0.833
 0.785
 0.741
 0.701
 0.664
 0.631
 0.600
 0.572
 0.546
 0.521
 0.499
 0.478
 0.459
 0.441
 0.425
 0.409
 0.395
 0.381
 0.368
 0.356
 0.345
 0.334
 0.324
 0.314
 0.305
 0.297
 0.288
 0.281
 0.273
 0.266
 0.259
 0.253
 0.246
 0.240
 0.234
 0.229
 0.223
 0.218
 0.213
 0.208
 0.203
 0.199
 0.194
 0.190
 0.185
 0.181
 0.177
 0.173
 0.169
 0.166
 0.162
 0.158
 0.155
 0.151
 0.148
 0.145
 0.141
 0.138
 0.135
 0.132
 0.129
 0.126
 0.123
 0.121
 0.118
 0.115
 0.113
 0.110
 0.108
 0.105
 0.103
 0.100
 0.098
 0.096
 0.094
 0.092
 0.090
 0.087
 0.085
 0.084
 0.082
 0.080
 0.078
 0.076
 0.075
 0.073
 0.071
 0.070
 0.068
 0.067
 0.065
 0.064
 0.062
 0.061
 0.060
 0.058
 0.057
 0.056
 0.055
 0.053
 0.052
 0.051
 0.050
 0.049
 0.048
 0.047
 0.046
 0.045
 0.044
 0.044
 0.043
 0.042
 0.041
 0.040
 0.040
 0.039
 0.038
 0.038
 0.037
 0.036
 0.036
 0.035
 0.034
 0.034
 0.033
 0.033
 0.032
 0.032
 0.031
 0.031
 0.031
 0.030
 0.030
 0.029
 0.029
 0.029
 0.028
 0.028
 0.028
 0.027
 0.027
 0.027
 0.026
 0.026
 0.026
 0.026
 0.025
 0.025
 0.025
 0.025
 0.024
 0.024
 0.024
 0.024
 0.024
 0.023
 0.023
 0.023
 0.023
 0.023
 0.023
 0.022
 0.022
 0.022
 0.022
 0.022
 0.022
 0.022
 0.021
 0.021
 0.021
 0.021
 0.021
 0.021
 0.021
 0.021
 0.021
 0.020
 0.020
 0.020
 0.020
 0.020
 0.020
 0.020
 0.020
 0.020
 0.020
 0.020
 0.019
 0.019
 0.019
 0.019
 0.019
 0.019
 0.019
 0.019
 0.019
 0.019
 0.019
 0.019
 0.019
 0.019
 0.018
 0.018
 0.018
 0.017
 0.017
 0.017
 0.017
 0.017
 0.017
 0.017
 0.017
 0.017
 0.017
 0.017
 0.017
 0.017
 0.017
 0.017
 0.018
 0.018
 0.018
 0.018
 0.018
 0.018
 0.018
 0.018
 0.018
 0.017
 0.017
 0.017
 0.017
 0.017
 0.017
 0.017
 0.017
 0.017
 0.017
 0.017
 0.017
 0.017
 0.017
 0.017
 0.017
 0.017
 0.017
 0.017
 0.017
 0.017
 0.017
 0.017
 0.017
 0.017
 0.017
 0.017
 0.017
 0.017
 0.017
 0.017
 0.017
 0.016
 0.016
 0.016
 0.016
 0.016
 0.016
 0.016
 0.016
 0.016
 0.016
 0.016
 0.016
 0.016
 0.016
 0.016
 0.016
 0.016
 0.016
 0.016
 0.016
 0.016
 0.016
 0.016
 0.016
 0.016
 0.015
 0.015
 0.015
 0.015
 0.015
 0.015
 0.015
 0.015
 0.015
 0.015
 0.015
 0.015
 0.015
 0.015
 0.015
 0.015
 0.015
 0.015
 0.015
 0.015
 0.015
 0.015
 0.015
 0.015
 0.015
 0.014
 0.014
 0.014
 0.014
 0.014
 0.014
 0.014
 0.014
 0.014
 0.014
 0.014
 0.014
 0.014
 0.014
 0.014
 0.014
 0.014
 0.014
 0.014
 0.014
 0.014
 0.014
 0.014
 0.014
 0.014
 0.014
 0.014
 0.014
 0.013
 0.013
 0.013
 0.013
 0.013
 0.013
 0.013
 0.013
 0.013
 0.013
 0.013
 0.013
 0.013
 0.013
 0.013
 0.013
 0.013
 0.013
 0.013
 0.013
 0.013
 0.013
 0.013
 0.013
 0.013
 0.013
 0.013
 0.013
 0.013
 0.013
 0.013
 0.013
 0.012
 0.012
 0.012
 0.012
 0.012
 0.373
 0.661
 0.680
 0.672
 0.374
 0.374
 0.373
 0.373
 0.372
 0.372
 0.372
 0.371
 0.371
 0.370
 0.370
 0.369
 0.369
 0.368
 0.368
 0.367
 0.367
 0.366
 0.364
 0.245
 0.022
 0.144
 0.241
 0.305
 0.355
 0.393
 0.418
 0.434
 0.442
 0.444
 0.443
 0.438
 0.431
 0.423
 0.413
 0.402
 0.391
 0.379
 0.367
 0.355
 0.343
 0.332
 0.320
 0.309
 0.298
 0.288
 0.277
 0.267
 0.258
 0.248
 0.239
 0.230
 0.222
 0.214
 0.206
 0.198
 0.191
 0.184
 0.177
 0.171
 0.164
 0.158
 0.152
 0.147
 0.141
 0.136
 0.131
 0.126
 0.122
 0.117
 0.113
 0.109
 0.105
 0.101
 0.097
 0.093
 0.090
 0.087
 0.083
 0.080
 0.077
 0.075
 0.072
 0.069
 0.067
 0.064
 0.062
 0.059
 0.057
 0.055
 0.053
 0.051
 0.049
 0.047
 0.046
 0.044
 0.042
 0.041
 0.039
 0.038
 0.036
 0.035
 0.034
 0.033
 0.031
 0.030
 0.029
 0.028
 0.027
 0.026
 0.025
 0.024
 0.023
 0.022
 0.022
 0.021
 0.020
 0.019
 0.018
 0.018
 0.017
 0.017
 0.016
 0.015
 0.015
 0.014
 0.014
 0.013
 0.013
 0.012
 0.012
 0.011
 0.011
 0.011
 0.010
 0.010
 0.009
 0.009
 0.009
 0.008
 0.008
 0.008
 0.007
 0.007
 0.007
 0.007
 0.006
 0.006
 0.006
 0.006
 0.006
 0.005
 0.005
 0.005
 0.005
 0.005
 0.004
 0.004
 0.004
 0.004
 0.004
 0.004
 0.004
 0.003
 0.003
 0.003
 0.003
 0.003
 0.003
 0.003
 0.003
 0.003
 0.002
 0.002
 0.002
 0.002
 0.002
 0.002
 0.002
 0.002
 0.002
 0.002
 0.002
 0.002
 0.002
 0.001
 0.001
 0.001
 0.001
 0.001
 0.001
 0.001
 0.001
 0.001
 0.001
 0.001
 0.001
 0.001
 0.001
 0.001
 0.001
 0.001
 0.001
 0.001
 0.001
 0.001
 0.001
 0.001
 0.001
 0.001
 0.001
 0.001
 0.001
 0.001
 0.000
 0.000
 0.000
 0.000
 0.000
 0.000
 0.000
 0.000
 0.000
 0.000
 0.031
 0.355
 0.264
 0.261
 0.274
 0.285
 0.297
 0.308
 0.319
