5000.000
5000.447
5000.895
5001.344
5001.794
5002.244
5002.695
5003.147
5003.599
5004.052
5004.506
5004.961
5005.416
5005.872
5006.329
5006.787
5007.245
5007.704
5008.164
5008.624
4950.353
4943.695
4939.843
4937.091
4934.924
4933.116
4931.550
4930.153
4928.880
4927.700
4926.589
4925.531
4924.512
4923.523
4922.553
4921.597
4920.648
4919.701
4918.751
4917.794
4916.825
4915.842
4914.840
4913.817
4912.769
4911.693
4910.587
4909.447
4908.270
4907.053
4905.793
4904.488
4903.133
4901.726
4900.263
4898.742
4897.157
4895.507
4893.786
4891.992
4890.119
4888.165
4886.124
4883.992
4881.764
4879.436
4877.001
4874.455
4871.792
4869.007
4866.092
4863.042
4859.850
4856.509
4853.012
4849.351
4845.519
4841.506
4837.305
4832.907
4828.302
4823.480
4818.432
4813.147
4807.614
4801.822
4795.758
4789.412
4782.769
4775.818
4768.544
4760.934
4752.973
4744.647
4735.939
4726.835
4717.318
4707.372
4696.979
4686.123
4674.786
4662.950
4650.598
4637.709
4624.267
4610.253
4595.647
4580.432
4564.589
4548.099
4530.944
4513.106
4494.569
4475.316
4455.330
4434.596
4413.100
4390.829
4367.770
4343.912
4319.246
4293.764
4267.460
4240.330
4212.370
4183.581
4153.964
4123.523
4092.264
4060.197
4027.332
3993.683
3959.266
3924.101
3888.207
3851.610
3814.335
3776.410
3737.868
3698.740
3659.062
3618.870
3578.204
3537.102
3495.607
3453.761
3411.607
3369.189
3326.551
3283.738
3240.795
3197.766
3154.695
3111.625
3068.598
3025.656
2982.839
2940.186
2897.734
2855.520
2813.576
2771.936
2730.631
2689.688
2649.134
2608.996
2569.294
2530.051
2491.285
2453.014
2415.253
2378.015
2341.313
2305.156
2269.553
2234.511
2200.037
2166.133
2132.803
2100.049
2067.871
2036.269
2005.241
1974.785
1944.897
1915.575
1886.812
1858.605
1830.946
1803.830
1777.250
1751.198
1725.667
1700.649
1676.136
1652.120
1628.591
1605.542
1582.964
1560.848
1539.184
1517.964
1497.180
1476.821
1456.879
1437.346
1418.212
1399.469
1381.108
1363.121
1345.498
1328.233
1311.317
1294.741
1278.498
1262.579
1246.979
1231.688
1216.700
1202.007
1187.602
1173.479
1159.631
1146.051
1132.733
1119.670
1106.857
1094.287
1081.954
1069.853
1057.979
1046.325
1034.887
1023.660
1012.638
1001.816
991.190
980.756
970.508
960.442
950.554
940.839
931.295
921.916
912.699
903.640
894.736
885.982
877.376
868.914
860.593
852.409
844.360
836.443
828.654
820.991
813.450
806.030
798.727
791.540
784.465
777.500
770.642
763.890
757.241
750.693
744.244
737.892
731.634
725.469
719.395
713.410
707.511
701.699
695.969
690.322
684.755
679.267
673.856
668.520
663.259
658.070
652.953
647.905
642.926
638.014
633.169
628.388
623.670
619.015
614.421
609.887
605.413
600.996
596.636
592.331
588.082
583.886
579.744
575.653
571.614
567.624
563.684
559.793
555.949
552.152
548.401
544.696
541.035
537.418
533.844
530.312
526.822
523.373
519.965
516.596
513.266
509.975
506.722
503.506
500.327
497.185
494.077
491.005
487.968
484.964
481.994
479.058
476.153
473.281
470.441
467.631
464.853
462.104
461.260
461.010
460.765
460.526
460.292
460.063
459.838
459.619
459.405
459.196
458.991
458.791
458.595
458.404
458.218
458.036
457.858
457.684
457.514
459.233
413.923
376.683
345.553
319.160
296.512
276.875
259.697
244.552
231.107
219.098
208.314
198.583
189.764
181.740
174.413
167.703
161.539
155.862
150.622
145.774
141.280
137.108
133.228
129.615
126.245
123.100
120.161
117.412
114.839
112.429
110.171
108.053
106.066
104.201
102.451
100.808
99.265
97.817
96.456
95.179
93.979
92.853
91.795
90.803
89.872
88.998
88.179
87.411
86.691
86.017
85.386
84.794
84.241
83.723
83.239
82.787
82.364
81.969
81.600
81.256
80.934
80.635
80.355
80.094
79.851
79.624
79.413
79.215
79.031
78.859
78.699
78.549
78.409
78.277
78.154
78.039
77.930
77.828
77.732
77.641
77.554
77.472
77.394
77.319
77.247
77.178
77.112
77.047
76.984
76.923
76.863
76.804
76.746
76.688
76.631
76.575
76.518
76.462
76.405
76.348
76.291
76.233
76.175
76.116
76.057
75.997
75.936
75.874
75.812
75.748
75.684
75.619
75.553
75.485
75.417
75.348
75.278
75.207
75.135
75.062
74.988
74.913
74.837
74.760
74.682
74.603
74.524
74.443
74.362
74.280
74.197
74.113
74.029
73.944
73.858
73.771
73.684
73.596
73.508
73.419
73.329
73.239
73.148
73.057
72.965
72.873
72.780
72.687
72.594
72.500
72.406
72.311
72.217
72.122
72.026
71.931
71.835
71.739
71.643
71.546
71.450
71.353
71.256
71.159
71.062
70.965
70.868
70.771
70.673
70.576
70.479
70.381
70.284
70.186
70.089
69.992
69.894
69.797
69.700
69.603
69.506
69.409
69.312
69.215
69.118
69.022
68.925
68.829
68.733
68.637
68.541
68.445
68.349
68.254
68.158
68.063
67.968
67.873
67.779
67.684
67.590
67.496
67.402
67.308
67.215
67.122
67.028
66.935
66.843
66.750
66.658
66.566
66.474
66.382
66.291
66.200
66.109
66.018
65.927
65.837
65.747
65.657
65.567
65.478
65.388
65.299
65.210
65.125
65.044
64.962
64.880
64.797
64.714
64.631
64.547
64.463
64.379
64.295
64.210
64.125
64.040
63.955
63.870
63.784
63.699
63.613
63.528
63.442
63.357
63.271
63.186
63.100
63.015
62.929
62.844
62.759
62.674
62.588
62.503
62.419
62.334
62.249
62.165
62.080
61.996
61.912
61.828
61.744
61.660
61.577
61.494
61.410
61.327
61.245
61.162
61.080
60.997
60.915
60.833
60.752
60.670
60.589
60.508
60.427
60.346
60.265
60.185
60.105
60.025
59.945
59.866
59.786
59.707
59.628
59.549
59.471
59.392
59.314
59.236
59.159
59.081
59.004
58.927
58.850
58.773
58.696
58.620
58.544
58.468
58.392
58.317
58.241
58.166
58.091
58.016
57.942
57.867
57.793
57.719
57.645
57.572
57.498
57.425
57.352
57.279
57.207
57.134
57.062
56.990
56.918
56.846
56.775
56.703
56.632
56.561
56.490
56.420
56.349
56.279
56.209
56.139
56.070
56.000
55.931
55.861
55.793
55.724
55.655
55.587
55.518
55.450
55.382
55.314
55.247
55.179
55.112
55.045
54.978
54.911
54.845
54.778
54.712
54.646
54.580
54.514
54.449
54.383
54.318
54.253
54.188
54.123
54.059
53.994
53.930
53.866
53.802
53.738
53.674
53.611
53.547
53.484
53.421
53.358
53.296
53.233
53.171
53.108
53.046
52.984
52.922
52.861
52.799
52.738
52.676
52.615
52.554
52.494
52.433
52.376
52.646
49.319
45.983
46.801
48.634
50.466
52.295
54.123
55.949
57.773
59.595
61.414
63.232
65.047
66.860
68.670
70.478
72.284
74.086
75.886
77.683
79.478
81.037
81.673
81.328
80.357
79.007
77.382
75.540
73.543
71.449
69.298
67.122
64.944
62.782
60.648
58.553
56.504
54.505
52.561
50.674
48.844
47.073
45.359
43.703
42.104
40.560
39.071
37.634
36.249
34.913
33.626
32.386
31.191
30.039
28.930
27.862
26.832
25.841
24.886
23.966
23.080
22.227
21.405
20.614
19.852
19.118
18.411
17.730
17.075
16.444
15.836
15.250
14.686
14.143
13.620
13.117
12.632
12.165
11.715
11.282
10.865
10.463
10.076
 9.703
 9.345
 8.999
 8.666
 8.346
 8.037
 7.740
 7.454
 7.178
 6.913
 6.657
 6.411
 6.174
 5.946
 5.726
 5.514
 5.310
 5.114
 4.925
 4.743
 4.568
 4.399
 4.236
 4.079
 3.929
 3.783
 3.643
 3.509
 3.379
 3.254
 3.134
 3.018
 2.906
 2.799
 2.695
 2.596
 2.500
 2.407
 2.318
 2.233
 2.150
 2.071
 1.994
 1.920
 1.849
 1.781
 1.715
 1.652
 1.591
 1.532
 1.475
 1.421
 1.368
 1.317
 1.269
 1.222
 1.177
 1.133
 1.091
 1.051
 1.012
 0.975
 0.939
 0.904
 0.870
 0.838
 0.807
 0.777
 0.749
 0.721
 0.694
 0.669
 0.644
 0.620
 0.597
 0.575
 0.554
 0.533
 0.514
 0.495
 0.476
 0.459
 0.442
 0.425
 0.410
 0.395
 0.380
 0.366
 0.352
 0.339
 0.327
 0.315
 0.303
 0.292
 0.281
 0.271
 0.261
 0.251
 0.242
 0.233
 0.224
 0.216
 0.208
 0.200
 0.193
 0.186
 0.179
 0.172
 0.166
 0.160
 0.154
 0.148
 0.143
 0.137
 0.132
 0.127
 0.123
 0.118
 0.114
 0.110
 0.106
 0.102
 0.098
 0.094
 0.091
 0.087
 0.084
 0.081
 0.078
 0.075
 0.072
 0.070
 0.067
 0.065
 0.062
 0.060
 0.058
 0.056
 0.054
 0.052
 0.050
 0.048
 0.046
 0.174
 0.106
 0.169
 0.164
 0.166
 0.167
 0.169
 0.170
 0.171
