 0.000
125000.000
2414.815
124352.521
4829.629
123704.178
7244.444
123054.971
9659.259
122404.900
12074.074
121753.964
14488.888
121102.162
16903.703
120449.495
19318.518
119795.962
21733.332
119141.564
24148.147
118486.298
26562.962
117830.166
28977.777
117173.167
31392.591
116515.301
33807.406
115856.567
36222.221
115196.964
38637.035
114536.494
41051.850
113875.154
43466.665
113212.946
45881.479
112549.868
48275.407
111896.389
50661.644
111245.888
53045.398
110595.757
55427.466
109945.598
57808.216
109295.229
60187.856
108644.543
62566.521
107993.475
64944.303
107341.977
67321.267
106690.018
69697.463
106037.571
72072.927
105384.619
74447.687
104731.147
76821.763
104077.147
79195.170
103422.609
81567.920
102767.527
83940.019
102111.899
86311.473
101455.722
88682.283
100798.995
91052.448
100141.717
93421.967
99483.891
95790.834
98825.519
98159.043
98166.602
100526.587
97507.146
102893.457
96847.154
105259.641
96186.633
107625.129
95525.588
109989.905
94864.025
112353.955
94201.953
114717.264
93539.380
117079.813
92876.314
119441.583
92212.766
121802.554
91548.744
124162.705
90884.261
126522.012
90219.328
128880.450
89553.959
131237.994
88888.165
133594.615
88221.961
135950.284
87555.363
138304.971
86888.386
140658.641
86221.047
143011.261
85553.363
145362.794
84885.354
147713.203
84217.039
150062.445
83548.439
152410.480
82879.576
154757.262
82210.472
157102.744
81541.152
159446.877
80871.642
161789.609
80201.967
164130.886
79532.157
166470.650
78862.241
168808.843
78192.249
171145.399
77522.214
173480.255
76852.171
175813.340
76182.155
178144.582
75512.204
180473.906
74842.357
182801.230
74172.655
185126.473
73503.142
187449.546
72833.863
189770.359
72164.866
192088.814
71496.200
194404.813
70827.917
196718.250
70160.072
199029.015
69492.722
201336.993
68825.925
203642.065
68159.746
205944.105
67494.248
208242.982
66829.500
210538.559
66165.572
212830.694
65502.539
215119.236
64840.478
217404.032
64179.469
219684.918
63519.596
221961.725
62860.947
224234.278
62203.612
226502.393
61547.687
228765.879
60893.269
231024.539
60240.461
233278.166
59589.368
235526.546
58940.102
237769.457
58292.774
240006.668
57647.504
242237.941
57004.414
244463.030
56363.630
246681.677
55725.281
248893.619
55089.503
251098.584
54456.433
253296.289
53826.213
255486.445
53198.991
257668.753
52574.916
259842.908
51954.141
262008.593
51336.825
264165.486
50723.128
266313.257
50113.213
268451.567
49507.247
270580.071
48905.401
272698.418
48307.847
274806.250
47714.758
276903.203
47126.310
278988.909
46542.682
281062.994
45964.050
283125.082
45390.595
285174.793
44822.495
287211.745
44259.928
289235.555
43703.073
291245.839
43152.106
293242.215
42607.200
295224.302
42068.528
297191.721
41536.256
299144.098
41010.551
301081.062
40491.571
303002.251
39979.472
304907.308
39474.403
306795.886
38976.507
308667.645
38485.920
310522.259
38002.771
312359.410
37527.181
314178.797
37059.262
315980.130
36599.118
317763.135
36146.844
319527.554
35702.524
321273.144
35266.232
322999.681
34838.034
324706.958
34417.982
326394.790
34006.122
328063.006
33602.484
329711.459
33207.091
331340.019
32819.954
332948.579
32441.073
334537.050
32070.437
336105.364
31708.027
337653.474
31353.812
339181.351
31007.750
340688.989
30669.791
342176.399
30339.876
343643.611
30017.936
345090.675
29703.896
346517.658
29397.670
347924.644
29099.166
349311.734
28808.285
350679.045
28524.923
352026.709
28248.967
353354.872
27980.301
354663.693
27718.804
355953.344
27464.350
357224.010
27216.808
358475.885
26976.046
359709.174
26741.928
360924.090
26514.316
362120.855
26293.068
363299.700
26078.044
364460.859
25869.100
365604.576
25666.093
366731.097
25468.878
367840.674
25277.312
368933.562
25091.250
370010.019
24910.549
371070.305
24735.068
372114.684
24564.665
373143.417
24399.200
374156.770
24238.535
375155.007
24082.533
376138.392
23931.059
377107.188
23783.981
378061.657
23641.169
379002.061
23502.494
379928.658
23367.830
380841.705
23237.054
381741.456
23110.045
382628.164
22986.685
383502.077
22866.859
384363.441
22750.452
385212.500
22637.355
386049.491
22527.461
386874.652
22420.663
387688.214
22316.860
388490.406
22215.952
389281.452
22117.842
390061.573
22022.435
390830.987
21929.639
391589.905
21839.366
392338.538
21751.527
393077.089
21666.040
393805.760
21582.821
394524.748
21501.791
395234.246
21422.873
395934.442
21345.992
396625.522
21271.075
397307.666
21198.051
397981.052
21126.853
398645.853
21057.412
399302.240
20989.666
399950.376
20923.552
400590.426
20859.009
401222.547
20795.978
401846.895
20734.403
402463.620
20674.229
403072.871
20615.402
403674.792
20557.870
404269.525
20501.584
404857.207
20446.494
405437.974
20392.554
406011.957
20339.719
406579.284
20287.943
407140.082
20237.185
407694.472
20187.402
408242.576
20138.556
408784.509
20090.606
409320.386
20043.515
409850.319
19997.246
410374.416
19951.765
410892.785
19907.037
411405.528
19863.029
411912.747
19819.709
412414.542
19777.044
412911.009
19735.007
413402.243
19693.566
413888.335
19652.693
414369.377
19612.362
414845.457
19572.545
415316.660
19533.216
415783.070
19494.352
416244.769
19455.926
416701.838
19417.916
417154.356
19380.299
417602.398
19343.053
418046.039
19306.156
418485.353
19269.587
418920.411
19233.327
419351.283
19197.355
419778.037
19161.653
420200.740
19126.203
420619.457
19090.985
421034.252
19055.984
421445.187
19021.182
421852.323
18986.562
422255.719
18952.110
422655.435
18917.809
423051.526
18883.645
423444.049
18849.604
423833.058
18815.670
424218.607
18781.831
424600.748
18748.073
424979.531
18714.384
425355.008
18680.750
425727.225
18647.160
426096.233
18613.602
426462.076
18580.065
426824.802
18546.537
427184.455
18513.008
427541.078
18479.467
427894.716
18445.904
428245.409
18412.309
428593.200
18378.672
428938.128
18344.985
429280.234
18311.238
429619.555
18277.422
429956.131
18243.529
430289.997
18209.550
430621.191
18175.478
430949.747
18141.305
431275.702
18107.023
431599.089
18072.624
431919.943
18038.101
432238.294
18003.448
432554.177
17968.658
432867.623
17933.724
433178.663
17898.640
433487.326
17863.399
433793.643
17827.995
434097.644
17792.423
434399.356
17756.678
434698.809
17720.752
434996.029
17684.642
435291.043
17648.341
435583.879
17611.846
435874.561
17575.150
436163.117
17538.249
436449.570
17501.139
436733.946
17463.815
437016.268
17426.272
437296.560
17388.507
437574.846
17350.515
437851.149
17312.293
438125.490
17273.836
438397.891
17235.141
438668.375
17196.204
438936.963
17157.022
439203.675
17117.591
439468.533
17077.908
439731.555
17037.969
439992.762
16997.773
440252.173
16957.315
440509.807
16916.593
440765.683
16875.604
441019.820
16834.345
441272.235
16792.814
441522.946
16751.008
441771.971
16708.924
442019.326
16666.561
442265.030
16623.917
442509.097
16580.988
442751.545
16537.773
442992.389
16494.269
443231.646
16450.476
443469.330
16406.390
443705.457
16362.010
443940.042
16317.335
444173.100
16272.363
444404.645
16227.091
444634.691
16181.519
444863.252
16135.646
445090.343
16089.469
445316.306
16042.828
445541.931
15995.347
445767.248
15947.011
445992.257
15897.823
446216.956
15847.783
446441.346
15796.893
446665.425
15745.154
446889.193
15692.569
447112.650
15639.137
447335.794
15584.861
447558.624
15529.742
447781.140
15473.781
448003.341
15416.981
448225.227
15359.342
448446.795
15300.865
448668.046
15241.554
448888.979
15181.408
449109.592
15120.430
449329.884
15058.622
449549.889
14995.974
449759.226
14935.482
449948.594
14879.883
450121.387
14828.270
450280.202
14779.949
450427.073
14734.376
450563.618
14691.119
450691.150
14649.827
450810.745
14610.212
450923.297
14572.038
451029.557
14535.102
451130.160
14499.237
451225.652
14464.296
451316.500
14430.157
451403.111
14396.711
451485.840
14363.864
451564.997
14331.534
451640.857
14299.650
451713.664
14268.146
451783.635
14236.967
451850.964
14206.062
451915.825
14175.387
451978.375
14144.900
452038.755
14114.566
452097.095
14084.351
452153.511
14054.228
452208.110
14024.169
452260.991
13994.150
452312.241
13964.149
452361.944
13934.148
452410.174
13904.128
452457.003
13874.074
452502.494
13843.970
452546.707
13813.804
452589.698
13783.564
452631.519
13753.239
452672.217
13722.820
452711.837
13692.297
452750.422
13661.664
452788.010
13630.913
452824.638
13600.038
452860.340
13569.033
452895.150
13537.895
452929.098
13506.619
452962.211
13475.201
452994.519
13443.638
453026.045
13411.929
453056.815
13380.070
453086.852
13348.061
453116.177
13315.900
453144.811
13283.586
453172.774
13251.120
453200.085
13218.500
453226.761
13185.728
453252.821
13152.804
453278.279
13119.728
453303.152
13086.502
453327.455
13053.127
453351.203
13019.604
453374.408
12985.936
453397.085
12952.124
453419.247
12918.170
453440.905
12884.076
453462.071
12849.845
453482.758
12815.480
453502.976
12780.982
453522.735
12746.356
453542.047
12711.603
453560.922
12676.726
453579.368
12641.729
453597.397
12606.615
453615.016
12571.386
453632.235
12536.047
453649.063
12500.599
453665.508
12465.048
453681.579
12429.395
453697.283
12393.644
453712.628
12357.798
453727.622
12321.862
453742.273
12285.837
453756.588
12249.728
453770.574
12213.539
453784.237
12177.271
453797.586
12140.929
453810.626
12104.515
453823.364
12068.034
453835.807
12031.488
453847.960
11994.880
453859.831
11958.214
453871.424
11921.493
453882.746
11884.720
453893.803
11847.898
453904.600
11811.030
453915.143
11774.119
453925.437
11737.167
453935.488
11700.179
453945.301
11663.155
453954.880
11626.100
453964.232
11589.016
453973.361
11551.906
453982.271
11514.772
453990.968
11477.616
453999.456
11440.442
454007.740
11403.251
454015.824
11366.047
454023.712
11328.830
454031.410
11291.604
454038.921
11254.371
454046.249
11217.132
454053.398
11179.891
454060.373
11142.648
454067.177
11105.406
454073.814
11068.167
454080.288
11030.933
454086.602
10993.705
454092.761
10956.486
454098.767
10919.276
454104.624
10882.078
454110.336
10844.892
454115.906
10807.722
454121.336
10770.568
454126.631
10733.431
454131.794
10696.313
454136.827
10659.215
454141.733
10622.139
454146.516
10585.086
454151.178
10548.057
454155.723
10511.053
454160.152
10474.076
454164.469
10437.126
454168.676
10400.204
454172.776
10363.312
454176.771
10326.450
454180.665
10289.619
454184.458
10252.821
454188.154
10216.056
454191.756
10179.325
454195.264
10142.628
454198.683
10105.967
454202.012
10069.342
454205.256
10032.754
454208.416
9996.203
454211.493
9959.691
454214.491
9923.217
454217.410
9886.783
454220.253
9850.388
454223.022
9814.034
454225.719
9777.721
454228.345
9741.449
454230.902
9705.219
454233.391
9669.031
454235.815
9632.885
454238.175
9596.783
454240.473
9560.724
454242.709
9524.709
454244.887
9488.738
454247.007
9452.811
454249.070
9416.929
454251.078
9381.091
454253.033
9345.299
454254.936
9309.553
454256.787
9273.852
454258.589
9238.196
454260.343
9202.587
454262.050
9167.024
454263.710
9131.508
454265.326
9096.037
454266.898
9060.614
454268.428
9025.238
454269.916
8989.908
454271.364
8954.625
454272.773
8919.390
454274.143
8884.202
454275.476
8849.061
454276.773
8813.967
454278.034
8778.921
454279.261
8743.922
454280.454
8708.971
454281.615
8674.068
454282.743
8639.212
454283.841
8604.404
454284.908
8569.643
454285.946
8534.930
454286.956
8500.264
454287.937
8465.647
454288.891
8431.077
454289.819
8396.554
454290.721
8362.079
454291.598
8327.652
454292.450
8293.272
454293.279
8258.940
454294.085
8224.655
454294.868
8190.418
454295.629
8156.228
454296.369
8122.085
454297.088
8087.989
454297.787
8053.941
454298.466
8019.940
454299.126
7985.986
454299.767
7952.079
454300.391
7918.219
454300.996
7884.406
454301.585
7850.640
454302.157
7816.920
454302.712
7783.247
454303.252
7749.621
454303.777
7716.041
454304.286
7682.507
454304.781
7649.020
454305.262
7615.579
454305.729
7582.184
454306.183
7548.835
454306.623
7515.532
454307.051
7482.274
454307.467
7449.063
454307.871
7415.897
454308.263
7382.777
454308.644
7349.702
454309.013
7316.672
454309.372
7283.688
454309.721
7250.749
454310.060
7217.855
454310.388
7185.006
454310.707
7152.201
454311.017
7119.442
454311.318
7086.726
454311.610
7054.056
454311.893
7021.430
454312.169
6988.847
454312.436
6956.306
454312.695
6923.806
454312.947
6891.347
454313.191
6858.928
454313.428
6826.551
454313.659
6794.216
454313.882
6761.922
454314.099
6729.670
454314.309
6697.460
454314.513
6665.292
454314.711
6633.167
454314.904
6601.084
454315.090
6569.043
454315.271
6537.045
454315.447
6505.089
454315.617
6473.176
454315.783
6441.305
454315.943
6409.478
454316.098
6377.693
454316.249
6345.950
454316.396
6314.251
454316.537
6282.594
454316.675
6250.980
454316.809
6219.409
454316.938
6187.881
454317.064
6156.395
454317.185
6124.952
454317.303
6093.551
454317.418
6062.193
454317.529
6030.878
454317.636
5999.605
454317.741
5968.375
454317.842
5937.187
454317.940
5906.041
454318.035
5874.938
454318.127
5843.877
454318.217
5812.858
454318.303
5781.881
454318.387
5750.947
454318.468
5720.054
454318.547
5689.203
454318.623
5658.393
454318.698
5627.626
454318.769
5596.900
454318.839
5566.216
454318.906
5535.573
454318.971
5504.971
454319.035
5474.411
454319.096
5443.892
454319.155
5413.413
454319.213
5382.976
454319.268
5352.580
454319.322
5322.225
454319.375
5291.910
454319.425
5261.636
454319.474
5231.403
454319.522
5201.209
454319.568
5171.057
454319.612
5140.944
454319.655
5110.872
454319.697
5080.839
454319.738
5050.847
454319.777
5020.894
454319.815
4990.981
454319.851
4961.108
454319.887
4931.274
454319.921
4901.480
454319.955
4871.725
454319.987
4842.009
454320.018
4812.332
454320.048
4782.695
454320.078
4753.096
454320.106
4723.536
454320.133
4694.015
454320.160
4664.532
454320.186
4635.088
454320.210
4605.683
454320.234
4576.316
454320.258
4546.986
454320.280
4517.696
454320.302
4488.443
454320.323
4459.228
454320.343
4430.051
454320.363
4400.911
454320.382
4371.809
454320.401
4342.745
454320.419
4313.718
454320.436
4284.729
454320.453
4255.777
454320.469
4226.862
454320.484
4197.983
454320.500
4169.142
454320.514
4140.338
454320.528
4111.571
454320.542
4082.840
454320.555
4054.145
454320.568
4025.488
454320.580
3996.866
454320.592
3968.281
454320.604
3939.732
454320.615
3911.219
454320.626
3882.742
454320.636
3854.301
454320.646
3825.896
454320.656
3797.527
454320.666
3769.193
454320.675
3740.894
454320.684
3712.631
454320.692
3684.404
454320.700
3656.212
454320.708
3628.054
454320.716
3599.932
454320.724
3571.845
454320.731
3543.793
454320.738
3515.776
454320.744
3487.793
454320.751
3459.845
454320.757
3431.932
454320.763
3404.053
454320.769
3376.208
454320.775
3348.398
454320.780
3320.621
454320.785
3292.879
454320.790
3265.171
454320.795
3237.497
454320.800
3209.857
454320.805
3182.250
454320.809
3154.677
454320.813
3127.138
454320.818
3099.632
454320.822
3072.160
454320.825
3044.720
454320.829
3017.315
454320.833
2989.942
454320.836
2962.602
454320.840
2935.296
454320.843
2908.022
454320.846
2880.781
454320.849
2853.573
454320.852
2826.398
454320.855
2799.255
454320.857
2772.145
454320.860
2745.067
454320.862
2718.021
454320.865
2691.008
454320.867
2664.027
454320.870
2637.078
454320.872
2610.161
454320.874
2583.276
454320.876
2556.423
454320.878
2529.602
454320.880
2502.812
454320.882
2476.054
454320.883
2449.328
454320.885
2422.633
454320.887
2395.970
454320.888
2369.338
454320.890
2342.737
454320.891
2316.167
454320.893
2289.628
454320.894
2263.121
454320.895
2236.644
454320.897
2210.199
454320.898
2183.784
454320.899
2157.400
454320.900
2131.046
454320.901
2104.723
454320.902
2078.431
454320.903
2052.169
454320.904
2025.937
454320.905
1999.736
454320.906
1973.219
454320.907
1947.726
454320.908
1923.901
454320.909
1900.883
454320.909
1877.024
454320.910
1852.249
454320.911
1826.559
454320.912
1799.954
454320.912
1772.436
454320.913
1744.005
454320.914
1714.663
454320.914
1684.411
454320.915
1653.250
454320.916
1621.180
454320.917
1588.203
454320.917
1554.320
454320.918
1519.533
454320.919
1483.842
454320.919
1447.250
454320.920
1409.757
454320.921
1371.364
454320.922
1332.074
454320.922
1291.919
454320.923
1251.196
454320.924
1210.413
454320.924
1169.972
454320.925
1130.118
454320.926
1091.011
454320.926
1052.773
454320.927
1015.497
454320.927
979.246
454320.928
944.058
454320.928
909.952
454320.929
876.936
454320.929
845.005
454320.930
814.149
454320.930
784.351
454320.930
755.589
454320.931
727.839
454320.931
701.074
454320.931
675.268
454320.931
650.391
454320.932
626.414
454320.932
603.309
454320.932
581.045
454320.932
559.596
454320.933
538.932
454320.933
519.027
454320.933
499.853
454320.933
481.384
454320.933
463.595
454320.933
446.462
454320.933
429.961
454320.933
414.069
454320.933
398.763
454320.934
384.022
454320.934
369.826
454320.934
356.154
454320.934
342.987
454320.934
330.307
454320.934
318.096
454320.934
306.335
454320.934
295.010
454320.934
284.103
454320.934
273.600
454320.934
263.484
454320.934
253.743
454320.934
244.362
454320.934
235.327
454320.934
226.627
454320.934
218.248
454320.934
210.179
454320.934
202.409
454320.934
194.926
454320.934
187.719
454320.934
180.779
454320.934
174.096
454320.934
167.659
454320.934
161.461
454320.934
155.492
454320.934
149.743
454320.934
144.207
454320.934
138.876
454320.934
133.742
454320.934
128.798
454320.934
124.036
454320.934
119.451
454320.934
115.035
454320.934
110.782
454320.934
106.687
454320.934
102.743
454320.934
98.945
454320.934
95.287
454320.934
91.765
454320.934
88.373
454320.934
85.106
454320.934
81.960
454320.934
78.930
454320.934
76.013
454320.934
73.203
454320.934
70.497
454320.934
67.891
454320.934
65.382
454320.934
62.965
454320.934
60.638
454320.934
58.396
454320.934
56.238
454320.934
54.159
454320.934
52.157
454320.934
50.230
454320.934
48.373
454320.934
46.585
454320.934
44.864
454320.934
43.206
454320.934
41.609
454320.934
40.071
454320.934
38.590
454320.934
37.164
454320.934
35.791
454320.934
34.468
454320.934
33.194
454320.934
31.968
454320.934
30.786
454320.934
29.649
454320.934
28.553
454320.934
27.498
454320.934
26.482
454320.934
25.504
454320.934
24.562
454320.934
23.654
454320.934
22.780
454320.934
21.939
454320.934
21.128
454320.934
20.348
454320.934
19.596
454320.934
18.872
454320.934
18.175
454320.934
17.504
454320.934
16.858
454320.934
16.235
454320.934
15.635
454320.934
15.058
454320.934
14.502
454320.934
13.967
454320.934
13.451
454320.934
12.954
454320.934
12.476
454320.934
12.015
454320.934
11.572
454320.934
11.145
454320.934
10.733
454320.934
10.337
454320.934
 9.956
454320.934
 9.588
454320.934
 9.235
454320.934
 8.894
454320.934
 8.566
454320.934
 8.250
454320.934
 7.946
454320.934
 7.653
454320.934
 7.370
454320.934
 7.099
454320.934
 6.837
454320.934
 6.585
454320.934
 6.342
454320.934
 6.108
454320.934
 5.883
454320.934
 5.666
454320.934
 5.458
454320.934
 5.257
454320.934
 5.063
454320.934
 4.876
454320.934
 4.697
454320.934
 4.524
454320.934
 4.357
454320.934
 4.197
454320.934
 4.043
454320.934
 3.894
454320.934
 3.751
454320.934
 3.613
454320.934
 3.480
454320.934
 3.352
454320.934
 3.229
454320.934
 3.110
454320.934
 2.996
454320.934
 2.886
454320.934
 2.780
454320.934
 2.678
454320.934
 2.580
454320.934
 2.485
454320.934
 2.394
454320.934
 2.306
454320.934
 2.221
454320.934
 2.140
454320.934
 2.062
454320.934
 1.986
454320.934
 1.913
454320.934
 1.843
454320.934
 1.776
454320.934
 1.711
454320.934
 1.649
454320.934
 1.588
454320.934
 1.530
454320.934
 1.475
454320.934
 1.421
454320.934
 1.369
454320.934
 1.319
454320.934
 1.271
454320.934
 1.225
454320.934
 1.180
454320.934
 1.137
454320.934
 1.096
454320.934
 1.056
454320.934
 1.018
454320.934
 0.981
454320.934
 0.946
454320.934
 0.911
454320.934
 0.878
454320.934
 0.847
454320.934
 0.816
454320.934
 0.787
454320.934
 0.758
454320.934
 0.731
454320.934
 0.705
454320.934
 0.679
454320.934
 0.655
454320.934
 0.632
454320.945
 0.579
454320.948
 0.519
454320.967
 0.452
454320.992
 0.385
454321.019
 0.320
454321.046
 0.255
454321.073
 0.191
454321.102
 0.128
454321.131
 0.066
