4829.629
-1294.094
4829.629
-1295.822
4829.629
-1297.550
4829.629
-1299.278
4829.629
-1301.008
4829.629
-1302.738
4829.629
-1304.468
4829.629
-1306.200
4829.629
-1307.931
4829.629
-1309.664
4829.629
-1311.397
4829.629
-1313.131
4829.629
-1314.865
4829.629
-1316.601
4829.629
-1318.336
4829.629
-1320.073
4829.629
-1321.810
4829.629
-1323.548
4829.629
-1325.286
4829.629
-1327.025
4776.082
-1301.937
4769.590
-1300.432
4765.660
-1300.208
4762.731
-1300.484
4760.336
-1301.028
4758.269
-1301.736
4756.421
-1302.553
4754.727
-1303.448
4753.147
-1304.400
4751.650
-1305.394
4750.216
-1306.419
4748.829
-1307.469
4747.479
-1308.537
4746.154
-1309.618
4744.847
-1310.708
4743.552
-1311.805
4742.264
-1312.904
4740.976
-1314.005
4739.685
-1315.104
4738.387
-1316.200
4737.079
-1317.290
4735.756
-1318.374
4734.417
-1319.449
4733.058
-1320.515
4731.676
-1321.569
4730.268
-1322.610
4728.832
-1323.637
4727.365
-1324.648
4725.863
-1325.642
4724.326
-1326.618
4722.749
-1327.574
4721.130
-1328.508
4719.466
-1329.420
4717.754
-1330.307
4715.991
-1331.168
4714.174
-1332.002
4712.300
-1332.807
4710.366
-1333.581
4708.368
-1334.322
4706.302
-1335.029
4704.166
-1335.699
4701.955
-1336.331
4699.665
-1336.922
4697.292
-1337.471
4694.832
-1337.975
4692.280
-1338.432
4689.632
-1338.839
4686.883
-1339.194
4684.028
-1339.494
4681.061
-1339.737
4677.977
-1339.919
4674.770
-1340.037
4671.435
-1340.089
4667.964
-1340.071
4664.352
-1339.980
4660.591
-1339.812
4656.675
-1339.563
4652.596
-1339.229
4648.346
-1338.807
4643.917
-1338.292
4639.301
-1337.680
4634.488
-1336.967
4629.471
-1336.146
4624.239
-1335.215
4618.782
-1334.167
4613.091
-1332.997
4607.155
-1331.700
4600.962
-1330.269
4594.501
-1328.700
4587.760
-1326.986
4580.728
-1325.121
4573.391
-1323.098
4565.736
-1320.910
4557.751
-1318.552
4549.420
-1316.015
4540.730
-1313.292
4531.666
-1310.377
4522.214
-1307.261
4512.357
-1303.937
4502.079
-1300.397
4491.366
-1296.633
4480.200
-1292.637
4468.566
-1288.401
4456.445
-1283.917
4443.822
-1279.177
4430.679
-1274.173
4416.999
-1268.895
4402.765
-1263.337
4387.959
-1257.491
4372.565
-1251.348
4356.566
-1244.902
4339.946
-1238.144
4322.687
-1231.068
4304.775
-1223.668
4286.195
-1215.936
4266.931
-1207.868
4246.970
-1199.458
4226.299
-1190.702
4204.907
-1181.596
4182.782
-1172.136
4159.916
-1162.320
4136.299
-1152.146
4111.926
-1141.615
4086.790
-1130.726
4060.890
-1119.480
4034.222
-1107.881
4006.788
-1095.931
3978.590
-1083.635
3949.631
-1070.999
3919.920
-1058.031
3889.463
-1044.738
3858.274
-1031.130
3826.364
-1017.217
3793.749
-1003.012
3760.448
-988.527
3726.480
-973.778
3691.868
-958.778
3656.638
-943.545
3620.814
-928.095
3584.427
-912.448
3547.507
-896.621
3510.086
-880.635
3472.199
-864.510
3433.881
-848.266
3395.169
-831.925
3356.101
-815.508
3316.715
-799.036
3277.053
-782.532
3237.153
-766.017
3197.057
-749.511
3156.804
-733.037
3116.436
-716.614
3075.993
-700.263
3035.515
-684.003
2995.040
-667.852
2954.609
-651.830
2914.257
-635.953
2874.022
-620.237
2833.938
-604.698
2794.040
-589.350
2754.360
-574.207
2714.928
-559.280
2675.775
-544.582
2636.928
-530.121
2598.413
-515.909
2560.254
-501.952
2522.474
-488.258
2485.094
-474.834
2448.132
-461.684
2411.606
-448.813
2375.532
-436.224
2339.924
-423.920
2304.795
-411.903
2270.155
-400.174
2236.014
-388.733
2202.379
-377.580
2169.258
-366.714
2136.656
-356.134
2104.577
-345.837
2073.024
-335.822
2041.999
-326.085
2011.502
-316.622
1981.534
-307.431
1952.093
-298.508
1923.178
-289.847
1894.786
-281.445
1866.915
-273.297
1839.558
-265.399
1812.714
-257.745
1786.376
-250.330
1760.538
-243.148
1735.196
-236.196
1710.342
-229.467
1685.971
-222.956
1662.074
-216.658
1638.646
-210.567
1615.678
-204.678
1593.164
-198.986
1571.095
-193.486
1549.463
-188.172
1528.262
-183.040
1507.482
-178.083
1487.116
-173.298
1467.156
-168.680
1447.594
-164.223
1428.422
-159.922
1409.631
-155.774
1391.215
-151.774
1373.164
-147.917
1355.472
-144.200
1338.130
-140.617
1321.132
-137.165
1304.468
-133.840
1288.133
-130.638
1272.119
-127.555
1256.417
-124.587
1241.023
-121.731
1225.927
-118.984
1211.124
-116.342
1196.607
-113.802
1182.370
-111.360
1168.405
-109.014
1154.706
-106.760
1141.268
-104.597
1128.084
-102.520
1115.148
-100.527
1102.455
-98.616
1089.998
-96.784
1077.773
-95.028
1065.773
-93.347
1053.994
-91.738
1042.430
-90.198
1031.077
-88.725
1019.929
-87.318
1008.982
-85.975
998.230
-84.692
987.670
-83.469
977.296
-82.304
967.105
-81.195
957.092
-80.140
947.254
-79.137
937.585
-78.185
928.083
-77.282
918.742
-76.428
909.561
-75.619
900.534
-74.856
891.659
-74.136
882.931
-73.459
874.349
-72.822
865.907
-72.226
857.603
-71.667
849.435
-71.147
841.398
-70.662
833.491
-70.213
825.709
-69.798
818.051
-69.416
810.513
-69.066
803.093
-68.748
795.788
-68.460
788.596
-68.201
781.514
-67.971
774.541
-67.768
767.672
-67.593
760.907
-67.443
754.243
-67.319
747.678
-67.219
741.209
-67.144
734.835
-67.091
728.554
-67.062
722.364
-67.054
716.262
-67.067
710.247
-67.101
704.317
-67.155
698.471
-67.228
692.706
-67.321
687.021
-67.431
681.414
-67.560
675.884
-67.706
670.429
-67.869
665.048
-68.048
659.739
-68.243
654.500
-68.453
649.331
-68.679
644.229
-68.919
639.194
-69.173
634.224
-69.441
629.318
-69.722
624.475
-70.016
619.693
-70.323
614.971
-70.642
610.308
-70.973
605.704
-71.316
601.155
-71.669
596.663
-72.034
592.225
-72.409
587.841
-72.795
583.510
-73.190
579.230
-73.595
575.000
-74.009
570.821
-74.433
566.690
-74.865
562.607
-75.306
558.571
-75.756
554.581
-76.213
550.636
-76.678
546.736
-77.151
542.879
-77.631
539.065
-78.118
535.293
-78.612
531.563
-79.113
527.873
-79.620
524.223
-80.134
520.612
-80.654
517.039
-81.179
513.504
-81.710
510.007
-82.247
506.546
-82.789
503.120
-83.336
499.730
-83.888
496.375
-84.445
493.053
-85.007
489.765
-85.573
486.510
-86.143
483.287
-86.718
480.096
-87.296
476.936
-87.879
473.806
-88.465
470.707
-89.054
467.638
-89.647
464.598
-90.243
461.586
-90.843
458.603
-91.445
455.648
-92.050
452.719
-92.658
451.558
-94.108
450.942
-95.817
450.326
-97.524
449.708
-99.229
449.090
-100.930
448.469
-102.629
447.848
-104.325
447.225
-106.018
446.600
-107.708
445.974
-109.396
445.347
-111.080
444.718
-112.762
444.087
-114.440
443.454
-116.116
442.820
-117.788
442.184
-119.458
441.546
-121.124
440.906
-122.787
440.264
-124.447
441.431
-126.624
397.411
-115.745
361.181
-106.950
330.849
-99.731
305.085
-93.734
282.933
-88.701
263.684
-84.444
246.801
-80.819
231.875
-77.716
218.582
-75.049
206.668
-72.749
195.928
-70.761
186.195
-69.041
177.333
-67.552
169.229
-66.264
161.788
-65.151
154.931
-64.192
148.591
-63.368
142.710
-62.665
137.239
-62.068
132.135
-61.566
127.361
-61.150
122.885
-60.810
118.679
-60.538
114.719
-60.328
110.982
-60.174
107.448
-60.071
104.102
-60.012
100.927
-59.995
97.909
-60.015
95.037
-60.069
92.299
-60.153
89.685
-60.265
87.187
-60.402
84.795
-60.562
82.503
-60.741
80.304
-60.939
78.191
-61.154
76.160
-61.382
74.204
-61.624
72.320
-61.878
70.502
-62.141
68.747
-62.413
67.052
-62.693
65.412
-62.980
63.826
-63.271
62.289
-63.568
60.799
-63.867
59.354
-64.170
57.952
-64.474
56.591
-64.780
55.268
-65.086
53.981
-65.392
52.730
-65.697
51.512
-66.000
50.327
-66.302
49.171
-66.602
48.046
-66.898
46.949
-67.192
45.878
-67.481
44.834
-67.767
43.815
-68.048
42.821
-68.325
41.849
-68.597
40.901
-68.864
39.974
-69.125
39.068
-69.381
38.183
-69.631
37.318
-69.875
36.472
-70.112
35.645
-70.344
34.836
-70.569
34.044
-70.788
33.270
-71.000
32.513
-71.206
31.772
-71.405
31.047
-71.597
30.337
-71.783
29.643
-71.962
28.963
-72.134
28.298
-72.300
27.647
-72.459
27.010
-72.611
26.387
-72.757
25.776
-72.896
25.179
-73.028
24.594
-73.155
24.022
-73.274
23.462
-73.388
22.914
-73.495
22.377
-73.596
21.852
-73.691
21.338
-73.780
20.835
-73.864
20.343
-73.941
19.862
-74.013
19.391
-74.079
18.930
-74.140
18.479
-74.195
18.037
-74.245
17.606
-74.291
17.183
-74.331
16.770
-74.366
16.366
-74.396
15.971
-74.422
15.585
-74.443
15.207
-74.460
14.837
-74.472
14.476
-74.481
14.123
-74.485
13.777
-74.485
13.440
-74.481
13.110
-74.474
12.787
-74.463
12.472
-74.448
12.164
-74.430
11.862
-74.409
11.568
-74.384
11.280
-74.356
10.999
-74.325
10.725
-74.292
10.456
-74.255
10.194
-74.216
 9.938
-74.174
 9.688
-74.130
 9.444
-74.083
 9.206
-74.033
 8.973
-73.982
 8.745
-73.928
 8.523
-73.872
 8.306
-73.814
 8.095
-73.754
 7.888
-73.693
 7.686
-73.629
 7.489
-73.564
 7.297
-73.497
 7.109
-73.428
 6.926
-73.358
 6.747
-73.286
 6.573
-73.213
 6.403
-73.139
 6.237
-73.063
 6.074
-72.986
 5.916
-72.908
 5.762
-72.829
 5.612
-72.749
 5.465
-72.668
 5.322
-72.585
 5.182
-72.502
 5.046
-72.418
 4.913
-72.333
 4.783
-72.248
 4.657
-72.161
 4.534
-72.074
 4.414
-71.986
 4.297
-71.898
 4.183
-71.809
 4.071
-71.720
 3.963
-71.629
 3.857
-71.539
 3.754
-71.448
 3.653
-71.356
 3.555
-71.264
 3.460
-71.172
 3.367
-71.080
 3.276
-70.987
 3.188
-70.893
 3.102
-70.800
 3.018
-70.706
 2.936
-70.612
 2.856
-70.518
 2.779
-70.424
 2.703
-70.329
 2.629
-70.234
 2.558
-70.140
 2.488
-70.045
 2.420
-69.950
 2.353
-69.855
 2.289
-69.759
 2.226
-69.664
 2.165
-69.569
 2.105
-69.474
 2.047
-69.378
 1.990
-69.283
 1.935
-69.188
 1.882
-69.093
 1.829
-68.997
 1.779
-68.902
 1.729
-68.807
 1.681
-68.712
 1.634
-68.617
 1.588
-68.522
 1.544
-68.427
 1.501
-68.333
 1.459
-68.238
 1.418
-68.144
 1.378
-68.049
 1.339
-67.955
 1.301
-67.861
 1.265
-67.767
 1.229
-67.673
 1.194
-67.579
 1.160
-67.486
 1.127
-67.393
 1.095
-67.299
 1.064
-67.206
 1.034
-67.114
 1.004
-67.021
 0.976
-66.928
 0.948
-66.836
 0.921
-66.744
 0.894
-66.652
 0.869
-66.560
 0.844
-66.469
 0.819
-66.377
 0.796
-66.286
 0.773
-66.195
 0.750
-66.104
 0.729
-66.014
 0.708
-65.923
 0.687
-65.833
 0.667
-65.743
 0.648
-65.654
 0.629
-65.564
 0.611
-65.475
 0.593
-65.386
 0.575
-65.297
 0.559
-65.208
 0.542
-65.123
 0.526
-65.042
 0.511
-64.960
 0.496
-64.878
 0.481
-64.795
 0.467
-64.713
 0.454
-64.629
 0.440
-64.546
 0.427
-64.462
 0.415
-64.378
 0.402
-64.293
 0.390
-64.209
 0.379
-64.124
 0.367
-64.039
 0.357
-63.954
 0.346
-63.869
 0.336
-63.783
 0.326
-63.698
 0.316
-63.613
 0.306
-63.527
 0.297
-63.442
 0.288
-63.356
 0.280
-63.271
 0.271
-63.185
 0.263
-63.100
 0.255
-63.014
 0.247
-62.929
 0.240
-62.844
 0.232
-62.758
 0.225
-62.673
 0.219
-62.588
 0.212
-62.503
 0.205
-62.418
 0.199
-62.333
 0.193
-62.249
 0.187
-62.164
 0.181
-62.080
 0.176
-61.996
 0.170
-61.912
 0.165
-61.828
 0.160
-61.744
 0.155
-61.660
 0.150
-61.577
 0.146
-61.493
 0.141
-61.410
 0.137
-61.327
 0.133
-61.245
 0.128
-61.162
 0.124
-61.079
 0.121
-60.997
 0.117
-60.915
 0.113
-60.833
 0.110
-60.752
 0.106
-60.670
 0.103
-60.589
 0.100
-60.508
 0.096
-60.427
 0.093
-60.346
 0.091
-60.265
 0.088
-60.185
 0.085
-60.105
 0.082
-60.025
 0.080
-59.945
 0.077
-59.866
 0.075
-59.786
 0.072
-59.707
 0.070
-59.628
 0.068
-59.549
 0.066
-59.471
 0.063
-59.392
 0.061
-59.314
 0.059
-59.236
 0.058
-59.159
 0.056
-59.081
 0.054
-59.004
 0.052
-58.927
 0.051
-58.850
 0.049
-58.773
 0.047
-58.696
 0.046
-58.620
 0.044
-58.544
 0.043
-58.468
 0.041
-58.392
 0.040
-58.317
 0.039
-58.241
 0.038
-58.166
 0.036
-58.091
 0.035
-58.016
 0.034
-57.942
 0.033
-57.867
 0.032
-57.793
 0.031
-57.719
 0.030
-57.645
 0.029
-57.572
 0.028
-57.498
 0.027
-57.425
 0.026
-57.352
 0.025
-57.279
 0.024
-57.207
 0.024
-57.134
 0.023
-57.062
 0.022
-56.990
 0.021
-56.918
 0.021
-56.846
 0.020
-56.775
 0.019
-56.703
 0.019
-56.632
 0.018
-56.561
 0.017
-56.490
 0.017
-56.420
 0.016
-56.349
 0.016
-56.279
 0.015
-56.209
 0.015
-56.139
 0.014
-56.070
 0.014
-56.000
 0.013
-55.931
 0.013
-55.861
 0.012
-55.793
 0.012
-55.724
 0.011
-55.655
 0.011
-55.587
 0.011
-55.518
 0.010
-55.450
 0.010
-55.382
 0.010
-55.314
 0.009
-55.247
 0.009
-55.179
 0.009
-55.112
 0.008
-55.045
 0.008
-54.978
 0.008
-54.911
 0.008
-54.845
 0.007
-54.778
 0.007
-54.712
 0.007
-54.646
 0.007
-54.580
 0.006
-54.514
 0.006
-54.449
 0.006
-54.383
 0.006
-54.318
 0.006
-54.253
 0.005
-54.188
 0.005
-54.123
 0.005
-54.059
 0.005
-53.994
 0.005
-53.930
 0.004
-53.866
 0.004
-53.802
 0.004
-53.738
 0.004
-53.674
 0.004
-53.611
 0.004
-53.547
 0.004
-53.484
 0.003
-53.421
 0.003
-53.358
 0.003
-53.296
 0.003
-53.233
 0.003
-53.171
 0.003
-53.108
 0.003
-53.046
 0.003
-52.984
 0.003
-52.922
 0.003
-52.861
 0.002
-52.799
 0.002
-52.738
 0.002
-52.676
 0.002
-52.615
 0.002
-52.554
 0.002
-52.494
 0.002
-52.433
 0.002
-52.376
 0.002
-52.646
 0.002
-49.319
 0.001
-45.983
 0.001
-46.801
 0.001
-48.634
 0.001
-50.466
 0.001
-52.295
 0.001
-54.123
 0.001
-55.949
 0.001
-57.773
 0.001
-59.595
 0.001
-61.414
 0.001
-63.232
 0.001
-65.047
 0.001
-66.860
 0.001
-68.670
 0.001
-70.478
 0.001
-72.284
 0.001
-74.086
 0.001
-75.886
 0.001
-77.683
 0.001
-79.478
 0.001
-81.037
 0.001
-81.673
 0.001
-81.328
 0.001
-80.357
 0.001
-79.007
 0.001
-77.382
 0.001
-75.540
 0.001
-73.543
 0.001
-71.449
 0.001
-69.298
 0.001
-67.122
 0.001
-64.944
 0.001
-62.782
 0.001
-60.648
 0.001
-58.553
 0.001
-56.504
 0.001
-54.505
 0.001
-52.561
 0.001
-50.674
 0.001
-48.844
 0.000
-47.073
 0.000
-45.359
 0.000
-43.703
 0.000
-42.104
 0.000
-40.560
 0.000
-39.071
 0.000
-37.634
 0.000
-36.249
 0.000
-34.913
 0.000
-33.626
 0.000
-32.386
 0.000
-31.191
 0.000
-30.039
 0.000
-28.930
 0.000
-27.862
 0.000
-26.832
 0.000
-25.841
 0.000
-24.886
 0.000
-23.966
 0.000
-23.080
 0.000
-22.227
 0.000
-21.405
 0.000
-20.614
 0.000
-19.852
 0.000
-19.118
 0.000
-18.411
 0.000
-17.730
 0.000
-17.075
 0.000
-16.444
 0.000
-15.836
 0.000
-15.250
 0.000
-14.686
 0.000
-14.143
 0.000
-13.620
 0.000
-13.117
 0.000
-12.632
 0.000
-12.165
 0.000
-11.715
 0.000
-11.282
 0.000
-10.865
 0.000
-10.463
 0.000
-10.076
 0.000
-9.703
 0.000
-9.345
 0.000
-8.999
 0.000
-8.666
 0.000
-8.346
 0.000
-8.037
 0.000
-7.740
 0.000
-7.454
 0.000
-7.178
 0.000
-6.913
 0.000
-6.657
 0.000
-6.411
 0.000
-6.174
 0.000
-5.946
 0.000
-5.726
 0.000
-5.514
 0.000
-5.310
 0.000
-5.114
 0.000
-4.925
 0.000
-4.743
 0.000
-4.568
 0.000
-4.399
 0.000
-4.236
 0.000
-4.079
 0.000
-3.929
 0.000
-3.783
 0.000
-3.643
 0.000
-3.509
 0.000
-3.379
 0.000
-3.254
 0.000
-3.134
 0.000
-3.018
 0.000
-2.906
 0.000
-2.799
 0.000
-2.695
 0.000
-2.596
 0.000
-2.500
 0.000
-2.407
 0.000
-2.318
 0.000
-2.233
 0.000
-2.150
 0.000
-2.071
 0.000
-1.994
 0.000
-1.920
 0.000
-1.849
 0.000
-1.781
 0.000
-1.715
 0.000
-1.652
 0.000
-1.591
 0.000
-1.532
 0.000
-1.475
 0.000
-1.421
 0.000
-1.368
 0.000
-1.317
 0.000
-1.269
 0.000
-1.222
 0.000
-1.177
 0.000
-1.133
 0.000
-1.091
 0.000
-1.051
 0.000
-1.012
 0.000
-0.975
 0.000
-0.939
 0.000
-0.904
 0.000
-0.870
 0.000
-0.838
 0.000
-0.807
 0.000
-0.777
 0.000
-0.749
 0.000
-0.721
 0.000
-0.694
 0.000
-0.669
 0.000
-0.644
 0.000
-0.620
 0.000
-0.597
 0.000
-0.575
 0.000
-0.554
 0.000
-0.533
 0.000
-0.514
 0.000
-0.495
 0.000
-0.476
 0.000
-0.459
 0.000
-0.442
 0.000
-0.425
 0.000
-0.410
 0.000
-0.395
 0.000
-0.380
 0.000
-0.366
 0.000
-0.352
 0.000
-0.339
 0.000
-0.327
 0.000
-0.315
 0.000
-0.303
 0.000
-0.292
 0.000
-0.281
 0.000
-0.271
 0.000
-0.261
 0.000
-0.251
 0.000
-0.242
 0.000
-0.233
 0.000
-0.224
 0.000
-0.216
 0.000
-0.208
 0.000
-0.200
 0.000
-0.193
 0.000
-0.186
 0.000
-0.179
 0.000
-0.172
 0.000
-0.166
 0.000
-0.160
 0.000
-0.154
 0.000
-0.148
 0.000
-0.143
 0.000
-0.137
 0.000
-0.132
 0.000
-0.127
 0.000
-0.123
 0.000
-0.118
 0.000
-0.114
 0.000
-0.110
 0.000
-0.106
 0.000
-0.102
 0.000
-0.098
 0.000
-0.094
 0.000
-0.091
 0.000
-0.087
 0.000
-0.084
 0.000
-0.081
 0.000
-0.078
 0.000
-0.075
 0.000
-0.072
 0.000
-0.070
 0.000
-0.067
 0.000
-0.065
 0.000
-0.062
 0.000
-0.060
 0.000
-0.058
 0.000
-0.056
 0.000
-0.054
 0.000
-0.052
 0.000
-0.050
 0.000
-0.048
 0.000
-0.046
 0.014
-0.173
 0.086
-0.062
 0.106
-0.131
 0.102
-0.129
 0.106
-0.127
 0.110
-0.126
 0.114
-0.124
 0.118
-0.122
 0.122
-0.120
