 0.352
 0.352
 0.352
 0.353
 0.353
 0.353
 0.353
 0.353
 0.353
 0.354
 0.354
 0.354
 0.354
 0.354
 0.354
 0.354
51.493
 2.179
 1.168
 0.839
 0.683
 0.596
 0.542
 0.508
 0.484
 0.468
 0.457
 0.450
 0.445
 0.442
 0.441
 0.441
 0.442
 0.445
 0.449
 0.453
 0.459
 0.465
 0.473
 0.481
 0.491
 0.502
 0.514
 0.527
 0.541
 0.557
 0.574
 0.592
 0.612
 0.634
 0.657
 0.682
 0.709
 0.738
 0.769
 0.803
 0.838
 0.877
 0.917
 0.960
 1.007
 1.056
 1.108
 1.163
 1.222
 1.285
 1.351
 1.421
 1.495
 1.573
 1.656
 1.744
 1.836
 1.934
 2.036
 2.145
 2.259
 2.379
 2.505
 2.638
 2.777
 2.923
 3.076
 3.236
 3.403
 3.578
 3.760
 3.951
 4.149
 4.355
 4.569
 4.790
 5.020
 5.257
 5.502
 5.754
 6.013
 6.279
 6.551
 6.829
 7.112
 7.399
 7.691
 7.985
 8.282
 8.580
 8.879
 9.176
 9.472
 9.764
10.052
10.335
10.611
10.878
11.136
11.384
11.620
11.842
12.051
12.244
12.422
12.582
12.725
12.850
12.956
13.044
13.112
13.160
13.190
13.201
13.193
13.166
13.122
13.061
12.984
12.891
12.783
12.661
12.527
12.380
12.223
12.056
11.880
11.696
11.505
11.308
11.106
10.900
10.690
10.477
10.263
10.047
 9.831
 9.614
 9.399
 9.184
 8.971
 8.759
 8.550
 8.343
 8.139
 7.939
 7.741
 7.547
 7.357
 7.171
 6.988
 6.809
 6.635
 6.464
 6.297
 6.135
 5.976
 5.822
 5.671
 5.525
 5.383
 5.244
 5.109
 4.978
 4.851
 4.727
 4.607
 4.490
 4.377
 4.267
 4.160
 4.056
 3.955
 3.857
 3.763
 3.670
 3.581
 3.494
 3.410
 3.329
 3.249
 3.173
 3.098
 3.025
 2.955
 2.887
 2.821
 2.756
 2.694
 2.633
 2.575
 2.517
 2.462
 2.408
 2.356
 2.305
 2.255
 2.207
 2.161
 2.115
 2.071
 2.029
 1.987
 1.946
 1.907
 1.869
 1.831
 1.795
 1.760
 1.726
 1.692
 1.660
 1.628
 1.597
 1.567
 1.538
 1.509
 1.482
 1.455
 1.428
 1.403
 1.378
 1.353
 1.330
