6000.000
6000.447
6000.895
6001.344
6001.793
6002.243
6002.694
6003.145
6003.597
6004.050
6004.503
6004.957
6005.412
6005.867
6006.323
6006.780
5973.128
5938.360
5930.769
5926.108
5922.653
5919.848
5917.444
5915.306
5913.352
5911.528
5909.798
5908.134
5906.514
5904.924
5903.348
5901.777
5900.200
5898.608
5896.994
5895.351
5893.672
5891.950
5890.179
5888.353
5886.466
5884.512
5882.485
5880.378
5878.185
5875.900
5873.516
5871.025
5868.421
5865.696
5862.842
5859.850
5856.713
5853.420
5849.963
5846.331
5842.514
5838.501
5834.280
5829.840
5825.166
5820.246
5815.065
5809.610
5803.863
5797.808
5791.429
5784.706
5777.622
5770.156
5762.287
5753.993
5745.251
5736.038
5726.329
5716.097
5705.315
5693.956
5681.991
5669.388
5656.116
5642.144
5627.438
5611.963
5595.685
5578.567
5560.573
5541.666
5521.808
5500.960
5479.084
5456.143
5432.097
5406.910
5380.544
5352.963
5324.132
5294.018
5262.589
5229.816
5195.673
5160.135
5123.182
5084.798
5044.968
5003.685
4960.945
4916.750
4871.105
4824.024
4775.525
4725.631
4674.374
4621.790
4567.922
4512.818
4456.533
4399.129
4340.672
4281.232
4220.886
4159.714
4097.802
4035.234
3972.103
3908.500
3844.517
3780.249
3715.790
3651.233
3586.670
3522.190
3457.883
3393.833
3330.121
3266.825
3204.021
3141.776
3080.157
3019.223
2959.031
2899.631
2841.069
2783.387
2726.620
2670.800
2615.956
2562.109
2509.278
2457.479
2406.723
2357.017
2308.367
2260.773
2214.234
2168.747
2124.306
2080.902
2038.526
1997.165
1956.807
1917.436
1879.039
1841.597
1805.095
1769.512
1734.832
1701.035
1668.101
1636.011
1604.746
1574.285
1544.608
1515.697
1487.531
1460.090
1433.356
1407.309
1381.932
1357.204
1333.109
1309.628
1286.744
1264.440
1242.700
1221.507
1200.845
1180.700
1161.055
1141.896
1123.210
1104.982
1087.198
1069.846
1052.914
1036.388
1020.257
1004.509
989.134
974.120
959.456
945.133
931.140
917.469
904.110
891.053
878.290
865.814
853.615
841.685
830.018
818.606
807.441
796.517
785.827
775.365
765.124
755.099
745.283
735.671
726.257
717.036
708.003
699.152
690.480
681.981
673.651
665.486
657.480
649.631
641.934
634.386
626.982
619.719
612.593
605.601
598.740
592.007
585.398
578.911
572.542
566.289
560.149
554.120
548.198
542.381
536.667
531.054
525.539
520.120
514.795
509.561
504.417
499.361
494.391
489.504
484.700
479.976
475.331
422.452
369.026
327.550
294.446
267.431
244.984
226.051
209.879
195.916
183.748
173.060
163.606
155.192
147.663
140.895
134.783
129.245
124.210
119.618
115.420
111.573
108.040
104.791
101.797
99.036
96.485
94.128
91.946
89.927
88.057
86.324
84.718
83.229
81.849
80.569
79.384
78.285
77.268
76.326
75.454
74.648
73.902
73.214
72.578
71.992
71.451
70.954
70.496
70.075
69.688
69.333
69.008
68.710
68.438
68.189
67.961
67.754
67.565
67.393
67.236
67.094
66.964
66.847
66.740
66.643
66.555
66.475
66.402
66.336
66.275
66.220
66.169
66.122
66.079
66.039
66.001
65.965
65.932
65.899
65.868
65.838
65.809
65.780
65.751
65.722
65.693
65.664
65.634
65.604
65.573
65.541
65.509
65.475
65.441
65.406
65.370
65.332
65.294
65.254
65.213
65.171
65.128
65.084
65.038
64.992
64.944
64.895
64.845
64.794
64.742
64.689
64.635
64.579
64.523
64.466
64.415
64.363
64.309
64.254
64.197
64.139
64.079
64.019
63.957
63.894
63.830
63.765
63.699
63.632
63.564
63.495
63.426
63.356
63.285
63.214
63.141
63.069
62.995
62.922
62.847
62.773
62.698
62.622
62.546
62.470
62.393
62.317
62.240
62.162
62.085
62.007
61.929
61.851
61.773
61.694
61.616
61.537
61.459
61.380
61.301
61.223
61.144
61.065
60.986
60.907
60.829
60.750
60.671
60.592
60.514
60.435
60.357
60.278
60.200
60.122
60.043
59.965
59.887
59.810
59.732
59.654
59.577
59.499
59.422
59.345
59.268
59.191
59.115
59.038
58.962
58.886
58.809
58.734
58.658
58.582
58.507
58.432
58.356
58.281
58.207
58.132
58.058
57.983
57.909
57.835
57.762
57.688
57.615
57.542
57.468
57.396
57.323
57.250
57.178
57.106
57.034
56.962
56.890
56.819
56.748
56.677
56.606
56.535
56.464
56.394
56.324
56.253
56.184
56.114
56.044
55.975
55.906
55.837
55.768
55.699
55.631
55.562
55.494
55.426
55.358
55.291
55.223
55.156
55.089
55.022
54.955
54.888
54.822
54.755
54.689
54.623
54.557
54.492
54.426
54.361
54.296
54.231
54.166
54.101
54.037
53.972
53.908
53.844
53.780
53.716
53.653
53.589
53.526
53.463
53.400
53.337
53.274
53.212
53.149
53.087
53.025
52.963
52.901
52.840
52.778
52.717
52.656
52.594
52.534
52.473
52.412
53.004
52.248
48.913
45.876
47.421
49.253
51.084
52.913
54.740
56.566
58.389
60.210
62.029
63.846
65.660
67.472
69.282
71.089
72.893
74.695
76.494
78.290
80.068
81.357
81.623
81.019
79.894
78.439
76.731
74.828
72.792
70.674
68.512
66.334
64.160
62.007
59.886
57.807
55.776
53.797
51.874
50.007
48.198
46.448
44.755
43.120
41.541
40.017
38.547
37.129
35.762
34.444
33.174
31.950
30.771
29.635
28.540
27.486
26.470
25.492
24.550
23.643
22.769
21.927
21.117
20.336
19.584
18.860
18.163
17.491
16.845
16.222
15.622
15.044
14.488
13.952
13.437
12.940
12.461
12.001
11.557
11.129
10.718
10.322
 9.940
 9.573
 9.219
 8.878
 8.549
 8.233
 7.929
 7.636
 7.353
 7.082
 6.820
 6.568
 6.325
 6.091
 5.866
 5.649
 5.440
 5.239
 5.045
 4.859
 4.679
 4.506
 4.339
 4.179
 4.024
 3.876
 3.732
 3.594
 3.461
 3.333
 3.210
 3.091
 2.977
 2.867
 2.761
 2.659
 2.561
 2.466
 2.375
 2.287
 2.202
 2.121
 2.043
 1.967
 1.894
 1.824
 1.757
 1.692
 1.629
 1.569
 1.511
 1.455
 1.401
 1.350
 1.300
 1.252
 1.205
 1.161
 1.118
 1.077
 1.037
 0.998
 0.961
 0.926
 0.892
 0.859
 0.827
 0.796
 0.767
 0.739
 0.711
 0.685
 0.660
 0.635
 0.612
 0.589
 0.567
 0.546
 0.526
 0.507
 0.488
 0.470
 0.453
 0.436
 0.420
 0.404
 0.389
 0.375
 0.361
 0.348
 0.335
 0.322
 0.310
 0.299
 0.288
 0.277
 0.267
 0.257
 0.248
 0.239
 0.230
 0.221
 0.213
 0.205
 0.198
 0.190
 0.183
 0.176
 0.170
 0.164
 0.158
 0.152
 0.146
 0.141
 0.136
 0.131
 0.126
 0.121
 0.117
 0.112
 0.108
 0.104
 0.100
 0.097
 0.093
 0.090
 0.086
 0.083
 0.080
 0.077
 0.074
 0.071
 0.069
 0.066
 0.064
 0.061
 0.059
 0.057
 0.055
 0.053
 0.051
 0.049
 0.047
 0.078
 0.137
 0.170
 0.164
 0.165
 0.166
 0.168
 0.169
 0.170
 0.172
