 0.000
125000.000
2897.778
124223.112
5795.555
123445.359
8693.333
122666.743
11591.111
121887.262
14488.888
121106.915
17386.666
120325.703
20284.444
119543.626
23182.221
118760.682
26079.999
117976.871
28977.777
117192.194
31875.554
116406.649
34773.332
115620.236
37671.109
114832.955
40568.887
114044.806
43466.665
113255.787
46363.958
112466.085
49233.752
111686.035
52096.912
110907.650
54957.106
110129.528
57815.214
109351.334
60671.651
108572.908
63526.657
107794.159
66380.387
107015.027
69232.944
106235.472
72084.400
105455.467
74934.807
104674.992
77784.203
103894.032
80632.613
103112.578
83480.054
102330.622
86326.536
101548.161
89172.063
100765.193
92016.634
99981.718
94860.245
99197.739
97702.886
98413.257
100544.546
97628.279
103385.208
96842.809
106224.855
96056.856
109063.464
95270.426
111901.011
94483.531
114737.468
93696.180
117572.806
92908.384
120406.991
92120.157
123239.988
91331.513
126071.756
90542.466
128902.256
89753.034
131731.441
88963.233
134559.263
88173.082
137385.671
87382.601
140210.609
86591.812
143034.020
85800.738
145855.840
85009.403
148676.003
84217.834
151494.438
83426.057
154311.072
82634.103
157125.823
81842.002
159938.609
81049.788
162749.339
80257.495
165557.919
79465.162
168364.250
78672.828
171168.225
77880.534
173969.732
77088.324
176768.653
76296.246
179564.862
75504.350
182358.227
74712.687
185148.608
73921.313
187935.857
73130.286
190719.818
72339.669
193500.327
71549.527
196277.210
70759.929
199050.283
69970.947
201819.353
69182.659
204584.216
68395.145
207344.658
67608.491
210100.453
66822.786
212851.363
66038.126
215597.137
65254.609
218337.513
64472.340
221072.213
63691.429
223800.948
62911.992
226523.413
62134.150
229239.287
61358.029
231948.236
60583.762
234649.909
59811.490
237343.939
59041.357
240029.943
58273.516
242707.519
57508.125
245376.249
56745.350
248035.699
55985.362
250685.414
55228.342
253324.923
54474.474
255953.737
53723.952
258571.348
52976.975
261177.232
52233.750
263770.846
51494.488
266351.630
50759.409
268919.006
50028.737
271472.383
49302.705
274011.152
48581.547
276534.689
47865.505
279042.359
47154.824
281533.514
46449.753
284007.494
45750.546
286463.631
45057.456
288901.250
44370.740
291319.670
43690.656
293718.206
43017.460
296096.173
42351.409
298452.888
41692.756
300787.669
41041.752
303099.843
40398.643
305388.747
39763.670
307653.728
39137.066
309894.149
38519.058
312109.391
37909.863
314298.856
37309.688
316461.970
36718.728
318598.183
36137.167
320706.978
35565.174
322787.867
35002.906
324840.397
34450.502
326864.150
33908.087
328858.748
33375.770
330823.850
32853.642
332759.159
32341.777
334664.419
31840.231
336539.417
31349.043
338383.984
30868.234
340197.994
30397.808
341981.367
29937.749
343734.064
29488.027
345456.090
29048.595
347147.491
28619.390
348808.356
28200.331
350438.812
27791.328
352039.022
27392.272
353609.188
27003.044
355149.544
26623.512
356660.358
26253.535
358141.927
25892.960
359594.576
25541.625
361018.655
25199.362
362414.538
24865.993
363782.620
24541.338
365123.316
24225.208
366437.056
23917.412
367724.284
23617.754
368985.460
23326.038
370221.051
23042.062
371431.534
22765.628
372617.393
22496.534
373779.116
22234.578
374917.196
21979.562
376032.128
21731.287
377124.407
21489.554
378194.527
21254.171
379242.981
21024.943
380270.259
20801.682
381276.847
20584.202
382263.227
20372.319
383229.875
20165.855
384177.261
19964.633
385105.849
19768.482
386016.094
19577.235
386908.446
19390.727
387783.345
19208.801
388641.223
19031.299
389482.504
18858.073
390307.603
18688.974
391116.925
18523.862
391910.868
18362.596
392689.819
18205.044
393454.157
18051.076
394204.250
17900.565
394940.460
17753.390
395663.136
17609.433
396372.622
17468.579
397069.250
17330.718
397753.344
17195.744
398425.221
17063.552
399085.186
16934.044
399733.539
16807.123
400370.569
16682.696
400996.559
16560.672
401611.784
16440.965
402216.508
16323.492
402810.993
16208.170
403395.488
16094.923
403970.238
15983.674
404535.481
15874.351
405091.447
15766.883
405638.359
15661.203
406176.435
15557.245
406705.886
15454.946
407226.917
15354.245
407739.726
15255.083
408244.507
15157.403
408741.447
15061.151
409230.729
14966.273
409712.528
14872.718
410187.018
14780.438
410654.363
14689.384
411114.727
14599.510
411568.267
14510.772
412015.135
14423.128
412455.480
14336.535
412889.445
14250.953
413317.172
14166.345
413738.795
14082.673
414154.447
13999.900
414564.257
13917.992
414968.349
13836.915
415366.845
13756.636
415759.862
13677.125
416147.516
13598.350
416529.917
13520.282
416907.175
13442.893
417279.394
13366.156
417646.677
13290.043
418009.124
13214.529
418366.832
13139.589
418719.896
13065.200
419068.406
12991.337
419412.453
12917.978
419752.124
12845.102
420087.504
12772.687
420418.674
12700.713
420745.715
12629.159
421068.706
12558.008
421387.723
12487.240
421702.839
12416.838
422014.127
12346.784
422321.658
12277.060
422625.501
12207.652
422925.721
12138.542
423222.385
12069.717
423515.556
12001.160
423805.296
11932.858
424091.665
11864.796
424374.723
11796.961
