5795.555
-1552.913
5795.555
-1554.640
5795.555
-1556.369
5795.555
-1558.098
5795.555
-1559.828
5795.555
-1561.558
5795.555
-1563.289
5795.555
-1565.021
5795.555
-1566.754
5795.555
-1568.488
5795.555
-1570.222
5795.555
-1571.958
5795.555
-1573.693
5795.555
-1575.430
5795.555
-1577.168
5795.555
-1578.906
5763.542
-1568.389
5730.476
-1557.488
5722.921
-1556.341
5718.117
-1556.245
5714.444
-1556.581
5711.382
-1557.152
5708.695
-1557.866
5706.258
-1558.676
5703.992
-1559.552
5701.849
-1560.475
5699.793
-1561.431
5697.799
-1562.412
5695.846
-1563.409
5693.920
-1564.416
5692.008
-1565.429
5690.099
-1566.443
5688.184
-1567.455
5686.256
-1568.462
5684.306
-1569.462
5682.328
-1570.450
5680.316
-1571.426
5678.263
-1572.386
5676.164
-1573.328
5674.014
-1574.251
5671.806
-1575.151
5669.534
-1576.027
5667.194
-1576.876
5664.779
-1577.696
5662.283
-1578.485
5659.700
-1579.240
5657.024
-1579.959
5654.248
-1580.639
5651.365
-1581.277
5648.369
-1581.871
5645.252
-1582.417
5642.006
-1582.913
5638.623
-1583.356
5635.095
-1583.741
5631.412
-1584.066
5627.566
-1584.326
5623.546
-1584.518
5619.343
-1584.638
5614.945
-1584.681
5610.342
-1584.643
5605.520
-1584.519
5600.468
-1584.303
5595.173
-1583.991
5589.619
-1583.578
5583.794
-1583.056
5577.681
-1582.421
5571.264
-1581.665
5564.527
-1580.781
5557.451
-1579.764
5550.018
-1578.605
5542.209
-1577.296
5534.003
-1575.830
5525.379
-1574.197
5516.314
-1572.390
5506.786
-1570.398
5496.770
-1568.212
5486.240
-1565.822
5475.171
-1563.217
5463.534
-1560.387
5451.303
-1557.321
5438.448
-1554.007
5424.938
-1550.432
5410.742
-1546.586
5395.828
-1542.455
5380.164
-1538.026
5363.716
-1533.286
5346.449
-1528.223
5328.328
-1522.821
5309.318
-1517.069
5289.384
-1510.951
5268.489
-1504.455
5246.598
-1497.567
5223.674
-1490.273
5199.682
-1482.560
5174.587
-1474.415
5148.355
-1465.826
5120.954
-1456.782
5092.350
-1447.270
5062.516
-1437.281
5031.422
-1426.805
4999.043
-1415.835
4965.356
-1404.363
4930.342
-1392.383
4893.983
-1379.891
4856.266
-1366.886
4817.184
-1353.366
4776.732
-1339.332
4734.909
-1324.788
4691.721
-1309.740
4647.179
-1294.194
4601.298
-1278.161
4554.100
-1261.653
4505.611
-1244.685
4455.866
-1227.273
4404.903
-1209.437
4352.766
-1191.198
4299.505
-1172.580
4245.177
-1153.608
4189.841
-1134.311
4133.564
-1114.717
4076.416
-1094.858
4018.470
-1074.765
3959.806
-1054.473
3900.504
-1034.015
3840.647
-1013.427
3780.322
-992.743
3719.614
-972.001
3658.612
-951.234
3597.403
-930.478
3536.075
-909.767
3474.714
-889.135
3413.405
-868.614
3352.231
-848.235
3291.272
-828.029
3230.604
-808.022
3170.303
-788.242
3110.438
-768.714
3051.076
-749.460
2992.279
-730.500
2934.105
-711.855
2876.607
-693.540
2819.834
-675.572
2763.831
-657.962
2708.637
-640.722
2654.289
-623.862
2600.818
-607.388
2548.250
-591.308
2496.609
-575.625
2445.914
-560.343
2396.179
-545.462
2347.418
-530.983
2299.639
-516.905
2252.847
-503.226
2207.046
-489.943
2162.234
-477.051
2118.410
-464.548
2075.569
-452.426
2033.705
-440.679
1992.808
-429.303
1952.870
-418.288
1913.878
-407.628
1875.820
-397.316
1838.682
-387.343
1802.449
-377.701
1767.105
-368.382
1732.634
-359.377
1699.019
-350.678
1666.243
-342.277
1634.287
-334.165
1603.134
-326.333
1572.766
-318.773
1543.164
-311.478
1514.309
-304.438
1486.184
-297.646
1458.771
-291.094
1432.050
-284.774
1406.004
-278.678
1380.616
-272.800
1355.867
-267.132
1331.741
-261.667
1308.220
-256.398
1285.288
-251.318
1262.928
-246.422
1241.124
-241.702
1219.862
-237.153
1199.124
-232.768
1178.897
-228.543
1159.165
-224.472
1139.915
-220.548
1121.133
-216.768
1102.805
-213.126
1084.917
-209.617
1067.458
-206.236
1050.414
-202.980
1033.775
-199.844
1017.527
-196.823
1001.660
-193.914
986.162
-191.113
971.023
-188.416
956.232
-185.819
941.780
-183.319
927.657
-180.913
913.852
-178.597
900.358
-176.368
887.164
-174.224
874.263
-172.161
861.646
-170.177
849.305
-168.269
837.232
-166.434
825.420
-164.670
813.861
-162.974
802.548
-161.345
791.474
-159.780
780.633
-158.276
770.018
-156.833
759.623
-155.447
749.442
-154.117
739.469
-152.842
729.698
-151.618
720.123
-150.445
710.740
-149.321
701.544
-148.245
692.528
-147.214
683.689
-146.228
675.022
-145.284
666.522
-144.383
658.185
-143.521
650.007
-142.698
641.982
-141.913
634.108
-141.164
626.381
-140.451
618.796
-139.772
611.351
-139.126
604.041
-138.513
596.863
-137.930
589.814
-137.378
582.890
-136.854
576.089
-136.359
569.407
-135.892
562.842
-135.451
556.390
-135.036
550.049
-134.645
543.816
-134.279
537.689
-133.937
531.665
-133.617
525.741
-133.319
519.915
-133.043
514.185
-132.787
508.548
-132.552
503.003
-132.335
497.547
-132.138
492.178
-131.959
486.894
-131.798
481.693
-131.654
476.574
-131.527
471.534
-131.416
466.572
-131.320
461.685
-131.240
456.873
-131.174
405.689
-117.824
353.916
-104.515
313.662
-94.368
281.474
-86.434
255.151
-80.110
233.224
-74.992
214.677
-70.800
198.784
-67.335
185.011
-64.452
172.958
-62.038
162.322
-60.012
152.864
-58.307
144.396
-56.872
136.770
-55.665
129.863
-54.653
123.577
-53.808
117.830
-53.109
112.553
-52.535
107.690
-52.071
103.192
-51.703
99.017
-51.420
95.132
-51.212
91.504
-51.070
88.108
-50.986
84.922
-50.955
81.924
-50.969
79.098
-51.025
76.427
-51.117
73.899
-51.242
71.502
-51.396
69.223
-51.575
67.055
-51.776
64.987
-51.997
63.013
-52.236
61.125
-52.490
59.318
-52.756
57.585
-53.034
55.921
-53.322
54.322
-53.617
52.784
-53.919
51.302
-54.226
49.873
-54.536
48.495
-54.850
47.164
-55.165
45.877
-55.481
44.632
-55.797
43.426
-56.112
42.259
-56.425
41.127
-56.736
40.030
-57.044
38.965
-57.348
37.931
-57.649
36.926
-57.944
35.950
-58.235
35.001
-58.520
34.078
-58.800
33.181
-59.073
32.307
-59.340
31.456
-59.601
30.628
-59.855
29.822
-60.102
29.037
-60.341
28.272
-60.574
27.526
-60.799
26.799
-61.017
26.091
-61.228
25.401
-61.431
24.728
-61.626
24.072
-61.814
23.433
-61.995
22.809
-62.168
22.201
-62.333
21.609
-62.492
21.031
-62.643
20.467
-62.787
19.917
-62.924
19.382
-63.054
18.859
-63.177
18.350
-63.293
17.853
-63.403
17.369
-63.506
16.897
-63.602
16.437
-63.693
15.988
-63.777
15.551
-63.855
15.125
-63.928
14.710
-63.995
14.305
-64.056
13.910
-64.112
13.526
-64.163
13.151
-64.208
12.786
-64.249
12.431
-64.285
12.084
-64.316
11.747
-64.342
11.418
-64.365
11.098
-64.383
10.787
-64.396
10.483
-64.406
10.187
-64.412
 9.900
-64.415
 9.619
-64.414
 9.347
-64.409
 9.081
-64.401
 8.822
-64.390
 8.571
-64.376
 8.326
-64.359
 8.088
-64.339
 7.856
-64.316
 7.630
-64.291
 7.411
-64.263
 7.197
-64.233
 6.989
-64.200
 6.787
-64.165
 6.590
-64.128
 6.400
-64.096
 6.215
-64.062
 6.034
-64.025
 5.859
-63.986
 5.688
-63.944
 5.522
-63.901
 5.361
-63.855
 5.204
-63.807
 5.051
-63.757
 4.903
-63.706
 4.758
-63.652
 4.618
-63.597
 4.482
-63.541
 4.349
-63.483
 4.220
-63.424
 4.095
-63.363
 3.973
-63.301
 3.855
-63.239
 3.740
-63.174
 3.628
-63.109
 3.520
-63.043
 3.414
-62.976
 3.312
-62.908
 3.212
-62.840
 3.116
-62.770
 3.022
-62.700
 2.930
-62.629
 2.842
-62.558
 2.756
-62.485
 2.672
-62.413
 2.591
-62.340
 2.512
-62.266
 2.436
-62.192
 2.362
-62.117
 2.290
-62.043
 2.219
-61.967
 2.152
-61.892
 2.086
-61.816
 2.022
-61.740
 1.959
-61.663
 1.899
-61.587
 1.841
-61.510
 1.784
-61.433
 1.729
-61.356
 1.675
-61.278
 1.623
-61.201
 1.573
-61.124
 1.524
-61.046
 1.477
-60.968
 1.431
-60.891
 1.386
-60.813
 1.343
-60.735
 1.301
-60.657
 1.260
-60.579
 1.220
-60.501
 1.182
-60.424
 1.145
-60.346
 1.109
-60.268
 1.074
-60.190
 1.040
-60.113
 1.007
-60.035
 0.975
-59.957
 0.944
-59.880
 0.914
-59.803
 0.885
-59.725
 0.857
-59.648
 0.830
-59.571
 0.804
-59.494
 0.778
-59.417
 0.753
-59.340
 0.729
-59.264
 0.706
-59.187
 0.683
-59.111
 0.661
-59.034
 0.640
-58.958
 0.619
-58.882
 0.599
-58.806
 0.580
-58.731
 0.561
-58.655
 0.543
-58.580
 0.525
-58.504
 0.508
-58.429
 0.492
-58.354
 0.476
-58.280
 0.460
-58.205
 0.445
-58.130
 0.431
-58.056
 0.417
-57.982
 0.403
-57.908
 0.390
-57.834
 0.377
-57.760
 0.365
-57.687
 0.353
-57.614
 0.341
-57.540
 0.330
-57.468
 0.319
-57.395
 0.309
-57.322
 0.298
-57.250
 0.289
-57.177
 0.279
-57.105
 0.270
-57.033
 0.261
-56.961
 0.252
-56.890
 0.244
-56.818
 0.236
-56.747
 0.228
-56.676
 0.220
-56.605
 0.213
-56.534
 0.206
-56.464
 0.199
-56.393
 0.192
-56.323
 0.186
-56.253
 0.179
-56.183
 0.173
-56.114
 0.168
-56.044
 0.162
-55.975
 0.156
-55.906
 0.151
-55.837
 0.146
-55.768
 0.141
-55.699
 0.136
-55.631
 0.132
-55.562
 0.127
-55.494
 0.123
-55.426
 0.119
-55.358
 0.115
-55.291
 0.111
-55.223
 0.107
-55.156
 0.103
-55.089
 0.100
-55.022
 0.096
-54.955
 0.093
-54.888
 0.090
-54.822
 0.087
-54.755
 0.084
-54.689
 0.081
-54.623
 0.078
-54.557
 0.075
-54.492
 0.073
-54.426
 0.070
-54.361
 0.068
-54.296
 0.065
-54.231
 0.063
-54.166
 0.061
-54.101
 0.059
-54.036
 0.057
-53.972
 0.055
-53.908
 0.053
-53.844
 0.051
-53.780
 0.049
-53.716
 0.047
-53.653
 0.046
-53.589
 0.044
-53.526
 0.043
-53.463
 0.041
-53.400
 0.040
-53.337
 0.038
-53.274
 0.037
-53.212
 0.036
-53.149
 0.034
-53.087
 0.033
-53.025
 0.032
-52.963
 0.031
-52.901
 0.030
-52.840
 0.029
-52.778
 0.028
-52.717
 0.027
-52.656
 0.026
-52.594
 0.025
-52.534
 0.024
-52.473
 0.023
-52.412
 0.023
-53.004
 0.021
-52.248
 0.019
-48.913
 0.017
-45.876
 0.017
-47.421
 0.017
-49.253
 0.017
-51.084
 0.017
-52.913
 0.017
-54.740
 0.017
-56.566
 0.017
-58.389
 0.017
-60.210
 0.017
-62.029
 0.017
-63.846
 0.017
-65.660
 0.017
-67.472
 0.017
-69.282
 0.017
-71.089
 0.017
-72.893
 0.017
-74.695
 0.017
-76.494
 0.017
-78.290
 0.017
-80.068
 0.017
-81.357
 0.017
-81.623
 0.016
-81.019
 0.016
-79.894
 0.015
-78.439
 0.014
-76.731
 0.014
-74.828
 0.013
-72.792
 0.012
-70.674
 0.012
-68.512
 0.011
-66.334
 0.010
-64.160
 0.010
-62.007
 0.009
-59.886
 0.008
-57.807
 0.008
-55.776
 0.007
-53.797
 0.007
-51.874
 0.006
-50.007
 0.006
-48.198
 0.005
-46.448
 0.005
-44.755
 0.005
-43.120
 0.004
-41.541
 0.004
-40.017
 0.004
-38.547
 0.003
-37.129
 0.003
-35.762
 0.003
-34.444
 0.003
-33.174
 0.002
-31.950
 0.002
-30.771
 0.002
-29.635
 0.002
-28.540
 0.002
-27.486
 0.001
-26.470
 0.001
-25.492
 0.001
-24.550
 0.001
-23.643
 0.001
-22.769
 0.001
-21.927
 0.001
-21.117
 0.001
-20.336
 0.001
-19.584
 0.000
-18.860
 0.000
-18.163
 0.000
-17.491
 0.000
-16.845
 0.000
-16.222
 0.000
-15.622
 0.000
-15.044
 0.000
-14.488
 0.000
-13.952
 0.000
-13.437
 0.000
-12.940
 0.000
-12.461
 0.000
-12.001
 0.000
-11.557
 0.000
-11.129
 0.000
-10.718
 0.000
-10.322
 0.000
-9.940
 0.000
-9.573
 0.000
-9.219
 0.000
-8.878
 0.000
-8.549
 0.000
-8.233
 0.000
-7.929
 0.000
-7.636
 0.000
-7.353
 0.000
-7.082
 0.000
-6.820
 0.000
-6.568
 0.000
-6.325
 0.000
-6.091
 0.000
-5.866
 0.000
-5.649
 0.000
-5.440
 0.000
-5.239
 0.000
-5.045
 0.000
-4.859
 0.000
-4.679
 0.000
-4.506
 0.000
-4.339
 0.000
-4.179
 0.000
-4.024
 0.000
-3.876
 0.000
-3.732
 0.000
-3.594
 0.000
-3.461
 0.000
-3.333
 0.000
-3.210
 0.000
-3.091
 0.000
-2.977
 0.000
-2.867
 0.000
-2.761
 0.000
-2.659
 0.000
-2.561
 0.000
-2.466
 0.000
-2.375
 0.000
-2.287
 0.000
-2.202
 0.000
-2.121
 0.000
-2.043
 0.000
-1.967
 0.000
-1.894
 0.000
-1.824
 0.000
-1.757
 0.000
-1.692
 0.000
-1.629
 0.000
-1.569
 0.000
-1.511
 0.000
-1.455
 0.000
-1.401
 0.000
-1.350
 0.000
-1.300
 0.000
-1.252
 0.000
-1.205
 0.000
-1.161
 0.000
-1.118
 0.000
-1.077
 0.000
-1.037
 0.000
-0.998
 0.000
-0.961
 0.000
-0.926
 0.000
-0.892
 0.000
-0.859
 0.000
-0.827
 0.000
-0.796
 0.000
-0.767
 0.000
-0.739
 0.000
-0.711
 0.000
-0.685
 0.000
-0.660
 0.000
-0.635
 0.000
-0.612
 0.000
-0.589
 0.000
-0.567
 0.000
-0.546
 0.000
-0.526
 0.000
-0.507
 0.000
-0.488
 0.000
-0.470
 0.000
-0.453
 0.000
-0.436
 0.000
-0.420
 0.000
-0.404
 0.000
-0.389
 0.000
-0.375
 0.000
-0.361
 0.000
-0.348
 0.000
-0.335
 0.000
-0.322
 0.000
-0.310
 0.000
-0.299
 0.000
-0.288
 0.000
-0.277
 0.000
-0.267
 0.000
-0.257
 0.000
-0.248
 0.000
-0.239
 0.000
-0.230
 0.000
-0.221
 0.000
-0.213
 0.000
-0.205
 0.000
-0.198
 0.000
-0.190
 0.000
-0.183
 0.000
-0.176
 0.000
-0.170
 0.000
-0.164
 0.000
-0.158
 0.000
-0.152
 0.000
-0.146
 0.000
-0.141
 0.000
-0.136
 0.000
-0.131
 0.000
-0.126
 0.000
-0.121
 0.000
-0.117
 0.000
-0.112
 0.000
-0.108
 0.000
-0.104
 0.000
-0.100
 0.000
-0.097
 0.000
-0.093
 0.000
-0.090
 0.000
-0.086
 0.000
-0.083
 0.000
-0.080
 0.000
-0.077
 0.000
-0.074
 0.000
-0.071
 0.000
-0.069
 0.000
-0.066
 0.000
-0.064
 0.000
-0.061
 0.000
-0.059
 0.000
-0.057
 0.000
-0.055
 0.000
-0.053
 0.000
-0.051
 0.000
-0.049
 0.000
-0.047
 0.064
-0.045
 0.000
-0.137
 0.035
-0.167
 0.097
-0.132
 0.104
-0.128
 0.108
-0.126
 0.112
-0.125
 0.116
-0.123
 0.120
-0.121
 0.123
-0.120
