 0.352
 0.352
 0.352
 0.352
 0.352
 0.353
 0.353
 0.353
 0.353
 0.353
 0.353
 0.353
 0.353
 0.353
 0.353
 0.353
 0.354
 0.354
 0.354
 0.354
 0.354
 0.354
 0.354
 0.354
 0.354
 0.354
 0.354
 0.355
 0.355
 2.709
 1.399
 0.981
 0.782
 0.669
 0.598
 0.550
 0.517
 0.493
 0.474
 0.460
 0.450
 0.441
 0.434
 0.429
 0.424
 0.421
 0.418
 0.416
 0.414
 0.413
 0.412
 0.411
 0.411
 0.411
 0.411
 0.412
 0.412
 0.413
 0.414
 0.416
 0.417
 0.419
 0.421
 0.423
 0.425
 0.428
 0.430
 0.433
 0.436
 0.440
 0.443
 0.447
 0.451
 0.456
 0.460
 0.465
 0.470
 0.476
 0.482
 0.488
 0.495
 0.502
 0.509
 0.517
 0.525
 0.533
 0.543
 0.552
 0.562
 0.573
 0.584
 0.595
 0.607
 0.620
 0.634
 0.648
 0.662
 0.678
 0.694
 0.711
 0.728
 0.747
 0.766
 0.786
 0.807
 0.828
 0.851
 0.875
 0.899
 0.925
 0.952
 0.979
 1.008
 1.038
 1.069
 1.102
 1.135
 1.170
 1.206
 1.244
 1.283
 1.323
 1.365
 1.409
 1.453
 1.500
 1.548
 1.598
 1.649
 1.702
 1.757
 1.814
 1.873
 1.933
 1.996
 2.060
 2.126
 2.194
 2.265
 2.337
 2.411
 2.488
 2.567
 2.647
 2.730
 2.815
 2.902
 2.992
 3.083
 3.177
 3.272
 3.370
 3.470
 3.571
 3.675
 3.780
 3.887
 3.996
 4.107
 4.219
 4.333
 4.448
 4.564
 4.681
 4.800
 4.919
 5.038
 5.159
 5.279
 5.400
 5.520
 5.640
 5.760
 5.879
 5.997
 6.114
 6.230
 6.343
 6.455
 6.565
 6.673
 6.777
 6.879
 6.978
 7.074
 7.165
 7.253
 7.338
 7.417
 7.493
 7.564
 7.630
 7.691
 7.747
 7.798
 7.843
 7.883
 7.918
 7.947
 7.970
 7.988
 8.001
 8.007
 8.009
 8.004
 7.995
 7.980
 7.959
 7.934
 7.903
 7.868
 7.828
 7.783
 7.734
 7.681
 7.624
 7.563
 7.498
 7.430
 7.359
 7.284
 7.207
 7.127
 7.045
 6.961
 6.875
 6.786
 6.697
 6.605
 6.513
 6.420
 6.325
 6.230
 6.134
 6.038
 5.942
 5.846
 5.749
 5.653
 5.557
 5.461
 5.365
 5.271
 5.177
 5.083
 4.990
 4.899
 4.808
 4.718
 4.629
 4.541
 4.455
 4.369
 4.285
 4.202
 4.120
 4.040
 3.960
 3.882
 3.806
 3.730
 3.656
 3.584
 3.512
 3.442
 3.374
 3.306
 3.240
 3.175
 3.112
 3.050
 2.989
 2.929
 2.871
 2.814
 2.757
 2.703
 2.649
 2.596
 2.545
 2.495
 2.446
 2.397
 2.350
 2.304
 2.259
 2.215
 2.172
 2.130
 2.089
 2.049
 2.010
 1.971
 1.934
 1.897
 1.861
 1.826
 1.792
 1.758
 1.725
 1.693
 1.662
 1.631
 1.601
 1.572
 1.543
 1.515
 1.488
 1.461
 1.435
 1.410
 1.385
 1.360
 1.336
 1.313
 1.290
 1.268
 1.246
 1.225
16.212
11.586
 8.679
 6.735
 5.373
 4.382
 3.640
 3.069
 2.621
 2.264
 1.974
 1.736
 1.538
 1.366
 1.227
 1.108
 1.005
 0.916
 0.839
 0.771
 0.712
 0.659
 0.612
 0.570
 0.533
 0.500
 0.469
 0.442
 0.417
 0.395
 0.374
 0.356
 0.339
 0.323
 0.308
 0.295
 0.282
 0.271
 0.260
 0.250
 0.240
 0.232
 0.223
 0.215
 0.208
 0.201
 0.194
 0.188
 0.182
 0.176
 0.170
 0.165
 0.160
 0.155
 0.150
 0.145
 0.141
 0.137
 0.132
 0.128
 0.125
 0.121
 0.117
 0.114
 0.110
 0.107
 0.104
 0.101
 0.098
 0.095
 0.092
 0.089
 0.087
 0.084
 0.081
 0.079
 0.077
 0.074
 0.072
 0.070
 0.068
 0.066
 0.064
 0.062
 0.060
 0.058
 0.057
 0.055
 0.053
 0.052
 0.050
 0.049
 0.047
 0.046
 0.045
 0.043
 0.042
 0.041
 0.040
 0.039
 0.038
 0.037
 0.036
 0.035
 0.034
 0.033
 0.032
 0.031
 0.030
 0.030
 0.029
 0.028
 0.027
 0.027
 0.026
 0.026
 0.025
 0.024
 0.024
 0.023
 0.023
 0.022
 0.022
 0.022
 0.021
 0.021
 0.020
 0.020
 0.020
 0.019
 0.019
 0.019
 0.018
 0.018
 0.018
 0.018
 0.017
 0.017
 0.017
 0.017
 0.016
 0.016
 0.016
 0.016
 0.016
 0.016
 0.015
 0.015
 0.015
 0.015
 0.015
 0.015
 0.015
 0.015
 0.015
 0.014
 0.014
 0.014
 0.014
 0.014
 0.014
 0.014
 0.014
 0.014
 0.014
 0.014
 0.014
 0.013
 0.013
 0.013
 0.013
 0.013
 0.013
 0.013
 0.013
 0.013
 0.013
 0.013
 0.013
 0.013
 0.013
 0.013
 0.013
 0.013
 0.013
 0.013
 0.013
 0.013
 0.012
 0.012
 0.012
 0.373
 0.680
 0.680
 0.295
 0.374
 0.373
 0.373
 0.373
 0.372
 0.372
 0.371
 0.371
 0.371
 0.370
 0.370
 0.369
 0.369
 0.368
 0.368
 0.367
 0.366
 0.366
 0.325
 0.135
 0.072
 0.199
 0.275
 0.331
 0.376
 0.407
 0.427
 0.439
 0.444
 0.444
 0.441
 0.435
 0.427
 0.418
 0.407
 0.396
 0.385
 0.373
 0.361
 0.349
 0.338
 0.326
 0.315
 0.304
 0.293
 0.282
 0.272
 0.262
 0.253
 0.244
 0.235
 0.226
 0.218
 0.210
 0.202
 0.195
 0.187
 0.181
 0.174
 0.167
 0.161
 0.155
 0.150
 0.144
 0.139
 0.134
 0.129
 0.124
 0.119
 0.115
 0.111
 0.107
 0.103
 0.099
 0.095
 0.092
 0.088
 0.085
 0.082
 0.079
 0.076
 0.073
 0.070
 0.068
 0.065
 0.063
 0.061
 0.058
 0.056
 0.054
 0.052
 0.050
 0.048
 0.047
 0.045
 0.043
 0.042
 0.040
 0.039
 0.037
 0.036
 0.034
 0.033
 0.032
 0.031
 0.030
 0.029
 0.027
 0.026
 0.025
 0.025
 0.024
 0.023
 0.022
 0.021
 0.020
 0.020
 0.019
 0.018
 0.017
 0.017
 0.016
 0.016
 0.015
 0.014
 0.014
 0.013
 0.013
 0.012
 0.012
 0.012
 0.011
 0.011
 0.010
 0.010
 0.010
 0.009
 0.009
 0.009
 0.008
 0.008
 0.008
 0.007
 0.007
 0.007
 0.007
 0.006
 0.006
 0.006
 0.006
 0.005
 0.005
 0.005
 0.005
 0.005
 0.005
 0.004
 0.004
 0.004
 0.004
 0.004
 0.004
 0.003
 0.003
 0.003
 0.003
 0.003
 0.003
 0.003
 0.003
 0.003
 0.002
 0.002
 0.002
 0.002
 0.002
 0.002
 0.002
 0.002
 0.002
 0.002
 0.002
 0.002
 0.002
 0.002
 0.001
 0.001
 0.001
 0.001
 0.001
 0.001
 0.001
 0.001
 0.001
 0.001
 0.001
 0.001
 0.001
 0.001
 0.001
 0.001
 0.001
 0.001
 0.001
 0.001
 0.001
 0.001
 0.001
 0.001
 0.001
 0.001
 0.001
 0.001
 0.001
 0.000
 0.000
 0.000
 0.000
 0.000
 0.000
 0.000
 0.000
 0.000
 0.227
 0.227
 0.246
 0.258
 0.270
 0.282
 0.294
 0.305
 0.316
