5000.000
5000.300
5000.601
5000.903
5001.205
5001.508
5001.811
5002.115
5002.420
5002.726
5003.032
5003.339
5003.646
5003.954
5004.263
5004.572
5004.882
5005.193
5005.505
5005.817
5006.129
5006.443
5006.757
5007.072
5007.387
5007.703
5008.020
5008.337
5008.655
4928.018
4918.858
4913.432
4909.519
4906.428
4903.851
4901.625
4899.651
4897.868
4896.232
4894.711
4893.283
4891.931
4890.641
4889.401
4888.203
4887.040
4885.905
4884.792
4883.698
4882.618
4881.549
4880.487
4879.430
4878.375
4877.319
4876.260
4875.197
4874.127
4873.048
4871.959
4870.857
4869.742
4868.612
4867.464
4866.298
4865.111
4863.903
4862.671
4861.415
4860.132
4858.822
4857.482
4856.111
4854.707
4853.269
4851.795
4850.283
4848.731
4847.139
4845.503
4843.823
4842.095
4840.319
4838.492
4836.612
4834.676
4832.684
4830.632
4828.518
4826.339
4824.093
4821.778
4819.391
4816.929
4814.389
4811.768
4809.064
4806.272
4803.391
4800.416
4797.344
4794.171
4790.894
4787.509
4784.011
4780.398
4776.664
4772.805
4768.818
4764.696
4760.435
4756.031
4751.478
4746.772
4741.905
4736.874
4731.672
4726.293
4720.731
4714.979
4709.032
4702.883
4696.525
4689.950
4683.151
4676.122
4668.854
4661.339
4653.570
4645.538
4637.236
4628.653
4619.783
4610.615
4601.140
4591.350
4581.235
4570.785
4559.991
4548.842
4537.330
4525.443
4513.171
4500.505
4487.434
4473.948
4460.035
4445.687
4430.893
4415.642
4399.924
4383.730
4367.049
4349.872
4332.189
4313.990
4295.268
4276.014
4256.219
4235.875
4214.975
4193.513
4171.482
4148.876
4125.691
4101.922
4077.566
4052.621
4027.083
4000.953
3974.230
3946.915
3919.010
3890.519
3861.445
3831.794
3801.572
3770.786
3739.446
3707.560
3675.142
3642.202
3608.754
3574.813
3540.395
3505.517
3470.197
3434.455
3398.310
3361.783
3324.898
3287.677
3250.143
3212.322
3174.239
3135.919
3097.389
3058.675
3019.805
2980.805
2941.704
2902.529
2863.307
2824.065
2784.831
2745.631
2706.492
2667.441
2628.501
2589.699
2551.059
2512.603
2474.356
2436.338
2398.572
2361.076
2323.872
2286.975
2250.405
2214.178
2178.308
2142.810
2107.697
2072.983
2038.677
2004.790
1971.333
1938.312
1905.735
1873.610
1841.942
1810.734
1779.993
1749.720
1719.918
1690.589
1661.734
1633.353
1605.445
1578.011
1551.049
1524.556
1498.530
1472.969
1447.869
1423.227
1399.038
1375.299
1352.003
1329.148
1306.726
1284.734
1263.165
1242.014
1221.275
1200.941
1181.008
1161.467
1142.313
1123.541
1105.142
1087.111
1069.442
1052.127
1035.161
1018.537
1002.248
986.288
970.651
955.330
940.320
925.613
911.204
897.087
883.256
869.705
856.427
843.418
830.672
818.183
805.945
793.953
782.203
770.688
759.404
748.346
737.508
726.887
716.476
706.272
696.271
686.467
676.856
667.435
658.198
649.143
640.264
631.559
623.022
614.652
606.443
598.392
590.497
582.753
