 0.000
125000.000
2462.019
124565.448
4924.039
124130.032
7386.058
123693.753
9848.078
123256.609
12310.097
122818.601
14772.117
122379.728
17234.136
121939.990
19696.156
121499.387
22158.175
121057.919
24620.194
120615.586
27082.214
120172.387
29544.233
119728.321
32006.253
119283.390
34468.272
118837.593
36930.292
118390.928
39392.311
117943.397
41854.331
117494.999
44316.350
117045.734
46778.369
116595.601
49240.389
116144.601
51702.408
115692.732
54164.428
115239.996
56626.447
114786.391
59088.467
114331.917
61550.486
113876.575
64012.506
113420.364
66474.525
112963.283
68936.545
112505.333
71365.570
112052.657
73785.211
111600.861
76201.279
111148.863
78614.939
110696.445
81026.736
110243.506
83436.992
109789.986
85845.914
109335.846
88253.649
108881.058
90660.304
108425.604
93065.962
107969.466
95470.685
107512.634
97874.524
107055.098
100277.522
106596.850
102679.710
106137.883
105081.116
105678.194
107481.763
105217.776
109881.669
104756.628
112280.848
104294.745
114679.314
103832.127
117077.076
103368.770
119474.141
102904.674
121870.515
102439.837
124266.203
101974.259
126661.207
101507.939
129055.528
101040.876
131449.167
100573.072
133842.122
100104.525
136234.391
99635.237
138625.971
99165.209
141016.858
98694.440
143407.048
98222.932
145796.533
97750.686
148185.308
97277.704
150573.365
96803.987
152960.696
96329.536
155347.292
95854.354
157733.142
95378.442
160118.237
94901.803
162502.564
94424.439
164886.113
93946.352
167268.870
93467.546
169650.821
92988.022
172031.953
92507.783
174412.249
92026.834
176791.695
91545.176
179170.273
91062.815
181547.966
90579.752
183924.755
90095.993
186300.622
89611.540
188675.547
89126.399
191049.507
88640.573
193422.482
88154.068
195794.450
87666.887
198165.385
87179.037
200535.263
86690.521
202904.059
86201.347
205271.747
85711.518
207638.297
85221.042
210003.682
84729.925
212367.871
84238.172
214730.833
83745.791
217092.536
83252.788
219452.945
82759.171
221812.027
82264.947
224169.745
81770.124
226526.061
81274.711
228880.936
80778.716
231234.329
80282.147
233586.200
79785.014
235936.503
79287.326
238285.195
78789.093
240632.228
78290.326
242977.553
77791.036
245321.121
77291.232
247662.878
76790.928
250002.772
76290.134
252340.746
75788.864
254676.742
75287.130
257010.700
74784.946
259342.557
74282.325
261672.250
73779.282
263999.710
73275.833
266324.871
72771.992
268647.658
72267.776
270967.999
71763.201
273285.817
71258.285
275601.032
70753.047
277913.562
70247.504
280223.322
69741.676
282530.224
69235.583
284834.177
68729.246
287135.087
68222.686
289432.857
67715.927
291727.385
67208.991
294018.569
66701.901
296306.300
66194.684
298590.467
65687.364
300870.957
65179.969
303147.650
64672.525
305420.423
64165.062
307689.152
63657.608
309953.706
63150.195
312213.950
62642.853
314469.746
62135.616
316720.951
61628.517
318967.417
61121.591
321208.994
60614.873
323445.524
60108.401
325676.848
59602.213
327902.799
59096.348
330123.208
58590.848
332337.899
58085.752
334546.692
57581.106
336749.404
57076.953
338945.843
56573.339
341135.816
56070.311
343319.122
55567.918
345495.557
55066.208
347664.912
54565.233
349826.971
54065.045
351981.515
53565.697
354128.320
53067.246
356267.156
52569.746
358397.789
52073.256
360519.979
51577.835
362633.484
51083.542
364738.055
50590.440
366833.440
50098.591
368919.382
49608.059
370995.620
49118.909
373061.891
48631.208
375117.925
48145.022
377163.451
47660.422
379198.195
47177.475
381221.879
46696.253
383234.223
46216.827
385234.946
45739.269
387223.762
45263.651
389200.387
44790.048
391164.534
44318.533
393115.916
43849.181
395054.246
43382.067
396979.237
42917.265
398890.603
42454.851
400788.058
41994.900
402671.321
41537.488
404540.109
41082.688
406394.145
40630.576
408233.156
40181.225
410056.870
39734.709
411865.022
39291.100
413657.351
38850.470
415433.603
38412.889
417193.529
37978.426
418936.888
37547.150
420663.446
37119.126
422372.977
36694.420
424065.264
36273.094
425740.098
35855.209
427397.282
35440.823
429036.626
35029.994
430657.954
34622.776
432261.098
34219.220
433845.904
33819.377
435412.227
33423.291
436959.937
33031.007
438488.915
32642.567
439999.055
32258.007
441490.263
31877.363
442962.460
31500.666
444415.578
31127.946
445849.564
30759.228
447264.377
30394.534
448659.991
30033.884
450036.393
29677.292
451393.581
29324.772
452731.568
28976.334
454050.381
28631.983
455350.057
28291.722
456630.648
27955.552
457892.217
27623.469
459134.838
27295.467
460358.599
26971.537
461563.597
26651.667
462749.941
26335.842
463917.750
26024.044
465067.153
25716.253
466198.289
25412.447
467311.306
25112.601
468406.359
24816.686
469483.614
24524.674
470543.242
24236.532
471585.422
23952.227
472610.341
23671.724
473618.190
23394.984
474609.168
23121.969
475583.476
22852.638
476541.323
22586.950
477482.921
22324.861
478408.484
22066.326
479318.232
21811.300
480212.387
21559.737
481091.173
21311.589
481954.817
21066.809
482803.546
20825.346
483637.590
20587.153
484457.178
20352.178
485262.543
20120.372
486053.914
19891.685
486831.524
19666.065
487595.602
19443.461
488346.380
19223.822
489084.085
19007.098
489808.947
18793.237
490521.192
18582.189
491221.046
18373.902
491908.731
18168.326
492584.469
17965.411
493248.481
17765.107
493900.983
17567.364
494542.190
17372.133
495172.314
17179.366
495791.565
16989.014
496400.151
16801.030
496998.275
16615.365
497586.139
16431.975
498163.941
16250.811
498731.877
16071.830
499290.138
15894.985
499838.915
15720.233
500378.393
15547.531
500908.756
15376.834
501430.183
15208.101
501942.850
15041.291
502446.932
14876.361
502942.599
14713.273
503430.017
14551.985
503909.351
14392.461
504380.761
14234.660
504844.405
14078.546
505300.438
13924.082
505749.010
13771.231
506190.271
13619.959
506624.366
13470.230
507051.438
13322.009
507471.624
13175.265
507885.063
13029.964
508291.888
12886.073
508692.229
12743.561
509086.215
12602.398
509473.971
12462.553
509855.619
12323.996
510231.280
12186.699
510601.070
12050.633
510965.105
11915.770
511323.496
11782.083
511676.354
11649.545
512023.786
11518.131
512365.896
11387.815
512702.787
11258.571
513034.560
11130.376
513361.312
11003.205
513683.141
10877.036
514000.138
10751.845
514312.397
10627.610
514620.006
10504.310
514923.053
10381.922
515221.624
10260.426
515515.802
10139.801
515805.670
10020.028
516091.307
9901.088
516372.792
9782.960
516650.201
9665.626
516923.608
9549.068
517193.087
9433.269
