4924.039
-868.240
4924.039
-869.967
4924.039
-871.695
4924.039
-873.423
4924.039
-875.152
4924.039
-876.881
4924.039
-878.610
4924.039
-880.340
4924.039
-882.071
4924.039
-883.801
4924.039
-885.533
4924.039
-887.264
4924.039
-888.996
4924.039
-890.729
4924.039
-892.462
4924.039
-894.195
4924.039
-895.929
4924.039
-897.663
4924.039
-899.398
4924.039
-901.133
4924.039
-902.869
4924.039
-904.605
4924.039
-906.341
4924.039
-908.078
4924.039
-909.816
4924.039
-911.554
4924.039
-913.292
4924.039
-915.031
4924.039
-916.770
4844.452
-903.687
4835.133
-903.687
4829.485
-904.371
4825.324
-905.332
4821.970
-906.444
4819.121
-907.650
4816.616
-908.920
4814.359
-910.236
4812.288
-911.588
4810.361
-912.966
4808.548
-914.366
4806.825
-915.782
4805.176
-917.213
4803.586
-918.655
4802.046
-920.106
4800.547
-921.565
4799.081
-923.030
4797.642
-924.500
4796.224
-925.975
4794.824
-927.452
4793.438
-928.933
4792.061
-930.415
4790.691
-931.898
4789.325
-933.383
4787.960
-934.867
4786.594
-936.351
4785.225
-937.835
4783.851
-939.317
4782.469
-940.798
4781.078
-942.277
4779.677
-943.754
4778.263
-945.228
4776.835
-946.700
4775.391
-948.168
4773.929
-949.633
4772.449
-951.094
4770.949
-952.551
4769.426
-954.004
4767.881
-955.452
4766.310
-956.894
4764.713
-958.332
4763.088
-959.763
4761.433
-961.189
4759.748
-962.608
4758.029
-964.020
4756.277
-965.426
4754.489
-966.823
4752.663
-968.213
4750.798
-969.595
4748.892
-970.968
4746.943
-972.333
4744.950
-973.688
4742.910
-975.033
4740.822
-976.368
4738.684
-977.692
4736.493
-979.005
4734.247
-980.306
4731.945
-981.596
4729.584
-982.873
4727.162
-984.136
4724.676
-985.386
4722.124
-986.622
4719.503
-987.843
4716.812
-989.049
4714.046
-990.239
4711.204
-991.412
4708.283
-992.567
4705.278
-993.705
4702.189
-994.824
4699.010
-995.924
4695.740
-997.003
4692.374
-998.061
4688.910
-999.098
4685.343
-1000.112
4681.670
-1001.102
4677.887
-1002.068
4673.989
-1003.009
4669.974
-1003.923
4665.836
-1004.810
4661.572
-1005.668
4657.176
-1006.497
4652.644
-1007.296
4647.972
-1008.063
4643.154
-1008.796
4638.185
-1009.496
4633.060
-1010.160
4627.773
-1010.788
4622.319
-1011.378
4616.692
-1011.928
4610.886
-1012.437
4604.895
-1012.904
4598.712
-1013.326
4592.332
-1013.704
4585.747
-1014.034
4578.951
-1014.315
4571.936
-1014.546
4564.696
-1014.724
4557.222
-1014.849
4549.508
-1014.917
4541.546
-1014.927
4533.327
-1014.877
4524.843
-1014.765
4516.087
-1014.590
4507.049
-1014.348
4497.721
-1014.037
4488.094
-1013.656
4478.160
-1013.202
4467.909
-1012.673
4457.331
-1012.066
4446.417
-1011.379
4435.159
-1010.610
4423.545
-1009.756
4411.567
-1008.814
4399.215
-1007.782
4386.478
-1006.658
4373.346
-1005.438
4359.811
-1004.120
4345.861
-1002.702
4331.486
-1001.181
4316.678
-999.553
4301.425
-997.817
4285.718
-995.970
4269.547
-994.009
4252.904
-991.931
4235.777
-989.734
4218.159
-987.416
4200.041
-984.973
4181.413
-982.403
4162.268
-979.704
4142.598
-976.873
4122.394
-973.909
4101.651
-970.809
4080.362
-967.571
4058.521
-964.192
4036.122
-960.672
4013.161
-957.009
3989.634
-953.200
3965.537
-949.245
3940.868
-945.143
3915.625
-940.892
3889.808
-936.492
3863.417
-931.941
3836.452
-927.241
3808.916
-922.390
3780.812
-917.388
3752.144
-912.237
3722.917
-906.937
3693.138
-901.487
3662.814
-895.891
3631.954
-890.149
3600.567
-884.263
3568.665
-878.234
3536.260
-872.066
3503.364
-865.761
3469.994
-859.322
3436.163
-852.751
3401.889
-846.053
3367.189
-839.231
3332.082
-832.290
3296.589
-825.233
3260.730
-818.065
3224.526
-810.791
3188.000
-803.416
3151.175
-795.945
3114.075
-788.383
3076.726
-780.737
3039.151
-773.013
3001.377
-765.215
2963.429
-757.350
2925.335
-749.425
2887.119
-741.446
2848.810
-733.419
2810.434
-725.350
2772.018
-717.247
2733.587
-709.115
2695.169
-700.961
2656.790
-692.791
2618.474
-684.612
2580.248
-676.430
2542.137
-668.252
2504.163
-660.082
2466.351
-651.929
2428.724
-643.796
2391.304
-635.690
2354.112
-627.617
2317.168
-619.581
2280.492
-611.589
2244.102
-603.644
2208.016
-595.752
2172.252
-587.917
2136.824
-580.143
2101.747
-572.435
2067.036
-564.796
2032.703
-557.231
1998.760
-549.741
1965.217
-542.332
1932.085
-535.005
1899.373
-527.763
1867.088
-520.609
1835.238
-513.545
1803.829
-506.573
1772.866
-499.695
1742.354
-492.912
1712.296
-486.227
1682.696
-479.639
1653.555
-473.151
1624.876
-466.763
1596.659
-460.476
1568.904
-454.291
1541.611
-448.207
1514.779
-442.225
1488.407
-436.346
1462.492
-430.568
1437.032
-424.893
1412.024
-419.319
1387.464
-413.846
1363.350
-408.474
1339.677
-403.203
1316.441
-398.030
1293.637
-392.957
1271.261
-387.982
1249.306
-383.103
1227.768
-378.321
1206.642
-373.633
1185.921
-369.040
1165.600
-364.539
1145.673
-360.130
1126.134
-355.811
1106.976
-351.582
1088.194
-347.440
1069.780
-343.385
1051.730
-339.415
1034.036
-335.530
1016.692
-331.727
999.692
-328.005
983.029
-324.363
966.698
-320.799
950.691
-317.313
935.002
-313.902
919.626
-310.566
904.555
-307.303
889.785
-304.111
875.308
-300.990
861.119
-297.938
847.212
-294.953
833.581
-292.035
820.220
-289.182
807.123
-286.392
794.285
-283.665
781.700
-280.998
769.364
-278.392
757.269
-275.844
745.412
-273.354
733.787
-270.920
722.389
-268.541
711.213
-266.216
700.254
-263.943
689.507
-261.722
678.968
-259.552
668.631
-257.431
658.493
-255.358
648.549
-253.332
638.795
-251.353
629.226
-249.418
619.838
-247.528
610.627
-245.682
601.590
-243.877
592.722
-242.114
584.019
-240.391
575.479
-238.707
567.096
-237.063
558.868
-235.456
550.791
-233.885
542.862
-232.351
535.078
-230.852
