 0.352
 0.352
 0.352
 0.353
 0.353
 0.353
 0.353
 0.353
 0.353
 0.353
 0.354
 0.354
 0.354
 0.354
 0.354
 0.354
 0.354
 0.355
 3.666
 1.146
 0.707
 0.539
 0.457
 0.412
 0.385
 0.368
 0.357
 0.350
 0.345
 0.341
 0.339
 0.337
 0.337
 0.336
 0.336
 0.337
 0.338
 0.339
 0.341
 0.342
 0.345
 0.347
 0.350
 0.354
 0.358
 0.362
 0.367
 0.373
 0.379
 0.386
 0.394
 0.403
 0.412
 0.422
 0.434
 0.446
 0.459
 0.474
 0.489
 0.506
 0.525
 0.545
 0.566
 0.589
 0.613
 0.639
 0.667
 0.697
 0.729
 0.763
 0.799
 0.837
 0.877
 0.920
 0.966
 1.014
 1.064
 1.118
 1.174
 1.234
 1.297
 1.363
 1.432
 1.505
 1.582
 1.663
 1.747
 1.836
 1.929
 2.026
 2.128
 2.234
 2.345
 2.461
 2.582
 2.708
 2.839
 2.975
 3.117
 3.264
 3.416
 3.573
 3.736
 3.904
 4.078
 4.256
 4.439
 4.627
 4.820
 5.017
 5.218
 5.423
 5.631
 5.842
 6.056
 6.271
 6.488
 6.706
 6.924
 7.141
 7.358
 7.572
 7.785
 7.993
 8.198
 8.398
 8.592
 8.780
 8.961
 9.134
 9.298
 9.454
 9.599
 9.734
 9.859
 9.972
10.073
10.162
10.240
10.304
10.357
10.397
10.424
10.439
10.442
10.433
10.412
10.380
10.338
10.285
10.222
10.150
10.068
 9.979
 9.882
 9.777
 9.667
 9.550
 9.427
 9.300
 9.169
 9.033
 8.895
 8.754
 8.610
 8.465
 8.318
 8.170
 8.021
 7.872
 7.723
 7.575
 7.427
 7.280
 7.134
 6.989
 6.845
 6.704
 6.564
 6.426
 6.290
 6.156
 6.024
 5.895
 5.767
 5.643
 5.520
 5.400
 5.283
 5.168
 5.056
 4.946
 4.838
 4.733
 4.630
 4.530
 4.432
 4.336
 4.243
 4.152
 4.063
 3.976
 3.892
 3.810
 3.729
 3.651
 3.575
 3.500
 3.428
 3.357
 3.289
 3.222
 3.156
 3.093
 3.031
 2.970
 2.912
 2.854
 2.798
 2.744
 2.691
 2.639
 2.589
 2.540
 2.492
 2.446
 2.400
 2.356
 2.313
 2.271
 2.230
 2.190
 2.151
 2.113
 2.076
 2.040
 2.005
 1.970
 1.937
 1.904
 1.872
 1.841
 1.811
 1.781
 1.752
 1.724
 1.696
 1.669
 1.643
 1.617
 1.592
 1.568
 1.544
 1.520
 1.498
 1.475
 1.454
 1.432
 1.411
 1.391
 1.371
 1.352
 1.333
 1.314
 1.296
 1.278
 1.261
 1.244
 1.227
 1.211
 1.195
 1.180
 1.164
 1.150
 1.135
 1.121
 1.107
 1.093
 1.080
 1.067
 1.054
 1.041
 1.029
 1.017
 1.005
 0.993
 0.982
 0.971
 0.960
 0.949
 0.939
 0.929
 0.919
 0.909
 0.899
 0.890
 0.880
 0.871
 0.862
 0.854
 0.845
 0.836
 0.828
 0.820
 0.812
 0.804
 0.797
 0.789
 0.782
 0.775
 0.767
 0.760
 0.754
 0.747
 0.740
 0.734
 0.727
 0.721
 0.715
 0.709
 0.703
 0.697
 0.691
 0.686
 0.680
 0.675
 0.669
 0.664
 0.659
 0.654
 0.649
 0.644
 0.639
 0.635
 0.630
 0.625
 0.621
 0.616
 0.612
 0.608
 0.603
 0.599
 0.595
 0.591
 0.587
 0.583
 0.579
 0.576
 0.572
 0.568
 0.565
 0.561
 0.558
 0.554
 0.551
 0.547
 0.544
 0.541
 0.538
 0.534
 0.531
 0.528
 0.525
 0.522
 0.519
 0.516
 0.514
 0.511
 0.508
 0.505
 0.503
 0.500
 0.497
 0.495
 0.492
 0.490
 0.487
 0.485
 0.482
 0.480
 0.477
 0.475
 0.473
 0.470
 0.468
 0.466
 0.464
 0.462
 0.459
 0.457
 0.455
 0.453
 0.451
 0.449
 0.447
 0.445
 0.443
 0.441
 0.439
 0.437
 0.435
 0.364
 0.364
 0.363
 0.363
 0.363
 0.362
 0.362
 0.362
 0.361
 0.361
 0.361
 0.360
 0.360
 0.360
 0.359
 0.359
 0.359
 0.358
 0.358
 0.357
 0.357
 0.357
 0.356
 0.356
 0.355
 0.355
 0.355
 0.354
 0.354
 0.353
 0.353
 0.353
 0.352
 4.681
 4.256
 3.886
 3.561
 3.274
 3.020
 2.794
 2.592
 2.411
 2.247
 2.100
 1.966
 1.845
 1.734
 1.633
 1.541
 1.456
 1.378
 1.306
 1.239
 1.178
 1.121
 1.068
 1.018
 0.973
 0.930
 0.890
 0.853
 0.818
 0.785
 0.754
 0.725
 0.698
 0.673
 0.649
 0.626
 0.604
 0.584
 0.565
 0.547
 0.530
 0.513
 0.498
 0.483
 0.469
 0.456
 0.443
 0.431
 0.419
 0.408
 0.398
 0.388
 0.378
 0.369
 0.360
 0.352
 0.344
 0.336
 0.328
 0.321
 0.314
 0.307
 0.301
 0.294
 0.288
 0.283
 0.277
 0.271
 0.266
 0.261
 0.256
 0.251
 0.246
 0.242
 0.237
 0.233
 0.229
 0.225
 0.220
 0.217
 0.213
 0.209
 0.205
 0.202
 0.198
 0.195
 0.191
 0.188
 0.185
 0.182
 0.179
 0.176
 0.173
 0.170
 0.167
 0.164
 0.161
 0.159
 0.156
 0.153
 0.151
 0.148
 0.146
 0.143
 0.141
 0.139
 0.136
 0.134
 0.132
 0.130
 0.128
 0.126
 0.123
 0.121
 0.119
 0.117
 0.116
 0.114
 0.112
 0.110
 0.108
 0.106
 0.105
 0.103
 0.101
 0.100
 0.098
 0.097
 0.095
 0.094
 0.092
 0.091
 0.089
 0.088
 0.086
 0.085
 0.084
 0.083
 0.081
 0.080
 0.079
 0.078
 0.076
 0.075
 0.074
 0.073
 0.072
 0.071
 0.070
 0.069
 0.068
 0.067
 0.066
 0.065
 0.064
 0.064
 0.063
 0.062
 0.061
 0.060
 0.059
 0.058
 0.057
 0.057
 0.056
 0.055
 0.055
 0.054
 0.054
 0.053
 0.053
 0.052
 0.052
 0.051
 0.051
 0.050
 0.050
 0.049
 0.049
 0.048
 0.048
 0.047
 0.047
 0.047
 0.046
 0.046
 0.045
 0.045
 0.045
 0.044
 0.044
 0.044
 0.043
 0.043
 0.043
 0.042
 0.042
 0.042
 0.042
 0.041
 0.041
 0.041
 0.041
 0.040
 0.040
 0.040
 0.039
 0.039
 0.039
 0.039
 0.039
 0.038
 0.038
 0.038
 0.038
 0.037
 0.037
 0.037
 0.037
 0.037
 0.036
 0.036
 0.036
 0.036
 0.036
 0.035
 0.035
 0.035
 0.035
 0.035
 0.035
 0.034
 0.034
 0.034
 0.034
 0.034
 0.034
 0.033
 0.033
 0.033
 0.033
 0.033
 0.033
 0.032
 0.032
 0.032
 0.032
 0.032
 0.032
 0.032
 0.031
 0.031
 0.031
 0.031
 0.031
 0.031
 0.031
 0.031
 0.030
 0.030
 0.030
 0.030
 0.030
 0.030
 0.030
 0.030
 0.029
 0.029
 0.029
 0.029
 0.029
 0.029
 0.029
 0.029
 0.028
 0.028
 0.369
 0.681
 0.684
 0.646
 0.370
 0.370
 0.370
 0.369
 0.369
 0.368
 0.368
 0.368
 0.367
 0.367
 0.316
 0.110
 0.109
 0.240
 0.319
 0.377
 0.423
 0.456
 0.476
 0.487
 0.491
 0.491
 0.487
 0.480
 0.471
 0.460
 0.449
 0.436
 0.423
 0.410
 0.397
 0.384
 0.371
 0.358
 0.346
 0.334
 0.322
 0.310
 0.299
 0.288
 0.278
 0.268
 0.258
 0.248
 0.239
 0.231
 0.222
 0.214
 0.206
 0.198
 0.191
 0.184
 0.177
 0.171
 0.164
 0.158
 0.152
 0.147
 0.141
 0.136
 0.131
 0.126
 0.122
 0.117
 0.113
 0.109
 0.105
 0.101
 0.097
 0.093
 0.090
 0.087
 0.083
 0.080
 0.077
 0.075
 0.072
 0.069
 0.067
 0.064
 0.062
 0.059
 0.057
 0.055
 0.053
 0.051
 0.049
 0.047
 0.046
 0.044
 0.042
 0.041
 0.039
 0.038
 0.036
 0.035
 0.034
 0.033
 0.031
 0.030
 0.029
 0.028
 0.027
 0.026
 0.025
 0.024
 0.023
 0.022
 0.021
 0.021
 0.020
 0.019
 0.018
 0.018
 0.017
 0.017
 0.016
 0.015
 0.015
 0.014
 0.014
 0.013
 0.013
 0.012
 0.012
 0.011
 0.011
 0.011
 0.010
 0.010
 0.009
 0.009
 0.009
 0.008
 0.008
 0.008
 0.007
 0.007
 0.007
 0.007
 0.006
 0.006
 0.006
 0.006
 0.006
 0.005
 0.005
 0.005
 0.005
 0.005
 0.004
 0.004
 0.004
 0.004
 0.004
 0.004
 0.004
 0.003
 0.003
 0.003
 0.003
 0.003
 0.003
 0.003
 0.003
 0.003
 0.002
 0.002
 0.002
 0.002
 0.002
 0.002
 0.002
 0.002
 0.002
 0.002
 0.002
 0.002
 0.002
 0.001
 0.001
 0.001
 0.001
 0.001
 0.001
 0.001
 0.001
 0.001
 0.001
 0.001
 0.001
 0.001
 0.001
 0.001
 0.001
 0.001
 0.001
 0.001
 0.001
 0.001
 0.001
 0.001
 0.001
 0.001
 0.001
 0.001
 0.001
 0.001
 0.000
 0.000
 0.000
 0.000
 0.000
 0.000
 0.000
 0.000
 0.000
 0.002
 0.020
 0.363
 0.253
 0.266
 0.278
 0.289
 0.300
 0.311
 0.322
