5.630000e+03
5.630433e+03
5.630866e+03
5.631300e+03
5.631735e+03
5.632171e+03
5.632607e+03
5.633043e+03
5.633481e+03
5.633919e+03
5.634358e+03
5.634797e+03
5.635238e+03
5.635679e+03
5.636120e+03
5.636562e+03
5.637005e+03
5.637449e+03
5.591143e+03
5.581706e+03
5.577401e+03
5.574538e+03
5.572361e+03
5.570581e+03
5.569055e+03
5.567705e+03
5.566479e+03
5.565344e+03
5.564275e+03
5.563255e+03
5.562271e+03
5.561312e+03
5.560368e+03
5.559433e+03
5.558501e+03
5.557565e+03
5.556621e+03
5.555665e+03
5.554692e+03
5.553698e+03
5.552680e+03
5.551634e+03
5.550556e+03
5.549444e+03
5.548293e+03
5.547100e+03
5.545862e+03
5.544575e+03
5.543235e+03
5.541839e+03
5.540383e+03
5.538863e+03
5.537275e+03
5.535614e+03
5.533876e+03
5.532057e+03
5.530151e+03
5.528154e+03
5.526061e+03
5.523865e+03
5.521562e+03
5.519144e+03
5.516607e+03
5.513943e+03
5.511145e+03
5.508207e+03
5.505119e+03
5.501876e+03
5.498467e+03
5.494885e+03
5.491120e+03
5.487163e+03
5.483003e+03
5.478630e+03
5.474033e+03
5.469200e+03
5.464119e+03
5.458779e+03
5.453164e+03
5.447262e+03
5.441058e+03
5.434538e+03
5.427685e+03
5.420484e+03
5.412917e+03
5.404967e+03
5.396615e+03
5.387844e+03
5.378633e+03
5.368962e+03
5.358810e+03
5.348157e+03
5.336979e+03
5.325255e+03
5.312962e+03
5.300075e+03
5.286570e+03
5.272424e+03
5.257611e+03
5.242107e+03
5.225886e+03
5.208922e+03
5.191192e+03
5.172668e+03
5.153328e+03
5.133146e+03
5.112099e+03
5.090163e+03
5.067317e+03
5.043539e+03
5.018809e+03
4.993109e+03
4.966423e+03
4.938734e+03
4.910032e+03
4.880304e+03
4.849544e+03
4.817745e+03
4.784905e+03
4.751025e+03
4.716108e+03
4.680161e+03
4.643195e+03
4.605223e+03
4.566264e+03
4.526338e+03
4.485471e+03
4.443691e+03
4.401030e+03
4.357524e+03
4.313213e+03
4.268137e+03
4.222343e+03
4.175879e+03
4.128795e+03
4.081144e+03
4.032981e+03
3.984362e+03
3.935345e+03
3.885989e+03
3.836353e+03
3.786497e+03
3.736481e+03
3.686362e+03
3.636201e+03
3.586053e+03
3.535976e+03
3.486024e+03
3.436249e+03
3.386701e+03
3.337431e+03
3.288482e+03
3.239899e+03
3.191724e+03
3.143993e+03
3.096743e+03
3.050006e+03
3.003812e+03
2.958189e+03
2.913161e+03
2.868750e+03
2.824975e+03
2.781854e+03
2.739400e+03
2.697626e+03
2.656542e+03
2.616155e+03
2.576472e+03
2.537496e+03
2.499230e+03
2.461675e+03
2.424829e+03
2.388691e+03
2.353258e+03
2.318524e+03
2.284485e+03
2.251133e+03
2.218462e+03
2.186464e+03
2.155129e+03
2.124448e+03
2.094412e+03
2.065010e+03
2.036232e+03
2.008067e+03
1.980503e+03
1.953529e+03
1.927134e+03
1.901305e+03
1.876033e+03
1.851303e+03
1.827106e+03
1.803428e+03
1.780260e+03
1.757588e+03
1.735401e+03
1.713689e+03
1.692440e+03
1.671643e+03
1.651287e+03
1.631361e+03
1.611855e+03
1.592759e+03
1.574061e+03
1.555754e+03
1.537826e+03
1.520268e+03
1.503071e+03
1.486226e+03
1.469724e+03
1.453555e+03
1.437713e+03
1.422188e+03
1.406972e+03
1.392057e+03
1.377437e+03
1.363103e+03
1.349047e+03
1.335264e+03
1.321746e+03
1.308486e+03
1.295478e+03
1.282715e+03
1.270192e+03
1.257902e+03
1.245839e+03
1.233998e+03
1.222373e+03
1.210960e+03
1.199751e+03
1.188744e+03
1.177932e+03
1.167310e+03
1.156875e+03
1.146622e+03
1.136545e+03
1.126642e+03
1.116908e+03
1.107338e+03
1.097929e+03
1.088676e+03
1.079578e+03
1.070628e+03
1.061825e+03
1.053165e+03
1.044644e+03
1.036259e+03
1.028007e+03
1.019886e+03
1.011891e+03
1.004020e+03
9.962712e+02
9.886406e+02
9.811259e+02
9.737247e+02
9.664343e+02
9.592524e+02
9.521765e+02
9.452044e+02
9.383338e+02
9.315625e+02
9.248884e+02
9.183093e+02
9.118234e+02
9.054286e+02
8.991230e+02
8.929047e+02
8.867720e+02
8.807230e+02
8.747561e+02
8.688696e+02
8.630617e+02
8.573310e+02
8.516759e+02
8.460949e+02
8.405865e+02
8.351493e+02
8.297818e+02
8.244827e+02
8.192507e+02
8.140845e+02
8.089828e+02
8.039444e+02
7.989680e+02
7.940526e+02
7.891969e+02
7.843999e+02
7.796604e+02
7.749774e+02
7.703499e+02
7.657768e+02
7.612572e+02
7.567900e+02
7.523744e+02
7.480094e+02
7.436942e+02
7.394278e+02
7.352094e+02
7.310381e+02
7.269132e+02
7.228338e+02
7.187992e+02
7.148085e+02
7.108612e+02
7.069563e+02
7.030932e+02
6.992713e+02
6.954898e+02
6.917480e+02
6.880454e+02
6.843812e+02
6.807549e+02
6.771659e+02
6.736135e+02
6.700971e+02
6.666163e+02
6.631704e+02
6.597589e+02
6.563813e+02
6.530370e+02
6.497255e+02
6.464464e+02
6.431990e+02
6.399831e+02
6.367980e+02
6.336433e+02
6.305186e+02
6.274235e+02
6.243574e+02
6.213200e+02
6.183109e+02
6.153296e+02
6.123758e+02
6.094490e+02
6.065489e+02
6.036751e+02
6.008272e+02
5.980049e+02
5.952078e+02
5.924356e+02
5.896879e+02
5.869644e+02
5.842647e+02
5.815887e+02
5.789358e+02
5.763058e+02
5.736985e+02
5.711135e+02
5.685504e+02
5.660092e+02
5.634894e+02
5.609907e+02
5.585130e+02
5.560559e+02
5.536191e+02
5.512025e+02
5.488058e+02
5.464286e+02
5.440709e+02
5.417322e+02
5.394125e+02
5.371114e+02
5.348288e+02
5.325643e+02
5.303179e+02
5.280892e+02
5.258781e+02
5.236843e+02
5.215076e+02
5.193480e+02
5.172050e+02
5.150786e+02
5.129685e+02
5.108746e+02
5.087967e+02
5.067346e+02
5.046881e+02
5.026570e+02
5.006411e+02
4.986404e+02
4.966545e+02
4.946834e+02
4.927268e+02
4.907847e+02
4.888568e+02
4.869430e+02
4.850432e+02
4.831571e+02
4.812847e+02
4.794257e+02
4.775801e+02
4.757476e+02
4.739282e+02
4.721217e+02
4.703280e+02
4.685468e+02
4.667782e+02
4.650219e+02
4.632778e+02
4.615459e+02
4.598258e+02
4.587677e+02
4.587701e+02
4.587775e+02
4.587899e+02
4.588072e+02
4.588294e+02
4.588563e+02
4.588880e+02
4.589244e+02
4.589654e+02
4.590109e+02
4.590609e+02
4.591153e+02
4.591740e+02
4.592370e+02
4.593042e+02
4.593756e+02
4.594510e+02
4.595304e+02
4.596136e+02
4.597008e+02
4.597917e+02
4.598863e+02
4.599845e+02
4.600862e+02
4.601914e+02
4.603000e+02
4.604119e+02
4.605270e+02
4.606452e+02
4.607665e+02
4.608908e+02
4.610180e+02
4.526645e+02
4.308379e+02
4.109631e+02
3.927971e+02
3.761356e+02
3.608053e+02
3.466583e+02
3.335678e+02
3.214244e+02
3.101333e+02
2.996119e+02
2.897878e+02
2.805976e+02
2.719852e+02
2.639009e+02
2.563007e+02
2.491454e+02
2.423997e+02
2.360322e+02
2.300145e+02
2.243211e+02
2.189288e+02
2.138169e+02
2.089661e+02
2.043592e+02
1.999805e+02
1.958154e+02
1.918507e+02
1.880742e+02
1.844749e+02
1.810423e+02
1.777670e+02
1.746401e+02
1.716536e+02
1.687998e+02
1.660717e+02
1.634629e+02
1.609671e+02
1.585788e+02
1.562926e+02
1.541034e+02
1.520067e+02
1.499981e+02
1.480733e+02
1.462287e+02
1.444604e+02
1.427650e+02
1.411392e+02
1.395801e+02
1.380846e+02
1.366499e+02
1.352735e+02
1.339528e+02
1.326855e+02
1.314693e+02
1.303019e+02
1.291814e+02
1.281058e+02
1.270732e+02
1.260819e+02
1.251300e+02
1.242159e+02
1.233381e+02
1.224950e+02
1.216852e+02
1.209073e+02
1.201600e+02
1.194419e+02
1.187519e+02
1.180887e+02
1.174512e+02
1.168383e+02
1.162489e+02
1.156821e+02
1.151368e+02
1.146121e+02
1.141072e+02
1.136210e+02
1.131528e+02
1.127018e+02
1.122672e+02
1.118482e+02
1.114442e+02
1.110543e+02
1.106781e+02
1.103147e+02
1.099636e+02
1.096243e+02
1.092961e+02
1.089784e+02
1.086708e+02
1.083727e+02
1.080837e+02
1.078033e+02
1.075310e+02
1.072664e+02
1.070091e+02
1.067587e+02
1.065148e+02
1.062771e+02
1.060452e+02
1.058187e+02
1.055974e+02
1.053809e+02
1.051690e+02
1.049614e+02
1.047577e+02
1.045579e+02
1.043615e+02
1.041684e+02
1.039784e+02
1.037912e+02
1.036067e+02
1.034246e+02
1.032448e+02
1.030672e+02
1.028915e+02
1.027176e+02
1.025453e+02
1.023746e+02
1.022052e+02
1.020372e+02
1.018702e+02
1.017044e+02
1.015394e+02
1.013753e+02
1.012120e+02
1.010493e+02
1.008872e+02
1.007256e+02
1.005645e+02
1.004038e+02
1.002433e+02
1.000832e+02
9.992326e+01
9.976349e+01
9.960385e+01
9.944430e+01
9.928479e+01
9.912529e+01
9.896578e+01
9.880623e+01
9.864661e+01
9.848689e+01
9.832707e+01
9.816712e+01
9.800703e+01
9.784679e+01
9.768637e+01
9.752578e+01
9.736501e+01
9.720405e+01
9.704289e+01
9.688154e+01
9.671999e+01
9.655825e+01
9.639631e+01
9.623417e+01
9.607184e+01
9.590932e+01
9.574895e+01
9.559353e+01
9.543716e+01
9.527986e+01
9.512168e+01
9.496267e+01
9.480284e+01
9.464224e+01
9.448091e+01
9.431888e+01
9.415618e+01
9.399286e+01
9.382894e+01
9.366445e+01
9.349944e+01
9.333393e+01
9.316796e+01
9.300155e+01
9.283474e+01
9.266756e+01
9.250004e+01
9.233220e+01
9.216407e+01
9.199569e+01
9.182707e+01
9.165825e+01
9.148926e+01
9.132010e+01
9.115082e+01
9.098144e+01
9.081197e+01
9.064244e+01
9.047288e+01
9.030331e+01
9.013374e+01
8.996419e+01
8.979470e+01
8.962526e+01
8.945592e+01
8.928668e+01
8.911755e+01
8.894857e+01
8.877974e+01
8.861108e+01
8.844261e+01
8.827434e+01
8.810628e+01
8.793846e+01
8.777087e+01
8.760355e+01
8.743649e+01
8.726972e+01
8.710323e+01
8.693706e+01
8.677119e+01
8.660566e+01
8.644046e+01
8.627560e+01
8.611110e+01
8.594696e+01
8.578320e+01
8.561982e+01
8.545682e+01
8.529422e+01
8.513203e+01
8.497024e+01
8.480887e+01
8.464793e+01
8.448741e+01
8.432732e+01
8.416768e+01
8.400848e+01
8.384973e+01
8.369143e+01
8.353359e+01
8.337621e+01
8.321930e+01
8.306286e+01
8.290689e+01
8.275140e+01
8.259639e+01
8.244185e+01
8.228780e+01
8.213424e+01
8.198117e+01
8.182858e+01
8.167649e+01
8.152489e+01
8.137379e+01
8.122318e+01
8.107307e+01
8.092346e+01
8.077435e+01
8.062574e+01
8.047763e+01
8.033002e+01
8.018291e+01
8.003630e+01
7.989020e+01
7.974460e+01
7.959949e+01
7.945489e+01
7.931079e+01
7.916719e+01
7.902409e+01
7.888149e+01
7.873939e+01
7.859779e+01
7.845669e+01
7.831608e+01
7.817596e+01
7.803634e+01
7.789722e+01
7.775859e+01
7.762044e+01
7.748279e+01
7.773831e+01
7.696533e+01
7.361351e+01
7.028529e+01
7.115918e+01
7.297596e+01
7.479085e+01
7.660368e+01
7.841438e+01
8.022290e+01
8.202918e+01
8.383314e+01
8.563473e+01
8.743387e+01
8.918024e+01
9.024342e+01
9.019727e+01
8.930149e+01
8.791199e+01
8.619556e+01
8.422411e+01
8.206098e+01
7.977060e+01
7.740550e+01
7.500344e+01
7.259193e+01
7.019224e+01
6.782034e+01
6.548818e+01
6.320458e+01
6.097586e+01
5.880632e+01
5.669875e+01
5.465477e+01
5.267510e+01
5.075978e+01
4.890833e+01
4.711988e+01
4.539326e+01
4.372713e+01
4.211995e+01
4.057012e+01
3.907597e+01
3.763578e+01
3.624784e+01
3.491043e+01
3.362186e+01
3.238044e+01
3.118455e+01
3.003257e+01
2.892296e+01
2.785419e+01
2.682480e+01
2.583336e+01
2.487849e+01
2.395885e+01
2.307317e+01
2.222020e+01
2.139873e+01
2.060761e+01
1.984572e+01
1.911199e+01
1.840537e+01
1.772488e+01
1.706954e+01
1.643842e+01
1.583064e+01
1.524532e+01
1.468164e+01
1.413881e+01
1.361604e+01
1.311261e+01
1.262778e+01
1.216088e+01
1.171125e+01
1.127824e+01
1.086124e+01
1.045965e+01
1.007292e+01
9.700483e+00
9.341818e+00
8.996415e+00
8.663782e+00
8.343448e+00
8.034959e+00
7.737875e+00
7.451776e+00
7.176255e+00
6.910921e+00
6.655397e+00
6.409322e+00
6.172344e+00
5.944129e+00
5.724351e+00
5.512700e+00
5.308874e+00
5.112584e+00
4.923552e+00
4.741509e+00
4.566196e+00
4.397366e+00
4.234778e+00
4.078201e+00
3.927414e+00
3.782202e+00
3.642358e+00
3.507686e+00
3.377992e+00
3.253094e+00
3.132814e+00
3.016981e+00
2.905430e+00
2.798004e+00
2.694550e+00
2.594921e+00
2.498976e+00
2.406578e+00
2.317596e+00
2.231905e+00
2.149381e+00
2.069909e+00
1.993376e+00
1.919672e+00
1.848693e+00
1.780338e+00
1.714511e+00
1.651117e+00
1.590068e+00
1.531276e+00
1.474657e+00
1.420132e+00
1.367623e+00
1.317055e+00
1.268358e+00
1.221460e+00
1.176297e+00
1.132803e+00
1.090918e+00
1.050581e+00
1.011736e+00
9.743269e-01
9.383010e-01
9.036072e-01
8.701961e-01
8.380204e-01
8.070344e-01
7.771941e-01
7.484571e-01
7.207826e-01
6.941314e-01
6.684656e-01
6.437488e-01
6.199458e-01
5.970230e-01
5.749478e-01
5.536887e-01
5.332157e-01
5.134997e-01
4.945127e-01
4.762278e-01
4.586189e-01
4.416611e-01
4.253304e-01
4.096034e-01
3.944580e-01
3.798725e-01
3.658264e-01
3.522996e-01
3.392730e-01
3.267281e-01
3.146470e-01
3.030126e-01
2.918084e-01
2.810185e-01
2.706275e-01
2.606208e-01
2.509840e-01
2.417036e-01
2.327664e-01
2.241595e-01
2.158710e-01
2.078889e-01
2.002020e-01
1.927993e-01
1.856703e-01
1.788049e-01
1.721934e-01
1.658263e-01
1.596947e-01
1.537898e-01
1.481033e-01
1.426270e-01
1.373532e-01
1.322744e-01
1.273834e-01
1.226733e-01
1.181373e-01
1.137690e-01
1.095623e-01
1.055111e-01
1.016098e-01
9.785264e-02
9.423445e-02
9.075005e-02
8.739450e-02
8.416302e-02
8.105104e-02
7.805412e-02
7.516803e-02
7.238865e-02
6.971205e-02
6.713442e-02
6.465211e-02
6.226158e-02
5.995946e-02
5.774246e-02
5.560743e-02
5.355136e-02
5.157132e-02
4.966449e-02
4.782817e-02
4.606249e-02
1.805811e-01
1.866441e-01
1.629792e-01
1.646995e-01
1.662019e-01
1.676092e-01
1.689729e-01
1.702849e-01
1.715483e-01
