0.000000e+00
0.000000e+00
0.000000e+00
0.000000e+00
0.000000e+00
0.000000e+00
0.000000e+00
0.000000e+00
0.000000e+00
0.000000e+00
0.000000e+00
0.000000e+00
0.000000e+00
0.000000e+00
0.000000e+00
0.000000e+00
0.000000e+00
0.000000e+00
2.094914e-04
6.990211e-05
4.417993e-05
3.346596e-05
2.766330e-05
2.407785e-05
2.168487e-05
2.000956e-05
1.880194e-05
1.791803e-05
1.726915e-05
1.679787e-05
1.646542e-05
1.624481e-05
1.611676e-05
1.606724e-05
1.608587e-05
1.616489e-05
1.629848e-05
1.648230e-05
1.671308e-05
1.698846e-05
1.730675e-05
1.766682e-05
1.806805e-05
1.851016e-05
1.899325e-05
1.951769e-05
2.008413e-05
2.069345e-05
2.134676e-05
2.204538e-05
2.279082e-05
2.358478e-05
2.442917e-05
2.532607e-05
2.627775e-05
2.728666e-05
2.835546e-05
2.948699e-05
3.068431e-05
3.195065e-05
3.328950e-05
3.470455e-05
3.619970e-05
3.777912e-05
3.944722e-05
4.120867e-05
4.306840e-05
4.503165e-05
4.710392e-05
4.929103e-05
5.159915e-05
5.403474e-05
5.660464e-05
5.931603e-05
6.217649e-05
6.519398e-05
6.837686e-05
7.173393e-05
7.527441e-05
7.900799e-05
8.294479e-05
8.709546e-05
9.147110e-05
9.608332e-05
1.009443e-04
1.060666e-04
1.114635e-04
1.171487e-04
1.231365e-04
1.294417e-04
1.360797e-04
1.430663e-04
1.504181e-04
1.581519e-04
1.662852e-04
1.748359e-04
1.838224e-04
1.932636e-04
2.031786e-04
2.135868e-04
2.245082e-04
2.359627e-04
2.479704e-04
2.605516e-04
2.737264e-04
2.875149e-04
3.019370e-04
3.170120e-04
3.327590e-04
3.491964e-04
3.663419e-04
3.842122e-04
4.028229e-04
4.221886e-04
4.423222e-04
4.632354e-04
4.849378e-04
5.074373e-04
5.307397e-04
5.548485e-04
5.797648e-04
6.054871e-04
6.320113e-04
6.593305e-04
6.874348e-04
7.163113e-04
7.459441e-04
7.763141e-04
8.073992e-04
8.391743e-04
8.716109e-04
9.046778e-04
9.383410e-04
9.725635e-04
1.007306e-03
1.042526e-03
1.078181e-03
1.114224e-03
1.150607e-03
1.187281e-03
1.224197e-03
1.261302e-03
1.298547e-03
1.335877e-03
1.373242e-03
1.410591e-03
1.447871e-03
1.485033e-03
1.522028e-03
1.558809e-03
1.595328e-03
1.631542e-03
1.667409e-03
1.702887e-03
1.737940e-03
1.772530e-03
1.806625e-03
1.840193e-03
1.873206e-03
1.905638e-03
1.937465e-03
1.968667e-03
1.999223e-03
2.029119e-03
2.058340e-03
2.086875e-03
2.114713e-03
2.141848e-03
2.168274e-03
2.193987e-03
2.218986e-03
2.243270e-03
2.266841e-03
2.289702e-03
2.311858e-03
2.333312e-03
2.354073e-03
2.374148e-03
2.393545e-03
2.412275e-03
2.430347e-03
2.447772e-03
2.464562e-03
2.480730e-03
2.496287e-03
2.511247e-03
2.525622e-03
2.539427e-03
2.552676e-03
2.565381e-03
2.577558e-03
2.589220e-03
2.600381e-03
2.611056e-03
2.621258e-03
2.631002e-03
2.640301e-03
2.649170e-03
2.657622e-03
2.665670e-03
2.673329e-03
2.680610e-03
2.687526e-03
2.694092e-03
2.700318e-03
2.706217e-03
2.711802e-03
2.717084e-03
2.722074e-03
2.726784e-03
2.731224e-03
2.735406e-03
2.739340e-03
2.743036e-03
2.746504e-03
2.749753e-03
2.752794e-03
2.755636e-03
2.758286e-03
2.760755e-03
2.763051e-03
2.765181e-03
2.767154e-03
2.768978e-03
2.770660e-03
2.772207e-03
2.773627e-03
2.774927e-03
2.776113e-03
2.777191e-03
2.778169e-03
2.779053e-03
2.779847e-03
2.780558e-03
2.781192e-03
2.781754e-03
2.782250e-03
2.782683e-03
2.783060e-03
2.783385e-03
2.783663e-03
2.783898e-03
2.784095e-03
2.784257e-03
2.784390e-03
2.784496e-03
2.784580e-03
2.784646e-03
2.784697e-03
2.784737e-03
2.784768e-03
2.784795e-03
2.784820e-03
2.784848e-03
2.784879e-03
2.784919e-03
2.784968e-03
2.785031e-03
2.785110e-03
2.785207e-03
2.785325e-03
2.785466e-03
2.785633e-03
2.785828e-03
2.786053e-03
2.786311e-03
2.786603e-03
2.786932e-03
2.787299e-03
2.787707e-03
2.788157e-03
2.788651e-03
2.789192e-03
2.789780e-03
2.790417e-03
2.791105e-03
2.791846e-03
2.792642e-03
2.793493e-03
2.794401e-03
2.795368e-03
2.796395e-03
2.797484e-03
2.798635e-03
2.799851e-03
2.801132e-03
2.802480e-03
2.803895e-03
2.805380e-03
2.806936e-03
2.808563e-03
2.810262e-03
2.812036e-03
2.813884e-03
2.815809e-03
2.817810e-03
2.819890e-03
2.822049e-03
2.824288e-03
2.826608e-03
2.829010e-03
2.831496e-03
2.834066e-03
2.836720e-03
2.839461e-03
2.842289e-03
2.845205e-03
2.848209e-03
2.851303e-03
2.854488e-03
2.857764e-03
2.861133e-03
2.864594e-03
2.868150e-03
2.871801e-03
2.875548e-03
2.879391e-03
2.883332e-03
2.887372e-03
2.891510e-03
2.895749e-03
2.900088e-03
2.904530e-03
2.909074e-03
2.913721e-03
2.918473e-03
2.923330e-03
2.928293e-03
2.933362e-03
2.938540e-03
2.943826e-03
2.949221e-03
2.954727e-03
2.960343e-03
2.966072e-03
2.971913e-03
2.977868e-03
2.983937e-03
2.990122e-03
2.996423e-03
3.002842e-03
3.009378e-03
3.016033e-03
3.022809e-03
3.029704e-03
3.036722e-03
3.043862e-03
3.051126e-03
3.058514e-03
3.066027e-03
3.073667e-03
3.081434e-03
3.089329e-03
3.097353e-03
3.105508e-03
3.113793e-03
3.122211e-03
3.130762e-03
3.139447e-03
3.148267e-03
3.157224e-03
3.166318e-03
3.175549e-03
3.184921e-03
3.194433e-03
3.204086e-03
3.213881e-03
3.223821e-03
3.233905e-03
3.244135e-03
3.254513e-03
3.265038e-03
3.275713e-03
3.286538e-03
3.297515e-03
3.308645e-03
3.319929e-03
3.331368e-03
3.342964e-03
3.354717e-03
3.366630e-03
3.378703e-03
3.390937e-03
3.403334e-03
3.415896e-03
3.428622e-03
3.441516e-03
3.454578e-03
3.467809e-03
3.481211e-03
3.494786e-03
3.508534e-03
3.522457e-03
3.536557e-03
3.550835e-03
3.565292e-03
3.579930e-03
3.594750e-03
3.609754e-03
3.624944e-03
3.640320e-03
3.655897e-03
3.671767e-03
3.687962e-03
3.704485e-03
3.721339e-03
3.738528e-03
3.756055e-03
3.773924e-03
3.792140e-03
3.810706e-03
3.829625e-03
3.848903e-03
3.868543e-03
3.888550e-03
3.908927e-03
3.929680e-03
3.950813e-03
3.972330e-03
3.994236e-03
4.016537e-03
4.039236e-03
4.062339e-03
4.085851e-03
4.109778e-03
4.134124e-03
4.158895e-03
4.184097e-03
4.209735e-03
4.235814e-03
4.262342e-03
4.289323e-03
4.316764e-03
4.344671e-03
4.372958e-03
4.400587e-03
4.427355e-03
4.453346e-03
4.478634e-03
4.503288e-03
4.527365e-03
4.550919e-03
4.573999e-03
4.596647e-03
4.618903e-03
4.640802e-03
4.662378e-03
4.683660e-03
4.704674e-03
4.725447e-03
4.746002e-03
4.766359e-03
4.786538e-03
4.806559e-03
4.826437e-03
4.846190e-03
4.865830e-03
4.885374e-03
4.904832e-03
4.924218e-03
4.943542e-03
4.962816e-03
4.982049e-03
5.001251e-03
5.020431e-03
5.039596e-03
5.058756e-03
5.077917e-03
5.097086e-03
5.116270e-03
5.135475e-03
5.154708e-03
5.173974e-03
5.193277e-03
5.212625e-03
5.232021e-03
5.251469e-03
5.270975e-03
5.290541e-03
5.310173e-03
5.329874e-03
5.349648e-03
5.369497e-03
5.389425e-03
5.409435e-03
5.429530e-03
5.449713e-03
5.469986e-03
5.490351e-03
5.510811e-03
5.531368e-03
5.552024e-03
5.572781e-03
5.593641e-03
5.614606e-03
5.635677e-03
5.656856e-03
5.678143e-03
5.699542e-03
5.721052e-03
5.742675e-03
5.764412e-03
5.786264e-03
5.808232e-03
5.830316e-03
5.852518e-03
5.874839e-03
5.897278e-03
5.919837e-03
5.942516e-03
5.965315e-03
5.988236e-03
6.011277e-03
6.034440e-03
6.057725e-03
6.081131e-03
6.104660e-03
6.128311e-03
6.152084e-03
6.175979e-03
6.199997e-03
6.224136e-03
6.248398e-03
6.272781e-03
6.297286e-03
6.321913e-03
6.346661e-03
6.371529e-03
6.396518e-03
6.421628e-03
6.446857e-03
6.472205e-03
6.497673e-03
6.523259e-03
6.548964e-03
6.574786e-03
6.600725e-03
6.626781e-03
6.652953e-03
6.679241e-03
6.705643e-03
6.732160e-03
6.758790e-03
6.785534e-03
6.812390e-03
6.839358e-03
6.866437e-03
6.893626e-03
6.920926e-03
6.948335e-03
6.975852e-03
7.003477e-03
7.031209e-03
7.059048e-03
7.086992e-03
7.115041e-03
7.143195e-03
7.171452e-03
7.199813e-03
7.228275e-03
7.256839e-03
7.285504e-03
7.314268e-03
7.343132e-03
7.372095e-03
7.401156e-03
7.430314e-03
7.459568e-03
7.488918e-03
7.518364e-03
7.547904e-03
7.577538e-03
7.607264e-03
7.637084e-03
7.666995e-03
7.696997e-03
7.727089e-03
7.757272e-03
7.787543e-03
7.817903e-03
7.848351e-03
7.878887e-03
7.909509e-03
7.940217e-03
7.971010e-03
8.001889e-03
8.032851e-03
8.063898e-03
8.095027e-03
8.126239e-03
8.157533e-03
8.188909e-03
8.220366e-03
8.251903e-03
8.250504e-03
8.284131e-03
8.317852e-03
8.351665e-03
8.385570e-03
8.419566e-03
8.453652e-03
8.487828e-03
8.522093e-03
8.556446e-03
8.590886e-03
8.625414e-03
8.660028e-03
8.694728e-03
8.729513e-03
8.764382e-03
8.799336e-03
8.834373e-03
8.869493e-03
8.904696e-03
8.939980e-03
8.975346e-03
9.010793e-03
9.046321e-03
9.081928e-03
9.117616e-03
9.153382e-03
9.189227e-03
9.225150e-03
9.261151e-03
9.297230e-03
9.333386e-03
9.369618e-03
9.405927e-03
9.442312e-03
9.478773e-03
9.515309e-03
9.551920e-03
9.588605e-03
9.625365e-03
9.662199e-03
9.699107e-03
9.736088e-03
9.773143e-03
9.810270e-03
9.847470e-03
9.884743e-03
9.922087e-03
9.959504e-03
9.996992e-03
1.003455e-02
1.007218e-02
1.010989e-02
1.014766e-02
1.018550e-02
1.022342e-02
1.026140e-02
1.029945e-02
1.033758e-02
1.037577e-02
1.041404e-02
1.045237e-02
1.049077e-02
1.052924e-02
1.056778e-02
1.060639e-02
1.064507e-02
1.068381e-02
1.072263e-02
1.076151e-02
1.080046e-02
1.083948e-02
1.087857e-02
1.091772e-02
1.095694e-02
1.099623e-02
1.103559e-02
1.107502e-02
1.111451e-02
1.115407e-02
1.119370e-02
1.123339e-02
1.127315e-02
1.131298e-02
1.135287e-02
1.139283e-02
1.143286e-02
1.147296e-02
1.151312e-02
1.155335e-02
1.159364e-02
1.163400e-02
1.167443e-02
1.171492e-02
1.175548e-02
1.179611e-02
1.183680e-02
1.187756e-02
1.191838e-02
1.195927e-02
1.200023e-02
1.204125e-02
1.208234e-02
1.212350e-02
1.216472e-02
1.220600e-02
1.224735e-02
1.228877e-02
1.233026e-02
1.237180e-02
1.241342e-02
1.245510e-02
1.249685e-02
1.253866e-02
1.258054e-02
1.262248e-02
1.266451e-02
1.270696e-02
1.274809e-02
1.278752e-02
1.282621e-02
1.286594e-02
1.290681e-02
1.294881e-02
1.299196e-02
1.303627e-02
1.308175e-02
1.312840e-02
1.317624e-02
1.322527e-02
1.327551e-02
1.332678e-02
1.337854e-02
1.343021e-02
1.348141e-02
1.353190e-02
1.358150e-02
1.363007e-02
1.367750e-02
1.372373e-02
1.376870e-02
1.381239e-02
1.385479e-02
1.389589e-02
1.393571e-02
1.397426e-02
1.401155e-02
1.404762e-02
1.408249e-02
1.411619e-02
1.414875e-02
1.418020e-02
1.421057e-02
1.423989e-02
1.426819e-02
1.429551e-02
1.432188e-02
1.434732e-02
1.437187e-02
1.439555e-02
1.441840e-02
1.444044e-02
1.446170e-02
1.448220e-02
1.450198e-02
1.452105e-02
1.453943e-02
1.455717e-02
1.457426e-02
1.459074e-02
1.460664e-02
1.462196e-02
1.463673e-02
1.465096e-02
1.466469e-02
1.467792e-02
1.469067e-02
1.470296e-02
1.471480e-02
1.472622e-02
1.473722e-02
1.474783e-02
1.475805e-02
1.476790e-02
1.477739e-02
1.478653e-02
1.479534e-02
1.480384e-02
1.481202e-02
1.481990e-02
1.482750e-02
1.483482e-02
1.484187e-02
1.484866e-02
1.485521e-02
1.486152e-02
1.486759e-02
1.487345e-02
1.487909e-02
1.488452e-02
1.488975e-02
1.489480e-02
1.489965e-02
1.490433e-02
1.490884e-02
1.491318e-02
1.491737e-02
1.492140e-02
1.492528e-02
1.492902e-02
1.493262e-02
1.493609e-02
1.493943e-02
1.494265e-02
1.494575e-02
1.494874e-02
1.495161e-02
1.495438e-02
1.495705e-02
1.495962e-02
1.496210e-02
1.496448e-02
1.496678e-02
1.496899e-02
1.497112e-02
1.497318e-02
1.497515e-02
1.497706e-02
1.497889e-02
1.498066e-02
1.498236e-02
1.498400e-02
1.498558e-02
1.498710e-02
1.498856e-02
1.498997e-02
1.499133e-02
1.499263e-02
1.499389e-02
1.499511e-02
1.499627e-02
1.499740e-02
1.499848e-02
1.499953e-02
1.500053e-02
1.500150e-02
1.500243e-02
1.500333e-02
1.500420e-02
1.500503e-02
1.500583e-02
1.500660e-02
1.500735e-02
1.500806e-02
1.500875e-02
1.500942e-02
1.501006e-02
1.501067e-02
1.501127e-02
1.501184e-02
1.501239e-02
1.501292e-02
1.501343e-02
1.501392e-02
1.501439e-02
1.501485e-02
1.501529e-02
1.501571e-02
1.501612e-02
1.501651e-02
1.501689e-02
1.501725e-02
1.501760e-02
1.501794e-02
1.501827e-02
1.501858e-02
1.501888e-02
1.501917e-02
1.501945e-02
1.501972e-02
1.501998e-02
1.502023e-02
1.502047e-02
1.502070e-02
1.502092e-02
1.502114e-02
1.502135e-02
1.502155e-02
1.502174e-02
1.502192e-02
1.502210e-02
1.502227e-02
1.502244e-02
1.502259e-02
1.502275e-02
1.502290e-02
1.502304e-02
1.502317e-02
1.502331e-02
1.502343e-02
1.502355e-02
1.502367e-02
1.502379e-02
1.502389e-02
1.502400e-02
1.502410e-02
1.502420e-02
1.502429e-02
1.502438e-02
1.502447e-02
1.502455e-02
1.502463e-02
1.502471e-02
1.502479e-02
1.502486e-02
1.502493e-02
1.502499e-02
1.502506e-02
1.502512e-02
1.502518e-02
1.502524e-02
1.502529e-02
1.502535e-02
1.502540e-02
1.502545e-02
1.502549e-02
1.502554e-02
1.502558e-02
1.502563e-02
1.502567e-02
1.502571e-02
1.502574e-02
1.502578e-02
1.502582e-02
1.502585e-02
1.502588e-02
1.502591e-02
1.502594e-02
1.502604e-02
1.502611e-02
1.502620e-02
1.502628e-02
1.502637e-02
1.502645e-02
1.502653e-02
1.502661e-02
1.502669e-02
