3.900000e+02
3.900000e+02
3.900000e+02
3.900000e+02
3.900000e+02
3.900000e+02
3.900000e+02
3.900000e+02
3.900000e+02
3.900000e+02
3.900000e+02
3.900000e+02
3.900000e+02
3.900000e+02
3.900000e+02
3.900000e+02
3.900000e+02
3.900000e+02
3.900000e+02
3.900000e+02
3.900000e+02
3.900000e+02
3.900000e+02
3.900000e+02
3.900000e+02
3.900000e+02
3.900000e+02
3.900000e+02
3.900000e+02
3.900000e+02
3.900000e+02
3.900000e+02
3.900000e+02
3.900000e+02
3.900000e+02
3.900000e+02
3.900000e+02
3.900000e+02
3.900000e+02
3.900000e+02
3.900000e+02
3.900000e+02
3.900000e+02
3.900000e+02
3.900000e+02
3.900000e+02
3.900000e+02
3.900000e+02
3.900000e+02
3.900000e+02
3.900000e+02
3.900000e+02
3.900000e+02
3.900000e+02
3.900000e+02
3.900000e+02
3.900000e+02
3.900000e+02
3.900000e+02
3.900000e+02
3.900000e+02
3.900000e+02
3.900000e+02
3.900000e+02
3.900000e+02
3.900000e+02
3.900000e+02
3.900000e+02
3.900000e+02
3.900000e+02
3.900000e+02
3.900000e+02
3.900000e+02
3.900000e+02
3.900000e+02
3.900000e+02
3.900000e+02
3.900000e+02
3.900000e+02
3.900000e+02
3.900000e+02
3.900000e+02
3.900000e+02
3.900000e+02
3.900000e+02
3.900000e+02
3.900000e+02
3.900000e+02
3.900000e+02
3.900000e+02
3.900000e+02
3.900000e+02
3.900000e+02
3.900000e+02
3.900000e+02
3.900000e+02
3.900000e+02
3.900000e+02
3.900000e+02
3.900000e+02
3.900000e+02
3.900000e+02
3.900000e+02
3.900000e+02
3.900000e+02
3.900000e+02
3.900000e+02
3.900000e+02
3.900000e+02
3.900000e+02
3.900000e+02
3.900000e+02
3.900000e+02
3.900000e+02
3.900000e+02
3.900000e+02
3.900000e+02
3.900000e+02
3.900000e+02
3.900000e+02
3.900000e+02
3.900000e+02
3.900000e+02
3.900000e+02
3.900000e+02
3.900000e+02
3.900000e+02
3.900000e+02
3.900000e+02
3.900000e+02
3.900000e+02
3.900000e+02
3.900000e+02
3.900000e+02
3.900000e+02
3.900000e+02
3.900000e+02
3.900000e+02
3.900000e+02
3.900000e+02
3.900000e+02
3.900000e+02
3.900000e+02
3.900000e+02
3.900000e+02
3.900000e+02
3.900000e+02
3.900000e+02
3.900000e+02
3.900000e+02
3.900000e+02
3.900000e+02
3.900000e+02
3.900000e+02
3.900000e+02
3.900000e+02
3.900000e+02
3.900000e+02
3.900000e+02
3.900000e+02
3.900000e+02
3.900000e+02
3.900000e+02
3.900000e+02
3.900000e+02
3.900000e+02
3.900000e+02
3.900000e+02
3.900000e+02
3.900000e+02
3.900000e+02
3.900000e+02
3.900000e+02
3.900000e+02
3.900000e+02
3.900000e+02
3.900000e+02
3.900000e+02
3.900000e+02
3.900000e+02
3.900000e+02
3.900000e+02
3.900000e+02
3.900000e+02
3.900000e+02
3.900000e+02
3.900000e+02
3.900000e+02
3.900000e+02
3.900000e+02
3.900000e+02
3.900000e+02
3.900000e+02
3.900000e+02
3.900000e+02
3.900000e+02
3.900000e+02
3.900000e+02
3.900000e+02
3.900000e+02
3.900000e+02
3.900000e+02
3.900000e+02
3.900000e+02
3.900000e+02
3.900000e+02
3.900000e+02
3.900000e+02
3.900000e+02
3.900000e+02
3.900000e+02
3.900000e+02
3.900000e+02
3.900000e+02
3.900000e+02
3.900000e+02
3.900000e+02
3.900000e+02
3.900000e+02
3.900000e+02
3.900000e+02
3.900000e+02
3.900000e+02
3.900000e+02
3.900000e+02
3.900000e+02
3.900000e+02
3.900000e+02
3.900000e+02
3.900000e+02
3.900000e+02
3.900000e+02
3.900000e+02
3.900000e+02
3.900000e+02
3.900000e+02
3.900000e+02
3.900000e+02
3.900000e+02
3.900000e+02
3.900000e+02
3.900000e+02
3.900000e+02
3.900000e+02
3.900000e+02
3.900000e+02
3.900000e+02
3.900000e+02
3.900000e+02
3.900000e+02
3.900000e+02
3.900000e+02
3.900000e+02
3.900000e+02
3.900000e+02
3.900000e+02
3.900000e+02
3.900000e+02
3.900000e+02
3.900000e+02
3.900000e+02
3.900000e+02
3.900000e+02
3.900000e+02
3.900000e+02
3.900000e+02
3.900000e+02
3.900000e+02
3.900000e+02
3.900000e+02
3.900000e+02
3.900000e+02
3.900000e+02
3.900000e+02
3.900000e+02
3.900000e+02
3.900000e+02
3.900000e+02
3.900000e+02
3.900000e+02
3.900000e+02
3.900000e+02
3.900000e+02
3.900000e+02
3.900000e+02
3.900000e+02
3.900000e+02
3.900000e+02
3.900000e+02
3.900000e+02
3.900000e+02
3.900000e+02
3.900000e+02
3.900000e+02
3.900000e+02
3.900000e+02
3.900000e+02
3.900000e+02
3.900000e+02
3.900000e+02
3.900000e+02
3.900000e+02
3.900000e+02
3.900000e+02
3.900000e+02
3.900000e+02
3.900000e+02
3.900000e+02
3.900000e+02
3.900000e+02
3.900000e+02
3.900000e+02
3.900000e+02
3.900000e+02
3.900000e+02
3.900000e+02
3.900000e+02
3.900000e+02
3.900000e+02
3.900000e+02
3.900000e+02
3.900000e+02
3.900000e+02
3.900000e+02
3.900000e+02
3.900000e+02
3.900000e+02
3.900000e+02
3.900000e+02
3.900000e+02
3.900000e+02
3.900000e+02
3.900000e+02
3.900000e+02
3.900000e+02
3.900000e+02
3.900000e+02
3.900000e+02
3.900000e+02
3.900000e+02
3.900000e+02
3.900000e+02
3.900000e+02
3.900000e+02
3.900000e+02
3.900000e+02
3.900000e+02
3.900000e+02
3.900000e+02
3.900000e+02
3.900000e+02
3.900000e+02
3.900000e+02
3.900000e+02
3.900000e+02
3.900000e+02
3.900000e+02
3.900000e+02
3.900000e+02
3.900000e+02
3.900000e+02
3.900000e+02
3.900000e+02
3.900000e+02
3.900000e+02
3.900000e+02
3.900000e+02
3.900000e+02
3.900000e+02
3.900000e+02
3.900000e+02
3.900000e+02
3.900000e+02
3.900000e+02
3.900000e+02
3.900000e+02
3.900000e+02
3.900000e+02
3.900000e+02
3.900000e+02
3.900000e+02
3.900000e+02
3.900000e+02
3.900000e+02
3.900000e+02
3.900000e+02
3.900000e+02
3.900000e+02
3.900000e+02
3.900000e+02
3.900000e+02
3.900000e+02
3.900000e+02
3.900000e+02
3.900000e+02
3.900000e+02
3.900000e+02
3.900000e+02
3.900000e+02
3.900000e+02
3.900000e+02
3.900000e+02
3.900000e+02
3.900000e+02
3.900000e+02
3.900000e+02
3.900000e+02
3.900000e+02
3.900000e+02
3.900000e+02
3.900000e+02
3.900000e+02
3.900000e+02
3.900000e+02
3.900000e+02
3.900000e+02
3.900000e+02
3.900000e+02
3.900000e+02
3.900000e+02
3.900000e+02
3.900000e+02
3.900000e+02
3.900000e+02
3.900000e+02
3.900000e+02
3.900000e+02
3.900000e+02
3.900000e+02
3.900000e+02
3.900000e+02
3.900000e+02
3.900000e+02
3.900000e+02
3.900000e+02
3.900000e+02
3.900000e+02
3.900000e+02
3.900000e+02
3.900000e+02
3.900000e+02
3.900000e+02
3.900000e+02
3.900000e+02
3.900000e+02
3.900000e+02
3.900000e+02
3.900000e+02
3.900000e+02
3.900000e+02
3.900000e+02
3.900000e+02
3.900000e+02
3.900000e+02
3.900000e+02
3.900000e+02
3.900000e+02
3.900000e+02
3.900000e+02
3.900000e+02
3.900000e+02
3.900000e+02
3.900000e+02
3.900000e+02
3.900000e+02
3.900000e+02
3.900000e+02
3.900000e+02
3.900000e+02
3.900000e+02
3.900000e+02
3.900000e+02
3.900000e+02
3.900000e+02
3.900000e+02
3.900000e+02
3.900000e+02
3.900000e+02
3.900000e+02
3.900000e+02
3.900000e+02
3.900000e+02
3.900000e+02
3.900000e+02
3.900000e+02
3.900000e+02
3.900000e+02
3.900000e+02
3.900000e+02
3.900000e+02
3.900000e+02
3.900000e+02
3.900000e+02
3.900000e+02
3.900000e+02
3.900000e+02
3.900000e+02
3.900000e+02
3.900000e+02
3.900000e+02
3.900000e+02
3.900000e+02
3.900000e+02
3.900000e+02
3.900000e+02
3.900000e+02
3.900000e+02
3.900000e+02
3.900000e+02
3.900000e+02
3.900000e+02
3.900000e+02
3.900000e+02
3.900000e+02
3.900000e+02
3.900000e+02
3.900000e+02
3.900000e+02
3.900000e+02
3.900000e+02
3.900000e+02
3.900000e+02
3.900000e+02
3.900000e+02
3.900000e+02
3.900000e+02
3.900000e+02
3.900000e+02
3.900000e+02
3.900000e+02
3.900000e+02
3.900000e+02
3.900000e+02
3.900000e+02
3.900000e+02
3.900000e+02
3.900000e+02
3.900000e+02
3.900000e+02
3.900000e+02
3.900000e+02
3.900000e+02
3.900000e+02
3.900000e+02
3.900000e+02
3.900000e+02
3.900000e+02
3.900000e+02
3.900000e+02
3.900000e+02
3.900000e+02
3.900000e+02
3.900000e+02
3.900000e+02
3.900000e+02
3.900000e+02
3.900000e+02
3.900000e+02
3.900000e+02
3.900000e+02
3.900000e+02
3.900000e+02
3.900000e+02
3.900000e+02
3.900000e+02
3.900000e+02
3.900000e+02
3.900000e+02
3.900000e+02
3.900000e+02
3.900000e+02
3.900000e+02
3.900000e+02
3.900000e+02
3.900000e+02
3.900000e+02
3.900000e+02
3.900000e+02
3.900000e+02
3.900000e+02
3.900000e+02
3.900000e+02
3.900000e+02
3.900000e+02
3.900000e+02
3.900000e+02
3.900000e+02
3.900000e+02
3.900000e+02
3.900000e+02
3.900000e+02
3.900000e+02
3.900000e+02
3.900000e+02
3.900000e+02
3.900000e+02
3.900000e+02
3.900000e+02
3.900000e+02
3.900000e+02
3.900000e+02
3.900000e+02
3.900000e+02
3.900000e+02
3.900000e+02
3.900000e+02
3.900000e+02
3.900000e+02
3.900000e+02
3.900000e+02
3.900000e+02
3.900000e+02
3.900000e+02
3.900000e+02
3.900000e+02
3.900000e+02
3.900000e+02
3.900000e+02
3.900000e+02
3.900000e+02
3.900000e+02
3.900000e+02
3.900000e+02
3.900000e+02
3.900000e+02
3.900000e+02
3.900000e+02
3.900000e+02
3.900000e+02
3.900000e+02
3.900000e+02
3.900000e+02
3.900000e+02
3.900000e+02
3.900000e+02
3.900000e+02
3.900000e+02
3.900000e+02
3.900000e+02
3.900000e+02
3.900000e+02
3.900000e+02
3.900000e+02
3.900000e+02
3.900000e+02
3.900000e+02
3.900000e+02
3.900000e+02
3.900000e+02
3.900000e+02
3.900000e+02
3.900000e+02
3.900000e+02
3.900000e+02
3.900000e+02
3.900000e+02
3.900000e+02
3.900000e+02
3.900000e+02
3.900000e+02
3.900000e+02
3.900000e+02
3.900000e+02
3.900000e+02
3.900000e+02
3.900000e+02
3.900000e+02
3.900000e+02
3.900000e+02
3.900000e+02
3.900000e+02
3.900000e+02
3.900000e+02
3.900000e+02
3.900000e+02
3.900000e+02
3.900000e+02
3.900000e+02
3.900000e+02
3.900000e+02
3.900000e+02
3.900000e+02
3.900000e+02
3.900000e+02
3.900000e+02
3.900000e+02
3.900000e+02
3.900000e+02
3.900000e+02
3.900000e+02
3.900000e+02
3.900000e+02
3.900000e+02
3.900000e+02
3.900000e+02
3.900000e+02
3.900000e+02
3.900000e+02
3.900000e+02
3.900000e+02
3.900000e+02
3.900000e+02
3.900000e+02
3.900000e+02
3.900000e+02
3.900000e+02
3.900000e+02
3.900000e+02
3.900000e+02
3.900000e+02
3.900000e+02
3.894585e+02
3.883762e+02
3.872987e+02
3.871009e+02
3.871009e+02
3.871009e+02
3.871009e+02
3.871009e+02
3.871009e+02
3.871009e+02
3.871009e+02
3.871009e+02
3.871009e+02
3.870904e+02
3.869373e+02
3.865522e+02
3.859892e+02
3.853229e+02
3.845879e+02
3.837994e+02
3.829705e+02
3.821148e+02
3.812433e+02
3.803637e+02
3.794820e+02
3.786025e+02
3.777285e+02
3.768627e+02
3.760068e+02
3.751623e+02
3.743299e+02
3.735102e+02
3.727037e+02
3.719106e+02
3.711307e+02
3.703640e+02
3.696104e+02
3.688696e+02
3.681413e+02
3.674252e+02
3.667211e+02
3.660285e+02
3.653471e+02
3.646765e+02
3.640165e+02
3.633665e+02
3.627264e+02
3.620958e+02
3.614743e+02
3.608616e+02
3.602575e+02
3.596615e+02
3.590734e+02
3.584930e+02
3.579199e+02
3.573539e+02
3.567947e+02
3.562421e+02
3.556958e+02
3.551556e+02
3.546213e+02
3.540927e+02
3.535696e+02
3.530517e+02
3.525389e+02
3.520310e+02
3.515277e+02
3.510291e+02
3.505348e+02
3.500447e+02
3.495586e+02
3.490765e+02
3.485982e+02
3.481234e+02
3.476522e+02
3.471844e+02
3.467198e+02
3.462583e+02
3.457998e+02
3.453443e+02
3.448916e+02
3.444415e+02
3.439941e+02
3.435492e+02
3.431066e+02
3.426665e+02
3.422285e+02
3.417928e+02
3.413591e+02
3.409274e+02
3.404977e+02
3.400699e+02
3.396438e+02
3.392195e+02
3.387969e+02
3.383759e+02
3.379564e+02
3.375385e+02
3.371220e+02
3.367069e+02
3.362931e+02
3.358807e+02
3.354695e+02
3.350595e+02
3.346507e+02
3.342430e+02
3.338364e+02
3.334309e+02
3.330264e+02
3.326228e+02
3.322202e+02
3.318185e+02
3.314177e+02
3.310177e+02
3.306186e+02
3.302202e+02
3.298226e+02
3.294258e+02
3.290296e+02
3.286342e+02
3.282394e+02
3.278452e+02
3.274517e+02
3.270588e+02
3.266665e+02
3.262747e+02
3.258835e+02
3.254928e+02
3.251026e+02
3.247128e+02
3.243236e+02
3.239348e+02
3.235465e+02
3.231586e+02
3.227711e+02
3.223841e+02
3.219974e+02
3.216111e+02
3.212252e+02
3.208396e+02
3.204543e+02
3.200694e+02
3.196849e+02
3.193006e+02
3.189167e+02
3.185330e+02
3.181496e+02
3.177665e+02
3.173837e+02
3.170012e+02
3.166188e+02
3.162368e+02
3.158550e+02
3.154734e+02
3.150921e+02
3.147109e+02
3.143300e+02
3.139493e+02
3.135688e+02
3.131885e+02
3.128084e+02
3.124285e+02
3.120488e+02
3.116692e+02
3.112898e+02
3.109106e+02
3.105316e+02
3.101527e+02
3.097740e+02
3.093954e+02
3.090170e+02
3.086388e+02
3.082607e+02
3.078827e+02
3.075049e+02
3.071272e+02
3.067496e+02
3.063722e+02
3.059949e+02
3.056177e+02
3.052407e+02
3.048637e+02
3.044869e+02
3.041102e+02
3.037336e+02
3.033572e+02
3.029808e+02
3.026046e+02
3.022284e+02
3.018524e+02
3.014765e+02
3.011006e+02
3.007249e+02
3.003493e+02
2.999737e+02
2.995983e+02
2.992229e+02
2.988477e+02
2.984725e+02
2.980975e+02
2.977225e+02
2.973476e+02
2.969728e+02
2.965981e+02
2.962235e+02
2.958489e+02
2.954745e+02
2.951001e+02
2.947258e+02
2.943516e+02
2.939774e+02
2.936034e+02
2.932294e+02
2.928555e+02
2.924817e+02
2.921080e+02
2.917343e+02
2.913607e+02
2.909872e+02
2.906138e+02
2.902404e+02
2.898636e+02
2.894616e+02
2.890660e+02
2.886610e+02
2.882510e+02
2.878362e+02
2.874165e+02
2.869917e+02
2.865618e+02
