NaN
NaN
NaN
NaN
NaN
NaN
NaN
NaN
NaN
NaN
NaN
NaN
NaN
NaN
NaN
NaN
NaN
NaN
4.187061e+02
2.338836e+02
1.799735e+02
1.516536e+02
1.335083e+02
1.206134e+02
1.108431e+02
1.031093e+02
9.678985e+01
9.149995e+01
8.698696e+01
8.307730e+01
7.964727e+01
7.660596e+01
7.388492e+01
7.143143e+01
6.920418e+01
6.717027e+01
6.530313e+01
6.358101e+01
6.198595e+01
6.050294e+01
5.911935e+01
5.782444e+01
5.660902e+01
5.546518e+01
5.438607e+01
5.336572e+01
5.239887e+01
5.148094e+01
5.060783e+01
4.977592e+01
4.898198e+01
4.822312e+01
4.749674e+01
4.680050e+01
4.613227e+01
4.549014e+01
4.487235e+01
4.427731e+01
4.370356e+01
4.314977e+01
4.261470e+01
4.209722e+01
4.159629e+01
4.111092e+01
4.064024e+01
4.018340e+01
3.973962e+01
3.930818e+01
3.888839e+01
3.847963e+01
3.808129e+01
3.769281e+01
3.731367e+01
3.694335e+01
3.658139e+01
3.622734e+01
3.588076e+01
3.554126e+01
3.520845e+01
3.488195e+01
3.456140e+01
3.424648e+01
3.393686e+01
3.363221e+01
3.333223e+01
3.303665e+01
3.274515e+01
3.245749e+01
3.217339e+01
3.189258e+01
3.161483e+01
3.133988e+01
3.106749e+01
3.079744e+01
3.052950e+01
3.026344e+01
2.999905e+01
2.973613e+01
2.947445e+01
2.921383e+01
2.895407e+01
2.869498e+01
2.843637e+01
2.817808e+01
2.791992e+01
2.766173e+01
2.740336e+01
2.714465e+01
2.688546e+01
2.662567e+01
2.636513e+01
2.610375e+01
2.584141e+01
2.557802e+01
2.531350e+01
2.504777e+01
2.478078e+01
2.451249e+01
2.424286e+01
2.397187e+01
2.369953e+01
2.342584e+01
2.315084e+01
2.287457e+01
2.259707e+01
2.231844e+01
2.203874e+01
2.175810e+01
2.147661e+01
2.119442e+01
2.091166e+01
2.062848e+01
2.034506e+01
2.006156e+01
1.977817e+01
1.949507e+01
1.921247e+01
1.893056e+01
1.864955e+01
1.836964e+01
1.809103e+01
1.781394e+01
1.753856e+01
1.726510e+01
1.699374e+01
1.672467e+01
1.645808e+01
1.619414e+01
1.593301e+01
1.567485e+01
1.541980e+01
1.516800e+01
1.491957e+01
1.467462e+01
1.443326e+01
1.419558e+01
1.396165e+01
1.373155e+01
1.350533e+01
1.328305e+01
1.306473e+01
1.285041e+01
1.264010e+01
1.243381e+01
1.223155e+01
1.203331e+01
1.183907e+01
1.164882e+01
1.146252e+01
1.128014e+01
1.110165e+01
1.092701e+01
1.075616e+01
1.058905e+01
1.042564e+01
1.026586e+01
1.010965e+01
9.956954e+00
9.807708e+00
9.661845e+00
9.519299e+00
9.380003e+00
9.243888e+00
9.110887e+00
8.980931e+00
8.853951e+00
8.729880e+00
8.608648e+00
8.490188e+00
8.374434e+00
8.261318e+00
8.150777e+00
8.042744e+00
7.937158e+00
7.833954e+00
7.733072e+00
7.634451e+00
7.538033e+00
7.443760e+00
7.351574e+00
7.261421e+00
7.173247e+00
7.086998e+00
7.002623e+00
6.920072e+00
6.839296e+00
6.760247e+00
6.682878e+00
6.607145e+00
6.533002e+00
6.460408e+00
6.389320e+00
6.319699e+00
6.251504e+00
6.184697e+00
6.119241e+00
6.055099e+00
5.992238e+00
5.930622e+00
5.870218e+00
5.810995e+00
5.752920e+00
5.695965e+00
5.640098e+00
5.585292e+00
5.531520e+00
5.478753e+00
5.426966e+00
5.376134e+00
5.326232e+00
5.277236e+00
5.229123e+00
5.181871e+00
5.135458e+00
5.089862e+00
5.045063e+00
5.001041e+00
4.957777e+00
4.915252e+00
4.873448e+00
4.832347e+00
4.791931e+00
4.752185e+00
4.713092e+00
4.674636e+00
4.636802e+00
4.599576e+00
4.562942e+00
4.526887e+00
4.491397e+00
4.456459e+00
4.422060e+00
4.388188e+00
4.354831e+00
4.321976e+00
4.289613e+00
4.257730e+00
4.226317e+00
4.195362e+00
4.164856e+00
4.134790e+00
4.105152e+00
4.075934e+00
4.047126e+00
4.018721e+00
3.990708e+00
3.963080e+00
3.935828e+00
3.908945e+00
3.882423e+00
3.856254e+00
3.830431e+00
3.804946e+00
3.779793e+00
3.754965e+00
3.730456e+00
3.706258e+00
3.682366e+00
3.658773e+00
3.635474e+00
3.612463e+00
3.589734e+00
3.567281e+00
3.545100e+00
3.523184e+00
3.501530e+00
3.480131e+00
3.458983e+00
3.438082e+00
3.417422e+00
3.397000e+00
3.376810e+00
3.356849e+00
3.337113e+00
3.317596e+00
3.298296e+00
3.279209e+00
3.260329e+00
3.241655e+00
3.223182e+00
3.204907e+00
3.186826e+00
3.168936e+00
3.151234e+00
3.133716e+00
3.116380e+00
3.099222e+00
3.082239e+00
3.065428e+00
3.048787e+00
3.032312e+00
3.016002e+00
2.999852e+00
2.983862e+00
2.968027e+00
2.952346e+00
2.936816e+00
2.921435e+00
2.906200e+00
2.891110e+00
2.876161e+00
2.861352e+00
2.846681e+00
2.832145e+00
2.817743e+00
2.803472e+00
2.789330e+00
2.775316e+00
2.761428e+00
2.747663e+00
2.734021e+00
2.720499e+00
2.707095e+00
2.693808e+00
2.680636e+00
2.667578e+00
2.654632e+00
2.641796e+00
2.629068e+00
2.616449e+00
2.603935e+00
2.591525e+00
2.579219e+00
2.567014e+00
2.554909e+00
2.542903e+00
2.530995e+00
2.519183e+00
2.507467e+00
2.495844e+00
2.484313e+00
2.472875e+00
2.461526e+00
2.450267e+00
2.439095e+00
2.428011e+00
2.417012e+00
2.406098e+00
2.395268e+00
2.384520e+00
2.373854e+00
2.363269e+00
2.352764e+00
2.342337e+00
2.331988e+00
2.321716e+00
2.311520e+00
2.301399e+00
2.291352e+00
2.281379e+00
2.271478e+00
2.261649e+00
2.251890e+00
2.242202e+00
2.232583e+00
2.223032e+00
2.213549e+00
2.204133e+00
2.194784e+00
2.185499e+00
2.176280e+00
2.167125e+00
2.158032e+00
2.149003e+00
2.140035e+00
2.131129e+00
2.122284e+00
2.113498e+00
2.104772e+00
2.096105e+00
2.087495e+00
2.078944e+00
2.070449e+00
2.062010e+00
2.053627e+00
2.045299e+00
2.037026e+00
2.028807e+00
2.020641e+00
2.012528e+00
2.004467e+00
1.999291e+00
1.998730e+00
1.998183e+00
1.997648e+00
1.997127e+00
1.996618e+00
1.996121e+00
1.995636e+00
1.995164e+00
1.994703e+00
1.994253e+00
1.993814e+00
1.993386e+00
1.992968e+00
1.992561e+00
1.992163e+00
1.991776e+00
1.991397e+00
1.991027e+00
1.990667e+00
1.990314e+00
1.989970e+00
1.989633e+00
1.989304e+00
1.988983e+00
1.988668e+00
1.988359e+00
1.988057e+00
1.987761e+00
1.987470e+00
1.987185e+00
1.986904e+00
1.986628e+00
1.949817e+00
1.855050e+00
1.768787e+00
1.689966e+00
1.617695e+00
1.551216e+00
1.489885e+00
1.433149e+00
1.380530e+00
1.331614e+00
1.286042e+00
1.243499e+00
1.203707e+00
1.166423e+00
1.131431e+00
1.098539e+00
1.067575e+00
1.038388e+00
1.010840e+00
9.848077e-01
9.601802e-01
9.368569e-01
9.147471e-01
8.937679e-01
8.738442e-01
8.549074e-01
8.368947e-01
8.197486e-01
8.034163e-01
7.878494e-01
7.730031e-01
7.588361e-01
7.453103e-01
7.323904e-01
7.200436e-01
7.082394e-01
6.969494e-01
6.861474e-01
6.758085e-01
6.659097e-01
6.564295e-01
6.473475e-01
6.386449e-01
6.303037e-01
6.223071e-01
6.146394e-01
6.072854e-01
6.002311e-01
5.934632e-01
5.869689e-01
5.807362e-01
5.747539e-01
5.690110e-01
5.634972e-01
5.582028e-01
5.531184e-01
5.482352e-01
5.435445e-01
5.390383e-01
5.347089e-01
5.305487e-01
5.265508e-01
5.227082e-01
5.190145e-01
5.154633e-01
5.120488e-01
5.087650e-01
5.056066e-01
5.025681e-01
4.996444e-01
4.968307e-01
4.941222e-01
4.915144e-01
4.890029e-01
4.865834e-01
4.842521e-01
4.820049e-01
4.798381e-01
4.777481e-01
4.757315e-01
4.737848e-01
4.719050e-01
4.700889e-01
4.683335e-01
4.666360e-01
4.649937e-01
4.634038e-01
4.618639e-01
4.603715e-01
4.589242e-01
4.575199e-01
4.561563e-01
4.548314e-01
4.535432e-01
4.522897e-01
4.510692e-01
4.498798e-01
4.487200e-01
4.475880e-01
4.464823e-01
4.454016e-01
4.443442e-01
4.433090e-01
4.422945e-01
4.412996e-01
4.403231e-01
4.393639e-01
4.384208e-01
4.374929e-01
4.365792e-01
4.356788e-01
4.347908e-01
4.339143e-01
4.330486e-01
4.321929e-01
4.313464e-01
4.305086e-01
4.296787e-01
4.288562e-01
4.280405e-01
4.272310e-01
4.264272e-01
4.256287e-01
4.248349e-01
4.240455e-01
4.232601e-01
4.224783e-01
4.216997e-01
4.209240e-01
4.201509e-01
4.193801e-01
4.186113e-01
4.178444e-01
4.170790e-01
4.163149e-01
4.155521e-01
4.147901e-01
4.140290e-01
4.132686e-01
4.125087e-01
4.117491e-01
4.109899e-01
4.102308e-01
4.094719e-01
4.087129e-01
4.079539e-01
4.071947e-01
4.064354e-01
4.056759e-01
4.049161e-01
4.041560e-01
4.033956e-01
4.026349e-01
4.018739e-01
4.011125e-01
4.003508e-01
3.995888e-01
3.988264e-01
3.980637e-01
3.973007e-01
3.957561e-01
3.950739e-01
3.943880e-01
3.936985e-01
3.930055e-01
3.923093e-01
3.916099e-01
3.909075e-01
3.902023e-01
3.894945e-01
3.887840e-01
3.880712e-01
3.873561e-01
3.866389e-01
3.859198e-01
3.851988e-01
3.844760e-01
3.837517e-01
3.830259e-01
3.822988e-01
3.815705e-01
3.808411e-01
3.801108e-01
3.793795e-01
3.786476e-01
3.779149e-01
3.771818e-01
3.764482e-01
3.757143e-01
3.749802e-01
3.742460e-01
3.735117e-01
3.727775e-01
3.720434e-01
3.713096e-01
3.705760e-01
3.698429e-01
3.691102e-01
3.683781e-01
3.676467e-01
3.669159e-01
3.661859e-01
3.654567e-01
3.647285e-01
3.640012e-01
3.632749e-01
3.625497e-01
3.618257e-01
3.611029e-01
3.603813e-01
3.596610e-01
3.589421e-01
3.582246e-01
3.575085e-01
3.567939e-01
3.560809e-01
3.553694e-01
3.546595e-01
3.539513e-01
3.532448e-01
3.525400e-01
3.518370e-01
3.511357e-01
3.504362e-01
3.497386e-01
3.490429e-01
3.483490e-01
3.476571e-01
3.469671e-01
3.462791e-01
3.455931e-01
3.449091e-01
3.442271e-01
3.435471e-01
3.428692e-01
3.421934e-01
3.415196e-01
3.408480e-01
3.401785e-01
3.395111e-01
3.388458e-01
3.381827e-01
3.375217e-01
3.368629e-01
3.362063e-01
3.355519e-01
3.348996e-01
3.342495e-01
3.336017e-01
3.329560e-01
3.323125e-01
3.316712e-01
3.310322e-01
3.303953e-01
3.297607e-01
3.291283e-01
3.284981e-01
3.278701e-01
3.272443e-01
3.266207e-01
3.259993e-01
3.253802e-01
3.247632e-01
3.241485e-01
3.235359e-01
3.229256e-01
3.223174e-01
3.217114e-01
3.211076e-01
3.205060e-01
3.199066e-01
3.193093e-01
3.187142e-01
3.181212e-01
3.175304e-01
3.169418e-01
3.179614e-01
3.147743e-01
3.010424e-01
2.874102e-01
2.909624e-01
2.983687e-01
3.057656e-01
3.131524e-01
3.205287e-01
3.278942e-01
3.352488e-01
3.425920e-01
3.499236e-01
3.572433e-01
3.643454e-01
3.686547e-01
3.684317e-01
3.647387e-01
3.590305e-01
3.519889e-01
3.439079e-01
3.350465e-01
3.256678e-01
3.159865e-01
3.061566e-01
2.962904e-01
2.864747e-01
2.767746e-01
2.672386e-01
2.579027e-01
2.487926e-01
2.399256e-01
2.313131e-01
2.229614e-01
2.148736e-01
2.070495e-01
1.994871e-01
1.921829e-01
1.851319e-01
1.783285e-01
1.717665e-01
1.654392e-01
1.593397e-01
1.534610e-01
1.477960e-01
1.423376e-01
1.370790e-01
1.320131e-01
1.271333e-01
1.224331e-01
1.179060e-01
1.135458e-01
1.093464e-01
1.053021e-01
1.014072e-01
9.765626e-02
9.404394e-02
9.056518e-02
8.721508e-02
8.398888e-02
8.088202e-02
7.789010e-02
7.500887e-02
7.223425e-02
6.956228e-02
6.698918e-02
6.451129e-02
6.212508e-02
5.982717e-02
5.761428e-02
5.548326e-02
5.343110e-02
5.145486e-02
4.955174e-02
4.771903e-02
4.595412e-02
4.425451e-02
4.261778e-02
4.104160e-02
3.952373e-02
3.806201e-02
3.665436e-02
3.529878e-02
3.399335e-02
3.273621e-02
3.152557e-02
3.035971e-02
2.923697e-02
2.815576e-02
2.711455e-02
2.611184e-02
2.514622e-02
2.421632e-02
2.332081e-02
2.245841e-02
2.162792e-02
2.082814e-02
2.005794e-02
1.931622e-02
1.860193e-02
1.791406e-02
1.725163e-02
1.661370e-02
1.599936e-02
1.540774e-02
1.483800e-02
1.428932e-02
1.376094e-02
1.325209e-02
1.276207e-02
1.229016e-02
1.183571e-02
1.139806e-02
1.097659e-02
1.057071e-02
1.017984e-02
9.803425e-03
9.440927e-03
9.091833e-03
8.755648e-03
8.431895e-03
8.120113e-03
7.819861e-03
7.530710e-03
7.252252e-03
6.984091e-03
6.725845e-03
6.477148e-03
6.237648e-03
6.007003e-03
5.784887e-03
5.570984e-03
5.364991e-03
5.166614e-03
4.975573e-03
4.791596e-03
4.614421e-03
4.443798e-03
4.279484e-03
4.121245e-03
3.968858e-03
3.822105e-03
3.680779e-03
3.544678e-03
3.413610e-03
3.287388e-03
3.165833e-03
3.048773e-03
2.936041e-03
2.827478e-03
2.722929e-03
2.622245e-03
2.525285e-03
2.431910e-03
2.341987e-03
2.255389e-03
2.171994e-03
2.091682e-03
2.014339e-03
1.939857e-03
1.868128e-03
1.799052e-03
1.732530e-03
1.668467e-03
1.606774e-03
1.547361e-03
1.490146e-03
1.435046e-03
1.381983e-03
1.330882e-03
1.281671e-03
1.234280e-03
1.188641e-03
1.144689e-03
1.102363e-03
1.061601e-03
1.022347e-03
9.845444e-04
9.481395e-04
9.130808e-04
8.793183e-04
8.468043e-04
8.154926e-04
7.853386e-04
7.562997e-04
7.283345e-04
7.014033e-04
6.754680e-04
6.504917e-04
6.264389e-04
6.032755e-04
5.809686e-04
5.594865e-04
5.387988e-04
5.188760e-04
4.996900e-04
4.812133e-04
4.634199e-04
4.462844e-04
4.297826e-04
4.138909e-04
3.985869e-04
3.838487e-04
3.696556e-04
3.559872e-04
3.428243e-04
3.301481e-04
3.179407e-04
3.061846e-04
2.948632e-04
2.839605e-04
2.734610e-04
2.633497e-04
2.536122e-04
2.442349e-04
2.352043e-04
2.265076e-04
2.181325e-04
2.100671e-04
2.023000e-04
1.948200e-04
1.876278e-04
7.355665e-04
7.602632e-04
6.638683e-04
6.708753e-04
6.769952e-04
6.827276e-04
6.882823e-04
6.936263e-04
6.987722e-04
