0.000000e+00
1.250000e+05
2.725336e+03
1.242947e+05
5.450672e+03
1.235886e+05
8.176007e+03
1.228817e+05
1.090134e+04
1.221738e+05
1.362668e+04
1.214651e+05
1.635201e+04
1.207555e+05
1.907735e+04
1.200451e+05
2.180269e+04
1.193338e+05
2.452802e+04
1.186216e+05
2.725336e+04
1.179086e+05
2.997869e+04
1.171947e+05
3.270403e+04
1.164799e+05
3.542936e+04
1.157643e+05
3.815470e+04
1.150477e+05
4.088004e+04
1.143304e+05
4.360537e+04
1.136121e+05
4.633071e+04
1.128930e+05
4.904810e+04
1.121773e+05
5.174962e+04
1.114692e+05
5.444814e+04
1.107619e+05
5.714489e+04
1.100546e+05
5.984031e+04
1.093472e+05
6.253464e+04
1.086395e+05
6.522802e+04
1.079315e+05
6.792056e+04
1.072230e+05
7.061231e+04
1.065141e+05
7.330332e+04
1.058047e+05
7.599364e+04
1.050948e+05
7.868328e+04
1.043844e+05
8.137227e+04
1.036734e+05
8.406061e+04
1.029620e+05
8.674833e+04
1.022500e+05
8.943541e+04
1.015374e+05
9.212187e+04
1.008244e+05
9.480770e+04
1.001108e+05
9.749291e+04
9.939661e+04
1.001775e+05
9.868193e+04
1.028614e+05
9.796673e+04
1.055447e+05
9.725099e+04
1.082273e+05
9.653474e+04
1.109093e+05
9.581797e+04
1.135905e+05
9.510070e+04
1.162711e+05
9.438293e+04
1.189509e+05
9.366466e+04
1.216301e+05
9.294592e+04
1.243084e+05
9.222671e+04
1.269860e+05
9.150704e+04
1.296628e+05
9.078693e+04
1.323387e+05
9.006638e+04
1.350139e+05
8.934542e+04
1.376881e+05
8.862405e+04
1.403614e+05
8.790230e+04
1.430338e+05
8.718018e+04
1.457052e+05
8.645771e+04
1.483756e+05
8.573491e+04
1.510449e+05
8.501179e+04
1.537132e+05
8.428839e+04
1.563803e+05
8.356473e+04
1.590463e+05
8.284082e+04
1.617110e+05
8.211670e+04
1.643744e+05
8.139239e+04
1.670366e+05
8.066792e+04
1.696973e+05
7.994332e+04
1.723566e+05
7.921863e+04
1.750144e+05
7.849387e+04
1.776706e+05
7.776909e+04
1.803252e+05
7.704432e+04
1.829781e+05
7.631961e+04
1.856292e+05
7.559498e+04
1.882784e+05
7.487049e+04
1.909257e+05
7.414619e+04
1.935710e+05
7.342212e+04
1.962141e+05
7.269833e+04
1.988549e+05
7.197488e+04
2.014935e+05
7.125182e+04
2.041296e+05
7.052922e+04
2.067631e+05
6.980714e+04
2.093940e+05
6.908564e+04
2.120220e+05
6.836479e+04
2.146471e+05
6.764467e+04
2.172692e+05
6.692535e+04
2.198880e+05
6.620692e+04
2.225034e+05
6.548945e+04
2.251153e+05
6.477303e+04
2.277235e+05
6.405776e+04
2.303278e+05
6.334374e+04
2.329280e+05
6.263106e+04
2.355240e+05
6.191983e+04
2.381155e+05
6.121016e+04
2.407023e+05
6.050217e+04
2.432843e+05
5.979597e+04
2.458611e+05
5.909170e+04
2.484325e+05
5.838949e+04
2.509983e+05
5.768946e+04
2.535582e+05
5.699177e+04
2.561119e+05
5.629655e+04
2.586593e+05
5.560397e+04
2.611998e+05
5.491418e+04
2.637333e+05
5.422735e+04
2.662595e+05
5.354365e+04
2.687779e+05
5.286325e+04
2.712883e+05
5.218633e+04
2.737903e+05
5.151309e+04
2.762835e+05
5.084371e+04
2.787676e+05
5.017839e+04
2.812422e+05
4.951734e+04
2.837069e+05
4.886076e+04
2.861612e+05
4.820886e+04
2.886047e+05
4.756187e+04
2.910371e+05
4.692000e+04
2.934578e+05
4.628348e+04
2.958665e+05
4.565253e+04
2.982626e+05
4.502738e+04
3.006457e+05
4.440826e+04
3.030154e+05
4.379541e+04
3.053711e+05
4.318905e+04
3.077124e+05
4.258942e+04
3.100388e+05
4.199675e+04
3.123498e+05
4.141127e+04
3.146450e+05
4.083320e+04
3.169238e+05
4.026277e+04
3.191857e+05
3.970019e+04
3.214304e+05
3.914569e+04
3.236573e+05
3.859945e+04
3.258660e+05
3.806169e+04
3.280559e+05
3.753260e+04
3.302268e+05
3.701235e+04
3.323781e+05
3.650112e+04
3.345095e+05
3.599908e+04
3.366204e+05
3.550636e+04
3.387107e+05
3.502310e+04
3.407798e+05
3.454944e+04
3.428275e+05
3.408549e+04
3.448534e+05
3.363133e+04
3.468572e+05
3.318705e+04
3.488387e+05
3.275272e+04
3.507977e+05
3.232840e+04
3.527338e+05
3.191411e+04
3.546469e+05
3.150989e+04
3.565368e+05
3.111573e+04
3.584034e+05
3.073164e+04
3.602466e+05
3.035758e+04
3.620663e+05
2.999353e+04
3.638623e+05
2.963943e+04
3.656348e+05
2.929522e+04
3.673836e+05
2.896081e+04
3.691088e+05
2.863612e+04
3.708104e+05
2.832104e+04
3.724886e+05
2.801547e+04
3.741433e+05
2.771928e+04
3.757747e+05
2.743233e+04
3.773830e+05
2.715449e+04
3.789682e+05
2.688560e+04
3.805306e+05
2.662551e+04
3.820704e+05
2.637404e+04
3.835877e+05
2.613105e+04
3.850828e+05
2.589633e+04
3.865560e+05
2.566973e+04
3.880074e+05
2.545106e+04
3.894374e+05
2.524013e+04
3.908462e+05
2.503675e+04
3.922341e+05
2.484074e+04
3.936014e+05
2.465191e+04
3.949484e+05
2.447007e+04
3.962754e+05
2.429502e+04
3.975828e+05
2.412658e+04
3.988707e+05
2.396457e+04
4.001397e+05
2.380878e+04
4.013899e+05
2.365905e+04
4.026217e+05
2.351519e+04
4.038355e+05
2.337701e+04
4.050315e+05
2.324434e+04
4.062101e+05
2.311700e+04
4.073716e+05
2.299483e+04
4.085163e+05
2.287766e+04
4.096446e+05
2.276531e+04
4.107568e+05
2.265764e+04
4.118532e+05
2.255448e+04
4.129340e+05
2.245567e+04
4.139997e+05
2.236107e+04
4.150505e+05
2.227054e+04
4.160867e+05
2.218392e+04
4.171086e+05
2.210109e+04
4.181166e+05
2.202189e+04
4.191108e+05
2.194622e+04
4.200916e+05
2.187393e+04
4.210593e+05
2.180490e+04
4.220141e+05
2.173901e+04
4.229564e+05
2.167615e+04
4.238862e+05
2.161621e+04
4.248040e+05
2.155907e+04
4.257100e+05
2.150462e+04
4.266044e+05
2.145278e+04
4.274875e+05
2.140342e+04
4.283594e+05
2.135647e+04
4.292205e+05
2.131183e+04
4.300710e+05
2.126940e+04
4.309110e+05
2.122910e+04
4.317409e+05
2.119085e+04
4.325607e+05
2.115456e+04
4.333708e+05
2.112015e+04
4.341712e+05
2.108755e+04
4.349623e+05
2.105669e+04
4.357442e+05
2.102750e+04
4.365171e+05
2.099990e+04
4.372812e+05
2.097383e+04
4.380366e+05
2.094922e+04
4.387835e+05
2.092602e+04
4.395222e+05
2.090416e+04
4.402527e+05
2.088358e+04
4.409752e+05
2.086424e+04
4.416900e+05
2.084607e+04
4.423971e+05
2.082902e+04
4.430966e+05
2.081304e+04
4.437888e+05
2.079809e+04
4.444738e+05
2.078412e+04
4.451517e+05
2.077108e+04
4.458227e+05
2.075892e+04
4.464868e+05
2.074761e+04
4.471443e+05
2.073710e+04
4.477952e+05
2.072736e+04
4.484396e+05
2.071834e+04
4.490778e+05
2.071002e+04
4.497098e+05
2.070234e+04
4.503357e+05
2.069528e+04
4.509556e+05
2.068881e+04
4.515696e+05
2.068289e+04
4.521779e+05
2.067748e+04
4.527806e+05
2.067257e+04
4.533777e+05
2.066812e+04
4.539693e+05
2.066411e+04
4.545556e+05
2.066049e+04
4.551366e+05
2.065726e+04
4.557125e+05
2.065438e+04
4.562833e+05
2.065182e+04
4.568491e+05
2.064957e+04
4.574099e+05
2.064760e+04
4.579660e+05
2.064589e+04
4.585173e+05
2.064441e+04
4.590639e+05
2.064315e+04
4.596060e+05
2.064209e+04
4.601436e+05
2.064119e+04
4.606767e+05
2.064045e+04
4.612054e+05
2.063985e+04
4.617298e+05
2.063937e+04
4.622501e+05
2.063899e+04
4.627661e+05
2.063869e+04
4.632781e+05
2.063846e+04
4.637860e+05
2.063828e+04
4.642900e+05
2.063814e+04
4.647901e+05
2.063801e+04
4.652863e+05
2.063790e+04
4.657787e+05
2.063777e+04
4.662674e+05
2.063763e+04
4.667525e+05
2.063745e+04
4.672339e+05
2.063723e+04
4.677117e+05
2.063694e+04
4.681861e+05
2.063658e+04
4.686570e+05
2.063614e+04
4.691244e+05
2.063561e+04
4.695885e+05
2.063497e+04
4.700493e+05
2.063421e+04
4.705069e+05
2.063332e+04
4.709612e+05
2.063230e+04
4.714123e+05
2.063113e+04
4.718603e+05
2.062981e+04
4.723052e+05
2.062832e+04
4.727471e+05
2.062665e+04
4.731860e+05
2.062480e+04
4.736219e+05
2.062276e+04
4.740548e+05
2.062052e+04
4.744849e+05
2.061807e+04
4.749122e+05
2.061541e+04
4.753366e+05
2.061252e+04
4.757582e+05
2.060940e+04
4.761772e+05
2.060605e+04
4.765934e+05
2.060245e+04
4.770069e+05
2.059860e+04
4.774178e+05
2.059449e+04
4.778261e+05
2.059012e+04
4.782319e+05
2.058547e+04
4.786351e+05
2.058055e+04
4.790358e+05
2.057535e+04
4.794340e+05
2.056986e+04
4.798297e+05
2.056408e+04
4.802231e+05
2.055800e+04
4.806141e+05
2.055162e+04
4.810027e+05
2.054493e+04
4.813889e+05
2.053792e+04
4.817729e+05
2.053060e+04
4.821546e+05
2.052295e+04
4.825340e+05
2.051498e+04
4.829112e+05
2.050668e+04
4.832862e+05
2.049804e+04
4.836590e+05
2.048906e+04
4.840297e+05
2.047973e+04
4.843982e+05
2.047006e+04
4.847646e+05
2.046004e+04
4.851289e+05
2.044966e+04
4.854912e+05
2.043893e+04
4.858515e+05
2.042783e+04
4.862097e+05
2.041637e+04
4.865659e+05
2.040454e+04
4.869201e+05
2.039234e+04
4.872724e+05
2.037976e+04
4.876228e+05
2.036680e+04
4.879712e+05
2.035347e+04
4.883177e+05
2.033975e+04
4.886624e+05
2.032565e+04
4.890052e+05
2.031116e+04
4.893462e+05
2.029627e+04
4.896853e+05
2.028100e+04
4.900226e+05
2.026533e+04
4.903582e+05
2.024926e+04
4.906919e+05
2.023278e+04
4.910240e+05
2.021591e+04
4.913542e+05
2.019864e+04
4.916828e+05
2.018095e+04
4.920096e+05
2.016286e+04
4.923348e+05
2.014436e+04
4.926583e+05
2.012544e+04
4.929801e+05
2.010612e+04
4.933003e+05
2.008637e+04
4.936189e+05
2.006621e+04
4.939358e+05
2.004563e+04
4.942511e+05
2.002463e+04
4.945649e+05
2.000321e+04
4.948771e+05
1.998137e+04
4.951877e+05
1.995910e+04
4.954968e+05
1.993641e+04
4.958043e+05
1.991329e+04
4.961103e+05
1.988974e+04
4.964149e+05
1.986576e+04
4.967179e+05
1.984136e+04
4.970194e+05
1.981652e+04
4.973195e+05
1.979125e+04
4.976181e+05
1.976554e+04
4.979152e+05
1.973941e+04
4.982109e+05
1.971283e+04
4.985052e+05
1.968583e+04
4.987981e+05
1.965838e+04
4.990896e+05
1.963050e+04
4.993797e+05
1.960218e+04
4.996684e+05
1.957342e+04
4.999557e+05
1.954423e+04
5.002417e+05
1.951459e+04
5.005263e+05
1.948451e+04
5.008096e+05
1.945400e+04
5.010915e+05
1.942304e+04
5.013721e+05
1.939164e+04
5.016514e+05
1.935980e+04
5.019294e+05
1.932752e+04
5.022062e+05
1.929479e+04
5.024816e+05
1.926162e+04
5.027557e+05
1.922801e+04
5.030286e+05
1.919396e+04
5.033003e+05
1.915946e+04
5.035706e+05
1.912453e+04
5.038398e+05
1.908914e+04
5.041077e+05
1.905332e+04
5.043743e+05
1.901705e+04
5.046398e+05
1.898034e+04
5.049040e+05
1.894318e+04
5.051671e+05
1.890558e+04
5.054289e+05
1.886754e+04
5.056896e+05
1.882906e+04
5.059491e+05
1.879013e+04
5.062074e+05
1.875076e+04
5.064646e+05
1.871095e+04
5.067206e+05
1.867070e+04
5.069754e+05
1.863001e+04
5.072291e+05
1.858887e+04
5.074817e+05
1.854729e+04
5.077331e+05
1.850528e+04
5.079834e+05
1.846282e+04
5.082326e+05
1.841992e+04
5.084807e+05
1.837659e+04
5.087276e+05
1.833281e+04
5.089735e+05
1.828860e+04
5.092183e+05
1.824395e+04
5.094620e+05
1.819886e+04
5.097046e+05
1.815334e+04
5.099462e+05
1.810738e+04
5.101866e+05
1.806099e+04
5.104260e+05
1.801416e+04
5.106644e+05
1.796690e+04
5.109017e+05
1.791920e+04
5.111380e+05
1.787107e+04
5.113732e+05
1.782251e+04
5.116074e+05
1.777352e+04
5.118405e+05
1.772410e+04
5.120726e+05
1.767426e+04
5.123037e+05
1.762398e+04
5.125338e+05
1.757328e+04
5.127629e+05
1.752215e+04
5.129910e+05
1.747059e+04
5.132181e+05
1.741861e+04
5.134441e+05
1.736621e+04
5.136692e+05
1.731339e+04
5.138933e+05
1.726014e+04
5.141165e+05
1.720643e+04
5.143394e+05
1.715195e+04
5.145620e+05
1.709661e+04
5.147844e+05
1.704039e+04
5.150065e+05
1.698331e+04
5.152285e+05
1.692537e+04
5.154503e+05
1.686657e+04
5.156718e+05
1.680690e+04
5.158931e+05
1.674637e+04
5.161142e+05
1.668499e+04
5.163351e+05
1.662274e+04
5.165558e+05
1.655964e+04
5.167763e+05
1.649568e+04
5.169965e+05
1.643087e+04
5.172165e+05
1.636520e+04
5.174363e+05
1.629869e+04
5.176559e+05
1.623131e+04
5.178752e+05
1.616309e+04
5.180943e+05
1.609402e+04
5.183132e+05
1.602411e+04
5.185319e+05
1.595334e+04
5.187503e+05
1.588173e+04
5.189685e+05
1.580928e+04
5.191865e+05
1.573598e+04
5.194042e+05
1.566185e+04
5.196217e+05
1.558687e+04
5.198390e+05
1.551105e+04
5.200561e+05
1.543440e+04
5.202729e+05
1.535691e+04
5.204894e+05
1.527859e+04
5.207057e+05
1.519943e+04
5.209218e+05
1.511945e+04
5.211377e+05
1.503863e+04
5.213526e+05
1.495725e+04
5.215588e+05
1.487827e+04
5.217549e+05
1.480224e+04
5.219419e+05
1.472886e+04
5.221205e+05
1.465788e+04
5.222913e+05
1.458908e+04
5.224550e+05
1.452225e+04
5.226121e+05
1.445722e+04
5.227631e+05
1.439383e+04
5.229083e+05
1.433194e+04
5.230482e+05
1.427143e+04
5.231830e+05
1.421217e+04
5.233132e+05
1.415407e+04
5.234390e+05
1.409702e+04
5.235607e+05
1.404095e+04
5.236784e+05
1.398577e+04
5.237925e+05
1.393142e+04
5.239030e+05
1.387782e+04
5.240103e+05
1.382492e+04
5.241144e+05
1.377266e+04
5.242155e+05
1.372099e+04
5.243138e+05
1.366986e+04
5.244094e+05
1.361923e+04
5.245025e+05
1.356905e+04
5.245930e+05
1.351930e+04
5.246812e+05
1.346993e+04
5.247672e+05
1.342091e+04
5.248509e+05
1.337222e+04
5.249327e+05
1.332382e+04
5.250124e+05
1.327568e+04
5.250902e+05
1.322779e+04
5.251662e+05
1.318012e+04
5.252404e+05
1.313265e+04
5.253129e+05
1.308536e+04
5.253838e+05
1.303823e+04
5.254530e+05
1.299124e+04
5.255208e+05
1.294438e+04
5.255871e+05
1.289763e+04
5.256519e+05
1.285097e+04
5.257154e+05
1.280440e+04
5.257775e+05
1.275790e+04
5.258383e+05
1.271147e+04
5.258979e+05
1.266508e+04
5.259562e+05
1.261873e+04
5.260134e+05
1.257240e+04
5.260694e+05
1.252610e+04
5.261243e+05
1.247981e+04
5.261781e+05
1.243353e+04
5.262308e+05
1.238724e+04
5.262825e+05
1.234094e+04
5.263333e+05
1.229462e+04
5.263830e+05
1.224829e+04
5.264318e+05
1.220193e+04
5.264796e+05
1.215553e+04
5.265266e+05
1.210910e+04
5.265727e+05
1.206263e+04
5.266179e+05
1.201611e+04
5.266623e+05
1.196955e+04
5.267058e+05
1.192294e+04
5.267486e+05
1.187627e+04
5.267905e+05
1.182954e+04
5.268317e+05
1.178276e+04
5.268722e+05
1.173592e+04
5.269119e+05
1.168901e+04
5.269509e+05
1.164204e+04
5.269891e+05
1.159501e+04
5.270267e+05
1.154791e+04
5.270637e+05
1.150074e+04
5.270999e+05
1.145350e+04
5.271355e+05
1.140620e+04
5.271705e+05
1.135882e+04
5.272048e+05
1.131138e+04
5.272386e+05
1.126387e+04
5.272717e+05
1.121629e+04
5.273043e+05
1.116864e+04
5.273362e+05
1.112093e+04
5.273676e+05
1.107314e+04
5.273985e+05
1.102529e+04
5.274288e+05
1.097738e+04
5.274585e+05
1.092939e+04
5.274878e+05
1.088135e+04
5.275165e+05
1.083324e+04
5.275447e+05
1.078507e+04
5.275724e+05
1.073684e+04
5.275996e+05
1.068855e+04
5.276264e+05
1.064020e+04
5.276526e+05
1.059179e+04
5.276784e+05
1.054334e+04
5.277038e+05
1.049482e+04
5.277286e+05
1.044626e+04
5.277531e+05
1.039765e+04
5.277771e+05
1.034899e+04
5.278007e+05
1.030028e+04
5.278238e+05
1.025153e+04
5.278466e+05
1.020273e+04
5.278689e+05
1.015390e+04
5.278908e+05
1.010503e+04
5.279124e+05
1.005612e+04
5.279335e+05
1.000718e+04
5.279543e+05
9.958201e+03
5.279747e+05
9.909195e+03
5.279947e+05
9.860162e+03
5.280144e+05
9.811102e+03
5.280337e+05
9.762019e+03
5.280526e+05
9.712913e+03
5.280713e+05
9.663788e+03
5.280895e+05
9.614645e+03
5.281075e+05
9.565486e+03
5.281251e+05
9.516314e+03
5.281424e+05
9.467131e+03
5.281593e+05
9.417938e+03
5.281760e+05
9.368738e+03
5.281923e+05
9.319532e+03
5.282084e+05
9.270324e+03
5.282241e+05
9.221114e+03
5.282396e+05
9.171905e+03
5.282547e+05
9.122699e+03
5.282696e+05
9.073498e+03
5.282842e+05
9.024304e+03
5.282985e+05
8.975118e+03
5.283126e+05
8.925943e+03
5.283264e+05
8.876781e+03
5.283399e+05
8.827633e+03
5.283532e+05
8.778502e+03
5.283662e+05
8.729388e+03
5.283790e+05
8.680295e+03
5.283915e+05
8.631223e+03
5.284038e+05
8.582175e+03
5.284159e+05
8.533152e+03
5.284277e+05
8.484156e+03
5.284393e+05
8.435188e+03
5.284507e+05
8.386250e+03
5.284618e+05
8.337344e+03
5.284728e+05
8.288472e+03
5.284835e+05
8.239634e+03
5.284940e+05
8.190833e+03
5.285043e+05
8.142069e+03
5.285144e+05
8.093345e+03
5.285243e+05
8.044661e+03
5.285341e+05
7.996020e+03
5.285436e+05
7.947422e+03
5.285529e+05
7.898868e+03
5.285621e+05
7.850361e+03
5.285710e+05
7.801901e+03
5.285798e+05
7.753490e+03
5.285884e+05
7.705128e+03
5.285969e+05
7.656817e+03
5.286052e+05
7.608558e+03
5.286133e+05
7.560352e+03
5.286212e+05
7.512200e+03
5.286290e+05
7.464104e+03
5.286366e+05
7.416064e+03
5.286441e+05
7.368081e+03
5.286514e+05
7.320156e+03
5.286586e+05
7.272291e+03
5.286656e+05
7.224485e+03
5.286725e+05
7.176740e+03
5.286793e+05
7.129057e+03
5.286859e+05
7.081437e+03
5.286924e+05
7.033880e+03
5.286987e+05
6.986387e+03
5.287049e+05
6.938955e+03
5.287110e+05
6.891586e+03
5.287169e+05
6.844280e+03
5.287228e+05
6.797038e+03
5.287285e+05
6.749861e+03
5.287341e+05
6.702750e+03
5.287395e+05
6.655707e+03
5.287449e+05
6.608731e+03
5.287501e+05
6.561823e+03
5.287553e+05
6.514985e+03
5.287603e+05
6.468218e+03
5.287652e+05
6.421521e+03
5.287701e+05
6.374896e+03
5.287748e+05
6.328344e+03
5.287794e+05
6.281864e+03
5.287839e+05
6.235458e+03
5.287883e+05
6.189126e+03
5.287927e+05
6.142869e+03
5.287969e+05
6.096687e+03
5.288010e+05
6.050581e+03
5.288051e+05
6.004552e+03
5.288091e+05
5.958599e+03
5.288129e+05
5.912723e+03
5.288167e+05
5.866924e+03
5.288205e+05
5.821204e+03
5.288241e+05
5.775561e+03
5.288276e+05
5.729998e+03
5.288311e+05
5.684513e+03
5.288345e+05
5.639107e+03
5.288379e+05
5.593781e+03
5.288411e+05
5.548534e+03
5.288443e+05
5.503367e+03
5.288474e+05
5.458280e+03
5.288505e+05
5.413274e+03
5.288534e+05
5.368348e+03
5.288563e+05
5.323503e+03
5.288592e+05
5.278738e+03
5.288620e+05
5.234055e+03
5.288647e+05
5.189452e+03
5.288674e+05
5.144930e+03
5.288700e+05
5.100490e+03
5.288725e+05
5.056131e+03
5.288750e+05
5.011853e+03
5.288774e+05
4.967656e+03
5.288798e+05
4.923541e+03
5.288821e+05
4.879506e+03
5.288844e+05
4.835554e+03
5.288866e+05
4.791683e+03
5.288888e+05
4.747892e+03
5.288909e+05
4.704184e+03
5.288929e+05
4.660556e+03
5.288950e+05
4.617010e+03
5.288969e+05
4.573545e+03
5.288989e+05
4.530161e+03
5.289008e+05
4.486858e+03
5.289026e+05
4.443635e+03
5.289044e+05
4.400494e+03
5.289062e+05
4.357433e+03
5.289079e+05
4.314453e+03
5.289096e+05
4.271553e+03
5.289112e+05
4.228734e+03
5.289128e+05
4.185995e+03
5.289144e+05
4.143336e+03
5.289159e+05
4.100756e+03
5.289174e+05
4.058257e+03
5.289188e+05
4.015837e+03
5.289203e+05
3.973497e+03
5.289217e+05
3.931236e+03
5.289230e+05
3.889054e+03
5.289243e+05
3.846951e+03
5.289256e+05
3.804927e+03
5.289269e+05
3.762982e+03
5.289281e+05
3.721115e+03
5.289293e+05
3.679326e+03
5.289305e+05
3.637615e+03
5.289317e+05
3.595982e+03
5.289328e+05
3.554426e+03
5.289339e+05
3.512948e+03
5.289349e+05
3.471547e+03
5.289360e+05
3.430224e+03
5.289370e+05
3.388977e+03
5.289380e+05
3.347806e+03
5.289389e+05
3.306712e+03
5.289399e+05
3.265694e+03
5.289408e+05
3.224752e+03
5.289417e+05
3.183886e+03
5.289426e+05
3.143095e+03
5.289434e+05
3.102379e+03
5.289443e+05
3.061739e+03
5.289451e+05
3.021173e+03
5.289459e+05
2.980681e+03
5.289467e+05
2.940264e+03
5.289474e+05
2.899921e+03
5.289482e+05
2.859652e+03
5.289489e+05
2.819457e+03
5.289496e+05
2.779335e+03
5.289503e+05
2.739286e+03
5.289509e+05
2.699310e+03
5.289516e+05
2.659407e+03
5.289522e+05
2.619576e+03
5.289528e+05
2.579817e+03
5.289535e+05
2.540130e+03
5.289540e+05
2.500515e+03
5.289546e+05
2.460971e+03
5.289552e+05
2.421499e+03
5.289557e+05
2.382098e+03
5.289563e+05
2.342767e+03
5.289568e+05
2.303507e+03
5.289573e+05
2.264317e+03
5.289578e+05
2.225197e+03
5.289583e+05
2.186147e+03
5.289587e+05
2.147166e+03
5.289592e+05
2.108255e+03
5.289596e+05
2.069413e+03
5.289601e+05
2.030640e+03
5.289605e+05
1.991915e+03
5.289609e+05
1.952931e+03
5.289613e+05
1.915288e+03
5.289617e+05
1.879320e+03
5.289620e+05
1.844128e+03
5.289624e+05
1.808096e+03
5.289627e+05
1.771155e+03
5.289630e+05
1.733308e+03
5.289634e+05
1.694555e+03
5.289637e+05
1.654897e+03
5.289641e+05
1.614336e+03
5.289644e+05
1.572871e+03
5.289648e+05
1.530506e+03
5.289651e+05
1.487240e+03
5.289655e+05
1.443079e+03
5.289658e+05
1.398181e+03
5.289662e+05
1.353028e+03
5.289665e+05
1.308128e+03
5.289668e+05
1.263810e+03
5.289671e+05
1.220272e+03
5.289674e+05
1.177659e+03
5.289677e+05
1.136082e+03
5.289680e+05
1.095621e+03
5.289682e+05
1.056326e+03
5.289685e+05
1.018223e+03
5.289687e+05
9.813253e+02
5.289689e+05
9.456308e+02
5.289691e+05
9.111296e+02
5.289693e+05
8.778049e+02
5.289695e+05
8.456344e+02
5.289696e+05
8.145921e+02
5.289698e+05
7.846495e+02
5.289699e+05
7.557762e+02
5.289701e+05
7.279408e+02
5.289702e+05
7.011113e+02
5.289703e+05
6.752555e+02
5.289704e+05
6.503414e+02
5.289705e+05
6.263371e+02
5.289706e+05
6.032116e+02
5.289707e+05
5.809341e+02
5.289708e+05
5.594749e+02
5.289709e+05
5.388049e+02
5.289709e+05
5.188958e+02
5.289710e+05
4.997201e+02
5.289710e+05
4.812515e+02
5.289711e+05
4.634640e+02
5.289711e+05
4.463330e+02
5.289712e+05
4.298344e+02
5.289712e+05
4.139451e+02
5.289713e+05
3.986426e+02
5.289713e+05
3.839055e+02
5.289713e+05
3.697129e+02
5.289713e+05
3.560448e+02
5.289714e+05
3.428818e+02
5.289714e+05
3.302054e+02
5.289714e+05
3.179975e+02
5.289714e+05
3.062409e+02
5.289714e+05
2.949189e+02
5.289715e+05
2.840155e+02
5.289715e+05
2.735151e+02
5.289715e+05
2.634030e+02
5.289715e+05
2.536647e+02
5.289715e+05
2.442865e+02
5.289715e+05
2.352550e+02
5.289715e+05
2.265574e+02
5.289715e+05
2.181814e+02
5.289715e+05
2.101151e+02
5.289715e+05
2.023470e+02
5.289715e+05
1.948662e+02
5.289715e+05
1.876619e+02
5.289715e+05
1.807240e+02
5.289715e+05
1.740426e+02
5.289715e+05
1.676083e+02
5.289715e+05
1.614119e+02
5.289715e+05
1.554445e+02
5.289715e+05
1.496978e+02
5.289715e+05
1.441636e+02
5.289715e+05
1.388340e+02
5.289715e+05
1.337015e+02
5.289715e+05
1.287587e+02
5.289715e+05
1.239987e+02
5.289715e+05
1.194147e+02
5.289715e+05
1.150002e+02
5.289715e+05
1.107489e+02
5.289715e+05
1.066547e+02
5.289715e+05
1.027120e+02
5.289715e+05
9.891504e+01
5.289715e+05
9.525846e+01
5.289715e+05
9.173708e+01
5.289715e+05
8.834590e+01
5.289715e+05
8.508011e+01
5.289715e+05
8.193506e+01
5.289715e+05
7.890630e+01
5.289715e+05
7.598952e+01
5.289715e+05
7.318059e+01
5.289715e+05
7.047552e+01
5.289715e+05
6.787046e+01
5.289715e+05
6.536172e+01
5.289715e+05
6.294574e+01
5.289715e+05
6.061909e+01
5.289715e+05
5.837847e+01
5.289715e+05
5.622068e+01
5.289715e+05
5.414268e+01
5.289715e+05
5.214152e+01
5.289715e+05
5.021434e+01
5.289715e+05
4.835842e+01
5.289715e+05
4.657112e+01
5.289715e+05
4.484990e+01
5.289715e+05
4.319233e+01
5.289715e+05
4.159604e+01
5.289715e+05
4.005877e+01
5.289715e+05
3.857834e+01
5.289715e+05
3.715265e+01
5.289715e+05
3.577967e+01
5.289715e+05
3.445746e+01
5.289715e+05
3.318414e+01
5.289715e+05
3.195789e+01
5.289715e+05
3.077699e+01
5.289715e+05
2.963975e+01
5.289715e+05
2.854456e+01
5.289715e+05
2.748986e+01
5.289715e+05
2.647416e+01
5.289715e+05
2.549601e+01
5.289715e+05
2.455403e+01
5.289715e+05
2.364688e+01
5.289715e+05
2.277327e+01
5.289715e+05
2.193196e+01
5.289715e+05
2.112176e+01
5.289715e+05
2.034152e+01
5.289715e+05
1.959012e+01
5.289715e+05
1.886651e+01
5.289715e+05
1.816965e+01
5.289715e+05
1.749856e+01
5.289715e+05
1.685229e+01
5.289715e+05
1.622991e+01
5.289715e+05
1.563054e+01
5.289715e+05
1.505333e+01
5.289715e+05
1.449747e+01
5.289715e+05
1.396215e+01
5.289715e+05
1.344664e+01
5.289715e+05
1.295018e+01
5.289715e+05
1.247208e+01
5.289715e+05
1.201165e+01
5.289715e+05
1.156826e+01
5.289715e+05
1.114125e+01
5.289715e+05
1.073004e+01
5.289715e+05
1.033403e+01
5.289715e+05
9.952659e+00
5.289715e+05
9.585392e+00
5.289715e+05
9.231705e+00
5.289715e+05
8.891096e+00
5.289715e+05
8.563081e+00
5.289715e+05
8.247195e+00
5.289715e+05
7.942988e+00
5.289715e+05
7.650030e+00
5.289715e+05
7.367904e+00
5.289715e+05
7.096210e+00
5.289715e+05
6.834562e+00
5.289715e+05
6.582589e+00
5.289715e+05
6.339932e+00
5.289715e+05
6.106248e+00
5.289715e+05
5.881205e+00
5.289715e+05
5.664482e+00
5.289715e+05
5.455773e+00
5.289715e+05
5.254782e+00
5.289715e+05
5.061222e+00
5.289715e+05
4.874819e+00
5.289715e+05
4.695309e+00
5.289715e+05
4.522436e+00
5.289715e+05
4.355955e+00
5.289715e+05
4.195630e+00
5.289715e+05
4.041234e+00
5.289715e+05
3.892546e+00
5.289715e+05
3.749356e+00
5.289715e+05
3.611461e+00
5.289715e+05
3.478664e+00
5.289715e+05
3.350778e+00
5.289715e+05
3.227621e+00
5.289715e+05
3.109017e+00
5.289715e+05
2.994799e+00
5.289715e+05
2.884804e+00
5.289715e+05
2.778877e+00
5.289715e+05
2.676866e+00
5.289715e+05
2.578627e+00
5.289715e+05
2.484021e+00
5.289715e+05
2.392913e+00
5.289715e+05
2.305174e+00
5.289715e+05
2.220679e+00
5.289715e+05
2.139308e+00
5.289715e+05
2.060946e+00
5.289715e+05
1.985482e+00
5.289715e+05
1.912808e+00
5.289715e+05
1.842821e+00
5.289715e+05
1.775422e+00
5.289715e+05
1.710515e+00
5.289715e+05
1.648008e+00
5.289715e+05
1.587813e+00
5.289715e+05
1.529843e+00
5.289715e+05
1.474017e+00
5.289715e+05
1.420255e+00
5.289715e+05
1.368480e+00
5.289715e+05
1.318621e+00
5.289715e+05
1.270605e+00
5.289715e+05
1.224364e+00
5.289715e+05
1.179833e+00
5.289715e+05
1.136949e+00
5.289715e+05
1.095650e+00
5.289715e+05
1.055878e+00
5.289715e+05
1.017577e+00
5.289715e+05
9.806924e-01
5.289715e+05
9.451714e-01
5.289715e+05
9.109638e-01
5.289715e+05
8.780210e-01
5.289715e+05
8.462963e-01
5.289715e+05
8.157446e-01
5.289715e+05
7.863225e-01
5.289715e+05
7.579884e-01
5.289715e+05
7.307018e-01
5.289715e+05
7.044242e-01
5.289715e+05
6.791182e-01
5.289715e+05
6.547479e-01
5.289715e+05
6.312787e-01
5.289715e+05
5.596951e-01
5.289716e+05
5.035845e-01
5.289716e+05
4.363162e-01
5.289716e+05
3.699533e-01
5.289716e+05
3.044711e-01
5.289717e+05
2.398896e-01
5.289717e+05
1.762316e-01
5.289717e+05
1.135153e-01
5.289717e+05
5.175524e-02
