5.450672e+03
-1.409638e+03
5.450672e+03
-1.411366e+03
5.450672e+03
-1.413094e+03
5.450672e+03
-1.414823e+03
5.450672e+03
-1.416552e+03
5.450672e+03
-1.418282e+03
5.450672e+03
-1.420013e+03
5.450672e+03
-1.421745e+03
5.450672e+03
-1.423477e+03
5.450672e+03
-1.425210e+03
5.450672e+03
-1.426944e+03
5.450672e+03
-1.428679e+03
5.450672e+03
-1.430414e+03
5.450672e+03
-1.432150e+03
5.450672e+03
-1.433886e+03
5.450672e+03
-1.435623e+03
5.450672e+03
-1.437361e+03
5.450672e+03
-1.439100e+03
5.408317e+03
-1.418092e+03
5.399363e+03
-1.415034e+03
5.395060e+03
-1.414469e+03
5.392065e+03
-1.414605e+03
5.389691e+03
-1.415074e+03
5.387676e+03
-1.415737e+03
5.385893e+03
-1.416523e+03
5.384267e+03
-1.417394e+03
5.382754e+03
-1.418326e+03
5.381322e+03
-1.419302e+03
5.379951e+03
-1.420311e+03
5.378624e+03
-1.421343e+03
5.377328e+03
-1.422394e+03
5.376054e+03
-1.423456e+03
5.374795e+03
-1.424526e+03
5.373543e+03
-1.425600e+03
5.372292e+03
-1.426676e+03
5.371039e+03
-1.427750e+03
5.369777e+03
-1.428821e+03
5.368504e+03
-1.429885e+03
5.367216e+03
-1.430942e+03
5.365908e+03
-1.431988e+03
5.364578e+03
-1.433023e+03
5.363222e+03
-1.434043e+03
5.361838e+03
-1.435049e+03
5.360422e+03
-1.436038e+03
5.358970e+03
-1.437007e+03
5.357480e+03
-1.437957e+03
5.355949e+03
-1.438884e+03
5.354374e+03
-1.439787e+03
5.352751e+03
-1.440665e+03
5.351076e+03
-1.441515e+03
5.349347e+03
-1.442335e+03
5.347560e+03
-1.443124e+03
5.345711e+03
-1.443879e+03
5.343796e+03
-1.444599e+03
5.341811e+03
-1.445281e+03
5.339753e+03
-1.445922e+03
5.337616e+03
-1.446522e+03
5.335397e+03
-1.447076e+03
5.333090e+03
-1.447582e+03
5.330691e+03
-1.448038e+03
5.328195e+03
-1.448441e+03
5.325596e+03
-1.448788e+03
5.322888e+03
-1.449075e+03
5.320065e+03
-1.449300e+03
5.317122e+03
-1.449459e+03
5.314052e+03
-1.449548e+03
5.310848e+03
-1.449563e+03
5.307502e+03
-1.449501e+03
5.304008e+03
-1.449358e+03
5.300357e+03
-1.449128e+03
5.296542e+03
-1.448808e+03
5.292552e+03
-1.448393e+03
5.288380e+03
-1.447878e+03
5.284017e+03
-1.447257e+03
5.279451e+03
-1.446525e+03
5.274672e+03
-1.445677e+03
5.269671e+03
-1.444705e+03
5.264434e+03
-1.443605e+03
5.258951e+03
-1.442370e+03
5.253209e+03
-1.440993e+03
5.247195e+03
-1.439466e+03
5.240895e+03
-1.437783e+03
5.234296e+03
-1.435935e+03
5.227383e+03
-1.433915e+03
5.220140e+03
-1.431715e+03
5.212551e+03
-1.429326e+03
5.204601e+03
-1.426739e+03
5.196272e+03
-1.423945e+03
5.187546e+03
-1.420935e+03
5.178405e+03
-1.417699e+03
5.168831e+03
-1.414227e+03
5.158803e+03
-1.410508e+03
5.148302e+03
-1.406533e+03
5.137308e+03
-1.402290e+03
5.125798e+03
-1.397768e+03
5.113752e+03
-1.392958e+03
5.101148e+03
-1.387846e+03
5.087963e+03
-1.382423e+03
5.074174e+03
-1.376676e+03
5.059759e+03
-1.370594e+03
5.044694e+03
-1.364165e+03
5.028955e+03
-1.357379e+03
5.012521e+03
-1.350224e+03
4.995366e+03
-1.342690e+03
4.977469e+03
-1.334764e+03
4.958806e+03
-1.326438e+03
4.939354e+03
-1.317701e+03
4.919093e+03
-1.308544e+03
4.898000e+03
-1.298958e+03
4.876057e+03
-1.288935e+03
4.853242e+03
-1.278468e+03
4.829540e+03
-1.267551e+03
4.804932e+03
-1.256177e+03
4.779404e+03
-1.244345e+03
4.752943e+03
-1.232049e+03
4.725538e+03
-1.219289e+03
4.697178e+03
-1.206064e+03
4.667859e+03
-1.192377e+03
4.637574e+03
-1.178229e+03
4.606323e+03
-1.163625e+03
4.574107e+03
-1.148572e+03
4.540930e+03
-1.133078e+03
4.506798e+03
-1.117152e+03
4.471723e+03
-1.100807e+03
4.435717e+03
-1.084056e+03
4.398799e+03
-1.066915e+03
4.360987e+03
-1.049400e+03
4.322306e+03
-1.031532e+03
4.282783e+03
-1.013329e+03
4.242448e+03
-9.948159e+02
4.201333e+03
-9.760152e+02
4.159476e+03
-9.569524e+02
4.116915e+03
-9.376540e+02
4.073692e+03
-9.181476e+02
4.029853e+03
-8.984616e+02
3.985443e+03
-8.786253e+02
3.940510e+03
-8.586684e+02
3.895106e+03
-8.386213e+02
3.849283e+03
-8.185143e+02
3.803092e+03
-7.983778e+02
3.756587e+03
-7.782419e+02
3.709824e+03
-7.581367e+02
3.662855e+03
-7.380912e+02
3.615737e+03
-7.181341e+02
3.568521e+03
-6.982932e+02
3.521262e+03
-6.785950e+02
3.474012e+03
-6.590651e+02
3.426822e+03
-6.397279e+02
3.379742e+03
-6.206062e+02
3.332818e+03
-6.017215e+02
3.286099e+03
-5.830939e+02
3.239627e+03
-5.647418e+02
3.193444e+03
-5.466822e+02
3.147591e+03
-5.289304e+02
3.102105e+03
-5.115000e+02
3.057021e+03
-4.944033e+02
3.012372e+03
-4.776509e+02
2.968187e+03
-4.612519e+02
2.924494e+03
-4.452140e+02
2.881319e+03
-4.295433e+02
2.838684e+03
-4.142449e+02
2.796610e+03
-3.993222e+02
2.755115e+03
-3.847777e+02
2.714214e+03
-3.706127e+02
2.673922e+03
-3.568274e+02
2.634251e+03
-3.434209e+02
2.595209e+03
-3.303915e+02
2.556805e+03
-3.177368e+02
2.519044e+03
-3.054535e+02
2.481932e+03
-2.935375e+02
2.445471e+03
-2.819843e+02
2.409662e+03
-2.707888e+02
2.374505e+03
-2.599453e+02
2.340000e+03
-2.494478e+02
2.306143e+03
-2.392900e+02
2.272931e+03
-2.294651e+02
2.240361e+03
-2.199661e+02
2.208426e+03
-2.107860e+02
2.177120e+03
-2.019174e+02
2.146438e+03
-1.933528e+02
2.116370e+03
-1.850848e+02
2.086910e+03
-1.771056e+02
2.058050e+03
-1.694078e+02
2.029779e+03
-1.619837e+02
2.002089e+03
-1.548257e+02
1.974970e+03
-1.479264e+02
1.948414e+03
-1.412781e+02
1.922408e+03
-1.348737e+02
1.896944e+03
-1.287057e+02
1.872011e+03
-1.227670e+02
1.847599e+03
-1.170506e+02
1.823697e+03
-1.115497e+02
1.800295e+03
-1.062574e+02
1.777383e+03
-1.011670e+02
1.754949e+03
-9.627231e+01
1.732984e+03
-9.156683e+01
1.711477e+03
-8.704447e+01
1.690418e+03
-8.269925e+01
1.669797e+03
-7.852535e+01
1.649605e+03
-7.451712e+01
1.629830e+03
-7.066905e+01
1.610463e+03
-6.697582e+01
1.591495e+03
-6.343226e+01
1.572916e+03
-6.003335e+01
1.554718e+03
-5.677424e+01
1.536890e+03
-5.365022e+01
1.519424e+03
-5.065673e+01
1.502311e+03
-4.778938e+01
1.485543e+03
-4.504391e+01
1.469111e+03
-4.241619e+01
1.453008e+03
-3.990225e+01
1.437224e+03
-3.749824e+01
1.421752e+03
-3.520044e+01
1.406585e+03
-3.300528e+01
1.391714e+03
-3.090928e+01
1.377133e+03
-2.890911e+01
1.362835e+03
-2.700153e+01
1.348812e+03
-2.518343e+01
1.335058e+03
-2.345182e+01
1.321566e+03
-2.180378e+01
1.308329e+03
-2.023653e+01
1.295342e+03
-1.874737e+01
1.282598e+03
-1.733369e+01
1.270091e+03
-1.599299e+01
1.257816e+03
-1.472284e+01
1.245766e+03
-1.352092e+01
1.233936e+03
-1.238497e+01
1.222321e+03
-1.131282e+01
1.210916e+03
-1.030238e+01
1.199715e+03
-9.351625e+00
1.188714e+03
-8.458615e+00
1.177907e+03
-7.621467e+00
1.167290e+03
-6.838372e+00
1.156859e+03
-6.107581e+00
1.146609e+03
-5.427410e+00
1.136535e+03
-4.796232e+00
1.126634e+03
-4.212478e+00
1.116901e+03
-3.674635e+00
1.107333e+03
-3.181242e+00
1.097925e+03
-2.730890e+00
1.088674e+03
-2.322220e+00
1.079576e+03
-1.953917e+00
1.070627e+03
-1.624715e+00
1.061824e+03
-1.333391e+00
1.053164e+03
-1.078764e+00
1.044644e+03
-8.596929e-01
1.036259e+03
-6.750766e-01
1.028007e+03
-5.238516e-01
1.019886e+03
-4.049904e-01
1.011891e+03
-3.175004e-01
1.004020e+03
-2.604228e-01
9.962711e+02
-2.328308e-01
9.886405e+02
-2.338290e-01
9.811259e+02
-2.625516e-01
9.737246e+02
-3.181620e-01
9.664343e+02
-3.998512e-01
9.592523e+02
-5.068367e-01
9.521763e+02
-6.383621e-01
9.452041e+02
-7.936956e-01
9.383333e+02
-9.721293e-01
9.315618e+02
-1.172978e+00
9.248873e+02
-1.395579e+00
9.183079e+02
-1.639292e+00
9.118214e+02
-1.903494e+00
9.054260e+02
-2.187584e+00
8.991195e+02
-2.490982e+00
8.929003e+02
-2.813123e+00
8.867664e+02
-3.153460e+00
8.807160e+02
-3.511466e+00
8.747475e+02
-3.886627e+00
8.688590e+02
-4.278446e+00
8.630490e+02
-4.686444e+00
8.573158e+02
-5.110152e+00
8.516579e+02
-5.549118e+00
8.460736e+02
-6.002905e+00
8.405616e+02
-6.471085e+00
8.351203e+02
-6.953247e+00
8.297483e+02
-7.448989e+00
8.244443e+02
-7.957924e+00
8.192068e+02
-8.479675e+00
8.140346e+02
-9.013874e+00
8.089263e+02
-9.560167e+00
8.038807e+02
-1.011821e+01
7.988965e+02
-1.068766e+01
7.939726e+02
-1.126821e+01
7.891078e+02
-1.185952e+01
7.843009e+02
-1.246130e+01
7.795508e+02
-1.307324e+01
7.748564e+02
-1.369506e+01
7.702167e+02
-1.432647e+01
7.656305e+02
-1.496719e+01
7.610970e+02
-1.561697e+01
7.566150e+02
-1.627554e+01
7.521836e+02
-1.694264e+01
7.478019e+02
-1.761804e+01
7.434690e+02
-1.830149e+01
7.391838e+02
-1.899275e+01
7.349456e+02
-1.969161e+01
7.307535e+02
-2.039784e+01
7.266066e+02
-2.111123e+01
7.225040e+02
-2.183156e+01
7.184451e+02
-2.255863e+01
7.144289e+02
-2.329224e+01
7.104548e+02
-2.403220e+01
7.065219e+02
-2.477831e+01
7.026296e+02
-2.553040e+01
6.987770e+02
-2.628828e+01
6.949635e+02
-2.705178e+01
6.911884e+02
-2.782072e+01
6.874509e+02
-2.859494e+01
6.837506e+02
-2.937427e+01
6.800866e+02
-3.015855e+01
6.764583e+02
-3.094764e+01
6.728652e+02
-3.174136e+01
6.693066e+02
-3.253959e+01
6.657820e+02
-3.334216e+01
6.622906e+02
-3.414894e+01
6.588320e+02
-3.495979e+01
6.554057e+02
-3.577458e+01
6.520109e+02
-3.659316e+01
6.486473e+02
-3.741542e+01
6.453143e+02
-3.824121e+01
6.420113e+02
-3.907043e+01
6.387379e+02
-3.990294e+01
6.354935e+02
-4.073862e+01
6.322778e+02
-4.157736e+01
6.290901e+02
-4.241905e+01
6.259301e+02
-4.326357e+01
6.227973e+02
-4.411081e+01
6.196912e+02
-4.496066e+01
6.166113e+02
-4.581302e+01
6.135574e+02
-4.666778e+01
6.105289e+02
-4.752485e+01
6.075254e+02
-4.838411e+01
6.045465e+02
-4.924548e+01
6.015918e+02
-5.010886e+01
5.986610e+02
-5.097414e+01
5.957536e+02
-5.184125e+01
5.928693e+02
-5.271008e+01
5.900077e+02
-5.358055e+01
5.871684e+02
-5.445257e+01
5.843511e+02
-5.532605e+01
5.815555e+02
-5.620091e+01
5.787811e+02
-5.707706e+01
5.760277e+02
-5.795442e+01
5.732949e+02
-5.883291e+01
5.705825e+02
-5.971246e+01
5.678900e+02
-6.059297e+01
5.652172e+02
-6.147437e+01
5.625638e+02
-6.235660e+01
5.599295e+02
-6.323956e+01
5.573139e+02
-6.412319e+01
5.547168e+02
-6.500741e+01
5.521380e+02
-6.589216e+01
5.495771e+02
-6.677736e+01
5.470338e+02
-6.766294e+01
5.445079e+02
-6.854882e+01
5.419991e+02
-6.943496e+01
5.395072e+02
-7.032127e+01
5.370319e+02
-7.120768e+01
5.345730e+02
-7.209414e+01
5.321301e+02
-7.298058e+01
5.297032e+02
-7.386693e+01
5.272919e+02
-7.475314e+01
5.248959e+02
-7.563913e+01
5.225152e+02
-7.652485e+01
5.201494e+02
-7.741023e+01
5.177983e+02
-7.829521e+01
5.154617e+02
-7.917974e+01
5.131394e+02
-8.006376e+01
5.108313e+02
-8.094720e+01
5.085369e+02
-8.183000e+01
5.062563e+02
-8.271212e+01
5.039891e+02
-8.359349e+01
5.017352e+02
-8.447406e+01
4.994944e+02
-8.535376e+01
4.972665e+02
-8.623255e+01
4.950513e+02
-8.711037e+01
4.928486e+02
-8.798717e+01
4.906583e+02
-8.886288e+01
4.884802e+02
-8.973746e+01
4.863140e+02
-9.061085e+01
4.841597e+02
-9.148301e+01
4.820170e+02
-9.235387e+01
4.798858e+02
-9.322339e+01
4.777660e+02
-9.409151e+01
4.756573e+02
-9.495819e+01
4.735596e+02
-9.582337e+01
4.714727e+02
-9.668700e+01
4.693966e+02
-9.754903e+01
4.673310e+02
-9.840941e+01
4.652759e+02
-9.926809e+01
4.632310e+02
-1.001250e+02
4.611962e+02
-1.009802e+02
4.591714e+02
-1.018334e+02
4.571564e+02
-1.026848e+02
4.551511e+02
-1.035343e+02
4.531554e+02
-1.043817e+02
4.511692e+02
-1.052272e+02
4.491922e+02
-1.060705e+02
4.472244e+02
-1.069117e+02
4.458516e+02
-1.080933e+02
4.454299e+02
-1.098281e+02
4.450067e+02
-1.115609e+02
4.445820e+02
-1.132916e+02
4.441558e+02
-1.150202e+02
4.437280e+02
-1.167467e+02
4.432987e+02
-1.184711e+02
4.428677e+02
-1.201933e+02
4.424350e+02
-1.219134e+02
4.420006e+02
-1.236312e+02
4.415645e+02
-1.253468e+02
4.411265e+02
-1.270602e+02
4.406868e+02
-1.287712e+02
4.402451e+02
-1.304800e+02
4.398016e+02
-1.321863e+02
4.393561e+02
-1.338904e+02
4.389086e+02
-1.355920e+02
4.384590e+02
-1.372912e+02
4.380074e+02
-1.389879e+02
4.375537e+02
-1.406821e+02
4.370978e+02
-1.423738e+02
4.366397e+02
-1.440629e+02
4.361794e+02
-1.457494e+02
4.357168e+02
-1.474333e+02
4.352518e+02
-1.491146e+02
4.347845e+02
-1.507931e+02
4.343148e+02
-1.524689e+02
4.338426e+02
-1.541419e+02
4.333679e+02
-1.558121e+02
4.328906e+02
-1.574794e+02
4.324107e+02
-1.591438e+02
4.319282e+02
-1.608053e+02
4.314430e+02
-1.624639e+02
4.230251e+02
-1.611053e+02
4.020277e+02
-1.549033e+02
3.828760e+02
-1.493206e+02
3.653395e+02
-1.442798e+02
3.492243e+02
-1.397155e+02
3.343659e+02
-1.355726e+02
3.206240e+02
-1.318037e+02
3.078783e+02
-1.283683e+02
2.960249e+02
-1.252315e+02
2.849737e+02
-1.223629e+02
2.746462e+02
-1.197362e+02
2.649739e+02
-1.173280e+02
2.558962e+02
-1.151181e+02
2.473599e+02
-1.130884e+02
2.393180e+02
-1.112231e+02
2.317284e+02
-1.095080e+02
2.245539e+02
-1.079304e+02
2.177609e+02
-1.064790e+02
2.113197e+02
-1.051436e+02
2.052031e+02
-1.039152e+02
1.993868e+02
-1.027853e+02
1.938491e+02
-1.017466e+02
1.885698e+02
-1.007923e+02
1.835309e+02
-9.991616e+01
1.787160e+02
-9.911254e+01
1.741100e+02
-9.837630e+01
1.696993e+02
-9.770272e+01
1.654712e+02
-9.708747e+01
1.614142e+02
-9.652657e+01
1.575178e+02
-9.601634e+01
1.537721e+02
-9.555338e+01
1.501683e+02
-9.513457e+01
1.466979e+02
-9.475699e+01
1.433534e+02
-9.441795e+01
1.401276e+02
-9.411494e+01
1.370139e+02
-9.384562e+01
1.340063e+02
-9.360782e+01
1.310990e+02
-9.339950e+01
1.282868e+02
-9.321876e+01
1.255647e+02
-9.306381e+01
1.229281e+02
-9.293299e+01
1.203728e+02
-9.282473e+01
1.178947e+02
-9.273756e+01
1.154901e+02
-9.267008e+01
1.131555e+02
-9.262099e+01
1.108876e+02
-9.258906e+01
1.086833e+02
-9.257312e+01
1.065397e+02
-9.257207e+01
1.044540e+02
-9.258488e+01
1.024238e+02
-9.261055e+01
1.004466e+02
-9.264815e+01
9.852019e+01
-9.269681e+01
9.664238e+01
-9.275567e+01
9.481117e+01
-9.282395e+01
9.302468e+01
-9.290088e+01
9.128110e+01
-9.298574e+01
8.957876e+01
-9.307786e+01
8.791604e+01
-9.317658e+01
8.629143e+01
-9.328128e+01
8.470352e+01
-9.339137e+01
8.315094e+01
-9.350630e+01
8.163240e+01
-9.362552e+01
8.014671e+01
-9.374852e+01
7.869271e+01
-9.387483e+01
7.726930e+01
-9.400398e+01
7.587546e+01
-9.413553e+01
7.451019e+01
-9.426906e+01
7.317257e+01
-9.440417e+01
7.186171e+01
-9.454049e+01
7.057677e+01
-9.467765e+01
6.931695e+01
-9.481531e+01
6.808148e+01
-9.495314e+01
6.686964e+01
-9.509083e+01
6.568074e+01
-9.522809e+01
6.451413e+01
-9.536464e+01
6.336918e+01
-9.550021e+01
6.224528e+01
-9.563456e+01
6.114188e+01
-9.576743e+01
6.005843e+01
-9.589862e+01
5.899440e+01
-9.602790e+01
5.794931e+01
-9.615508e+01
5.692267e+01
-9.627997e+01
5.591405e+01
-9.640239e+01
5.492300e+01
-9.652217e+01
5.394911e+01
-9.663916e+01
5.299198e+01
-9.675322e+01
5.205123e+01
-9.686420e+01
5.112651e+01
-9.697198e+01
5.021745e+01
-9.707644e+01
4.932372e+01
-9.717747e+01
4.844501e+01
-9.727498e+01
4.758099e+01
-9.736887e+01
4.673138e+01
-9.745905e+01
4.589589e+01
-9.754546e+01
4.507423e+01
-9.762802e+01
4.426615e+01
-9.770666e+01
4.347138e+01
-9.778135e+01
4.268968e+01
-9.785201e+01
4.192082e+01
-9.791862e+01
4.116455e+01
-9.798114e+01
4.042065e+01
-9.803954e+01
3.968892e+01
-9.809378e+01
3.896913e+01
-9.814386e+01
3.826109e+01
-9.818976e+01
3.756460e+01
-9.823147e+01
3.687947e+01
-9.826899e+01
3.620551e+01
-9.830231e+01
3.554254e+01
-9.833144e+01
3.489038e+01
-9.835640e+01
3.424887e+01
-9.837718e+01
3.361783e+01
-9.839381e+01
3.299711e+01
-9.840631e+01
3.238654e+01
-9.841470e+01
3.178598e+01
-9.841901e+01
3.119526e+01
-9.841927e+01
3.061425e+01
-9.841550e+01
3.004279e+01
-9.840776e+01
2.948074e+01
-9.839606e+01
2.892797e+01
-9.838046e+01
2.838433e+01
-9.836100e+01
2.784971e+01
-9.833772e+01
2.732395e+01
-9.831066e+01
2.680694e+01
-9.827988e+01
2.629855e+01
-9.824542e+01
2.579865e+01
-9.820735e+01
2.530712e+01
-9.816570e+01
2.482385e+01
-9.812054e+01
2.434871e+01
-9.807191e+01
2.388158e+01
-9.801989e+01
2.342235e+01
-9.796452e+01
2.297091e+01
-9.790586e+01
2.252715e+01
-9.784398e+01
2.209095e+01
-9.777893e+01
2.166221e+01
-9.771077e+01
2.124082e+01
-9.763957e+01
2.082668e+01
-9.756539e+01
2.041967e+01
-9.748828e+01
2.001970e+01
-9.740831e+01
1.962667e+01
-9.732555e+01
1.924047e+01
-9.724005e+01
1.886101e+01
-9.715188e+01
1.848819e+01
-9.706110e+01
1.812190e+01
-9.696778e+01
1.776207e+01
-9.687196e+01
1.740858e+01
-9.677373e+01
1.706134e+01
-9.667313e+01
1.672028e+01
-9.657024e+01
1.638528e+01
-9.646510e+01
1.605627e+01
-9.635779e+01
1.573315e+01
-9.624836e+01
1.541583e+01
-9.613687e+01
1.510423e+01
-9.602338e+01
1.479826e+01
-9.590795e+01
1.449784e+01
-9.579064e+01
1.420287e+01
-9.567150e+01
1.391329e+01
-9.555059e+01
1.362900e+01
-9.542797e+01
1.334992e+01
-9.530370e+01
1.307597e+01
-9.517782e+01
1.280708e+01
-9.505039e+01
1.254347e+01
-9.492378e+01
1.228541e+01
-9.480080e+01
1.203205e+01
-9.467566e+01
1.178332e+01
-9.454843e+01
1.153916e+01
-9.441919e+01
1.129949e+01
-9.428801e+01
1.106425e+01
-9.415498e+01
1.083337e+01
-9.402017e+01
1.060679e+01
-9.388364e+01
1.038443e+01
-9.374548e+01
1.016625e+01
-9.360574e+01
9.952161e+00
-9.346449e+01
9.742112e+00
-9.332181e+01
9.536039e+00
-9.317775e+01
9.333878e+00
-9.303238e+01
9.135566e+00
-9.288576e+01
8.941044e+00
-9.273795e+01
8.750251e+00
-9.258900e+01
8.563126e+00
-9.243897e+01
8.379609e+00
-9.228791e+01
8.199643e+00
-9.213589e+01
8.023170e+00
-9.198295e+01
7.850130e+00
-9.182914e+01
7.680469e+00
-9.167452e+01
7.514129e+00
-9.151912e+01
7.351056e+00
-9.136300e+01
7.191193e+00
-9.120620e+01
7.034488e+00
-9.104876e+01
6.880886e+00
-9.089074e+01
6.730335e+00
-9.073216e+01
6.582781e+00
-9.057307e+01
6.438175e+00
-9.041351e+01
6.296464e+00
-9.025351e+01
6.157598e+00
-9.009312e+01
6.021527e+00
-8.993237e+01
5.888204e+00
-8.977129e+01
5.757578e+00
-8.960992e+01
5.629603e+00
-8.944828e+01
5.504232e+00
-8.928642e+01
5.381417e+00
-8.912436e+01
5.261114e+00
-8.896212e+01
5.143277e+00
-8.879975e+01
5.027861e+00
-8.863726e+01
4.914823e+00
-8.847468e+01
4.804119e+00
-8.831204e+01
4.695707e+00
-8.814936e+01
4.589545e+00
-8.798666e+01
4.485591e+00
-8.782398e+01
4.383804e+00
-8.766133e+01
4.284146e+00
-8.749873e+01
4.186574e+00
-8.733620e+01
4.091052e+00
-8.717377e+01
3.997540e+00
-8.701145e+01
3.906001e+00
-8.684926e+01
3.816397e+00
-8.668723e+01
3.728692e+00
-8.652535e+01
3.642850e+00
-8.636366e+01
3.558835e+00
-8.620217e+01
3.476612e+00
-8.604089e+01
3.396147e+00
-8.587984e+01
3.317407e+00
-8.571903e+01
3.240357e+00
-8.555848e+01
3.164966e+00
-8.539819e+01
3.091200e+00
-8.523819e+01
3.019029e+00
-8.507848e+01
2.948421e+00
-8.491907e+01
2.879346e+00
-8.475998e+01
2.811773e+00
-8.460121e+01
2.745673e+00
-8.444278e+01
2.681016e+00
-8.428469e+01
2.617775e+00
-8.412696e+01
2.555921e+00
-8.396959e+01
2.495426e+00
-8.381259e+01
2.436263e+00
-8.365596e+01
2.378406e+00
-8.349973e+01
2.321828e+00
-8.334388e+01
2.266504e+00
-8.318843e+01
2.212408e+00
-8.303339e+01
2.159515e+00
-8.287876e+01
2.107801e+00
-8.272455e+01
2.057242e+00
-8.257076e+01
2.007814e+00
-8.241740e+01
1.959495e+00
-8.226447e+01
1.912260e+00
-8.211198e+01
1.866089e+00
-8.195993e+01
1.820959e+00
-8.180832e+01
1.776849e+00
-8.165716e+01
1.733737e+00
-8.150646e+01
1.691603e+00
-8.135621e+01
1.650426e+00
-8.120641e+01
1.610187e+00
-8.105708e+01
1.570866e+00
-8.090822e+01
1.532443e+00
-8.075981e+01
1.494900e+00
-8.061188e+01
1.458218e+00
-8.046442e+01
1.422379e+00
-8.031743e+01
1.387365e+00
-8.017091e+01
1.353159e+00
-8.002486e+01
1.319743e+00
-7.987930e+01
1.287101e+00
-7.973421e+01
1.255216e+00
-7.958960e+01
1.224071e+00
-7.944546e+01
1.193652e+00
-7.930181e+01
1.163942e+00
-7.915864e+01
1.134926e+00
-7.901594e+01
1.106589e+00
-7.887373e+01
1.078916e+00
-7.873200e+01
1.051894e+00
-7.859075e+01
1.025507e+00
-7.844998e+01
9.997421e-01
-7.830970e+01
9.745856e-01
-7.816989e+01
9.500242e-01
-7.803056e+01
9.260449e-01
-7.789171e+01
9.026347e-01
-7.775335e+01
8.797812e-01
-7.761546e+01
8.574722e-01
-7.747805e+01
8.399486e-01
-7.773377e+01
8.120526e-01
-7.696104e+01
7.577889e-01
-7.360961e+01
7.051121e-01
-7.028176e+01
6.953163e-01
-7.115578e+01
6.949526e-01
-7.297266e+01
6.945797e-01
-7.478763e+01
6.941966e-01
-7.660053e+01
6.938033e-01
-7.841131e+01
6.933997e-01
-8.021991e+01
6.929857e-01
-8.202625e+01
6.925613e-01
-8.383028e+01
6.921263e-01
-8.563193e+01
6.916808e-01
-8.743114e+01
6.908339e-01
-8.917757e+01
6.847772e-01
-9.024082e+01
6.705115e-01
-9.019478e+01
6.502796e-01
-8.929912e+01
6.269024e-01
-8.790976e+01
6.017052e-01
-8.619346e+01
5.752827e-01
-8.422215e+01
5.481400e-01
-8.205915e+01
5.207630e-01
-7.976890e+01
4.935324e-01
-7.740393e+01
4.667135e-01
-7.500199e+01
4.404913e-01
-7.259060e+01
4.150012e-01
-7.019102e+01
3.903378e-01
-6.781922e+01
3.665654e-01
-6.548715e+01
3.437248e-01
-6.320365e+01
3.218388e-01
-6.097501e+01
3.009162e-01
-5.880555e+01
2.809554e-01
-5.669805e+01
2.619471e-01
-5.465414e+01
2.438762e-01
-5.267453e+01
2.267234e-01
-5.075927e+01
2.104663e-01
-4.890787e+01
1.950804e-01
-4.711947e+01
1.805395e-01
-4.539291e+01
1.668166e-01
-4.372681e+01
1.538841e-01
-4.211967e+01
1.417139e-01
-4.056987e+01
1.302778e-01
-3.907575e+01
1.195478e-01
-3.763559e+01
1.094959e-01
-3.624768e+01
1.000944e-01
-3.491029e+01
9.131592e-02
-3.362173e+01
8.313342e-02
-3.238033e+01
7.552024e-02
-3.118446e+01
6.845012e-02
-3.003249e+01
6.189727e-02
-2.892289e+01
5.583630e-02
-2.785414e+01
5.024232e-02
-2.682475e+01
4.509093e-02
-2.583332e+01
4.035820e-02
-2.487845e+01
3.602073e-02
-2.395883e+01
3.205565e-02
-2.307315e+01
2.844065e-02
-2.222018e+01
2.515399e-02
-2.139871e+01
2.217452e-02
-2.060760e+01
1.948171e-02
-1.984571e+01
1.705567e-02
-1.911198e+01
1.487719e-02
-1.840537e+01
1.292773e-02
-1.772487e+01
1.118947e-02
-1.706953e+01
9.645320e-03
-1.643842e+01
8.278958e-03
-1.583063e+01
7.074823e-03
-1.524532e+01
6.018145e-03
-1.468164e+01
5.094955e-03
-1.413881e+01
4.292095e-03
-1.361604e+01
3.597220e-03
-1.311260e+01
2.998801e-03
-1.262778e+01
2.486123e-03
-1.216088e+01
2.049270e-03
-1.171125e+01
1.679119e-03
-1.127824e+01
1.367320e-03
-1.086124e+01
1.106272e-03
-1.045965e+01
8.890960e-04
-1.007292e+01
7.096096e-04
-9.700483e+00
5.622875e-04
-9.341818e+00
4.422270e-04
-8.996415e+00
3.451080e-04
-8.663782e+00
2.671519e-04
-8.343448e+00
2.050785e-04
-8.034959e+00
1.560634e-04
-7.737875e+00
1.176943e-04
-7.451776e+00
8.792920e-05
-7.176255e+00
6.505448e-05
-6.910921e+00
4.764586e-05
-6.655397e+00
3.453094e-05
-6.409322e+00
2.475434e-05
-6.172344e+00
1.754577e-05
-5.944129e+00
1.229086e-05
-5.724351e+00
8.505208e-06
-5.512700e+00
5.811343e-06
-5.308874e+00
3.918730e-06
-5.112584e+00
2.606585e-06
-4.923552e+00
1.709338e-06
-4.741509e+00
1.104527e-06
-4.566196e+00
7.028645e-07
-4.397366e+00
4.402080e-07
-4.234778e+00
2.711877e-07
-4.078201e+00
1.642224e-07
-3.927414e+00
9.769208e-08
-3.782202e+00
5.704974e-08
-3.642358e+00
3.268187e-08
-3.507686e+00
1.835265e-08
-3.377992e+00
1.009478e-08
-3.253094e+00
5.434457e-09
-3.132814e+00
2.860998e-09
-3.016981e+00
1.471665e-09
-2.905430e+00
7.389984e-10
-2.798004e+00
3.619262e-10
-2.694550e+00
1.727116e-10
-2.594921e+00
8.022600e-11
-2.498976e+00
3.623692e-11
-2.406578e+00
1.589876e-11
-2.317596e+00
6.768090e-12
-2.231905e+00
2.792266e-12
-2.149381e+00
1.115097e-12
-2.069909e+00
4.305176e-13
-1.993376e+00
1.604826e-13
-1.919672e+00
5.768180e-14
-1.848693e+00
1.996253e-14
-1.780338e+00
6.642438e-15
-1.714511e+00
2.121872e-15
-1.651117e+00
6.496965e-16
-1.590068e+00
1.903684e-16
-1.531276e+00
5.328911e-17
-1.474657e+00
1.422590e-17
-1.420132e+00
3.615162e-18
-1.367623e+00
8.728929e-19
-1.317055e+00
1.998603e-19
-1.268358e+00
4.330506e-20
-1.221460e+00
8.860900e-21
-1.176297e+00
1.708398e-21
-1.132803e+00
3.096569e-22
-1.090918e+00
5.264090e-23
-1.050581e+00
8.372351e-24
-1.011736e+00
1.242633e-24
-9.743269e-01
1.716553e-25
-9.383010e-01
2.200863e-26
-9.036072e-01
2.611605e-27
-8.701961e-01
2.859634e-28
-8.380204e-01
2.880458e-29
-8.070344e-01
2.660539e-30
-7.771941e-01
2.245900e-31
-7.484571e-01
1.726728e-32
-7.207826e-01
1.204796e-33
-6.941314e-01
7.600502e-35
-6.684656e-01
4.318500e-36
-6.437488e-01
2.201119e-37
-6.199458e-01
1.002229e-38
-5.970230e-01
4.059075e-40
-5.749478e-01
1.455721e-41
-5.536887e-01
4.601517e-43
-5.332157e-01
1.275858e-44
-5.134997e-01
3.087537e-46
-4.945127e-01
6.487561e-48
-4.762278e-01
1.177285e-49
-4.586189e-01
1.834857e-51
-4.416611e-01
2.442042e-53
-4.253304e-01
2.759063e-55
-4.096034e-01
2.630130e-57
-3.944580e-01
2.102198e-59
-3.798725e-01
1.399765e-61
-3.658264e-01
7.713753e-64
-3.522996e-01
3.494650e-66
-3.392730e-01
1.292828e-68
-3.267281e-01
3.879279e-71
-3.146470e-01
9.378872e-74
-3.030126e-01
1.815322e-76
-2.918084e-01
2.796076e-79
-2.810185e-01
3.408831e-82
-2.706275e-01
3.275044e-85
-2.606208e-01
2.472281e-88
-2.509840e-01
1.465026e-91
-2.417036e-01
6.827991e-95
-2.327664e-01
2.517506e-98
-2.241595e-01
7.425060e-102
-2.158710e-01
1.783775e-105
-2.078889e-01
3.586587e-109
-2.002020e-01
6.272758e-113
-1.927993e-01
1.005506e-116
-1.856703e-01
1.581401e-120
-1.788049e-01
2.656864e-124
-1.721934e-01
5.277860e-128
-1.658263e-01
1.391284e-131
-1.596947e-01
5.511458e-135
-1.537898e-01
3.725118e-138
-1.481033e-01
4.855982e-141
-1.426270e-01
1.365964e-143
-1.373532e-01
9.144453e-146
-1.322744e-01
1.581112e-147
-1.273834e-01
7.541486e-149
-1.226733e-01
1.044646e-149
-1.181373e-01
4.370122e-150
-1.137690e-01
5.684558e-150
-1.095623e-01
2.348860e-149
-1.055111e-01
3.130891e-148
-1.016098e-01
1.361097e-146
-9.785264e-02
1.944709e-144
-9.423445e-02
9.180358e-142
-9.075005e-02
1.436970e-138
-8.739450e-02
7.475184e-135
-8.416302e-02
1.294189e-130
-8.105104e-02
7.463004e-126
-7.805412e-02
1.433866e-120
-7.516803e-02
9.178626e-115
-7.238865e-02
1.957099e-108
-6.971205e-02
1.389404e-101
-6.713442e-02
3.282329e-94
-6.465211e-02
2.578620e-86
-6.226158e-02
6.731683e-78
-5.995946e-02
5.835028e-69
-5.774246e-02
1.677934e-59
-5.560743e-02
1.599299e-49
-5.355136e-02
5.047796e-39
-5.157132e-02
5.270730e-28
-4.966449e-02
1.818880e-16
-4.782817e-02
2.072027e-04
-4.606202e-02
8.491517e-04
-1.805791e-01
1.533989e-01
-1.063240e-01
9.874229e-02
-1.296619e-01
1.033017e-01
-1.282758e-01
1.075954e-01
-1.266740e-01
1.116288e-01
-1.250275e-01
1.154800e-01
-1.233540e-01
1.191486e-01
-1.216576e-01
1.226455e-01
-1.199453e-01
