-2.775000e+01
-2.618434e+01
-2.461677e+01
-2.304727e+01
-2.147586e+01
-1.990253e+01
-1.832727e+01
-1.675010e+01
-1.517100e+01
-1.358998e+01
-1.200703e+01
-1.042216e+01
-8.835366e+00
-7.246643e+00
-5.655994e+00
-4.063416e+00
-2.468910e+00
-8.724737e-01
7.164166e-01
2.288323e+00
3.858599e+00
5.428694e+00
6.999144e+00
8.570230e+00
1.014212e+01
1.171494e+01
1.328876e+01
1.486364e+01
1.643962e+01
1.801674e+01
1.959501e+01
2.117446e+01
2.275509e+01
2.433691e+01
2.591992e+01
2.750413e+01
2.908953e+01
3.067611e+01
3.226387e+01
3.385279e+01
3.544288e+01
3.703410e+01
3.862645e+01
4.021990e+01
4.181444e+01
4.341005e+01
4.500670e+01
4.660437e+01
4.820302e+01
4.980263e+01
5.140317e+01
5.300460e+01
5.460689e+01
5.621000e+01
5.781389e+01
5.941851e+01
6.102382e+01
6.262977e+01
6.423631e+01
6.584338e+01
6.745094e+01
6.905890e+01
7.066722e+01
7.227583e+01
7.388464e+01
7.549360e+01
7.710261e+01
7.871160e+01
8.032048e+01
8.192914e+01
8.353751e+01
8.514546e+01
8.675290e+01
8.835971e+01
8.996577e+01
9.157095e+01
9.317513e+01
9.477815e+01
9.637988e+01
9.798016e+01
9.957883e+01
1.011757e+02
1.027706e+02
1.043634e+02
1.059539e+02
1.075418e+02
1.091269e+02
1.107091e+02
1.122880e+02
1.138634e+02
1.154352e+02
1.170029e+02
1.185664e+02
1.201253e+02
1.216794e+02
1.232283e+02
1.247717e+02
1.263092e+02
1.278405e+02
1.293653e+02
1.308831e+02
1.323936e+02
1.338963e+02
1.353909e+02
1.368770e+02
1.383540e+02
1.398215e+02
1.412791e+02
1.427263e+02
1.441626e+02
1.455876e+02
1.470007e+02
1.484014e+02
1.497892e+02
1.511637e+02
1.525242e+02
1.538703e+02
1.552015e+02
1.565172e+02
1.578170e+02
1.591003e+02
1.603667e+02
1.616156e+02
1.628466e+02
1.640592e+02
1.652530e+02
1.664276e+02
1.675826e+02
1.687175e+02
1.698321e+02
1.709259e+02
1.719987e+02
1.730502e+02
1.740802e+02
1.750885e+02
1.760748e+02
1.770390e+02
1.779810e+02
1.789007e+02
1.797981e+02
1.806731e+02
1.815258e+02
1.823562e+02
1.831644e+02
1.839505e+02
1.847146e+02
1.854570e+02
1.861778e+02
1.868773e+02
1.875556e+02
1.882132e+02
1.888502e+02
1.894670e+02
1.900640e+02
1.906414e+02
1.911996e+02
1.917391e+02
1.922601e+02
1.927632e+02
1.932486e+02
1.937169e+02
1.941684e+02
1.946036e+02
1.950228e+02
1.954265e+02
1.958151e+02
1.961890e+02
1.965487e+02
1.968945e+02
1.972269e+02
1.975463e+02
1.978530e+02
1.981476e+02
1.984302e+02
1.987015e+02
1.989616e+02
1.992110e+02
1.994500e+02
1.996791e+02
1.998984e+02
2.001084e+02
2.003094e+02
2.005017e+02
2.006856e+02
2.008614e+02
2.010294e+02
2.011899e+02
2.013431e+02
2.014894e+02
2.016289e+02
2.017620e+02
2.018889e+02
2.020097e+02
2.021248e+02
2.022344e+02
2.023386e+02
2.024377e+02
2.025319e+02
2.026214e+02
2.027063e+02
2.027869e+02
2.028633e+02
2.029356e+02
2.030041e+02
2.030690e+02
2.031302e+02
2.031881e+02
2.032427e+02
2.032942e+02
2.033428e+02
2.033884e+02
2.034314e+02
2.034717e+02
2.035096e+02
2.035450e+02
2.035782e+02
2.036093e+02
2.036382e+02
2.036652e+02
2.036903e+02
2.037136e+02
2.037353e+02
2.037553e+02
2.037738e+02
2.037908e+02
2.038065e+02
2.038208e+02
2.038340e+02
2.038460e+02
2.038569e+02
2.038668e+02
2.038757e+02
2.038837e+02
2.038909e+02
2.038973e+02
2.039030e+02
2.039079e+02
2.039123e+02
2.039161e+02
2.039194e+02
2.039222e+02
2.039246e+02
2.039266e+02
2.039282e+02
2.039295e+02
2.039306e+02
2.039314e+02
2.039321e+02
2.039326e+02
2.039330e+02
2.039333e+02
2.039336e+02
2.039339e+02
2.039341e+02
2.039345e+02
2.039349e+02
2.039354e+02
2.039360e+02
2.039368e+02
2.039378e+02
2.039389e+02
2.039404e+02
2.039421e+02
2.039440e+02
2.039463e+02
2.039489e+02
2.039518e+02
2.039551e+02
2.039588e+02
2.039629e+02
2.039675e+02
2.039724e+02
2.039779e+02
2.039838e+02
2.039902e+02
2.039971e+02
2.040046e+02
2.040126e+02
2.040211e+02
2.040302e+02
2.040399e+02
2.040503e+02
2.040612e+02
2.040727e+02
2.040849e+02
2.040977e+02
2.041112e+02
2.041254e+02
2.041403e+02
2.041558e+02
2.041721e+02
2.041890e+02
2.042067e+02
2.042252e+02
2.042444e+02
2.042643e+02
2.042850e+02
2.043065e+02
2.043287e+02
2.043517e+02
2.043756e+02
2.044002e+02
2.044257e+02
2.044519e+02
2.044790e+02
2.045069e+02
2.045357e+02
2.045653e+02
2.045957e+02
2.046271e+02
2.046592e+02
2.046923e+02
2.047262e+02
2.047610e+02
2.047967e+02
2.048332e+02
2.048707e+02
2.049090e+02
2.049483e+02
2.049885e+02
2.050295e+02
2.050715e+02
2.051144e+02
2.051583e+02
2.052030e+02
2.052487e+02
2.052953e+02
2.053429e+02
2.053914e+02
2.054408e+02
2.054912e+02
2.055425e+02
2.055948e+02
2.056480e+02
2.057022e+02
2.057573e+02
2.058134e+02
2.058705e+02
2.059285e+02
2.059875e+02
2.060475e+02
2.061084e+02
2.061703e+02
2.062332e+02
2.062970e+02
2.063618e+02
2.064276e+02
2.064944e+02
2.065621e+02
2.066309e+02
2.067006e+02
2.067712e+02
2.068429e+02
2.069156e+02
2.069892e+02
2.070638e+02
2.071394e+02
2.072160e+02
2.072936e+02
2.073721e+02
2.074516e+02
2.075322e+02
2.076137e+02
2.076961e+02
2.077796e+02
2.078641e+02
2.079495e+02
2.080359e+02
2.081233e+02
2.082117e+02
2.083010e+02
2.083914e+02
2.084827e+02
2.085750e+02
2.086683e+02
2.087625e+02
2.088578e+02
2.089540e+02
2.090512e+02
2.091493e+02
2.092484e+02
2.093485e+02
2.094496e+02
2.095516e+02
2.096546e+02
2.097586e+02
2.098635e+02
2.099694e+02
2.100762e+02
2.101840e+02
2.102928e+02
2.104025e+02
2.105132e+02
2.106248e+02
2.107373e+02
2.108508e+02
2.109653e+02
2.110807e+02
2.111970e+02
2.113143e+02
2.114325e+02
2.115517e+02
2.116727e+02
2.117955e+02
2.119203e+02
2.120470e+02
2.121757e+02
2.123062e+02
2.124387e+02
2.125730e+02
2.127093e+02
2.128475e+02
2.129876e+02
2.131296e+02
2.132735e+02
2.134192e+02
2.135669e+02
2.137165e+02
2.138679e+02
2.140213e+02
2.141765e+02
2.143336e+02
2.144926e+02
2.146534e+02
2.148161e+02
2.149807e+02
2.151471e+02
2.153155e+02
2.154856e+02
2.156577e+02
2.158315e+02
2.160073e+02
2.161848e+02
2.163642e+02
2.165449e+02
2.167202e+02
2.168890e+02
2.170519e+02
2.172095e+02
2.173622e+02
2.175106e+02
2.176550e+02
2.177957e+02
2.179331e+02
2.180674e+02
2.181990e+02
2.183280e+02
2.184546e+02
2.185791e+02
2.187016e+02
2.188222e+02
2.189412e+02
2.190587e+02
2.191747e+02
2.192894e+02
2.194029e+02
2.195153e+02
2.196267e+02
2.197372e+02
2.198468e+02
2.199556e+02
2.200637e+02
2.201711e+02
2.202780e+02
2.203843e+02
2.204901e+02
2.205955e+02
2.207005e+02
2.208051e+02
2.209095e+02
2.210135e+02
2.211173e+02
2.212208e+02
2.213242e+02
2.214275e+02
2.215305e+02
2.216335e+02
2.217364e+02
2.218393e+02
2.219421e+02
2.220448e+02
2.221476e+02
2.222503e+02
2.223531e+02
2.224559e+02
2.225588e+02
2.226617e+02
2.227647e+02
2.228678e+02
2.229710e+02
2.230742e+02
2.231776e+02
2.232811e+02
2.233847e+02
2.234884e+02
2.235923e+02
2.236963e+02
2.238004e+02
2.239047e+02
2.240091e+02
2.241136e+02
2.242184e+02
2.243232e+02
2.244282e+02
2.245334e+02
2.246387e+02
2.247442e+02
2.248498e+02
2.249556e+02
2.250615e+02
2.251676e+02
2.252739e+02
2.253802e+02
2.254867e+02
2.255934e+02
2.257002e+02
2.258071e+02
2.259142e+02
2.260214e+02
2.261288e+02
2.262362e+02
2.263438e+02
2.264515e+02
2.265593e+02
2.266672e+02
2.267753e+02
2.268834e+02
2.269916e+02
2.270999e+02
2.272083e+02
2.273168e+02
2.274254e+02
2.275341e+02
2.276428e+02
2.277516e+02
2.278604e+02
2.279694e+02
2.280783e+02
2.281873e+02
2.282964e+02
2.284055e+02
2.285146e+02
2.286238e+02
2.287330e+02
2.288422e+02
2.289514e+02
2.290606e+02
2.291699e+02
2.292791e+02
2.293884e+02
2.294976e+02
2.296068e+02
2.297160e+02
2.298252e+02
2.299344e+02
2.300435e+02
2.301527e+02
2.302617e+02
2.303708e+02
2.304797e+02
2.305887e+02
2.306976e+02
2.308064e+02
2.309152e+02
2.310239e+02
2.311325e+02
2.312411e+02
2.313496e+02
2.314580e+02
2.315664e+02
2.316746e+02
2.317828e+02
2.318909e+02
2.319988e+02
2.321067e+02
2.322145e+02
2.323222e+02
2.324298e+02
2.325373e+02
2.326446e+02
2.327519e+02
2.328590e+02
2.329660e+02
2.330729e+02
2.331797e+02
2.332863e+02
2.333929e+02
2.334993e+02
2.336055e+02
2.337116e+02
2.338176e+02
2.339235e+02
2.340292e+02
2.341348e+02
2.351776e+02
2.352249e+02
2.352722e+02
2.353194e+02
2.353666e+02
2.354136e+02
2.354607e+02
2.355076e+02
2.355545e+02
2.356013e+02
2.356480e+02
2.356947e+02
2.357413e+02
2.357879e+02
2.358343e+02
2.358807e+02
2.359270e+02
2.359733e+02
2.360194e+02
2.360655e+02
2.361115e+02
2.361575e+02
2.362033e+02
2.362491e+02
2.362948e+02
2.363404e+02
2.363860e+02
2.364315e+02
2.364769e+02
2.365222e+02
2.365674e+02
2.366126e+02
2.366576e+02
2.367026e+02
2.367476e+02
2.367924e+02
2.368371e+02
2.368818e+02
2.369264e+02
2.369709e+02
2.370154e+02
2.370597e+02
2.371040e+02
2.371482e+02
2.371923e+02
2.372363e+02
2.372803e+02
2.373241e+02
2.373679e+02
2.374116e+02
2.374552e+02
2.374988e+02
2.375422e+02
2.375856e+02
2.376289e+02
2.376721e+02
2.377153e+02
2.377583e+02
2.378013e+02
2.378442e+02
2.378870e+02
2.379297e+02
2.379724e+02
2.380150e+02
2.380574e+02
2.380999e+02
2.381422e+02
2.381844e+02
2.382266e+02
2.382687e+02
2.383107e+02
2.383527e+02
2.383945e+02
2.384363e+02
2.384780e+02
2.385197e+02
2.385612e+02
2.386027e+02
2.386441e+02
2.386854e+02
2.387266e+02
2.387678e+02
2.388089e+02
2.388499e+02
2.388908e+02
2.389317e+02
2.389725e+02
2.390132e+02
2.390538e+02
2.390944e+02
2.391349e+02
2.391753e+02
2.392156e+02
2.392559e+02
2.392961e+02
2.393362e+02
2.393762e+02
2.394162e+02
2.394561e+02
2.394959e+02
2.395357e+02
2.395753e+02
2.396150e+02
2.396545e+02
2.396940e+02
2.397333e+02
2.397727e+02
2.398119e+02
2.398511e+02
2.398902e+02
2.399293e+02
2.399682e+02
2.400071e+02
2.400460e+02
2.400847e+02
2.401234e+02
2.401621e+02
2.402010e+02
2.402385e+02
2.402744e+02
2.403096e+02
2.403455e+02
2.403824e+02
2.404202e+02
2.404588e+02
2.404984e+02
2.405389e+02
2.405803e+02
2.406226e+02
2.406657e+02
2.407098e+02
2.407546e+02
2.407997e+02
2.408445e+02
2.408887e+02
2.409322e+02
2.409747e+02
2.410162e+02
2.410566e+02
2.410958e+02
2.411338e+02
2.411706e+02
2.412063e+02
2.412407e+02
2.412740e+02
2.413061e+02
2.413370e+02
2.413669e+02
2.413957e+02
2.414235e+02
2.414503e+02
2.414761e+02
2.415010e+02
2.415249e+02
2.415480e+02
2.415702e+02
2.415916e+02
2.416123e+02
2.416321e+02
2.416513e+02
2.416697e+02
2.416875e+02
2.417046e+02
2.417210e+02
2.417369e+02
2.417522e+02
2.417669e+02
2.417810e+02
2.417947e+02
2.418078e+02
2.418205e+02
2.418326e+02
2.418444e+02
2.418557e+02
2.418666e+02
2.418770e+02
2.418871e+02
2.418968e+02
2.419062e+02
2.419152e+02
2.419239e+02
2.419323e+02
2.419403e+02
2.419481e+02
2.419555e+02
2.419627e+02
2.419696e+02
2.419763e+02
2.419827e+02
2.419889e+02
2.419949e+02
2.420006e+02
2.420061e+02
2.420114e+02
2.420166e+02
2.420215e+02
2.420262e+02
2.420308e+02
2.420352e+02
2.420395e+02
2.420436e+02
2.420475e+02
2.420513e+02
2.420549e+02
2.420584e+02
2.420618e+02
2.420651e+02
2.420682e+02
2.420713e+02
2.420742e+02
2.420770e+02
2.420797e+02
2.420823e+02
2.420848e+02
2.420872e+02
2.420895e+02
2.420917e+02
2.420939e+02
2.420960e+02
2.420980e+02
2.420999e+02
2.421017e+02
2.421035e+02
2.421052e+02
2.421069e+02
2.421085e+02
2.421100e+02
2.421115e+02
2.421129e+02
2.421143e+02
2.421156e+02
2.421169e+02
2.421181e+02
2.421193e+02
2.421204e+02
2.421215e+02
2.421226e+02
2.421236e+02
2.421246e+02
2.421255e+02
2.421264e+02
2.421273e+02
2.421281e+02
2.421289e+02
2.421297e+02
2.421304e+02
2.421312e+02
2.421319e+02
2.421325e+02
2.421332e+02
2.421338e+02
2.421344e+02
2.421350e+02
2.421355e+02
2.421361e+02
2.421366e+02
2.421371e+02
2.421376e+02
2.421380e+02
2.421385e+02
2.421389e+02
2.421393e+02
2.421397e+02
2.421401e+02
2.421404e+02
2.421408e+02
2.421411e+02
2.421415e+02
2.421418e+02
2.421421e+02
2.421424e+02
2.421426e+02
2.421429e+02
2.421432e+02
2.421434e+02
2.421437e+02
2.421439e+02
2.421441e+02
2.421443e+02
2.421446e+02
2.421448e+02
2.421449e+02
2.421451e+02
2.421453e+02
2.421455e+02
2.421457e+02
2.421458e+02
2.421460e+02
2.421461e+02
2.421463e+02
2.421464e+02
2.421465e+02
2.421467e+02
2.421468e+02
2.421469e+02
2.421470e+02
2.421471e+02
2.421472e+02
2.421473e+02
2.421474e+02
2.421475e+02
2.421476e+02
2.421477e+02
2.421478e+02
2.421479e+02
2.421479e+02
2.421480e+02
2.421481e+02
2.421482e+02
2.421482e+02
2.421483e+02
2.421484e+02
2.421484e+02
2.421485e+02
2.421485e+02
2.421486e+02
2.421486e+02
2.421487e+02
2.421487e+02
2.421488e+02
2.421488e+02
2.421489e+02
2.421489e+02
2.421489e+02
2.421490e+02
2.421490e+02
2.421491e+02
2.421491e+02
2.421491e+02
2.421492e+02
2.421492e+02
2.421492e+02
2.421492e+02
2.421493e+02
2.421493e+02
2.421493e+02
2.421493e+02
2.421494e+02
2.421494e+02
2.421495e+02
2.421496e+02
2.421496e+02
2.421497e+02
2.421498e+02
2.421498e+02
2.421499e+02
2.421499e+02
