 0.352
 0.352
 0.352
 0.353
 0.353
 0.353
 0.353
 0.353
 0.353
 0.353
 0.353
 0.354
 0.354
 0.354
 0.354
 0.354
 0.354
 0.354
 0.354
 0.355
 1.990
 0.993
 0.698
 0.565
 0.494
 0.452
 0.426
 0.408
 0.396
 0.387
 0.381
 0.377
 0.374
 0.372
 0.370
 0.369
 0.369
 0.369
 0.370
 0.371
 0.372
 0.374
 0.376
 0.378
 0.381
 0.384
 0.387
 0.391
 0.396
 0.400
 0.406
 0.411
 0.418
 0.425
 0.432
 0.441
 0.450
 0.459
 0.470
 0.481
 0.493
 0.507
 0.521
 0.536
 0.552
 0.570
 0.589
 0.609
 0.630
 0.653
 0.677
 0.702
 0.730
 0.758
 0.789
 0.821
 0.855
 0.892
 0.930
 0.970
 1.012
 1.057
 1.104
 1.154
 1.206
 1.260
 1.317
 1.378
 1.441
 1.507
 1.576
 1.649
 1.724
 1.804
 1.886
 1.973
 2.063
 2.157
 2.255
 2.357
 2.463
 2.573
 2.687
 2.806
 2.929
 3.056
 3.188
 3.324
 3.465
 3.610
 3.759
 3.913
 4.070
 4.232
 4.398
 4.567
 4.740
 4.916
 5.095
 5.277
 5.462
 5.648
 5.837
 6.026
 6.216
 6.407
 6.597
 6.787
 6.976
 7.162
 7.346
 7.528
 7.705
 7.878
 8.047
 8.209
 8.366
 8.516
 8.659
 8.794
 8.920
 9.038
 9.147
 9.246
 9.335
 9.414
 9.482
 9.540
 9.587
 9.624
 9.650
 9.665
 9.669
 9.663
 9.647
 9.621
 9.585
 9.540
 9.486
 9.424
 9.353
 9.274
 9.189
 9.096
 8.998
 8.893
 8.784
 8.669
 8.550
 8.427
 8.301
 8.172
 8.041
 7.907
 7.771
 7.635
 7.497
 7.358
 7.219
 7.081
 6.942
 6.804
 6.666
 6.529
 6.394
 6.260
 6.127
 5.995
 5.866
 5.738
 5.612
 5.488
 5.367
 5.247
 5.129
 5.014
 4.901
 4.790
 4.682
 4.576
 4.472
 4.370
 4.271
 4.174
 4.079
 3.986
 3.896
 3.807
 3.721
 3.637
 3.555
 3.475
 3.398
 3.322
 3.248
 3.176
 3.105
 3.037
 2.970
 2.905
 2.842
 2.780
 2.720
 2.662
 2.605
 2.549
 2.495
 2.443
 2.392
 2.342
 2.293
 2.246
 2.200
 2.155
 2.111
 2.068
 2.027
 1.986
 1.947
 1.909
 1.871
 1.835
 1.799
 1.764
 1.731
 1.698
 1.666
 1.635
 1.604
 1.574
 1.545
 1.517
 1.489
 1.463
 1.436
 1.411
 1.386
 1.361
 1.338
 1.314
 1.292
 1.270
 1.248
 1.227
 1.207
 1.186
 1.167
 1.148
 1.129
 1.111
 1.093
 1.075
 1.058
 1.042
 1.025
 1.009
12.835
 9.729
 7.623
 6.129
 5.033
 4.204
 3.564
 3.058
 2.653
 2.322
 2.050
 1.823
 1.631
 1.469
 1.329
 1.209
 1.105
 1.014
 0.934
 0.864
 0.801
 0.746
 0.696
 0.652
 0.612
 0.576
 0.543
 0.514
 0.487
 0.463
 0.440
 0.420
 0.401
 0.383
 0.367
 0.352
 0.339
 0.326
 0.314
 0.303
 0.292
 0.282
 0.273
 0.264
 0.256
 0.248
 0.240
 0.233
 0.226
 0.220
 0.213
 0.207
 0.202
 0.196
 0.191
 0.185
 0.180
 0.175
 0.171
 0.166
 0.162
 0.157
 0.153
 0.149
 0.145
 0.141
 0.137
 0.134
 0.130
 0.127
 0.123
 0.120
 0.117
 0.114
 0.110
 0.108
 0.105
 0.102
 0.099
 0.096
 0.094
 0.091
 0.089
 0.086
 0.084
 0.082
 0.079
 0.077
 0.075
 0.073
 0.071
 0.069
 0.067
 0.065
 0.064
 0.062
 0.060
 0.059
 0.057
 0.055
 0.054
 0.052
 0.051
 0.050
 0.048
 0.047
 0.046
 0.045
 0.044
 0.042
 0.041
 0.040
 0.039
 0.038
 0.037
 0.037
 0.036
 0.035
 0.034
 0.033
 0.033
 0.032
 0.031
 0.030
 0.030
 0.029
 0.029
 0.028
 0.028
 0.027
 0.027
 0.026
 0.026
 0.025
 0.025
 0.024
 0.024
 0.023
 0.023
 0.023
 0.022
 0.022
 0.022
 0.022
 0.021
 0.021
 0.021
 0.020
 0.020
 0.020
 0.020
 0.020
 0.019
 0.019
 0.019
 0.019
 0.019
 0.018
 0.018
 0.018
 0.018
 0.018
 0.018
 0.018
 0.017
 0.017
 0.017
 0.017
 0.017
 0.017
 0.017
 0.017
 0.017
 0.017
 0.016
 0.016
 0.016
 0.016
 0.016
 0.016
 0.016
 0.016
 0.016
 0.016
 0.016
 0.016
 0.016
 0.016
 0.015
 0.015
 0.015
 0.015
 0.015
 0.015
 0.015
 0.015
 0.015
 0.015
 0.015
 0.015
 0.015
 0.015
 0.015
 0.015
 0.015
 0.015
 0.015
 0.015
 0.014
 0.014
 0.014
 0.014
 0.014
 0.014
 0.014
 0.014
 0.014
 0.014
 0.014
 0.014
 0.014
 0.014
 0.014
 0.014
 0.014
 0.014
 0.014
 0.014
 0.014
 0.014
 0.014
 0.014
 0.014
 0.014
 0.013
 0.013
 0.013
 0.013
 0.013
 0.013
 0.013
 0.013
 0.013
 0.013
 0.013
 0.013
 0.013
 0.013
 0.013
 0.013
 0.013
 0.013
 0.013
 0.013
 0.013
 0.013
 0.013
 0.013
 0.013
 0.013
 0.013
 0.013
 0.013
 0.013
 0.013
 0.012
 0.012
 0.012
 0.012
 0.012
 0.373
 0.661
 0.680
 0.673
 0.374
 0.374
 0.373
 0.373
 0.372
 0.372
 0.372
 0.371
 0.371
 0.370
 0.370
 0.369
 0.369
 0.368
 0.368
 0.367
 0.367
 0.366
 0.363
 0.236
 0.021
 0.149
 0.244
 0.306
 0.356
 0.394
 0.419
 0.434
 0.442
 0.444
 0.443
 0.438
 0.431
 0.422
 0.412
 0.402
 0.390
 0.379
 0.367
 0.355
 0.343
 0.331
 0.320
 0.309
 0.298
 0.287
 0.277
 0.267
 0.257
 0.248
 0.239
 0.230
 0.222
 0.214
 0.206
 0.198
 0.191
 0.184
 0.177
 0.171
 0.164
 0.158
 0.152
 0.147
 0.141
 0.136
 0.131
 0.126
 0.122
 0.117
 0.113
 0.109
 0.105
 0.101
 0.097
 0.093
 0.090
 0.087
 0.083
 0.080
 0.077
 0.074
 0.072
 0.069
 0.066
 0.064
 0.062
 0.059
 0.057
 0.055
 0.053
 0.051
 0.049
 0.047
 0.046
 0.044
 0.042
 0.041
 0.039
 0.038
 0.036
 0.035
 0.034
 0.033
 0.031
 0.030
 0.029
 0.028
 0.027
 0.026
 0.025
 0.024
 0.023
 0.022
 0.021
 0.021
 0.020
 0.019
 0.018
 0.018
 0.017
 0.016
 0.016
 0.015
 0.015
 0.014
 0.014
 0.013
 0.013
 0.012
 0.012
 0.011
 0.011
 0.010
 0.010
 0.010
 0.009
 0.009
 0.009
 0.008
 0.008
 0.008
 0.007
 0.007
 0.007
 0.007
 0.006
 0.006
 0.006
 0.006
 0.006
 0.005
 0.005
 0.005
 0.005
 0.005
 0.004
 0.004
 0.004
 0.004
 0.004
 0.004
 0.004
 0.003
 0.003
 0.003
 0.003
 0.003
 0.003
 0.003
 0.003
 0.003
 0.002
 0.002
 0.002
 0.002
 0.002
 0.002
 0.002
 0.002
 0.002
 0.002
 0.002
 0.002
 0.002
 0.001
 0.001
 0.001
 0.001
 0.001
 0.001
 0.001
 0.001
 0.001
 0.001
 0.001
 0.001
 0.001
 0.001
 0.001
 0.001
 0.001
 0.001
 0.001
 0.001
 0.001
 0.001
 0.001
 0.001
 0.001
 0.001
 0.001
 0.001
 0.001
 0.000
 0.000
 0.000
 0.000
 0.000
 0.000
 0.000
 0.000
 0.000
 0.000
 0.020
 0.198
 0.053
 0.266
 0.276
 0.287
 0.298
 0.310
 0.320
