5000.000
5000.447
5000.895
5001.344
5001.794
5002.244
5002.695
5003.147
5003.599
5004.052
5004.506
5004.961
5005.416
5005.872
5006.329
5006.787
5007.245
5007.704
5008.164
5008.624
4950.435
4943.804
4939.971
4937.232
4935.077
4933.279
4931.722
4930.333
4929.068
4927.894
4926.789
4925.737
4924.723
4923.738
4922.773
4921.821
4920.876
4919.931
4918.984
4918.028
4917.061
4916.079
4915.078
4914.054
4913.006
4911.929
4910.820
4909.677
4908.496
4907.275
4906.010
4904.698
4903.335
4901.919
4900.447
4898.914
4897.317
4895.652
4893.916
4892.104
4890.212
4888.236
4886.171
4884.013
4881.756
4879.396
4876.927
4874.344
4871.640
4868.810
4865.846
4862.744
4859.494
4856.091
4852.526
4848.792
4844.880
4840.782
4836.488
4831.989
4827.276
4822.337
4817.162
4811.741
4806.060
4800.109
4793.874
4787.343
4780.502
4773.337
4765.832
4757.975
4749.747
4741.134
4732.119
4722.684
4712.811
4702.484
4691.682
4680.388
4668.580
4656.241
4643.348
4629.882
4615.822
4601.147
4585.835
4569.865
4553.216
4535.867
4517.797
4498.985
4479.410
4459.053
4437.894
4415.915
4393.099
4369.428
4344.888
4319.464
4293.143
4265.916
4237.772
4208.705
4178.709
4147.782
4115.924
4083.137
4049.425
4014.796
3979.261
3942.834
3905.530
3867.369
3828.374
3788.570
3747.985
3706.651
3664.602
3621.875
3578.509
3534.545
3490.029
3445.005
3399.522
3353.627
3307.373
3260.809
3213.989
3166.964
3119.786
3072.509
3025.184
2977.863
2930.596
2883.432
2836.419
2789.604
2743.031
2696.743
2650.781
2605.183
2559.986
2515.223
2470.927
2427.128
2383.851
2341.123
2298.964
2257.395
2216.435
2176.098
2136.398
2097.346
2058.952
2021.223
1984.165
1947.783
1912.078
1877.052
1842.704
1809.033
1776.036
1743.709
1712.048
1681.046
1650.697
1620.994
1591.928
1563.491
1535.675
1508.469
1481.864
1455.850
1430.416
1405.551
1381.245
1357.486
1334.265
1311.568
1289.386
1267.707
1246.520
1225.814
1205.579
1185.802
1166.474
1147.584
1129.121
1111.075
1093.436
1076.193
1059.338
1042.860
1026.750
1010.999
995.597
980.536
965.807
951.401
937.311
923.528
910.045
896.853
883.945
871.315
858.954
846.856
835.014
823.421
812.072
800.960
790.079
779.422
768.985
758.762
748.747
738.936
729.322
719.901
710.669
701.620
692.749
684.054
675.529
667.169
658.972
650.933
643.048
635.313
627.725
620.281
612.977
605.809
598.775
591.870
585.093
578.441
571.910
565.497
559.200
553.016
546.943
540.979
535.120
529.364
523.709
518.154
512.694
507.330
502.058
496.876
491.783
486.777
481.856
477.017
420.542
365.754
323.548
290.066
262.879
240.383
221.475
205.375
191.511
179.460
168.897
159.572
151.287
143.888
137.245
131.257
125.839
120.919
116.438
112.347
108.603
105.170
102.016
99.114
96.440
93.973
91.696
89.592
87.647
85.847
84.181
82.640
81.212
79.891
78.668
77.536
76.488
75.519
74.622
73.794
73.028
72.322
71.670
71.068
70.514
70.004
69.534
69.103
68.706
68.342
68.009
67.703
67.423
67.167
66.933
66.719
66.524
66.346
66.184
66.036
65.902
65.779
65.668
65.566
65.473
65.389
65.311
65.241
65.176
65.116
65.062
65.011
64.963
64.919
64.878
64.838
64.801
64.765
64.731
64.697
64.665
64.632
64.600
64.569
64.537
64.505
64.472
64.440
64.406
64.372
64.338
64.302
64.266
64.229
64.191
64.151
64.111
64.070
64.028
63.992
63.954
63.915
63.873
63.831
63.786
63.740
63.693
63.644
63.594
63.542
63.489
63.434
63.379
63.322
63.264
63.205
63.145
63.084
63.022
62.959
62.895
62.830
62.765
62.698
62.631
62.563
62.495
62.426
62.356
62.286
62.215
62.144
62.072
62.000
61.927
61.854
61.781
61.707
61.633
61.559
61.484
61.409
61.334
61.259
61.183
61.108
61.032
60.956
60.880
60.803
60.727
60.651
60.574
60.498
60.421
60.345
60.268
60.192
60.115
60.038
59.962
59.885
59.809
59.732
59.656
59.580
59.503
59.427
59.351
59.275
59.199
59.123
59.048
58.972
58.896
58.821
58.746
58.671
58.596
58.521
58.446
58.371
58.297
58.222
58.148
58.074
58.000
57.926
57.853
57.779
57.706
57.633
57.560
57.487
57.414
57.342
57.270
57.197
57.125
57.053
56.982
56.910
56.839
56.768
56.697
56.626
56.555
56.485
56.414
56.344
56.274
56.204
56.134
56.065
55.996
55.926
55.857
55.789
55.720
55.651
55.583
55.515
55.447
55.379
55.311
55.244
55.177
55.109
55.042
54.976
54.909
54.842
54.776
54.710
54.644
54.578
54.512
54.447
54.381
54.316
54.251
54.186
54.121
54.057
53.992
53.928
53.864
53.800
53.736
53.673
53.609
53.546
53.483
53.419
53.357
53.294
53.231
53.169
53.107
53.044
52.982
52.921
52.859
52.797
52.736
52.675
52.614
52.553
52.492
52.431
52.440
52.710
49.383
46.047
46.863
48.696
50.528
52.357
54.185
56.011
57.835
59.656
61.476
63.293
65.108
66.921
68.732
70.540
72.345
74.147
75.947
77.744
79.538
81.073
81.677
81.309
80.318
78.957
77.324
75.476
73.476
71.378
69.227
67.050
64.873
62.711
60.578
58.485
56.437
54.440
52.498
50.613
48.785
47.015
45.304
43.650
42.052
40.510
39.023
37.588
36.204
34.870
33.585
32.346
31.152
30.002
28.894
27.827
26.799
25.809
24.855
23.936
23.052
22.200
21.379
20.589
19.827
19.094
18.388
17.709
17.054
16.423
15.816
15.231
14.668
14.126
13.603
13.100
12.616
12.150
11.700
11.268
10.851
10.450
10.064
 9.691
 9.333
 8.988
 8.656
 8.336
 8.027
 7.731
 7.445
 7.170
 6.904
 6.649
 6.403
 6.167
 5.939
 5.719
 5.508
 5.304
 5.108
 4.919
 4.737
 4.562
 4.393
 4.231
 4.074
 3.924
 3.779
 3.639
 3.504
 3.375
 3.250
 3.130
 3.014
 2.903
 2.795
 2.692
 2.592
 2.497
 2.404
 2.315
 2.230
 2.147
 2.068
 1.992
 1.918
 1.847
 1.779
 1.713
 1.650
 1.589
 1.530
 1.473
 1.419
 1.366
 1.316
 1.267
 1.220
 1.175
 1.132
 1.090
 1.050
 1.011
 0.973
 0.937
 0.903
 0.869
 0.837
 0.806
 0.776
 0.748
 0.720
 0.693
 0.668
 0.643
 0.619
 0.596
 0.574
 0.553
 0.533
 0.513
 0.494
 0.476
 0.458
 0.441
 0.425
 0.409
 0.394
 0.380
 0.365
 0.352
 0.339
 0.326
 0.314
 0.303
 0.292
 0.281
 0.270
 0.260
 0.251
 0.241
 0.233
 0.224
 0.216
 0.208
 0.200
 0.193
 0.186
 0.179
 0.172
 0.166
 0.160
 0.154
 0.148
 0.142
 0.137
 0.132
 0.127
 0.123
 0.118
 0.114
 0.109
 0.105
 0.102
 0.098
 0.094
 0.091
 0.087
 0.084
 0.081
 0.078
 0.075
 0.072
 0.070
 0.067
 0.065
 0.062
 0.060
 0.058
 0.056
 0.054
 0.052
 0.050
 0.048
 0.046
 0.164
 0.218
 0.069
 0.164
 0.166
 0.167
 0.169
 0.170
 0.171
