 0.000
125000.000
2414.815
124352.521
4829.629
123704.178
7244.444
123054.971
9659.259
122404.900
12074.074
121753.964
14488.888
121102.162
16903.703
120449.495
19318.518
119795.962
21733.332
119141.564
24148.147
118486.298
26562.962
117830.166
28977.777
117173.167
31392.591
116515.301
33807.406
115856.567
36222.221
115196.964
38637.035
114536.494
41051.850
113875.154
43466.665
113212.946
45881.479
112549.868
48274.830
111894.181
50660.291
111240.658
53043.208
110587.242
55424.399
109933.621
57804.238
109279.649
60182.940
108625.244
62560.642
107970.353
64937.439
107314.941
67313.398
106658.979
69688.568
106002.451
72062.987
105345.340
74436.684
104687.636
76809.678
104029.331
79181.985
103370.419
81553.617
102710.895
83924.580
102050.756
86294.880
101390.002
88664.517
100728.630
91033.491
100066.641
93401.799
99404.036
95769.436
98740.818
98136.396
98076.988
100502.670
97412.549
102868.248
96747.506
105233.120
96081.863
107597.272
95415.624
109960.691
94748.796
112323.359
94081.384
114685.261
93413.395
117046.378
92744.836
119406.690
92075.715
121766.175
91406.040
124124.810
90735.821
126482.572
90065.068
128839.433
89393.789
131195.367
88721.997
133550.344
88049.703
135904.334
87376.919
138257.302
86703.658
140609.216
86029.934
142960.038
85355.761
145309.730
84681.156
147658.251
84006.133
150005.559
83330.711
152351.609
82654.907
154696.353
81978.740
157039.742
81302.230
159381.724
80625.398
161722.243
79948.267
164061.242
79270.859
166398.661
78593.199
168734.435
77915.313
171068.498
77237.228
173400.780
76558.973
175731.207
75880.576
178059.702
75202.069
180386.183
74523.486
182710.567
73844.861
185032.764
73166.230
187352.681
72487.632
189670.219
71809.105
191985.276
71130.692
194297.746
70452.437
196607.515
69774.385
198914.465
69096.586
201218.474
68419.088
203519.413
67741.946
205817.146
67065.213
208111.532
66388.949
210402.424
65713.214
212689.668
65038.070
214973.102
64363.585
217252.559
63689.826
219527.862
63016.866
221798.829
62344.781
224065.267
61673.648
226326.980
61003.549
228583.757
60334.571
230835.384
59666.801
233081.636
59000.331
235322.279
58335.258
237557.070
57671.682
239785.756
57009.705
242008.076
56349.436
244223.759
55690.985
246432.523
55034.469
248634.077
54380.005
250828.120
53727.717
253014.342
53077.733
255192.421
52430.182
257362.027
51785.201
259522.819
51142.928
261674.448
50503.505
263816.553
49867.079
265948.767
49233.799
268070.712
48603.819
270182.001
47977.293
272282.241
47354.382
274371.029
46735.247
276447.958
46120.053
278512.612
45508.965
280564.571
44902.152
282603.409
44299.784
284628.696
43702.030
286640.001
43109.062
288636.888
42521.051
290618.923
41938.169
292585.669
41360.585
294536.694
40788.467
296471.565
40221.983
298389.857
39661.297
300291.145
39106.570
302175.016
38557.959
304041.061
38015.617
305888.883
37479.694
307718.095
36950.332
309528.322
36427.667
311319.202
35911.831
313090.389
35402.946
314841.553
34901.129
316572.381
34406.486
318282.579
33919.118
319971.873
33439.114
321640.009
32966.556
323286.754
32501.515
324911.899
32044.052
326515.257
31594.220
328096.663
31152.060
329655.980
30717.604
331193.090
30290.873
332707.904
29871.878
334200.354
29460.619
335670.399
29057.089
337118.021
28661.268
338543.225
28273.127
339946.039
27892.631
341326.517
27519.731
342684.732
27154.373
344020.778
26796.495
345334.773
26446.024
346626.852
26102.884
347897.168
25766.989
349145.895
25438.247
350373.222
25116.562
351579.352
24801.830
352764.505
24493.946
353928.915
24192.795
355072.826
23898.264
356196.495
23610.232
357300.188
23328.578
358384.182
23053.176
359448.762
22783.901
360494.218
22520.622
361520.847
22263.212
362528.954
22011.538
363518.844
21765.470
364490.829
21524.876
365445.221
21289.625
366382.336
21059.586
367302.491
20834.627
368206.001
20614.621
369093.184
20399.437
369964.355
20188.949
370819.830
19983.031
371659.921
19781.559
372484.938
19584.411
373295.191
19391.466
374090.983
19202.606
374872.617
19017.714
375640.390
18836.676
376394.598
18659.381
377135.529
18485.718
377863.469
18315.580
378578.699
18148.863
379281.497
17985.464
379972.133
17825.282
380650.873
17668.221
381317.981
17514.184
381973.712
17363.079
382618.317
17214.816
383252.044
17069.306
383875.133
16926.464
384487.820
16786.206
385090.337
16648.451
385682.909
16513.120
386265.757
16380.136
386839.096
16249.425
387403.138
16120.915
387958.088
15994.534
388504.147
15870.216
389041.511
15747.893
389570.372
15627.501
390090.916
15508.978
390603.326
15392.263
391107.778
15277.297
391604.448
15164.024
392093.502
15052.388
392575.107
14942.335
393049.423
14833.814
393516.606
14726.774
393976.809
14621.166
394430.181
14516.943
394876.866
14414.059
395317.006
14312.468
395750.739
14212.129
396178.199
14112.999
396599.516
14015.037
397014.818
13918.204
397424.230
13822.463
397827.871
13727.775
398225.860
13634.105
398618.311
13541.418
399005.338
13449.681
399387.048
13358.860
399763.548
13268.925
400134.943
13179.844
400501.332
13091.587
400862.814
13004.126
401219.485
12917.432
401571.439
12831.478
401918.767
12746.238
402261.558
12661.687
402599.898
12577.799
402933.873
12494.550
403263.564
12411.917
403589.051
12329.877
403910.414
12248.409
404227.729
12167.490
404541.070
12087.101
404850.510
12007.221
405156.120
11927.830
405457.969
11848.910
405756.125
11770.443
406050.654
11692.409
406341.620
11614.793
406629.086
11537.577
406913.113
11460.745
407193.761
11384.281
407471.089
11308.170
407745.154
11232.397
408016.011
11156.947
408283.715
11081.806
408548.319
11006.961
408809.874
10932.398
409068.432
10858.105
409324.043
10784.068
409576.753
10710.276
409826.612
10636.717
410073.664
10563.379
410317.956
10490.252
410559.531
10417.324
410798.433
10344.584
411034.703
10272.024
411268.384
10199.633
411499.514
10127.400
411728.135
10055.318
411944.310
9986.726
412130.852
9926.766
412294.247
9873.380
412439.515
9825.043
412570.202
9780.681
412688.909
9739.504
412797.596
9700.919
412897.778
9664.465
412990.651
9629.782
413077.173
9596.578
413158.125
9564.618
413234.151
9533.708
413305.789
9503.686
413373.492
9474.414
413437.644
9445.779
413498.577
9417.680
413556.576
9390.033
413611.890
9362.765
413664.734
9335.811
413715.301
9309.115
413763.758
9282.629
413810.256
9256.309
413854.929
9230.117
413897.897
9204.020
413939.266
9177.987
413979.134
9151.992
414017.590
9126.011
414054.712
9100.023
414090.574
9074.010
414125.242
9047.956
414158.776
9021.844
414191.233
8995.664
414222.663
8969.402
414253.115
8943.050
414282.631
8916.597
414311.253
8890.037
414339.017
8863.362
414365.960
8836.568
414392.113
8809.648
414417.507
8782.600
414442.171
8755.420
414466.131
8728.104
414489.413
8700.652
414512.040
8673.062
414534.034
8645.332
414555.417
8617.462
414576.208
8589.453
414596.426
8561.304
414616.090
8533.017
414635.216
8504.592
414653.821
8476.031
414671.920
8447.335
414689.528
8418.507
414706.659
8389.548
414723.327
8360.462
414739.544
8331.249
414755.324
8301.914
414770.678
8272.459
414785.619
8242.887
414800.156
8213.201
414814.301
8183.405
414828.065
8153.501
414841.457
8123.492
414854.488
8093.383
414867.166
8063.177
414879.501
8032.876
414891.502
8002.485
414903.177
7972.007
414914.536
7941.446
414925.585
7910.804
414936.333
7880.086
414946.789
7849.295
414956.958
7818.434
414966.849
7787.507
414976.468
7756.517
414985.824
7725.467
414994.921
7694.360
415003.768
7663.200
415012.371
7631.990
415020.735
7600.733
415028.867
7569.432
415036.773
7538.089
415044.459
7506.708
415051.930
7475.292
415059.192
7443.844
415066.251
7412.365
415073.112
7380.859
415079.779
7349.328
415086.259
7317.775
415092.556
7286.202
415098.674
7254.612
415104.619
7223.006
415110.395
7191.387
415116.006
7159.758
415121.458
7128.119
415126.754
7096.474
415131.898
7064.823
415136.894
7033.170
415141.747
7001.515
415146.460
6969.859
415151.038
6938.202
415155.484
6906.545
415159.802
6874.892
415163.994
6843.242
415168.066
6811.599
415172.019
6779.963
415175.857
6748.337
415179.583
6716.721
415183.200
6685.118
415186.712
6653.529
415190.120
6621.955
415193.429
6590.397
415196.640
6558.857
415199.756
6527.335
415202.781
6495.833
415205.715
6464.352
415208.563
6432.893
415211.327
6401.457
415214.008
6370.045
415216.609
6338.658
415219.133
6307.295
415221.581
6275.960
415223.956
6244.651
415226.260
6213.370
415228.495
6182.117
415230.662
6150.894
415232.765
6119.700
415234.803
6088.536
415236.780
6057.404
415238.698
6026.302
415240.557
5995.232
415242.360
5964.195
415244.108
5933.190
415245.802
5902.218
415247.445
5871.280
415249.038
5840.376
415250.582
5809.506
415252.079
5778.670
415253.530
5747.869
415254.936
5717.103
415256.300
5686.373
415257.621
5655.678
415258.901
5625.019
415260.142
5594.396
415261.345
5563.809
415262.510
5533.259
415263.639
5502.745
415264.733
5472.267
415265.793
5441.827
415266.820
5411.423
415267.815
5381.057
415268.779
5350.728
415269.713
5320.436
415270.617
5290.181
415271.494
5259.964
415272.342
5229.785
415273.164
5199.643
415273.961
5169.538
415274.732
5139.472
415275.479
5109.442
415276.202
5079.451
415276.902
5049.498
415277.580
5019.582
415278.237
4989.704
415278.873
4959.863
415279.488
4930.061
415280.084
4900.296
415280.661
4870.569
415281.220
4840.880
415281.761
4811.228
415282.284
4781.614
415282.791
4752.038
415283.281
4722.499
415283.756
4692.998
415284.215
4663.535
415284.660
4634.109
415285.090
4604.720
415285.507
4575.369
415285.910
4546.056
415286.300
4516.779
415286.677
4487.540
415287.042
4458.338
415287.395
4429.173
415287.737
4400.045
415288.068
4370.955
415288.388
4341.901
415288.697
4312.884
415288.996
4283.904
415289.286
4254.960
415289.566
4226.054
415289.837
4197.184
415290.099
4168.350
415290.352
4139.553
415290.597
4110.792
415290.834
4082.068
415291.063
4053.380
415291.285
4024.728
415291.499
3996.112
415291.707
3967.532
415291.907
3938.988
415292.101
3910.480
415292.288
3882.008
415292.469
3853.571
415292.644
3825.170
415292.813
3796.804
415292.977
3768.474
415293.135
3740.179
415293.287
3711.920
415293.435
3683.696
415293.578
3655.506
415293.716
3627.352
415293.849
3599.233
415293.978
3571.149
415294.102
3543.099
415294.223
3515.084
415294.339
3487.104
415294.451
3459.158
415294.560
3431.247
415294.665
3403.370
415294.766
3375.527
415294.864
3347.719
415294.958
3319.944
415295.050
3292.204
415295.138
3264.498
415295.223
3236.825
415295.305
3209.187
415295.385
3181.582
415295.462
3154.010
415295.536
3126.472
415295.607
3098.968
415295.676
3071.497
415295.743
3044.059
415295.808
3016.655
415295.870
2989.283
415295.930
2961.945
415295.988
2934.640
415296.044
2907.367
415296.098
2880.128
415296.150
2852.921
415296.201
2825.746
415296.249
2798.605
415296.296
2771.495
415296.342
2744.419
415296.385
2717.374
415296.427
2690.362
415296.468
2663.382
415296.508
2636.434
415296.546
2609.518
415296.582
2582.634
415296.617
2555.782
415296.652
2528.961
415296.684
2502.173
415296.716
2475.416
415296.747
2448.690
415296.776
2421.996
415296.805
2395.334
415296.832
2368.702
415296.859
2342.102
415296.884
2315.534
415296.909
2288.996
415296.933
2262.489
415296.956
2236.013
415296.978
2209.568
415296.999
2183.154
415297.020
2156.771
415297.040
2130.418
415297.059
2104.096
415297.077
2077.805
415297.095
2051.543
415297.112
2025.312
415297.129
1999.112
415297.145
1972.563
415297.160
1947.038
415297.174
1923.181
415297.186
1900.131
415297.199
1876.242
415297.211
1851.435
415297.224
1825.714
415297.236
1799.079
415297.249
1771.530
415297.261
1743.068
415297.274
1713.695
415297.286
1683.412
415297.299
1652.220
415297.311
1620.119
415297.323
1587.112
415297.336
1553.198
415297.348
1518.381
415297.361
1482.659
415297.373
1446.036
415297.385
1408.512
415297.398
1370.089
415297.410
1330.769
415297.423
1290.588
415297.435
1249.856
415297.447
1209.076
415297.458
1168.650
415297.470
1128.818
415297.480
1089.738
415297.491
1051.531
415297.500
1014.288
415297.510
978.071
415297.518
942.918
415297.526
908.848
415297.534
875.868
415297.541
843.973
415297.548
813.152
415297.555
783.388
415297.561
754.660
415297.566
726.943
415297.571
700.210
415297.576
674.435
415297.581
649.588
415297.585
625.640
415297.589
602.563
415297.592
580.327
415297.596
558.904
415297.599
538.265
415297.602
518.384
415297.604
499.234
415297.607
480.788
415297.609
463.021
415297.611
445.909
415297.612
429.429
415297.614
413.556
415297.616
398.269
415297.617
383.547
415297.618
369.368
415297.619
355.713
415297.620
342.563
415297.621
329.898
415297.622
317.702
415297.623
305.956
415297.623
294.645
415297.624
283.751
415297.624
273.261
415297.625
263.158
415297.625
253.429
415297.625
244.059
415297.626
235.036
415297.626
226.346
415297.626
217.978
415297.626
209.919
415297.626
202.158
415297.627
194.684
415297.627
187.487
415297.627
180.555
415297.627
173.880
415297.627
167.452
415297.627
161.261
415297.627
155.299
415297.627
149.558
415297.627
144.029
415297.627
138.704
415297.627
133.576
415297.627
128.638
415297.627
123.883
415297.627
119.303
415297.627
114.893
415297.627
110.645
415297.627
106.555
415297.627
102.616
415297.627
98.822
415297.627
95.169
415297.627
91.651
415297.627
88.263
415297.627
85.000
415297.627
81.858
415297.627
78.832
415297.627
75.918
415297.627
73.112
415297.627
70.410
415297.627
67.807
415297.627
65.301
415297.627
62.887
415297.627
60.562
415297.627
58.324
415297.627
56.168
415297.627
54.092
415297.627
52.093
415297.627
50.167
415297.627
48.313
415297.627
46.528
415297.627
44.808
415297.627
43.152
415297.627
41.557
415297.627
40.021
415297.627
38.542
415297.627
37.118
415297.627
35.746
415297.627
34.425
415297.627
33.153
415297.627
31.928
415297.627
30.748
415297.627
29.612
415297.627
28.518
415297.627
27.464
415297.627
26.450
415297.627
25.472
415297.627
24.531
415297.627
23.625
415297.627
22.752
415297.627
21.912
415297.627
21.102
415297.627
20.323
415297.627
19.572
415297.627
18.849
415297.627
18.153
415297.627
17.482
415297.627
16.837
415297.627
16.215
415297.627
15.616
415297.627
15.039
415297.627
14.484
415297.627
13.949
415297.627
13.434
415297.627
12.938
415297.627
12.461
415297.627
12.001
415297.627
11.558
415297.627
11.131
415297.627
10.720
415297.627
10.325
415297.627
 9.944
415297.627
 9.577
415297.627
 9.223
415297.627
 8.883
415297.627
 8.555
415297.627
 8.240
415297.627
 7.936
415297.627
 7.643
415297.627
 7.361
415297.627
 7.090
415297.627
 6.828
415297.627
 6.577
415297.627
 6.334
415297.627
 6.101
415297.627
 5.876
415297.627
 5.659
415297.627
 5.451
415297.627
 5.250
415297.627
 5.057
415297.627
 4.870
415297.627
 4.691
415297.627
 4.518
415297.627
 4.352
415297.627
 4.192
415297.627
 4.038
415297.627
 3.889
415297.627
 3.746
415297.627
 3.608
415297.627
 3.476
415297.627
 3.348
415297.627
 3.225
415297.627
 3.106
415297.627
 2.992
415297.627
 2.882
415297.627
 2.776
415297.627
 2.674
415297.627
 2.576
415297.627
 2.482
415297.627
 2.391
415297.627
 2.303
415297.627
 2.219
415297.627
 2.137
415297.627
 2.059
415297.627
 1.984
415297.627
 1.911
415297.627
 1.841
415297.627
 1.774
415297.627
 1.709
415297.627
 1.647
415297.627
 1.586
415297.627
 1.529
415297.627
 1.473
415297.627
 1.419
415297.627
 1.367
415297.627
 1.317
415297.627
 1.270
415297.627
 1.223
415297.627
 1.179
415297.627
 1.136
415297.627
 1.095
415297.627
 1.055
415297.627
 1.017
415297.627
 0.980
415297.627
 0.944
415297.627
 0.910
415297.627
 0.877
415297.627
 0.846
415297.627
 0.815
415297.627
 0.786
415297.627
 0.757
415297.627
 0.730
415297.627
 0.704
415297.627
 0.679
415297.627
 0.654
415297.627
 0.631
415297.638
 0.565
415297.638
 0.511
415297.645
 0.442
415297.668
 0.378
415297.694
 0.312
415297.721
 0.248
415297.749
 0.184
415297.777
 0.121
415297.806
 0.059
