4829.629
-1294.094
4829.629
-1295.822
4829.629
-1297.550
4829.629
-1299.278
4829.629
-1301.008
4829.629
-1302.738
4829.629
-1304.468
4829.629
-1306.200
4829.629
-1307.931
4829.629
-1309.664
4829.629
-1311.397
4829.629
-1313.131
4829.629
-1314.865
4829.629
-1316.601
4829.629
-1318.336
4829.629
-1320.073
4829.629
-1321.810
4829.629
-1323.548
4829.629
-1325.286
4829.629
-1327.025
4774.620
-1307.598
4767.968
-1306.781
4763.941
-1306.973
4760.940
-1307.559
4758.486
-1308.355
4756.367
-1309.281
4754.473
-1310.293
4752.736
-1311.367
4751.115
-1312.484
4749.579
-1313.635
4748.107
-1314.812
4746.684
-1316.006
4745.297
-1317.215
4743.936
-1318.435
4742.593
-1319.662
4741.262
-1320.893
4739.937
-1322.127
4738.612
-1323.361
4737.283
-1324.594
4735.947
-1325.824
4734.599
-1327.050
4733.237
-1328.270
4731.856
-1329.483
4730.454
-1330.688
4729.028
-1331.884
4727.575
-1333.069
4726.092
-1334.243
4724.577
-1335.404
4723.025
-1336.551
4721.435
-1337.683
4719.804
-1338.798
4718.128
-1339.896
4716.405
-1340.976
4714.632
-1342.036
4712.805
-1343.074
4710.921
-1344.090
4708.977
-1345.083
4706.969
-1346.049
4704.894
-1346.990
4702.748
-1347.901
4700.527
-1348.783
4698.227
-1349.634
4695.844
-1350.451
4693.373
-1351.233
4690.810
-1351.978
4688.150
-1352.684
4685.389
-1353.349
4682.520
-1353.971
4679.538
-1354.547
4676.438
-1355.076
4673.214
-1355.554
4669.860
-1355.980
4666.369
-1356.351
4662.734
-1356.663
4658.948
-1356.914
4655.004
-1357.101
4650.895
-1357.220
4646.611
-1357.268
4642.145
-1357.243
4637.488
-1357.139
4632.631
-1356.954
4627.564
-1356.683
4622.277
-1356.322
4616.760
-1355.868
4611.002
-1355.314
4604.992
-1354.658
4598.717
-1353.893
4592.167
-1353.016
4585.329
-1352.020
4578.188
-1350.901
4570.733
-1349.652
4562.948
-1348.268
4554.819
-1346.743
4546.332
-1345.071
4537.470
-1343.245
4528.219
-1341.259
4518.560
-1339.106
4508.478
-1336.779
4497.955
-1334.271
4486.974
-1331.575
4475.516
-1328.683
4463.563
-1325.588
4451.096
-1322.282
4438.095
-1318.758
4424.542
-1315.006
4410.417
-1311.021
4395.699
-1306.793
4380.370
-1302.315
4364.409
-1297.579
4347.797
-1292.577
4330.513
-1287.301
4312.539
-1281.744
4293.856
-1275.898
4274.444
-1269.756
4254.286
-1263.312
4233.364
-1256.559
4211.662
-1249.490
4189.163
-1242.100
4165.855
-1234.384
4141.722
-1226.338
4116.754
-1217.957
4090.939
-1209.238
4064.269
-1200.179
4036.737
-1190.779
4008.337
-1181.036
3979.067
-1170.950
3948.926
-1160.523
3917.916
-1149.758
3886.039
-1138.657
3853.304
-1127.224
3819.719
-1115.467
3785.296
-1103.390
3750.050
-1091.002
3713.998
-1078.313
3677.161
-1065.332
3639.561
-1052.072
3601.225
-1038.543
3562.180
-1024.761
3522.458
-1010.739
3482.094
-996.494
3441.121
-982.042
3399.580
-967.401
3357.511
-952.588
3314.955
-937.622
3271.956
-922.523
3228.561
-907.310
3184.815
-892.004
3140.765
-876.625
3096.461
-861.193
3051.950
-845.729
3007.282
-830.252
2962.506
-814.784
2917.669
-799.344
2872.819
-783.950
2828.005
-768.623
2783.272
-753.379
2738.664
-738.238
2694.226
-723.214
2649.999
-708.324
2606.025
-693.584
2562.341
-679.006
2518.983
-664.606
2475.988
-650.394
2433.386
-636.381
2391.208
-622.580
2349.483
-608.997
2308.237
-595.642
2267.492
-582.523
2227.272
-569.645
2187.594
-557.014
2148.478
-544.635
2109.937
-532.511
2071.985
-520.645
2034.634
-509.041
1997.894
-497.698
1961.771
-486.618
1926.272
-475.801
1891.402
-465.247
1857.164
-454.955
1823.559
-444.922
1790.588
-435.148
1758.249
-425.629
1726.541
-416.364
1695.461
-407.348
1665.005
-398.579
1635.168
-390.053
1605.944
-381.766
1577.326
-373.714
1549.309
-365.892
1521.883
-358.296
1495.042
-350.922
1468.777
-343.765
1443.078
-336.820
1417.937
-330.083
1393.343
-323.548
1369.289
-317.211
1345.762
-311.067
1322.754
-305.111
1300.253
-299.338
1278.251
-293.744
1256.736
-288.324
1235.699
-283.073
1215.128
-277.987
1195.014
-273.060
1175.347
-268.290
1156.116
-263.670
1137.312
-259.198
1118.924
-254.868
1100.943
-250.677
1083.359
-246.620
1066.162
-242.694
1049.343
-238.895
1032.894
-235.218
1016.804
-231.661
1001.065
-228.220
985.668
-224.891
970.605
-221.671
955.868
-218.557
941.447
-215.545
927.336
-212.632
913.526
-209.816
900.009
-207.093
886.779
-204.460
873.828
-201.915
861.148
-199.456
848.734
-197.079
836.577
-194.782
824.672
-192.562
813.012
-190.418
801.591
-188.346
790.403
-186.345
779.441
-184.413
768.701
-182.547
758.176
-180.746
747.860
-179.007
737.750
-177.328
727.839
-175.709
718.122
-174.146
708.595
-172.639
699.252
-171.185
690.090
-169.783
681.103
-168.432
672.287
-167.129
663.638
-165.874
655.152
-164.665
646.825
-163.501
638.652
-162.380
630.631
-161.301
622.757
-160.263
615.027
-159.264
607.436
-158.304
599.983
-157.382
592.663
-156.495
585.474
-155.644
578.411
-154.827
571.473
-154.043
564.656
-153.291
557.957
-152.570
551.374
-151.879
544.903
-151.218
538.543
-150.586
532.290
-149.981
526.142
-149.404
520.097
-148.852
514.152
-148.326
508.305
-147.825
502.554
-147.347
496.896
-146.893
491.329
-146.462
485.852
-146.052
480.463
-145.664
475.158
-145.296
469.937
-144.949
464.798
-144.621
459.738
-144.312
454.757
-144.021
400.643
-127.832
347.945
-112.742
307.280
-101.303
274.957
-92.396
248.650
-85.313
226.824
-79.590
208.424
-74.904
192.701
-71.030
179.108
-67.800
167.239
-65.092
156.783
-62.811
147.500
-60.884
139.202
-59.252
131.737
-57.872
124.984
-56.704
118.844
-55.719
113.235
-54.892
108.090
-54.202
103.351
-53.632
98.971
-53.166
94.909
-52.793
91.129
-52.500
87.602
-52.279
84.302
-52.121
81.207
-52.020
78.296
-51.969
75.552
-51.962
72.961
-51.994
70.508
-52.062
68.183
-52.161
65.973
-52.288
63.871
-52.439
61.867
-52.611
59.954
-52.803
58.125
-53.010
56.374
-53.233
54.696
-53.467
53.085
-53.712
51.538
-53.966
50.049
-54.228
48.615
-54.495
47.234
-54.767
45.901
-55.042
44.614
-55.320
43.370
-55.599
42.167
-55.879
41.004
-56.158
39.876
-56.436
38.784
-56.713
37.726
-56.987
36.699
-57.257
35.702
-57.524
34.734
-57.788
33.794
-58.046
32.881
-58.300
31.993
-58.548
31.130
-58.791
30.291
-59.028
29.474
-59.259
28.679
-59.484
27.906
-59.702
27.153
-59.914
26.419
-60.119
25.706
-60.317
25.010
-60.508
24.333
-60.693
23.674
-60.870
23.031
-61.040
22.405
-61.204
21.795
-61.361
21.201
-61.510
20.622
-61.653
20.058
-61.789
19.508
-61.919
18.973
-62.042
18.451
-62.158
17.942
-62.268
17.447
-62.371
16.964
-62.468
16.494
-62.559
16.036
-62.645
15.590
-62.724
15.155
-62.798
14.732
-62.866
14.319
-62.928
13.918
-62.985
13.527
-63.038
13.146
-63.085
12.775
-63.127
12.413
-63.164
12.062
-63.197
11.719
-63.225
11.386
-63.249
11.062
-63.269
10.746
-63.285
10.438
-63.296
10.139
-63.304
 9.848
-63.309
 9.565
-63.309
 9.290
-63.314
 9.023
-63.314
 8.762
-63.311
 8.509
-63.304
 8.263
-63.294
 8.023
-63.280
 7.790
-63.262
 7.563
-63.242
 7.342
-63.219
 7.128
-63.193
 6.919
-63.164
 6.716
-63.133
 6.519
-63.099
 6.327
-63.062
 6.140
-63.024
 5.958
-62.983
 5.782
-62.940
 5.611
-62.895
 5.444
-62.849
 5.282
-62.800
 5.124
-62.750
 4.971
-62.698
 4.823
-62.645
 4.678
-62.590
 4.538
-62.534
 4.401
-62.476
 4.269
-62.418
 4.140
-62.358
 4.015
-62.297
 3.894
-62.234
 3.776
-62.171
 3.661
-62.107
 3.550
-62.042
 3.442
-61.977
 3.337
-61.910
 3.235
-61.843
 3.137
-61.775
 3.041
-61.706
 2.947
-61.637
 2.857
-61.567
 2.769
-61.496
 2.684
-61.425
 2.601
-61.354
 2.521
-61.282
 2.443
-61.210
 2.367
-61.137
 2.294
-61.065
 2.223
-60.991
 2.154
-60.918
 2.087
-60.844
 2.022
-60.770
 1.959
-60.696
 1.897
-60.621
 1.838
-60.546
 1.781
-60.472
 1.725
-60.397
 1.671
-60.322
 1.618
-60.246
 1.567
-60.171
 1.518
-60.096
 1.470
-60.020
 1.423
-59.945
 1.378
-59.869
 1.335
-59.794
 1.292
-59.718
 1.251
-59.643
 1.211
-59.567
 1.173
-59.492
 1.135
-59.416
 1.099
-59.341
 1.064
-59.265
 1.030
-59.190
 0.997
-59.115
 0.965
-59.040
 0.934
-58.965
 0.904
-58.889
 0.875
-58.814
 0.847
-58.740
 0.819
-58.665
 0.793
-58.590
 0.767
-58.516
 0.742
-58.441
 0.718
-58.367
 0.695
-58.293
 0.672
-58.218
 0.650
-58.145
 0.629
-58.071
 0.609
-57.997
 0.589
-57.923
 0.570
-57.850
 0.551
-57.777
 0.533
-57.704
 0.515
-57.631
 0.498
-57.558
 0.482
-57.485
 0.466
-57.412
 0.451
-57.340
 0.436
-57.268
 0.421
-57.196
 0.407
-57.124
 0.394
-57.052
 0.381
-56.980
 0.368
-56.909
 0.356
-56.838
 0.344
-56.767
 0.333
-56.696
 0.322
-56.625
 0.311
-56.554
 0.300
-56.484
 0.290
-56.413
 0.281
-56.343
 0.271
-56.273
 0.262
-56.204
 0.253
-56.134
 0.245
-56.064
 0.236
-55.995
 0.229
-55.926
 0.221
-55.857
 0.213
-55.788
 0.206
-55.720
 0.199
-55.651
 0.192
-55.583
 0.186
-55.515
 0.179
-55.447
 0.173
-55.379
 0.167
-55.311
 0.162
-55.244
 0.156
-55.176
 0.151
-55.109
 0.146
-55.042
 0.141
-54.975
 0.136
-54.909
 0.131
-54.842
 0.127
-54.776
 0.122
-54.710
 0.118
-54.644
 0.114
-54.578
 0.110
-54.512
 0.106
-54.447
 0.103
-54.381
 0.099
-54.316
 0.096
-54.251
 0.092
-54.186
 0.089
-54.121
 0.086
-54.057
 0.083
-53.992
 0.080
-53.928
 0.077
-53.864
 0.075
-53.800
 0.072
-53.736
 0.069
-53.672
 0.067
-53.609
 0.065
-53.546
 0.062
-53.482
 0.060
-53.419
 0.058
-53.357
 0.056
-53.294
 0.054
-53.231
 0.052
-53.169
 0.050
-53.107
 0.048
-53.044
 0.047
-52.982
 0.045
-52.921
 0.043
-52.859
 0.042
-52.797
 0.040
-52.736
 0.039
-52.675
 0.038
-52.614
 0.036
-52.553
 0.035
-52.492
 0.034
-52.431
 0.033
-52.440
 0.032
-52.710
 0.029
-49.383
 0.026
-46.047
 0.025
-46.863
 0.025
-48.696
 0.025
-50.528
 0.025
-52.357
 0.025
-54.185
 0.025
-56.011
 0.025
-57.835
 0.025
-59.656
 0.025
-61.476
 0.025
-63.293
 0.025
-65.108
 0.025
-66.921
 0.025
-68.732
 0.025
-70.539
 0.025
-72.345
 0.025
-74.147
 0.025
-75.947
 0.025
-77.744
 0.025
-79.538
 0.025
-81.073
 0.024
-81.677
 0.024
-81.309
 0.023
-80.318
 0.022
-78.957
 0.021
-77.324
 0.020
-75.476
 0.019
-73.476
 0.018
-71.378
 0.017
-69.227
 0.016
-67.050
 0.015
-64.873
 0.014
-62.711
 0.013
-60.578
 0.012
-58.485
 0.012
-56.437
 0.011
-54.440
 0.010
-52.498
 0.009
-50.613
 0.009
-48.785
 0.008
-47.015
 0.007
-45.304
 0.007
-43.650
 0.006
-42.052
 0.006
-40.510
 0.005
-39.023
 0.005
-37.588
 0.005
-36.204
 0.004
-34.870
 0.004
-33.585
 0.003
-32.346
 0.003
-31.152
 0.003
-30.002
 0.003
-28.894
 0.002
-27.827
 0.002
-26.799
 0.002
-25.809
 0.002
-24.855
 0.001
-23.936
 0.001
-23.052
 0.001
-22.200
 0.001
-21.379
 0.001
-20.589
 0.001
-19.827
 0.001
-19.094
 0.001
-18.388
 0.001
-17.709
 0.000
-17.054
 0.000
-16.423
 0.000
-15.816
 0.000
-15.231
 0.000
-14.668
 0.000
-14.126
 0.000
-13.603
 0.000
-13.100
 0.000
-12.616
 0.000
-12.150
 0.000
-11.700
 0.000
-11.268
 0.000
-10.851
 0.000
-10.450
 0.000
-10.064
 0.000
-9.691
 0.000
-9.333
 0.000
-8.988
 0.000
-8.656
 0.000
-8.336
 0.000
-8.027
 0.000
-7.731
 0.000
-7.445
 0.000
-7.170
 0.000
-6.904
 0.000
-6.649
 0.000
-6.403
 0.000
-6.167
 0.000
-5.939
 0.000
-5.719
 0.000
-5.508
 0.000
-5.304
 0.000
-5.108
 0.000
-4.919
 0.000
-4.737
 0.000
-4.562
 0.000
-4.393
 0.000
-4.231
 0.000
-4.074
 0.000
-3.924
 0.000
-3.779
 0.000
-3.639
 0.000
-3.504
 0.000
-3.375
 0.000
-3.250
 0.000
-3.130
 0.000
-3.014
 0.000
-2.903
 0.000
-2.795
 0.000
-2.692
 0.000
-2.592
 0.000
-2.497
 0.000
-2.404
 0.000
-2.315
 0.000
-2.230
 0.000
-2.147
 0.000
-2.068
 0.000
-1.992
 0.000
-1.918
 0.000
-1.847
 0.000
-1.779
 0.000
-1.713
 0.000
-1.650
 0.000
-1.589
 0.000
-1.530
 0.000
-1.473
 0.000
-1.419
 0.000
-1.366
 0.000
-1.316
 0.000
-1.267
 0.000
-1.220
 0.000
-1.175
 0.000
-1.132
 0.000
-1.090
 0.000
-1.050
 0.000
-1.011
 0.000
-0.973
 0.000
-0.937
 0.000
-0.903
 0.000
-0.869
 0.000
-0.837
 0.000
-0.806
 0.000
-0.776
 0.000
-0.748
 0.000
-0.720
 0.000
-0.693
 0.000
-0.668
 0.000
-0.643
 0.000
-0.619
 0.000
-0.596
 0.000
-0.574
 0.000
-0.553
 0.000
-0.533
 0.000
-0.513
 0.000
-0.494
 0.000
-0.476
 0.000
-0.458
 0.000
-0.441
 0.000
-0.425
 0.000
-0.409
 0.000
-0.394
 0.000
-0.380
 0.000
-0.365
 0.000
-0.352
 0.000
-0.339
 0.000
-0.326
 0.000
-0.314
 0.000
-0.303
 0.000
-0.292
 0.000
-0.281
 0.000
-0.270
 0.000
-0.260
 0.000
-0.251
 0.000
-0.241
 0.000
-0.233
 0.000
-0.224
 0.000
-0.216
 0.000
-0.208
 0.000
-0.200
 0.000
-0.193
 0.000
-0.186
 0.000
-0.179
 0.000
-0.172
 0.000
-0.166
 0.000
-0.160
 0.000
-0.154
 0.000
-0.148
 0.000
-0.142
 0.000
-0.137
 0.000
-0.132
 0.000
-0.127
 0.000
-0.123
 0.000
-0.118
 0.000
-0.114
 0.000
-0.109
 0.000
-0.105
 0.000
-0.102
 0.000
-0.098
 0.000
-0.094
 0.000
-0.091
 0.000
-0.087
 0.000
-0.084
 0.000
-0.081
 0.000
-0.078
 0.000
-0.075
 0.000
-0.072
 0.000
-0.070
 0.000
-0.067
 0.000
-0.065
 0.000
-0.062
 0.000
-0.060
 0.000
-0.058
 0.000
-0.056
 0.000
-0.054
 0.000
-0.052
 0.000
-0.050
 0.000
-0.048
 0.000
-0.046
 0.002
-0.164
 0.107
-0.190
 0.007
-0.068
 0.103
-0.128
 0.107
-0.127
 0.111
-0.125
 0.115
-0.124
 0.119
-0.122
 0.122
-0.120
