 0.352
 0.352
 0.352
 0.352
 0.352
 0.352
 0.353
 0.353
 0.353
 0.353
 0.353
 0.353
 0.353
 0.353
 0.353
 0.353
 0.353
 0.353
 0.353
 0.353
 0.354
 0.354
 0.354
 0.354
 0.354
 0.354
 0.354
 0.354
 0.354
 0.354
 0.354
 0.354
 0.354
 0.355
 0.355
 4.183
 1.393
 0.866
 0.655
 0.548
 0.486
 0.447
 0.421
 0.404
 0.391
 0.382
 0.375
 0.370
 0.366
 0.363
 0.360
 0.358
 0.356
 0.355
 0.354
 0.353
 0.352
 0.352
 0.351
 0.351
 0.350
 0.350
 0.350
 0.350
 0.350
 0.350
 0.350
 0.350
 0.350
 0.350
 0.351
 0.351
 0.351
 0.352
 0.352
 0.352
 0.353
 0.353
 0.354
 0.355
 0.355
 0.356
 0.357
 0.358
 0.359
 0.360
 0.361
 0.362
 0.363
 0.364
 0.366
 0.367
 0.369
 0.371
 0.372
 0.374
 0.376
 0.379
 0.381
 0.383
 0.386
 0.389
 0.392
 0.395
 0.398
 0.402
 0.406
 0.410
 0.414
 0.418
 0.423
 0.428
 0.433
 0.438
 0.444
 0.450
 0.457
 0.463
 0.470
 0.478
 0.486
 0.494
 0.502
 0.511
 0.521
 0.530
 0.541
 0.551
 0.563
 0.574
 0.587
 0.599
 0.613
 0.626
 0.641
 0.656
 0.671
 0.688
 0.704
 0.722
 0.740
 0.759
 0.778
 0.798
 0.819
 0.841
 0.864
 0.887
 0.911
 0.935
 0.961
 0.988
 1.015
 1.043
 1.072
 1.102
 1.133
 1.165
 1.198
 1.231
 1.266
 1.302
 1.339
 1.376
 1.415
 1.455
 1.496
 1.538
 1.581
 1.625
 1.670
 1.717
 1.764
 1.812
 1.862
 1.913
 1.964
 2.017
 2.071
 2.126
 2.182
 2.239
 2.297
 2.355
 2.415
 2.476
 2.538
 2.600
 2.664
 2.728
 2.793
 2.858
 2.925
 2.991
 3.059
 3.126
 3.195
 3.263
 3.332
 3.401
 3.470
 3.539
 3.607
 3.676
 3.745
 3.813
 3.880
 3.947
 4.014
 4.079
 4.144
 4.208
 4.271
 4.332
 4.393
 4.451
 4.509
 4.565
 4.619
 4.671
 4.722
 4.770
 4.817
 4.861
 4.904
 4.944
 4.981
 5.017
 5.049
 5.080
 5.107
 5.133
 5.155
 5.175
 5.193
 5.207
 5.219
 5.229
 5.235
 5.239
 5.241
 5.239
 5.236
 5.229
 5.221
 5.209
 5.196
 5.180
 5.162
 5.141
 5.119
 5.094
 5.068
 5.039
 5.009
 4.977
 4.943
 4.908
 4.871
 4.832
 4.793
 4.752
 4.710
 4.667
 4.622
 4.577
 4.531
 4.484
 4.437
 4.388
 4.340
 4.290
 4.240
 4.190
 4.140
 4.089
 4.038
 3.987
 3.936
 3.885
 3.834
 3.783
 3.732
 3.681
 3.630
 3.580
 3.530
 3.480
 3.430
 3.381
 3.332
 3.284
 3.235
 3.188
 3.141
 3.094
 3.048
 3.002
 2.957
 2.912
 2.868
 2.824
 2.781
 2.739
 2.697
 2.655
 2.614
 2.574
 2.535
 2.496
 2.457
 2.419
 2.382
 2.345
 2.309
 2.273
 2.238
 2.204
 2.170
 2.136
 2.103
 2.071
 2.039
 2.008
 1.977
 1.947
 1.917
 1.888
 1.860
 1.832
 1.804
 1.777
 1.750
 1.724
 1.698
 1.673
 1.648
 1.623
 1.599
 1.576
 1.553
 1.530
 1.508
 1.486
 1.464
 1.443
 1.422
 1.402
 1.382
 1.362
 1.343
 1.324
 1.305
 1.287
 1.269
 1.252
 1.234
 1.217
 1.201
 1.184
 1.168
