4000.000
4000.300
4000.601
4000.903
4001.206
4001.509
4001.814
4002.119
4002.424
4002.731
4003.038
4003.346
4003.655
4003.965
4004.276
4004.587
4004.899
4005.212
4005.526
4005.840
4006.155
4006.471
4006.788
4007.106
4007.424
4007.743
4008.063
4008.384
4008.706
4009.028
4009.351
4009.675
4010.000
4010.326
4010.652
3961.905
3950.715
3945.541
3942.132
3939.581
3937.536
3935.825
3934.351
3933.052
3931.888
3930.831
3929.859
3928.957
3928.113
3927.318
3926.564
3925.845
3925.155
3924.491
3923.849
3923.225
3922.617
3922.023
3921.439
3920.865
3920.299
3919.738
3919.183
3918.630
3918.080
3917.530
3916.981
3916.430
3915.877
3915.322
3914.762
3914.198
3913.629
3913.053
3912.470
3911.880
3911.281
3910.673
3910.055
3909.427
3908.787
3908.135
3907.471
3906.793
3906.101
3905.394
3904.671
3903.932
3903.176
3902.403
3901.610
3900.798
3899.966
3899.113
3898.238
3897.340
3896.419
3895.473
3894.502
3893.504
3892.479
3891.426
3890.344
3889.231
3888.087
3886.910
3885.700
3884.455
3883.175
3881.857
3880.500
3879.104
3877.667
3876.188
3874.665
3873.097
3871.482
3869.818
3868.105
3866.341
3864.523
3862.651
3860.722
3858.734
3856.687
3854.577
3852.403
3850.163
3847.854
3845.475
3843.023
3840.497
3837.892
3835.209
3832.443
3829.592
3826.654
3823.625
3820.504
3817.287
3813.971
3810.554
3807.032
3803.402
3799.661
3795.806
3791.832
3787.738
3783.518
3779.170
3774.690
3770.074
3765.318
3760.418
3755.369
3750.169
3744.812
3739.295
3733.612
3727.760
3721.734
3715.529
3709.141
3702.564
3695.795
3688.828
3681.658
3674.280
3666.689
3658.881
3650.850
3642.590
3634.097
3625.366
3616.392
3607.169
3597.691
3587.955
3577.955
3567.686
3557.143
3546.320
3535.214
3523.820
3512.132
3500.147
3487.860
3475.267
3462.364
3449.146
3435.612
3421.756
3407.576
3393.070
3378.234
3363.066
3347.565
3331.728
3315.554
3299.043
3282.194
3265.006
3247.480
3229.617
3211.418
3192.884
3174.017
3154.821
3135.297
3115.450
3095.284
3074.803
3054.011
3032.916
3011.522
2989.836
2967.865
2945.617
2923.099
2900.321
2877.291
2854.018
2830.512
2806.783
2782.843
2758.701
2734.369
2709.859
2685.183
2660.352
2635.378
2610.276
2585.056
2559.732
2534.317
2508.824
2483.265
2457.655
2432.005
2406.329
2380.640
2354.951
2329.273
2303.620
2278.004
2252.437
2226.930
2201.495
2176.144
2150.887
2125.736
2100.699
2075.787
2051.011
2026.378
2001.898
1977.579
1953.429
1929.456
1905.666
1882.068
1858.667
1835.469
1812.480
1789.705
1767.150
1744.817
1722.712
1700.838
1679.199
1657.798
1636.636
1615.717
1595.043
1574.615
1554.435
1534.504
1514.822
1495.391
1476.210
1457.280
1438.600
1420.171
1401.991
1384.060
1366.377
1348.941
1331.750
1314.804
1298.100
1281.637
1265.412
1249.425
1233.673
1218.154
1202.866
1187.806
1172.972
1158.361
1143.972
1129.801
1115.846
1102.104
1088.572
1075.249
1062.131
1049.215
1036.499
1023.979
1011.654
999.520
987.574
975.814
964.237
952.841
941.621
930.577
919.704
909.001
898.464
888.091
877.879
867.826
857.929
848.185
838.593
829.149
819.850
810.696
801.682
792.808
784.069
775.465
766.993
758.650
750.435
742.344
734.377
726.531
718.803
711.192
703.697
696.313
689.041
681.878
674.822
667.871
661.023
654.277
647.631
641.084
634.632
628.276
622.013
615.841
609.760
603.767
597.861
592.040
586.304
580.651
