 0.000
125000.000
1969.616
124652.272
3939.231
124303.681
5908.847
123954.225
7878.462
123603.905
9848.078
123252.722
11817.693
122900.674
13787.309
122547.761
15756.924
122193.983
17726.540
121839.341
19696.156
121483.833
21665.771
121127.460
23635.387
120770.222
25605.002
120412.118
27574.618
120053.148
29544.233
119693.313
31513.849
119332.611
33483.464
118971.042
35453.080
118608.608
37422.696
118245.306
39392.311
117881.138
41361.927
117516.102
43331.542
117150.200
45301.158
116783.430
47270.773
116415.792
49240.389
116047.287
51210.004
115677.913
53179.620
115307.672
55149.236
114936.562
57118.851
114564.584
59088.467
114191.737
61058.082
113818.021
63027.698
113443.436
64997.313
113067.982
66966.929
112691.658
68927.305
112317.206
70870.017
111947.120
72809.012
111577.266
74745.843
111207.183
76681.101
110836.697
78615.103
110465.713
80548.048
110094.174
82480.071
109722.039
84411.269
109349.278
86341.717
108975.871
88271.472
108601.800
90200.578
108227.052
92129.075
107851.615
94056.991
107475.481
95984.352
107098.641
97911.180
106721.090
99837.492
106342.822
101763.303
105963.833
103688.627
105584.118
105613.475
105203.675
107537.855
104822.501
109461.776
104440.593
111385.244
104057.949
113308.266
103674.568
115230.844
103290.447
117152.985
102905.587
119074.689
102519.986
120995.960
102133.643
122916.798
101746.559
124837.206
101358.731
126757.183
100970.162
128676.730
100580.850
130595.845
100190.796
132514.528
99800.000
134432.777
99408.462
136350.590
99016.184
138267.964
98623.165
140184.898
98229.407
142101.388
97834.911
144017.430
97439.678
145933.021
97043.709
147848.156
96647.005
149762.831
96249.568
151677.041
95851.399
153590.781
95452.501
155504.046
95052.874
157416.828
94652.520
159329.122
94251.443
161240.922
93849.643
163152.221
93447.123
165063.011
93043.885
166973.284
92639.932
168883.033
92235.267
170792.250
91829.891
172700.925
91423.808
174609.050
91017.021
176516.615
90609.532
178423.610
90201.346
180330.026
89792.465
182235.852
89382.893
184141.076
88972.633
186045.688
88561.689
187949.675
88150.065
189853.026
87737.765
191755.728
87324.793
193657.767
86911.153
195559.130
86496.851
197459.803
86081.890
199359.772
85666.276
201259.021
85250.013
203157.535
84833.106
205055.298
84415.562
206952.293
83997.386
208848.504
83578.582
210743.912
83159.158
212638.499
82739.119
214532.246
82318.473
216425.135
81897.224
218317.143
81475.381
220208.252
81052.950
222098.439
80629.938
223987.682
80206.354
225875.958
79782.204
227763.244
79357.498
229649.516
78932.242
231534.747
78506.447
233418.913
78080.120
235301.986
77653.271
237183.939
77225.910
239064.743
76798.046
240944.369
76369.689
242822.787
75940.850
244699.965
75511.539
246575.872
75081.769
248450.473
74651.549
250323.735
74220.893
252195.622
73789.812
254066.098
73358.320
255935.125
72926.429
257802.665
72494.152
259668.677
72061.504
261533.122
71628.499
263395.955
71195.152
265257.134
70761.479
267116.613
70327.494
268974.346
69893.214
270830.286
69458.657
272684.383
69023.839
274536.587
68588.779
276386.845
68153.494
278235.104
67718.003
280081.309
67282.327
281925.402
66846.486
283767.325
66410.499
285607.018
65974.389
287444.418
65538.178
289279.463
65101.887
291112.086
64665.542
292942.220
64229.165
294769.796
63792.781
296594.742
63356.416
298416.986
62920.096
300236.451
62483.847
302053.061
62047.698
303866.736
61611.677
305677.395
61175.813
307484.953
60740.136
309289.326
60304.677
311090.425
59869.468
312888.160
59434.540
314682.438
58999.928
316473.164
58565.665
318260.242
58131.786
320043.570
57698.327
321823.048
57265.326
323598.571
56832.819
325370.032
56400.845
327137.323
55969.443
328900.330
55538.654
330658.941
55108.519
332413.039
54679.079
334162.504
54250.379
335907.217
53822.461
337647.051
53395.370
339381.883
52969.153
341111.583
52543.854
342836.020
52119.522
344555.061
51696.204
346268.571
51273.950
347976.413
50852.809
349678.446
50432.831
351374.529
50014.068
353064.517
49596.571
354748.266
49180.393
356425.628
48765.588
358096.453
48352.208
359760.591
47940.309
361417.888
47529.945
363068.191
47121.171
364711.344
46714.044
366347.192
46308.618
367975.576
45904.952
369596.339
45503.101
371209.321
45103.122
372814.362
44705.073
374411.304
44309.009
375999.985
43914.990
377580.246
43523.070
379151.927
43133.307
380714.867
42745.758
382268.909
42360.478
383813.895
41977.524
385349.666
41596.950
386876.068
41218.812
388392.946
40843.162
389900.149
40470.055
391397.524
40099.543
392884.925
39731.677
394362.206
39366.508
395829.222
39004.085
397285.835
38644.455
398731.907
38287.666
400167.304
37933.764
401591.897
37582.791
403005.559
37234.791
404408.169
36889.804
405799.608
36547.869
407179.763
36209.024
408548.525
35873.304
409905.792
35540.742
411251.463
35211.371
412585.446
34885.220
413907.652
34562.316
415217.999
34242.685
416516.410
33926.350
417802.813
33613.332
419077.142
33303.651
420339.340
32997.323
421589.351
32694.362
422827.128
32394.780
424052.631
32098.588
425265.824
31805.793
426466.678
31516.401
427655.170
31230.414
428831.283
30947.834
429995.007
30668.659
431146.338
30392.886
432285.277
30120.510
433411.831
29851.522
434526.013
29585.913
435627.843
29323.671
436717.346
29064.782
437794.551
28809.232
438859.495
28557.001
439912.218
28308.072
440952.766
28062.423
441981.190
27820.031
442997.548
27580.872
444001.897
27344.920
444994.305
27112.149
445974.840
26882.529
446943.576
26656.030
447900.590
26432.622
448845.963
26212.272
449779.781
25994.946
450702.130
25780.611
451613.103
25569.231
452512.793
25360.769
453401.299
25155.189
454278.719
24952.453
455145.155
24752.523
456000.713
24555.359
456845.499
24360.922
457679.620
24169.172
458503.188
23980.068
459316.314
23793.571
460119.111
23609.639
460911.694
23428.230
461694.178
23249.304
462466.678
23072.819
463229.314
22898.733
463982.202
22727.005
464725.460
22557.593
465459.208
22390.456
466183.564
22225.552
466898.648
22062.841
467604.579
21902.280
468301.475
21743.830
468989.456
21587.449
469668.640
21433.098
470339.146
21280.736
471001.091
21130.324
471654.594
20981.822
472299.769
20835.191
472936.734
20690.393
473565.604
20547.390
474186.493
20406.143
474799.514
20266.617
475404.781
20128.773
476002.406
19992.576
476592.497
19857.989
477175.167
19724.977
477750.522
19593.506
478318.671
19463.541
478879.719
19335.049
479433.772
19207.995
479980.933
19082.347
480521.305
18958.072
481054.990
18835.140
481582.088
18713.519
482102.696
18593.177
482616.914
18474.085
483124.836
18356.214
483626.558
18239.533
484122.174
18124.015
484611.776
18009.632
485095.454
17896.355
485573.298
17784.157
486045.397
17673.013
486511.837
17562.896
486972.704
17453.780
487428.082
17345.641
487878.055
17238.453
488322.703
17132.194
488762.109
17026.838
489196.349
16922.364
489625.503
16818.747
490049.648
16715.967
490468.857
16614.001
490883.206
16512.829
491292.768
16412.428
491697.614
16312.779
492097.814
16213.861
492493.438
16115.656
492884.554
16018.143
493271.229
15921.305
493653.529
15825.122
494031.519
15729.577
494405.261
15634.651
494774.820
15540.329
495140.255
15446.592
495501.628
15353.425
495858.997
15260.811
496212.422
15168.734
496561.959
15077.179
496907.664
14986.131
497249.593
14895.575
497587.801
14805.497
497922.340
14715.882
498253.263
14626.716
498580.622
14537.987
498904.467
14449.680
499224.847
14361.784
499541.813
14274.284
499855.411
14187.169
500165.689
14100.427
500472.693
14014.046
500776.468
13928.014
501077.060
13842.320
501374.512
13756.954
501668.868
13671.903
501960.169
13587.158
502248.458
13502.708
502533.775
13418.544
502816.160
13334.654
503095.654
13251.031
503372.294
13167.664
503646.119
13084.544
503917.166
13001.662
504185.473
12919.010
504451.075
12836.578
504714.007
12754.359
504974.306
12672.344
505232.004
12590.525
505487.136
12508.895
505739.735
12427.446
505989.834
12346.170
506237.463
12265.060
506482.656
12184.110
506725.443
12103.311
506965.853
12022.658
507203.918
11942.144
507439.666
11861.762
507673.126
11781.505
507904.327
11701.369
508133.297
11621.347
508360.062
11541.433
508584.650
11461.622
508805.278
11382.594
509002.232
11311.307
509175.682
11247.659
509330.532
11189.962
509470.298
11137.009
509597.585
11087.901
509714.379
11041.957
509822.227
10998.645
509922.356
10957.543
510015.756
10918.311
510103.239
10880.672
510185.475
10844.395
510263.028
10809.287
510336.374
10775.187
510405.919
10741.955
510472.010
10709.474
510534.952
10677.640
510595.008
10646.364
510652.407
10615.570
510707.355
10585.188
510760.030
10555.158
510810.594
10525.429
510859.190
10495.951
510905.946
10466.685
510950.978
10437.592
510994.390
10408.640
511036.277
10379.798
511076.726
10351.040
511115.814
10322.342
511153.614
10293.682
511190.191
10265.042
511225.606
10236.404
511259.913
10207.752
511293.165
10179.074
511325.409
10150.356
511356.689
10121.588
511387.046
10092.760
511416.518
10063.864
511445.140
10034.890
511472.945
10005.834
511499.964
9976.689
511526.228
9947.450
511551.761
9918.113
511576.592
9888.675
511600.743
9859.131
511624.237
9829.480
511647.096
9799.720
511669.341
9769.850
511690.991
9739.868
511712.065
9709.774
511732.579
9679.567
511752.551
9649.248
511771.996
9618.818
511790.930
9588.277
511809.368
9557.626
511827.323
9526.866
511844.809
9495.999
511861.838
9465.027
511878.424
9433.951
511894.577
9402.774
511910.310
9371.497
511925.633
9340.124
511940.557
9308.655
511955.093
9277.095
511969.250
9245.445
511983.039
9213.709
511996.468
9181.889
512009.547
9149.987
512022.285
9118.007
512034.689
9085.952
512046.769
9053.824
512058.533
9021.627
512069.988
8989.363
512081.142
8957.035
512092.003
8924.646
512102.578
8892.200
512112.873
8859.698
512122.897
8827.144
512132.655
8794.541
512142.154
8761.891
512151.401
8729.198
512160.402
8696.463
512169.163
8663.690
512177.689
8630.882
512185.988
8598.040
512194.064
8565.168
512201.923
8532.268
512209.571
8499.343
512217.012
8466.394
512224.252
8433.425
512231.296
8400.437
512238.149
8367.433
512244.816
8334.414
512251.301
8301.384
512257.610
8268.344
512263.746
8235.295
512269.713
8202.241
512275.518
8169.183
512281.162
8136.123
512286.651
8103.062
512291.989
8070.002
512297.179
8036.946
512302.225
8003.894
512307.131
7970.848
512311.901
7937.809
512316.538
7904.780
512321.045
7871.761
512325.427
7838.754
512329.686
7805.760
512333.826
7772.781
512337.849
7739.817
512341.759
7706.870
512345.558
7673.941
512349.251
7641.031
512352.839
7608.141
512356.325
7575.271
512359.712
7542.424
512363.003
7509.600
512366.201
7476.799
512369.307
7444.023
512372.324
7411.272
512375.255
7378.548
512378.102
7345.850
512380.868
7313.180
512383.554
7280.538
512386.162
7247.925
512388.695
7215.342
512391.156
7182.788
512393.545
7150.265
512395.864
7117.774
512398.117
7085.314
512400.304
7052.886
512402.427
7020.490
512404.489
6988.128
512406.490
6955.795
512408.434
6923.493
512410.320
6891.223
512412.152
6858.983
512413.930
6826.777
512415.656
6794.603
512417.331
6762.463
512418.957
6730.357
512420.535
6698.286
512422.066
6666.250
512423.552
6634.249
512424.995
6602.284
512426.394
6570.356
512427.752
6538.464
512429.070
6506.609
512430.348
6474.792
512431.588
6443.012
512432.792
6411.270
512433.959
6379.566
512435.091
6347.901
512436.190
6316.274
512437.255
6284.686
512438.288
6253.138
512439.291
6221.628
512440.263
6190.158
512441.205
6158.727
512442.119
6127.335
512443.006
6095.984
512443.865
6064.672
512444.699
6033.401
512445.507
6002.169
512446.291
5970.977
512447.050
5939.826
512447.787
5908.715
512448.501
5877.644
512449.193
5846.613
512449.864
5815.623
512450.514
5784.673
512451.144
5753.763
512451.755
5722.894
512452.347
5692.065
512452.921
5661.276
512453.477
5630.528
512454.016
5599.820
512454.538
5569.153
512455.044
5538.525
512455.534
5507.938
512456.009
5477.392
512456.470
5446.885
512456.916
5416.419
512457.347
5385.993
512457.766
5355.607
512458.171
5325.261
512458.564
5294.955
512458.944
5264.688
512459.313
5234.462
512459.670
5204.276
512460.015
5174.129
512460.350
5144.022
512460.674
5113.954
512460.988
5083.926
512461.292
5053.938
512461.586
5023.988
512461.871
4994.079
512462.147
4964.208
512462.414
4934.377
512462.673
4904.584
512462.923
4874.831
512463.166
4845.116
512463.400
4815.441
512463.628
4785.804
512463.847
4756.205
512464.060
4726.646
512464.266
4697.124
512464.466
4667.642
512464.659
4638.197
512464.845
4608.791
512465.026
4579.423
512465.201
4550.093
512465.370
4520.801
512465.534
4491.546
512465.692
4462.330
512465.846
4433.151
512465.994
4404.010
512466.137
4374.906
512466.276
4345.840
512466.410
4316.811
512466.540
4287.819
512466.666
4258.865
512466.787
4229.947
512466.905
4201.067
512467.019
4172.223
512467.129
4143.416
512467.235
4114.646
512467.338
4085.912
512467.437
4057.215
512467.533
4028.555
512467.626
3999.930
512467.716
3971.342
512467.803
3942.790
512467.887
3914.274
512467.969
3885.794
512468.047
3857.350
512468.123
3828.942
512468.197
3800.569
512468.268
3772.232
512468.336
3743.930
512468.402
3715.664
512468.467
3687.433
512468.528
3659.238
512468.588
3631.077
512468.646
3602.952
512468.702
3574.861
512468.756
3546.806
512468.808
3518.785
512468.859
3490.799
512468.907
3462.847
512468.955
3434.931
512469.000
3407.048
512469.044
3379.200
512469.086
3351.386
512469.128
3323.606
512469.167
3295.861
512469.205
3268.149
512469.242
3240.472
512469.278
3212.828
512469.313
3185.218
512469.346
3157.641
512469.378
3130.099
512469.409
3102.589
512469.439
3075.113
512469.468
3047.671
512469.496
3020.262
512469.523
2992.885
512469.549
2965.542
512469.574
2938.232
512469.599
2910.955
512469.622
2883.711
512469.645
2856.500
512469.667
2829.321
512469.688
2802.174
512469.708
2775.061
512469.728
2747.979
512469.747
2720.930
512469.765
2693.914
512469.783
2666.929
512469.800
2639.977
512469.816
2613.057
512469.832
2586.168
512469.848
2559.312
512469.862
2532.487
512469.877
2505.694
512469.890
2478.933
512469.904
2452.203
512469.917
2425.505
512469.929
2398.838
512469.941
2372.203
512469.952
2345.598
512469.963
2319.025
512469.974
2292.484
512469.984
2265.973
512469.994
2239.493
512470.004
2213.044
512470.013
2186.626
512470.022
2160.238
512470.031
2133.881
512470.039
2107.555
512470.047
2081.259
512470.055
2054.994
512470.062
2028.759
512470.070
2002.555
512470.077
1976.009
512470.083
1950.083
512470.089
1925.822
512470.095
1902.734
512470.100
1878.959
512470.105
1854.268
512470.111
1828.662
512470.116
1802.142
512470.122
1774.708
512470.127
1746.361
512470.132
1717.103
512470.138
1686.934
512470.143
1655.856
512470.149
1623.870
512470.154
1590.976
512470.159
1557.177
512470.165
1522.473
512470.170
1486.865
512470.175
1450.355
512470.181
1412.945
512470.186
1374.635
512470.192
1335.427
512470.197
1295.345
512470.202
1254.656
512470.207
1213.861
512470.212
1173.381
512470.217
1133.471
512470.222
1094.296
512470.226
1055.981
512470.231
1018.622
512470.235
982.282
512470.238
947.003
512470.242
912.805
512470.245
879.697
512470.249
847.675
512470.252
816.728
512470.254
786.841
512470.257
757.992
512470.259
730.157
512470.262
703.310
512470.264
677.423
512470.266
652.468
512470.268
628.416
512470.269
605.238
512470.271
582.904
512470.272
561.387
512470.274
540.657
512470.275
520.688
512470.276
501.453
512470.277
482.926
512470.278
465.080
512470.279
447.893
512470.280
431.339
512470.280
415.395
512470.281
400.041
512470.281
385.253
512470.282
371.011
512470.282
357.295
512470.283
344.087
512470.283
331.366
512470.284
319.115
512470.284
307.317
512470.284
295.955
512470.284
285.014
512470.285
274.476
512470.285
264.329
512470.285
254.556
512470.285
245.145
512470.285
236.081
512470.285
227.353
512470.286
218.948
512470.286
210.853
512470.286
203.058
512470.286
195.550
512470.286
188.321
512470.286
181.358
512470.286
174.654
512470.286
168.197
512470.286
161.978
512470.286
155.990
512470.286
150.223
512470.286
144.670
512470.286
139.321
512470.286
134.171
512470.286
129.211
512470.286
124.434
512470.286
119.834
512470.286
115.404
512470.286
111.137
512470.286
107.029
512470.286
103.072
512470.286
99.262
512470.286
95.593
512470.286
92.059
512470.286
88.656
512470.286
85.379
512470.286
82.223
512470.286
79.183
512470.286
76.256
512470.286
73.437
512470.286
70.723
512470.286
68.109
512470.286
65.591
512470.286
63.167
512470.286
60.832
512470.286
58.583
512470.286
56.418
512470.286
54.333
512470.286
52.325
512470.286
50.391
512470.286
48.528
512470.286
46.735
512470.286
45.007
512470.286
43.344
512470.286
41.742
512470.286
40.199
512470.286
38.714
512470.286
37.283
512470.286
35.905
512470.286
34.578
512470.286
33.301
512470.286
32.070
512470.286
30.885
512470.286
29.744
512470.286
28.645
512470.286
27.586
512470.286
26.567
512470.286
25.586
512470.286
24.640
512470.286
23.730
512470.286
22.853
512470.286
22.009
512470.286
21.196
512470.286
20.413
512470.286
19.659
512470.286
18.933
512470.286
18.234
512470.286
17.560
512470.286
16.912
512470.286
16.287
512470.286
15.686
512470.286
15.106
512470.286
14.548
512470.286
14.011
512470.286
13.494
512470.286
12.996
512470.286
12.516
512470.286
12.054
512470.286
11.609
512470.286
11.180
512470.286
10.768
512470.286
10.370
512470.286
 9.988
512470.286
 9.619
512470.286
 9.264
512470.286
 8.922
512470.286
 8.593
512470.286
 8.276
512470.286
 7.971
512470.286
 7.677
512470.286
 7.394
512470.286
 7.121
512470.286
 6.859
512470.286
 6.606
512470.286
 6.362
512470.286
 6.128
512470.286
 5.902
512470.286
 5.684
512470.286
 5.475
512470.286
 5.273
512470.286
 5.079
512470.286
 4.892
512470.286
 4.712
512470.286
 4.538
512470.286
 4.371
512470.286
 4.210
512470.286
 4.055
512470.286
 3.906
512470.286
 3.763
512470.286
 3.624
512470.286
 3.491
512470.286
 3.363
512470.286
 3.239
512470.286
 3.120
512470.286
 3.005
512470.286
 2.895
512470.286
 2.789
512470.286
 2.686
512470.286
 2.588
512470.286
 2.493
512470.286
 2.401
512470.286
 2.313
512470.286
 2.228
512470.286
 2.147
512470.286
 2.068
512470.286
 1.992
512470.286
 1.920
512470.286
 1.849
512470.286
 1.782
512470.286
 1.717
512470.286
 1.654
512470.286
 1.593
512470.286
 1.535
512470.286
 1.479
512470.286
 1.425
512470.286
 1.373
512470.286
 1.323
512470.286
 1.275
512470.286
 1.229
512470.286
 1.184
512470.286
 1.141
512470.286
 1.099
512470.286
 1.060
512470.286
 1.021
512470.286
 0.984
512470.286
 0.948
512470.286
 0.914
512470.286
 0.881
512470.286
 0.849
512470.286
 0.819
512470.286
 0.789
512470.286
 0.761
512470.286
 0.733
512470.286
 0.707
512470.286
 0.681
512470.286
 0.657
512470.286
 0.633
512470.297
 0.580
512470.298
 0.519
512470.305
 0.451
512470.325
 0.384
512470.351
 0.319
512470.378
 0.254
512470.406
 0.190
512470.434
 0.127
512470.463
 0.065
