3939.231
-694.592
3939.231
-696.319
3939.231
-698.047
3939.231
-699.775
3939.231
-701.503
3939.231
-703.232
3939.231
-704.961
3939.231
-706.690
3939.231
-708.420
3939.231
-710.150
3939.231
-711.880
3939.231
-713.611
3939.231
-715.342
3939.231
-717.074
3939.231
-718.805
3939.231
-720.538
3939.231
-722.270
3939.231
-724.003
3939.231
-725.736
3939.231
-727.470
3939.231
-729.204
3939.231
-730.938
3939.231
-732.673
3939.231
-734.408
3939.231
-736.143
3939.231
-737.879
3939.231
-739.615
3939.231
-741.351
3939.231
-743.088
3939.231
-744.825
3939.231
-746.563
3939.231
-748.301
3939.231
-750.039
3939.231
-751.778
3939.231
-753.517
3891.949
-741.233
3880.852
-739.687
3875.552
-739.856
3871.953
-740.529
3869.180
-741.446
3866.894
-742.507
3864.930
-743.664
3863.193
-744.887
3861.625
-746.161
3860.185
-747.473
3858.848
-748.815
3857.592
-750.182
3856.403
-751.569
3855.270
-752.972
3854.182
-754.389
3853.134
-755.817
3852.119
-757.256
3851.132
-758.702
3850.168
-760.156
3849.225
-761.617
3848.299
-763.082
3847.387
-764.551
3846.488
-766.025
3845.599
-767.501
3844.718
-768.980
3843.844
-770.461
3842.974
-771.944
3842.109
-773.427
3841.246
-774.912
3840.385
-776.397
3839.524
-777.882
3838.662
-779.366
3837.798
-780.851
3836.932
-782.334
3836.062
-783.816
3835.189
-785.297
3834.310
-786.777
3833.425
-788.254
3832.533
-789.730
3831.634
-791.203
3830.728
-792.673
3829.812
-794.141
3828.887
-795.606
3827.952
-797.068
3827.006
-798.526
3826.049
-799.981
3825.079
-801.432
3824.097
-802.878
3823.101
-804.321
3822.091
-805.758
3821.066
-807.192
3820.025
-808.620
3818.968
-810.042
3817.895
-811.460
3816.803
-812.871
3815.693
-814.277
3814.564
-815.676
3813.415
-817.069
3812.245
-818.455
3811.054
-819.834
3809.840
-821.205
3808.603
-822.569
3807.342
-823.925
3806.057
-825.273
3804.745
-826.613
3803.407
-827.943
3802.041
-829.265
3800.647
-830.577
3799.223
-831.879
3797.769
-833.171
3796.283
-834.452
3794.764
-835.723
3793.212
-836.982
3791.624
-838.229
3790.001
-839.465
3788.341
-840.688
3786.642
-841.898
3784.904
-843.094
3783.124
-844.277
3781.303
-845.445
3779.438
-846.598
3777.527
-847.737
3775.570
-848.859
3773.566
-849.965
3771.511
-851.054
3769.406
-852.125
3767.248
-853.179
3765.035
-854.213
3762.767
-855.229
3760.440
-856.224
3758.054
-857.199
3755.607
-858.153
3753.095
-859.085
3750.519
-859.994
3747.875
-860.880
3745.161
-861.741
3742.375
-862.578
3739.516
-863.388
3736.580
-864.172
3733.566
-864.929
3730.470
-865.658
3727.292
-866.357
3724.027
-867.026
3720.673
-867.664
3717.228
-868.270
3713.689
-868.842
3710.054
-869.381
3706.318
-869.885
3702.480
-870.352
3698.535
-870.782
3694.482
-871.173
3690.317
-871.525
3686.036
-871.835
3681.636
-872.104
3677.115
-872.329
3672.467
-872.509
3667.690
-872.644
3662.780
-872.731
3657.733
-872.769
3652.546
-872.757
3647.214
-872.694
3641.734
-872.578
3636.101
-872.407
3630.312
-872.180
3624.361
-871.895
3618.246
-871.551
3611.961
-871.146
3605.502
-870.679
3598.864
-870.148
3592.044
-869.551
3585.036
-868.887
3577.836
-868.154
3570.439
-867.349
3562.841
-866.473
3555.036
-865.521
3547.020
-864.494
3538.788
-863.389
3530.335
-862.204
3521.657
-860.938
3512.748
-859.589
3503.603
-858.154
3494.219
-856.633
3484.589
-855.024
3474.709
-853.324
3464.575
-851.532
3454.181
-849.647
3443.523
-847.666
3432.597
-845.588
3421.398
-843.412
3409.921
-841.136
3398.163
-838.758
3386.120
-836.277
3373.787
-833.692
3361.160
-831.001
3348.237
-828.203
3335.013
-825.297
3321.486
-822.282
3307.652
-819.156
3293.508
-815.920
3279.053
-812.571
3264.285
-809.110
3249.200
-805.536
3233.798
-801.849
3218.077
-798.047
3202.037
-794.132
3185.676
-790.102
3168.995
-785.959
3151.995
-781.701
3134.674
-777.331
3117.036
-772.848
3099.080
-768.253
3080.809
-763.546
3062.225
-758.730
3043.332
-753.806
3024.131
-748.774
3004.628
-743.636
2984.826
-738.395
2964.729
-733.052
2944.344
-727.609
2923.676
-722.069
2902.730
-716.434
2881.513
-710.706
2860.033
-704.890
2838.296
-698.987
2816.312
-693.001
2794.087
-686.935
2771.631
-680.792
2748.953
-674.577
2726.063
-668.292
2702.970
-661.943
2679.685
-655.532
2656.218
-649.064
2632.580
-642.543
2608.782
-635.973
2584.836
-629.359
2560.753
-622.705
2536.546
-616.015
2512.225
-609.294
2487.803
-602.546
2463.293
-595.777
2438.706
-588.989
2414.055
-582.189
2389.352
-575.380
2364.610
-568.567
2339.840
-561.754
2315.056
-554.946
2290.268
-548.147
2265.489
-541.362
2240.731
-534.593
2216.005
-527.847
2191.324
-521.125
2166.697
-514.434
2142.136
-507.775
2117.652
-501.153
2093.255
-494.571
2068.955
-488.033
2044.762
-481.543
2020.686
-475.102
1996.735
-468.714
1972.919
-462.382
1949.246
-456.108
1925.723
-449.896
1902.360
-443.747
1879.162
-437.664
1856.137
-431.649
1833.291
-425.704
1810.631
-419.830
1788.163
-414.029
1765.892
-408.303
1743.822
-402.654
1721.959
-397.081
1700.308
-391.588
1678.871
-386.174
1657.653
-380.840
1636.656
-375.587
1615.885
-370.416
1595.341
-365.327
1575.028
-360.321
1554.946
-355.397
1535.097
-350.557
1515.484
-345.800
1496.107
-341.126
1476.967
-336.535
1458.064
-332.027
1439.400
-327.602
1420.975
-323.258
1402.787
-318.997
1384.838
-314.817
1367.126
-310.719
1349.651
-306.700
1332.412
-302.761
1315.409
-298.901
1298.639
-295.120
1282.102
-291.416
1265.796
-287.789
1249.721
-284.237
1233.873
-280.761
1218.251
-277.358
1202.854
-274.029
1187.679
-270.772
1172.725
-267.586
1157.989
-264.471
1143.468
-261.425
1129.162
-258.447
1115.066
-255.536
1101.180
-252.691
1087.500
-249.911
1074.024
-247.196
1060.749
-244.543
1047.673
-241.953
1034.794
-239.423
1022.108
-236.953
1009.613
-234.542
997.307
-232.189
985.187
-229.893
973.249
-227.652
961.493
-225.465
949.914
-223.333
938.510
-221.253
927.279
-219.224
916.218
-217.247
905.324
-215.319
894.594
-213.439
884.027
-211.607
873.620
-209.822
863.369
-208.083
853.273
-206.389
843.329
-204.739
833.534
-203.132
823.887
-201.567
814.384
-200.043
805.023
-198.560
795.801
-197.116
786.718
-195.712
777.769
-194.345
768.953
-193.015
760.268
-191.722
751.711
-190.465
743.280
-189.242
734.973
-188.054
726.788
-186.899
718.723
-185.776
710.775
-184.686
702.943
-183.626
695.224
-182.598
687.617
-181.599
680.119
-180.630
672.729
-179.689
665.445
-178.776
658.265
-177.890
651.187
-177.032
644.209
-176.199
637.330
-175.392
630.548
-174.610
623.860
-173.853
617.267
-173.119
610.765
-172.409
604.353
-171.722
598.030
-171.057
591.793
-170.414
585.643
-169.792
579.576
-169.191
573.592
-168.611
567.689
-168.050
561.866
-167.509
556.121
-166.987
550.453
-166.484
544.860
-165.999
539.342
-165.531
533.896
-165.081
528.523
-164.648
523.219
-164.231
517.985
-163.831
512.819
-163.446
507.720
-163.077
502.687
-162.723
497.718
-162.383
492.812
-162.058
487.969
-161.747
483.187
-161.450
478.465
-161.165
473.803
-160.894
469.199
-160.636
464.652
-160.390
460.161
-160.156
455.726
-159.934
451.345
-159.724
447.017
-159.525
421.669
-151.678
368.473
-134.271
326.938
-120.876
293.619
-110.307
266.302
-101.803
243.503
-94.853
224.186
-89.100
207.611
-84.289
193.232
-80.231
180.638
-76.787
169.515
-73.847
159.618
-71.326
150.753
-69.158
142.765
-67.289
135.528
-65.677
128.940
-64.284
122.915
-63.082
117.383
-62.046
112.283
-61.155
107.566
-60.393
103.189
-59.742
99.115
-59.192
95.311
-58.730
91.751
-58.347
88.411
-58.035
85.270
-57.785
82.309
-57.592
79.512
-57.449
76.865
-57.351
74.356
-57.294
71.972
-57.273
69.704
-57.284
67.543
-57.325
65.481
-57.392
63.510
-57.482
61.624
-57.593
59.816
-57.722
58.082
-57.868
56.416
-58.027
54.815
-58.199
53.273
-58.382
51.788
-58.575
50.356
-58.775
48.973
-58.981
47.638
-59.194
46.347
-59.410
45.098
-59.630
43.889
-59.852
42.717
-60.076
41.582
-60.301
40.481
-60.525
39.412
-60.749
38.375
-60.972
37.367
-61.193
36.388
-61.411
35.436
-61.627
34.511
-61.840
33.611
-62.049
32.735
-62.254
31.882
-62.455
31.052
-62.651
30.244
-62.843
29.457
-63.029
28.690
-63.211
27.943
-63.387
27.215
-63.558
26.505
-63.723
25.813
-63.882
25.139
-64.036
24.482
-64.184
23.841
-64.326
23.216
-64.462
22.607
-64.593
22.012
-64.718
21.433
-64.836
20.868
-64.949
20.317
-65.057
19.779
-65.158
19.255
-65.254
18.744
-65.344
18.246
-65.429
17.760
-65.508
17.286
-65.582
16.823
-65.651
16.373
-65.714
15.933
-65.773
15.505
-65.826
15.087
-65.875
14.680
-65.919
14.283
-65.958
13.896
-65.993
13.518
-66.023
13.151
-66.049
12.792
-66.071
12.443
-66.089
12.102
-66.103
11.770
-66.113
11.447
-66.119
11.132
-66.122
10.825
-66.121
10.526
-66.117
10.235
-66.109
 9.951
-66.099
 9.675
-66.085
 9.406
-66.068
 9.143
-66.049
 8.888
-66.026
 8.639
-66.001
 8.397
-65.974
 8.162
-65.944
 7.932
-65.911
 7.709
-65.877
 7.491
-65.840
 7.279
-65.801
 7.073
-65.760
 6.873
-65.717
 6.678
-65.672
 6.488
-65.625
 6.303
-65.577
 6.123
-65.527
 5.948
-65.475
 5.777
-65.422
 5.612
-65.368
 5.450
-65.312
 5.294
-65.255
 5.141
-65.197
 4.993
-65.137
 4.848
-65.076
 4.708
-65.015
 4.572
-64.952
 4.439
-64.888
 4.310
-64.824
 4.184
-64.758
 4.063
-64.695
 3.944
-64.634
 3.829
-64.573
 3.718
-64.510
 3.609
-64.446
 3.503
-64.380
 3.401
-64.314
 3.301
-64.246
 3.203
-64.177
 3.109
-64.108
 3.017
-64.037
 2.928
-63.966
 2.841
-63.893
 2.757
-63.820
 2.675
-63.747
 2.596
-63.672
 2.518
-63.597
 2.443
-63.522
 2.370
-63.446
 2.299
-63.369
 2.230
-63.292
 2.163
-63.215
 2.098
-63.137
 2.035
-63.059
 1.974
-62.980
 1.914
-62.901
 1.857
-62.822
 1.800
-62.743
 1.746
-62.663
 1.693
-62.583
 1.641
-62.503
 1.591
-62.423
 1.543
-62.343
 1.496
-62.263
 1.450
-62.182
 1.406
-62.102
 1.363
-62.021
 1.321
-61.940
 1.280
-61.860
 1.241
-61.779
 1.203
-61.698
 1.166
-61.617
 1.130
-61.537
 1.095
-61.456
 1.061
-61.375
 1.028
-61.295
 0.996
-61.214
 0.965
-61.134
 0.935
-61.053
 0.906
-60.973
 0.878
-60.892
 0.850
-60.812
 0.824
-60.732
 0.798
-60.652
 0.773
-60.572
 0.749
-60.492
 0.725
-60.413
 0.702
-60.333
 0.680
-60.254
 0.659
-60.175
 0.638
-60.096
 0.618
-60.017
 0.598
-59.938
 0.579
-59.859
 0.561
-59.780
 0.543
-59.702
 0.526
-59.624
 0.509
-59.546
 0.493
-59.468
 0.477
-59.390
 0.462
-59.313
 0.447
-59.235
 0.433
-59.158
 0.419
-59.081
 0.405
-59.004
 0.392
-58.927
 0.380
-58.851
 0.367
-58.774
 0.356
-58.698
 0.344
-58.622
 0.333
-58.546
 0.322
-58.471
 0.312
-58.395
 0.302
-58.320
 0.292
-58.245
 0.282
-58.170
 0.273
-58.095
 0.264
-58.021
 0.255
-57.946
 0.247
-57.872
 0.239
-57.798
 0.231
-57.724
 0.224
-57.651
 0.216
-57.577
 0.209
-57.504
 0.202
-57.431
 0.196
-57.358
 0.189
-57.285
 0.183
-57.212
 0.177
-57.140
 0.171
-57.068
 0.165
-56.996
 0.160
-56.924
 0.154
-56.852
 0.149
-56.781
 0.144
-56.710
 0.140
-56.639
 0.135
-56.568
 0.130
-56.497
 0.126
-56.426
 0.122
-56.356
 0.118
-56.286
 0.114
-56.216
 0.110
-56.146
 0.106
-56.076
 0.103
-56.007
 0.099
-55.937
 0.096
-55.868
 0.093
-55.799
 0.089
-55.731
 0.086
-55.662
 0.083
-55.593
 0.081
-55.525
 0.078
-55.457
 0.075
-55.389
 0.073
-55.321
 0.070
-55.254
 0.068
-55.186
 0.065
-55.119
 0.063
-55.052
 0.061
-54.985
 0.059
-54.918
 0.057
-54.852
 0.055
-54.785
 0.053
-54.719
 0.051
-54.653
 0.049
-54.587
 0.048
-54.521
 0.046
-54.456
 0.045
-54.390
 0.043
-54.325
 0.041
-54.260
 0.040
-54.195
 0.039
-54.130
 0.037
-54.066
 0.036
-54.001
 0.035
-53.937
 0.034
-53.873
 0.032
-53.809
 0.031
-53.745
 0.030
-53.681
 0.029
-53.618
 0.028
-53.554
 0.027
-53.491
 0.026
-53.428
 0.025
-53.365
 0.024
-53.302
 0.023
-53.240
 0.023
-53.177
 0.022
-53.115
 0.021
-53.053
 0.020
-52.991
 0.020
-52.929
 0.019
-52.867
 0.018
-52.806
 0.018
-52.744
 0.017
-52.683
 0.016
-52.622
 0.016
-52.561
 0.015
-52.500
 0.015
-52.439
 0.014
-52.379
 0.014
-53.457
 0.013
-50.190
 0.011
-46.854
 0.011
-46.633
 0.011
-48.466
 0.011
-50.297
 0.011
-52.127
 0.011
-53.955
 0.011
-55.781
 0.011
-57.605
 0.011
-59.427
 0.011
-61.247
 0.011
-63.065
 0.011
-64.880
 0.011
-66.693
 0.011
-68.504
 0.011
-70.312
 0.011
-72.118
 0.011
-73.921
 0.011
-75.721
 0.011
-77.518
 0.011
-79.313
 0.011
-80.923
 0.011
-81.654
 0.010
-81.385
 0.010
-80.455
 0.010
-79.131
 0.009
-77.527
 0.009
-75.702
 0.008
-73.716
 0.008
-71.628
 0.007
-69.481
 0.007
-67.307
 0.007
-65.128
 0.006
-62.964
 0.006
-60.828
 0.005
-58.729
 0.005
-56.676
 0.005
-54.673
 0.004
-52.724
 0.004
-50.832
 0.004
-48.997
 0.004
-47.221
 0.003
-45.502
 0.003
-43.842
 0.003
-42.238
 0.003
-40.689
 0.002
-39.195
 0.002
-37.754
 0.002
-36.365
 0.002
-35.025
 0.002
-33.734
 0.001
-32.490
 0.001
-31.291
 0.001
-30.136
 0.001
-29.023
 0.001
-27.951
 0.001
-26.918
 0.001
-25.924
 0.001
-24.966
 0.001
-24.043
 0.001
-23.154
 0.001
-22.298
 0.000
-21.474
 0.000
-20.680
 0.000
-19.916
 0.000
-19.179
 0.000
-18.470
 0.000
-17.787
 0.000
-17.130
 0.000
-16.496
 0.000
-15.886
 0.000
-15.299
 0.000
-14.733
 0.000
-14.189
 0.000
-13.664
 0.000
-13.159
 0.000
-12.672
 0.000
-12.204
 0.000
-11.752
 0.000
-11.318
 0.000
-10.899
 0.000
-10.496
 0.000
-10.108
 0.000
-9.735
 0.000
-9.375
 0.000
-9.028
 0.000
-8.694
 0.000
-8.373
 0.000
-8.063
 0.000
-7.765
 0.000
-7.478
 0.000
-7.201
 0.000
-6.935
 0.000
-6.679
 0.000
-6.432
 0.000
-6.194
 0.000
-5.965
 0.000
-5.744
 0.000
-5.532
 0.000
-5.327
 0.000
-5.131
 0.000
-4.941
 0.000
-4.758
 0.000
-4.582
 0.000
-4.413
 0.000
-4.250
 0.000
-4.092
 0.000
-3.941
 0.000
-3.795
 0.000
-3.655
 0.000
-3.520
 0.000
-3.390
 0.000
-3.264
 0.000
-3.144
 0.000
-3.028
 0.000
-2.916
 0.000
-2.808
 0.000
-2.704
 0.000
-2.604
 0.000
-2.508
 0.000
-2.415
 0.000
-2.326
 0.000
-2.240
 0.000
-2.157
 0.000
-2.077
 0.000
-2.000
 0.000
-1.926
 0.000
-1.855
 0.000
-1.787
 0.000
-1.721
 0.000
-1.657
 0.000
-1.596
 0.000
-1.537
 0.000
-1.480
 0.000
-1.425
 0.000
-1.372
 0.000
-1.322
 0.000
-1.273
 0.000
-1.226
 0.000
-1.180
 0.000
-1.137
 0.000
-1.095
 0.000
-1.054
 0.000
-1.015
 0.000
-0.978
 0.000
-0.942
 0.000
-0.907
 0.000
-0.873
 0.000
-0.841
 0.000
-0.810
 0.000
-0.780
 0.000
-0.751
 0.000
-0.723
 0.000
-0.697
 0.000
-0.671
 0.000
-0.646
 0.000
-0.622
 0.000
-0.599
 0.000
-0.577
 0.000
-0.556
 0.000
-0.535
 0.000
-0.515
 0.000
-0.496
 0.000
-0.478
 0.000
-0.460
 0.000
-0.443
 0.000
-0.427
 0.000
-0.411
 0.000
-0.396
 0.000
-0.381
 0.000
-0.367
 0.000
-0.354
 0.000
-0.340
 0.000
-0.328
 0.000
-0.316
 0.000
-0.304
 0.000
-0.293
 0.000
-0.282
 0.000
-0.272
 0.000
-0.262
 0.000
-0.252
 0.000
-0.243
 0.000
-0.234
 0.000
-0.225
 0.000
-0.217
 0.000
-0.209
 0.000
-0.201
 0.000
-0.193
 0.000
-0.186
 0.000
-0.179
 0.000
-0.173
 0.000
-0.166
 0.000
-0.160
 0.000
-0.154
 0.000
-0.149
 0.000
-0.143
 0.000
-0.138
 0.000
-0.133
 0.000
-0.128
 0.000
-0.123
 0.000
-0.119
 0.000
-0.114
 0.000
-0.110
 0.000
-0.106
 0.000
-0.102
 0.000
-0.098
 0.000
-0.095
 0.000
-0.091
 0.000
-0.088
 0.000
-0.084
 0.000
-0.081
 0.000
-0.078
 0.000
-0.075
 0.000
-0.073
 0.000
-0.070
 0.000
-0.067
 0.000
-0.065
 0.000
-0.062
 0.000
-0.060
 0.000
-0.058
 0.000
-0.056
 0.000
-0.054
 0.000
-0.052
 0.000
-0.050
 0.000
-0.048
 0.000
-0.046
 0.012
-0.177
 0.047
-0.052
 0.046
-0.078
 0.112
-0.129
 0.106
-0.127
 0.111
-0.126
 0.114
-0.124
 0.118
-0.122
 0.122
-0.120
