 0.352
 0.352
 0.352
 0.353
 0.353
 0.353
 0.353
 0.353
 0.353
 0.353
 0.353
 0.354
 0.354
 0.354
 0.354
 0.354
 0.354
 0.354
 0.355
 1.143
 0.544
 0.386
 0.327
 0.303
 0.292
 0.287
 0.285
 0.284
 0.284
 0.284
 0.284
 0.284
 0.285
 0.285
 0.285
 0.285
 0.285
 0.285
 0.285
 0.285
 0.285
 0.284
 0.284
 0.284
 0.285
 0.285
 0.285
 0.286
 0.286
 0.287
 0.288
 0.290
 0.292
 0.294
 0.296
 0.300
 0.303
 0.308
 0.313
 0.319
 0.325
 0.333
 0.341
 0.350
 0.361
 0.372
 0.385
 0.399
 0.415
 0.431
 0.450
 0.469
 0.491
 0.514
 0.538
 0.565
 0.593
 0.623
 0.655
 0.689
 0.725
 0.763
 0.804
 0.847
 0.892
 0.940
 0.990
 1.043
 1.099
 1.157
 1.219
 1.283
 1.351
 1.422
 1.496
 1.574
 1.654
 1.739
 1.827
 1.919
 2.014
 2.113
 2.216
 2.323
 2.434
 2.549
 2.667
 2.789
 2.915
 3.045
 3.178
 3.315
 3.455
 3.598
 3.744
 3.893
 4.044
 4.198
 4.353
 4.510
 4.667
 4.826
 4.985
 5.143
 5.301
 5.458
 5.613
 5.766
 5.916
 6.063
 6.205
 6.344
 6.477
 6.605
 6.728
 6.843
 6.952
 7.053
 7.147
 7.233
 7.310
 7.379
 7.440
 7.491
 7.533
 7.567
 7.591
 7.607
 7.613
 7.611
 7.601
 7.582
 7.555
 7.521
 7.479
 7.430
 7.375
 7.313
 7.246
 7.173
 7.095
 7.013
 6.926
 6.836
 6.742
 6.645
 6.546
 6.444
 6.341
 6.236
 6.129
 6.022
 5.914
 5.806
 5.697
 5.589
 5.481
 5.373
 5.266
 5.160
 5.054
 4.950
 4.847
 4.745
 4.645
 4.546
 4.449
 4.353
 4.259
 4.167
 4.077
 3.988
 3.901
 3.815
 3.732
 3.650
 3.570
 3.492
 3.416
 3.341
 3.268
 3.197
 3.128
 3.060
 2.994
 2.930
 2.867
 2.805
 2.746
 2.687
 2.630
 2.575
 2.521
 2.469
 2.417
 2.367
 2.319
 2.271
 2.225
 2.180
 2.137
 2.094
 2.052
 2.012
 1.972
 1.934
 1.897
 1.860
 1.824
 1.790
 1.756
 1.723
 1.691
 1.660
 1.629
 1.600
 1.571
 1.543
 1.515
 1.488
 1.462
 1.437
 1.412
 1.388
 1.364
 1.341
 1.319
 1.297
 1.275
 1.254
 1.234
 1.214
 1.195
 1.176
 1.157
 1.139
 1.122
 1.104
 1.088
 1.071
 1.055
 1.040
 1.024
 1.009
 0.995
 0.981
 0.967
 0.953
 0.940
 0.927
 0.914
 0.902
 0.889
 0.877
 0.866
 0.855
 0.843
 0.833
 0.822
 0.812
 0.801
 0.791
 0.782
 0.772
 0.763
 0.754
 0.745
 0.736
 0.727
 0.719
 0.711
 0.703
 0.695
 0.687
 0.680
 0.672
 0.665
 0.658
 0.651
 0.644
 0.637
 0.631
 0.624
 0.618
 0.612
 0.606
 0.600
 0.594
 0.588
 0.583
 0.577
 0.380
 0.380
 0.379
 0.379
 0.378
 0.378
 0.378
 0.377
 0.377
 0.376
 0.376
 0.375
 0.375
 0.375
 0.374
 0.374
 0.373
 0.373
 0.372
 0.372
 0.372
 0.371
 0.371
 0.370
 0.370
 0.369
 0.369
 0.368
 0.368
 0.368
 0.367
 0.367
 0.366
 0.366
 0.365
 0.365
 0.365
 0.364
 0.364
 0.363
 0.363
 0.362
 0.362
 0.361
 0.361
 0.360
 8.014
 6.675
 5.643
 4.832
 4.182
 3.654
 3.220
 2.858
 2.553
 2.295
 2.074
 1.883
 1.717
 1.573
 1.446
 1.334
 1.234
 1.146
 1.067
 0.996
 0.932
 0.875
 0.822
 0.775
 0.732
 0.693
 0.657
 0.624
 0.593
 0.566
 0.540
 0.516
 0.494
 0.474
 0.455
 0.437
 0.420
 0.405
 0.391
 0.377
 0.365
 0.353
 0.341
 0.331
 0.321
 0.311
 0.302
 0.294
 0.286
 0.278
 0.271
 0.264
 0.257
 0.250
 0.244
 0.238
 0.232
 0.227
 0.221
 0.216
 0.211
 0.206
 0.201
 0.197
 0.192
 0.188
 0.184
 0.179
 0.175
 0.171
 0.168
 0.164
 0.160
 0.157
 0.153
 0.150
 0.146
 0.143
 0.140
 0.137
 0.134
 0.131
 0.128
 0.125
 0.122
 0.119
 0.117
 0.114
 0.111
 0.109
 0.106
 0.104
 0.102
 0.099
 0.097
 0.095
 0.093
 0.091
 0.089
 0.087
 0.085
 0.083
 0.081
 0.079
 0.077
 0.075
 0.074
 0.072
 0.070
 0.069
 0.067
 0.066
 0.064
 0.063
 0.062
 0.060
 0.059
 0.058
 0.056
 0.055
 0.054
 0.053
 0.052
 0.051
 0.050
 0.049
 0.048
 0.047
 0.046
 0.045
 0.044
 0.043
 0.042
 0.042
 0.041
 0.040
 0.039
 0.039
 0.038
 0.037
 0.037
 0.036
 0.035
 0.035
 0.034
 0.034
 0.033
 0.033
 0.032
 0.032
 0.031
 0.031
 0.030
 0.030
 0.030
 0.029
 0.029
 0.028
 0.028
 0.028
 0.027
 0.027
 0.027
 0.026
 0.026
 0.026
 0.026
 0.025
 0.025
 0.025
 0.025
 0.024
 0.024
 0.024
 0.024
 0.024
 0.023
 0.023
 0.023
 0.023
 0.023
 0.023
 0.022
 0.022
 0.022
 0.022
 0.022
 0.022
 0.022
 0.021
 0.021
 0.021
 0.021
 0.021
 0.021
 0.021
 0.021
 0.021
 0.020
 0.020
 0.020
 0.020
 0.020
 0.020
 0.020
 0.020
 0.020
 0.020
 0.020
 0.019
 0.019
 0.019
 0.019
 0.019
 0.019
 0.019
 0.019
 0.019
 0.019
 0.019
 0.019
 0.019
 0.019
 0.019
 0.018
 0.018
 0.017
 0.017
 0.017
 0.017
 0.017
 0.017
 0.017
 0.017
 0.017
 0.017
 0.017
 0.017
 0.017
 0.017
 0.017
 0.018
 0.018
 0.018
 0.018
 0.018
 0.018
 0.018
 0.018
 0.018
 0.018
 0.017
 0.017
 0.017
 0.017
 0.017
 0.017
 0.017
 0.017
 0.017
 0.017
 0.017
 0.017
 0.017
 0.017
 0.017
 0.017
 0.017
 0.017
 0.017
 0.017
 0.017
 0.017
 0.017
 0.017
 0.017
 0.017
 0.017
 0.017
 0.017
 0.017
 0.017
 0.017
 0.016
 0.016
 0.016
 0.016
 0.016
 0.016
 0.016
 0.016
 0.016
 0.016
 0.016
 0.016
 0.016
 0.016
 0.016
 0.016
 0.016
 0.016
 0.016
 0.016
 0.016
 0.016
 0.016
 0.016
 0.015
 0.015
 0.015
 0.015
 0.015
 0.015
 0.015
 0.015
 0.015
 0.015
 0.015
 0.015
 0.015
 0.015
 0.015
 0.015
 0.015
 0.015
 0.015
 0.015
 0.015
 0.015
 0.015
 0.015
 0.015
 0.015
 0.014
 0.014
 0.014
 0.014
 0.014
 0.014
 0.014
 0.014
 0.014
 0.014
 0.014
 0.014
 0.014
 0.014
 0.014
 0.014
 0.014
 0.014
 0.014
 0.014
 0.014
 0.014
 0.014
 0.014
 0.014
 0.014
 0.014
 0.014
 0.013
 0.013
 0.013
 0.013
 0.013
 0.013
 0.013
 0.013
 0.013
 0.013
 0.013
 0.013
 0.013
 0.013
 0.013
 0.013
 0.013
 0.013
 0.013
 0.013
 0.013
 0.013
 0.013
 0.013
 0.013
 0.013
 0.013
 0.013
 0.013
 0.013
 0.013
 0.012
 0.012
 0.012
 0.012
 0.012
 0.012
 0.373
 0.680
 0.680
 0.363
 0.374
 0.373
 0.373
 0.373
 0.372
 0.372
 0.371
 0.371
 0.370
 0.370
 0.370
 0.369
 0.369
 0.368
 0.367
 0.367
 0.366
 0.366
 0.305
 0.099
 0.098
 0.214
 0.286
 0.339
 0.382
 0.411
 0.430
 0.440
 0.444
 0.444
 0.440
 0.434
 0.426
 0.416
 0.406
 0.394
 0.383
 0.371
 0.359
 0.347
 0.336
 0.324
 0.313
 0.302
 0.291
 0.281
 0.271
 0.261
 0.251
 0.242
 0.233
 0.225
 0.216
 0.209
 0.201
 0.193
 0.186
 0.179
 0.173
 0.166
 0.160
 0.154
 0.149
 0.143
 0.138
 0.133
 0.128
 0.123
 0.119
 0.114
 0.110
 0.106
 0.102
 0.098
 0.095
 0.091
 0.088
 0.084
 0.081
 0.078
 0.075
 0.073
 0.070
 0.067
 0.065
 0.063
 0.060
 0.058
 0.056
 0.054
 0.052
 0.050
 0.048
 0.046
 0.045
 0.043
 0.041
 0.040
 0.038
 0.037
 0.036
 0.034
 0.033
 0.032
 0.031
 0.029
 0.028
 0.027
 0.026
 0.025
 0.024
 0.023
 0.023
 0.022
 0.021
 0.020
 0.019
 0.019
 0.018
 0.017
 0.017
 0.016
 0.016
 0.015
 0.014
 0.014
 0.013
 0.013
 0.012
 0.012
 0.011
 0.011
 0.011
 0.010
 0.010
 0.010
 0.009
 0.009
 0.008
 0.008
 0.008
 0.008
 0.007
 0.007
 0.007
 0.007
 0.006
 0.006
 0.006
 0.006
 0.005
 0.005
 0.005
 0.005
 0.005
 0.004
 0.004
 0.004
 0.004
 0.004
 0.004
 0.004
 0.003
 0.003
 0.003
 0.003
 0.003
 0.003
 0.003
 0.003
 0.003
 0.002
 0.002
 0.002
 0.002
 0.002
 0.002
 0.002
 0.002
 0.002
 0.002
 0.002
 0.002
 0.002
 0.002
 0.001
 0.001
 0.001
 0.001
 0.001
 0.001
 0.001
 0.001
 0.001
 0.001
 0.001
 0.001
 0.001
 0.001
 0.001
 0.001
 0.001
 0.001
 0.001
 0.001
 0.001
 0.001
 0.001
 0.001
 0.001
 0.001
 0.001
 0.001
 0.001
 0.000
 0.000
 0.000
 0.000
 0.000
 0.000
 0.000
 0.000
 0.000
 0.229
 0.227
 0.246
 0.259
 0.271
 0.282
 0.294
 0.305
 0.316
