4000.000
4000.591
4001.183
4001.776
4002.370
4002.965
4003.560
4004.157
4004.754
4005.352
4005.952
4006.552
4007.153
4007.755
4008.357
4008.961
4009.566
4010.171
4010.777
3974.577
3970.846
3968.808
3967.434
3966.415
3965.613
3964.956
3964.400
3963.919
3963.491
3963.105
3962.748
3962.414
3962.094
3961.785
3961.481
3961.179
3960.875
3960.565
3960.248
3959.921
3959.580
3959.224
3958.850
3958.457
3958.041
3957.602
3957.135
3956.640
3956.114
3955.555
3954.960
3954.327
3953.653
3952.936
3952.173
3951.362
3950.499
3949.581
3948.605
3947.569
3946.467
3945.298
3944.056
3942.739
3941.341
3939.859
3938.288
3936.623
3934.859
3932.992
3931.014
3928.922
3926.708
3924.366
3921.890
3919.273
3916.507
3913.586
3910.500
3907.241
3903.801
3900.172
3896.342
3892.303
3888.043
3883.554
3878.822
3873.836
3868.585
3863.056
3857.236
3851.111
3844.667
3837.891
3830.766
3823.279
3815.413
3807.153
3798.481
3789.382
3779.837
3769.831
3759.344
3748.360
3736.860
3724.827
3712.243
3699.090
3685.350
3671.006
3656.041
3640.439
3624.185
3607.262
3589.657
3571.357
3552.350
3532.624
3512.172
3490.984
3469.056
3446.382
3422.960
3398.791
3373.877
3348.222
3321.832
3294.717
3266.889
3238.362
3209.154
3179.282
3148.771
3117.643
3085.926
3053.649
3020.844
2987.543
2953.782
2919.598
2885.029
2850.115
2814.896
2779.414
2743.711
2707.828
2671.809
2635.695
2599.529
2563.351
2527.201
2491.119
2455.144
2419.311
2383.657
2348.215
2313.016
2278.092
2243.470
2209.178
2175.238
2141.675
2108.509
2075.758
2043.439
2011.568
1980.157
1949.219
1918.762
1888.795
1859.324
1830.356
1801.893
1773.938
1746.493
1719.558
1693.132
1667.213
1641.800
1616.887
1592.472
1568.550
1545.115
1522.162
1499.683
1477.673
1456.125
1435.030
1414.382
1394.172
1374.393
1355.037
1336.095
1317.558
1299.420
1281.670
1264.301
1247.305
1230.673
1214.397
1198.469
1182.881
1167.625
1152.692
1138.076
1123.768
1109.761
1096.047
1082.621
1069.473
1056.598
1043.988
1031.638
1019.540
1007.688
996.076
984.698
973.548
962.620
951.908
941.408
931.114
921.020
911.121
901.414
891.892
882.551
873.387
864.396
855.572
846.912
838.412
830.067
821.875
813.830
805.931
798.172
790.551
783.064
775.709
768.481
761.379
754.398
747.536
740.791
734.159
727.638
721.225
714.918
708.715
702.612
696.608
690.701
684.888
679.167
673.536
667.993
662.537
657.165
651.875
646.666
641.536
636.483
631.506
626.603
621.772
617.012
612.322
607.700
603.144
598.654
594.228
589.864
585.562
581.320
577.137
573.012
568.943
564.930
560.972
557.067
553.215
549.414
545.664
541.964
538.312
534.707
531.150
527.639
524.173
520.752
517.374
514.039
510.746
507.494
504.283
501.112
497.981
494.888
491.833
488.815
485.834
482.889
479.980
477.106
474.266
471.460
468.687
465.947
463.239
460.563
459.026
458.656
458.293
457.937
457.588
457.245
456.910
456.581
456.259
455.943
455.634
455.331
455.035
454.745
454.462
454.184
453.913
453.648
453.389
453.135
452.888
452.647
452.411
452.181
451.957
451.738
451.525
451.317
451.115
450.918
450.726
450.539
450.357
450.181
450.009
449.842
449.680
449.523
449.370
449.222
449.078
448.939
448.804
448.674
448.547
448.425
405.923
370.090
340.037
314.485
292.506
273.411
256.677
241.900
228.764
217.018
206.458
196.921
188.270
180.392
173.195
166.600
160.537
154.952
149.793
145.019
140.592
136.480
132.656
129.093
125.770
122.667
119.768
117.055
114.515
112.136
109.906
107.815
105.853
104.011
102.282
100.659
99.135
97.703
96.359
95.096
93.910
92.796
91.750
90.769
89.848
88.983
88.173
87.412
86.700
86.032
85.406
84.820
84.271
83.757
83.277
82.828
82.408
82.015
81.648
81.306
80.985
80.687
80.408
80.147
79.904
79.677
79.465
79.267
79.083
78.910
78.748
78.597
78.455
78.323
78.198
78.081
77.970
77.866
77.768
77.675
77.586
77.502
77.422
77.345
77.271
77.199
77.130
77.064
76.999
76.935
76.873
76.812
76.751
76.692
76.633
76.574
76.515
76.456
76.398
76.339
76.280
76.220
76.160
76.099
76.038
75.976
75.914
75.850
75.786
75.721
75.655
75.588
75.521
75.452
75.382
75.312
75.240
75.168
75.095
75.020
74.945
74.869
74.792
74.714
74.635
74.556
74.475
74.394
74.312
74.229
74.145
74.061
73.975
73.889
73.803
73.716
73.628
73.539
73.450
73.361
73.270
73.180
73.089
72.997
72.905
72.812
72.719
72.626
72.532
72.438
72.344
72.249
72.154
72.059
71.963
71.867
71.771
71.675
71.579
71.482
71.386
71.289
71.192
71.095
70.998
70.900
70.803
70.706
70.608
70.511
70.414
70.316
70.219
70.121
70.024
69.927
69.829
69.732
69.635
69.538
69.441
69.344
69.247
69.150
69.054
68.957
68.861
68.765
68.669
68.573
68.477
68.381
68.286
68.190
68.095
68.000
67.905
67.810
67.716
67.621
67.527
67.433
67.340
67.246
67.153
67.059
66.966
66.874
66.781
66.689
66.597
66.505
66.413
66.321
66.230
66.139
66.048
65.957
65.867
65.777
65.687
65.597
65.507
65.418
65.329
65.240
65.152
65.071
64.989
64.907
64.825
64.742
64.659
64.575
64.491
64.407
64.323
64.238
64.153
64.068
63.983
63.898
63.813
63.727
63.642
63.557
63.471
63.385
63.300
63.214
63.129
63.043
62.958
62.873
62.787
62.702
62.617
62.532
62.447
62.362
62.277
62.193
62.108
62.024
61.940
61.856
61.772
61.688
61.605
61.521
61.438
61.355
61.272
61.190
61.107
61.025
60.943
60.861
60.779
60.697
60.616
60.535
60.454
60.373
60.292
60.212
60.132
60.052
59.972
59.892
59.813
59.734
59.655
59.576
59.497
59.419
59.340
59.262
59.185
59.107
59.030
58.952
58.875
58.798
58.722
58.645
58.569
58.493
58.417
58.342
58.266
58.191
58.116
58.041
57.967
57.892
57.818
57.744
57.670
57.596
57.523
57.450
57.377
57.304
57.231
57.158
57.086
57.014
56.942
56.870
56.799
56.727
56.656
56.585
56.514
56.443
56.373
56.303
56.233
56.163
56.093
56.023
55.954
55.885
55.816
55.747
55.678
55.609
55.541
55.473
55.405
55.337
55.269
55.202
55.135
55.068
55.001
54.934
54.867
54.801
54.734
54.668
54.602
54.536
54.471
54.405
54.340
54.275
54.210
54.145
54.080
54.016
53.951
53.887
53.823
53.759
53.696
53.632
53.569
53.505
53.442
53.379
53.317
53.254
53.191
53.129
53.067
53.005
52.943
52.881
52.820
52.758
52.697
52.636
52.575
52.514
52.453
52.393
53.593
50.773
47.437
46.188
48.017
49.849
51.679
53.507
55.334
57.158
58.981
60.801
62.620
64.436
66.249
68.061
69.869
71.676
73.479
75.280
77.078
78.873
80.585
81.569
81.518
80.717
79.475
77.933
76.157
74.205
72.137
70.001
67.831
65.652
63.483
61.339
59.231
57.166
55.151
53.189
51.283
49.434
47.644
45.911
44.237
42.619
41.058
39.551
38.097
36.695
35.344
34.041
32.785
31.576
30.410
29.287
28.206
27.164
26.160
25.193
24.262
23.365
22.502
21.670
20.869
20.097
19.354
18.639
17.950
17.286
16.647
16.031
15.439
14.868
14.318
13.789
13.279
12.788
12.315
11.860
11.421
10.999
10.592
10.201
 9.823
 9.460
 9.110
 8.774
 8.449
 8.137
 7.836
 7.546
 7.267
 6.998
 6.740
 6.490
 6.251
 6.019
 5.797
 5.583
 5.376
 5.177
 4.986
 4.802
 4.624
 4.453
 4.288
 4.130
 3.977
 3.830
 3.688
 3.552
 3.421
 3.294
 3.172
 3.055
 2.942
 2.833
 2.729
 2.628
 2.531
 2.437
 2.347
 2.260
 2.177
 2.096
 2.019
 1.944
 1.872
 1.803
 1.736
 1.672
 1.610
 1.551
 1.493
 1.438
 1.385
 1.334
 1.284
 1.237
 1.191
 1.147
 1.105
 1.064
 1.025
 0.987
 0.950
 0.915
 0.881
 0.849
 0.817
 0.787
 0.758
 0.730
 0.703
 0.677
 0.652
 0.628
 0.605
 0.582
 0.561
 0.540
 0.520
 0.501
 0.482
 0.464
 0.447
 0.431
 0.415
 0.399
 0.385
 0.370
 0.357
 0.344
 0.331
 0.319
 0.307
 0.296
 0.285
 0.274
 0.264
 0.254
 0.245
 0.236
 0.227
 0.219
 0.211
 0.203
 0.195
 0.188
 0.181
 0.174
 0.168
 0.162
 0.156
 0.150
 0.144
 0.139
 0.134
 0.129
 0.124
 0.120
 0.115
 0.111
 0.107
 0.103
 0.099
 0.095
 0.092
 0.089
 0.085
 0.082
 0.079
 0.076
 0.073
 0.071
 0.068
 0.065
 0.063
 0.061
 0.058
 0.056
 0.054
 0.052
 0.050
 0.048
 0.047
 0.169
 0.160
 0.162
 0.164
 0.165
 0.167
 0.168
 0.170
 0.171
