 0.000
125000.000
1879.385
124315.528
3758.771
123630.193
5638.156
122943.993
7517.542
122256.929
9396.927
121569.000
11276.313
120880.206
13155.698
120190.546
15035.084
119500.020
16914.469
118808.628
18793.854
118116.369
20673.240
117423.243
22552.625
116729.250
24432.011
116034.390
26311.396
115338.661
28190.782
114642.064
30070.167
113944.599
31949.553
113246.264
33828.938
112547.060
35696.201
111856.140
37559.249
111167.527
39420.909
110479.088
41281.623
109790.492
43141.592
109101.586
45000.933
108412.282
46859.719
107722.526
48718.001
107032.279
50575.815
106341.512
52433.187
105650.208
54290.136
104958.350
56146.677
104265.928
58002.820
103572.934
59858.573
102879.362
61713.941
102185.207
63568.926
101490.468
65423.531
100795.143
67277.754
100099.233
69131.594
99402.739
70985.048
98705.663
72838.112
98008.007
74690.780
97309.776
76543.048
96610.974
78394.907
95911.606
80246.349
95211.679
82097.367
94511.199
83947.949
93810.173
85798.085
93108.609
87647.764
92406.517
89496.973
91703.906
91345.698
91000.786
93193.925
90297.168
95041.638
89593.064
96888.822
88888.487
98735.458
88183.450
100581.527
87477.966
102427.011
86772.053
104271.888
86065.724
106116.136
85358.998
107959.732
84651.892
109802.651
83944.426
111644.866
83236.619
113486.351
82528.493
115327.076
81820.071
117167.011
81111.375
119006.122
80402.432
120844.377
79693.267
122681.739
78983.908
124518.171
78274.386
126353.633
77564.729
128188.082
76854.972
130021.475
76145.148
131853.766
75435.293
133684.904
74725.446
135514.841
74015.646
137343.520
73305.936
139170.886
72596.360
140996.878
71886.963
142821.434
71177.796
144644.488
70468.910
146465.971
69760.358
148285.810
69052.197
150103.928
68344.488
151920.245
67637.292
153734.677
66930.675
155547.136
66224.706
157357.528
65519.457
159165.757
64815.004
160971.720
64111.427
162775.310
63408.807
164576.416
62707.233
166374.920
62006.796
168170.699
61307.590
169963.626
60609.715
171753.565
59913.275
173540.376
59218.378
175323.913
58525.138
177104.022
57833.672
178880.543
57144.104
180653.311
56456.561
182422.151
55771.176
184186.883
55088.087
185947.319
54407.437
187703.262
53729.376
189454.512
53054.056
191200.856
52381.638
192942.077
51712.285
194677.948
51046.167
196408.237
50383.459
198132.701
49724.342
199851.092
49068.999
201563.153
48417.620
203268.620
47770.399
204967.221
47127.535
206658.680
46489.230
208342.710
45855.690
210019.020
45227.123
211687.313
44603.742
213347.286
43985.762
214998.631
43373.398
216641.035
42766.868
218274.182
42166.390
219897.751
41572.183
221511.422
40984.463
223114.870
40403.447
224707.770
39829.349
226289.797
39262.379
227860.629
38702.745
229419.942
38150.650
230967.419
37606.290
232502.745
37069.856
234025.610
36541.533
235535.711
36021.496
237032.751
35509.912
238516.443
35006.939
239986.508
34512.723
241442.678
34027.402
242884.696
33551.101
244312.318
33083.931
245725.314
32625.993
247123.465
32177.375
248506.569
31738.149
249874.442
31308.375
251226.911
30888.099
252563.823
30477.354
253885.042
30076.157
255190.448
29684.512
256479.940
29302.409
257753.434
28929.825
259010.865
28566.722
260252.184
28213.052
261477.360
27868.753
262686.382
27533.749
263879.252
27207.957
265055.992
26891.278
266216.638
26583.608
267361.243
26284.830
268489.875
25994.819
269602.615
25713.442
270699.559
25440.560
271780.816
25176.025
272846.508
24919.684
273896.766
24671.379
274931.734
24430.948
275951.566
24198.223
276956.423
23973.035
277946.477
23755.213
278921.905
23544.580
279882.894
23340.961
280829.633
23144.180
281762.321
22954.059
282681.159
22770.422
283586.351
22593.091
284478.106
22421.890
285356.637
22256.647
286222.156
22097.186
287074.880
21943.339
287915.024
21794.935
288742.807
21651.809
289558.445
21513.796
290362.155
21380.736
291154.155
21252.471
291934.660
21128.846
292703.884
21009.709
293462.041
20894.912
294209.342
20784.310
294945.996
20677.761
295672.209
20575.127
296388.187
20476.273
297094.130
20381.069
297790.239
20289.386
298476.708
20201.101
299153.732
20116.093
299821.500
20034.244
300480.199
19955.440
301130.013
19879.572
301771.122
19806.531
302403.703
19736.214
303027.929
19668.519
303643.971
19603.350
304251.996
19540.611
304852.166
19480.210
305444.643
19422.059
306029.582
19366.071
306607.138
19312.164
307177.459
19260.257
307740.693
19210.271
308296.984
19162.132
308846.471
19115.767
309389.292
19071.105
309925.580
19028.077
310455.467
18986.618
310979.081
18946.664
311496.546
18908.154
312007.984
18871.027
312513.515
18835.227
313013.254
18800.696
313507.316
18767.382
313995.811
18735.233
314478.848
18704.198
314956.532
18674.227
315428.966
18645.276
315896.251
18617.297
316358.485
18590.247
316815.764
18564.083
317268.182
18538.764
317715.830
18514.251
318158.797
18490.505
318597.171
18467.489
319031.036
18445.166
319460.475
18423.503
319885.569
18402.465
320306.397
18382.020
320723.036
18362.136
321135.561
18342.783
321544.046
18323.932
321948.563
18305.554
322349.182
18287.621
322745.971
18270.107
323138.996
18252.985
323528.324
18236.232
323914.017
18219.822
324296.139
18203.732
324674.749
18187.939
325049.906
18172.422
325421.670
18157.159
325790.097
18142.130
326155.241
18127.314
326517.157
18112.693
326875.897
18098.246
327231.514
18083.957
327584.058
18069.808
327933.578
18055.781
328280.121
18041.861
328623.736
18028.030
328964.468
18014.274
329302.363
18000.578
329637.464
17986.926
329969.813
17973.305
330299.455
17959.701
330626.428
17946.101
330950.775
17932.491
331272.534
17918.860
331591.743
17905.195
331908.440
17891.484
332222.663
17877.716
332534.447
17863.880
332843.827
17849.965
333150.839
17835.960
333455.515
17821.856
333757.890
17807.643
334057.995
17793.311
334355.862
17778.850
334651.522
17764.253
334945.006
17749.510
335236.343
17734.612
335525.563
17719.552
335812.694
17704.322
336097.764
17688.913
336380.801
17673.319
336661.832
17657.532
336940.882
17641.544
337217.977
17625.350
337493.144
17608.942
337766.406
17592.314
338037.788
17575.459
338307.314
17558.372
338575.006
17541.047
338840.889
17523.478
339104.984
17505.659
339367.313
17487.584
339627.898
17469.250
339886.760
17450.649
340143.920
17431.779
340399.398
17412.633
340653.214
17393.208
340905.388
17373.498
341155.938
17353.499
341404.884
17333.207
341652.244
17312.618
341898.037
17291.728
342142.279
17270.533
342384.989
17249.029
342626.184
17227.213
342865.880
17205.081
343104.095
17182.629
343340.843
17159.855
343576.142
17136.755
343810.006
17113.326
344042.452
17089.565
344273.494
17065.469
344503.147
17041.036
344731.564
17016.192
344959.545
16990.537
345187.240
16963.995
345414.649
16936.568
345641.773
16908.257
345868.609
16879.063
346095.160
16848.988
346321.425
16818.031
346547.403
16786.196
346773.094
16753.482
346998.499
16719.891
347223.616
16685.425
347448.447
16650.083
347672.990
16613.869
347897.245
16576.782
348121.212
16538.823
348344.891
16499.995
348568.281
16460.299
348791.382
16419.735
349014.194
16378.305
349236.715
16336.009
349458.947
16292.851
349680.887
16248.830
349902.536
16203.948
350123.894
16158.206
350344.959
16111.605
350565.731
16064.147
350786.210
16015.834
351006.395
15966.666
351226.285
15916.645
351445.879
15865.771
351665.178
15814.048
351884.180
15761.475
352102.884
15708.055
352321.291
15653.788
352539.398
15598.676
352757.205
15542.721
352974.712
15485.924
353191.918
15428.287
353408.821
15369.810
353625.421
15310.496
353841.718
15250.346
354057.709
15189.361
354273.394
15127.543
354488.772
15064.894
354703.842
15001.415
354908.319
14940.180
355093.662
14883.797
355263.060
14831.384
355418.968
14782.261
355563.318
14735.893
355697.654
14691.853
355823.230
14649.794
355941.079
14609.431
356052.061
14570.527
356156.899
14532.880
356256.207
14496.324
356350.512
14460.711
356440.267
14425.919
356525.867
14391.837
356607.656
14358.374
356685.937
14325.444
356760.977
14292.976
356833.013
14260.906
356902.258
14229.175
356968.901
14197.734
357033.112
14166.536
357095.044
14135.542
357154.836
14104.713
357212.615
14074.017
357268.495
14043.425
357322.580
14012.909
357374.966
13982.445
357425.742
13952.012
357474.988
13921.588
357522.777
13891.157
357569.180
13860.702
357614.259
13830.208
357658.073
13799.662
357700.677
13769.051
357742.122
13738.365
357782.454
13707.594
357821.720
13676.728
357859.958
13645.761
357897.209
13614.685
357933.508
13583.493
357968.890
13552.181
358003.387
13520.742
358037.028
13489.174
358069.842
13457.472
358101.857
13425.633
358133.097
13393.654
358163.586
13361.534
358193.347
13329.271
358222.403
13296.863
358250.772
13264.309
358278.476
13231.610
358305.532
13198.764
358331.959
13165.772
358357.773
13132.635
358382.991
13099.353
358407.628
13065.926
358431.699
13032.357
358455.218
12998.647
358478.200
12964.797
358500.657
12930.808
358522.602
12896.684
358544.048
12862.426
358565.005
12828.036
358585.487
12793.517
358605.503
12758.872
358625.064
12724.102
358644.182
12689.212
358662.865
12654.202
358681.123
12619.078
358698.967
12583.841
358716.404
12548.494
358733.445
12513.041
358750.098
12477.485
358766.371
12441.829
358782.272
12406.076
358797.809
12370.229
358812.991
12334.292
358827.825
12298.268
358842.319
12262.160
358856.479
12225.971
358870.313
12189.705
358883.827
12153.365
358897.029
12116.954
358909.926
12080.475
358922.523
12043.932
358934.827
12007.327
358946.845
11970.664
358958.582
11933.946
358970.045
11897.176
358981.239
11860.357
358992.170
11823.492
359002.844
11786.583
359013.266
11749.634
359023.441
11712.648
359033.376
11675.627
359043.074
11638.573
359052.542
11601.491
359061.784
11564.382
359070.806
11527.248
359079.611
11490.093
359088.205
11452.919
359096.592
11415.728
359104.777
11378.523
359112.764
11341.306
359120.558
11304.078
359128.163
11266.843
359135.583
11229.603
359142.822
11192.359
359149.884
11155.114
359156.774
11117.869
359163.494
11080.626
359170.050
11043.388
359176.444
11006.156
359182.680
10968.932
359188.762
10931.717
359194.693
10894.513
359200.477
10857.322
359206.118
10820.146
359211.617
10782.985
359216.980
10745.841
359222.208
10708.716
359227.305
10671.611
359232.274
10634.527
359237.118
10597.466
359241.840
10560.428
359246.442
10523.415
359250.928
10486.429
359255.300
10449.469
359259.561
10412.538
359263.714
10375.636
359267.761
10338.764
359271.704
10301.923
359275.547
10265.114
359279.291
10228.338
359282.939
10191.595
359286.493
10154.887
359289.955
10118.214
359293.328
10081.577
359296.614
10044.977
359299.815
10008.414
359302.932
9971.889
359305.969
9935.403
359308.926
9898.955
359311.807
9862.548
359314.612
9826.180
359317.344
9789.854
359320.004
9753.568
359322.594
9717.324
359325.117
9681.123
359327.572
9644.963
359329.963
9608.847
359332.291
9572.774
359334.558
9536.744
359336.764
9500.759
359338.912
9464.817
359341.002
9428.921
359343.037
9393.069
359345.018
9357.262
359346.946
9321.500
359348.822
9285.784
359350.648
9250.114
359352.425
9214.490
359354.154
9178.911
359355.837
9143.380
359357.474
9107.894
359359.068
9072.455
359360.618
9037.064
359362.126
9001.718
359363.594
8966.420
359365.021
8931.169
359366.410
8895.966
359367.761
8860.809
359369.075
8825.700
359370.353
8790.638
359371.597
8755.624
359372.806
8720.657
359373.982
8685.738
359375.126
8650.866
359376.238
8616.042
359377.320
8581.266
359378.372
8546.537
359379.395
8511.856
359380.390
8477.222
359381.357
8442.636
359382.298
8408.098
359383.212
8373.607
359384.101
8339.164
359384.965
8304.769
359385.805
8270.421
359386.622
8236.120
359387.415
8201.867
359388.187
8167.661
359388.937
8133.503
359389.666
8099.392
359390.374
8065.328
359391.063
8031.311
359391.732
7997.342
359392.382
7963.419
359393.014
7929.543
359393.628
7895.715
359394.225
7861.933
359394.805
7828.197
359395.368
7794.509
359395.916
7760.867
359396.447
7727.271
359396.964
7693.722
359397.466
7660.220
359397.953
7626.763
359398.427
7593.353
359398.887
7559.989
359399.334
7526.670
359399.768
7493.398
359400.189
7460.171
359400.598
7426.990
359400.996
7393.855
359401.382
7360.765
359401.757
7327.720
359402.121
7294.721
359402.475
7261.766
359402.818
7228.857
359403.151
7195.993
359403.475
7163.174
359403.789
7130.399
359404.094
7097.669
359404.390
7064.984
359404.678
7032.343
359404.957
6999.746
359405.228
6967.191
359405.491
6934.677
359405.746
6902.204
359405.994
6869.772
359406.234
6837.382
359406.468
6805.032
359406.694
6772.725
359406.914
6740.459
359407.128
6708.235
359407.335
6676.053
359407.536
6643.913
359407.731
6611.816
359407.920
6579.761
359408.104
6547.749
359408.282
6515.779
359408.454
6483.851
359408.622
6451.967
359408.785
6420.125
359408.943
6388.326
359409.096
6356.569
359409.244
6324.855
359409.388
6293.184
359409.528
6261.556
359409.663
6229.971
359409.794
6198.428
359409.922
6166.928
359410.045
6135.470
359410.165
6104.056
359410.281
6072.684
359410.394
6041.354
359410.503
6010.067
359410.609
5978.823
359410.711
5947.621
359410.811
5916.461
359410.907
5885.343
359411.001
5854.268
359411.091
5823.235
359411.179
5792.244
359411.264
5761.295
359411.347
5730.389
359411.427
5699.524
359411.504
5668.700
359411.580
5637.919
359411.652
5607.179
359411.723
5576.481
359411.791
5545.824
359411.857
5515.209
359411.922
5484.634
359411.984
5454.101
359412.044
5423.610
359412.102
5393.159
359412.159
5362.749
359412.214
5332.380
359412.267
5302.052
359412.318
5271.764
359412.368
5241.517
359412.416
5211.310
359412.463
5181.144
359412.508
5151.018
359412.552
5120.932
359412.594
5090.886
359412.635
5060.881
359412.675
5030.915
359412.713
5000.988
359412.751
4971.102
359412.787
4941.255
359412.822
4911.447
359412.855
4881.679
359412.888
4851.950
359412.920
4822.261
359412.951
4792.610
359412.980
4762.998
359413.009
4733.425
359413.037
4703.891
359413.064
4674.396
359413.090
4644.939
359413.115
4615.520
359413.139
4586.140
359413.163
4556.799
359413.186
4527.495
359413.208
4498.229
359413.229
4469.002
359413.250
4439.812
359413.270
4410.660
359413.290
4381.545
359413.308
4352.469
359413.326
4323.429
359413.344
4294.427
359413.361
4265.463
359413.377
4236.535
359413.393
4207.645
359413.409
4178.791
359413.423
4149.975
359413.438
4121.195
359413.452
4092.452
359413.465
4063.745
359413.478
4035.075
359413.491
4006.442
359413.503
3977.844
359413.515
3949.283
359413.526
3920.758
359413.537
3892.269
359413.548
3863.816
359413.558
3835.399
359413.568
3807.018
359413.577
3778.672
359413.587
3750.362
359413.596
3722.087
359413.604
3693.848
359413.613
3665.644
359413.621
3637.475
359413.628
3609.341
359413.636
3581.242
359413.643
3553.178
359413.650
3525.149
359413.657
3497.155
359413.664
3469.195
359413.670
3441.270
359413.676
3413.380
359413.682
3385.524
359413.688
3357.702
359413.693
3329.914
359413.699
3302.161
359413.704
3274.441
359413.709
3246.756
359413.714
3219.104
359413.718
3191.486
359413.723
3163.902
359413.727
3136.351
359413.732
3108.834
359413.736
3081.351
359413.739
3053.900
359413.743
3026.484
359413.747
2999.100
359413.750
2971.749
359413.754
2944.432
359413.757
2917.147
359413.760
2889.895
359413.763
2862.676
359413.766
2835.490
359413.769
2808.336
359413.772
2781.215
359413.775
2754.126
359413.777
2727.070
359413.780
2700.046
359413.782
2673.054
359413.784
2646.094
359413.787
2619.167
359413.789
2592.271
359413.791
2565.407
359413.793
2538.575
359413.795
2511.775
359413.797
2485.007
359413.798
2458.270
359413.800
2431.564
359413.802
2404.890
359413.803
2378.248
359413.805
2351.636
359413.806
2325.056
359413.808
2298.507
359413.809
2271.989
359413.811
2245.502
359413.812
2219.046
359413.813
2192.621
359413.814
2166.227
359413.816
2139.863
359413.817
2113.530
359413.818
2087.227
359413.819
2060.955
359413.820
2034.713
359413.821
2008.502
359413.822
1982.110
359413.823
1955.916
359413.823
1931.363
359413.824
1908.244
359413.825
1884.693
359413.826
1860.227
359413.826
1834.845
359413.827
1808.548
359413.828
1781.338
359413.829
1753.214
359413.829
1724.180
359413.830
1694.234
359413.831
1663.378
359413.831
1631.615
359413.832
1598.943
359413.833
1565.366
359413.834
1530.883
359413.834
1495.497
359413.835
1459.208
359413.836
1422.018
359413.836
1383.928
359413.837
1344.940
359413.838
1305.063
359413.839
1264.481
359413.839
1223.670
359413.840
1183.088
359413.841
1143.026
359413.841
1103.663
359413.842
1065.132
359413.842
1027.535
359413.843
990.946
359413.844
955.409
359413.844
920.950
359413.844
887.579
359413.845
855.296
359413.845
824.092
359413.846
793.951
359413.846
764.854
359413.846
736.777
359413.847
709.694
359413.847
683.579
359413.847
658.402
359413.847
634.135
359413.848
610.748
359413.848
588.214
359413.848
566.502
359413.848
545.585
359413.848
525.435
359413.849
506.026
359413.849
487.330
359413.849
469.322
359413.849
451.978
359413.849
435.274
359413.849
419.185
359413.849
403.690
359413.849
388.768
359413.849
374.396
359413.850
360.556
359413.850
347.226
359413.850
334.389
359413.850
322.027
359413.850
310.122
359413.850
298.656
359413.850
287.614
359413.850
276.981
359413.850
266.741
359413.850
256.879
359413.850
247.382
359413.850
238.236
359413.850
229.428
359413.850
220.946
359413.850
212.777
359413.850
204.911
359413.850
197.335
359413.850
190.039
359413.850
183.013
359413.850
176.247
359413.850
169.731
359413.850
163.456
359413.850
157.414
359413.850
151.594
359413.850
145.990
359413.850
140.593
359413.850
135.395
359413.850
130.390
359413.850
125.569
359413.850
120.927
359413.850
116.457
359413.850
112.151
359413.850
108.006
359413.850
104.013
359413.850
100.168
359413.850
96.465
359413.850
92.899
359413.850
89.465
359413.850
86.158
359413.850
82.973
359413.850
79.906
359413.850
76.952
359413.850
74.107
359413.850
71.368
359413.850
68.730
359413.850
66.189
359413.850
63.743
359413.850
61.387
359413.850
59.118
359413.850
56.933
359413.850
54.828
359413.850
52.802
359413.850
50.850
359413.850
48.971
359413.850
47.161
359413.850
45.418
359413.850
43.739
359413.850
42.123
359413.850
40.566
359413.850
39.067
359413.850
37.623
359413.850
36.233
359413.850
34.894
359413.850
33.604
359413.850
32.363
359413.850
31.167
359413.850
30.015
359413.850
28.906
359413.850
27.838
359413.850
26.809
359413.850
25.819
359413.850
24.865
359413.850
23.946
359413.850
23.062
359413.850
22.210
359413.850
21.389
359413.850
20.599
359413.850
19.838
359413.850
19.105
359413.850
18.400
359413.850
17.720
359413.850
17.066
359413.850
16.435
359413.850
15.828
359413.850
15.244
359413.850
14.681
359413.850
14.139
359413.850
13.617
359413.850
13.114
359413.850
12.630
359413.850
12.164
359413.850
11.715
359413.850
11.282
359413.850
10.866
359413.850
10.465
359413.850
10.079
359413.850
 9.707
359413.850
 9.349
359413.850
 9.004
359413.850
 8.671
359413.850
 8.352
359413.850
 8.044
359413.850
 7.747
359413.850
 7.461
359413.850
 7.186
359413.850
 6.921
359413.850
 6.666
359413.850
 6.420
359413.850
 6.183
359413.850
 5.956
359413.850
 5.736
359413.850
 5.525
359413.850
 5.321
359413.850
 5.125
359413.850
 4.936
359413.850
 4.755
359413.850
 4.580
359413.850
 4.411
359413.850
 4.249
359413.850
 4.092
359413.850
 3.942
359413.850
 3.797
359413.850
 3.657
359413.850
 3.523
359413.850
 3.393
359413.850
 3.268
359413.850
 3.148
359413.850
 3.033
359413.850
 2.921
359413.850
 2.814
359413.850
 2.711
359413.850
 2.611
359413.850
 2.515
359413.850
 2.423
359413.850
 2.334
359413.850
 2.249
359413.850
 2.166
359413.850
 2.087
359413.850
 2.010
359413.850
 1.937
359413.850
 1.866
359413.850
 1.798
359413.850
 1.732
359413.850
 1.669
359413.850
 1.608
359413.850
 1.549
359413.850
 1.493
359413.850
 1.438
359413.850
 1.386
359413.850
 1.335
359413.850
 1.287
359413.850
 1.240
359413.850
 1.195
359413.850
 1.151
359413.850
 1.109
359413.850
 1.069
359413.850
 1.030
359413.850
 0.993
359413.850
 0.957
359413.850
 0.922
359413.850
 0.889
359413.850
 0.857
359413.850
 0.826
359413.850
 0.796
359413.850
 0.767
359413.850
 0.740
359413.850
 0.713
359413.850
 0.688
359413.850
 0.663
359413.850
 0.639
359413.858
 0.608
359413.877
 0.538
359413.901
 0.471
359413.926
 0.404
359413.952
 0.338
359413.979
 0.273
359414.007
 0.208
359414.035
 0.145
359414.063
 0.083
