3758.771
-1368.079
3758.771
-1369.807
3758.771
-1371.535
3758.771
-1373.264
3758.771
-1374.993
3758.771
-1376.723
3758.771
-1378.454
3758.771
-1380.186
3758.771
-1381.918
3758.771
-1383.651
3758.771
-1385.384
3758.771
-1387.118
3758.771
-1388.853
3758.771
-1390.589
3758.771
-1392.325
3758.771
-1394.062
3758.771
-1395.800
3758.771
-1397.538
3758.771
-1399.277
3728.102
-1377.867
3724.487
-1376.886
3722.284
-1376.967
3720.635
-1377.466
3719.281
-1378.187
3718.107
-1379.045
3717.054
-1379.993
3716.086
-1381.006
3715.178
-1382.065
3714.315
-1383.158
3713.486
-1384.277
3712.681
-1385.414
3711.894
-1386.565
3711.120
-1387.726
3710.353
-1388.893
3709.590
-1390.063
3708.828
-1391.235
3708.064
-1392.405
3707.295
-1393.571
3706.519
-1394.733
3705.734
-1395.888
3704.938
-1397.035
3704.129
-1398.172
3703.304
-1399.297
3702.463
-1400.410
3701.603
-1401.509
3700.722
-1402.592
3699.819
-1403.658
3698.892
-1404.706
3697.939
-1405.735
3696.957
-1406.742
3695.946
-1407.726
3694.903
-1408.686
3693.825
-1409.619
3692.712
-1410.526
3691.560
-1411.402
3690.368
-1412.248
3689.133
-1413.061
3687.852
-1413.838
3686.523
-1414.579
3685.143
-1415.280
3683.710
-1415.940
3682.220
-1416.556
3680.670
-1417.126
3679.057
-1417.647
3677.378
-1418.117
3675.629
-1418.533
3673.807
-1418.892
3671.907
-1419.190
3669.925
-1419.425
3667.857
-1419.593
3665.699
-1419.691
3663.446
-1419.715
3661.093
-1419.660
3658.634
-1419.524
3656.064
-1419.302
3653.378
-1418.989
3650.570
-1418.580
3647.633
-1418.071
3644.561
-1417.457
3641.346
-1416.732
3637.983
-1415.891
3634.463
-1414.927
3630.778
-1413.836
3626.921
-1412.610
3622.882
-1411.242
3618.654
-1409.727
3614.226
-1408.057
3609.590
-1406.225
3604.734
-1404.223
3599.650
-1402.042
3594.325
-1399.676
3588.750
-1397.115
3582.911
-1394.350
3576.798
-1391.374
3570.398
-1388.175
3563.698
-1384.746
3556.685
-1381.076
3549.346
-1377.155
3541.667
-1372.974
3533.633
-1368.521
3525.231
-1363.787
3516.446
-1358.761
3507.262
-1353.433
3497.665
-1347.792
3487.639
-1341.827
3477.169
-1335.528
3466.239
-1328.884
3454.834
-1321.886
3442.939
-1314.523
3430.539
-1306.786
3417.617
-1298.665
3404.160
-1290.151
3390.154
-1281.237
3375.585
-1271.915
3360.439
-1262.177
3344.703
-1252.018
3328.368
-1241.433
3311.421
-1230.417
3293.854
-1218.966
3275.657
-1207.081
3256.824
-1194.758
3237.348
-1182.000
3217.226
-1168.808
3196.456
-1155.185
3175.036
-1141.138
3152.967
-1126.672
3130.252
-1111.796
3106.896
-1096.520
3082.907
-1080.856
3058.293
-1064.817
3033.066
-1048.418
3007.238
-1031.675
2980.827
-1014.608
2953.848
-997.236
2926.322
-979.580
2898.272
-961.662
2869.720
-943.507
2840.692
-925.139
2811.216
-906.583
2781.321
-887.867
2751.037
-869.018
2720.395
-850.062
2689.430
-831.029
2658.174
-811.946
2626.662
-792.841
2594.929
-773.742
2563.011
-754.677
2530.944
-735.672
2498.763
-716.753
2466.503
-697.947
2434.200
-679.276
2401.888
-660.766
2369.600
-642.437
2337.371
-624.311
2305.231
-606.408
2273.211
-588.746
2241.342
-571.342
2209.650
-554.211
2178.163
-537.368
2146.906
-520.824
2115.904
-504.592
2085.177
-488.681
2054.747
-473.100
2024.633
-457.855
1994.853
-442.953
1965.422
-428.397
1936.354
-414.193
1907.664
-400.341
1879.361
-386.843
1851.457
-373.699
1823.960
-360.910
1796.877
-348.473
1770.215
-336.386
1743.979
-324.647
1718.171
-313.251
1692.796
-302.196
1667.854
-291.475
1643.348
-281.085
1619.276
-271.019
1595.638
-261.273
1572.433
-251.839
1549.658
-242.712
1527.311
-233.885
1505.388
-225.352
1483.885
-217.105
1462.799
-209.138
1442.123
-201.443
1421.854
-194.015
1401.986
-186.845
1382.513
-179.927
1363.430
-173.254
1344.729
-166.819
1326.405
-160.615
1308.452
-154.636
1290.863
-148.874
1273.631
-143.324
1256.750
-137.979
1240.212
-132.832
1224.012
-127.878
1208.141
-123.110
1192.594
-118.523
1177.364
-114.110
1162.444
-109.867
1147.827
-105.788
1133.507
-101.867
1119.478
-98.100
1105.732
-94.480
1092.263
-91.005
1079.065
-87.668
1066.132
-84.465
1053.458
-81.392
1041.037
-78.444
1028.863
-75.618
1016.930
-72.909
1005.232
-70.313
993.764
-67.827
982.520
-65.446
971.496
-63.168
960.686
-60.990
950.084
-58.906
939.686
-56.916
929.487
-55.015
919.482
-53.200
909.666
-51.469
900.036
-49.819
890.586
-48.247
881.312
-46.750
872.210
-45.327
863.276
-43.975
854.506
-42.690
845.896
-41.472
837.442
-40.318
829.140
-39.226
820.987
-38.194
812.979
-37.220
805.113
-36.302
797.385
-35.438
789.792
-34.627
782.332
-33.867
775.000
-33.156
767.794
-32.492
760.711
-31.875
753.748
-31.302
746.903
-30.773
740.171
-30.285
733.552
-29.839
727.042
-29.431
720.639
-29.062
714.341
-28.729
708.144
-28.432
702.047
-28.170
696.047
-27.942
690.143
-27.746
684.332
-27.581
678.612
-27.448
672.981
-27.343
667.436
-27.268
661.977
-27.220
656.601
-27.200
651.307
-27.206
646.092
-27.237
640.955
-27.293
635.894
-27.372
630.908
-27.475
625.995
-27.600
621.153
-27.748
616.381
-27.916
611.677
-28.105
607.040
-28.314
602.469
-28.542
597.961
-28.789
593.517
-29.055
589.134
-29.338
584.811
-29.638
580.548
-29.955
576.342
-30.288
572.192
-30.637
568.098
-31.001
564.058
-31.379
560.072
-31.772
556.137
-32.180
552.254
-32.600
548.420
-33.034
544.636
-33.480
540.900
-33.939
537.211
-34.410
533.568
-34.893
529.970
-35.387
526.417
-35.892
522.907
-36.407
519.440
-36.933
516.015
-37.469
512.631
-38.015
509.287
-38.570
505.983
-39.134
502.718
-39.707
499.490
-40.289
496.300
-40.879
493.147
-41.478
490.029
-42.084
486.947
-42.698
483.899
-43.319
480.885
-43.947
477.905
-44.583
474.958
-45.225
472.042
-45.873
469.158
-46.528
466.305
-47.189
463.483
-47.856
460.690
-48.528
457.927
-49.206
456.248
-50.424
455.676
-52.198
455.104
-53.969
454.532
-55.738
453.960
-57.505
453.388
-59.270
452.815
-61.032
452.243
-62.792
451.669
-64.550
451.096
-66.305
450.522
-68.058
449.948
-69.808
449.374
-71.557
448.798
-73.302
448.223
-75.046
447.646
-76.787
447.069
-78.525
446.491
-80.261
445.913
-81.995
445.333
-83.726
444.753
-85.454
444.172
-87.180
443.590
-88.904
443.007
-90.625
442.423
-92.343
441.838
-94.059
441.251
-95.772
440.664
-97.482
440.075
-99.190
439.485
-100.895
438.893
-102.597
438.301
-104.297
437.707
-105.994
437.111
-107.688
436.514
-109.379
435.915
-111.067
435.315
-112.753
434.713
-114.435
434.109
-116.115
433.504
-117.791
432.897
-119.465
432.288
-121.136
431.677
-122.803
431.064
-124.468
430.449
-126.129
429.832
-127.787
388.610
-117.282
353.816
-108.539
324.586
-101.337
299.687
-95.333
278.225
-90.280
259.535
-85.995
243.113
-82.336
228.569
-79.196
215.598
-76.490
203.957
-74.151
193.451
-72.124
183.919
-70.366
175.233
-68.840
167.281
-67.516
159.975
-66.368
153.237
-65.374
147.002
-64.518
141.215
-63.783
135.828
-63.156
130.800
-62.625
126.094
-62.180
121.681
-61.812
117.531
-61.514
113.622
-61.279
109.931
-61.100
106.441
-60.972
103.134
-60.890
99.995
-60.850
97.011
-60.849
94.170
-60.881
91.461
-60.944
88.874
-61.036
86.401
-61.153
84.032
-61.293
81.762
-61.454
79.584
-61.634
77.490
-61.830
75.477
-62.041
73.539
-62.266
71.670
-62.502
69.868
-62.749
68.128
-63.005
66.446
-63.269
64.820
-63.540
63.246
-63.817
61.721
-64.098
60.243
-64.383
58.810
-64.671
57.418
-64.961
56.067
-65.253
54.754
-65.545
53.477
-65.837
52.235
-66.129
51.027
-66.420
49.850
-66.709
48.703
-66.996
47.586
-67.280
46.497
-67.561
45.434
-67.839
44.398
-68.113
43.387
-68.383
42.399
-68.649
41.435
-68.909
40.494
-69.165
39.574
-69.416
38.675
-69.661
37.797
-69.901
36.938
-70.135
36.099
-70.363
35.278
-70.585
34.476
-70.801
33.690
-71.010
32.922
-71.214
32.171
-71.410
31.436
-71.601
30.717
-71.785
30.013
-71.962
29.325
-72.133
28.651
-72.298
27.992
-72.456
27.346
-72.607
26.715
-72.752
26.096
-72.891
25.492
-73.023
24.899
-73.149
24.320
-73.268
23.753
-73.382
23.198
-73.489
22.655
-73.590
22.123
-73.686
21.603
-73.775
21.094
-73.858
20.596
-73.936
20.108
-74.009
19.631
-74.075
19.165
-74.137
18.708
-74.193
18.262
-74.243
17.825
-74.289
17.398
-74.330
16.980
-74.366
16.571
-74.397
16.171
-74.423
15.780
-74.445
15.397
-74.463
15.023
-74.476
14.658
-74.485
14.300
-74.490
13.951
-74.491
13.609
-74.488
13.275
-74.481
12.948
-74.471
12.629
-74.457
12.317
-74.440
12.012
-74.419
11.714
-74.395
11.423
-74.368
11.139
-74.338
10.861
-74.305
10.589
-74.269
10.324
-74.231
10.065
-74.189
 9.812
-74.146
 9.565
-74.099
 9.323
-74.051
 9.088
-74.000
 8.857
-73.947
 8.633
-73.891
 8.413
-73.834
 8.199
-73.775
 7.989
-73.713
 7.785
-73.650
 7.586
-73.585
 7.391
-73.519
 7.201
-73.451
 7.016
-73.381
 6.835
-73.310
 6.658
-73.237
 6.486
-73.163
 6.318
-73.088
 6.154
-73.012
 5.993
-72.934
 5.837
-72.855
 5.685
-72.775
 5.536
-72.694
 5.391
-72.612
 5.250
-72.529
 5.112
-72.446
 4.978
-72.361
 4.846
-72.276
 4.718
-72.190
 4.594
-72.103
 4.472
-72.015
 4.353
-71.927
 4.238
-71.838
 4.125
-71.749
 4.015
-71.659
 3.908
-71.569
 3.804
-71.478
 3.702
-71.386
 3.603
-71.295
 3.506
-71.203
 3.412
-71.110
 3.320
-71.017
 3.230
-70.924
 3.143
-70.831
 3.058
-70.737
 2.975
-70.643
 2.895
-70.549
 2.816
-70.455
 2.739
-70.360
 2.665
-70.266
 2.592
-70.171
 2.521
-70.076
 2.452
-69.981
 2.385
-69.886
 2.320
-69.791
 2.256
-69.696
 2.194
-69.600
 2.134
-69.505
 2.075
-69.410
 2.017
-69.315
 1.962
-69.219
 1.907
-69.124
 1.854
-69.029
 1.803
-68.934
 1.753
-68.839
 1.704
-68.744
 1.656
-68.649
 1.610
-68.554
 1.565
-68.459
 1.521
-68.364
 1.479
-68.270
 1.437
-68.175
 1.397
-68.081
 1.358
-67.986
 1.319
-67.892
 1.282
-67.798
 1.246
-67.704
 1.211
-67.611
 1.176
-67.517
 1.143
-67.424
 1.110
-67.330
 1.079
-67.237
 1.048
-67.144
 1.018
-67.052
 0.989
-66.959
 0.961
-66.867
 0.933
-66.775
 0.907
-66.683
 0.881
-66.591
 0.855
-66.499
 0.831
-66.408
 0.807
-66.316
 0.784
-66.225
 0.761
-66.135
 0.739
-66.044
 0.718
-65.954
 0.697
-65.863
 0.677
-65.773
 0.657
-65.684
 0.638
-65.594
 0.619
-65.505
 0.601
-65.415
 0.584
-65.326
 0.566
-65.238
 0.550
-65.149
 0.534
-65.068
 0.518
-64.987
 0.503
-64.905
 0.488
-64.823
 0.474
-64.740
 0.460
-64.657
 0.446
-64.574
 0.433
-64.490
 0.420
-64.406
 0.408
-64.321
 0.396
-64.237
 0.384
-64.152
 0.373
-64.067
 0.362
-63.982
 0.351
-63.897
 0.340
-63.812
 0.330
-63.727
 0.320
-63.641
 0.311
-63.556
 0.301
-63.470
 0.292
-63.385
 0.284
-63.299
 0.275
-63.214
 0.267
-63.128
 0.259
-63.043
 0.251
-62.957
 0.243
-62.872
 0.236
-62.787
 0.229
-62.702
 0.222
-62.617
 0.215
-62.531
 0.208
-62.447
 0.202
-62.362
 0.196
-62.277
 0.190
-62.193
 0.184
-62.108
 0.178
-62.024
 0.173
-61.940
 0.168
-61.856
 0.162
-61.772
 0.157
-61.688
 0.153
-61.605
 0.148
-61.521
 0.143
-61.438
 0.139
-61.355
 0.135
-61.272
 0.130
-61.190
 0.126
-61.107
 0.122
-61.025
 0.119
-60.943
 0.115
-60.861
 0.111
-60.779
 0.108
-60.697
 0.104
-60.616
 0.101
-60.535
 0.098
-60.454
 0.095
-60.373
 0.092
-60.292
 0.089
-60.212
 0.086
-60.132
 0.083
-60.052
 0.081
-59.972
 0.078
-59.892
 0.076
-59.813
 0.073
-59.734
 0.071
-59.654
 0.069
-59.576
 0.067
-59.497
 0.064
-59.419
 0.062
-59.340
 0.060
-59.262
 0.058
-59.185
 0.057
-59.107
 0.055
-59.030
 0.053
-58.952
 0.051
-58.875
 0.050
-58.798
 0.048
-58.722
 0.046
-58.645
 0.045
-58.569
 0.044
-58.493
 0.042
-58.417
 0.041
-58.342
 0.039
-58.266
 0.038
-58.191
 0.037
-58.116
 0.036
-58.041
 0.035
-57.967
 0.033
-57.892
 0.032
-57.818
 0.031
-57.744
 0.030
-57.670
 0.029
-57.596
 0.028
-57.523
 0.027
-57.450
 0.026
-57.376
 0.026
-57.304
 0.025
-57.231
 0.024
-57.158
 0.023
-57.086
 0.022
-57.014
 0.022
-56.942
 0.021
-56.870
 0.020
-56.799
 0.020
-56.727
 0.019
-56.656
 0.018
-56.585
 0.018
-56.514
 0.017
-56.443
 0.016
-56.373
 0.016
-56.303
 0.015
-56.233
 0.015
-56.163
 0.014
-56.093
 0.014
-56.023
 0.013
-55.954
 0.013
-55.885
 0.013
-55.816
 0.012
-55.747
 0.012
-55.678
 0.011
-55.609
 0.011
-55.541
 0.011
-55.473
 0.010
-55.405
 0.010
-55.337
 0.009
-55.269
 0.009
-55.202
 0.009
-55.135
 0.009
-55.068
 0.008
-55.001
 0.008
-54.934
 0.008
-54.867
 0.007
-54.801
 0.007
-54.734
 0.007
-54.668
 0.007
-54.602
 0.006
-54.536
 0.006
-54.471
 0.006
-54.405
 0.006
-54.340
 0.006
-54.275
 0.005
-54.210
 0.005
-54.145
 0.005
-54.080
 0.005
-54.016
 0.005
-53.951
 0.005
-53.887
 0.004
-53.823
 0.004
-53.759
 0.004
-53.696
 0.004
-53.632
 0.004
-53.569
 0.004
-53.505
 0.004
-53.442
 0.003
-53.379
 0.003
-53.317
 0.003
-53.254
 0.003
-53.191
 0.003
-53.129
 0.003
-53.067
 0.003
-53.005
 0.003
-52.943
 0.003
-52.881
 0.002
-52.820
 0.002
-52.758
 0.002
-52.697
 0.002
-52.636
 0.002
-52.575
 0.002
-52.514
 0.002
-52.453
 0.002
-52.393
 0.002
-53.593
 0.002
-50.773
 0.002
-47.437
 0.001
-46.188
 0.001
-48.017
 0.001
-49.849
 0.001
-51.679
 0.001
-53.507
 0.001
-55.334
 0.001
-57.158
 0.001
-58.981
 0.001
-60.801
 0.001
-62.620
 0.001
-64.436
 0.001
-66.249
 0.001
-68.061
 0.001
-69.869
 0.001
-71.676
 0.001
-73.479
 0.001
-75.280
 0.001
-77.078
 0.001
-78.873
 0.001
-80.585
 0.001
-81.569
 0.001
-81.518
 0.001
-80.717
 0.001
-79.475
 0.001
-77.933
 0.001
-76.157
 0.001
-74.205
 0.001
-72.137
 0.001
-70.001
 0.001
-67.831
 0.001
-65.652
 0.001
-63.483
 0.001
-61.339
 0.001
-59.231
 0.001
-57.166
 0.001
-55.151
 0.001
-53.189
 0.001
-51.283
 0.001
-49.434
 0.000
-47.644
 0.000
-45.911
 0.000
-44.237
 0.000
-42.619
 0.000
-41.058
 0.000
-39.551
 0.000
-38.097
 0.000
-36.695
 0.000
-35.344
 0.000
-34.041
 0.000
-32.785
 0.000
-31.576
 0.000
-30.410
 0.000
-29.287
 0.000
-28.206
 0.000
-27.164
 0.000
-26.160
 0.000
-25.193
 0.000
-24.262
 0.000
-23.365
 0.000
-22.502
 0.000
-21.670
 0.000
-20.869
 0.000
-20.097
 0.000
-19.354
 0.000
-18.639
 0.000
-17.950
 0.000
-17.286
 0.000
-16.647
 0.000
-16.031
 0.000
-15.439
 0.000
-14.868
 0.000
-14.318
 0.000
-13.789
 0.000
-13.279
 0.000
-12.788
 0.000
-12.315
 0.000
-11.860
 0.000
-11.421
 0.000
-10.999
 0.000
-10.592
 0.000
-10.201
 0.000
-9.823
 0.000
-9.460
 0.000
-9.110
 0.000
-8.774
 0.000
-8.449
 0.000
-8.137
 0.000
-7.836
 0.000
-7.546
 0.000
-7.267
 0.000
-6.998
 0.000
-6.740
 0.000
-6.490
 0.000
-6.251
 0.000
-6.019
 0.000
-5.797
 0.000
-5.583
 0.000
-5.376
 0.000
-5.177
 0.000
-4.986
 0.000
-4.802
 0.000
-4.624
 0.000
-4.453
 0.000
-4.288
 0.000
-4.130
 0.000
-3.977
 0.000
-3.830
 0.000
-3.688
 0.000
-3.552
 0.000
-3.421
 0.000
-3.294
 0.000
-3.172
 0.000
-3.055
 0.000
-2.942
 0.000
-2.833
 0.000
-2.729
 0.000
-2.628
 0.000
-2.531
 0.000
-2.437
 0.000
-2.347
 0.000
-2.260
 0.000
-2.177
 0.000
-2.096
 0.000
-2.019
 0.000
-1.944
 0.000
-1.872
 0.000
-1.803
 0.000
-1.736
 0.000
-1.672
 0.000
-1.610
 0.000
-1.551
 0.000
-1.493
 0.000
-1.438
 0.000
-1.385
 0.000
-1.334
 0.000
-1.284
 0.000
-1.237
 0.000
-1.191
 0.000
-1.147
 0.000
-1.105
 0.000
-1.064
 0.000
-1.025
 0.000
-0.987
 0.000
-0.950
 0.000
-0.915
 0.000
-0.881
 0.000
-0.849
 0.000
-0.817
 0.000
-0.787
 0.000
-0.758
 0.000
-0.730
 0.000
-0.703
 0.000
-0.677
 0.000
-0.652
 0.000
-0.628
 0.000
-0.605
 0.000
-0.582
 0.000
-0.561
 0.000
-0.540
 0.000
-0.520
 0.000
-0.501
 0.000
-0.482
 0.000
-0.464
 0.000
-0.447
 0.000
-0.431
 0.000
-0.415
 0.000
-0.399
 0.000
-0.385
 0.000
-0.370
 0.000
-0.357
 0.000
-0.344
 0.000
-0.331
 0.000
-0.319
 0.000
-0.307
 0.000
-0.296
 0.000
-0.285
 0.000
-0.274
 0.000
-0.264
 0.000
-0.254
 0.000
-0.245
 0.000
-0.236
 0.000
-0.227
 0.000
-0.219
 0.000
-0.211
 0.000
-0.203
 0.000
-0.195
 0.000
-0.188
 0.000
-0.181
 0.000
-0.174
 0.000
-0.168
 0.000
-0.162
 0.000
-0.156
 0.000
-0.150
 0.000
-0.144
 0.000
-0.139
 0.000
-0.134
 0.000
-0.129
 0.000
-0.124
 0.000
-0.120
 0.000
-0.115
 0.000
-0.111
 0.000
-0.107
 0.000
-0.103
 0.000
-0.099
 0.000
-0.095
 0.000
-0.092
 0.000
-0.089
 0.000
-0.085
 0.000
-0.082
 0.000
-0.079
 0.000
-0.076
 0.000
-0.073
 0.000
-0.071
 0.000
-0.068
 0.000
-0.065
 0.000
-0.063
 0.000
-0.061
 0.000
-0.058
 0.000
-0.056
 0.000
-0.054
 0.000
-0.052
 0.000
-0.050
 0.000
-0.048
 0.000
-0.047
 0.097
-0.138
 0.089
-0.133
 0.096
-0.131
 0.101
-0.129
 0.105
-0.128
 0.109
-0.126
 0.113
-0.124
 0.117
-0.123
 0.121
-0.121
