 0.352
 0.352
 0.352
 0.352
 0.353
 0.353
 0.353
 0.353
 0.353
 0.353
 0.353
 0.353
 0.353
 0.353
 0.354
 0.354
 0.354
 0.354
 0.354
 0.354
 0.354
 0.354
 0.354
 0.355
 7.301
 2.345
 1.422
 1.042
 0.839
 0.715
 0.634
 0.578
 0.537
 0.507
 0.484
 0.467
 0.453
 0.443
 0.435
 0.428
 0.423
 0.419
 0.417
 0.415
 0.414
 0.413
 0.413
 0.414
 0.415
 0.417
 0.419
 0.422
 0.425
 0.428
 0.432
 0.436
 0.441
 0.446
 0.452
 0.458
 0.465
 0.472
 0.479
 0.488
 0.496
 0.506
 0.516
 0.526
 0.537
 0.549
 0.561
 0.575
 0.588
 0.603
 0.618
 0.635
 0.652
 0.669
 0.688
 0.708
 0.728
 0.750
 0.772
 0.796
 0.820
 0.846
 0.872
 0.900
 0.929
 0.959
 0.991
 1.023
 1.057
 1.093
 1.129
 1.167
 1.207
 1.248
 1.290
 1.334
 1.380
 1.427
 1.476
 1.527
 1.579
 1.633
 1.689
 1.746
 1.806
 1.867
 1.930
 1.995
 2.062
 2.131
 2.202
 2.275
 2.349
 2.426
 2.505
 2.586
 2.668
 2.753
 2.839
 2.928
 3.018
 3.110
 3.204
 3.300
 3.397
 3.496
 3.596
 3.698
 3.801
 3.905
 4.010
 4.116
 4.223
 4.331
 4.440
 4.548
 4.657
 4.766
 4.875
 4.984
 5.092
 5.200
 5.307
 5.412
 5.517
 5.620
 5.721
 5.820
 5.918
 6.013
 6.105
 6.195
 6.282
 6.365
 6.446
 6.523
 6.596
 6.666
 6.732
 6.794
 6.851
 6.905
 6.954
 6.999
 7.039
 7.074
 7.106
 7.132
 7.154
 7.171
 7.184
 7.193
 7.196
 7.196
 7.191
 7.182
 7.169
 7.151
 7.130
 7.105
 7.076
 7.044
 7.008
 6.969
 6.927
 6.881
 6.833
 6.783
 6.730
 6.674
 6.616
 6.556
 6.495
 6.431
 6.366
 6.300
 6.232
 6.163
 6.093
 6.022
 5.950
 5.878
 5.805
 5.731
 5.657
 5.583
 5.509
 5.435
 5.360
 5.286
 5.212
 5.138
 5.065
 4.992
 4.919
 4.847
 4.775
 4.704
 4.633
 4.563
 4.494
 4.425
 4.358
 4.291
 4.224
 4.159
 4.094
 4.031
 3.968
 3.906
 3.845
 3.784
 3.725
 3.667
 3.609
 3.552
 3.496
 3.442
 3.388
 3.335
 3.282
 3.231
 3.180
 3.131
 3.082
 3.034
 2.987
 2.941
 2.896
 2.851
 2.807
 2.764
 2.722
 2.681
 2.640
 2.600
 2.561
 2.522
 2.485
 2.448
 2.411
 2.376
 2.341
 2.306
 2.273
 2.240
 2.207
 2.176
 2.144
 2.114
 2.084
 2.054
 2.025
 1.997
 1.969
 1.942
 1.915
 1.889
 1.863
 1.838
 1.813
 1.789
 1.765
 1.742
 1.719
 1.696
 1.674
 1.652
 1.631
 1.610
 1.590
 1.569
 1.550
 1.530
 1.511
 1.493
 1.474
 1.456
 1.439
 1.422
 1.405
 1.388
 1.371
 1.355
 1.340
 1.324
 1.309
 1.294
 1.279
 1.265
 1.251
 1.237
 1.223
 1.210
 1.197
 1.184
 1.171
 1.159
 1.147
 1.135
 1.123
 1.111
 1.100
 1.089
 1.078
 1.067
 1.057
 1.046
 1.036
 1.026
 1.016
 1.007
 0.997
 0.988
 0.978
 0.969
 0.961
 0.952
 0.943
 0.935
 0.927
 0.919
 0.911
 0.903
 0.895
 0.887
 0.880
 0.873
 0.865
 0.858
 0.851
 0.844
 0.838
 0.831
 0.825
 0.818
 0.812
 0.806
 0.800
 0.794
 0.788
 0.782
 0.776
 0.771
 0.765
 0.760
 0.754
 0.749
 0.744
 0.739
 0.734
 0.729
 0.724
 0.720
 0.715
 0.710
 0.706
 0.701
 0.697
 0.693
 0.688
 0.684
 0.680
 0.676
 0.672
 0.668
 0.664
 0.661
 0.657
 0.653
 0.650
 0.646
 0.643
 0.639
 0.636
 0.632
 0.629
 0.626
 0.623
 0.620
 0.617
 0.614
 0.611
 0.608
 0.605
 0.602
 0.599
 0.596
 0.594
 0.591
 0.588
 0.586
 0.583
 0.581
 0.578
 0.576
 0.573
 0.571
 0.569
 0.566
 0.564
 0.562
 0.560
 0.558
 0.556
 0.553
 0.551
 0.549
 0.547
 0.545
 0.543
 0.542
 0.540
 0.538
 0.536
 0.534
 0.533
 0.531
 0.529
 0.527
 0.526
 0.524
 0.522
 0.521
 0.519
 0.518
 0.516
 0.515
 0.513
 0.512
 0.510
 0.509
 0.508
 0.506
 0.505
 0.504
 0.502
 0.501
 0.500
 0.499
 0.497
 0.496
 0.495
 0.494
 0.493
 0.492
 0.490
 0.489
 0.488
 0.487
 0.486
 0.485
 0.484
 0.483
 0.482
 0.481
 0.480
 0.479
 0.478
 0.477
 0.476
 0.476
 0.475
 0.474
 0.473
 0.472
 0.471
 0.471
 0.470
 0.469
 0.468
 0.468
 0.467
 0.466
 0.465
 0.465
 0.464
 0.463
 0.463
 0.462
 0.461
 0.461
 0.460
 0.459
 0.459
 0.458
 0.458
 0.457
 0.457
 0.456
 0.456
 0.455
 0.454
 0.454
 0.453
 0.453
 0.453
 0.452
 0.452
 0.451
 0.451
 0.450
 0.450
 0.449
 0.449
 0.449
 0.448
 0.448
 0.448
 0.447
 0.447
 0.447
 0.446
 0.446
 0.446
 0.445
 0.445
 0.445
 0.444
 0.444
 0.444
 0.444
 0.443
 0.443
 0.443
 0.443
 0.442
 0.442
 0.442
 0.442
 0.442
 0.441
 0.441
 0.441
 0.441
 0.441
 0.441
 0.440
 0.440
 0.440
 0.440
 0.440
 0.440
 0.440
 0.440
 0.440
 0.440
 0.439
 0.439
 0.439
 0.439
 0.439
 0.439
 0.439
 0.439
 0.439
 0.439
 0.439
 0.439
 0.439
 0.439
 0.439
 0.439
 0.439
 0.439
 0.439
 0.439
 0.439
 0.440
 0.440
 0.440
 0.440
 0.440
 0.440
 0.440
 0.440
 0.440
 0.440
 0.441
 0.441
 0.441
 0.441
 0.441
 0.441
 0.441
 0.442
 0.442
 0.442
 0.442
 0.442
 0.442
 0.443
 0.443
 0.443
 0.443
 0.443
 0.444
 0.444
 0.444
 0.444
 0.444
 0.445
 0.445
 0.445
 0.445
 0.446
 0.446
 0.446
 0.446
 0.447
 0.447
 0.447
 0.447
 0.448
 0.448
 0.448
 0.448
 0.449
 0.449
 0.449
 0.449
 0.450
 0.450
 0.450
 0.451
 0.451
 0.451
 0.451
 0.452
 0.452
 0.452
 0.453
 0.453
 0.453
 0.453
 0.454
 0.454
 0.454
 0.454
 0.455
 0.455
 0.455
 0.456
 0.456
 0.456
 0.456
 0.457
 0.457
 0.457
 0.457
 0.458
 0.458
 0.458
 0.458
 0.459
 0.459
 0.459
 0.459
 0.459
 0.460
 0.460
 0.460
 0.460
 0.460
 0.461
 0.461
 0.461
 0.461
 0.461
 0.462
 0.462
 0.462
 0.462
 0.462
 0.462
 0.462
 0.462
 0.462
 0.463
 0.463
 0.463
 0.463
 0.463
 0.463
 0.463
 0.463
 0.463
 0.463
 0.463
 0.463
 0.463
 0.463
 0.463
 0.463
 0.463
 0.462
 0.462
 0.462
 0.462
 0.462
 0.462
 0.462
 0.462
 0.461
 0.461
 0.461
 0.461
 0.460
 0.460
 0.460
 0.460
 0.459
 0.459
 0.459
 0.458
 0.458
 0.458
 0.457
 0.457
 0.457
 0.456
 0.456
 0.455
 0.455
 0.454
 0.454
 0.453
 0.453
 0.452
 0.452
 0.451
 0.451
 0.450
 0.450
 0.449
 0.448
 0.448
 0.447
 0.446
 0.446
 0.445
 0.444
 0.444
 0.443
 0.442
 0.441
 0.441
 0.440
 0.439
 0.438
 0.437
 0.338
 0.338
 0.337
 0.337
 0.336
 0.336
 0.335
 0.334
 0.334
 0.333
 0.333
 0.332
 0.331
 0.331
 0.330
 0.329
 0.329
 0.328
 0.327
10.838
