6000.000
6000.300
6000.601
6000.902
6001.204
6001.507
6001.810
6002.113
6002.418
6002.722
6003.028
6003.334
6003.640
6003.947
6004.255
6004.563
6004.872
6005.181
6005.491
6005.802
6006.113
6006.425
6006.737
6007.050
5925.269
5906.508
5897.726
5891.797
5887.238
5883.484
5880.254
5877.392
5874.799
5872.409
5870.177
5868.069
5866.059
5864.128
5862.260
5860.443
5858.666
5856.919
5855.197
5853.491
5851.796
5850.108
5848.421
5846.731
5845.035
5843.328
5841.608
5839.872
5838.115
5836.335
5834.530
5832.697
5830.833
5828.935
5827.000
5825.027
5823.011
5820.952
5818.845
5816.689
5814.481
5812.217
5809.895
5807.513
5805.066
5802.553
5799.970
5797.314
5794.582
5791.770
5788.875
5785.894
5782.822
5779.657
5776.395
5773.030
5769.561
5765.981
5762.287
5758.475
5754.540
5750.477
5746.282
5741.949
5737.474
5732.850
5728.073
5723.137
5718.036
5712.764
5707.315
5701.684
5695.863
5689.845
5683.625
5677.195
5670.548
5663.677
5656.574
5649.231
5641.642
5633.798
5625.690
5617.311
5608.653
5599.706
5590.463
5580.914
5571.050
5560.863
5550.344
5539.484
5528.273
5516.702
5504.763
5492.445
5479.741
5466.640
5453.135
5439.215
5424.873
5410.100
5394.888
5379.228
5363.114
5346.536
5329.489
5311.965
5293.958
5275.463
5256.473
5236.985
5216.993
5196.495
5175.487
5153.968
5131.935
5109.388
5086.327
5062.753
5038.668
5014.074
4988.976
4963.377
4937.283
4910.702
4883.639
4856.104
4828.105
4799.654
4770.762
4741.441
4711.704
4681.565
4651.039
4620.143
4588.891
4557.303
4525.395
4493.187
4460.697
4427.946
4394.953
4361.739
4328.325
4294.733
4260.982
4227.096
4193.096
4159.002
4124.837
4090.622
4056.378
4022.126
3987.887
3953.680
3919.525
3885.443
3851.451
3817.567
3783.811
3750.197
3716.744
3683.466
3650.380
3617.498
3584.835
3552.404
3520.216
3488.284
3456.618
3425.229
3394.124
3363.314
3332.806
3302.606
3272.723
3243.161
3213.926
3185.022
3156.454
3128.225
3100.338
3072.796
3045.601
3018.753
2992.254
2966.105
2940.305
2914.855
2889.754
2865.001
2840.594
2816.533
2792.815
2769.439
2746.401
2723.700
2701.333
2679.296
2657.587
2636.203
2615.139
2594.393
2573.961
2553.839
2534.023
2514.510
2495.295
2476.375
2457.745
2439.401
2421.339
2403.555
2386.045
2368.804
2351.829
2335.115
2318.658
2302.454
2286.499
2270.788
2255.318
2240.084
2225.083
2210.310
2195.762
2181.434
2167.323
2153.424
2139.735
2126.252
2112.970
2099.886
2086.996
2074.298
2061.787
2049.460
2037.314
2025.345
2013.550
2001.926
1990.470
1979.179
1968.049
1957.078
1946.263
1935.600
1925.088
1914.723
1904.502
1894.423
1884.483
1874.680
1865.011
1855.473
1846.065
1836.783
1827.626
1818.591
1809.675
1800.878
1792.196
1783.627
1775.170
1766.822
1758.581
1750.446
1742.414
1734.484
1726.653
1718.921
1711.284
1703.742
1696.292
1688.934
1681.665
1674.484
1667.389
1660.379
1653.453
1646.607
1639.843
1633.157
1626.549
1620.017
1613.560
1607.176
1600.865
1594.625
1588.454
1582.353
1576.318
1570.350
1564.447
1558.608
1552.833
1547.119
1541.466
1535.872
1530.338
1524.862
1519.442
1514.078
1508.770
1503.515
1498.314
1493.165
1488.068
1483.021
1478.024
1473.076
1468.177
1463.325
1458.519
1453.760
1449.046
1444.376
1439.750
1435.168
1430.627
1426.129
1421.671
1417.255
1412.877
1408.540
1404.240
1399.979
1395.755
1391.569
1387.418
1383.303
1379.224
1375.179
1371.168
1367.191
1363.247
1359.335
1355.456
1351.608
1347.792
1344.006
1340.251
1336.525
1332.829
1329.162
1325.523
1321.913
1318.330
1314.774
1311.246
1307.744
1304.268
1300.818
1297.393
1293.993
1290.618
1287.267
1283.940
1280.637
1277.358
1274.101
1270.867
1267.655
1264.465
1261.297
1258.150
1255.025
1251.920
1248.836
1245.772
1242.728
1239.703
1236.699
1233.713
1230.746
1227.798
1224.868
1221.956
1219.062
1216.186
1213.327
1210.486
1207.661
1204.853
1202.061
1199.286
1196.527
1193.783
1191.055
1188.343
1185.645
1182.963
1180.296
1177.642
1175.004
1172.379
1169.769
1167.172
1164.589
1162.020
1159.463
1156.920
1154.390
1151.872
1149.367
1146.874
1144.394
1141.925
1139.469
1137.024
1134.591
1132.169
1129.758
1127.359
1124.970
1122.593
1120.226
1117.869
1115.523
1113.187
1110.862
1108.546
1106.240
1103.944
1101.657
1099.380
1097.112
1094.853
1092.603
1090.362
1088.130
1085.907
1083.692
1081.485
1079.287
1077.097
1074.915
1072.741
1070.575
1068.417
1066.266
1064.123
1061.987
1059.858
1057.737
1055.623
1053.515
1051.415
1049.321
1047.234
1045.153
1043.079
1041.012
1038.950
1036.895
1034.846
1032.802
1030.765
1028.733
1026.708
1024.687
1022.672
1020.663
1018.659
1016.660
1014.666
1012.678
1010.694
1008.715
1006.741
1004.772
1002.807
1000.847
998.891
996.940
994.993
993.050
991.111
989.177
987.246
985.320
983.397
981.477
979.562
977.650
975.742
973.837
971.935
970.037
968.141
966.250
964.361
962.475
960.592
958.711
956.834
954.959
953.087
951.218
949.351
947.486
945.624
943.764
941.907
940.051
938.198
936.346
934.497
932.649
930.804
928.960
927.118
925.277
923.438
921.600
919.764
917.930
916.096
914.264
912.433
910.604
908.775
906.947
905.121
903.295
901.470
899.646
897.822
896.000
894.177
892.356
890.535
888.714
886.894
885.074
883.254
881.434
879.615
877.796
875.977
874.158
872.338
870.519
868.700
866.880
865.060
863.240
861.419
859.598
857.777
855.955
854.132
852.309
850.485
848.660
846.835
845.009
843.182
841.354
839.526
837.696
835.865
834.033
832.200
830.366
828.531
826.694
824.856
823.017
821.176
819.334
817.491
815.646
813.799
811.951
810.102
808.250
806.397
804.543
802.686
800.828
798.968
797.106
795.242
793.376
791.509
789.639
787.767
785.893
784.018
782.140
780.260
778.377
776.493
774.606
772.717
770.826
768.933
767.037
765.139
763.238
761.335
759.430
757.522
755.612
753.699
751.784
749.866
747.946
746.023
744.098
742.170
740.240
738.307
736.372
734.433
732.493
730.549
728.603
726.654
724.703
722.749
720.792
718.833
716.871
714.907
712.939
710.969
708.997
707.021
705.044
703.063
701.080
699.094
697.105
695.114
693.120
691.124
689.125
687.124
685.120
683.113
681.104
679.092
677.078
675.061
673.042
671.020
668.996
666.970
664.941
662.910
660.876
658.841
656.803
654.762
652.720
650.675
648.628
646.579
644.528
642.475
640.420
638.363
636.304
634.243
632.180
630.116
628.049
625.981
623.912
621.840
619.767
617.693
615.617
613.539
611.460
609.380
607.299
605.216
603.132
601.047
598.961
596.874
594.786
592.698
590.608
588.517
586.426
584.334
582.242
580.149
578.056
575.962
573.868
571.774
569.679
567.585
565.490
563.395
561.301
559.206
557.112
555.019
552.925
550.832
548.740
546.648
544.557
542.467
540.377
538.289
536.201
534.115
532.030
529.946
527.863
525.782
523.702
521.623
519.547
517.472
515.399
513.328
511.258
509.191
507.126
505.063
503.003
500.944
498.889
496.835
494.785
492.737
490.692
488.650
486.610
484.574
482.541
480.511
478.485
476.461
474.442
472.425
470.413
468.404
466.398
464.397
462.400
460.406
459.068
459.326
459.585
459.844
460.104
460.363
460.623
460.882
461.142
461.400
461.659
461.916
462.173
462.430
462.685
462.939
463.191
463.443
463.693
465.879
