 0.000
125000.000
2954.423
124478.624
5908.847
123956.384
8863.270
123433.281
11817.693
122909.312
14772.117
122384.480
17726.540
121858.782
20680.963
121332.220
23635.387
120804.792
26589.810
120276.498
29544.233
119747.339
32498.657
119217.313
35453.080
118686.421
38407.503
118154.662
41361.927
117622.037
44316.350
117088.544
47270.773
116554.184
50225.197
116018.956
53179.620
115482.860
56134.043
114945.896
59088.467
114408.063
62042.890
113869.362
64997.313
113329.791
67951.737
112789.352
70891.847
112255.330
73802.839
111735.233
76707.904
111217.263
79609.494
110700.178
82508.531
110183.512
85405.503
109667.018
88300.713
109150.544
91194.367
108633.985
94086.610
108117.268
96977.552
107600.338
99867.276
107083.151
102755.847
106565.676
105643.317
106047.886
108529.726
105529.760
111415.108
105011.282
114299.488
104492.438
117182.889
103973.218
120065.325
103453.614
122946.809
102933.618
125827.352
102413.227
128706.958
101892.436
131585.633
101371.245
134463.378
100849.651
137340.192
100327.656
140216.073
99805.260
143091.017
99282.465
145965.019
98759.275
148838.070
98235.692
151710.164
97711.722
154581.289
97187.369
157451.434
96662.638
160320.587
96137.538
163188.734
95612.073
166055.859
95086.253
168921.947
94560.086
171786.979
94033.580
174650.937
93506.745
177513.800
92979.592
180375.549
92452.131
183236.158
91924.374
186095.606
91396.333
188953.868
90868.021
191810.915
90339.451
194666.722
89810.637
197521.259
89281.596
200374.495
88752.341
203226.400
88222.890
206076.938
87693.259
208926.077
87163.466
211773.780
86633.530
214620.008
86103.471
217464.723
85573.308
220307.884
85043.063
223149.447
84512.758
225989.369
83982.415
228827.603
83452.058
231664.101
82921.713
234498.814
82391.405
237331.689
81861.160
240162.672
81331.006
242991.707
80800.973
245818.736
80271.090
248643.699
79741.389
251466.533
79211.901
254287.174
78682.661
257105.552
78153.702
259921.600
77625.061
262735.243
77096.775
265546.408
76568.883
268355.016
76041.425
271160.986
75514.442
273964.236
74987.977
276764.678
74462.075
279562.223
73936.781
282356.779
73412.143
285148.250
72888.211
287936.537
72365.034
290721.537
71842.665
293503.144
71321.158
296281.250
70800.570
299055.741
70280.957
301826.501
69762.380
304593.409
69244.899
307356.341
68728.577
310115.169
68213.480
312869.762
67699.674
315619.982
67187.229
318365.691
66676.215
321106.743
66166.704
323842.990
65658.772
326574.280
65152.495
329300.456
64647.952
332021.356
64145.224
334736.815
63644.392
337446.664
63145.543
340150.727
62648.761
342848.826
62154.137
345540.778
61661.759
348226.397
61171.720
350905.490
60684.114
353577.863
60199.037
356243.314
59716.587
358901.640
59236.861
361552.633
58759.960
364196.082
58285.988
366831.771
57815.045
369459.480
57347.239
372078.987
56882.673
374690.066
56421.454
377292.489
55963.691
379886.022
55509.491
382470.432
55058.963
385045.481
54612.216
387610.931
54169.360
390166.541
53730.504
392712.068
53295.757
395247.269
52865.228
397771.898
52439.026
400285.711
52017.259
402788.463
51600.032
405279.909
51187.451
407759.805
50779.620
410227.906
50376.642
412683.973
49978.616
415127.763
49585.642
417559.042
49197.814
419977.572
48815.225
422383.125
48437.967
424775.471
48066.127
427154.387
47699.787
429519.656
47339.029
431871.062
46983.930
434208.399
46634.560
436531.464
46290.991
438840.061
45953.284
441134.002
45621.501
443413.105
45295.695
445677.196
44975.918
447926.109
44662.214
450159.686
44354.624
452377.779
44053.182
454580.246
43757.920
456766.958
43468.861
458937.791
43186.024
461092.635
42909.425
463231.387
42639.071
465353.953
42374.966
467460.253
42117.108
469550.213
41865.490
471623.771
41620.101
473680.875
41380.922
475721.483
41147.932
477745.563
40921.104
479753.094
40700.405
481744.063
40485.801
483718.469
40277.248
485676.318
40074.704
487617.628
39878.119
489542.425
39687.439
491450.744
39502.609
493342.630
39323.567
495218.134
39150.251
497077.318
38982.593
498920.250
38820.524
500747.007
38663.973
502557.672
38512.863
504352.338
38367.118
506131.100
38226.659
507894.063
38091.404
509641.338
37961.271
511373.040
37836.175
513089.289
37716.031
514790.213
37600.751
516475.942
37490.249
518146.611
37384.435
519802.360
37283.221
521443.332
37186.516
523069.672
37094.231
524681.532
37006.275
526279.062
36922.559
527862.419
36842.991
529431.759
36767.483
530987.241
36695.945
532529.026
36628.288
534057.277
36564.422
535572.156
36504.260
537073.829
36447.716
538562.460
36394.701
540038.216
36345.132
541501.262
36298.922
542951.764
36255.989
544389.889
36216.249
545815.803
36179.622
547229.671
36146.027
548631.659
36115.385
550021.931
36087.617
551400.651
36062.647
552767.981
36040.400
554124.083
36020.801
555469.119
36003.778
556803.247
35989.258
558126.626
35977.172
559439.412
35967.450
560741.760
35960.025
562033.825
35954.831
563315.759
35951.803
564587.711
35950.877
565849.831
35951.991
567102.266
35955.084
568345.161
35960.097
569578.660
35966.970
570802.903
35975.647
572018.032
35986.072
573224.183
35998.190
574421.492
36011.948
575610.094
36027.295
576790.121
36044.178
577961.702
36062.549
579124.966
36082.358
580280.039
36103.559
581427.045
36126.105
582566.107
36149.951
583697.345
36175.052
584820.878
36201.366
585936.821
36228.850
587045.291
36257.464
588146.399
36287.167
589240.256
36317.921
590326.972
36349.688
591406.654
36382.429
592479.406
36416.110
593545.334
36450.694
594604.537
36486.148
595657.117
36522.437
596703.172
36559.529
597742.799
36597.392
598776.091
36635.994
599803.143
36675.306
600824.046
36715.297
601838.890
36755.939
602847.763
36797.203
603850.751
36839.062
604847.941
36881.490
605839.416
36924.459
606825.258
36967.945
607805.547
37011.923
608780.363
37056.368
609749.784
37101.257
610713.886
37146.566
611672.744
37192.273
612626.431
37238.357
613575.020
37284.795
614518.582
37331.568
615457.187
37378.653
616390.903
37426.033
617319.797
37473.687
618243.935
37521.596
619163.382
37569.742
620078.201
37618.106
620988.455
37666.673
621894.206
37715.423
622795.513
37764.341
623692.435
37813.410
624585.031
37862.614
625473.358
37911.938
626357.471
37961.366
627237.425
38010.884
628113.275
38060.477
628985.072
38110.131
629852.871
38159.833
630716.720
38209.568
631576.671
38259.324
632432.774
38309.088
633285.075
38358.847
634133.623
38408.589
634978.464
38458.303
635819.645
38507.976
636657.210
38557.597
637491.204
38607.155
638321.670
38656.639
639148.650
38706.038
639972.187
38755.342
640792.322
38804.542
641609.095
38853.626
642422.546
38902.585
643232.715
38951.410
644039.639
39000.092
644843.356
39048.622
645643.903
39096.989
646441.317
39145.187
647235.634
39193.207
648026.889
39241.039
648815.115
39288.677
649600.348
39336.112
650382.621
39383.337
651161.966
39430.344
651938.415
39477.125
652712.001
39523.674
653482.755
39569.983
654250.707
39616.045
655015.887
39661.855
655778.325
39707.404
656538.050
39752.686
657295.091
39797.696
658049.476
39842.427
658801.232
39886.873
659550.387
39931.028
660296.967
39974.887
661041.000
40018.442
661782.510
40061.690
662521.523
40104.625
663258.064
40147.240
663992.158
40189.532
664723.829
40231.495
665453.101
40273.123
666179.997
40314.413
666904.541
40355.359
667626.754
40395.957
668346.660
40436.201
669064.280
40476.089
669779.636
40515.614
670492.749
40554.773
671203.640
40593.562
671912.329
40631.977
672618.837
40670.013
673323.184
40707.666
674025.389
40744.933
674725.472
40781.811
675423.451
40818.294
676119.346
40854.380
676813.174
40890.065
677504.954
40925.345
678194.703
40960.218
678882.439
40994.679
679568.180
41028.726
680251.941
41062.355
680933.741
41095.564
681613.595
41128.349
682291.520
41160.706
682967.531
41192.634
683641.644
41224.130
684313.875
41255.190
684984.239
41285.811
685652.751
41315.992
686319.426
41345.729
686984.277
41375.020
687647.320
41403.862
688308.569
41432.253
688968.037
41460.190
689625.738
41487.672
690281.685
41514.695
690935.893
41541.258
691588.373
41567.358
692239.138
41592.993
692888.202
41618.160
693535.576
41642.859
694181.274
41667.086
694825.306
41690.841
695467.685
41714.120
696108.423
41736.922
696747.531
41759.245
697385.021
41781.087
698020.903
41802.447
698655.189
41823.322
699287.889
41843.712
699919.015
41863.614
700548.577
41883.027
701176.585
41901.949
701803.049
41920.378
702427.980
41938.314
703051.387
41955.754
703673.280
41972.698
704293.669
41989.143
704912.563
42005.089
705529.972
42020.534
706145.905
42035.476
706760.370
42049.915
707373.378
42063.849
707984.935
42077.278
708595.053
42090.199
709203.737
42102.612
709810.998
42114.515
710416.844
42125.908
711021.282
42136.790
711624.320
42147.159
712225.968
42157.014
712826.231
42166.355
713425.119
42175.181
714022.638
42183.489
714618.796
42191.281
715213.600
42198.555
715807.058
42205.309
716399.177
42211.544
716989.963
42217.258
717579.424
42222.451
718167.567
42227.122
718754.397
42231.270
719339.922
42234.894
719924.149
42237.995
720507.083
42240.571
721088.731
42242.621
721669.099
42244.145
722248.193
42245.143
722826.020
42245.614
723402.585
42245.557
723977.894
42244.972
724551.952
42243.859
725124.766
42242.217
725696.341
42240.045
726266.683
42237.343
726835.796
42234.112
727403.687
42230.349
727970.360
42226.056
728535.821
42221.231
729100.074
42215.875
729663.125
42209.987
730224.979
42203.568
730785.640
42196.615
731345.113
42189.130
731903.403
42181.113
732460.514
42172.562
733016.452
42163.479
733571.220
42153.862
734124.823
42143.711
734677.265
42133.028
735228.551
42121.811
735778.684
42110.060
736327.669
42097.775
736875.510
42084.957
737422.210
42071.605
737967.774
42057.719
738512.206
42043.300
739055.509
42028.347
739597.687
42012.861
740138.744
41996.841
740678.683
41980.287
741217.508
41963.201
741755.222
41945.581
742291.829
41927.428
742827.332
41908.742
743361.734
41889.524
743895.039
41869.774
744427.249
41849.491
744958.369
41828.676
745488.400
41807.329
746017.347
41785.451
746545.211
41763.042
747071.996
41740.102
747597.704
41716.631
748122.339
41692.630
748645.903
41668.100
749168.399
41643.040
749689.830
41617.450
750210.197
41591.332
750729.504
41564.686
751247.753
41537.512
751764.947
41509.811
752281.087
41481.582
752796.177
41452.828
753310.218
41423.547
753823.213
41393.741
754335.163
41363.410
754846.072
41332.555
755355.941
41301.176
755864.772
41269.273
756372.567
41236.849
756879.329
41203.902
757385.058
41170.434
757889.758
41136.445
758393.429
41101.936
758896.074
41066.908
759397.694
41031.362
759898.291
40995.297
760397.867
40958.715
760896.423
40921.617
761393.960
40884.003
761890.482
40845.874
762385.988
40807.230
762880.480
40768.074
763373.960
40728.405
763866.429
40688.224
764357.889
40647.533
764848.340
40606.331
765337.784
40564.621
765826.223
40522.402
766313.656
40479.676
766800.087
40436.444
767285.515
40392.706
767769.941
40348.464
768253.368
40303.718
768735.795
40258.470
769217.223
40212.721
769697.655
40166.471
770177.090
40119.722
770655.529
40072.474
771132.973
40024.729
771609.423
39976.488
772084.880
39927.752
772559.345
39878.522
773032.817
39828.800
773505.298
39778.585
773976.789
39727.880
774447.290
39676.686
774916.801
39625.004
775385.323
39572.835
775852.856
39520.180
776319.402
39467.041
776784.960
39413.419
777249.531
39359.315
777713.115
39304.730
778175.713
39249.666
778637.324
39194.125
779097.949
39138.106
779557.589
39081.613
780016.244
39024.645
780473.913
38967.206
780930.597
38909.295
781386.296
38850.914
781841.010
38792.066
782294.739
38732.750
782747.484
38672.970
783199.244
38612.726
783650.019
38552.019
784099.810
38490.852
784548.615
38429.225
784996.436
38367.141
785443.272
38304.601
785889.122
38241.606
786333.988
38178.159
786777.867
38114.260
787220.761
38049.911
787662.669
37985.115
788103.591
37919.872
788543.526
37854.185
788982.474
37788.054
789420.435
37721.483
789857.409
37654.471
790293.395
37587.023
790728.392
37519.138
791162.400
37450.819
791595.419
37382.067
792027.449
37312.885
792458.488
37243.274
792888.537
37173.236
793317.594
37102.773
793745.659
37031.887
794172.732
36960.580
794598.812
36888.853
795023.898
36816.709
795447.990
36744.149
795871.086
36671.176
796293.187
36597.791
796714.292
36523.996
797134.399
36449.794
797553.509
36375.186
797971.620
36300.174
798388.731
36224.761
798804.843
36148.949
799219.953
36072.739
799634.061
35996.134
800047.166
35919.136
800459.268
35841.747
800870.365
35763.969
801280.457
35685.804
801689.542
35607.255
802097.620
35528.323
802504.690
35449.011
802910.751
35369.321
803315.801
35289.256
803719.840
35208.817
804122.866
35128.007
804524.880
35046.829
804925.879
34965.283
805325.862
34883.374
805724.829
34801.102
806122.779
34718.471
806519.709
34635.483
806915.620
34552.140
807310.510
34468.445
807704.378
34384.399
808097.223
34300.006
808489.043
34215.268
808879.838
34130.187
809269.605
34044.765
809658.345
33959.006
810046.056
33872.912
810432.736
33786.485
810818.385
33699.727
811203.001
33612.642
811586.583
33525.232
811969.129
33437.499
812350.639
33349.446
812731.111
33261.075
813110.544
33172.390
813488.936
33083.392
813866.287
32994.085
814242.594
32904.470
814617.857
32814.551
814992.075
32724.331
815365.246
32633.812
815737.368
32542.996
816108.441
32451.887
816478.463
32360.486
816847.433
32268.798
817215.349
32176.824
817582.210
32084.567
817948.015
31992.031
818312.762
31899.217
818676.451
31806.128
819039.079
31712.769
819400.645
31619.140
819761.149
31525.245
820120.588
31431.087
820478.961
31336.669
820836.268
31241.993
821192.506
31147.063
821547.674
31051.881
821901.772
30956.449
822254.797
30860.772
822606.748
30764.851
822957.624
30668.690
823307.424
30572.292
823656.146
30475.659
824003.789
30378.795
824350.351
30281.702
824695.832
30184.383
825040.230
30086.842
825383.544
29989.080
825725.772
29891.102
826066.913
29792.909
826406.966
29694.506
826745.929
29595.894
827083.802
29497.078
827420.583
29398.059
827756.271
29298.842
828090.864
29199.428
828424.362
29099.821
828756.763
29000.024
829088.065
28900.039
829418.269
28799.871
829747.372
28699.521
830075.373
28598.993
830402.272
28498.290
830728.067
28397.415
831052.756
28296.371
831376.340
28195.160
831698.816
28093.786
832020.184
27992.253
832340.442
27890.562
832659.590
27788.717
832977.627
27686.721
833294.551
27584.577
833610.361
27482.287
833925.057
27379.856
834238.638
27277.286
834551.101
27174.579
834862.448
27071.740
835172.676
26968.770
835481.786
26865.673
835789.775
26762.453
836096.643
26659.111
836402.390
26555.651
836707.014
26452.076
837010.514
26348.388
837312.891
26244.592
837614.143
26140.689
837914.269
26036.683
838213.270
25932.576
838511.143
25828.373
838807.889
25724.074
839103.506
25619.684
839397.995
25515.206
839691.355
25410.642
839983.585
25305.995
840274.685
25201.268
840564.654
25096.464
840853.491
24991.586
841141.197
24886.636
841427.771
24781.618
841713.212
24676.535
841997.520
24571.388
842280.696
24466.182
842562.738
24360.918
842843.646
24255.601
843123.421
24150.231
843402.061
24044.813
843679.567
23939.349
843955.939
23833.841
844231.176
23728.293
844505.279
23622.707
844778.247
23517.086
845050.081
23411.432
845320.780
23305.749
845590.345
23200.038
845858.776
23094.303
846126.072
22988.546
846392.234
22882.770
846657.262
22776.977
846921.157
22671.170
847183.918
22565.351
847445.546
22459.523
847706.042
22353.689
847965.405
22247.851
848223.636
22142.011
848480.736
22036.172
848736.705
21930.337
848991.543
21824.507
849245.252
21718.686
849497.831
21612.875
849749.282
21507.077
849999.604
21401.295
850248.799
21295.530
850496.868
21189.785
850743.811
21084.062
850989.628
20978.364
851234.322
20872.692
851477.892
20767.049
851720.341
20661.438
851961.667
20555.860
852201.874
20450.317
852440.961
20344.812
852678.930
20239.346
852915.781
20133.922
853151.517
20028.542
853386.138
19923.208
853619.646
19817.922
853852.041
19712.686
854083.325
19607.501
854313.500
19502.370
854542.566
19397.295
854770.526
19292.278
854997.380
19187.320
855223.131
19082.423
855447.779
18977.589
855671.326
18872.820
855893.774
18768.118
856115.125
18663.485
856335.380
18558.921
856554.540
18454.430
856772.609
18350.012
856989.586
18245.669
857205.475
18141.403
857420.277
18037.215
857633.995
17933.107
857846.629
17829.081
858058.182
17725.138
858268.656
17621.280
858478.053
17517.507
858686.375
17413.822
858893.624
17310.226
859099.803
17206.720
859304.954
17103.261
859509.638
16999.243
859714.065
16894.437
859918.233
16788.844
860122.140
16682.469
860325.785
16575.312
860529.164
16467.375
860732.276
16358.662
860935.119
16249.174
861137.691
16138.913
861339.989
16027.882
861542.012
15916.084
861743.756
15803.521
861945.220
15690.195
862146.402
15576.108
862347.299
15461.265
862547.908
15345.666
862748.228
15229.314
862948.256
15112.213
863148.020
14994.347
