5908.847
-1041.888
5908.847
-1043.616
5908.847
-1045.343
5908.847
-1047.072
5908.847
-1048.801
5908.847
-1050.530
5908.847
-1052.260
5908.847
-1053.991
5908.847
-1055.721
5908.847
-1057.453
5908.847
-1059.185
5908.847
-1060.918
5908.847
-1062.651
5908.847
-1064.384
5908.847
-1066.118
5908.847
-1067.853
5908.847
-1069.588
5908.847
-1071.324
5908.847
-1073.060
5908.847
-1074.797
5908.847
-1076.534
5908.847
-1078.272
5908.847
-1080.010
5908.847
-1081.749
5832.458
-1044.624
5814.695
-1037.378
5806.228
-1034.839
5800.418
-1033.645
5795.885
-1033.097
5792.102
-1032.927
5788.808
-1033.004
5785.855
-1033.255
5783.154
-1033.632
5780.642
-1034.105
5778.276
-1034.652
5776.026
-1035.258
5773.867
-1035.910
5771.781
-1036.599
5769.754
-1037.318
5767.774
-1038.061
5765.831
-1038.822
5763.917
-1039.598
5762.024
-1040.386
5760.147
-1041.181
5758.281
-1041.982
5756.419
-1042.785
5754.559
-1043.589
5752.696
-1044.392
5750.827
-1045.191
5748.948
-1045.986
5747.056
-1046.774
5745.148
-1047.555
5743.222
-1048.325
5741.274
-1049.085
5739.303
-1049.833
5737.305
-1050.567
5735.277
-1051.287
5733.219
-1051.990
5731.126
-1052.676
5728.997
-1053.344
5726.828
-1053.992
5724.619
-1054.618
5722.366
-1055.222
5720.066
-1055.802
5717.718
-1056.358
5715.318
-1056.887
5712.864
-1057.388
5710.353
-1057.860
5707.784
-1058.302
5705.151
-1058.712
5702.454
-1059.088
5699.689
-1059.430
5696.854
-1059.735
5693.944
-1060.002
5690.957
-1060.229
5687.890
-1060.415
5684.739
-1060.558
5681.500
-1060.656
5678.172
-1060.707
5674.749
-1060.710
5671.228
-1060.663
5667.605
-1060.562
5663.876
-1060.408
5660.037
-1060.196
5656.084
-1059.926
5652.013
-1059.595
5647.818
-1059.200
5643.496
-1058.740
5639.042
-1058.211
5634.450
-1057.612
5629.716
-1056.939
5624.834
-1056.191
5619.799
-1055.364
5614.606
-1054.455
5609.248
-1053.462
5603.721
-1052.382
5598.018
-1051.211
5592.133
-1049.948
5586.059
-1048.587
5579.791
-1047.127
5573.321
-1045.563
5566.643
-1043.894
5559.750
-1042.114
5552.635
-1040.221
5545.290
-1038.210
5537.708
-1036.079
5529.882
-1033.824
5521.804
-1031.441
5513.465
-1028.925
5504.859
-1026.274
5495.976
-1023.484
5486.809
-1020.550
5477.350
-1017.468
5467.589
-1014.235
5457.519
-1010.846
5447.130
-1007.299
5436.415
-1003.588
5425.365
-999.709
5413.970
-995.660
5402.223
-991.436
5390.114
-987.033
5377.634
-982.448
5364.776
-977.676
5351.531
-972.715
5337.891
-967.561
5323.846
-962.210
5309.390
-956.660
5294.513
-950.907
5279.210
-944.950
5263.471
-938.784
5247.291
-932.408
5230.662
-925.820
5213.578
-919.018
5196.033
-912.000
5178.022
-904.764
5159.539
-897.311
5140.580
-889.639
5121.140
-881.749
5101.218
-873.639
5080.809
-865.312
5059.912
-856.767
5038.525
-848.006
5016.647
-839.030
4994.280
-829.843
4971.423
-820.446
4948.078
-810.843
4924.248
-801.037
4899.937
-791.033
4875.148
-780.834
4849.887
-770.447
4824.160
-759.876
4797.974
-749.127
4771.336
-738.208
4744.257
-727.124
4716.745
-715.883
4688.812
-704.492
4660.468
-692.961
4631.726
-681.297
4602.600
-669.509
4573.103
-657.607
4543.251
-645.599
4513.058
-633.495
4482.542
-621.307
4451.718
-609.042
4420.605
-596.713
4389.221
-584.329
4357.584
-571.901
4325.713
-559.440
4293.628
-546.956
4261.347
-534.459
4228.892
-521.961
4196.282
-509.472
4163.537
-497.002
4130.678
-484.562
4097.725
-472.160
4064.698
-459.809
4031.617
-447.516
3998.502
-435.291
3965.374
-423.143
3932.251
-411.081
3899.152
-399.113
3866.097
-387.247
3833.103
-375.491
3800.188
-363.852
3767.371
-352.336
3734.666
-340.951
3702.092
-329.703
3669.662
-318.596
3637.393
-307.636
3605.299
-296.829
3573.394
-286.178
3541.690
-275.687
3510.200
-265.360
3478.937
-255.201
3447.910
-245.211
3417.131
-235.394
3386.608
-225.752
3356.352
-216.286
3326.371
-206.998
3296.672
-197.889
3267.263
-188.960
3238.150
-180.211
3209.339
-171.642
3180.835
-163.254
3152.644
-155.045
3124.769
-147.016
3097.213
-139.166
3069.982
-131.494
3043.075
-123.998
3016.497
-116.677
2990.249
-109.531
2964.331
-102.556
2938.746
-95.751
2913.493
-89.115
2888.572
-82.645
2863.984
-76.339
2839.727
-70.196
2815.801
-64.211
2792.205
-58.384
2768.937
-52.712
2745.996
-47.192
2723.379
-41.822
2701.085
-36.598
2679.111
-31.520
2657.454
-26.583
2636.113
-21.785
2615.083
-17.124
2594.363
-12.597
2573.948
-8.201
2553.836
-3.933
2534.023
 0.209
2514.506
 4.227
2495.282
 8.125
2476.346
11.905
2457.695
15.569
2439.326
19.120
2421.234
22.561
2403.415
25.894
2385.867
29.122
2368.585
32.247
2351.565
35.271
2334.803
38.196
2318.295
41.026
2302.038
43.762
2286.028
46.406
2270.260
48.961
2254.731
51.429
2239.438
53.812
2224.375
56.112
2209.540
58.331
2194.929
60.470
2180.537
62.533
2166.362
64.520
2152.399
66.434
2138.646
68.277
2125.097
70.049
2111.751
71.754
2098.603
73.392
2085.649
74.965
2072.887
76.475
2060.314
77.924
2047.924
79.313
2035.717
80.643
2023.687
81.916
2011.833
83.133
2000.151
84.296
1988.637
85.406
1977.289
86.464
1966.104
87.472
1955.079
88.431
1944.211
89.341
1933.497
90.206
1922.935
91.024
1912.521
91.798
1902.253
92.529
1892.128
93.218
1882.144
93.865
1872.298
94.472
1862.587
95.040
1853.010
95.569
1843.564
96.061
1834.245
96.517
1825.053
96.937
1815.985
97.322
1807.038
97.674
1798.210
97.992
1789.499
98.278
1780.904
98.533
1772.421
98.757
1764.049
98.951
1755.786
99.116
1747.630
99.252
1739.579
99.360
1731.631
99.441
1723.784
99.496
1716.037
99.524
1708.387
99.527
1700.834
99.506
1693.374
99.460
1686.007
99.390
1678.731
99.298
1671.544
99.183
1664.445
99.045
1657.432
98.887
1650.504
98.707
1643.658
98.507
1636.895
98.287
1630.211
98.047
1623.607
97.788
1617.080
97.510
1610.629
97.214
1604.252
96.900
1597.950
96.569
1591.719
96.220
1585.560
95.855
1579.470
95.473
1573.448
95.076
1567.494
94.662
1561.607
94.234
1555.784
93.790
1550.025
93.332
1544.329
92.860
1538.695
92.374
1533.122
91.874
1527.608
91.360
1522.154
90.834
1516.757
90.295
1511.416
89.743
1506.132
89.179
1500.902
88.603
1495.727
88.015
1490.604
87.416
1485.534
86.806
1480.515
86.184
1475.546
85.552
1470.627
84.909
1465.757
84.256
1460.935
83.593
1456.160
82.920
1451.432
82.237
1446.749
81.545
1442.112
80.844
1437.519
80.133
1432.969
79.414
1428.462
78.686
1423.997
77.950
1419.574
77.205
1415.191
76.452
1410.849
75.691
1406.546
74.922
1402.282
74.146
1398.056
73.362
1393.868
72.570
1389.716
71.772
1385.602
70.967
1381.523
70.154
1377.480
69.335
1373.471
68.509
1369.497
67.677
1365.556
66.839
1361.648
65.994
1357.773
65.143
1353.931
64.287
1350.119
63.424
1346.339
62.556
1342.590
61.682
1338.871
60.803
1335.181
59.919
1331.521
59.029
1327.890
58.134
1324.287
57.234
1320.712
56.329
1317.164
55.420
1313.644
54.505
1310.150
53.587
1306.683
52.663
1303.241
51.735
1299.825
50.803
1296.434
49.867
1293.068
48.927
1289.726
47.982
1286.408
47.034
1283.113
46.082
1279.842
45.126
1276.594
44.166
1273.368
43.203
1270.165
42.236
1266.983
41.266
1263.823
40.292
1260.684
39.315
1257.566
38.335
1254.469
37.352
1251.392
36.366
1248.335
35.376
1245.297
34.384
1242.279
33.389
1239.280
32.391
1236.300
31.391
1233.339
30.388
1230.395
29.382
1227.470
28.374
1224.562
27.363
1221.672
26.350
1218.799
25.335
1215.943
24.317
1213.104
23.297
1210.281
22.275
1207.474
21.251
1204.683
20.225
1201.908
19.197
1199.148
18.167
1196.404
17.135
1193.675
16.101
1190.960
15.065
1188.260
14.028
1185.574
12.990
1182.903
11.949
1180.245
10.907
1177.601
 9.864
1174.971
 8.819
1172.354
 7.773
1169.750
 6.725
1167.158
 5.676
1164.580
 4.626
1162.014
 3.575
1159.460
 2.522
1156.919
 1.469
1154.389
 0.414
1151.872
-0.641
1149.365
-1.698
1146.871
-2.756
1144.387
-3.814
1141.915
-4.873
1139.453
-5.933
1137.002
-6.994
1134.562
-8.056
1132.132
-9.118
1129.712
-10.180
1127.303
-11.244
1124.903
-12.308
1122.513
-13.372
1120.133
-14.437
1117.762
-15.502
1115.400
-16.568
1113.048
-17.634
1110.704
-18.700
1108.370
-19.767
1106.044
-20.834
1103.726
-21.901
1101.417
-22.968
1099.117
-24.035
1096.824
-25.103
1094.540
-26.170
1092.263
-27.238
1089.995
-28.305
1087.734
-29.372
1085.480
-30.439
1083.234
-31.506
1080.995
-32.573
1078.763
-33.640
1076.538
-34.706
1074.320
-35.773
1072.109
-36.838
1069.904
-37.904
1067.706
-38.969
1065.514
-40.034
1063.329
-41.098
1061.150
-42.162
1058.977
-43.225
1056.809
-44.287
1054.648
-45.349
1052.493
-46.411
1050.343
-47.472
1048.198
-48.532
1046.059
-49.591
1043.925
-50.650
1041.797
-51.707
1039.674
-52.764
1037.555
-53.820
1035.442
-54.876
1033.333
-55.930
1031.229
-56.983
1029.130
-58.036
1027.035
-59.087
1024.945
-60.137
1022.859
-61.186
1020.777
-62.234
1018.699
-63.281
1016.626
-64.327
1014.556
-65.372
1012.490
-66.415
1010.428
-67.457
1008.370
-68.498
1006.315
-69.537
1004.264
-70.575
1002.217
-71.612
1000.172
-72.647
998.131
-73.680
996.093
-74.713
994.058
-75.743
992.027
-76.772
989.998
-77.800
987.972
-78.826
985.949
-79.850
983.928
-80.872
981.910
-81.893
979.895
-82.912
977.882
-83.930
975.872
-84.945
973.864
-85.959
971.858
-86.970
969.854
-87.980
967.853
-88.988
965.853
-89.994
963.855
-90.998
961.860
-92.000
959.866
-92.999
957.874
-93.997
955.883
-94.993
953.894
-95.986
951.907
-96.977
949.921
-97.966
947.937
-98.953
945.954
-99.937
943.972
-100.920
941.991
-101.899
940.011
-102.877
938.033
-103.852
936.056
-104.824
934.079
-105.794
932.104
-106.762
930.129
-107.727
928.155
-108.689
926.181
-109.649
924.209
-110.606
922.237
-111.561
920.265
-112.512
918.294
-113.461
916.323
-114.408
914.353
-115.351
912.383
-116.292
910.413
-117.230
908.444
-118.164
906.474
-119.096
904.505
-120.025
902.535
-120.951
900.566
-121.874
898.596
-122.794
896.626
-123.711
894.656
-124.625
892.686
-125.535
890.716
-126.443
888.745
-127.347
886.774
-128.248
884.802
-129.146
882.830
-130.040
880.857
-130.931
878.884
-131.818
876.910
-132.703
874.935
-133.583
872.959
-134.461
870.983
-135.334
869.006
-136.205
867.028
-137.071
865.049
-137.934
863.069
-138.794
861.088
-139.649
859.106
-140.501
857.123
-141.350
855.138
-142.194
853.153
-143.035
851.166
-143.872
849.178
-144.705
847.189
-145.534
845.198
-146.359
843.206
-147.180
841.212
-147.998
839.217
-148.811
837.221
-149.620
835.223
-150.425
833.223
-151.226
831.222
-152.023
829.219
-152.816
827.214
-153.604
825.207
-154.388
823.199
-155.168
821.189
-155.944
819.177
-156.715
817.164
-157.482
815.148
-158.244
813.131
-159.002
811.111
-159.756
809.089
-160.505
807.066
-161.249
805.040
-161.989
803.013
-162.725
800.983
-163.456
798.951
-164.182
796.917
-164.903
794.880
-165.620
792.842
-166.332
790.801
-167.039
788.758
-167.742
786.713
-168.439
784.665
-169.132
782.615
-169.820
780.563
-170.503
778.508
-171.181
776.451
-171.854
774.391
-172.522
772.329
-173.185
770.265
-173.843
768.198
-174.496
766.129
-175.144
764.057
-175.787
761.982
-176.425
759.905
-177.057
757.826
-177.684
755.743
-178.306
753.659
-178.923
751.571
-179.534
749.481
-180.140
747.389
-180.741
745.294
-181.336
743.196
-181.926
741.095
-182.511
738.992
-183.090
736.886
-183.663
734.778
-184.232
732.667
-184.794
730.553
-185.351
728.436
-185.903
726.317
-186.449
724.195
-186.989
722.070
-187.524
719.943
-188.054
717.813
-188.577
715.680
-189.095
713.545
-189.607
711.407
-190.114
709.266
-190.615
707.123
-191.110
704.977
-191.599
702.828
-192.082
700.676
-192.560
698.522
-193.032
696.365
-193.498
694.206
-193.958
692.044
-194.413
689.879
-194.861
687.712
-195.304
685.542
-195.741
683.370
-196.172
681.195
-196.597
679.017
-197.016
676.837
-197.429
674.654
-197.836
672.469
-198.237
670.281
-198.633
668.091
-199.022
665.899
-199.405
663.704
-199.783
661.507
-200.154
659.307
-200.519
657.105
-200.879
654.900
-201.232
652.694
-201.579
650.485
-201.921
648.274
-202.256
646.060
-202.585
643.844
-202.908
641.627
-203.226
639.407
-203.537
637.185
-203.842
634.961
-204.141
632.735
-204.434
630.507
-204.722
628.277
-205.003
626.045
-205.278
623.811
-205.547
621.575
-205.810
619.338
-206.067
617.099
-206.318
614.858
-206.564
612.615
-206.803
610.371
-207.036
608.125
-207.263
605.878
-207.485
603.629
-207.700
601.379
-207.910
599.127
-208.114
596.874
-208.311
594.619
-208.503
592.364
-208.689
590.107
-208.869
587.849
-209.044
585.590
-209.212
583.330
-209.375
581.069
-209.532
578.806
-209.683
576.544
-209.829
574.280
-209.968
572.015
-210.102
569.750
-210.231
567.484
-210.354
565.217
-210.471
562.950
-210.582
560.683
-210.688
558.415
-210.789
556.147
-210.883
553.878
-210.973
551.609
-211.057
549.340
-211.135
547.071
-211.208
544.802
-211.276
542.533
-211.338
540.264
-211.395
537.995
-211.447
535.727
-211.493
533.458
-211.534
531.190
-211.570
528.923
-211.601
526.656
-211.627
524.389
-211.647
522.124
-211.663
519.859
-211.673
517.594
-211.679
515.331
-211.679
513.069
-211.675
510.807
-211.666
508.547
-211.652
506.287
-211.633
504.029
-211.609
501.773
-211.581
499.517
-211.548
497.263
-211.511
495.011
-211.469
492.760
-211.422
490.511
-211.371
488.264
-211.315
486.018
-211.255
483.775
-211.191
481.533
-211.122
479.293
-211.049
477.056
-210.971
474.820
-210.890
472.587
-210.804
470.356
-210.715
468.128
-210.621
465.902
-210.523
463.679
-210.422
461.459
-210.316
459.241
-210.206
457.026
-210.093
454.813
-209.976
452.604
-209.855
450.398
-209.731
448.195
-209.603
445.995
-209.471
443.798
-209.336
441.605
-209.198
439.415
-209.056
437.228
-208.910
435.045
-208.761
432.866
-208.609
430.690
-208.454
428.519
-208.296
426.351
-208.134
424.187
-207.970
422.026
-207.802
419.870
-207.632
417.718
-207.458
415.571
-207.282
413.427
-207.102
411.288
-206.920
409.624
-207.247
409.112
-208.825
408.596
-210.399
408.076
-211.969
407.552
-213.534
407.024
-215.094
406.492
-216.651
405.956
-218.202
405.415
-219.749
404.871
-221.292
404.321
-222.830
403.768
-224.362
403.209
-225.890
402.647
-227.413
402.079
-228.931
401.507
-230.444
400.930
-231.951
400.348
-233.453
399.762
-234.950
401.048
-237.074
