 0.352
 0.352
 0.352
 0.353
 0.353
 0.353
 0.353
 0.353
 0.353
 0.354
 0.354
 0.354
 0.354
 0.354
 0.354
 0.354
51.196
 2.195
 1.193
 0.866
 0.712
 0.625
 0.572
 0.537
 0.514
 0.497
 0.486
 0.478
 0.474
 0.471
 0.470
 0.470
 0.472
 0.474
 0.478
 0.483
 0.489
 0.496
 0.504
 0.513
 0.523
 0.534
 0.546
 0.560
 0.575
 0.591
 0.608
 0.627
 0.648
 0.670
 0.694
 0.720
 0.748
 0.778
 0.810
 0.844
 0.881
 0.920
 0.961
 1.006
 1.053
 1.104
 1.158
 1.215
 1.275
 1.340
 1.408
 1.481
 1.558
 1.639
 1.725
 1.816
 1.912
 2.014
 2.121
 2.234
 2.354
 2.480
 2.612
 2.752
 2.898
 3.052
 3.214
 3.384
 3.562
 3.748
 3.942
 4.146
 4.358
 4.579
 4.809
 5.048
 5.296
 5.554
 5.820
 6.094
 6.377
 6.669
 6.968
 7.274
 7.586
 7.905
 8.229
 8.558
 8.890
 9.224
 9.560
 9.895
10.230
10.562
10.890
11.212
11.528
11.835
12.132
12.417
12.690
12.947
13.189
13.413
13.619
13.805
13.971
14.115
14.237
14.336
14.413
14.466
14.496
14.504
14.488
14.451
14.391
14.312
14.212
14.093
13.957
13.804
13.635
13.452
13.256
13.048
12.830
12.603
12.368
12.126
11.878
11.626
11.370
11.112
10.852
10.592
10.331
10.072
 9.813
 9.557
 9.304
 9.054
 8.807
 8.564
 8.325
 8.091
 7.861
 7.636
 7.417
 7.202
 6.993
 6.789
 6.590
 6.396
 6.208
 6.026
 5.848
 5.676
 5.508
 5.346
 5.189
 5.037
 4.889
 4.746
 4.608
 4.474
 4.344
 4.218
 4.097
 3.979
 3.866
 3.756
 3.649
 3.547
 3.447
 3.351
 3.258
 3.168
 3.081
 2.997
 2.916
 2.837
 2.761
 2.687
 2.616
 2.547
 2.481
 2.416
 2.354
 2.293
 2.235
 2.178
 2.124
 2.071
 2.012
 1.964
