6000.000
6000.447
6000.895
6001.344
6001.793
6002.243
6002.694
6003.145
6003.597
6004.050
6004.503
6004.957
6005.412
6005.867
6006.323
6006.780
5973.147
5938.466
5930.904
5926.263
5922.823
5920.031
5917.638
5915.509
5913.563
5911.747
5910.023
5908.364
5906.750
5905.164
5903.592
5902.023
5900.448
5898.858
5897.244
5895.600
5893.919
5892.194
5890.419
5888.589
5886.695
5884.734
5882.697
5880.579
5878.374
5876.074
5873.672
5871.162
5868.536
5865.786
5862.904
5859.881
5856.709
5853.377
5849.877
5846.197
5842.327
5838.256
5833.970
5829.458
5824.705
5819.698
5814.422
5808.862
5803.000
5796.819
5790.301
5783.427
5776.177
5768.529
5760.461
5751.949
5742.970
5733.498
5723.505
5712.964
5701.845
5690.118
5677.751
5664.711
5650.964
5636.475
5621.205
5605.119
5588.175
5570.335
5551.557
5531.800
5511.020
5489.174
5466.218
5442.108
5416.800
5390.250
5362.415
5333.251
5302.716
5270.771
5237.376
5202.495
5166.094
5128.143
5088.612
5047.480
5004.727
4960.338
4914.304
4866.622
4817.295
4766.331
4713.748
4659.567
4603.820
4546.545
4487.787
4427.599
4366.043
4303.186
4239.104
4173.877
4107.595
4040.351
3972.243
3903.375
3833.854
3763.790
3693.294
3622.480
3551.461
3480.350
3409.260
3338.301
3267.578
3197.197
3127.257
3057.854
2989.076
2921.010
2853.734
2787.321
2721.838
2657.346
2593.899
2531.546
2470.327
2410.281
2351.436
2293.819
2237.448
2182.338
2128.500
2075.938
2024.655
1974.649
1925.913
1878.439
1832.216
1787.229
1743.463
1700.899
1659.518
1619.299
1580.218
1542.254
1505.380
1469.573
1434.806
1401.055
1368.293
1336.494
1305.632
1275.681
1246.615
1218.409
1191.037
1164.474
1138.697
1113.680
1089.401
1065.837
1042.964
1020.762
999.209
978.283
957.965
938.235
919.074
900.464
882.386
864.823
847.758
831.176
815.059
799.394
784.165
769.358
754.959
740.956
727.334
714.082
701.188
688.641
676.429
664.541
652.967
641.698
630.723
620.033
609.620
599.474
589.611
580.010
570.644
561.507
552.592
543.892
535.402
527.115
519.026
511.129
503.418
495.889
488.536
424.609
348.451
295.370
256.325
226.443
202.873
183.832
168.152
155.035
143.917
134.388
126.143
118.953
112.638
107.059
102.103
97.683
93.723
90.165
86.958
84.060
81.436
79.054
76.891
74.922
73.128
71.493
70.001
68.639
67.395
66.259
65.221
64.273
63.407
62.615
61.893
61.233
60.631
60.081
59.580
59.124
58.707
58.328
57.983
57.668
57.382
57.122
56.885
56.670
56.474
56.296
56.133
55.986
55.851
55.728
55.616
55.513
55.419
55.333
55.253
55.180
55.111
55.048
54.989
54.933
54.880
54.831
54.783
54.738
54.694
54.651
54.610
54.569
54.530
54.490
54.452
54.413
54.374
54.335
54.297
54.258
54.218
54.179
54.139
54.098
54.057
54.016
53.974
53.931
53.888
53.844
53.800
53.755
53.710
53.664
53.617
53.570
53.523
53.475
53.426
53.377
53.328
53.278
53.227
53.176
53.125
53.074
53.022
52.969
52.917
52.864
52.810
52.757
52.703
52.649
52.595
52.540
52.486
52.431
52.376
52.321
53.003
52.246
48.910
45.872
47.416
49.248
51.078
52.906
54.733
56.558
58.380
60.201
62.019
63.836
65.650
67.461
69.270
71.077
72.881
74.683
76.482
78.277
80.055
81.338
81.599
80.991
79.865
78.408
76.699
74.796
72.759
70.641
68.479
66.301
64.128
61.976
59.856
57.777
55.747
53.769
51.846
49.980
48.172
46.422
44.730
43.096
41.518
39.994
38.525
37.108
35.741
34.424
33.155
31.931
30.753
29.617
28.523
27.470
26.455
25.477
24.536
23.629
22.755
21.914
21.104
20.324
19.572
18.849
18.152
17.481
16.835
16.212
15.613
15.035
14.479
13.944
13.429
12.932
12.454
11.993
11.550
11.123
10.712
10.316
 9.934
 9.567
 9.213
 8.872
 8.544
 8.228
 7.924
 7.631
 7.349
 7.077
 6.816
 6.564
 6.321
 6.087
 5.862
 5.645
 5.437
 5.236
 5.042
 4.856
 4.676
 4.503
 4.337
 4.176
 4.022
 3.873
 3.730
 3.592
 3.459
 3.331
 3.208
 3.090
 2.975
 2.865
 2.759
 2.657
 2.559
 2.465
 2.373
 2.286
 2.201
 2.120
 2.041
 1.966
 1.893
 1.823
 1.756
 1.691
 1.628
 1.568
 1.510
 1.454
 1.401
 1.349
 1.299
 1.251
 1.205
 1.160
 1.117
 1.076
 1.036
 0.998
 0.961
 0.925
 0.891
 0.858
 0.826
 0.796
 0.766
 0.738
 0.711
 0.685
 0.659
 0.635
 0.611
 0.589
 0.567
 0.546
 0.526
 0.506
 0.488
 0.470
 0.452
 0.436
 0.419
 0.404
 0.389
 0.375
 0.361
 0.347
 0.335
 0.322
 0.310
 0.299
 0.288
 0.277
 0.267
 0.257
 0.248
 0.238
 0.230
 0.221
 0.213
 0.205
 0.197
 0.190
 0.183
 0.176
 0.170
 0.164
 0.157
 0.152
 0.146
 0.141
 0.135
 0.130
 0.126
 0.121
 0.117
 0.112
 0.108
 0.104
 0.100
 0.097
 0.093
 0.090
 0.086
 0.083
 0.080
 0.077
 0.074
 0.071
 0.069
 0.066
 0.064
 0.061
 0.059
 0.057
 0.055
 0.053
 0.051
 0.049
 0.047
 0.222
 0.125
 0.163
 0.164
 0.165
 0.167
 0.168
 0.169
 0.171
