 0.000
125000.000
2897.778
124223.112
5795.555
123445.359
8693.333
122666.743
11591.111
121887.262
14488.888
121106.915
17386.666
120325.703
20284.444
119543.626
23182.221
118760.682
26079.999
117976.871
28977.777
117192.194
31875.554
116406.649
34773.332
115620.236
37671.109
114832.955
40568.887
114044.806
43466.665
113255.787
46363.945
112466.035
49232.996
111683.113
52095.252
110901.175
54954.469
110119.198
57811.549
109336.934
60666.919
108554.268
63520.823
107771.132
66373.419
106987.483
69224.812
106203.292
72075.076
105418.539
74924.265
104633.209
77772.416
103847.292
80619.555
103060.780
83465.698
102273.668
86310.856
101485.955
89155.033
100697.638
91998.227
99908.718
94840.434
99119.196
97681.642
98329.076
100521.840
97538.359
103361.011
96747.052
106199.134
95955.159
109036.188
95162.687
111872.147
94369.643
114706.981
93576.034
117540.658
92781.870
120373.145
91987.160
123204.403
91191.916
126034.392
90396.148
128863.067
89599.868
131690.381
88803.091
134516.283
88005.830
137340.720
87208.101
140163.632
86409.921
142984.958
85611.306
145804.633
84812.276
148622.587
84012.850
151438.744
83213.050
154253.027
82412.898
157065.350
81612.419
159875.626
80811.638
162683.759
80010.582
165489.649
79209.280
168293.191
78407.763
171094.272
77606.063
173892.774
76804.214
176688.569
76002.253
179481.526
75200.219
182271.504
74398.153
185058.352
73596.098
187841.914
72794.099
190622.023
71992.207
193398.503
71190.471
196171.168
70388.947
198939.822
69587.693
201704.257
68786.769
204464.255
67986.239
207219.585
67186.171
209970.005
66386.638
212715.256
65587.715
215455.070
64789.482
218189.162
63992.022
220917.232
63195.426
223638.966
62399.787
226354.033
61605.202
229062.086
60811.776
231762.758
60019.618
234455.668
59228.841
237140.415
58439.567
239816.578
57651.920
242483.717
56866.033
245141.375
56082.043
247789.070
55300.096
250426.303
54520.341
253052.553
53742.937
255667.277
52968.046
258269.914
52195.840
260859.878
51426.496
263436.565
50660.197
265999.350
49897.134
268547.586
49137.504
271080.608
48381.510
273597.732
47629.361
276098.257
46881.273
278581.462
46137.466
281046.615
45398.166
283492.967
44663.604
285919.758
43934.015
288326.218
43209.638
290711.568
42490.714
293075.025
41777.486
295415.803
41070.202
297733.116
40369.106
300026.179
39674.444
302294.216
38986.463
304536.460
38305.403
306752.155
37631.505
308940.564
36965.003
311100.970
36306.128
313232.679
35655.102
315335.024
35012.141
317407.370
34377.451
319449.117
33751.230
321459.700
33133.665
323438.598
32524.928
325385.333
31925.182
327299.470
31334.575
329180.627
30753.241
331028.470
30181.298
332842.717
29618.851
334623.140
29065.986
336369.564
28522.774
338081.868
27989.271
339759.987
27465.515
341403.909
26951.529
343013.674
26447.318
344589.375
25952.872
346131.156
25468.165
347639.209
24993.158
349113.772
24527.795
350555.129
24072.007
351963.603
23625.712
353339.558
23188.817
354683.394
22761.215
355995.544
22342.790
357276.471
21933.417
358526.668
21532.959
359746.648
21141.275
360936.948
20758.214
362098.124
20383.620
363230.747
20017.332
364335.400
19659.183
365412.679
19309.002
366463.185
18966.619
367487.527
18631.856
368486.317
18304.537
369460.169
17984.484
370409.694
17671.518
371335.505
17365.462
372238.208
17066.137
373118.406
16773.368
373976.696
16486.977
374813.666
16206.793
375629.898
15932.643
376425.961
15664.359
377202.418
15401.774
377959.820
15144.724
378698.706
14893.050
379419.604
14646.593
380123.032
14405.200
380809.493
14168.720
381479.479
13937.006
382133.470
13709.915
382771.932
13487.305
383395.319
13269.042
384004.074
13054.991
384598.626
12845.025
385179.391
12639.016
385746.774
12436.843
386301.169
12238.388
386842.955
12043.535
387372.502
11852.172
387890.168
11664.192
388396.299
11479.488
388891.231
11297.960
389375.288
11119.508
389848.787
10944.036
390312.029
10771.453
390765.312
10601.668
391208.919
10434.594
391643.125
10270.148
392068.199
10108.248
392484.398
9948.815
392891.970
9791.774
393291.158
9637.049
393682.195
9484.570
394065.306
9334.268
394440.710
9186.076
394808.617
9039.929
395169.231
8895.765
395522.750
8753.522
395869.365
8613.144
396209.260
8474.572
396542.613
8337.753
396869.598
8202.632
397190.381
8069.159
397505.123
7937.284
397813.982
7806.960
398117.109
7678.138
398414.649
7550.775
398706.746
7424.827
398993.535
7300.251
399275.149
7177.007
399551.718
7055.055
399823.368
6934.355
400090.234
6814.865
400352.429
6696.550
400610.063
6579.377
400863.243
6463.312
401112.071
6348.326
401356.648
6234.387
401597.071
6121.466
401833.435
6009.535
402065.830
5898.566
402294.347
5788.531
402519.072
5679.405
402740.089
5571.162
402949.778
5467.586
403121.610
5381.876
403264.649
5309.679
403387.016
5247.055
403493.824
5191.526
403588.497
5141.432
403673.440
5095.608
403750.406
5053.205
403820.714
5013.584
403885.377
4976.255
403945.192
4940.834
404000.798
4907.012
404052.712
4874.540
404101.363
4843.213
404147.104
4812.861
404190.236
4783.341
404231.011
4754.533
404269.649
4726.334
404306.335
4698.657
404341.235
4671.425
404374.489
4644.573
404406.223
4618.043
404436.547
4591.786
404465.561
4565.759
404493.351
4539.923
404519.997
4514.244
404545.568
4488.694
404570.129
4463.245
404593.737
4437.876
404616.444
4412.567
404638.300
4387.298
404659.347
4362.056
404679.625
4336.826
404699.173
4311.596
404718.024
4286.357
404736.209
4261.098
404753.759
4235.813
404770.700
4210.495
404787.058
4185.138
404802.857
4159.738
404818.120
4134.290
404832.866
4108.791
404847.117
4083.240
404860.891
4057.633
404874.206
4031.970
404887.077
4006.250
404899.522
3980.472
404911.555
3954.636
404923.191
3928.742
404934.443
3902.792
404945.325
3876.785
404955.848
3850.723
404966.026
3824.607
404975.869
3798.438
404985.388
3772.219
404994.595
3745.950
405003.499
3719.634
405012.111
3693.272
405020.439
3666.866
405028.492
3640.419
405036.281
3613.933
405043.812
3587.409
405051.095
3560.850
405058.137
3534.258
405064.947
3507.635
405071.530
3480.983
405077.895
3454.304
405084.049
3427.600
405089.998
3400.875
405095.748
3374.128
405101.307
3347.363
405106.680
3320.582
405111.874
3293.785
405116.893
3266.977
405121.744
3240.157
405126.431
3213.328
405130.961
3186.491
405135.338
3159.649
405139.568
3132.803
405143.654
3105.954
405147.601
3079.104
405151.415
3052.255
405155.099
3025.407
405158.658
2998.562
405162.095
2971.722
405165.415
2944.888
405168.621
2918.061
405171.718
2891.242
405174.708
2864.432
405177.596
2837.632
405180.384
2810.844
405183.077
2784.068
405185.676
2757.305
405188.185
2730.556
405190.608
2703.822
405192.947
2677.104
405195.204
2650.403
405197.384
2623.718
405199.487
2597.052
405201.517
2570.404
405203.476
2543.775
405205.367
2517.166
405207.191
2490.577
405208.952
2464.009
405210.651
2437.462
405212.290
2410.938
405213.872
2384.435
405215.398
2357.955
405216.870
2331.499
405218.290
2305.065
405219.660
2278.656
405220.981
2252.270
405222.256
2225.909
405223.485
2199.573
405224.671
2173.261
405225.815
2146.975
405226.918
2120.714
405227.981
2094.479
405229.007
2068.270
405229.996
2042.087
405230.949
2015.930
405231.871
1989.728
405232.775
1963.120
405233.604
1937.845
405234.350
1914.224
405235.055
1890.971
405235.759
1866.815
405236.463
1841.743
405237.167
1815.756
405237.870
1788.856
405238.574
1761.042
405239.276
1732.316
405239.978
1702.679
405240.680
1672.132
405241.382
1640.676
405242.083
1608.312
405242.783
1575.042
405243.483
1540.866
405244.183
1505.786
405244.882
1469.803
405245.581
1432.918
405246.279
1395.133
405246.977
1356.450
405247.674
1316.870
405248.369
1276.490
405249.054
1235.718
405249.723
1195.048
405250.369
1154.823
405250.991
1115.248
405251.585
1076.467
405252.152
1038.591
405252.691
1001.702
405253.201
965.853
405253.683
931.075
405254.138
897.383
405254.566
864.779
405254.967
833.256
405255.344
802.802
405255.697
773.398
405256.026
745.021
405256.334
717.646
405256.620
691.246
405256.887
665.794
405257.134
641.260
405257.364
617.614
405257.576
594.830
405257.773
572.876
405257.954
551.726
405258.121
531.351
405258.275
511.724
405258.416
492.819
405258.545
474.609
405258.663
457.070
405258.771
440.178
405258.869
423.909
405258.958
408.240
405259.039
393.149
405259.112
378.616
405259.178
364.619
405259.238
351.140
405259.291
338.158
405259.339
325.657
405259.381
313.617
405259.419
302.022
405259.453
290.856
405259.483
280.103
405259.509
269.747
405259.532
259.774
405259.553
250.170
405259.570
240.921
405259.586
232.014
405259.599
223.436
405259.610
215.175
405259.620
207.220
405259.629
199.559
405259.636
192.181
405259.642
185.076
405259.647
178.234
405259.651
171.645
405259.655
165.299
405259.658
159.188
405259.660
153.303
405259.662
147.635
405259.664
142.177
405259.665
136.921
405259.666
131.859
405259.667
126.985
405259.668
122.290
405259.668
117.769
405259.669
113.416
405259.669
109.223
405259.669
105.185
405259.670
101.297
405259.670
97.552
405259.670
93.946
405259.670
90.473
405259.670
87.129
405259.670
83.908
405259.670
80.806
405259.670
77.819
405259.670
74.943
405259.670
72.172
405259.670
69.505
405259.670
66.935
405259.670
64.461
405259.670
62.079
405259.670
59.784
405259.670
57.574
405259.670
55.446
405259.670
53.397
405259.670
51.423
405259.670
49.523
405259.670
47.692
405259.670
45.930
405259.670
44.232
405259.670
42.597
405259.670
41.023
405259.670
39.507
405259.670
38.047
405259.670
36.641
405259.670
35.287
405259.670
33.983
405259.670
32.727
405259.670
31.518
405259.670
30.353
405259.670
29.232
405259.670
28.152
405259.670
27.111
405259.670
26.110
405259.670
25.145
405259.670
24.216
405259.670
23.321
405259.670
22.460
405259.670
21.630
405259.670
20.831
405259.670
20.062
405259.670
19.321
405259.670
18.607
405259.670
17.920
405259.670
17.258
405259.670
16.620
405259.670
16.007
405259.670
15.416
405259.670
14.846
405259.670
14.298
405259.670
13.770
405259.670
13.262
405259.670
12.772
405259.670
12.301
405259.670
11.847
405259.670
11.409
405259.670
10.988
405259.670
10.583
405259.670
10.192
405259.670
 9.816
405259.670
 9.454
405259.670
 9.105
405259.670
 8.769
405259.670
 8.446
405259.670
 8.134
405259.670
 7.834
405259.670
 7.545
405259.670
 7.267
405259.670
 6.999
405259.670
 6.741
405259.670
 6.492
405259.670
 6.253
405259.670
 6.023
405259.670
 5.801
405259.670
 5.587
405259.670
 5.381
405259.670
 5.183
405259.670
 4.992
405259.670
 4.808
405259.670
 4.631
405259.670
 4.461
405259.670
 4.296
405259.670
 4.138
405259.670
 3.986
405259.670
 3.839
405259.670
 3.698
405259.670
 3.562
405259.670
 3.431
405259.670
 3.305
405259.670
 3.184
405259.670
 3.067
405259.670
 2.954
405259.670
 2.845
405259.670
 2.741
405259.670
 2.640
405259.670
 2.543
405259.670
 2.450
405259.670
 2.360
405259.670
 2.274
405259.670
 2.190
405259.670
 2.110
405259.670
 2.033
405259.670
 1.958
405259.670
 1.887
405259.670
 1.818
405259.670
 1.751
405259.670
 1.687
405259.670
 1.626
405259.670
 1.566
405259.670
 1.509
405259.670
 1.454
405259.670
 1.401
405259.670
 1.350
405259.670
 1.301
405259.670
 1.253
405259.670
 1.208
405259.670
 1.164
405259.670
 1.122
405259.670
 1.081
405259.670
 1.042
405259.670
 1.004
405259.670
 0.968
405259.670
 0.932
405259.670
 0.899
405259.670
 0.866
405259.670
 0.835
405259.670
 0.805
405259.670
 0.776
405259.670
 0.748
405259.670
 0.721
405259.670
 0.695
405259.670
 0.670
405259.670
 0.646
405259.670
 0.620
405259.678
 0.530
405259.692
 0.478
405259.716
 0.411
405259.742
 0.345
405259.769
 0.280
405259.796
 0.215
405259.824
 0.152
405259.853
 0.090
