5795.555
-1552.913
5795.555
-1554.640
5795.555
-1556.369
5795.555
-1558.098
5795.555
-1559.828
5795.555
-1561.558
5795.555
-1563.289
5795.555
-1565.021
5795.555
-1566.754
5795.555
-1568.488
5795.555
-1570.222
5795.555
-1571.958
5795.555
-1573.693
5795.555
-1575.430
5795.555
-1577.168
5795.555
-1578.906
5762.666
-1571.675
5728.766
-1564.167
5721.029
-1563.794
5716.109
-1564.190
5712.348
-1564.902
5709.210
-1565.785
5706.458
-1566.773
5703.959
-1567.832
5701.637
-1568.938
5699.439
-1570.079
5697.329
-1571.245
5695.282
-1572.427
5693.278
-1573.622
5691.299
-1574.824
5689.335
-1576.030
5687.372
-1577.237
5685.403
-1578.442
5683.419
-1579.643
5681.411
-1580.838
5679.375
-1582.025
5677.301
-1583.202
5675.186
-1584.367
5673.021
-1585.519
5670.802
-1586.656
5668.523
-1587.776
5666.177
-1588.877
5663.758
-1589.958
5661.261
-1591.017
5658.679
-1592.052
5656.005
-1593.061
5653.234
-1594.043
5650.357
-1594.995
5647.369
-1595.915
5644.260
-1596.801
5641.024
-1597.652
5637.652
-1598.463
5634.136
-1599.233
5630.467
-1599.959
5626.635
-1600.639
5622.629
-1601.269
5618.441
-1601.846
5614.058
-1602.368
5609.469
-1602.830
5604.662
-1603.229
5599.623
-1603.561
5594.340
-1603.822
5588.798
-1604.008
5582.982
-1604.115
5576.877
-1604.137
5570.464
-1604.069
5563.728
-1603.908
5556.649
-1603.646
5549.209
-1603.278
5541.386
-1602.798
5533.160
-1602.200
5524.508
-1601.476
5515.407
-1600.621
5505.833
-1599.625
5495.758
-1598.482
5485.158
-1597.184
5474.003
-1595.721
5462.264
-1594.086
5449.912
-1592.268
5436.914
-1590.258
5423.238
-1588.046
5408.849
-1585.622
5393.713
-1582.974
5377.793
-1580.092
5361.053
-1576.965
5343.452
-1573.579
5324.953
-1569.924
5305.516
-1565.986
5285.098
-1561.753
5263.660
-1557.213
5241.159
-1552.351
5217.552
-1547.154
5192.799
-1541.610
5166.857
-1535.705
5139.684
-1529.426
5111.239
-1522.760
5081.483
-1515.693
5050.378
-1508.214
5017.886
-1500.310
4983.972
-1491.970
4948.606
-1483.183
4911.756
-1473.939
4873.398
-1464.230
4833.509
-1454.047
4792.070
-1443.383
4749.069
-1432.233
4704.498
-1420.594
4658.352
-1408.463
4610.636
-1395.839
4561.358
-1382.724
4510.534
-1369.122
4458.188
-1355.037
4404.348
-1340.477
4349.051
-1325.453
4292.341
-1309.975
4234.271
-1294.058
4174.898
-1277.718
4114.287
-1260.974
4052.511
-1243.847
3989.649
-1226.359
3925.785
-1208.534
3861.008
-1190.400
3795.415
-1171.983
3729.103
-1153.314
3662.175
-1134.422
3594.737
-1115.339
3526.895
-1096.098
3458.759
-1076.730
3390.436
-1057.269
3322.036
-1037.747
3253.664
-1018.197
3185.427
-998.651
3117.427
-979.141
3049.762
-959.698
2982.529
-940.350
2915.818
-921.126
2849.715
-902.053
2784.301
-883.157
2719.652
-864.460
2655.836
-845.986
2592.919
-827.755
2530.956
-809.785
2470.001
-792.093
2410.098
-774.694
2351.288
-757.602
2293.606
-740.828
2237.079
-724.382
2181.732
-708.272
2127.583
-692.506
2074.645
-677.088
2022.928
-662.023
1972.437
-647.313
1923.173
-632.959
1875.133
-618.962
1828.312
-605.322
1782.702
-592.036
1738.291
-579.102
1695.065
-566.517
1653.009
-554.277
1612.106
-542.378
1572.335
-530.814
1533.677
-519.581
1496.110
-508.671
1459.611
-498.079
1424.156
-487.799
1389.723
-477.823
1356.285
-468.145
1323.819
-458.758
1292.299
-449.655
1261.700
-440.828
1231.997
-432.270
1203.165
-423.975
1175.180
-415.934
1148.016
-408.141
1121.649
-400.589
1096.056
-393.271
1071.212
-386.179
1047.096
-379.308
1023.683
-372.650
1000.953
-366.199
978.883
-359.948
957.453
-353.892
936.641
-348.024
916.429
-342.339
896.796
-336.830
877.723
-331.492
859.193
-326.319
841.188
-321.307
823.689
-316.450
806.682
-311.742
790.148
-307.180
774.074
-302.758
758.443
-298.472
743.241
-294.318
728.455
-290.291
714.069
-286.387
700.071
-282.601
686.449
-278.932
673.190
-275.373
660.281
-271.923
647.713
-268.577
635.473
-265.331
623.551
-262.184
611.936
-259.131
600.619
-256.170
589.590
-253.297
578.840
-250.510
568.360
-247.807
558.141
-245.183
548.175
-242.638
538.476
-240.177
529.023
-237.794
519.793
-235.478
510.779
-233.227
501.974
-231.040
493.372
-228.915
484.968
-226.850
476.756
-224.842
468.729
-222.891
460.884
-220.995
453.213
-219.152
445.713
-217.360
438.379
-215.619
380.347
-188.757
311.454
-156.250
263.322
-133.811
227.811
-117.491
200.540
-105.167
178.941
-95.590
161.409
-87.985
146.893
-81.840
134.673
-76.806
124.242
-72.636
115.231
-69.152
107.365
-66.219
100.436
-63.737
94.283
-61.627
88.781
-59.828
83.829
-58.291
79.346
-56.975
75.266
-55.849
71.535
-54.886
68.109
-54.064
64.949
-53.364
62.024
-52.771
59.308
-52.270
56.776
-51.852
54.411
-51.504
52.194
-51.220
50.112
-50.991
48.150
-50.810
46.299
-50.673
44.548
-50.573
42.888
-50.506
41.313
-50.468
39.814
-50.456
38.387
-50.466
37.026
-50.495
35.726
-50.541
34.482
-50.601
33.291
-50.673
32.150
-50.756
31.054
-50.847
30.003
-50.946
28.991
-51.049
28.019
-51.158
27.083
-51.269
26.181
-51.383
25.311
-51.498
24.473
-51.614
23.664
-51.730
22.883
-51.844
22.129
-51.958
21.401
-52.069
20.697
-52.178
20.017
-52.285
19.359
-52.389
18.723
-52.489
18.108
-52.586
17.512
-52.679
16.936
-52.768
16.379
-52.853
15.839
-52.934
15.317
-53.011
14.812
-53.084
14.322
-53.152
13.849
-53.216
13.390
-53.276
12.946
-53.331
12.516
-53.383
12.100
-53.430
11.698
-53.473
11.308
-53.512
10.930
-53.547
10.564
-53.578
10.211
-53.606
 9.868
-53.629
 9.537
-53.649
 9.216
-53.666
 8.905
-53.679
 8.605
-53.689
 8.314
-53.696
 8.032
-53.699
 7.760
-53.700
 7.496
-53.698
 7.241
-53.693
 6.995
-53.685
 6.756
-53.675
 6.525
-53.662
 6.302
-53.647
 6.086
-53.629
 5.877
-53.610
 5.675
-53.588
 5.479
-53.565
 5.291
-53.539
 5.108
-53.512
 4.931
-53.483
 4.760
-53.452
 4.595
-53.420
 4.436
-53.386
 4.282
-53.351
 4.132
-53.315
 3.988
-53.277
 3.849
-53.238
 3.715
-53.198
 3.585
-53.157
 3.459
-53.115
 3.337
-53.072
 3.220
-53.027
 3.107
-52.983
 2.997
-52.937
 2.892
-52.890
 2.789
-52.843
 2.691
-52.795
 2.596
-52.747
 2.504
-52.698
 2.415
-52.648
 2.329
-52.598
 2.246
-52.547
 2.166
-52.496
 2.089
-52.444
 2.014
-52.392
 1.942
-52.340
 1.873
-52.287
 1.831
-52.971
 1.743
-52.217
 1.573
-48.885
 1.419
-45.850
 1.409
-47.395
 1.409
-49.228
 1.408
-51.059
 1.407
-52.888
 1.406
-54.715
 1.406
-56.540
 1.405
-58.363
 1.404
-60.184
 1.403
-62.003
 1.402
-63.820
 1.402
-65.635
 1.401
-67.447
 1.400
-69.256
 1.399
-71.063
 1.398
-72.868
 1.397
-74.670
 1.396
-76.469
 1.395
-78.265
 1.393
-80.042
 1.384
-81.326
 1.357
-81.587
 1.316
-80.980
 1.268
-79.854
 1.216
-78.399
 1.162
-76.690
 1.106
-74.787
 1.049
-72.751
 0.992
-70.634
 0.937
-68.473
 0.882
-66.295
 0.829
-64.123
 0.778
-61.971
 0.729
-59.851
 0.682
-57.773
 0.637
-55.743
 0.594
-53.765
 0.553
-51.843
 0.514
-49.977
 0.477
-48.170
 0.442
-46.420
 0.409
-44.729
 0.377
-43.094
 0.348
-41.516
 0.320
-39.993
 0.294
-38.524
 0.270
-37.107
 0.247
-35.740
 0.226
-34.423
 0.206
-33.154
 0.187
-31.931
 0.170
-30.752
 0.154
-29.617
 0.139
-28.523
 0.125
-27.470
 0.113
-26.455
 0.101
-25.477
 0.090
-24.536
 0.080
-23.629
 0.072
-22.755
 0.063
-21.914
 0.056
-21.104
 0.049
-20.324
 0.043
-19.572
 0.038
-18.849
 0.033
-18.152
 0.029
-17.481
 0.025
-16.834
 0.021
-16.212
 0.018
-15.613
 0.016
-15.035
 0.013
-14.479
 0.011
-13.944
 0.009
-13.429
 0.008
-12.932
 0.007
-12.454
 0.005
-11.993
 0.004
-11.550
 0.004
-11.123
 0.003
-10.712
 0.002
-10.316
 0.002
-9.934
 0.002
-9.567
 0.001
-9.213
 0.001
-8.872
 0.001
-8.544
 0.001
-8.228
 0.000
-7.924
 0.000
-7.631
 0.000
-7.349
 0.000
-7.077
 0.000
-6.816
 0.000
-6.564
 0.000
-6.321
 0.000
-6.087
 0.000
-5.862
 0.000
-5.645
 0.000
-5.437
 0.000
-5.236
 0.000
-5.042
 0.000
-4.856
 0.000
-4.676
 0.000
-4.503
 0.000
-4.337
 0.000
-4.176
 0.000
-4.022
 0.000
-3.873
 0.000
-3.730
 0.000
-3.592
 0.000
-3.459
 0.000
-3.331
 0.000
-3.208
 0.000
-3.090
 0.000
-2.975
 0.000
-2.865
 0.000
-2.759
 0.000
-2.657
 0.000
-2.559
 0.000
-2.465
 0.000
-2.373
 0.000
-2.286
 0.000
-2.201
 0.000
-2.120
 0.000
-2.041
 0.000
-1.966
 0.000
-1.893
 0.000
-1.823
 0.000
-1.756
 0.000
-1.691
 0.000
-1.628
 0.000
-1.568
 0.000
-1.510
 0.000
-1.454
 0.000
-1.401
 0.000
-1.349
 0.000
-1.299
 0.000
-1.251
 0.000
-1.205
 0.000
-1.160
 0.000
-1.117
 0.000
-1.076
 0.000
-1.036
 0.000
-0.998
 0.000
-0.961
 0.000
-0.925
 0.000
-0.891
 0.000
-0.858
 0.000
-0.826
 0.000
-0.796
 0.000
-0.766
 0.000
-0.738
 0.000
-0.711
 0.000
-0.685
 0.000
-0.659
 0.000
-0.635
 0.000
-0.611
 0.000
-0.589
 0.000
-0.567
 0.000
-0.546
 0.000
-0.526
 0.000
-0.506
 0.000
-0.488
 0.000
-0.470
 0.000
-0.452
 0.000
-0.436
 0.000
-0.419
 0.000
-0.404
 0.000
-0.389
 0.000
-0.375
 0.000
-0.361
 0.000
-0.347
 0.000
-0.335
 0.000
-0.322
 0.000
-0.310
 0.000
-0.299
 0.000
-0.288
 0.000
-0.277
 0.000
-0.267
 0.000
-0.257
 0.000
-0.248
 0.000
-0.238
 0.000
-0.230
 0.000
-0.221
 0.000
-0.213
 0.000
-0.205
 0.000
-0.197
 0.000
-0.190
 0.000
-0.183
 0.000
-0.176
 0.000
-0.170
 0.000
-0.164
 0.000
-0.157
 0.000
-0.152
 0.000
-0.146
 0.000
-0.141
 0.000
-0.135
 0.000
-0.130
 0.000
-0.126
 0.000
-0.121
 0.000
-0.117
 0.000
-0.112
 0.000
-0.108
 0.000
-0.104
 0.000
-0.100
 0.000
-0.097
 0.000
-0.093
 0.000
-0.090
 0.000
-0.086
 0.000
-0.083
 0.000
-0.080
 0.000
-0.077
 0.000
-0.074
 0.000
-0.071
 0.000
-0.069
 0.000
-0.066
 0.000
-0.064
 0.000
-0.061
 0.000
-0.059
 0.000
-0.057
 0.000
-0.055
 0.000
-0.053
 0.000
-0.051
 0.000
-0.049
 0.000
-0.047
 0.115
-0.190
 0.000
-0.125
 0.092
-0.135
 0.100
-0.129
 0.105
-0.128
 0.109
-0.126
 0.113
-0.124
 0.117
-0.123
 0.120
-0.121
