 0.352
 0.352
 0.352
 0.353
 0.353
 0.353
 0.353
 0.353
 0.353
 0.354
 0.354
 0.354
 0.354
 0.354
 0.354
 0.354
52.299
 2.187
 1.156
 0.819
 0.660
 0.571
 0.517
 0.482
 0.458
 0.442
 0.431
 0.423
 0.418
 0.415
 0.414
 0.414
 0.415
 0.418
 0.421
 0.426
 0.431
 0.437
 0.445
 0.453
 0.462
 0.473
 0.484
 0.497
 0.511
 0.527
 0.543
 0.562
 0.581
 0.603
 0.626
 0.651
 0.677
 0.706
 0.737
 0.770
 0.805
 0.843
 0.883
 0.925
 0.971
 1.019
 1.070
 1.124
 1.182
 1.243
 1.308
 1.376
 1.449
 1.525
 1.606
 1.691
 1.781
 1.875
 1.975
 2.079
 2.189
 2.305
 2.426
 2.554
 2.687
 2.827
 2.973
 3.125
 3.284
 3.450
 3.623
 3.803
 3.990
 4.184
 4.385
 4.593
 4.807
 5.028
 5.256
 5.490
 5.730
 5.975
 6.225
 6.480
 6.739
 7.001
 7.266
 7.533
 7.802
 8.070
 8.338
 8.605
 8.869
 9.129
 9.384
 9.634
 9.877
10.112
10.339
10.555
10.760
10.953
11.133
11.300
11.453
11.590
11.712
11.818
11.908
11.981
12.038
12.078
12.102
12.110
12.102
12.078
12.039
11.986
11.919
11.839
11.747
11.642
11.527
11.402
11.268
11.126
10.975
10.818
10.655
10.487
10.314
10.138
 9.958
 9.776
 9.592
 9.407
 9.221
 9.035
 8.849
 8.663
 8.479
 8.296
 8.114
 7.935
 7.757
 7.582
 7.410
 7.240
 7.073
 6.909
 6.748
 6.590
 6.435
 6.284
 6.136
 5.991
 5.850
 5.712
 5.577
 5.446
 5.317
 5.192
 5.070
 4.952
 4.836
 4.723
 4.614
 4.507
 4.403
 4.302
 4.204
 4.108
 4.015
 3.925
 3.837
 3.752
 3.668
 3.588
 3.509
 3.432
 3.358
 3.286
 3.216
 3.147
 3.081
 3.016
 2.953
 2.892
 2.833
 2.775
 2.719
 2.664
 2.611
 2.559
 2.509
 2.459
 2.412
 2.365
 2.320
 2.276
 2.233
 2.191
 2.151
 2.111
 2.073
 2.035
 1.999
 1.963
 1.928
 1.894
 1.861
 1.829
 1.798
 1.767
 1.738
 1.708
 1.680
 1.652
 1.626
 1.599
 1.574
 1.548
 1.524
 1.500
 1.477
 1.454
 1.432
 1.410
 1.389
 1.368
 1.348
 1.328
 1.309
 1.290
 1.272
 1.254
 1.236
 1.219
 1.202
 1.186
 1.170
 1.154
 1.138
 1.123
 1.109
 1.094
 1.080
 1.066
 1.053
 1.040
 1.027
 1.014
 1.002
 0.989
 0.978
 0.966
 0.955
 0.943
 0.932
 0.922
 0.911
 0.901
 0.891
 0.881
 0.871
 0.862
 0.852
 0.843
 0.834
 0.825
 0.817
 0.808
 0.800
 0.792
 0.784
 0.776
 0.768
 0.761
 0.753
 0.746
 0.739
 0.732
 0.725
 0.718
 0.712
 0.705
 0.699
 0.692
 0.686
 0.680
 0.674
 0.668
 0.663
 0.657
 0.651
 0.646
 0.640
 0.635
 0.630
 0.625
 0.620
 0.615
 0.610
 0.605
 0.601
 0.596
 0.591
 0.587
 0.582
 0.578
 0.574
 0.570
 0.565
 0.561
 0.557
 0.553
 0.549
 0.546
 0.542
 0.538
 0.534
 0.368
 0.368
 0.367
 0.367
 0.366
 0.366
 0.366
 0.365
 0.365
 0.364
 0.364
 0.364
 0.363
 0.363
 0.362
 0.362
 0.362
 0.361
 0.361
 0.360
 0.360
 0.359
 0.359
 0.359
 0.358
 0.358
 0.357
 0.357
 0.356
 0.356
 0.355
 0.355
 0.355
 0.354
 0.354
 0.353
 0.353
 0.352
 0.352
 0.351
 0.351
 0.350
 0.350
 9.416
 7.738
 6.468
 5.483
 4.705
 4.080
 3.570
 3.149
 2.797
 2.501
 2.249
 2.033
 1.846
 1.684
 1.542
 1.417
 1.307
 1.210
 1.123
 1.045
 0.975
 0.912
 0.855
 0.803
 0.757
 0.714
 0.675
 0.639
 0.607
 0.577
 0.549
 0.524
 0.500
 0.478
 0.458
 0.439
 0.422
 0.405
 0.390
 0.376
 0.362
 0.350
 0.338
 0.327
 0.316
 0.306
 0.297
 0.288
 0.280
 0.272
 0.264
 0.257
 0.250
 0.243
 0.236
 0.230
 0.224
 0.219
 0.213
 0.208
 0.203
 0.198
 0.193
 0.189
 0.184
 0.180
 0.176
 0.171
 0.167
 0.164
 0.160
 0.156
 0.153
 0.149
 0.146
 0.142
 0.139
 0.136
 0.133
 0.130
 0.127
 0.124
 0.121
 0.118
 0.116
 0.113
 0.110
 0.108
 0.105
 0.103
 0.101
 0.098
 0.096
 0.094
 0.092
 0.090
 0.088
 0.086
 0.084
 0.082
 0.080
 0.078
 0.076
 0.075
 0.073
 0.071
 0.070
 0.068
 0.067
 0.065
 0.064
 0.062
 0.061
 0.060
 0.058
 0.057
 0.056
 0.055
 0.053
 0.052
 0.051
 0.050
 0.049
 0.048
 0.047
 0.046
 0.045
 0.044
 0.043
 0.043
 0.042
 0.041
 0.040
 0.039
 0.039
 0.038
 0.037
 0.037
 0.036
 0.035
 0.035
 0.034
 0.034
 0.033
 0.033
 0.032
 0.032
 0.031
 0.031
 0.030
 0.030
 0.029
 0.029
 0.029
 0.028
 0.028
 0.028
 0.027
 0.027
 0.027
 0.026
 0.026
 0.026
 0.025
 0.025
 0.025
 0.025
 0.025
 0.024
 0.024
 0.024
 0.024
 0.023
 0.023
 0.023
 0.023
 0.023
 0.023
 0.022
 0.022
 0.022
 0.022
 0.022
 0.022
 0.021
 0.021
 0.021
 0.021
 0.021
 0.021
 0.021
 0.021
 0.021
 0.020
 0.020
 0.020
 0.020
 0.020
 0.020
 0.020
 0.020
 0.020
 0.020
 0.019
 0.019
 0.019
 0.019
 0.019
 0.019
 0.019
 0.019
 0.019
 0.019
 0.019
 0.019
 0.019
 0.019
 0.018
 0.018
 0.017
 0.017
 0.017
 0.017
 0.017
 0.017
 0.017
 0.017
 0.017
 0.017
 0.017
 0.017
 0.017
 0.018
 0.018
 0.018
 0.018
 0.018
 0.018
 0.018
 0.018
 0.018
 0.018
 0.018
 0.018
 0.017
 0.017
 0.017
 0.017
 0.017
 0.017
 0.017
 0.017
 0.017
 0.017
 0.017
 0.017
 0.017
 0.017
 0.017
 0.017
 0.017
 0.017
 0.017
 0.017
 0.017
 0.017
 0.017
 0.017
 0.017
 0.017
 0.017
 0.017
 0.017
 0.017
 0.017
 0.016
 0.016
 0.016
 0.016
 0.016
 0.016
 0.016
 0.016
 0.016
 0.016
 0.016
 0.016
 0.016
 0.016
 0.016
 0.016
 0.016
 0.016
 0.016
 0.016
 0.016
 0.016
 0.016
 0.016
 0.015
 0.015
 0.015
 0.015
 0.015
 0.015
 0.015
 0.015
 0.015
 0.015
 0.015
 0.015
 0.015
 0.015
 0.015
 0.015
 0.015
 0.015
 0.015
 0.015
 0.015
 0.015
 0.015
 0.015
 0.015
 0.015
 0.014
 0.014
 0.014
 0.014
 0.014
 0.014
 0.014
 0.014
 0.014
 0.014
 0.014
 0.014
 0.014
 0.014
 0.014
 0.014
 0.014
 0.014
 0.014
 0.014
 0.014
 0.014
 0.014
 0.014
 0.014
 0.014
 0.014
 0.014
 0.013
 0.013
 0.013
 0.013
 0.013
 0.013
 0.013
 0.013
 0.013
 0.013
 0.013
 0.013
 0.013
 0.013
 0.013
 0.013
 0.013
 0.013
 0.013
 0.013
 0.013
 0.013
 0.013
 0.013
 0.013
 0.013
 0.013
 0.013
 0.013
 0.013
 0.013
 0.012
 0.012
 0.012
 0.012
 0.012
 0.012
 0.373
 0.678
 0.680
 0.215
 0.374
 0.373
 0.373
 0.373
 0.372
 0.372
 0.371
 0.371
 0.371
 0.370
 0.370
 0.369
 0.369
 0.368
 0.368
 0.367
 0.366
 0.366
 0.347
 0.167
 0.044
 0.184
 0.266
 0.324
 0.369
 0.403
 0.425
 0.437
 0.443
 0.444
 0.442
 0.436
 0.428
 0.419
 0.409
 0.398
 0.386
 0.375
 0.363
 0.351
 0.339
 0.328
 0.316
 0.305
 0.294
 0.284
 0.274
 0.264
 0.254
 0.245
 0.236
 0.227
 0.219
 0.211
 0.203
 0.196
 0.189
 0.182
 0.175
 0.168
 0.162
 0.156
 0.150
 0.145
 0.140
 0.134
 0.129
 0.125
 0.120
 0.116
 0.111
 0.107
 0.103
 0.099
 0.096
 0.092
 0.089
 0.086
 0.082
 0.079
 0.076
 0.074
 0.071
 0.068
 0.066
 0.063
 0.061
 0.059
 0.056
 0.054
 0.052
 0.050
 0.049
 0.047
 0.045
 0.043
 0.042
 0.040
 0.039
 0.037
 0.036
 0.035
 0.033
 0.032
 0.031
 0.030
 0.029
 0.028
 0.027
 0.026
 0.025
 0.024
 0.023
 0.022
 0.021
 0.020
 0.020
 0.019
 0.018
 0.018
 0.017
 0.016
 0.016
 0.015
 0.015
 0.014
 0.013
 0.013
 0.013
 0.012
 0.012
 0.011
 0.011
 0.010
 0.010
 0.010
 0.009
 0.009
 0.009
 0.008
 0.008
 0.008
 0.007
 0.007
 0.007
 0.007
 0.006
 0.006
 0.006
 0.006
 0.005
 0.005
 0.005
 0.005
 0.005
 0.005
 0.004
 0.004
 0.004
 0.004
 0.004
 0.004
 0.003
 0.003
 0.003
 0.003
 0.003
 0.003
 0.003
 0.003
 0.003
 0.002
 0.002
 0.002
 0.002
 0.002
 0.002
 0.002
 0.002
 0.002
 0.002
 0.002
 0.002
 0.002
 0.002
 0.001
 0.001
 0.001
 0.001
 0.001
 0.001
 0.001
 0.001
 0.001
 0.001
 0.001
 0.001
 0.001
 0.001
 0.001
 0.001
 0.001
 0.001
 0.001
 0.001
 0.001
 0.001
 0.001
 0.001
 0.001
 0.001
 0.001
 0.001
 0.001
 0.000
 0.000
 0.000
 0.000
 0.000
 0.000
 0.000
 0.000
 0.000
 0.059
 0.027
 0.132
 0.117
 0.272
 0.278
 0.291
 0.302
 0.313
 0.324
