6000.000
6000.447
6000.895
6001.344
6001.793
6002.243
6002.694
6003.145
6003.597
6004.050
6004.503
6004.957
6005.412
6005.867
6006.323
6006.780
5973.110
5938.254
5930.633
5925.952
5922.481
5919.664
5917.249
5915.101
5913.139
5911.308
5909.571
5907.901
5906.276
5904.682
5903.103
5901.528
5899.949
5898.356
5896.742
5895.099
5893.422
5891.702
5889.935
5888.114
5886.233
5884.287
5882.269
5880.173
5877.993
5875.723
5873.355
5870.884
5868.301
5865.601
5862.774
5859.813
5856.710
5853.456
5850.041
5846.457
5842.692
5838.737
5834.580
5830.209
5825.613
5820.778
5815.691
5810.337
5804.703
5798.772
5792.527
5785.953
5779.030
5771.741
5764.065
5755.982
5747.471
5738.509
5729.074
5719.140
5708.684
5697.679
5686.099
5673.915
5661.099
5647.622
5633.454
5618.563
5602.918
5586.486
5569.236
5551.133
5532.145
5512.238
5491.379
5469.534
5446.671
5422.757
5397.761
5371.654
5344.405
5315.987
5286.376
5255.548
5223.482
5190.161
5155.569
5119.695
5082.533
5044.077
5004.329
4963.294
4920.983
4877.409
4832.593
4786.560
4739.341
4690.970
4641.489
4590.943
4539.382
4486.863
4433.444
4379.190
4324.167
4268.446
4212.100
4155.205
4097.839
4040.079
3982.006
3923.698
3865.236
3806.698
3748.161
3689.701
3631.390
3573.300
3515.499
3458.051
3401.019
3344.460
3288.427
3232.973
3178.141
3123.977
3070.516
3017.795
2965.844
2914.690
2864.356
2814.863
2766.226
2718.459
2671.573
2625.575
2580.470
2536.261
2492.947
2450.528
2408.998
2368.354
2328.587
2289.689
2251.651
2214.461
2178.108
2142.580
2107.862
2073.941
2040.803
2008.432
1976.813
1945.930
1915.769
1886.313
1857.546
1829.452
1802.015
1775.220
1749.051
1723.492
1698.528
1674.144
1650.325
1627.056
1604.323
1582.111
1560.408
1539.198
1518.469
1498.208
1478.403
1459.040
1440.108
1421.594
1403.488
1385.779
1368.455
1351.506
1334.921
1318.691
1302.806
1287.256
1272.033
1257.127
1242.529
1228.232
1214.227
1200.507
1187.063
1173.888
1160.976
1148.318
1135.909
1123.741
1111.809
1100.105
1088.625
1077.362
1066.311
1055.465
1044.821
1034.372
1024.114
1014.042
1004.151
994.437
984.894
975.520
966.309
957.258
948.363
939.620
931.026
922.575
914.267
906.096
898.060
890.155
882.378
874.727
867.199
859.790
852.498
845.320
838.253
831.296
824.446
817.700
811.056
804.511
798.065
791.713
785.455
779.289
773.212
767.222
761.318
755.498
749.760
744.103
738.524
733.022
727.596
722.245
716.965
711.757
706.619
701.549
696.546
691.608
686.736
681.926
677.178
672.491
667.864
663.296
658.784
654.330
649.930
645.585
641.294
637.054
632.866
628.729
624.642
620.603
616.612
612.668
608.771
604.919
601.111
597.348
593.628
589.950
586.315
582.720
579.166
575.651
572.176
568.739
565.340
561.979
558.654
555.365
552.112
548.894
545.710
542.560
539.444
536.361
533.310
530.291
527.303
524.347
521.421
518.525
515.659
512.822
510.014
507.235
504.483
501.760
499.063
496.394
493.750
491.133
488.542
485.977
483.436
480.920
478.429
475.962
473.518
471.098
468.701
466.328
463.976
461.647
459.341
457.496
457.339
457.188
457.043
456.902
456.767
456.637
456.512
456.392
456.277
456.166
456.061
455.960
455.863
455.772
455.685
455.602
455.523
455.449
455.379
455.313
455.252
455.194
455.140
455.090
455.043
455.000
454.961
454.925
454.893
454.864
454.838
454.816
454.796
454.780
454.766
454.755
454.747
454.742
454.739
454.738
454.740
454.744
440.852
399.015
364.355
335.194
310.339
288.917
270.275
253.917
239.457
226.592
215.081
204.727
195.371
186.882
179.152
172.088
165.614
159.664
154.181
149.118
144.433
140.090
136.056
132.304
128.809
125.550
122.507
119.664
117.004
114.513
112.180
109.993
107.942
106.016
104.209
102.511
100.917
99.418
98.010
96.687
95.442
94.272
93.173
92.139
91.166
90.253
89.393
88.586
87.827
87.114
86.444
85.814
85.222
84.666
84.144
83.654
83.194
82.761
82.355
81.974
81.615
81.279
80.962
80.665
80.386
80.123
79.876
79.644
79.425
79.218
79.024
78.840
78.666
78.502
78.347
78.199
78.059
77.926
77.799
77.678
77.562
77.451
77.345
77.242
77.144
77.048
76.955
76.865
76.778
76.692
76.609
76.527
76.446
76.367
76.289
76.212
76.135
76.059
75.983
75.908
75.833
75.758
75.683
75.608
75.533
75.458
75.383
75.307
75.231
75.154
75.077
75.000
74.922
74.843
74.764
74.685
74.605
74.524
74.442
74.361
74.278
74.195
74.111
74.027
73.942
73.857
73.771
73.684
73.597
73.510
73.422
73.333
73.244
73.154
73.064
72.974
72.883
72.792
72.700
72.608
72.515
72.423
72.329
72.236
72.142
72.048
71.954
71.859
71.765
71.670
71.575
71.479
71.384
71.288
71.192
71.096
71.000
70.904
70.807
70.711
70.615
70.518
70.422
70.325
70.228
70.132
70.035
69.939
69.842
69.746
69.649
69.553
69.456
69.360
69.264
69.168
69.071
68.975
68.880
68.784
68.688
68.593
68.497
68.402
68.307
68.212
68.117
68.022
67.928
67.833
67.739
67.645
67.551
67.457
67.364
67.270
67.177
67.084
66.991
66.899
66.806
66.714
66.622
66.530
66.439
66.347
66.256
66.165
66.074
65.984
65.893
65.803
65.713
65.624
65.534
65.445
65.356
65.267
65.178
65.095
65.014
64.932
64.850
64.767
64.684
64.601
64.517
64.433
64.349
64.265
64.180
64.095
64.010
63.925
63.840
63.754
63.669
63.584
63.498
63.413
63.327
63.242
63.156
63.071
62.985
62.900
62.815
62.729
62.644
62.559
62.474
62.389
62.305
62.220
62.136
62.051
61.967
61.883
61.799
61.715
61.632
61.548
61.465
61.382
61.299
61.216
61.134
61.051
60.969
60.887
60.805
60.724
60.642
60.561
60.480
60.399
60.318
60.238
60.158
60.078
59.998
59.918
59.839
59.759
59.680
59.601
59.523
59.444
59.366
59.288
59.210
59.132
59.055
58.977
58.900
58.823
58.747
58.670
58.594
58.518
58.442
58.366
58.291
58.216
58.141
58.066
57.991
57.916
57.842
57.768
57.694
57.620
57.547
57.473
57.400
57.327
57.255
57.182
57.110
57.037
56.965
56.894
56.822
56.750
56.679
56.608
56.537
56.466
56.396
56.326
56.255
56.185
56.116
56.046
55.976
55.907
55.838
55.769
55.700
55.632
55.563
55.495
55.427
55.359
55.292
55.224
55.157
55.089
55.022
54.956
54.889
54.822
54.756
54.690
54.624
54.558
54.492
54.427
54.361
54.296
54.231
54.166
54.101
54.037
53.972
53.908
53.844
53.780
53.716
53.653
53.589
53.526
53.463
53.400
53.337
53.274
53.212
53.149
53.087
53.025
52.963
52.901
52.840
52.778
52.717
52.656
52.595
52.534
52.473
52.412
53.001
52.245
48.910
45.873
47.418
49.251
51.081
52.910
54.738
56.563
58.386
60.207
62.026
63.843
65.657
67.469
69.279
71.086
72.890
74.692
76.491
78.287
80.066
81.356
81.624
81.020
79.896
78.442
76.734
74.832
72.795
70.677
68.516
66.337
64.164
62.011
59.890
57.811
55.780
53.801
51.877
50.010
48.201
46.451
44.758
43.123
41.544
40.019
38.549
37.131
35.764
34.446
33.176
31.952
30.773
29.637
28.542
27.488
26.472
25.494
24.552
23.644
22.770
21.929
21.118
20.337
19.585
18.861
18.164
17.492
16.846
16.223
15.623
15.045
14.489
13.953
13.437
12.941
12.462
12.001
11.558
11.130
10.719
10.322
 9.941
 9.573
 9.219
 8.878
 8.550
 8.234
 7.929
 7.636
 7.354
 7.082
 6.820
 6.568
 6.325
 6.091
 5.866
 5.649
 5.440
 5.239
 5.045
 4.859
 4.679
 4.506
 4.340
 4.179
 4.025
 3.876
 3.733
 3.595
 3.462
 3.334
 3.210
 3.092
 2.977
 2.867
 2.761
 2.659
 2.561
 2.466
 2.375
 2.287
 2.203
 2.121
 2.043
 1.967
 1.894
 1.824
 1.757
 1.692
 1.629
 1.569
 1.511
 1.455
 1.401
 1.350
 1.300
 1.252
 1.205
 1.161
 1.118
 1.077
 1.037
 0.998
 0.962
 0.926
 0.892
 0.859
 0.827
 0.796
 0.767
 0.739
 0.711
 0.685
 0.660
 0.635
 0.612
 0.589
 0.567
 0.546
 0.526
 0.507
 0.488
 0.470
 0.453
 0.436
 0.420
 0.404
 0.389
 0.375
 0.361
 0.348
 0.335
 0.322
 0.311
 0.299
 0.288
 0.277
 0.267
 0.257
 0.248
 0.239
 0.230
 0.221
 0.213
 0.205
 0.198
 0.190
 0.183
 0.176
 0.170
 0.164
 0.158
 0.152
 0.146
 0.141
 0.136
 0.131
 0.126
 0.121
 0.117
 0.112
 0.108
 0.104
 0.100
 0.097
 0.093
 0.090
 0.086
 0.083
 0.080
 0.077
 0.074
 0.071
 0.069
 0.066
 0.064
 0.061
 0.059
 0.057
 0.055
 0.053
 0.051
 0.049
 0.047
 0.051
 0.149
 0.167
 0.168
 0.169
 0.166
 0.168
 0.169
 0.171
 0.172
