 0.000
125000.000
2897.778
124223.112
5795.555
123445.359
8693.333
122666.743
11591.111
121887.262
14488.888
121106.915
17386.666
120325.703
20284.444
119543.626
23182.221
118760.682
26079.999
117976.871
28977.777
117192.194
31875.554
116406.649
34773.332
115620.236
37671.109
114832.955
40568.887
114044.806
43466.665
113255.787
46363.971
112466.135
49234.507
111688.965
52098.570
110914.145
54959.739
110139.895
57818.871
109365.787
60676.372
108591.619
63532.479
107817.275
66387.340
107042.680
69241.056
106267.782
72093.701
105492.546
74945.323
104716.947
77795.960
103940.967
80645.636
103164.592
83494.369
102387.814
86342.170
101610.629
89189.041
100833.032
92034.983
100055.026
94879.992
99276.611
97724.059
98497.791
100567.173
97718.573
103409.319
96938.963
106250.480
96158.971
109090.635
95378.606
111929.760
94597.880
114767.830
93816.805
117604.816
93035.397
120440.687
92253.671
123275.408
91471.644
126108.942
90689.335
128941.250
89906.763
131772.289
89123.950
134602.013
88340.919
137430.372
87557.695
140257.315
86774.304
143082.786
85990.774
145906.726
85207.135
148729.071
84423.419
151549.755
83639.660
154368.707
82855.893
157185.851
82072.156
160001.109
81288.490
162814.395
80504.938
165625.620
79721.544
168434.691
78938.356
171241.506
78155.426
174045.961
77372.806
176847.943
76590.554
179647.336
75808.728
182444.014
75027.392
185237.846
74246.613
188028.693
73466.461
190816.409
72687.009
193600.841
71908.337
196381.824
71130.526
199159.189
70353.664
201932.755
69577.841
204702.331
68803.154
207467.719
68029.704
210228.707
67257.596
212985.076
66486.943
215736.591
65717.862
218483.011
64950.476
221224.079
64184.913
223959.527
63421.308
226689.073
62659.804
229412.424
61900.546
232129.270
61143.691
234839.290
60389.399
237542.147
59637.837
240237.490
58889.182
242924.953
58143.614
245604.154
57401.323
248274.696
56662.506
250936.168
55927.365
253588.141
55196.110
256230.173
54468.960
258861.804
53746.137
261482.561
53027.873
264091.955
52314.404
266689.482
51605.972
269274.624
50902.827
271846.852
50205.221
274405.621
49513.413
276950.376
48827.664
279480.551
48148.240
281995.570
47475.409
284494.848
46809.440
286977.795
46150.604
289443.814
45499.172
291892.306
44855.412
294322.667
44219.593
296734.298
43591.979
299126.597
42972.829
301498.971
42362.397
303850.831
41760.932
306181.598
41168.671
308490.704
40585.847
310777.595
40012.677
313041.733
39449.371
315282.598
38896.123
317499.692
38353.117
319692.540
37820.517
321860.690
37298.476
324003.720
36787.128
326121.235
36286.591
328212.871
35796.964
330278.298
35318.329
332317.218
34850.748
334329.367
34394.266
336314.517
33948.908
338272.476
33514.681
340203.089
33091.571
342106.238
32679.550
343981.839
32278.568
345829.846
31888.560
347650.248
31509.444
349443.069
31141.123
351208.366
30783.484
352946.231
30436.398
354656.785
30099.727
356340.181
29773.319
357996.598
29457.008
359626.245
29150.623
361229.355
28853.980
362806.183
28566.888
364357.010
28289.151
365882.133
28020.564
367381.869
27760.918
368856.551
27510.001
370306.528
27267.596
371732.160
27033.486
373133.820
26807.451
374511.891
26589.269
375866.763
26378.720
377198.834
26175.584
378508.508
25979.642
379796.190
25790.676
381062.292
25608.472
382307.225
25432.816
383531.402
25263.499
384735.237
25100.315
385919.140
24943.060
387083.520
24791.537
388228.786
24645.551
389355.340
24504.910
390463.582
24369.430
391553.907
24238.927
392626.706
24113.226
393682.362
23992.154
394721.256
23875.543
395743.759
23763.231
396750.240
23655.059
397741.057
23550.874
398716.565
23450.526
399677.109
23353.871
400623.029
23260.770
401554.659
23171.087
402472.322
23084.692
403376.338
23001.456
404267.017
22921.259
405144.663
22843.981
406009.573
22769.509
406862.037
22697.731
407702.337
22628.540
408530.750
22561.835
409347.544
22497.515
410152.981
22435.485
410947.318
22375.652
411730.803
22317.927
412503.680
22262.223
413266.184
22208.457
414018.545
22156.550
414760.989
22106.424
415493.733
22058.004
416216.991
22011.219
416930.969
21965.999
417635.868
21922.278
418331.885
21879.992
419019.211
21839.077
419698.031
21799.474
420368.527
21761.126
421030.875
21723.976
421685.245
21687.971
422331.805
21653.060
422970.716
21619.192
423602.138
21586.318
424226.223
21554.394
424843.122
21523.373
425452.979
21493.212
426055.938
21463.870
426652.135
21435.307
427241.705
21407.483
427824.780
21380.360
428401.487
21353.904
428971.949
21328.079
429536.288
21302.850
430094.621
21278.186
430647.064
21254.055
431193.727
21230.426
431734.719
21207.271
432270.147
21184.560
432800.114
21162.266
433324.720
21140.364
433844.064
21118.827
434358.241
21097.630
434867.345
21076.750
435371.465
21056.164
435870.692
21035.848
436365.110
21015.782
436854.805
20995.945
437339.859
20976.316
437820.351
20956.876
438296.360
20937.606
438767.963
20918.487
439235.233
20899.503
439698.243
20880.635
440157.064
20861.867
440611.765
20843.183
441062.414
20824.568
441509.076
20806.006
441951.817
20787.483
442390.699
20768.985
442825.783
20750.498
443257.129
20732.009
443684.795
20713.504
444108.840
20694.973
444529.319
20676.401
444946.286
20657.779
445359.796
20639.094
445769.899
20620.336
446176.647
20601.493
446580.091
20582.557
446980.278
20563.516
447377.257
20544.361
447771.073
20525.082
448161.774
20505.671
448549.402
20486.119
448934.003
20466.417
449315.618
20446.557
449694.289
20426.531
450070.057
20406.330
450442.963
20385.948
450813.045
20365.378
451180.342
20344.611
451544.891
20323.642
451906.729
20302.462
452265.891
20281.067
452622.414
20259.450
452976.332
20237.604
453327.678
20215.524
453676.485
20193.204
454022.787
20170.638
454366.614
20147.821
454707.997
20124.748
455046.969
20101.413
455383.557
20077.812
455717.792
20053.941
456049.702
20029.793
456379.316
20005.366
456706.661
19980.653
457031.763
19955.653
457354.651
19930.359
457675.349
19904.769
457993.883
19878.878
458310.279
19852.683
458624.560
19826.180
458936.751
19799.366
459246.876
19772.237
459554.957
19744.790
459861.018
19717.022
460165.081
19688.930
460467.168
19660.511
460767.300
19631.762
461065.498
19602.680
461361.783
19573.263
461656.176
19543.507
461948.697
19513.411
462239.364
19482.973
462528.198
19452.189
462815.217
19421.057
463100.441
19389.576
463383.886
19357.744
463665.571
19325.558
463945.514
19293.016
464223.733
19260.116
464500.243
19226.858
464775.062
19193.238
465048.206
19159.256
465319.692
19124.910
465589.534
19090.198
465857.750
19055.119
466124.353
19019.671
466389.360
18983.853
466652.784
18947.665
466914.642
18911.104
467174.945
18874.169
467433.710
18836.860
467690.950
18799.176
467946.678
18761.115
468200.907
18722.676
468453.652
18683.859
468704.924
18644.663
468954.737
18605.087
469203.103
18565.130
469450.035
18524.792
469695.544
18484.072
469939.642
18442.970
470182.342
18401.484
470423.654
18359.615
470663.591
18317.362
470902.163
18274.724
471139.381
18231.702
471375.257
18188.295
471609.800
18144.502
471843.021
18100.324
472074.931
18055.760
472305.540
18010.811
472534.858
17965.475
472762.895
17919.754
472989.660
17873.647
473215.163
17827.153
473439.434
17780.263
473663.134
17732.660
473886.570
17684.195
474109.741
17634.870
474332.647
17584.684
474555.288
17533.641
474777.662
17481.740
474999.769
17428.983
475221.608
17375.371
475443.179
17320.906
475664.481
17265.589
475885.512
17209.421
476106.273
17152.404
476326.761
17094.538
476546.977
17035.826
476766.920
16976.268
476986.588
16915.865
477205.981
16854.620
477425.097
16792.534
477643.936
16729.607
477862.497
16665.842
478080.779
16601.239
478298.781
16535.801
478516.501
16469.529
478733.938
16402.424
478951.092
16334.487
479167.961
16265.721
479384.545
16196.127
479600.841
16125.705
479816.849
16054.459
480032.568
15982.390
480247.996
15909.498
480463.131
15835.787
480677.974
15761.256
480892.522
15685.909
481106.773
15609.747
481320.728
15532.771
481534.383
15454.984
481747.739
15376.387
481960.792
15296.981
482173.542
15216.769
482385.988
15135.753
482598.128
15053.934
482809.015
14971.684
483004.014
14894.757
483180.998
14824.058
483342.915
14758.497
483492.044
14697.229
483630.186
14639.589
483758.789
14585.040
483879.030
14533.146
483991.883
14483.549
484098.161
14435.948
484198.549
14390.090
484293.630
14345.760
484383.903
14302.774
484469.801
14260.973
484551.700
14220.219
484629.929
14180.391
484704.777
14141.384
484776.499
14103.104
484845.323
14065.469
484911.453
14028.404
484975.069
13991.846
485036.335
13955.734
485095.398
13920.016
485152.392
13884.644
485207.439
13849.577
485260.648
13814.774
485312.120
13780.202
485361.949
13745.828
485410.217
13711.623
485457.004
13677.562
485502.381
13643.620
485546.414
13609.775
485589.166
13576.009
485630.692
13542.303
485671.046
13508.640
485710.277
13475.006
485748.431
13441.387
485785.551
13407.770
485821.677
13374.145
485856.846
13340.501
485891.095
13306.830
485924.456
13273.122
485956.960
13239.370
485988.637
13205.568
486019.514
13171.710
486049.618
13137.790
486078.974
13103.804
486107.604
13069.748
486135.532
13035.617
486162.779
13001.409
486189.365
12967.121
486215.308
12932.751
486240.628
12898.296
486265.342
12863.757
486289.466
12829.131
486313.017
12794.418
486336.010
12759.617
486358.459
12724.728
486380.379
12689.752
486401.783
12654.688
486422.685
12619.536
486443.096
12584.299
486463.030
12548.976
486482.497
12513.569
486501.509
12478.078
486520.077
12442.506
486538.211
12406.854
486555.922
12371.124
486573.220
12335.317
486590.113
12299.434
486606.613
12263.480
486622.726
12227.454
486638.463
12191.359
486653.833
12155.198
486668.842
12118.973
486683.499
12082.685
486697.813
12046.338
486711.791
12009.933
486725.440
11973.473
486738.768
11936.961
486751.782
11900.398
486764.488
11863.787
486776.895
11827.131
486789.007
11790.431
486800.832
11753.691
486812.377
11716.913
486823.647
11680.099
486834.648
11643.251
486845.387
11606.372
486855.868
11569.464
486866.099
11532.530
486876.084
11495.571
486885.829
11458.590
486895.339
11421.589
486904.619
11384.571
486913.675
11347.537
486922.512
11310.490
486931.134
11273.431
486939.546
11236.363
486947.754
11199.288
486955.760
11162.207
486963.571
11125.123
486971.190
11088.037
486978.623
11050.952
486985.872
11013.868
486992.942
10976.788
486999.838
10939.714
487006.563
10902.647
487013.121
10865.588
487019.516
10828.540
487025.752
10791.503
487031.832
10754.480
487037.760
10717.471
487043.540
10680.479
487049.175
10643.504
487054.668
10606.548
487060.023
10569.611
487065.242
10532.696
487070.330
10495.804
487075.288
10458.935
487080.121
10422.091
487084.831
10385.273
487089.421
10348.481
487093.894
10311.718
487098.253
10274.983
487102.500
10238.278
487106.638
10201.604
487110.670
10164.961
487114.598
10128.351
487118.425
10091.774
487122.152
10055.231
487125.784
10018.722
487129.321
9982.249
487132.767
9945.812
487136.122
9909.412
487139.391
9873.049
487142.574
9836.724
487145.674
9800.437
487148.693
9764.190
487151.633
9727.982
487154.495
9691.814
487157.282
9655.687
487159.996
9619.601
487162.638
9583.556
487165.210
9547.554
487167.715
9511.593
487170.152
9475.675
487172.525
9439.800
487174.835
9403.968
487177.084
9368.180
487179.272
9332.436
487181.402
9296.736
487183.475
9261.081
487185.493
9225.470
487187.456
9189.904
487189.366
9154.384
487191.225
9118.908
487193.034
9083.478
487194.795
9048.094
487196.507
9012.756
487198.173
8977.464
487199.794
8942.218
487201.371
8907.018
487202.905
8871.865
487204.398
8836.759
487205.849
8801.698
487207.261
8766.685
487208.634
8731.719
487209.970
8696.799
487211.269
8661.926
487212.533
8627.100
487213.761
8592.322
487214.956
8557.590
487216.118
8522.905
487217.248
8488.268
487218.346
8453.677
487219.414
8419.134
487220.453
8384.638
487221.463
8350.189
487222.444
8315.787
487223.398
8281.432
487224.326
8247.125
487225.228
8212.864
487226.104
8178.651
487226.956
8144.484
487227.784
8110.365
487228.589
8076.292
487229.371
8042.266
487230.132
8008.287
487230.870
7974.355
487231.588
7940.470
487232.286
7906.631
487232.964
7872.839
487233.623
7839.093
487234.263
7805.394
487234.885
7771.741
487235.489
7738.135
487236.076
7704.574
487236.646
7671.060
487237.200
7637.592
487237.738
7604.170
487238.261
7570.794
487238.768
7537.464
487239.261
7504.180
487239.740
7470.941
487240.206
7437.748
487240.657
7404.600
487241.096
7371.497
487241.522
7338.440
487241.936
7305.428
487242.338
7272.462
487242.728
7239.540
487243.107
7206.663
487243.474
7173.831
487243.831
7141.043
487244.178
7108.300
487244.515
7075.602
487244.841
7042.948
487245.159
7010.338
487245.466
6977.772
487245.765
6945.246
487246.056
6912.760
487246.337
6880.316
487246.611
6847.913
487246.876
6815.551
487247.133
6783.231
487247.383
6750.952
487247.626
6718.716
487247.861
6686.521
487248.090
6654.368
487248.311
6622.258
487248.527
6590.190
487248.735
6558.164
487248.938
6526.181
487249.134
6494.241
487249.325
6462.343
487249.510
6430.487
487249.689
6398.675
487249.863
6366.905
487250.032
6335.178
487250.195
6303.493
487250.354
6271.851
487250.508
6240.252
487250.657
6208.696
487250.802
6177.183
487250.943
6145.712
487251.079
6114.283
487251.211
6082.898
487251.339
6051.555
487251.463
6020.254
487251.583
5988.996
487251.700
5957.780
487251.813
5926.607
487251.923
5895.476
487252.029
5864.387
487252.132
5833.341
487252.232
5802.336
487252.329
5771.374
487252.423
5740.453
487252.514
5709.575
487252.602
5678.738
487252.687
5647.943
487252.770
5617.190
487252.850
5586.478
487252.928
5555.808
487253.003
5525.179
487253.076
5494.592
487253.147
5464.046
487253.215
5433.541
487253.282
5403.077
487253.346
5372.654
487253.408
5342.271
487253.469
5311.930
487253.527
5281.629
487253.584
5251.369
487253.638
5221.149
487253.692
5190.970
487253.743
5160.831
487253.793
5130.732
487253.841
5100.673
487253.888
5070.654
487253.933
5040.675
487253.977
5010.736
487254.019
4980.837
487254.060
4950.977
487254.100
4921.157
487254.138
4891.376
487254.176
4861.634
487254.212
4831.932
487254.247
4802.268
487254.280
4772.644
487254.313
4743.058
487254.345
4713.512
487254.375
4684.004
487254.405
4654.534
487254.434
4625.103
487254.461
4595.711
487254.488
4566.356
487254.514
4537.040
487254.539
4507.762
487254.564
4478.522
487254.587
4449.320
487254.610
4420.156
487254.632
4391.029
487254.654
4361.940
487254.674
4332.889
487254.694
4303.875
487254.713
4274.898
487254.732
4245.958
487254.750
4217.056
487254.768
4188.190
487254.785
4159.362
487254.801
4130.570
487254.817
4101.815
487254.832
4073.096
487254.847
4044.415
487254.861
4015.769
487254.875
3987.160
487254.888
3958.587
487254.901
3930.050
487254.914
3901.550
487254.926
3873.085
487254.938
3844.656
487254.949
3816.263
487254.960
3787.906
487254.970
3759.584
487254.980
3731.298
487254.990
3703.047
487255.000
3674.831
487255.009
3646.651
487255.018
3618.506
487255.027
3590.395
487255.035
3562.320
487255.043
3534.280
487255.051
3506.274
487255.058
3478.303
487255.065
3450.367
487255.072
3422.465
487255.079
3394.598
487255.086
3366.765
487255.092
3338.966
487255.098
3311.201
487255.104
3283.471
487255.110
3255.774
487255.115
3228.112
487255.120
3200.483
487255.126
3172.888
487255.131
3145.326
487255.135
3117.798
487255.140
3090.304
487255.144
3062.843
487255.149
3035.415
487255.153
3008.020
487255.157
2980.659
487255.161
2953.331
487255.164
2926.035
487255.168
2898.773
487255.172
2871.543
487255.175
2844.346
487255.178
2817.182
487255.181
2790.050
487255.184
2762.951
487255.187
2735.884
487255.190
2708.849
487255.193
2681.847
487255.195
2654.877
487255.198
2627.939
487255.200
2601.033
487255.203
2574.159
487255.205
2547.316
487255.207
2520.506
487255.209
2493.727
487255.211
2466.980
487255.213
2440.264
487255.215
2413.580
487255.217
2386.927
487255.219
2360.306
487255.221
2333.715
487255.222
2307.156
487255.224
2280.628
487255.225
2254.131
487255.227
2227.665
487255.228
2201.230
487255.230
2174.825
487255.231
2148.451
487255.232
2122.108
487255.233
2095.796
487255.235
2069.514
487255.236
2043.262
487255.237
2017.041
487255.238
1990.794
487255.239
1964.173
487255.240
1938.884
487255.241
1915.251
487255.242
1891.986
487255.243
1867.819
487255.243
1842.736
487255.244
1816.738
487255.245
1789.826
487255.246
1762.001
487255.247
1733.263
487255.247
1703.615
487255.248
1673.057
487255.249
1641.589
487255.250
1609.214
487255.251
1575.933
487255.251
1541.745
487255.252
1506.654
487255.253
1470.660
487255.254
1433.764
487255.255
1395.968
487255.255
1357.273
487255.256
1317.682
487255.257
1277.289
487255.258
1236.501
487255.259
1195.811
487255.259
1155.566
487255.260
1115.970
487255.261
1077.166
487255.261
1039.268
487255.262
1002.357
487255.263
966.486
487255.263
931.687
487255.264
897.973
487255.264
865.349
487255.265
833.806
487255.265
803.333
487255.266
773.909
487255.266
745.514
487255.266
718.121
487255.267
691.704
487255.267
666.234
487255.267
641.684
487255.268
618.023
487255.268
595.223
487255.268
573.255
487255.268
552.091
487255.268
531.703
487255.269
512.063
487255.269
493.145
487255.269
474.923
487255.269
457.373
487255.269
440.469
487255.269
424.189
487255.269
408.510
487255.269
393.409
487255.270
378.866
487255.270
364.860
487255.270
351.372
487255.270
338.382
487255.270
325.872
487255.270
313.824
487255.270
302.222
487255.270
291.049
487255.270
280.288
487255.270
269.926
487255.270
259.946
487255.270
250.336
487255.270
241.080
487255.270
232.167
487255.270
223.584
487255.270
215.318
487255.270
207.357
487255.270
199.691
487255.270
192.308
487255.270
185.199
487255.270
178.352
487255.270
171.758
487255.270
165.408
487255.270
159.293
487255.270
153.404
487255.270
147.733
487255.270
142.271
487255.270
137.011
487255.270
131.946
487255.270
127.068
487255.270
122.371
487255.270
117.847
487255.270
113.490
487255.270
109.295
487255.270
105.255
487255.270
101.364
487255.270
97.617
487255.270
94.008
487255.270
90.533
487255.270
87.186
487255.270
83.963
487255.270
80.860
487255.270
77.871
487255.270
74.992
487255.270
72.220
487255.270
69.550
487255.270
66.980
487255.270
64.504
487255.270
62.120
487255.270
59.823
487255.270
57.612
487255.270
55.483
487255.270
53.432
487255.270
51.457
487255.270
49.555
487255.270
47.724
487255.270
45.960
487255.270
44.261
487255.270
42.626
487255.270
41.050
487255.270
39.533
487255.270
38.072
487255.270
36.665
487255.270
35.310
487255.270
34.005
487255.270
32.749
487255.270
31.539
487255.270
30.373
487255.270
29.251
487255.270
28.170
487255.270
27.129
487255.270
26.127
487255.270
25.162
487255.270
24.232
487255.270
23.337
487255.270
22.475
487255.270
21.644
487255.270
20.845
487255.270
20.075
487255.270
19.333
487255.270
18.619
487255.270
17.932
487255.270
17.269
487255.270
16.631
487255.270
16.017
487255.270
15.426
487255.270
14.856
487255.270
14.308
487255.270
13.779
487255.270
13.271
487255.270
12.781
487255.270
12.309
487255.270
11.854
487255.270
11.417
487255.270
10.995
487255.270
10.590
487255.270
10.199
487255.270
 9.822
487255.270
 9.460
487255.270
 9.111
487255.270
 8.775
487255.270
 8.451
487255.270
 8.139
487255.270
 7.839
487255.270
 7.550
487255.270
 7.272
487255.270
 7.003
487255.270
 6.745
487255.270
 6.497
487255.270
 6.257
487255.270
 6.026
487255.270
 5.804
487255.270
 5.591
487255.270
 5.385
487255.270
 5.186
487255.270
 4.995
487255.270
 4.811
487255.270
 4.634
487255.270
 4.463
487255.270
 4.299
487255.270
 4.141
487255.270
 3.989
487255.270
 3.842
487255.270
 3.701
487255.270
 3.564
487255.270
 3.433
487255.270
 3.307
487255.270
 3.186
487255.270
 3.069
487255.270
 2.956
487255.270
 2.847
487255.270
 2.743
487255.270
 2.642
487255.270
 2.545
487255.270
 2.452
487255.270
 2.362
487255.270
 2.275
487255.270
 2.192
487255.270
 2.112
487255.270
 2.034
487255.270
 1.960
487255.270
 1.888
487255.270
 1.819
487255.270
 1.752
487255.270
 1.688
487255.270
 1.627
487255.270
 1.567
487255.270
 1.510
487255.270
 1.455
487255.270
 1.402
487255.270
 1.351
487255.270
 1.302
487255.270
 1.254
487255.270
 1.209
487255.270
 1.165
487255.270
 1.122
487255.270
 1.082
487255.270
 1.042
487255.270
 1.005
487255.270
 0.968
487255.270
 0.933
487255.270
 0.899
487255.270
 0.867
487255.270
 0.836
487255.270
 0.805
487255.270
 0.776
487255.270
 0.748
487255.270
 0.721
487255.270
 0.695
487255.270
 0.671
487255.270
 0.646
487255.270
 0.623
487255.281
 0.543
487255.291
 0.487
487255.307
 0.422
487255.328
 0.356
487255.354
 0.291
487255.382
 0.227
487255.410
 0.163
487255.438
 0.100
487255.467
 0.039
