5795.555
-1552.913
5795.555
-1554.640
5795.555
-1556.369
5795.555
-1558.098
5795.555
-1559.828
5795.555
-1561.558
5795.555
-1563.289
5795.555
-1565.021
5795.555
-1566.754
5795.555
-1568.488
5795.555
-1570.222
5795.555
-1571.958
5795.555
-1573.693
5795.555
-1575.430
5795.555
-1577.168
5795.555
-1578.906
5764.417
-1565.098
5732.182
-1550.787
5724.809
-1548.860
5720.120
-1548.268
5716.536
-1548.226
5713.548
-1548.482
5710.927
-1548.920
5708.550
-1549.479
5706.341
-1550.123
5704.252
-1550.827
5702.249
-1551.574
5700.306
-1552.352
5698.405
-1553.150
5696.531
-1553.962
5694.671
-1554.782
5692.814
-1555.603
5690.953
-1556.423
5689.079
-1557.236
5687.186
-1558.040
5685.266
-1558.831
5683.313
-1559.605
5681.323
-1560.361
5679.288
-1561.095
5677.205
-1561.805
5675.066
-1562.487
5672.868
-1563.140
5670.604
-1563.759
5668.268
-1564.343
5665.856
-1564.888
5663.361
-1565.392
5660.778
-1565.852
5658.100
-1566.263
5655.320
-1566.624
5652.433
-1566.930
5649.431
-1567.179
5646.306
-1567.366
5643.052
-1567.487
5639.660
-1567.539
5636.122
-1567.517
5632.429
-1567.416
5628.573
-1567.233
5624.542
-1566.962
5620.328
-1566.598
5615.920
-1566.135
5611.306
-1565.568
5606.475
-1564.892
5601.415
-1564.099
5596.113
-1563.183
5590.555
-1562.138
5584.727
-1560.956
5578.614
-1559.629
5572.201
-1558.150
5565.471
-1556.511
5558.407
-1554.703
5550.992
-1552.717
5543.207
-1550.543
5535.032
-1548.172
5526.448
-1545.594
5517.432
-1542.798
5507.963
-1539.774
5498.019
-1536.509
5487.575
-1532.993
5476.607
-1529.213
5465.090
-1525.157
5452.997
-1520.812
5440.302
-1516.165
5426.976
-1511.203
5412.992
-1505.911
5398.320
-1500.277
5382.930
-1494.285
5366.793
-1487.923
5349.878
-1481.175
5332.154
-1474.028
5313.590
-1466.467
5294.155
-1458.478
5273.818
-1450.049
5252.548
-1441.165
5230.316
-1431.813
5207.091
-1421.982
5182.845
-1411.660
5157.550
-1400.836
5131.180
-1389.501
5103.711
-1377.645
5075.120
-1365.262
5045.387
-1352.345
5014.493
-1338.890
4982.423
-1324.895
4949.166
-1310.358
4914.711
-1295.281
4879.054
-1279.667
4842.192
-1263.521
4804.129
-1246.850
4764.871
-1229.665
4724.429
-1211.978
4682.818
-1193.804
4640.060
-1175.160
4596.179
-1156.066
4551.205
-1136.543
4505.173
-1116.616
4458.122
-1096.312
4410.096
-1075.660
4361.143
-1054.688
4311.316
-1033.431
4260.671
-1011.921
4209.268
-990.194
4157.169
-968.286
4104.440
-946.234
4051.150
-924.074
3997.369
-901.845
3943.167
-879.585
3888.619
-857.330
3833.795
-835.118
3778.771
-812.985
3723.617
-790.965
3668.407
-769.093
3613.209
-747.402
3558.094
-725.921
3503.127
-704.680
3448.373
-683.707
3393.894
-663.027
3339.748
-642.663
3285.991
-622.636
3232.675
-602.966
3179.849
-583.670
3127.559
-564.762
3075.847
-546.256
3024.750
-528.163
2974.304
-510.491
2924.541
-493.249
2875.486
-476.441
2827.167
-460.072
2779.602
-444.144
2732.812
-428.657
2686.810
-413.611
2641.609
-399.005
2597.219
-384.836
2553.647
-371.099
2510.897
-357.790
2468.973
-344.903
2427.875
-332.433
2387.600
-320.371
2348.147
-308.712
2309.511
-297.445
2271.686
-286.564
2234.664
-276.060
2198.436
-265.923
2162.994
-256.145
2128.328
-246.716
2094.425
-237.628
2061.274
-228.869
2028.863
-220.432
1997.179
-212.307
1966.208
-204.484
1935.937
-196.955
1906.353
-189.710
1877.440
-182.739
1849.185
-176.036
1821.574
-169.589
1794.592
-163.392
1768.225
-157.436
1742.459
-151.713
1717.279
-146.215
1692.671
-140.933
1668.622
-135.862
1645.118
-130.992
1622.145
-126.318
1599.690
-121.833
1577.740
-117.529
1556.282
-113.401
1535.302
-109.442
1514.790
-105.647
1494.732
-102.008
1475.116
-98.521
1455.932
-95.181
1437.167
-91.982
1418.811
-88.919
1400.852
-85.987
1383.280
-83.181
1366.085
-80.498
1349.257
-77.932
1332.785
-75.480
1316.661
-73.137
1300.875
-70.899
1285.418
-68.763
1270.281
-66.726
1255.456
-64.783
1240.934
-62.931
1226.708
-61.167
1212.769
-59.489
1199.110
-57.892
1185.724
-56.375
1172.602
-54.934
1159.739
-53.567
1147.128
-52.270
1134.762
-51.043
1122.634
-49.882
1110.738
-48.785
1099.069
-47.750
1087.620
-46.775
1076.386
-45.857
1065.361
-44.995
1054.540
-44.187
1043.918
-43.431
1033.489
-42.726
1023.250
-42.069
1013.194
-41.459
1003.318
-40.895
993.617
-40.374
984.086
-39.896
974.722
-39.460
965.519
-39.063
956.476
-38.704
947.586
-38.383
938.848
-38.097
930.256
-37.847
921.808
-37.630
913.500
-37.446
905.328
-37.294
897.290
-37.172
889.382
-37.080
881.602
-37.016
873.945
-36.981
866.410
-36.972
858.994
-36.989
851.693
-37.032
844.505
-37.099
837.428
-37.190
830.459
-37.304
823.595
-37.440
816.835
-37.597
810.176
-37.776
803.615
-37.974
797.150
-38.193
790.780
-38.430
784.502
-38.686
778.314
-38.960
772.215
-39.251
766.201
-39.559
760.273
-39.884
754.426
-40.224
748.661
-40.580
742.975
-40.950
737.366
-41.335
731.833
-41.734
726.375
-42.146
720.989
-42.572
715.674
-43.010
710.429
-43.461
705.252
-43.924
700.142
-44.399
695.098
-44.884
690.118
-45.381
685.201
-45.888
680.345
-46.406
675.550
-46.934
670.814
-47.471
666.136
-48.018
661.515
-48.574
656.949
-49.138
652.439
-49.711
647.981
-50.293
643.577
-50.882
639.224
-51.480
634.922
-52.085
630.669
-52.697
626.465
-53.316
622.308
-53.942
618.199
-54.575
614.135
-55.214
610.116
-55.859
606.142
-56.510
602.211
-57.168
598.323
-57.830
594.477
-58.498
590.672
-59.172
586.907
-59.850
583.181
-60.534
579.495
-61.222
575.847
-61.915
572.236
-62.612
568.662
-63.313
565.125
-64.018
561.623
-64.728
558.156
-65.441
554.723
-66.157
551.324
-66.878
547.958
-67.601
544.624
-68.328
541.323
-69.058
538.053
-69.791
534.814
-70.526
531.605
-71.265
528.426
-72.006
525.277
-72.749
522.156
-73.495
519.064
-74.243
516.000
-74.993
512.963
-75.745
509.953
-76.499
506.970
-77.255
504.013
-78.013
501.081
-78.772
498.175
-79.533
495.293
-80.295
492.436
-81.058
489.604
-81.822
486.794
-82.588
484.008
-83.355
481.245
-84.122
478.505
-84.891
475.786
-85.660
473.090
-86.429
470.415
-87.200
467.761
-87.970
465.128
-88.742
462.516
-89.513
459.924
-90.285
457.351
-91.057
454.798
-91.829
452.265
-92.601
449.750
-93.373
447.662
-94.343
447.135
-96.068
446.607
-97.791
446.078
-99.512
445.547
-101.230
445.015
-102.945
444.482
-104.658
443.947
-106.369
443.410
-108.077
442.873
-109.782
442.333
-111.485
441.792
-113.186
441.249
-114.884
440.705
-116.579
440.159
-118.271
439.611
-119.961
439.061
-121.648
438.510
-123.332
437.956
-125.014
437.401
-126.692
436.843
-128.368
436.283
-130.041
435.722
-131.711
435.158
-133.378
434.592
-135.042
434.024
-136.703
433.453
-138.361
432.880
-140.016
432.305
-141.668
431.727
-143.316
431.147
-144.962
430.564
-146.604
429.979
-148.242
429.391
-149.878
428.800
-151.510
428.207
-153.139
427.610
-154.764
427.011
-156.385
426.409
-158.003
425.804
-159.618
425.197
-161.229
424.586
-162.836
423.972
-164.439
410.413
-160.971
370.866
-147.212
338.045
-135.943
310.375
-126.581
286.737
-118.711
266.312
-112.030
248.489
-106.311
232.800
-101.381
218.884
-97.107
206.456
-93.382
195.289
-90.122
185.199
-87.259
176.038
-84.738
167.680
-82.512
160.025
-80.544
152.986
-78.802
146.490
-77.258
140.475
-75.889
134.890
-74.677
129.688
-73.602
124.830
-72.652
120.283
-71.813
116.015
-71.074
112.002
-70.425
108.221
-69.858
104.649
-69.364
101.271
-68.936
98.070
-68.570
95.030
-68.258
92.141
-67.996
89.389
-67.779
86.765
-67.604
84.259
-67.467
81.863
-67.364
79.569
-67.292
77.370
-67.249
75.260
-67.232
73.233
-67.238
71.284
-67.266
69.407
-67.312
67.599
-67.377
65.855
-67.457
64.171
-67.551
62.545
-67.658
60.973
-67.776
59.452
-67.905
57.979
-68.042
56.552
-68.186
55.168
-68.338
53.826
-68.495
52.523
-68.657
51.258
-68.824
50.028
-68.993
48.833
-69.165
47.670
-69.339
46.539
-69.514
45.437
-69.690
44.365
-69.865
43.320
-70.041
42.302
-70.216
41.309
-70.389
40.341
-70.561
39.397
-70.731
38.475
-70.898
37.576
-71.063
36.699
-71.225
35.842
-71.383
35.005
-71.538
34.188
-71.690
33.390
-71.838
32.610
-71.981
31.848
-72.121
31.103
-72.256
30.376
-72.387
29.664
-72.514
28.969
-72.636
28.289
-72.753
27.624
-72.865
26.975
-72.973
26.339
-73.076
25.718
-73.174
25.111
-73.268
24.517
-73.356
23.936
-73.440
23.368
-73.519
22.812
-73.593
22.269
-73.663
21.738
-73.728
21.218
-73.788
20.710
-73.843
20.214
-73.894
19.728
-73.940
19.253
-73.982
18.789
-74.020
18.335
-74.053
17.891
-74.082
17.457
-74.107
17.033
-74.127
16.618
-74.144
16.212
-74.157
15.816
-74.165
15.429
-74.171
15.050
-74.172
14.680
-74.170
14.318
-74.164
13.965
-74.155
13.619
-74.142
13.282
-74.126
12.952
-74.107
12.630
-74.085
12.315
-74.060
12.007
-74.032
11.707
-74.001
11.413
-73.968
11.127
-73.932
10.847
-73.893
10.573
-73.851
10.306
-73.808
10.045
-73.762
 9.791
-73.713
 9.542
-73.663
 9.299
-73.610
 9.062
-73.555
 8.831
-73.498
 8.605
-73.440
 8.384
-73.379
 8.169
-73.317
 7.959
-73.253
 7.754
-73.188
 7.554
-73.121
 7.358
-73.052
 7.168
-72.982
 6.982
-72.910
 6.801
-72.838
 6.624
-72.763
 6.451
-72.688
 6.282
-72.612
 6.118
-72.534
 5.958
-72.455
 5.801
-72.376
 5.649
-72.295
 5.500
-72.213
 5.355
-72.131
 5.214
-72.048
 5.076
-71.964
 4.941
-71.879
 4.810
-71.793
 4.682
-71.707
 4.558
-71.620
 4.436
-71.532
 4.318
-71.444
 4.202
-71.356
 4.090
-71.266
 3.980
-71.177
 3.873
-71.087
 3.769
-70.996
 3.668
-70.905
 3.569
-70.814
 3.472
-70.722
 3.378
-70.630
 3.287
-70.538
 3.198
-70.446
 3.111
-70.353
 3.026
-70.260
 2.944
-70.167
 2.863
-70.073
 2.785
-69.980
 2.709
-69.886
 2.634
-69.792
 2.562
-69.699
 2.492
-69.605
 2.423
-69.510
 2.356
-69.416
 2.291
-69.322
 2.228
-69.228
 2.166
-69.134
 2.106
-69.039
 2.048
-68.945
 1.991
-68.851
 1.936
-68.757
 1.882
-68.662
 1.829
-68.568
 1.778
-68.474
 1.728
-68.380
 1.680
-68.286
 1.633
-68.192
 1.587
-68.098
 1.542
-68.005
 1.499
-67.911
 1.457
-67.818
 1.415
-67.724
 1.375
-67.631
 1.336
-67.538
 1.299
-67.445
 1.262
-67.352
 1.226
-67.259
 1.191
-67.167
 1.157
-67.074
 1.124
-66.982
 1.092
-66.890
 1.061
-66.798
 1.030
-66.706
 1.001
-66.615
 0.972
-66.523
 0.944
-66.432
 0.917
-66.341
 0.890
-66.250
 0.865
-66.159
 0.840
-66.069
 0.815
-65.979
 0.792
-65.889
 0.769
-65.799
 0.746
-65.709
 0.725
-65.620
 0.704
-65.530
 0.683
-65.441
 0.663
-65.352
 0.644
-65.264
 0.625
-65.175
 0.607
-65.092
 0.589
-65.011
 0.572
-64.930
 0.555
-64.848
 0.539
-64.765
 0.523
-64.682
 0.507
-64.599
 0.492
-64.515
 0.478
-64.431
 0.464
-64.347
 0.450
-64.263
 0.437
-64.178
 0.424
-64.094
 0.411
-64.009
 0.399
-63.924
 0.387
-63.839
 0.375
-63.753
 0.364
-63.668
 0.353
-63.583
 0.343
-63.497
 0.332
-63.412
 0.322
-63.326
 0.313
-63.241
 0.303
-63.155
 0.294
-63.070
 0.285
-62.985
 0.277
-62.899
 0.268
-62.814
 0.260
-62.729
 0.252
-62.644
 0.244
-62.559
 0.237
-62.474
 0.230
-62.389
 0.223
-62.304
 0.216
-62.220
 0.209
-62.135
 0.203
-62.051
 0.197
-61.967
 0.191
-61.883
 0.185
-61.799
 0.179
-61.715
 0.174
-61.632
 0.168
-61.548
 0.163
-61.465
 0.158
-61.382
 0.153
-61.299
 0.148
-61.216
 0.144
-61.134
 0.139
-61.051
 0.135
-60.969
 0.131
-60.887
 0.127
-60.805
 0.123
-60.724
 0.119
-60.642
 0.115
-60.561
 0.111
-60.480
 0.108
-60.399
 0.104
-60.318
 0.101
-60.238
 0.098
-60.158
 0.095
-60.078
 0.092
-59.998
 0.089
-59.918
 0.086
-59.839
 0.083
-59.759
 0.081
-59.680
 0.078
-59.601
 0.076
-59.523
 0.073
-59.444
 0.071
-59.366
 0.069
-59.288
 0.066
-59.210
 0.064
-59.132
 0.062
-59.055
 0.060
-58.977
 0.058
-58.900
 0.056
-58.823
 0.055
-58.747
 0.053
-58.670
 0.051
-58.594
 0.050
-58.518
 0.048
-58.442
 0.046
-58.366
 0.045
-58.291
 0.043
-58.216
 0.042
-58.140
 0.041
-58.066
 0.039
-57.991
 0.038
-57.916
 0.037
-57.842
 0.036
-57.768
 0.034
-57.694
 0.033
-57.620
 0.032
-57.547
 0.031
-57.473
 0.030
-57.400
 0.029
-57.327
 0.028
-57.255
 0.027
-57.182
 0.026
-57.110
 0.025
-57.037
 0.025
-56.965
 0.024
-56.894
 0.023
-56.822
 0.022
-56.750
 0.021
-56.679
 0.021
-56.608
 0.020
-56.537
 0.019
-56.466
 0.019
-56.396
 0.018
-56.326
 0.017
-56.255
 0.017
-56.185
 0.016
-56.116
 0.016
-56.046
 0.015
-55.976
 0.015
-55.907
 0.014
-55.838
 0.014
-55.769
 0.013
-55.700
 0.013
-55.632
 0.012
-55.563
 0.012
-55.495
 0.012
-55.427
 0.011
-55.359
 0.011
-55.292
 0.010
-55.224
 0.010
-55.157
 0.010
-55.089
 0.009
-55.022
 0.009
-54.956
 0.009
-54.889
 0.008
-54.822
 0.008
-54.756
 0.008
-54.690
 0.008
-54.624
 0.007
-54.558
 0.007
-54.492
 0.007
-54.427
 0.007
-54.361
 0.006
-54.296
 0.006
-54.231
 0.006
-54.166
 0.006
-54.101
 0.006
-54.037
 0.005
-53.972
 0.005
-53.908
 0.005
-53.844
 0.005
-53.780
 0.005
-53.716
 0.004
-53.653
 0.004
-53.589
 0.004
-53.526
 0.004
-53.463
 0.004
-53.400
 0.004
-53.337
 0.004
-53.274
 0.003
-53.212
 0.003
-53.149
 0.003
-53.087
 0.003
-53.025
 0.003
-52.963
 0.003
-52.901
 0.003
-52.840
 0.003
-52.778
 0.003
-52.717
 0.003
-52.656
 0.002
-52.595
 0.002
-52.534
 0.002
-52.473
 0.002
-52.412
 0.002
-53.001
 0.002
-52.245
 0.002
-48.910
 0.002
-45.873
 0.002
-47.418
 0.002
-49.251
 0.002
-51.081
 0.002
-52.910
 0.002
-54.738
 0.002
-56.563
 0.002
-58.386
 0.002
-60.207
 0.002
-62.026
 0.002
-63.843
 0.002
-65.657
 0.002
-67.469
 0.002
-69.279
 0.002
-71.086
 0.002
-72.890
 0.002
-74.692
 0.002
-76.491
 0.002
-78.287
 0.002
-80.066
 0.002
-81.356
 0.002
-81.624
 0.002
-81.020
 0.001
-79.896
 0.001
-78.442
 0.001
-76.734
 0.001
-74.832
 0.001
-72.795
 0.001
-70.677
 0.001
-68.516
 0.001
-66.337
 0.001
-64.164
 0.001
-62.011
 0.001
-59.890
 0.001
-57.811
 0.001
-55.780
 0.001
-53.801
 0.001
-51.877
 0.001
-50.010
 0.001
-48.201
 0.001
-46.451
 0.000
-44.758
 0.000
-43.123
 0.000
-41.544
 0.000
-40.019
 0.000
-38.549
 0.000
-37.131
 0.000
-35.764
 0.000
-34.446
 0.000
-33.176
 0.000
-31.952
 0.000
-30.773
 0.000
-29.637
 0.000
-28.542
 0.000
-27.488
 0.000
-26.472
 0.000
-25.494
 0.000
-24.552
 0.000
-23.644
 0.000
-22.770
 0.000
-21.929
 0.000
-21.118
 0.000
-20.337
 0.000
-19.585
 0.000
-18.861
 0.000
-18.164
 0.000
-17.492
 0.000
-16.846
 0.000
-16.223
 0.000
-15.623
 0.000
-15.045
 0.000
-14.489
 0.000
-13.953
 0.000
-13.437
 0.000
-12.941
 0.000
-12.462
 0.000
-12.001
 0.000
-11.558
 0.000
-11.130
 0.000
-10.719
 0.000
-10.322
 0.000
-9.941
 0.000
-9.573
 0.000
-9.219
 0.000
-8.878
 0.000
-8.550
 0.000
-8.234
 0.000
-7.929
 0.000
-7.636
 0.000
-7.354
 0.000
-7.082
 0.000
-6.820
 0.000
-6.568
 0.000
-6.325
 0.000
-6.091
 0.000
-5.866
 0.000
-5.649
 0.000
-5.440
 0.000
-5.239
 0.000
-5.045
 0.000
-4.859
 0.000
-4.679
 0.000
-4.506
 0.000
-4.340
 0.000
-4.179
 0.000
-4.025
 0.000
-3.876
 0.000
-3.733
 0.000
-3.595
 0.000
-3.462
 0.000
-3.334
 0.000
-3.210
 0.000
-3.092
 0.000
-2.977
 0.000
-2.867
 0.000
-2.761
 0.000
-2.659
 0.000
-2.561
 0.000
-2.466
 0.000
-2.375
 0.000
-2.287
 0.000
-2.203
 0.000
-2.121
 0.000
-2.043
 0.000
-1.967
 0.000
-1.894
 0.000
-1.824
 0.000
-1.757
 0.000
-1.692
 0.000
-1.629
 0.000
-1.569
 0.000
-1.511
 0.000
-1.455
 0.000
-1.401
 0.000
-1.350
 0.000
-1.300
 0.000
-1.252
 0.000
-1.205
 0.000
-1.161
 0.000
-1.118
 0.000
-1.077
 0.000
-1.037
 0.000
-0.998
 0.000
-0.962
 0.000
-0.926
 0.000
-0.892
 0.000
-0.859
 0.000
-0.827
 0.000
-0.796
 0.000
-0.767
 0.000
-0.739
 0.000
-0.711
 0.000
-0.685
 0.000
-0.660
 0.000
-0.635
 0.000
-0.612
 0.000
-0.589
 0.000
-0.567
 0.000
-0.546
 0.000
-0.526
 0.000
-0.507
 0.000
-0.488
 0.000
-0.470
 0.000
-0.453
 0.000
-0.436
 0.000
-0.420
 0.000
-0.404
 0.000
-0.389
 0.000
-0.375
 0.000
-0.361
 0.000
-0.348
 0.000
-0.335
 0.000
-0.322
 0.000
-0.311
 0.000
-0.299
 0.000
-0.288
 0.000
-0.277
 0.000
-0.267
 0.000
-0.257
 0.000
-0.248
 0.000
-0.239
 0.000
-0.230
 0.000
-0.221
 0.000
-0.213
 0.000
-0.205
 0.000
-0.198
 0.000
-0.190
 0.000
-0.183
 0.000
-0.176
 0.000
-0.170
 0.000
-0.164
 0.000
-0.158
 0.000
-0.152
 0.000
-0.146
 0.000
-0.141
 0.000
-0.136
 0.000
-0.131
 0.000
-0.126
 0.000
-0.121
 0.000
-0.117
 0.000
-0.112
 0.000
-0.108
 0.000
-0.104
 0.000
-0.100
 0.000
-0.097
 0.000
-0.093
 0.000
-0.090
 0.000
-0.086
 0.000
-0.083
 0.000
-0.080
 0.000
-0.077
 0.000
-0.074
 0.000
-0.071
 0.000
-0.069
 0.000
-0.066
 0.000
-0.064
 0.000
-0.061
 0.000
-0.059
 0.000
-0.057
 0.000
-0.055
 0.000
-0.053
 0.000
-0.051
 0.000
-0.049
 0.000
-0.047
 0.008
-0.051
 0.000
-0.149
 0.055
-0.158
 0.048
-0.161
 0.108
-0.130
 0.107
-0.126
 0.113
-0.125
 0.116
-0.123
 0.120
-0.121
 0.123
-0.120
