 0.352
 0.352
 0.352
 0.353
 0.353
 0.353
 0.353
 0.353
 0.353
 0.353
 0.353
 0.354
 0.354
 0.354
 0.354
 0.354
 0.354
 0.354
 0.354
 0.355
 2.021
 0.973
 0.661
 0.521
 0.447
 0.403
 0.376
 0.359
 0.347
 0.339
 0.333
 0.329
 0.327
 0.325
 0.323
 0.323
 0.322
 0.322
 0.323
 0.324
 0.325
 0.326
 0.327
 0.329
 0.332
 0.334
 0.337
 0.340
 0.344
 0.348
 0.353
 0.358
 0.364
 0.370
 0.377
 0.385
 0.394
 0.403
 0.413
 0.424
 0.435
 0.448
 0.462
 0.477
 0.492
 0.509
 0.528
 0.547
 0.568
 0.590
 0.614
 0.639
 0.665
 0.693
 0.723
 0.754
 0.787
 0.822
 0.859
 0.898
 0.939
 0.982
 1.027
 1.074
 1.124
 1.176
 1.231
 1.288
 1.347
 1.410
 1.475
 1.543
 1.614
 1.688
 1.765
 1.845
 1.928
 2.015
 2.105
 2.198
 2.295
 2.396
 2.499
 2.607
 2.718
 2.832
 2.950
 3.071
 3.196
 3.325
 3.456
 3.591
 3.729
 3.869
 4.013
 4.159
 4.307
 4.458
 4.611
 4.765
 4.920
 5.077
 5.234
 5.391
 5.549
 5.706
 5.862
 6.016
 6.169
 6.320
 6.468
 6.612
 6.753
 6.890
 7.023
 7.150
 7.272
 7.388
 7.499
 7.602
 7.699
 7.788
 7.870
 7.944
 8.011
 8.069
 8.120
 8.162
 8.196
 8.222
 8.239
 8.249
 8.250
 8.244
 8.230
 8.209
 8.181
 8.145
 8.103
 8.055
 8.001
 7.941
 7.876
 7.805
 7.730
 7.651
 7.568
 7.481
 7.391
 7.298
 7.202
 7.104
 7.004
 6.902
 6.799
 6.694
 6.589
 6.483
 6.376
 6.269
 6.162
 6.056
 5.949
 5.843
 5.738
 5.633
 5.529
 5.426
 5.325
 5.224
 5.124
 5.026
 4.929
 4.834
 4.740
 4.648
 4.557
 4.467
 4.380
 4.293
 4.209
 4.126
 4.044
 3.965
 3.886
 3.810
 3.735
 3.662
 3.590
 3.519
 3.451
 3.383
 3.318
 3.253
 3.191
 3.129
 3.069
 3.010
 2.953
 2.897
 2.842
 2.789
 2.737
 2.686
 2.636
 2.588
 2.540
 2.494
 2.448
 2.404
 2.361
 2.319
 2.278
 2.238
 2.198
 2.160
 2.123
 2.086
 2.050
 2.015
 1.981
 1.948
 1.916
 1.884
 1.853
 1.823
 1.793
 1.764
 1.736
 1.708
 1.681
 1.655
 1.629
 1.604
 1.579
 1.555
 1.532
 1.509
 1.486
 1.464
 1.443
 1.422
 1.401
 1.381
 1.362
 1.342
 1.324
 1.305
 1.287
 1.270
 1.252
 1.236
 1.219
 1.203
 1.187
 1.172
 1.157
 1.142
 1.127
 1.113
 1.099
 1.086
 1.072
 1.059
 1.046
 1.034
 1.022
 1.010
 0.998
 0.986
 0.975
 0.964
 0.953
 0.942
 0.932
 0.922
 0.912
 0.902
 0.892
 0.883
 0.874
 0.865
 0.856
 0.847
 0.838
 0.830
 0.822
 0.814
 0.806
 0.798
 0.790
 0.783
 0.776
 0.768
 0.761
 0.754
 0.748
 0.741
 0.734
 0.728
 0.722
 0.715
 0.709
 0.703
 0.697
 0.692
 0.686
 0.680
 0.675
 0.670
 0.664
 0.659
 0.654
 0.649
 0.644
 0.639
 0.635
 0.630
 0.625
 0.621
 0.616
 0.612
 0.608
 0.604
 0.599
 0.595
 0.591
 0.587
 0.584
 0.580
 0.576
 0.572
 0.569
 0.565
 0.562
 0.558
 0.555
 0.551
 0.548
 0.545
 0.542
 0.539
 0.536
 0.532
 0.529
 0.527
 0.524
 0.521
 0.518
 0.515
 0.512
 0.510
 0.507
 0.505
 0.502
 0.499
 0.497
 0.494
 0.492
 0.490
 0.487
 0.485
 0.483
 0.480
 0.478
 0.476
 0.474
 0.472
 0.470
 0.468
 0.465
 0.463
 0.461
 0.460
 0.458
 0.456
 0.454
 0.452
 0.450
 0.448
 0.446
 0.445
 0.443
 0.441
 0.439
 0.438
 0.436
 0.434
 0.433
 0.431
 0.430
 0.428
 0.426
 0.425
 0.423
 0.422
 0.420
 0.419
 0.417
 0.416
 0.415
 0.413
 0.412
 0.410
 0.409
 0.408
 0.406
 0.405
 0.404
 0.402
 0.401
 0.400
 0.399
 0.397
 0.396
 0.395
 0.394
 0.392
 0.391
 0.390
 0.389
 0.388
 0.386
 0.385
 0.384
 0.383
 0.382
 0.381
 0.380
 0.379
 0.378
 0.376
 0.375
 0.374
 0.373
 0.372
 0.371
 0.370
 0.369
 0.368
 0.367
 0.366
 0.365
 0.364
 0.363
 0.362
 0.361
 0.360
 0.359
 0.358
 0.357
 0.356
 0.356
 0.355
 0.354
 0.353
 0.352
 0.351
 0.358
 0.357
 0.357
 0.357
 0.356
 0.356
 0.356
 0.355
 0.355
 0.354
 0.354
 0.354
 0.353
 0.353
 0.353
 0.352
 0.352
 0.352
 0.351
 0.351
 0.350
 0.350
 0.350
 0.349
 0.349
 0.348
 0.348
 0.347
 0.347
 0.346
 0.346
 0.346
 0.345
 0.345
 0.344
 0.344
 0.343
 0.343
 0.342
 0.342
 0.341
 0.341
 0.340
 0.340
 0.339
 0.339
 0.338
 0.337
 0.337
 0.336
 0.336
 0.335
 0.335
 0.334
 0.333
 0.333
 0.332
 0.332
 0.331
 0.330
 0.330
 0.329
 0.328
 0.328
 0.327
 0.326
 0.326
 0.325
 0.324
 0.323
 0.323
 0.322
 0.321
