5000.000
5000.447
5000.895
5001.344
5001.794
5002.244
5002.695
5003.147
5003.599
5004.052
5004.506
5004.961
5005.416
5005.872
5006.329
5006.787
5007.245
5007.704
5008.164
5008.624
4950.271
4943.585
4939.715
4936.949
4934.770
4932.952
4931.377
4929.972
4928.692
4927.505
4926.388
4925.324
4924.300
4923.306
4922.332
4921.372
4920.420
4919.469
4918.517
4917.557
4916.587
4915.603
4914.600
4913.577
4912.530
4911.456
4910.352
4909.214
4908.041
4906.829
4905.574
4904.275
4902.928
4901.529
4900.076
4898.566
4896.994
4895.357
4893.653
4891.876
4890.023
4888.089
4886.072
4883.966
4881.766
4879.468
4877.068
4874.559
4871.936
4869.194
4866.327
4863.329
4860.194
4856.914
4853.483
4849.893
4846.138
4842.210
4838.099
4833.799
4829.300
4824.592
4819.667
4814.514
4809.124
4803.486
4797.589
4791.420
4784.970
4778.225
4771.174
4763.802
4756.097
4748.046
4739.634
4730.847
4721.670
4712.088
4702.085
4691.648
4680.758
4669.401
4657.560
4645.219
4632.362
4618.971
4605.031
4590.526
4575.439
4559.754
4543.456
4526.530
4508.961
4490.735
4471.839
4452.261
4431.987
4411.009
4389.317
4366.902
4343.757
4319.877
4295.259
4269.900
4243.799
4216.958
4189.380
4161.071
4132.038
4102.291
4071.841
4040.703
4008.891
3976.425
3943.325
3909.613
3875.313
3840.452
3805.059
3769.163
3732.795
3695.990
3658.780
3621.202
3583.293
3545.088
3506.627
3467.948
3429.089
3390.089
3350.986
3311.819
3272.624
3233.440
3194.303
3155.248
3116.308
3077.519
3038.910
3000.512
2962.356
2924.467
2886.872
2849.596
2812.660
2776.087
2739.896
2704.104
2668.727
2633.782
2599.279
2565.232
2531.651
2498.544
2465.919
2433.781
2402.137
2370.990
2340.343
2310.197
2280.553
2251.412
2222.771
2194.630
2166.987
2139.837
2113.178
2087.005
2061.313
2036.098
2011.353
1987.073
1963.253
1939.884
1916.961
1894.477
1872.424
1850.796
1829.585
1808.784
1788.384
1768.380
1748.763
1729.526
1710.660
1692.160
1674.016
1656.223
1638.772
1621.656
1604.868
1588.402
1572.249
1556.403
1540.858
1525.606
1510.641
1495.956
1481.546
1467.403
1453.523
1439.898
1426.524
1413.393
1400.501
1387.843
1375.412
1363.203
1351.212
1339.434
1327.863
1316.494
1305.324
1294.347
1283.559
1272.955
1262.532
1252.286
1242.211
1232.305
1222.563
1212.982
1203.559
1194.288
1185.168
1176.195
1167.365
1158.675
1150.122
1141.704
1133.416
1125.257
1117.223
1109.311
1101.520
1093.846
1086.287
1078.840
1071.503
1064.273
1057.149
1050.128
1043.208
1036.386
1029.661
1023.031
1016.494
1010.047
1003.689
997.418
991.233
985.131
979.111
973.171
967.310
961.526
955.817
950.182
944.620
939.129
933.708
928.355
923.070
917.850
912.694
907.602
902.573
897.604
892.694
887.844
883.051
878.315
873.634
869.008
864.435
859.915
855.446
851.028
846.660
842.340
838.069
833.845
829.667
825.534
821.447
817.403
813.403
809.445
805.529
801.654
797.819
794.025
790.269
786.551
782.872
779.229
775.623
772.053
768.519
765.019
761.554
758.122
754.723
751.358
748.024
744.722
741.451
738.211
735.001
731.821
728.670
725.548
722.455
719.389
716.352
713.341
710.357
707.400
704.469
701.563
698.682
695.827
692.996
690.189
687.407
684.648
681.912
679.198
676.508
673.840
671.193
668.569
665.966
663.384
660.822
658.281
655.761
653.260
650.780
648.318
645.876
643.453
641.049
638.663
636.295
633.945
631.613
629.299
627.002
624.722
622.459
620.213
617.983
615.770
613.572
611.391
609.225
607.075
604.940
602.820
600.715
598.625
596.549
594.488
592.442
590.409
588.390
586.385
584.394
582.416
580.451
578.500
576.561
574.635
572.722
570.822
568.934
567.058
565.195
563.343
561.503
559.675
557.859
556.054
554.260
552.478
550.706
548.946
547.196
545.457
543.729
542.011
540.304
538.607
536.920
535.243
533.576
531.919
530.271
528.634
527.005
525.386
523.777
522.176
520.585
519.002
517.429
515.864
514.308
512.761
511.222
509.692
508.169
506.656
505.150
503.652
502.163
500.681
499.207
497.740
496.282
494.831
493.387
491.951
490.522
489.100
487.685
486.277
484.877
483.483
482.096
480.716
479.342
477.975
476.615
475.261
473.913
472.572
471.237
469.908
468.585
467.268
465.957
464.651
463.352
462.058
460.770
459.488
458.211
456.939
455.673
454.412
453.156
451.906
450.661
449.420
448.185
446.955
446.872
447.080
447.292
447.509
447.595
447.821
448.050
448.146
448.383
448.485
448.730
448.979
449.090
449.346
449.461
449.725
449.992
450.115
450.388
450.515
450.795
450.991
451.123
451.412
451.547
451.842
452.094
452.302
452.478
452.783
452.926
453.235
453.379
453.693
453.838
454.155
454.302
454.622
454.768
455.092
455.237
455.564
455.892
456.036
456.366
456.509
456.840
457.172
457.312
457.645
457.781
458.115
458.449
458.579
458.913
459.247
459.580
459.702
460.034
460.366
460.697
460.870
461.199
461.526
461.624
461.949
462.273
462.594
462.914
463.232
463.547
463.860
464.170
