 0.000
125000.000
2414.815
124352.521
4829.629
123704.178
7244.444
123054.971
9659.259
122404.900
12074.074
121753.964
14488.888
121102.162
16903.703
120449.495
19318.518
119795.962
21733.332
119141.564
24148.147
118486.298
26562.962
117830.166
28977.777
117173.167
31392.591
116515.301
33807.406
115856.567
36222.221
115196.964
38637.035
114536.494
41051.850
113875.154
43466.665
113212.946
45881.479
112549.868
48275.983
111898.603
50662.994
111251.133
53047.583
110604.299
55430.528
109957.617
57812.186
109310.864
60192.762
108663.914
62572.387
108016.684
64951.151
107369.119
67329.118
106721.177
69706.337
106072.831
72082.842
105424.056
74458.662
104774.836
76833.815
104125.158
79208.319
103475.014
81582.182
102824.395
83955.413
102173.297
86328.016
101521.717
88699.994
100869.654
91071.345
100217.108
93442.069
99564.080
95812.159
98910.573
98181.612
98256.590
100550.420
97602.135
102918.573
96947.215
105286.063
96291.834
107652.876
95636.001
110019.002
94979.723
112384.425
94323.009
114749.130
93665.869
117113.101
93008.312
119476.319
92350.351
121838.765
91691.998
124200.419
91033.265
126561.258
90374.167
128921.259
89714.717
131280.397
89054.932
133638.646
88394.829
135995.978
87734.425
138352.363
87073.738
140707.771
86412.788
143062.168
85751.596
145415.521
85090.184
147767.792
84428.575
150118.944
83766.792
152468.936
83104.863
154817.726
82442.812
157165.270
81780.669
159511.522
81118.463
161856.431
80456.226
164199.947
79793.989
166542.016
79131.787
168882.582
78469.656
171221.585
77807.634
173558.964
77145.760
175894.653
76484.075
178228.584
75822.624
180560.685
75161.450
182890.883
74500.603
185219.099
73840.131
187545.251
73180.086
189869.253
72520.524
192191.016
71861.501
194510.446
71203.076
196827.445
70545.313
199141.910
69888.275
201453.736
69232.032
203762.809
68576.653
206069.014
67922.212
208372.229
67268.788
210672.326
66616.459
212969.173
65965.311
215262.632
65315.429
217552.559
64666.906
219838.804
64019.835
222121.211
63374.315
224399.617
62730.447
226673.854
62088.338
228943.746
61448.097
231209.110
60809.839
233469.758
60173.681
235725.492
59539.745
237976.111
58908.158
240221.402
58279.050
242461.147
57652.555
244695.121
57028.813
246923.092
56407.967
249144.817
55790.164
251360.050
55175.554
253568.535
54564.293
255770.008
53956.539
257964.200
53352.456
260150.833
52752.209
262329.623
52155.969
264500.279
51563.907
266662.502
50976.198
268815.989
50393.023
270960.430
49814.560
273095.509
49240.992
275220.905
48672.503
277336.294
48109.278
279441.346
47551.504
281535.728
46999.367
283619.105
46453.052
285691.138
45912.745
287751.489
45378.631
289799.816
44850.891
291835.780
44329.705
293859.042
43815.250
295869.265
43307.700
297866.114
42807.223
299849.258
42313.984
301818.371
41828.142
303773.132
41349.848
305713.228
40879.250
307638.352
40416.485
309548.206
39961.685
311442.502
39514.972
313320.961
39076.460
315183.316
38646.252
317029.314
38224.445
318858.711
37811.121
320671.280
37406.356
322466.807
37010.213
324245.094
36622.744
326005.957
36243.991
327749.229
35873.983
329474.759
35512.741
331182.414
35160.272
332872.078
34816.572
334543.649
34481.629
336197.048
34155.417
337832.207
33837.900
339449.081
33529.033
341047.639
33228.761
342627.866
32937.019
344189.766
32653.732
345733.359
32378.817
347258.680
32112.185
348765.778
31853.736
350254.719
31603.363
351725.584
31360.956
353178.464
31126.395
354613.467
30899.555
356030.711
30680.307
357430.327
30468.519
358812.455
30264.050
360177.248
30066.760
361524.867
29876.505
362855.481
29693.138
364169.269
29516.509
365466.417
29346.468
366747.118
29182.862
368011.569
29025.540
369259.975
28874.347
370492.545
28729.132
371709.492
28589.741
372911.033
28456.021
374097.387
28327.822
375268.777
28204.993
376425.427
28087.385
377567.562
27974.852
378695.410
27867.246
379809.199
27764.426
380909.155
27666.248
381995.508
27572.575
383068.482
27483.270
384128.306
27398.198
385175.205
27317.227
386209.402
27240.229
387231.119
27167.076
388240.577
27097.646
389237.994
27031.817
390223.586
26969.471
391197.567
26910.494
392160.148
26854.771
393111.538
26802.195
394051.941
26752.657
394981.561
26706.055
395900.597
26662.286
396809.246
26621.252
397707.701
26582.857
398596.153
26547.008
399474.788
26513.614
400343.791
26482.587
401203.341
26453.842
402053.616
26427.296
402894.791
26402.867
403727.035
26380.478
404550.516
26360.053
405365.399
26341.518
406171.843
26324.801
406970.007
26309.834
407760.045
26296.549
408542.108
26284.881
409316.344
26274.766
410082.899
26266.144
410841.915
26258.956
411593.530
26253.142
412337.881
26248.649
413075.100
26245.422
413805.318
26243.408
414528.662
26242.557
415245.257
26242.820
415955.225
26244.148
416658.684
26246.496
417355.753
26249.820
418046.544
26254.075
418731.169
26259.220
419409.738
26265.214
420082.356
26272.018
420749.128
26279.593
421410.157
26287.903
422065.541
26296.911
422715.379
26306.583
423359.765
26316.885
423998.793
26327.785
424632.554
26339.250
425261.137
26351.250
425884.628
26363.756
426503.114
26376.738
427116.677
26390.168
427725.399
26404.019
428329.360
26418.266
428928.637
26432.882
429523.307
26447.843
430113.444
26463.124
430699.121
26478.703
431280.409
26494.557
431857.377
26510.663
432430.095
26527.001
432998.629
26543.551
433563.044
26560.291
434123.403
26577.203
434679.770
26594.267
435232.205
26611.466
435780.769
26628.781
436325.519
26646.196
436866.513
26663.693
437403.807
26681.256
437937.456
26698.870
438467.513
26716.519
438994.032
26734.188
439517.063
26751.862
440036.658
26769.528
440552.864
26787.172
441065.731
26804.781
441575.306
26822.341
442081.635
26839.841
442584.764
26857.267
443084.736
26874.608
443581.596
26891.853
444075.387
26908.990
444566.149
26926.008
445053.924
26942.897
445538.751
26959.647
446020.671
26976.247
446499.722
26992.688
446975.940
27008.959
447449.364
27025.053
447920.030
27040.960
448387.973
27056.671
448853.228
27072.177
449315.828
27087.471
449775.809
27102.545
450233.201
27117.390
450688.038
27131.998
451140.351
27146.364
451590.171
27160.478
452037.529
27174.335
452482.453
27187.928
452924.974
27201.249
453365.120
27214.292
453802.919
27227.051
454238.399
27239.520
454671.587
27251.693
455102.508
27263.564
455531.191
27275.127
455957.659
27286.377
456381.938
27297.309
456804.052
27307.917
457224.027
27318.195
457641.885
27328.140
458057.650
27337.746
458471.345
27347.009
458882.992
27355.923
459292.613
27364.485
459700.230
27372.691
460105.865
27380.535
460509.537
27388.014
460911.268
27395.123
461311.078
27401.860
461708.987
27408.220
462105.013
27414.199
462499.177
27419.794
462891.497
27425.001
463281.991
27429.817
463670.677
27434.238
464057.574
27438.262
464442.699
27441.885
464826.068
27445.103
465207.700
27447.915
465587.609
27450.317
465965.814
27452.307
466342.330
27453.881
466717.172
27455.037
467090.356
27455.772
467461.898
27456.084
467831.812
27455.971
468200.114
27455.429
468566.817
27454.457
468931.936
27453.052
469295.484
27451.213
469657.477
27448.936
470017.926
27446.221
470376.847
27443.065
470734.250
27439.465
471090.151
27435.421
471444.561
27430.931
471797.492
27425.991
472148.958
27420.602
472498.969
27414.761
472847.539
27408.466
473194.678
27401.717
473540.398
27394.511
473884.711
27386.847
474227.627
27378.723
474569.158
27370.139
474909.314
27361.093
475248.106
27351.584
475585.545
27341.609
475921.640
27331.170
476256.402
27320.263
476589.841
27308.888
476921.966
27297.045
477252.788
27284.731
477582.315
27271.946
477910.557
27258.690
478237.523
27244.960
478563.223
27230.757
478887.665
27216.079
479210.858
27200.926
479532.810
27185.297
479853.530
27169.191
480173.027
27152.608
480491.309
27135.547
480808.384
27118.007
481124.259
27099.988
481438.943
27081.489
481752.444
27062.510
482064.768
27043.051
482375.925
27023.110
482685.920
27002.687
482994.762
26981.783
483302.457
26960.396
483609.012
26938.527
483914.436
26916.175
484218.733
26893.340
484521.912
26870.022
484823.979
26846.220
485124.940
26821.935
485424.802
26797.166
485723.571
26771.913
486021.253
26746.176
486317.855
26719.955
486613.383
26693.250
486907.842
26666.061
487201.239
26638.388
487493.580
26610.231
487784.869
26581.590
488075.113
26552.466
488364.318
26522.858
488652.488
26492.767
488939.629
26462.192
489225.747
26431.134
489510.847
26399.594
489794.933
26367.571
490078.012
26335.066
490360.087
26302.080
490641.164
26268.611
490921.248
26234.662
491200.343
26200.231
491478.455
26165.321
491755.587
26129.930
492031.745
26094.060
492306.932
26057.711
492581.154
26020.884
492854.415
25983.578
493126.719
25945.795
493398.070
25907.535
493668.472
25868.799
493937.930
25829.588
494206.448
25789.901
494474.029
25749.740
494740.678
25709.106
495006.399
25667.998
495271.194
25626.419
495535.069
25584.368
495798.027
25541.846
496060.071
25498.854
496321.204
25455.394
496581.432
25411.465
496840.757
25367.068
497099.182
25322.206
497356.711
25276.877
497613.347
25231.084
497869.094
25184.827
498123.954
25138.108
498377.932
25090.927
498631.030
25043.285
498883.251
24995.183
499134.598
24946.622
499385.075
24897.604
499634.684
24848.130
499883.428
24798.199
500131.310
24747.815
500378.333
24696.978
500624.500
24645.688
500869.814
24593.948
501114.276
24541.758
501357.891
24489.120
501600.659
24436.034
501842.585
24382.503
502083.671
24328.528
502323.919
24274.109
502563.331
24219.248
502801.911
24163.947
503039.660
24108.206
503276.581
24052.028
503512.676
23995.413
503747.948
23938.364
503982.398
23880.881
504216.030
23822.966
504448.844
23764.620
504680.844
23705.845
504912.031
23646.643
505142.409
23587.015
505371.977
23526.963
505600.740
23466.488
505828.698
23405.592
506055.854
23344.276
506282.209
23282.543
506507.766
23220.393
506732.526
23157.828
506956.492
23094.851
507179.665
23031.463
507402.047
22967.665
507623.640
22903.460
507844.445
22838.849
508064.465
22773.834
508283.700
22708.417
508502.153
22642.600
508719.825
22576.384
508936.719
22509.771
509152.835
22442.764
509368.175
22375.364
509582.740
22307.574
509796.533
22239.394
510009.555
22170.828
510222.019
22101.706
510434.277
22031.753
510646.360
21960.940
510858.268
21889.271
511069.954
21816.783
511281.454
21743.446
511492.776
21669.256
511703.872
21594.251
511914.780
21518.402
512125.505
21441.704
512335.994
21364.202
512546.300
21285.851
512756.385
21206.684
512966.265
21126.689
513175.946
21045.860
513385.396
20964.226
513594.658
20881.749
513803.681
20798.474
514012.505
20714.367
514221.100
20629.455
514429.481
20543.725
514637.658
20457.167
514845.602
20369.810
515053.305
20281.660
515260.795
20192.692
515468.041
20102.937
515675.083
20012.354
515881.900
19920.966
516088.480
19828.783
516294.818
19735.813
516500.910
19642.059
516706.773
19547.503
516912.387
19452.167
517117.770
19356.034
517322.914
19259.110
517527.809
19161.407
517732.462
19062.917
517936.864
18963.651
518141.033
18863.590
518344.934
18762.770
518548.612
18661.145
518752.006
18558.781
518955.175
18455.611
519158.077
18351.685
519360.728
18246.983
519563.134
18141.500
519765.258
18035.276
519967.150
17928.256
520168.764
17820.492
520370.118
17711.963
520571.230
17602.649
520772.037
17492.623
520972.602
17381.811
521172.920
17270.219
521372.926
17157.925
521572.683
17044.852
521772.191
16931.002
521971.401
16816.433
522170.331
16701.123
522369.005
16585.043
522567.420
16468.194
522765.530
16350.637
522963.370
16232.326
523160.945
16113.254
523358.234
15993.448
523555.197
15872.960
523751.888
15751.718
523948.304
15629.727
524144.443
15506.989
524340.303
15383.506
524535.881
15259.282
524731.175
15134.319
524926.181
15008.621
