4829.629
-1294.094
4829.629
-1295.822
4829.629
-1297.550
4829.629
-1299.278
4829.629
-1301.008
4829.629
-1302.738
4829.629
-1304.468
4829.629
-1306.200
4829.629
-1307.931
4829.629
-1309.664
4829.629
-1311.397
4829.629
-1313.131
4829.629
-1314.865
4829.629
-1316.601
4829.629
-1318.336
4829.629
-1320.073
4829.629
-1321.810
4829.629
-1323.548
4829.629
-1325.286
4829.629
-1327.025
4777.541
-1296.258
4771.210
-1294.061
4767.375
-1293.417
4764.518
-1293.382
4762.181
-1293.670
4760.165
-1294.158
4758.364
-1294.779
4756.713
-1295.495
4755.172
-1296.279
4753.714
-1297.115
4752.317
-1297.990
4750.967
-1298.894
4749.653
-1299.820
4748.364
-1300.762
4747.093
-1301.716
4745.833
-1302.677
4744.581
-1303.642
4743.329
-1304.609
4742.076
-1305.574
4740.816
-1306.536
4739.546
-1307.492
4738.263
-1308.439
4736.964
-1309.377
4735.646
-1310.303
4734.307
-1311.216
4732.944
-1312.114
4731.553
-1312.995
4730.134
-1313.858
4728.682
-1314.700
4727.195
-1315.521
4725.671
-1316.318
4724.107
-1317.091
4722.500
-1317.836
4720.848
-1318.553
4719.148
-1319.240
4717.396
-1319.894
4715.590
-1320.514
4713.727
-1321.098
4711.804
-1321.643
4709.816
-1322.149
4707.762
-1322.611
4705.636
-1323.029
4703.436
-1323.400
4701.158
-1323.721
4698.797
-1323.989
4696.349
-1324.203
4693.811
-1324.359
4691.177
-1324.454
4688.443
-1324.486
4685.604
-1324.450
4682.654
-1324.345
4679.589
-1324.166
4676.403
-1323.910
4673.089
-1323.573
4669.643
-1323.151
4666.057
-1322.641
4662.325
-1322.037
4658.440
-1321.337
4654.395
-1320.534
4650.183
-1319.625
4645.795
-1318.605
4641.225
-1317.468
4636.462
-1316.209
4631.500
-1314.823
4626.328
-1313.304
4620.937
-1311.647
4615.318
-1309.845
4609.461
-1307.891
4603.355
-1305.780
4596.989
-1303.505
4590.353
-1301.059
4583.435
-1298.435
4576.223
-1295.626
4568.705
-1292.625
4560.868
-1289.423
4552.700
-1286.013
4544.188
-1282.387
4535.318
-1278.538
4526.076
-1274.457
4516.449
-1270.135
4506.422
-1265.566
4495.981
-1260.739
4485.110
-1255.648
4473.796
-1250.283
4462.024
-1244.636
4449.777
-1238.699
4437.042
-1232.464
4423.804
-1225.923
4410.047
-1219.068
4395.757
-1211.891
4380.919
-1204.386
4365.519
-1196.544
4349.544
-1188.361
4332.979
-1179.829
4315.813
-1170.944
4298.032
-1161.699
4279.626
-1152.092
4260.583
-1142.118
4240.895
-1131.775
4220.551
-1121.061
4199.546
-1109.974
4177.871
-1098.514
4155.523
-1086.683
4132.497
-1074.482
4108.791
-1061.915
4084.405
-1048.985
4059.339
-1035.699
4033.597
-1022.062
4007.182
-1008.082
3980.102
-993.769
3952.365
-979.133
3923.980
-964.186
3894.961
-948.939
3865.321
-933.408
3835.076
-917.607
3804.244
-901.553
3772.845
-885.262
3740.901
-868.753
3708.436
-852.045
3675.473
-835.157
3642.040
-818.111
3608.165
-800.928
3573.877
-783.628
3539.208
-766.234
3504.188
-748.769
3468.850
-731.254
3433.227
-713.712
3397.355
-696.166
3361.265
-678.636
3324.995
-661.146
3288.577
-643.716
3252.047
-626.367
3215.438
-609.119
3178.786
-591.991
3142.124
-575.003
3105.484
-558.172
3068.899
-541.515
3032.399
-525.048
2996.016
-508.785
2959.777
-492.741
2923.712
-476.928
2887.846
-461.359
2852.206
-446.043
2816.814
-430.991
2781.695
-416.211
2746.869
-401.710
2712.356
-387.496
2678.175
-373.573
2644.342
-359.947
2610.873
-346.620
2577.783
-333.596
2545.084
-320.877
2512.789
-308.464
2480.906
-296.357
2449.445
-284.556
2418.415
-273.060
2387.821
-261.868
2357.669
-250.978
2327.964
-240.387
2298.710
-230.093
2269.908
-220.091
2241.561
-210.379
2213.669
-200.951
2186.233
-191.804
2159.251
-182.933
2132.724
-174.333
2106.648
-166.000
2081.021
-157.927
2055.840
-150.109
2031.102
-142.542
2006.803
-135.219
1982.938
-128.136
1959.503
-121.285
1936.492
-114.663
1913.902
-108.263
1891.725
-102.079
1869.956
-96.106
1848.590
-90.338
1827.620
-84.771
1807.040
-79.397
1786.844
-74.213
1767.025
-69.213
1747.577
-64.392
1728.493
-59.744
1709.767
-55.264
1691.393
-50.949
1673.362
-46.792
1655.670
-42.789
1638.309
-38.936
1621.273
-35.228
1604.556
-31.661
1588.151
-28.230
1572.051
-24.932
1556.251
-21.762
1540.744
-18.716
1525.524
-15.791
1510.585
-12.983
1495.921
-10.288
1481.526
-7.703
1467.394
-5.224
1453.520
-2.848
1439.898
-0.572
1426.523
 1.607
1413.388
 3.692
1400.490
 5.687
1387.822
 7.593
1375.380
 9.414
1363.158
11.153
1351.152
12.811
1339.357
14.392
1327.768
15.897
1316.380
17.330
1305.190
18.692
1294.192
19.985
1283.383
21.212
1272.759
22.375
1262.314
23.475
1252.046
24.515
1241.949
25.497
1232.022
26.421
1222.259
27.291
1212.657
28.107
1203.212
28.871
1193.922
29.585
1184.782
30.250
1175.790
30.868
1166.941
31.440
1158.234
31.967
1149.664
32.452
1141.230
32.894
1132.927
33.296
1124.753
33.658
1116.706
33.982
1108.782
34.269
1100.979
34.520
1093.294
34.736
1085.725
34.917
1078.270
35.066
1070.925
35.182
1063.689
35.268
1056.559
35.323
1049.533
35.348
1042.609
35.345
1035.784
35.315
1029.058
35.257
1022.426
35.173
1015.889
35.064
1009.443
34.930
1003.087
34.771
996.818
34.590
990.636
34.385
984.538
34.159
978.523
33.911
972.589
33.642
966.735
33.353
960.958
33.044
955.257
32.716
949.631
32.369
944.078
32.003
938.597
31.620
933.186
31.220
927.844
30.803
922.570
30.370
917.362
29.921
912.219
29.456
907.140
28.977
902.123
28.482
897.168
27.974
892.272
27.451
887.436
26.916
882.657
26.367
877.936
25.805
873.270
25.230
868.658
24.644
864.100
24.046
859.595
23.436
855.142
22.815
850.739
22.183
846.386
21.541
842.081
20.888
837.825
20.225
833.615
19.552
829.452
18.870
825.334
18.179
821.261
17.478
817.231
16.769
813.245
16.051
809.300
15.324
805.397
14.590
801.534
13.848
797.712
13.098
793.929
12.340
790.184
11.575
786.477
10.803
782.808
10.024
779.174
 9.238
775.577
 8.446
772.016
 7.648
768.488
 6.843
764.995
 6.032
761.536
 5.215
758.109
 4.392
754.715
 3.564
751.353
 2.731
748.022
 1.892
744.721
 1.048
741.451
 0.199
738.211
-0.654
735.000
-1.513
731.817
-2.376
728.663
-3.243
725.537
-4.115
722.438
-4.991
719.365
-5.871
716.320
-6.755
713.300
-7.643
710.306
-8.534
707.337
-9.429
704.393
-10.328
701.473
-11.230
698.577
-12.135
695.705
-13.044
692.856
-13.955
690.029
-14.870
687.225
-15.787
684.444
-16.707
681.684
-17.630
678.945
-18.555
676.227
-19.483
673.530
-20.413
670.854
-21.346
668.197
-22.281
665.561
-23.218
662.944
-24.157
660.345
-25.098
657.766
-26.041
655.205
-26.986
652.663
-27.932
650.138
-28.881
647.632
-29.830
645.142
-30.782
642.670
-31.735
640.215
-32.689
637.776
-33.644
635.354
-34.601
632.947
-35.559
630.557
-36.518
628.182
-37.478
625.823
-38.439
623.478
-39.400
621.149
-40.363
618.835
-41.327
616.534
-42.291
614.249
-43.256
611.977
-44.221
609.719
-45.187
607.474
-46.153
605.243
-47.120
603.025
-48.087
600.821
-49.055
598.629
-50.022
596.449
-50.990
594.282
-51.958
592.128
-52.926
589.985
-53.894
587.854
-54.862
585.735
-55.830
583.628
-56.798
581.532
-57.765
579.447
-58.732
577.373
-59.699
575.310
-60.666
573.258
-61.632
571.216
-62.598
569.184
-63.563
567.163
-64.528
565.152
-65.492
563.151
-66.455
561.159
-67.418
559.178
-68.380
557.205
-69.341
555.242
-70.301
553.289
-71.261
551.344
-72.219
549.408
-73.177
547.481
-74.133
545.563
-75.089
543.653
-76.043
541.752
-76.996
539.859
-77.948
537.974
-78.898
536.098
-79.848
534.229
-80.796
532.368
-81.742
530.515
-82.687
528.669
-83.631
526.831
-84.573
525.000
-85.514
523.177
-86.453
521.360
-87.390
519.551
-88.326
517.749
-89.259
515.953
-90.191
514.164
-91.122
512.382
-92.050
510.606
-92.977
508.837
-93.901
507.074
-94.824
505.318
-95.744
503.567
-96.663
501.823
-97.579
500.085
-98.493
498.352
-99.405
496.625
-100.315
494.904
-101.222
493.189
-102.127
491.479
-103.030
489.775
-103.931
488.076
-104.829
486.383
-105.724
484.694
-106.617
483.011
-107.507
481.333
-108.395
479.660
-109.280
477.991
-110.163
476.328
-111.042
474.669
-111.919
473.015
-112.793
471.366
-113.665
469.721
-114.533
468.081
-115.399
466.445
-116.261
464.814
-117.121
463.187
-117.977
461.564
-118.830
459.945
-119.681
458.330
-120.528
456.720
-121.372
455.113
-122.213
453.511
-123.050
451.912
-123.884
450.317
-124.715
448.726
-125.542
447.138
-126.366
445.554
-127.186
443.974
-128.003
442.397
-128.817
440.824
-129.627
439.254
-130.433
437.688
-131.235
436.125
-132.034
434.565
-132.829
433.009
-133.620
431.455
-134.408
429.905
-135.191
428.358
-135.971
426.814
-136.747
425.273
-137.519
424.688
-139.048
424.341
-140.766
423.992
-142.482
423.641
-144.197
423.177
-145.817
422.823
-147.527
422.466
-149.235
421.995
-150.846
421.635
-152.550
421.159
-154.154
420.795
-155.853
420.429
-157.550
419.946
-159.145
419.575
-160.837
419.087
-162.424
418.712
-164.112
418.335
-165.797
417.839
-167.374
417.457
-169.054
416.955
-170.623
416.569
-172.298
416.112
-173.907
415.601
-175.464
415.208
-177.132
414.691
-178.680
414.292
-180.342
413.856
-181.968
413.382
-183.556
412.879
-185.114
412.469
-186.765
411.933
-188.288
411.518
-189.933
410.975
-191.448
410.554
-193.086
410.004
-194.591
409.577
-196.223
409.020
-197.719
408.587
-199.344
408.022
-200.829
407.582
-202.448
407.009
-203.923
406.564
-205.535
406.114
-207.143
405.529
-208.603
405.073
-210.204
404.480
-211.651
404.017
-213.245
403.550
-214.834
402.944
-216.265
402.470
-217.847
401.854
-219.265
401.372
-220.838
400.887
-222.408
400.257
-223.806
399.763
-225.367
399.266
-226.924
398.764
-228.476
398.115
-229.849
397.605
-231.392
397.090
-232.930
396.571
-234.463
395.943
-235.860
395.416
-237.383
394.883
-238.902
394.196
-240.223
393.654
-241.731
393.108
-243.233
392.556
-244.730
392.000
-246.222
391.439
-247.708
390.872
-249.188
390.301
-250.662
389.724
-252.130
