 0.352
 0.352
 0.352
 0.353
 0.353
 0.353
 0.353
 0.353
 0.353
 0.354
 0.354
 0.354
 0.354
 0.354
 0.355
 2.917
 0.934
 0.574
 0.439
 0.376
 0.343
 0.325
 0.314
 0.307
 0.303
 0.301
 0.299
 0.299
 0.299
 0.299
 0.300
 0.302
 0.304
 0.306
 0.309
 0.312
 0.317
 0.322
 0.327
 0.334
 0.342
 0.351
 0.361
 0.372
 0.385
 0.399
 0.415
 0.433
 0.452
 0.474
 0.497
 0.523
 0.551
 0.581
 0.614
 0.649
 0.688
 0.729
 0.773
 0.821
 0.872
 0.926
 0.984
 1.046
 1.112
 1.183
 1.258
 1.337
 1.422
 1.511
 1.606
 1.707
 1.813
 1.926
 2.045
 2.170
 2.302
 2.441
 2.587
 2.741
 2.902
 3.070
 3.247
 3.431
 3.623
 3.823
 4.031
 4.247
 4.470
 4.700
 4.938
 5.182
 5.433
 5.689
 5.951
 6.217
 6.486
 6.758
 7.032
 7.307
 7.582
 7.854
 8.124
 8.391
 8.651
 8.905
 9.151
 9.387
 9.613
 9.827
10.028
10.215
10.386
10.542
10.680
10.801
10.905
10.990
11.056
11.104
11.134
11.145
11.139
11.115
11.075
11.019
10.947
10.862
10.762
10.651
10.528
10.394
10.251
10.099
 9.940
 9.775
 9.604
 9.428
 9.248
 9.065
 8.880
 8.694
 8.506
 8.318
 8.130
 7.943
 7.757
 7.573
 7.391
 7.211
 7.033
 6.858
 6.686
 6.518
 6.352
 6.190
 6.032
 5.877
 5.725
 5.577
 5.433
 5.293
 5.156
 5.023
 4.894
 4.768
 4.645
 4.526
 4.410
 4.298
 4.189
 4.083
 3.981
 3.881
 3.784
 3.690
 3.599
 3.511
 3.425
 3.342
 3.262
 3.184
 3.108
 3.034
 2.963
 2.894
 2.827
 2.762
 2.699
 2.638
 2.578
 2.521
 2.465
 2.411
 2.358
 2.307
 2.258
 2.210
 2.163
 2.118
 2.074
 2.031
 1.989
 1.949
 1.910
 1.872
 1.835
 1.799
 1.764
 1.730
 1.697
 1.665
 1.633
 1.603
 1.574
 1.545
 1.517
 1.490
 1.463
 1.437
 1.412
 1.388
 1.364
 1.341
 1.318
 1.296
 1.275
 1.254
 1.234
 1.214
 1.194
 1.176
 1.157
 1.139
 1.122
 1.105
 1.088
 1.072
 1.056
 1.041
 1.026
 1.011
 0.997
 0.983
 0.969
 0.956
 0.943
 0.930
 0.917
 0.905
 0.893
 0.882
 0.870
 0.859
 0.848
 0.838
 0.828
 0.817
 0.808
 0.798
 0.788
 0.779
 0.770
 0.761
 0.753
 0.744
 0.736
 0.728
 0.720
 0.712
 0.704
 0.697
 0.690
 0.683
 0.676
 0.669
 0.662
 0.656
 0.649
 0.643
 0.637
 0.631
 0.625
 0.619
 0.613
 0.608
 0.602
 0.597
 0.591
 0.586
 0.581
 0.576
 0.571
 0.567
 0.562
 0.557
 0.553
 0.548
 0.544
 0.540
 0.536
 0.531
 0.527
 0.523
 0.520
 0.516
 0.512
 0.508
 0.505
 0.501
 0.498
 0.494
 0.491
 0.487
 0.484
 0.481
 0.478
 0.475
 0.472
 0.469
 0.466
 0.463
 0.374
 0.374
 0.374
 0.373
 0.373
 0.373
 0.372
 0.372
 0.372
 0.371
 0.371
 0.371
 0.370
 0.370
 0.370
 0.369
 0.369
 0.369
 0.368
 0.368
 0.368
 0.367
 0.367
 0.366
 0.366
 0.366
 0.365
 0.365
 0.365
 0.364
 0.364
 0.364
 0.363
 0.363
 0.363
 0.362
 0.362
 0.361
 0.361
 0.361
 0.360
 0.360
 0.360
 0.359
 0.359
 0.358
 0.358
 0.358
 0.357
 0.357
 0.356
 0.356
 0.355
 0.355
 0.355
 0.354
 0.354
 0.353
 0.353
 0.352
 0.352
 0.352
 0.351
 0.351
 0.350
 0.350
 0.349
 0.349
 0.348
 0.348
 0.347
 0.347
 0.346
 0.346
 0.345
 0.345
 0.344
 0.344
 0.343
 0.343
 0.342
 0.342
 0.341
 0.340
 8.893
 7.350
 6.172
 5.253
 4.521
 3.931
 3.447
 3.046
 2.711
 2.427
 2.184
 1.976
 1.796
 1.639
 1.502
 1.381
 1.274
 1.179
 1.094
 1.018
 0.950
 0.889
 0.833
 0.782
 0.737
 0.695
 0.657
 0.622
 0.590
 0.560
 0.533
 0.508
 0.485
 0.463
 0.443
 0.425
 0.407
 0.391
 0.376
 0.362
 0.349
 0.336
 0.325
 0.314
 0.303
 0.294
 0.284
 0.276
 0.267
 0.259
 0.252
 0.245
 0.238
 0.231
 0.225
 0.219
 0.213
 0.207
 0.202
 0.197
 0.192
 0.187
 0.183
 0.178
 0.174
 0.170
 0.165
 0.161
 0.158
 0.154
 0.150
 0.147
 0.143
 0.140
 0.137
 0.133
 0.130
 0.127
 0.124
 0.122
 0.119
 0.116
 0.113
 0.111
 0.108
 0.106
 0.103
 0.101
 0.098
 0.096
 0.094
 0.092
 0.090
 0.088
 0.086
 0.084
 0.082
 0.080
 0.078
 0.076
 0.075
 0.073
 0.071
 0.070
 0.068
 0.067
 0.065
 0.064
 0.062
 0.061
 0.060
 0.058
 0.057
 0.056
 0.055
 0.053
 0.052
 0.051
 0.050
 0.049
 0.048
 0.047
 0.046
 0.045
 0.044
 0.043
 0.043
 0.042
 0.041
 0.040
 0.039
 0.039
 0.038
 0.037
 0.037
 0.036
 0.035
 0.035
 0.034
 0.034
 0.033
 0.033
 0.032
 0.032
 0.031
 0.031
 0.030
 0.030
 0.029
 0.029
 0.029
 0.028
 0.028
 0.027
 0.027
 0.027
 0.026
 0.026
 0.026
 0.026
 0.025
 0.025
 0.025
 0.025
 0.024
 0.024
 0.024
 0.024
 0.023
 0.023
 0.023
 0.023
 0.023
 0.022
 0.022
 0.022
 0.022
 0.022
 0.022
 0.022
 0.021
 0.021
 0.021
 0.021
 0.021
 0.021
 0.021
 0.021
 0.020
 0.020
 0.020
 0.020
 0.020
 0.020
 0.020
 0.020
 0.020
 0.020
 0.019
 0.019
 0.019
 0.019
 0.019
 0.019
 0.019
 0.019
 0.019
 0.019
 0.019
 0.019
 0.019
 0.018
 0.017
 0.017
 0.017
 0.017
 0.017
 0.017
 0.017
 0.017
 0.017
 0.017
 0.017
 0.017
 0.018
 0.018
 0.018
 0.018
 0.018
 0.018
 0.018
 0.018
 0.018
 0.018
 0.018
 0.018
 0.018
 0.018
 0.017
 0.017
 0.017
 0.017
 0.017
 0.017
 0.017
 0.017
 0.017
 0.017
 0.017
 0.017
 0.017
 0.017
 0.017
 0.017
 0.017
 0.017
 0.017
 0.017
 0.017
 0.017
 0.017
 0.017
 0.017
 0.017
 0.017
 0.017
 0.017
 0.017
 0.016
 0.016
 0.016
 0.016
 0.016
 0.016
 0.016
 0.016
 0.016
 0.016
 0.016
 0.016
 0.016
 0.016
 0.016
 0.016
 0.016
 0.016
 0.016
 0.016
 0.016
 0.016
 0.016
 0.016
 0.016
 0.015
 0.015
 0.015
 0.015
 0.015
 0.015
 0.015
 0.015
 0.015
 0.015
 0.015
 0.015
 0.015
 0.015
 0.015
 0.015
 0.015
 0.015
 0.015
 0.015
 0.015
 0.015
 0.015
 0.015
 0.015
 0.014
 0.014
 0.014
 0.014
 0.014
 0.014
 0.014
 0.014
 0.014
 0.014
 0.014
 0.014
 0.014
 0.014
 0.014
 0.014
 0.014
 0.014
 0.014
 0.014
 0.014
 0.014
 0.014
 0.014
 0.014
 0.014
 0.014
 0.014
 0.013
 0.013
 0.013
 0.013
 0.013
 0.013
 0.013
 0.013
 0.013
 0.013
 0.013
 0.013
 0.013
 0.013
 0.013
 0.013
 0.013
 0.013
 0.013
 0.013
 0.013
 0.013
 0.013
 0.013
 0.013
 0.013
 0.013
 0.013
 0.013
 0.013
 0.013
 0.013
 0.012
 0.012
 0.012
 0.012
 0.012
 0.012
 0.538
 0.680
 0.680
 0.372
 0.374
 0.373
 0.373
 0.372
 0.372
 0.372
 0.371
 0.371
 0.370
 0.370
 0.369
 0.369
 0.368
 0.368
 0.367
 0.367
 0.366
 0.364
 0.249
 0.029
 0.142
 0.240
 0.304
 0.354
 0.392
 0.418
 0.433
 0.442
 0.444
 0.443
 0.438
 0.431
 0.423
 0.413
 0.402
 0.391
 0.379
 0.367
 0.355
 0.344
 0.332
 0.321
 0.309
 0.298
 0.288
 0.277
 0.267
 0.258
 0.248
 0.239
 0.231
 0.222
 0.214
 0.206
 0.199
 0.191
 0.184
 0.177
 0.171
 0.165
 0.158
 0.153
 0.147
 0.142
 0.136
 0.131
 0.126
 0.122
 0.117
 0.113
 0.109
 0.105
 0.101
 0.097
 0.094
 0.090
 0.087
 0.084
 0.080
 0.077
 0.075
 0.072
 0.069
 0.067
 0.064
 0.062
 0.059
 0.057
 0.055
 0.053
 0.051
 0.049
 0.047
 0.046
 0.044
 0.042
 0.041
 0.039
 0.038
 0.036
 0.035
 0.034
 0.033
 0.031
 0.030
 0.029
 0.028
 0.027
 0.026
 0.025
 0.024
 0.023
 0.022
 0.022
 0.021
 0.020
 0.019
 0.019
 0.018
 0.017
 0.017
 0.016
 0.015
 0.015
 0.014
 0.014
 0.013
 0.013
 0.012
 0.012
 0.011
 0.011
 0.011
 0.010
 0.010
 0.009
 0.009
 0.009
 0.008
 0.008
 0.008
 0.007
 0.007
 0.007
 0.007
 0.006
 0.006
 0.006
 0.006
 0.006
 0.005
 0.005
 0.005
 0.005
 0.005
 0.004
 0.004
 0.004
 0.004
 0.004
 0.004
 0.004
 0.003
 0.003
 0.003
 0.003
 0.003
 0.003
 0.003
 0.003
 0.003
 0.002
 0.002
 0.002
 0.002
 0.002
 0.002
 0.002
 0.002
 0.002
 0.002
 0.002
 0.002
 0.002
 0.001
 0.001
 0.001
 0.001
 0.001
 0.001
 0.001
 0.001
 0.001
 0.001
 0.001
 0.001
 0.001
 0.001
 0.001
 0.001
 0.001
 0.001
 0.001
 0.001
 0.001
 0.001
 0.001
 0.001
 0.001
 0.001
 0.001
 0.001
 0.001
 0.000
 0.000
 0.000
 0.000
 0.000
 0.000
 0.000
 0.000
 0.000
 0.000
 0.032
 0.362
 0.251
 0.261
 0.274
 0.285
 0.297
 0.308
 0.319
