5000.000
5000.591
5001.183
5001.776
5002.369
5002.964
5003.559
5004.155
5004.752
5005.349
5005.948
5006.547
5007.147
5007.748
5008.350
4967.200
4959.584
4956.081
4953.768
4952.022
4950.601
4949.387
4948.310
4947.328
4946.412
4945.540
4944.696
4943.869
4943.047
4942.223
4941.389
4940.538
4939.664
4938.762
4937.827
4936.852
4935.833
4934.764
4933.642
4932.459
4931.212
4929.894
4928.500
4927.024
4925.460
4923.800
4922.040
4920.170
4918.185
4916.075
4913.833
4911.450
4908.916
4906.222
4903.357
4900.311
4897.071
4893.626
4889.962
4886.066
4881.923
4877.519
4872.836
4867.858
4862.567
4856.943
4850.968
4844.620
4837.878
4830.717
4823.115
4815.046
4806.483
4797.399
4787.765
4777.552
4766.729
4755.264
4743.125
4730.277
4716.685
4702.316
4687.131
4671.096
4654.174
4636.326
4617.517
4597.711
4576.870
4554.961
4531.949
4507.803
4482.491
4455.985
4428.261
4399.296
4369.071
4337.571
4304.785
4270.708
4235.339
4198.682
4160.747
4121.551
4081.115
4039.469
3996.646
3952.688
3907.642
3861.561
3814.503
3766.534
3717.721
3668.139
3617.864
3566.978
3515.563
3463.704
3411.489
3359.002
3306.333
3253.566
3200.785
3148.074
3095.512
3043.176
2991.140
2939.472
2888.238
2837.498
2787.310
2737.724
2688.788
2640.543
2593.028
2546.275
2500.312
2455.165
2410.852
2367.391
2324.793
2283.069
2242.224
2202.260
2163.180
2124.979
2087.655
2051.200
2015.606
1980.864
1946.963
1913.890
1881.632
1850.175
1819.502
1789.600
1760.451
1732.040
1704.348
1677.360
1651.059
1625.426
1600.445
1576.099
1552.371
1529.245
1506.703
1484.729
1463.308
1442.424
1422.061
1402.204
1382.838
1363.949
1345.524
1327.548
1310.007
1292.890
1276.183
1259.874
1243.951
1228.403
1213.219
1198.387
1183.897
1169.739
1155.903
1142.380
1129.159
1116.233
1103.592
1091.228
1079.134
1067.300
1055.720
1044.386
1033.291
1022.429
1011.791
1001.373
991.168
981.170
971.372
961.770
952.359
943.131
934.084
925.211
916.508
907.970
899.593
891.373
883.305
875.385
867.610
859.976
852.479
845.115
837.881
830.773
823.790
816.926
810.180
803.549
797.029
790.618
784.313
778.111
772.011
766.009
760.104
754.293
748.574
742.944
737.402
731.945
726.572
721.281
716.070
710.937
705.880
700.898
695.988
691.151
686.383
681.683
677.050
672.483
667.980
663.540
659.161
654.842
650.582
646.380
642.234
638.144
634.108
630.126
626.195
622.316
618.487
614.707
610.976
607.292
603.654
600.062
596.514
593.010
589.550
586.132
582.755
579.419
576.124
572.867
569.650
566.470
563.328
560.222
557.153
554.118
551.119
548.154
545.223
542.325
539.459
536.626
533.824
531.053
528.313
525.603
522.923
520.271
517.648
515.054
512.487
509.948
507.436
504.951
502.491
500.058
497.649
495.266
492.908
490.574
488.264
485.978
483.715
481.475
479.258
477.063
474.890
472.739
470.609
468.501
466.413
464.347
462.300
460.274
458.267
456.280
454.313
452.364
451.428
451.210
450.999
450.795
450.597
450.406
450.222
450.044
449.873
449.708
449.550
449.398
449.253
449.114
448.981
448.854
448.734
448.619
448.511
448.408
448.312
448.221
448.136
448.057
447.984
447.916
447.854
447.797
447.746
447.700
447.659
447.624
447.594
447.569
447.549
447.534
447.524
447.519
447.519
447.524
447.533
447.547
447.565
447.588
447.615
447.647
447.683
447.723
447.767
447.815
447.867
447.923
447.982
448.046
448.113
448.183
448.257
448.335
448.416
448.500
448.587
448.677
448.770
448.866
448.965
449.066
449.170
449.277
449.386
449.497
449.611
449.727
449.845
449.964
450.086
450.209
450.334
450.461
450.589
450.718
450.848
450.980
451.113
451.246
428.762
389.138
356.139
328.259
304.411
283.798
265.816
250.004
236.003
223.528
212.351
202.288
193.186
184.922
177.391
170.506
164.192
158.388
153.037
148.095
143.520
139.278
135.338
131.673
128.258
125.073
122.099
119.320
116.719
114.283
112.001
109.861
107.853
105.968
104.197
102.533
100.970
99.500
98.117
96.816
95.592
94.441
93.357
92.336
91.376
90.472
89.621
88.819
88.065
87.354
86.685
86.055
85.461
84.903
84.376
83.880
83.413
82.973
82.558
82.167
81.798
81.451
81.122
80.813
80.520
80.244
79.983
79.736
79.502
79.280
79.070
78.870
78.681
78.501
78.329
78.165
78.009
77.859
77.716
77.579
77.447
77.320
77.197
77.079
76.964
76.853
76.745
76.640
76.537
76.437
76.339
76.243
76.149
76.056
75.965
75.874
75.785
75.696
75.609
75.522
75.435
75.349
75.263
75.178
75.093
75.007
74.922
74.837
74.752
74.666
74.581
74.495
74.410
74.323
74.237
74.150
74.064
73.976
73.889
73.801
73.713
73.624
73.535
73.446
73.356
73.266
73.176
73.085
72.994
72.903
72.811
72.719
72.627
72.534
72.441
72.348
72.255
72.161
72.067
71.973
71.879
71.784
71.690
71.595
71.500
71.404
71.309
71.214
71.118
71.022
70.926
70.830
70.734
70.638
70.542
70.446
70.350
70.254
70.157
70.061
69.965
69.869
69.772
69.676
69.580
69.484
69.388
69.292
69.196
69.100
69.005
68.909
68.813
68.718
68.623
68.527
68.432
68.337
68.242
68.148
68.053
67.959
67.865
67.770
67.677
67.583
67.489
67.396
67.302
67.209
67.116
67.024
66.931
66.839
66.747
66.655
66.563
66.471
66.380
66.289
66.198
66.107
66.017
65.926
65.836
65.746
65.656
65.567
65.478
65.389
65.300
65.211
65.125
65.044
64.962
64.880
64.798
64.715
64.632
64.549
64.465
64.381
64.296
64.212
64.127
64.042
63.957
63.872
63.787
63.701
63.616
63.531
63.445
63.360
63.274
63.189
63.103
63.018
62.932
62.847
62.762
62.677
62.592
62.507
62.422
62.337
62.252
62.168
62.084
61.999
61.915
61.831
61.748
61.664
61.580
61.497
61.414
61.331
61.248
61.166
61.083
61.001
60.919
60.837
60.755
60.674
60.592
60.511
60.430
60.350
60.269
60.189
60.108
60.029
59.949
59.869
59.790
59.711
59.632
59.553
59.474
59.396
59.318
59.240
59.162
59.085
59.007
58.930
58.853
58.776
58.700
58.623
58.547
58.471
58.396
58.320
58.245
58.170
58.095
58.020
57.945
57.871
57.797
57.723
57.649
57.575
57.502
57.429
57.356
57.283
57.210
57.138
57.065
56.993
56.921
56.850
56.778
56.707
56.636
56.565
56.494
56.423
56.353
56.282
56.212
56.143
56.073
56.003
55.934
55.865
55.796
55.727
55.658
55.590
55.522
55.453
55.385
55.318
55.250
55.183
55.115
55.048
54.981
54.915
54.848
54.782
54.715
54.649
54.583
54.518
54.452
54.387
54.321
54.256
54.191
54.126
54.062
53.997
53.933
53.869
53.805
53.741
53.677
53.614
53.550
53.487
53.424
53.361
53.299
53.236
53.173
53.111
53.049
52.987
52.925
52.863
52.802
52.741
52.679
52.618
52.557
52.496
52.436
52.375
53.577
50.310
46.974
46.750
48.582
50.414
52.243
54.071
55.897
57.721
59.543
61.363
63.180
64.996
66.808
68.619
70.427
72.232
74.035
75.835
77.632
79.427
80.995
81.653
81.328
80.365
79.020
77.399
75.562
73.568
71.475
69.326
67.151
64.973
62.810
60.676
58.581
56.531
54.532
52.587
50.699
48.869
47.097
45.382
43.726
42.126
40.581
39.091
37.654
36.268
34.932
33.644
32.403
31.207
30.055
28.945
27.876
26.846
25.854
24.899
23.979
23.092
22.239
21.417
20.625
19.862
19.128
18.421
17.740
17.084
16.452
15.844
15.258
14.694
14.151
13.627
13.124
12.638
12.171
11.721
11.288
10.870
10.468
10.081
 9.709
 9.350
 9.004
 8.671
 8.350
 8.042
 7.744
 7.458
 7.182
 6.917
 6.661
 6.415
 6.177
 5.949
 5.729
 5.517
 5.313
 5.117
 4.928
 4.745
 4.570
 4.401
 4.238
 4.082
 3.931
 3.785
 3.645
 3.511
 3.381
 3.256
 3.135
 3.019
 2.908
 2.800
 2.697
 2.597
 2.501
 2.409
 2.320
 2.234
 2.151
 2.072
 1.995
 1.921
 1.850
 1.782
 1.716
 1.652
 1.591
 1.533
 1.476
 1.421
 1.369
 1.318
 1.269
 1.222
 1.177
 1.134
 1.092
 1.051
 1.013
 0.975
 0.939
 0.904
 0.871
 0.839
 0.808
 0.778
 0.749
 0.721
 0.695
 0.669
 0.644
 0.620
 0.598
 0.575
 0.554
 0.534
 0.514
 0.495
 0.477
 0.459
 0.442
 0.426
 0.410
 0.395
 0.380
 0.366
 0.353
 0.340
 0.327
 0.315
 0.303
 0.292
 0.281
 0.271
 0.261
 0.251
 0.242
 0.233
 0.224
 0.216
 0.208
 0.200
 0.193
 0.186
 0.179
 0.172
 0.166
 0.160
 0.154
 0.148
 0.143
 0.137
 0.132
 0.127
 0.123
 0.118
 0.114
 0.110
 0.106
 0.102
 0.098
 0.094
 0.091
 0.087
 0.084
 0.081
 0.078
 0.075
 0.072
 0.070
 0.067
 0.065
 0.062
 0.060
 0.058
 0.056
 0.054
 0.052
 0.050
 0.048
 0.046
 0.172
 0.129
 0.163
 0.164
 0.166
 0.167
 0.169
 0.170
 0.171
