 0.000
125000.000
2349.232
124144.518
4698.464
123288.173
7047.695
122430.963
9396.927
121572.888
11746.159
120713.949
14095.391
119854.143
16444.623
118993.471
18793.854
118131.933
21143.086
117269.528
23492.318
116406.256
25841.550
115542.115
28190.782
114677.107
30540.013
113811.230
32889.245
112944.484
35231.399
112082.184
37561.195
111228.288
39888.646
110375.278
42214.667
109522.467
44539.602
108669.599
46863.631
107816.539
49186.861
106963.205
51509.363
106109.545
53831.185
105255.522
56152.360
104401.112
58472.910
103546.298
60792.850
102691.067
63112.190
101835.414
65430.934
100979.334
67749.081
100122.827
70066.630
99265.896
72383.575
98408.544
74699.906
97550.777
77015.614
96692.603
79330.684
95834.032
81645.103
94975.076
83958.851
94115.747
86271.910
93256.061
88584.258
92396.033
90895.871
91535.681
93206.723
90675.025
95516.785
89814.086
97826.027
88952.888
100134.416
88091.454
102441.917
87229.813
104748.490
86367.992
107054.095
85506.023
109358.689
84643.938
111662.224
83781.774
113964.651
82919.568
116265.916
82057.360
118565.962
81195.194
120864.728
80333.116
123162.150
79471.174
125458.159
78609.421
127752.682
77747.912
130045.641
76886.707
132336.953
76025.868
134626.530
75165.463
136914.278
74305.562
139200.097
73446.242
141483.883
72587.581
143765.522
71729.666
146044.896
70872.587
148321.879
70016.440
150596.335
69161.325
152868.124
68307.352
155137.095
67454.634
157403.087
66603.291
159665.932
65753.452
161925.451
64905.251
164181.455
64058.831
166433.744
63214.343
168682.106
62371.946
170926.318
61531.807
173166.145
60694.103
175401.339
59859.019
177631.638
59026.751
179856.767
58197.503
182076.435
57371.491
184290.341
56548.939
186498.163
55730.084
188699.569
54915.171
190894.208
54104.458
193081.714
53298.210
195261.705
52496.707
197433.783
51700.236
199597.534
50909.096
201752.528
50123.596
203898.318
49344.053
206034.443
48570.795
208160.425
47804.157
210275.774
47044.482
212379.984
46292.120
214472.536
45547.428
216552.901
44810.766
218620.538
44082.499
220674.897
43362.992
222715.421
42652.612
224741.546
41951.726
226752.704
41260.697
228748.327
40579.884
230727.846
39909.639
232690.694
39250.306
234636.311
38602.219
236564.142
37965.698
238473.646
37341.052
240364.292
36728.571
242235.566
36128.526
244086.972
35541.171
245918.036
34966.736
247728.306
34405.428
249517.356
33857.431
251284.789
33322.901
253030.238
32801.969
254753.366
32294.737
256453.871
31801.281
258131.486
31321.647
259785.979
30855.855
261417.153
30403.894
263024.852
29965.728
264608.953
29541.294
266169.371
29130.501
267706.060
28733.236
269219.007
28349.360
270708.236
27978.713
272173.804
27621.115
273615.800
27276.366
275034.346
26944.248
276429.594
26624.527
277801.721
26316.958
279150.934
26021.280
280477.460
25737.223
281781.551
25464.508
283063.480
25202.849
284323.536
24951.953
285562.027
24711.523
286779.273
24481.261
287975.609
24260.865
289151.380
24050.033
290306.940
23848.463
291442.652
23655.857
292558.883
23471.917
293656.008
23296.350
294734.401
23128.865
295794.443
22969.177
296836.512
22817.006
297860.989
22672.078
298868.251
22534.125
299858.675
22402.884
300832.635
22278.100
301790.502
22159.524
302732.642
22046.914
303659.418
21940.036
304571.186
21838.661
305468.297
21742.570
306351.099
21651.549
307219.929
21565.390
308075.121
21483.895
308917.003
21406.871
309745.894
21334.132
310562.106
21265.498
311365.947
21200.797
312157.715
21139.862
312937.703
21082.533
313706.196
21028.655
314463.472
20978.079
315209.801
20930.663
315945.449
20886.270
316670.673
20844.767
317385.724
20806.027
318090.846
20769.929
318786.276
20736.354
319472.245
20705.190
320148.979
20676.329
320816.696
20649.667
321475.609
20625.104
322125.925
20602.544
322767.844
20581.895
323401.562
20563.069
324027.269
20545.979
324645.150
20530.545
325255.383
20516.689
325858.143
20504.334
326453.600
20493.409
327041.918
20483.843
327623.256
20475.571
328197.771
20468.528
328765.612
20462.651
329326.928
20457.883
329881.860
20454.165
330430.547
20451.444
330973.123
20449.665
331509.720
20448.780
332040.465
20448.738
332565.481
20449.494
333084.888
20451.002
333598.804
20453.218
334107.341
20456.102
334610.611
20459.612
335108.721
20463.711
335601.775
20468.360
336089.875
20473.525
336573.120
20479.170
337051.605
20485.263
337525.426
20491.771
337994.671
20498.664
338459.431
20505.912
338919.791
20513.485
339375.836
20521.358
339827.647
20529.502
340275.303
20537.893
340718.883
20546.505
341158.461
20555.315
341594.111
20564.300
342025.905
20573.437
342453.913
20582.705
342878.202
20592.084
343298.839
20601.552
343715.888
20611.092
344129.413
20620.684
344539.474
20630.311
344946.131
20639.954
345349.444
20649.598
345749.468
20659.226
346146.259
20668.822
346539.871
20678.372
346930.358
20687.859
347317.770
20697.272
347702.158
20706.595
348083.571
20715.815
348462.057
20724.920
348837.662
20733.898
349210.433
20742.735
349580.414
20751.422
349947.648
20759.946
350312.179
20768.296
350674.047
20776.463
351033.293
20784.436
351389.956
20792.204
351744.077
20799.760
352095.692
20807.093
352444.838
20814.194
352791.552
20821.055
353135.869
20827.668
353477.823
20834.023
353817.449
20840.115
354154.780
20845.934
354489.847
20851.473
354822.683
20856.726
355153.318
20861.686
355481.784
20866.345
355808.108
20870.697
356132.321
20874.736
356454.451
20878.456
356774.525
20881.851
357092.571
20884.915
357408.616
20887.642
357722.685
20890.028
358034.804
20892.067
358344.998
20893.754
358653.292
20895.084
358959.709
20896.052
359264.273
20896.654
359567.008
20896.886
359867.935
20896.742
360167.076
20896.219
360464.454
20895.313
360760.090
20894.019
361054.003
20892.335
361346.216
20890.256
361636.748
20887.778
361925.617
20884.899
362212.845
20881.615
362498.449
20877.923
362782.447
20873.819
363064.859
20869.300
363345.702
20864.365
363624.992
20859.009
363902.749
20853.230
364178.987
20847.026
364453.724
20840.393
364726.975
20833.330
364998.757
20825.834
365269.086
20817.902
365537.976
20809.533
365805.442
20800.723
366071.499
20791.473
366336.162
20781.778
366599.444
20771.637
366861.361
20761.049
367121.924
20750.011
367381.148
20738.523
367639.046
20726.581
367895.631
20714.185
368150.916
20701.333
368404.912
20688.024
368657.633
20674.255
368909.090
20660.027
369159.295
20645.337
369408.260
20630.184
369655.997
20614.567
369902.515
20598.486
370147.827
20581.938
370391.943
20564.923
370634.874
20547.440
370876.631
20529.487
371117.223
20511.065
371356.661
20492.172
371594.954
20472.808
371832.113
20452.971
372068.147
20432.661
372303.066
20411.878
372536.878
20390.620
372769.593
20368.888
373001.220
20346.681
373231.768
20323.997
373461.245
20300.838
373689.659
20277.202
373917.020
20253.088
374143.336
20228.498
374368.614
20203.430
374593.007
20177.810
374817.108
20151.338
375040.994
20123.973
375264.665
20095.719
375488.120
20066.574
375711.359
20036.541
375934.382
20005.620
376157.189
19973.811
376379.779
19941.117
376602.153
19907.537
376824.310
19873.073
377046.250
19837.726
377267.971
19801.496
377489.475
19764.385
377710.761
19726.393
377931.828
19687.522
378152.676
19647.772
378373.304
19607.144
378593.712
19565.640
378813.900
19523.260
379033.867
19480.005
379253.613
19435.876
379473.137
19390.875
379692.438
19345.002
379911.517
19298.258
380130.372
19250.645
380349.003
19202.163
380567.409
19152.813
380785.590
19102.597
381003.545
19051.515
381221.273
18999.569
381438.775
18946.760
381656.048
18893.089
381873.092
18838.556
382089.907
18783.164
382306.492
18726.912
382522.846
18669.803
382738.969
18611.838
382954.858
18553.017
383170.514
18493.342
383385.936
18432.814
383601.123
18371.435
383816.074
18309.205
384030.788
18246.125
384245.264
18182.198
384459.501
18117.424
384673.498
18051.804
384887.255
17985.341
385100.769
17918.034
385314.041
17849.886
385527.069
17780.898
385739.852
17711.071
385952.388
17640.407
386164.677
17568.907
386376.718
17496.572
386588.509
17423.404
386800.050
17349.405
387011.338
17274.575
387222.373
17198.917
387433.154
17122.431
387643.678
17045.120
387853.946
16966.985
388063.955
16888.028
388273.704
16808.249
388483.192
16727.652
388692.417
16646.237
388901.378
16564.005
389110.074
16480.960
389318.502
16397.102
389526.662
16312.434
389734.552
16226.956
389942.170
16140.671
390149.516
16053.581
390356.586
15965.688
390563.380
15876.992
390769.895
15787.497
390976.131
15697.204
391182.086
15606.115
391387.757
15514.233
391593.143
15421.558
391798.242
15328.094
392003.052
15233.841
392207.572
15138.804
392411.800
15042.982
392613.188
14947.587
392797.355
14859.476
392964.868
14778.453
393118.379
14703.321
393259.959
14633.143
393391.250
14567.178
393513.580
14504.826
393628.035
14445.596
393735.516
14389.083
393836.777
14334.947
393932.456
14282.899
394023.098
14232.695
394109.171
14184.125
394191.079
14137.006
394269.176
14091.180
394343.772
14046.508
394415.139
14002.869
394483.520
13960.155
394549.128
13918.271
394612.156
13877.131
394672.776
13836.659
394731.144
13796.788
394787.399
13757.455
394841.669
13718.606
394894.068
13680.191
394944.703
13642.164
394993.668
13604.486
395041.053
13567.117
395086.938
13530.025
395131.397
13493.179
395174.500
13456.550
395216.310
13420.112
395256.886
13383.843
395296.282
13347.721
395334.549
13311.725
395371.735
13275.839
395407.883
13240.045
395443.036
13204.330
395477.232
13168.678
395510.506
13133.078
395542.894
13097.518
395574.427
13061.987
395605.134
13026.477
395635.046
12990.978
395664.188
12955.484
395692.586
12919.986
395720.264
12884.478
395747.245
12848.955
395773.550
12813.412
395799.201
12777.844
395824.216
12742.246
395848.615
12706.617
395872.415
12670.951
395895.633
12635.247
395918.286
12599.503
395940.389
12563.716
395961.957
12527.884
395983.004
12492.007
396003.545
12456.083
396023.592
12420.113
396043.159
12384.094
396062.257
12348.027
396080.898
12311.912
396099.094
12275.749
396116.857
12239.538
396134.195
12203.280
396151.120
12166.976
396167.642
12130.626
396183.771
12094.231
396199.515
12057.792
396214.885
12021.310
396229.888
11984.787
396244.533
11948.224
396258.830
11911.622
396272.785
11874.983
396286.406
11838.308
396299.703
11801.598
396312.681
11764.856
396325.348
11728.084
396337.712
11691.282
396349.779
11654.452
396361.556
11617.597
396373.049
11580.717
396384.266
11543.816
396395.212
11506.894
396405.893
11469.953
396416.316
11432.995
396426.487
11396.023
396436.410
11359.037
396446.093
11322.039
396455.539
11285.031
396464.755
11248.016
396473.746
11210.994
396482.517
11173.968
396491.072
11136.938
396499.418
11099.907
396507.558
11062.877
396515.497
11025.848
396523.241
10988.823
396530.793
10951.803
396538.158
10914.789
396545.340
10877.783
396552.343
10840.787
396559.172
10803.802
396565.830
10766.829
396572.322
10729.870
396578.651
10692.926
396584.822
10655.998
396590.837
10619.088
396596.701
10582.197
396602.417
10545.325
396607.988
10508.475
396613.418
10471.647
396618.711
10434.842
396623.869
10398.062
396628.896
10361.307
396633.794
10324.579
396638.568
10287.878
396643.219
10251.206
396647.751
10214.563
396652.167
10177.950
396656.469
10141.368
396660.660
10104.817
396664.743
10068.300
396668.720
10031.816
396672.595
9995.365
396676.369
9958.950
396680.045
9922.570
396683.625
9886.226
396687.112
9849.919
396690.507
9813.649
396693.814
9777.417
396697.035
9741.224
396700.170
9705.069
396703.224
9668.954
396706.197
9632.879
396709.092
9596.844
396711.910
9560.850
396714.653
9524.898
396717.324
9488.987
396719.924
9453.118
396722.455
9417.291
396724.919
9381.507
396727.317
9345.767
396729.651
9310.069
396731.922
9274.415
396734.133
9238.806
396736.284
9203.240
396738.378
9167.719
396740.415
9132.242
396742.398
9096.810
396744.327
9061.424
396746.204
9026.082
396748.030
8990.786
396749.806
8955.536
396751.535
8920.331
396753.216
8885.173
396754.852
8850.060
396756.443
8814.993
396757.990
8779.973
396759.496
8744.999
396760.960
8710.071
396762.384
8675.190
396763.769
8640.355
396765.116
8605.567
396766.425
8570.826
396767.699
8536.131
396768.937
8501.483
396770.142
8466.882
396771.313
8432.328
396772.451
8397.821
396773.558
8363.360
396774.634
8328.946
396775.681
8294.580
396776.698
8260.260
396777.686
8225.986
396778.647
8191.760
396779.581
8157.580
396780.489
8123.447
396781.372
8089.361
396782.230
8055.322
396783.063
8021.329
396783.873
7987.383
396784.661
7953.483
396785.426
7919.630
396786.169
7885.824
396786.891
7852.063
396787.593
7818.350
396788.275
7784.682
396788.938
7751.061
396789.582
7717.485
396790.207
7683.956
396790.814
7650.473
396791.405
7617.036
396791.978
7583.644
396792.535
7550.298
396793.076
7516.998
396793.601
7483.744
396794.111
7450.535
396794.607
7417.371
396795.088
7384.253
396795.555
7351.180
396796.009
7318.153
396796.450
7285.170
396796.878
7252.232
396797.293
7219.339
396797.697
7186.491
396798.088
7153.687
396798.469
7120.929
396798.838
7088.214
396799.196
7055.544
396799.544
7022.918
396799.882
6990.336
396800.210
6957.796
396800.528
6925.296
396800.837
6892.836
396801.137
6860.418
396801.428
6828.041
396801.711
6795.706
396801.985
6763.412
396802.251
6731.159
396802.509
6698.949
396802.760
6666.781
396803.003
6634.655
396803.239
6602.571
396803.468
6570.529
396803.691
6538.530
396803.906
6506.574
396804.115
6474.660
396804.318
6442.788
396804.515
6410.960
396804.706
6379.174
396804.891
6347.430
396805.071
6315.730
396805.245
6284.072
396805.414
6252.457
396805.578
6220.884
396805.737
6189.354
396805.891
6157.867
396806.040
6126.422
396806.185
6095.021
396806.326
6063.661
396806.462
6032.344
396806.594
6001.070
396806.722
5969.838
396806.846
5938.649
396806.967
5907.502
396807.083
5876.397
396807.196
5845.334
396807.306
5814.314
396807.412
5783.335
396807.515
5752.399
396807.615
5721.504
396807.712
5690.651
396807.806
5659.840
396807.896
5629.071
396807.985
5598.344
396808.070
5567.657
396808.153
5537.013
396808.233
5506.409
396808.310
5475.847
396808.385
5445.326
396808.458
5414.847
396808.529
5384.408
396808.597
5354.010
396808.663
5323.653
396808.728
5293.336
396808.790
5263.060
396808.850
5232.825
396808.908
5202.630
396808.965
5172.476
396809.019
5142.361
396809.072
5112.287
396809.124
5082.253
396809.173
5052.258
396809.221
5022.304
396809.268
4992.389
396809.313
4962.514
396809.357
4932.679
396809.399
4902.882
396809.440
4873.126
396809.479
4843.408
396809.518
4813.730
396809.555
4784.090
396809.591
4754.490
396809.626
4724.928
396809.659
4695.405
396809.692
4665.921
396809.723
4636.475
396809.754
4607.068
396809.783
4577.699
396809.812
4548.368
396809.839
4519.075
396809.866
4489.820
396809.892
4460.604
396809.917
4431.425
396809.941
4402.284
396809.965
4373.180
396809.987
4344.114
396810.009
4315.086
396810.031
4286.094
396810.051
4257.140
396810.071
4228.224
396810.090
4199.344
396810.109
4170.501
396810.127
4141.695
396810.144
4112.926
396810.161
4084.193
396810.177
4055.497
396810.193
4026.838
396810.208
3998.215
396810.223
3969.628
396810.237
3941.077
396810.251
3912.562
396810.264
3884.084
396810.277
3855.641
396810.289
3827.234
396810.301
3798.863
396810.313
3770.528
396810.324
3742.228
396810.335
3713.963
396810.345
3685.734
396810.355
3657.540
396810.365
3629.381
396810.375
3601.257
396810.384
3573.169
396810.393
3545.115
396810.401
3517.096
396810.409
3489.112
396810.417
3461.162
396810.425
3433.247
396810.432
3405.366
396810.440
3377.520
396810.446
3349.708
396810.453
3321.930
396810.460
3294.186
396810.466
3266.477
396810.472
3238.801
396810.478
3211.159
396810.483
3183.551
396810.489
3155.976
396810.494
3128.435
396810.499
3100.928
396810.504
3073.454
396810.509
3046.013
396810.513
3018.606
396810.518
2991.232
396810.522
2963.890
396810.526
2936.582
396810.530
2909.307
396810.534
2882.065
396810.538
2854.855
396810.541
2827.678
396810.545
2800.534
396810.548
2773.422
396810.551
2746.343
396810.554
2719.296
396810.557
2692.281
396810.560
2665.298
396810.563
2638.348
396810.566
2611.429
396810.568
2584.543
396810.571
2557.688
396810.573
2530.866
396810.576
2504.075
396810.578
2477.315
396810.580
2450.587
396810.582
2423.891
396810.584
2397.226
396810.586
2370.592
396810.588
2343.990
396810.590
2317.419
396810.591
2290.879
396810.593
2264.370
396810.595
2237.892
396810.596
2211.445
396810.598
2185.028
396810.599
2158.643
396810.601
2132.288
396810.602
2105.963
396810.603
2079.670
396810.605
2053.406
396810.606
2027.173
396810.607
2000.970
396810.608
1974.368
396810.609
1948.382
396810.610
1924.061
396810.611
1900.914
396810.612
1877.081
396810.613
1852.332
396810.614
1826.668
396810.615
1800.089
396810.616
1772.597
396810.616
1744.192
396810.617
1714.876
396810.618
1684.650
396810.619
1653.514
396810.620
1621.470
396810.621
1588.519
396810.622
1554.662
396810.623
1519.900
396810.624
1484.235
396810.624
1447.668
396810.625
1410.200
396810.626
1371.833
396810.627
1332.568
396810.628
1292.437
396810.629
1251.731
396810.630
1210.952
396810.630
1170.509
396810.631
1130.649
396810.632
1091.534
396810.633
1053.286
396810.633
1015.998
396810.634
979.734
396810.635
944.533
396810.635
910.413
396810.636
877.382
396810.636
845.438
396810.637
814.567
396810.637
784.755
396810.638
755.979
396810.638
728.215
396810.638
701.437
396810.639
675.618
396810.639
650.729
396810.639
626.740
396810.640
603.622
396810.640
581.348
396810.640
559.887
396810.640
539.213
396810.641
519.297
396810.641
500.113
396810.641
481.635
396810.641
463.837
396810.641
446.695
396810.641
430.185
396810.641
414.285
396810.642
398.971
396810.642
384.222
396810.642
370.019
396810.642
356.340
396810.642
343.166
396810.642
330.479
396810.642
318.262
396810.642
306.495
396810.642
295.164
396810.642
284.251
396810.642
273.742
396810.642
263.622
396810.642
253.875
396810.642
244.489
396810.642
235.450
396810.642
226.745
396810.642
218.362
396810.642
210.289
396810.642
202.514
396810.642
195.027
396810.642
187.817
396810.642
180.873
396810.642
174.186
396810.642
167.747
396810.642
161.545
396810.642
155.573
396810.642
149.821
396810.642
144.283
396810.642
138.949
396810.642
133.812
396810.642
128.865
396810.642
124.101
396810.642
119.513
396810.642
115.095
396810.642
110.840
396810.642
106.743
396810.642
102.797
396810.642
98.997
396810.642
95.337
396810.642
91.813
396810.642
88.419
396810.642
85.150
396810.642
82.003
396810.642
78.971
396810.642
76.052
396810.642
73.241
396810.642
70.534
396810.642
67.926
396810.642
65.416
396810.642
62.998
396810.642
60.669
396810.642
58.427
396810.642
56.267
396810.642
54.187
396810.642
52.185
396810.642
50.256
396810.642
48.398
396810.642
46.610
396810.642
44.887
396810.642
43.228
396810.642
41.630
396810.642
40.092
396810.642
38.610
396810.642
37.183
396810.642
35.809
396810.642
34.486
396810.642
33.212
396810.642
31.984
396810.642
30.803
396810.642
29.664
396810.642
28.568
396810.642
27.513
396810.642
26.496
396810.642
25.517
396810.642
24.574
396810.642
23.667
396810.642
22.792
396810.642
21.950
396810.642
21.139
396810.642
20.358
396810.642
19.606
396810.642
18.882
396810.642
18.185
396810.642
17.513
396810.642
16.866
396810.642
16.243
396810.642
15.644
396810.642
15.066
396810.642
14.510
396810.642
13.974
396810.642
13.458
396810.642
12.961
396810.642
12.483
396810.642
12.022
396810.642
11.578
396810.642
11.151
396810.642
10.739
396810.642
10.343
396810.642
 9.961
396810.642
 9.593
396810.642
 9.239
396810.642
 8.899
396810.642
 8.570
396810.642
 8.254
396810.642
 7.950
396810.642
 7.656
396810.642
 7.374
396810.642
 7.102
396810.642
 6.840
396810.642
 6.588
396810.642
 6.345
396810.642
 6.111
396810.642
 5.886
396810.642
 5.669
396810.642
 5.460
396810.642
 5.259
396810.642
 5.066
396810.642
 4.879
396810.642
 4.699
396810.642
 4.526
396810.642
 4.360
396810.642
 4.199
396810.642
 4.045
396810.642
 3.896
396810.642
 3.753
396810.642
 3.615
396810.642
 3.482
396810.642
 3.354
396810.642
 3.230
396810.642
 3.112
396810.642
 2.997
396810.642
 2.887
396810.642
 2.781
396810.642
 2.679
396810.642
 2.581
396810.642
 2.486
396810.642
 2.395
396810.642
 2.307
396810.642
 2.223
396810.642
 2.141
396810.642
 2.063
396810.642
 1.987
396810.642
 1.914
396810.642
 1.844
396810.642
 1.777
396810.642
 1.712
396810.642
 1.649
396810.642
 1.589
396810.642
 1.531
396810.642
 1.475
396810.642
 1.421
396810.642
 1.370
396810.642
 1.320
396810.642
 1.272
396810.642
 1.225
396810.642
 1.181
396810.642
 1.138
396810.642
 1.097
396810.642
 1.057
396810.642
 1.018
396810.642
 0.982
396810.642
 0.946
396810.642
 0.912
396810.642
 0.879
396810.642
 0.847
396810.642
 0.816
396810.642
 0.787
396810.642
 0.759
396810.642
 0.731
396810.642
 0.705
396810.642
 0.680
396810.642
 0.655
396810.642
 0.632
396810.654
 0.579
396810.656
 0.519
396810.679
 0.453
396810.704
 0.387
396810.730
 0.321
396810.757
 0.256
396810.785
 0.192
396810.813
 0.129
396810.842
 0.067
