4698.464
-1710.099
4698.464
-1711.827
4698.464
-1713.555
4698.464
-1715.284
4698.464
-1717.014
4698.464
-1718.745
4698.464
-1720.477
4698.464
-1722.210
4698.464
-1723.943
4698.464
-1725.677
4698.464
-1727.413
4698.464
-1729.149
4698.464
-1730.885
4698.464
-1732.623
4698.464
-1734.362
4663.606
-1709.929
4656.741
-1706.528
4653.313
-1705.702
4650.879
-1705.621
4648.919
-1705.895
4647.230
-1706.372
4645.713
-1706.979
4644.311
-1707.673
4642.988
-1708.426
4641.719
-1709.220
4640.487
-1710.042
4639.278
-1710.882
4638.083
-1711.732
4636.892
-1712.587
4635.698
-1713.439
4634.496
-1714.286
4633.279
-1715.122
4632.043
-1715.944
4630.783
-1716.748
4629.494
-1717.531
4628.173
-1718.289
4626.815
-1719.020
4625.415
-1719.720
4623.969
-1720.386
4622.474
-1721.015
4620.924
-1721.602
4619.315
-1722.145
4617.643
-1722.641
4615.901
-1723.084
4614.087
-1723.472
4612.193
-1723.801
4610.214
-1724.065
4608.145
-1724.261
4605.979
-1724.383
4603.710
-1724.428
4601.330
-1724.389
4598.833
-1724.261
4596.211
-1724.037
4593.455
-1723.713
4590.557
-1723.281
4587.509
-1722.734
4584.299
-1722.065
4580.919
-1721.267
4577.357
-1720.330
4573.602
-1719.247
4569.641
-1718.009
4565.464
-1716.605
4561.054
-1715.025
4556.400
-1713.260
4551.485
-1711.297
4546.294
-1709.125
4540.811
-1706.731
4535.017
-1704.102
4528.895
-1701.226
4522.426
-1698.086
4515.588
-1694.669
4508.361
-1690.959
4500.723
-1686.939
4492.651
-1682.593
4484.120
-1677.904
4475.106
-1672.852
4465.582
-1667.419
4455.521
-1661.586
4444.896
-1655.333
4433.678
-1648.640
4421.837
-1641.487
4409.342
-1633.852
4396.164
-1625.714
4382.269
-1617.052
4367.627
-1607.845
4352.205
-1598.072
4335.970
-1587.712
4318.891
-1576.745
4300.935
-1565.151
4282.071
-1552.912
4262.269
-1540.010
4241.497
-1526.429
4219.729
-1512.154
4196.937
-1497.173
4173.096
-1481.475
4148.184
-1465.052
4122.181
-1447.897
4095.070
-1430.009
4066.837
-1411.387
4037.473
-1392.035
4006.972
-1371.961
3975.331
-1351.175
3942.555
-1329.691
3908.650
-1307.530
3873.631
-1284.712
3837.514
-1261.266
3800.324
-1237.222
3762.088
-1212.614
3722.842
-1187.480
3682.625
-1161.863
3641.480
-1135.808
3599.458
-1109.362
3556.611
-1082.575
3512.999
-1055.501
3468.683
-1028.194
3423.728
-1000.708
3378.203
-973.100
3332.179
-945.428
3285.726
-917.745
3238.920
-890.110
3191.834
-862.575
3144.542
-835.193
3097.117
-808.016
3049.634
-781.091
3002.162
-754.465
2954.772
-728.181
2907.529
-702.278
2860.497
-676.792
2813.739
-651.758
2767.311
-627.205
2721.267
-603.159
2675.658
-579.644
2630.530
-556.678
2585.927
-534.278
2541.885
-512.457
2498.442
-491.226
2455.627
-470.591
2413.469
-450.558
2371.990
-431.128
2331.211
-412.301
2291.150
-394.076
2251.820
-376.447
2213.231
-359.410
2175.392
-342.957
2138.309
-327.079
2101.984
-311.766
2066.419
-297.008
2031.612
-282.793
1997.561
-269.108
1964.260
-255.941
1931.704
-243.278
1899.886
-231.106
1868.796
-219.411
1838.425
-208.178
1808.763
-197.393
1779.799
-187.043
1751.519
-177.112
1723.913
-167.588
1696.966
-158.456
1670.667
-149.702
1645.000
-141.314
1619.953
-133.278
1595.511
-125.582
1571.660
-118.212
1548.387
-111.157
1525.677
-104.405
1503.516
-97.944
1481.891
-91.764
1460.788
-85.853
1440.192
-80.201
1420.092
-74.799
1400.473
-69.635
1381.324
-64.702
1362.630
-59.989
1344.379
-55.489
1326.560
-51.192
1309.161
-47.092
1292.169
-43.179
1275.573
-39.447
1259.363
-35.888
1243.527
-32.497
1228.055
-29.265
1212.936
-26.187
1198.161
-23.256
1183.720
-20.468
1169.603
-17.816
1155.802
-15.295
1142.307
-12.900
1129.109
-10.625
1116.201
-8.467
1103.573
-6.421
1091.219
-4.483
1079.131
-2.647
1067.300
-0.911
1055.720
 0.730
1044.384
 2.278
1033.285
 3.738
1022.416
 5.114
1011.771
 6.407
1001.344
 7.622
991.129
 8.760
981.121
 9.826
971.312
10.821
961.699
11.749
952.275
12.611
943.036
13.411
933.976
14.150
925.092
14.831
916.377
15.455
907.828
16.026
899.441
16.544
891.210
17.011
883.133
17.430
875.204
17.802
867.421
18.129
859.779
18.412
852.274
18.653
844.904
18.854
837.665
19.015
830.553
19.138
823.565
19.225
816.699
19.276
809.951
19.293
803.318
19.277
796.797
19.229
790.386
19.150
784.081
19.042
777.882
18.905
771.784
18.740
765.785
18.548
759.883
18.330
754.076
18.087
748.361
17.819
742.737
17.528
737.201
17.214
731.751
16.878
726.385
16.521
721.101
16.143
715.897
15.745
710.771
15.327
705.723
14.891
700.749
14.437
695.848
13.965
691.019
13.476
686.260
12.971
681.569
12.450
676.946
11.913
672.387
11.361
667.893
10.795
663.461
10.215
659.090
 9.621
654.780
 9.013
650.528
 8.393
646.333
 7.761
642.195
 7.117
638.112
 6.461
634.082
 5.793
630.105
 5.115
626.180
 4.426
622.305
 3.727
618.480
 3.018
614.703
 2.300
610.974
 1.572
607.291
 0.835
603.654
 0.089
600.061
-0.665
596.512
-1.428
593.006
-2.198
589.543
-2.977
586.120
-3.762
582.737
-4.555
579.395
-5.355
576.091
-6.162
572.825
-6.975
569.596
-7.795
566.404
-8.621
563.248
-9.453
560.128
-10.291
557.041
-11.134
553.989
-11.982
550.970
-12.836
547.983
-13.695
545.029
-14.559
542.105
-15.427
539.213
-16.300
536.351
-17.178
533.519
-18.059
530.715
-18.945
527.941
-19.835
525.194
-20.728
522.475
-21.625
519.783
-22.526
517.118
-23.430
514.479
-24.337
511.865
-25.248
509.277
-26.161
506.713
-27.077
504.174
-27.996
501.658
-28.918
499.166
-29.842
496.697
-30.769
494.251
-31.698
491.827
-32.629
489.425
-33.563
487.044
-34.498
484.684
-35.435
482.345
-36.374
480.027
-37.315
477.728
-38.257
475.449
-39.201
473.190
-40.146
470.949
-41.093
468.728
-42.041
466.524
-42.990
464.339
-43.940
462.172
-44.891
460.022
-45.843
457.889
-46.796
455.773
-47.749
453.674
-48.703
451.591
-49.658
449.524
-50.613
448.417
-52.053
447.987
-53.837
447.556
-55.619
447.125
-57.400
446.694
-59.178
446.262
-60.955
445.830
-62.730
445.398
-64.503
444.964
-66.274
444.531
-68.044
444.096
-69.812
443.662
-71.577
443.226
-73.341
442.790
-75.103
442.353
-76.863
441.915
-78.622
441.476
-80.378
441.037
-82.132
440.596
-83.885
440.155
-85.635
439.713
-87.384
439.270
-89.130
438.825
-90.875
438.380
-92.617
437.934
-94.358
437.486
-96.096
437.037
-97.832
436.587
-99.566
436.136
-101.298
435.684
-103.028
435.230
-104.756
434.775
-106.481
434.318
-108.204
433.860
-109.925
433.400
-111.644
432.939
-113.361
432.476
-115.075
432.012
-116.787
431.546
-118.496
431.079
-120.203
430.609
-121.908
430.138
-123.610
429.665
-125.310
429.190
-127.007
428.713
-128.702
428.235
-130.394
427.754
-132.084
427.271
-133.771
426.787
-135.455
426.300
-137.136
425.811
-138.815
425.320
-140.492
424.826
-142.165
424.330
-143.835
423.832
-145.503
423.332
-147.168
422.829
-148.830
422.324
-150.488
421.816
-152.144
421.306
-153.797
420.793
-155.447
420.277
-157.093
419.759
-158.736
419.237
-160.377
418.714
-162.013
418.187
-163.647
417.657
-165.277
417.125
-166.904
416.589
-168.527
416.050
-170.147
415.509
-171.763
414.964
-173.376
414.416
-174.984
413.865
-176.590
413.310
-178.191
412.752
-179.789
412.191
-181.382
411.626
-182.972
411.058
-184.558
410.486
-186.140
409.910
-187.717
409.331
-189.291
408.748
-190.860
408.162
-192.425
387.139
-184.283
350.678
-168.681
320.250
-155.805
294.481
-145.035
272.381
-135.922
253.223
-128.138
236.457
-121.433
221.663
-115.619
208.512
-110.546
196.745
-106.096
186.153
-102.176
176.570
-98.709
167.855
-95.633
159.896
-92.896
152.596
-90.454
145.878
-88.272
139.672
-86.319
133.921
-84.568
128.576
-82.998
123.594
-81.588
118.939
-80.322
114.579
-79.185
110.485
-78.164
106.632
-77.248
103.000
-76.427
99.569
-75.692
96.322
-75.036
93.244
-74.450
90.320
-73.929
87.540
-73.467
84.892
-73.058
82.366
-72.699
79.954
-72.385
77.647
-72.112
75.438
-71.876
73.320
-71.674
71.288
-71.504
69.336
-71.363
67.458
-71.248
65.651
-71.157
63.910
-71.087
62.231
-71.038
60.610
-71.006
59.045
-70.991
57.532
-70.991
56.068
-71.004
54.652
-71.029
53.279
-71.065
51.949
-71.110
50.659
-71.164
49.408
-71.226
48.193
-71.294
47.013
-71.369
45.866
-71.448
44.751
-71.531
43.666
-71.618
42.611
-71.708
41.584
-71.800
40.584
-71.894
39.610
-71.990
38.661
-72.086
37.736
-72.182
36.834
-72.278
35.955
-72.374
35.097
-72.469
34.260
-72.563
33.444
-72.655
32.647
-72.746
31.870
-72.834
31.111
-72.921
30.370
-73.005
29.646
-73.087
28.939
-73.166
28.249
-73.242
27.574
-73.315
26.916
-73.385
26.272
-73.452
25.643
-73.515
25.029
-73.575
24.428
-73.632
23.842
-73.685
23.268
-73.735
22.708
-73.782
22.161
-73.824
21.625
-73.863
21.103
-73.899
20.591
-73.931
20.092
-73.959
19.604
-73.984
19.127
-74.006
18.661
-74.024
18.205
-74.038
17.760
-74.049
17.325
-74.057
16.900
-74.061
16.484
-74.062
16.078
-74.060
15.682
-74.054
15.294
-74.046
14.915
-74.034
14.545
-74.020
14.184
-74.002
13.831
-73.982
13.486
-73.958
13.149
-73.932
12.820
-73.904
12.498
-73.872
12.185
-73.838
11.878
-73.802
11.578
-73.763
11.286
-73.722
11.001
-73.679
10.722
-73.633
10.450
-73.585
10.184
-73.535
 9.924
-73.483
 9.671
-73.429
 9.424
-73.374
 9.182
-73.316
 8.947
-73.256
 8.717
-73.195
 8.492
-73.133
 8.273
-73.068
 8.060
-73.002
 7.851
-72.935
 7.648
-72.866
 7.449
-72.796
 7.255
-72.724
 7.066
-72.651
 6.882
-72.577
 6.702
-72.502
 6.527
-72.426
 6.355
-72.348
 6.189
-72.270
 6.026
-72.190
 5.867
-72.110
 5.712
-72.029
 5.561
-71.947
 5.414
-71.864
 5.270
-71.780
 5.130
-71.696
 4.994
-71.610
 4.861
-71.525
 4.731
-71.438
 4.605
-71.351
 4.482
-71.264
 4.362
-71.176
 4.245
-71.087
 4.130
-70.998
 4.019
-70.908
 3.911
-70.818
 3.805
-70.728
 3.702
-70.637
 3.602
-70.546
 3.505
-70.455
 3.409
-70.363
 3.317
-70.272
 3.226
-70.179
 3.138
-70.087
 3.053
-69.995
 2.969
-69.902
 2.888
-69.809
 2.809
-69.716
 2.731
-69.623
 2.656
-69.529
 2.583
-69.436
 2.512
-69.342
 2.443
-69.249
 2.375
-69.155
 2.309
-69.062
 2.245
-68.968
 2.183
-68.874
 2.122
-68.781
 2.063
-68.687
 2.005
-68.593
 1.949
-68.500
 1.895
-68.406
 1.842
-68.312
 1.790
-68.219
 1.740
-68.126
 1.691
-68.032
 1.643
-67.939
 1.597
-67.846
 1.552
-67.753
 1.508
-67.660
 1.466
-67.567
 1.424
-67.474
 1.384
-67.381
 1.344
-67.289
 1.306
-67.197
 1.269
-67.104
 1.233
-67.012
 1.197
-66.920
 1.163
-66.829
 1.130
-66.737
 1.098
-66.646
 1.066
-66.554
 1.035
-66.463
 1.006
-66.372
 0.977
-66.282
 0.948
-66.191
 0.921
-66.101
 0.894
-66.011
 0.869
-65.921
 0.843
-65.831
 0.819
-65.741
 0.795
-65.652
 0.772
-65.562
 0.749
-65.473
 0.728
-65.385
 0.706
-65.296
 0.686
-65.207
 0.666
-65.121
 0.646
-65.041
 0.627
-64.959
 0.609
-64.878
 0.591
-64.795
 0.574
-64.713
 0.557
-64.630
 0.540
-64.546
 0.524
-64.463
 0.509
-64.379
 0.494
-64.294
 0.479
-64.210
 0.465
-64.125
 0.451
-64.041
 0.438
-63.956
 0.425
-63.871
 0.412
-63.785
 0.400
-63.700
 0.388
-63.615
 0.376
-63.529
 0.365
-63.444
 0.354
-63.359
 0.343
-63.273
 0.333
-63.188
 0.323
-63.102
 0.313
-63.017
 0.304
-62.932
 0.294
-62.846
 0.285
-62.761
 0.277
-62.676
 0.268
-62.591
 0.260
-62.506
 0.252
-62.421
 0.244
-62.337
 0.237
-62.252
 0.230
-62.168
 0.223
-62.083
 0.216
-61.999
 0.209
-61.915
 0.203
-61.831
 0.197
-61.747
 0.190
-61.664
 0.185
-61.580
 0.179
-61.497
 0.173
-61.414
 0.168
-61.331
 0.163
-61.248
 0.158
-61.165
 0.153
-61.083
 0.148
-61.001
 0.143
-60.919
 0.139
-60.837
 0.135
-60.755
 0.130
-60.674
 0.126
-60.592
 0.122
-60.511
 0.118
-60.430
 0.115
-60.349
 0.111
-60.269
 0.108
-60.189
 0.104
-60.108
 0.101
-60.028
 0.098
-59.949
 0.095
-59.869
 0.092
-59.790
 0.089
-59.711
 0.086
-59.632
 0.083
-59.553
 0.080
-59.474
 0.078
-59.396
 0.075
-59.318
 0.073
-59.240
 0.071
-59.162
 0.068
-59.085
 0.066
-59.007
 0.064
-58.930
 0.062
-58.853
 0.060
-58.776
 0.058
-58.700
 0.056
-58.623
 0.054
-58.547
 0.053
-58.471
 0.051
-58.396
 0.049
-58.320
 0.048
-58.245
 0.046
-58.169
 0.045
-58.095
 0.043
-58.020
 0.042
-57.945
 0.040
-57.871
 0.039
-57.797
 0.038
-57.723
 0.037
-57.649
 0.035
-57.575
 0.034
-57.502
 0.033
-57.429
 0.032
-57.355
 0.031
-57.283
 0.030
-57.210
 0.029
-57.138
 0.028
-57.065
 0.027
-56.993
 0.026
-56.921
 0.025
-56.850
 0.024
-56.778
 0.024
-56.707
 0.023
-56.636
 0.022
-56.565
 0.021
-56.494
 0.021
-56.423
 0.020
-56.353
 0.019
-56.282
 0.019
-56.212
 0.018
-56.142
 0.017
-56.073
 0.017
-56.003
 0.016
-55.934
 0.016
-55.865
 0.015
-55.796
 0.015
-55.727
 0.014
-55.658
 0.014
-55.590
 0.013
-55.522
 0.013
-55.453
 0.012
-55.385
 0.012
-55.318
 0.011
-55.250
 0.011
-55.183
 0.011
-55.115
 0.010
-55.048
 0.010
-54.981
 0.010
-54.915
 0.009
-54.848
 0.009
-54.782
 0.009
-54.715
 0.008
-54.649
 0.008
-54.583
 0.008
-54.518
 0.008
-54.452
 0.007
-54.387
 0.007
-54.321
 0.007
-54.256
 0.007
-54.191
 0.006
-54.126
 0.006
-54.062
 0.006
-53.997
 0.006
-53.933
 0.005
-53.869
 0.005
-53.805
 0.005
-53.741
 0.005
-53.677
 0.005
-53.614
 0.005
-53.550
 0.004
-53.487
 0.004
-53.424
 0.004
-53.361
 0.004
-53.299
 0.004
-53.236
 0.004
-53.173
 0.004
-53.111
 0.003
-53.049
 0.003
-52.987
 0.003
-52.925
 0.003
-52.863
 0.003
-52.802
 0.003
-52.741
 0.003
-52.679
 0.003
-52.618
 0.003
-52.557
 0.002
-52.496
 0.002
-52.436
 0.002
-52.375
 0.002
-53.577
 0.002
-50.310
 0.002
-46.974
 0.002
-46.750
 0.002
-48.582
 0.002
-50.414
 0.002
-52.243
 0.002
-54.071
 0.002
-55.897
 0.002
-57.721
 0.002
-59.543
 0.002
-61.363
 0.002
-63.180
 0.002
-64.996
 0.002
-66.808
 0.002
-68.619
 0.002
-70.427
 0.002
-72.232
 0.002
-74.035
 0.002
-75.835
 0.002
-77.632
 0.002
-79.427
 0.002
-80.995
 0.002
-81.653
 0.002
-81.328
 0.002
-80.365
 0.002
-79.020
 0.001
-77.399
 0.001
-75.562
 0.001
-73.568
 0.001
-71.475
 0.001
-69.326
 0.001
-67.151
 0.001
-64.973
 0.001
-62.810
 0.001
-60.676
 0.001
-58.581
 0.001
-56.531
 0.001
-54.532
 0.001
-52.587
 0.001
-50.699
 0.001
-48.869
 0.001
-47.097
 0.001
-45.382
 0.000
-43.726
 0.000
-42.126
 0.000
-40.581
 0.000
-39.091
 0.000
-37.654
 0.000
-36.268
 0.000
-34.932
 0.000
-33.644
 0.000
-32.403
 0.000
-31.207
 0.000
-30.055
 0.000
-28.945
 0.000
-27.876
 0.000
-26.846
 0.000
-25.854
 0.000
-24.899
 0.000
-23.979
 0.000
-23.092
 0.000
-22.239
 0.000
-21.417
 0.000
-20.625
 0.000
-19.862
 0.000
-19.128
 0.000
-18.421
 0.000
-17.740
 0.000
-17.084
 0.000
-16.452
 0.000
-15.844
 0.000
-15.258
 0.000
-14.694
 0.000
-14.151
 0.000
-13.627
 0.000
-13.124
 0.000
-12.638
 0.000
-12.171
 0.000
-11.721
 0.000
-11.288
 0.000
-10.870
 0.000
-10.468
 0.000
-10.081
 0.000
-9.709
 0.000
-9.350
 0.000
-9.004
 0.000
-8.671
 0.000
-8.350
 0.000
-8.042
 0.000
-7.744
 0.000
-7.458
 0.000
-7.182
 0.000
-6.917
 0.000
-6.661
 0.000
-6.415
 0.000
-6.177
 0.000
-5.949
 0.000
-5.729
 0.000
-5.517
 0.000
-5.313
 0.000
-5.117
 0.000
-4.928
 0.000
-4.745
 0.000
-4.570
 0.000
-4.401
 0.000
-4.238
 0.000
-4.082
 0.000
-3.931
 0.000
-3.785
 0.000
-3.645
 0.000
-3.511
 0.000
-3.381
 0.000
-3.256
 0.000
-3.135
 0.000
-3.019
 0.000
-2.908
 0.000
-2.800
 0.000
-2.697
 0.000
-2.597
 0.000
-2.501
 0.000
-2.409
 0.000
-2.320
 0.000
-2.234
 0.000
-2.151
 0.000
-2.072
 0.000
-1.995
 0.000
-1.921
 0.000
-1.850
 0.000
-1.782
 0.000
-1.716
 0.000
-1.652
 0.000
-1.591
 0.000
-1.533
 0.000
-1.476
 0.000
-1.421
 0.000
-1.369
 0.000
-1.318
 0.000
-1.269
 0.000
-1.222
 0.000
-1.177
 0.000
-1.134
 0.000
-1.092
 0.000
-1.051
 0.000
-1.013
 0.000
-0.975
 0.000
-0.939
 0.000
-0.904
 0.000
-0.871
 0.000
-0.839
 0.000
-0.808
 0.000
-0.778
 0.000
-0.749
 0.000
-0.721
 0.000
-0.695
 0.000
-0.669
 0.000
-0.644
 0.000
-0.620
 0.000
-0.598
 0.000
-0.575
 0.000
-0.554
 0.000
-0.534
 0.000
-0.514
 0.000
-0.495
 0.000
-0.477
 0.000
-0.459
 0.000
-0.442
 0.000
-0.426
 0.000
-0.410
 0.000
-0.395
 0.000
-0.380
 0.000
-0.366
 0.000
-0.353
 0.000
-0.340
 0.000
-0.327
 0.000
-0.315
 0.000
-0.303
 0.000
-0.292
 0.000
-0.281
 0.000
-0.271
 0.000
-0.261
 0.000
-0.251
 0.000
-0.242
 0.000
-0.233
 0.000
-0.224
 0.000
-0.216
 0.000
-0.208
 0.000
-0.200
 0.000
-0.193
 0.000
-0.186
 0.000
-0.179
 0.000
-0.172
 0.000
-0.166
 0.000
-0.160
 0.000
-0.154
 0.000
-0.148
 0.000
-0.143
 0.000
-0.137
 0.000
-0.132
 0.000
-0.127
 0.000
-0.123
 0.000
-0.118
 0.000
-0.114
 0.000
-0.110
 0.000
-0.106
 0.000
-0.102
 0.000
-0.098
 0.000
-0.094
 0.000
-0.091
 0.000
-0.087
 0.000
-0.084
 0.000
-0.081
 0.000
-0.078
 0.000
-0.075
 0.000
-0.072
 0.000
-0.070
 0.000
-0.067
 0.000
-0.065
 0.000
-0.062
 0.000
-0.060
 0.000
-0.058
 0.000
-0.056
 0.000
-0.054
 0.000
-0.052
 0.000
-0.050
 0.000
-0.048
 0.000
-0.046
 0.014
-0.172
 0.106
-0.074
 0.098
-0.130
 0.102
-0.129
 0.106
-0.127
 0.110
-0.126
 0.114
-0.124
 0.118
-0.122
 0.122
-0.121
