 0.352
 0.352
 0.352
 0.352
 0.352
 0.352
 0.353
 0.353
 0.353
 0.353
 0.353
 0.353
 0.353
 0.353
 0.353
 0.353
 0.353
 0.353
 0.353
 0.353
 0.354
 0.354
 0.354
 0.354
 0.354
 0.354
 0.354
 0.354
 0.354
 0.354
 0.354
 0.354
 0.354
 0.355
 0.355
 4.176
 1.412
 0.890
 0.681
 0.574
 0.512
 0.472
 0.446
 0.427
 0.414
 0.404
 0.396
 0.391
 0.386
 0.382
 0.379
 0.377
 0.375
 0.373
 0.372
 0.371
 0.370
 0.369
 0.368
 0.368
 0.368
 0.367
 0.367
 0.367
 0.367
 0.367
 0.367
 0.367
 0.367
 0.368
 0.368
 0.368
 0.369
 0.369
 0.370
 0.371
 0.371
 0.372
 0.373
 0.374
 0.374
 0.375
 0.377
 0.378
 0.379
 0.380
 0.381
 0.383
 0.384
 0.386
 0.388
 0.390
 0.392
 0.394
 0.396
 0.398
 0.401
 0.403
 0.406
 0.409
 0.412
 0.416
 0.419
 0.423
 0.426
 0.431
 0.435
 0.439
 0.444
 0.449
 0.454
 0.460
 0.466
 0.472
 0.478
 0.485
 0.492
 0.500
 0.507
 0.516
 0.524
 0.533
 0.543
 0.552
 0.563
 0.573
 0.585
 0.596
 0.608
 0.621
 0.634
 0.648
 0.663
 0.678
 0.693
 0.710
 0.726
 0.744
 0.762
 0.781
 0.801
 0.821
 0.842
 0.864
 0.887
 0.910
 0.935
 0.960
 0.986
 1.013
 1.041
 1.070
 1.099
 1.130
 1.162
 1.195
 1.229
 1.263
 1.299
 1.336
 1.375
 1.414
 1.454
 1.496
 1.539
 1.583
 1.628
 1.674
 1.722
 1.771
 1.821
 1.873
 1.926
 1.980
 2.035
 2.092
 2.150
 2.209
 2.269
 2.331
 2.394
 2.458
 2.524
 2.591
 2.659
 2.728
 2.798
 2.869
 2.941
 3.015
 3.089
 3.164
 3.240
 3.317
 3.394
 3.472
 3.550
 3.629
 3.709
 3.788
 3.868
 3.948
 4.028
 4.108
 4.187
 4.266
 4.345
 4.423
 4.500
 4.577
 4.652
 4.726
 4.799
 4.871
 4.941
 5.009
 5.076
 5.140
 5.203
 5.263
 5.321
 5.377
 5.430
 5.480
 5.528
 5.573
 5.615
 5.654
 5.689
 5.722
 5.752
 5.778
 5.800
 5.820
 5.836
 5.849
 5.858
 5.864
 5.867
 5.866
 5.862
 5.855
 5.844
 5.831
 5.814
 5.794
 5.771
 5.746
 5.717
 5.686
 5.652
 5.616
 5.577
 5.536
 5.493
 5.448
 5.401
 5.352
 5.301
 5.248
 5.194
 5.139
 5.082
 5.024
 4.965
 4.905
 4.845
 4.783
 4.721
 4.658
 4.595
 4.531
 4.467
 4.403
 4.339
 4.274
 4.210
 4.146
 4.081
 4.017
 3.954
 3.890
 3.827
 3.764
 3.702
 3.640
 3.579
 3.519
 3.459
 3.399
 3.340
 3.282
 3.225
 3.168
 3.112
 3.057
 3.003
 2.949
 2.896
 2.844
 2.793
 2.742
 2.693
 2.644
 2.596
 2.549
 2.502
 2.457
 2.412
 2.368
 2.325
 2.282
 2.240
 2.200
 2.159
 2.120
 2.081
 2.043
 2.006
 1.970
 1.934
 1.899
 1.865
 1.831
 1.798
 1.766
 1.734
 1.703
 1.673
 1.643
 1.614
 1.585
 1.557
 1.530
 1.503
 1.476
 1.451
 1.425
 1.401
 1.376
 1.353
 1.329
 1.307
 1.284
 1.263
 1.241
18.195
12.749
 9.413
 7.224
 5.713
 4.626
 3.819
 3.204
 2.724
 2.335
 2.030
 1.781
 1.575
 1.402
 1.255
 1.131
 1.024
 0.932
 0.851
 0.781
 0.719
 0.665
 0.616
 0.573
 0.535
 0.501
 0.470
 0.442
 0.416
 0.394
 0.373
 0.354
 0.336
 0.320
 0.305
 0.292
 0.279
 0.267
 0.256
 0.246
 0.237
 0.228
 0.219
 0.211
 0.204
 0.197
 0.190
 0.184
 0.178
 0.172
 0.166
 0.161
 0.156
 0.151
 0.146
 0.142
 0.137
 0.133
 0.129
 0.125
 0.121
 0.117
 0.114
 0.110
 0.107
 0.104
 0.101
 0.098
 0.095
 0.092
 0.089
 0.086
 0.084
 0.081
 0.079
 0.076
 0.074
 0.072
 0.070
 0.068
 0.066
 0.064
 0.062
 0.060
 0.058
 0.056
 0.055
 0.053
 0.051
 0.050
 0.049
 0.047
 0.046
 0.044
 0.043
 0.042
 0.041
 0.040
 0.038
 0.037
 0.036
 0.035
 0.034
 0.033
 0.033
 0.032
 0.031
 0.030
 0.029
 0.029
 0.028
 0.027
 0.026
 0.026
 0.025
 0.025
 0.024
 0.024
 0.023
 0.023
 0.022
 0.022
 0.021
 0.021
 0.020
 0.020
 0.020
 0.019
 0.019
 0.019
 0.018
 0.018
 0.018
 0.018
 0.017
 0.017
 0.017
 0.017
 0.016
 0.016
 0.016
 0.016
 0.016
 0.016
 0.015
 0.015
 0.015
 0.015
 0.015
 0.015
 0.015
 0.015
 0.014
 0.014
 0.014
 0.014
 0.014
 0.014
 0.014
 0.014
 0.014
 0.014
 0.014
 0.013
 0.013
 0.013
 0.013
 0.013
 0.013
 0.013
 0.013
 0.013
 0.013
 0.013
 0.013
 0.013
 0.013
 0.013
 0.013
 0.013
 0.013
 0.013
 0.013
 0.012
 0.373
 0.678
 0.680
 0.212
 0.374
 0.373
 0.373
 0.373
 0.372
 0.372
 0.372
 0.371
 0.371
 0.370
 0.370
 0.369
 0.369
 0.368
 0.368
 0.367
 0.367
 0.366
 0.350
 0.186
 0.029
 0.175
 0.260
 0.319
 0.366
 0.401
 0.423
 0.436
 0.443
 0.444
 0.442
 0.437
 0.429
 0.420
 0.410
 0.399
 0.388
 0.376
 0.364
 0.352
 0.340
 0.329
 0.317
 0.306
 0.295
 0.285
 0.275
 0.265
 0.255
 0.246
 0.237
 0.228
 0.220
 0.212
 0.204
 0.196
 0.189
 0.182
 0.175
 0.169
 0.163
 0.157
 0.151
 0.145
 0.140
 0.135
 0.130
 0.125
 0.120
 0.116
 0.112
 0.108
 0.104
 0.100
 0.096
 0.093
 0.089
 0.086
 0.083
 0.080
 0.077
 0.074
 0.071
 0.068
 0.066
 0.063
 0.061
 0.059
 0.057
 0.055
 0.053
 0.051
 0.049
 0.047
 0.045
 0.044
 0.042
 0.040
 0.039
 0.037
 0.036
 0.035
 0.033
 0.032
 0.031
 0.030
 0.029
 0.028
 0.027
 0.026
 0.025
 0.024
 0.023
 0.022
 0.021
 0.020
 0.020
 0.019
 0.018
 0.018
 0.017
 0.016
 0.016
 0.015
 0.015
 0.014
 0.014
 0.013
 0.013
 0.012
 0.012
 0.011
 0.011
 0.010
 0.010
 0.010
 0.009
 0.009
 0.009
 0.008
 0.008
 0.008
 0.007
 0.007
 0.007
 0.007
 0.006
 0.006
 0.006
 0.006
 0.005
 0.005
 0.005
 0.005
 0.005
 0.005
 0.004
 0.004
 0.004
 0.004
 0.004
 0.004
 0.003
 0.003
 0.003
 0.003
 0.003
 0.003
 0.003
 0.003
 0.003
 0.002
 0.002
 0.002
 0.002
 0.002
 0.002
 0.002
 0.002
 0.002
 0.002
 0.002
 0.002
 0.002
 0.002
 0.001
 0.001
 0.001
 0.001
 0.001
 0.001
 0.001
 0.001
 0.001
 0.001
 0.001
 0.001
 0.001
 0.001
 0.001
 0.001
 0.001
 0.001
 0.001
 0.001
 0.001
 0.001
 0.001
 0.001
 0.001
 0.001
 0.001
 0.001
 0.001
 0.000
 0.000
 0.000
 0.000
 0.000
 0.000
 0.000
 0.000
 0.000
 0.344
 0.027
 0.063
 0.322
 0.269
 0.278
 0.290
 0.301
 0.312
 0.323
