4000.000
4000.300
4000.601
4000.903
4001.206
4001.509
4001.814
4002.119
4002.424
4002.731
4003.038
4003.346
4003.655
4003.965
4004.276
4004.587
4004.899
4005.212
4005.526
4005.840
4006.155
4006.471
4006.788
4007.106
4007.424
4007.743
4008.063
4008.384
4008.706
4009.028
4009.351
4009.675
4010.000
4010.326
4010.652
3962.008
3950.885
3945.749
3942.368
3939.839
3937.814
3936.120
3934.661
3933.376
3932.225
3931.179
3930.218
3929.327
3928.493
3927.707
3926.962
3926.252
3925.570
3924.914
3924.279
3923.663
3923.061
3922.473
3921.896
3921.328
3920.767
3920.212
3919.661
3919.113
3918.567
3918.021
3917.475
3916.928
3916.378
3915.825
3915.268
3914.706
3914.138
3913.564
3912.982
3912.392
3911.793
3911.185
3910.566
3909.936
3909.295
3908.641
3907.973
3907.292
3906.596
3905.884
3905.156
3904.411
3903.649
3902.868
3902.067
3901.246
3900.404
3899.541
3898.654
3897.744
3896.809
3895.849
3894.862
3893.848
3892.805
3891.733
3890.630
3889.496
3888.329
3887.128
3885.891
3884.619
3883.309
3881.960
3880.570
3879.139
3877.665
3876.147
3874.582
3872.970
3871.309
3869.597
3867.833
3866.014
3864.139
3862.207
3860.214
3858.160
3856.042
3853.859
3851.607
3849.285
3846.890
3844.421
3841.874
3839.248
3836.539
3833.745
3830.863
3827.891
3824.825
3821.663
3818.401
3815.037
3811.566
3807.987
3804.295
3800.486
3796.558
3792.507
3788.328
3784.018
3779.573
3774.989
3770.261
3765.386
3760.358
3755.174
3749.828
3744.316
3738.633
3732.775
3726.735
3720.510
3714.093
3707.480
3700.665
3693.642
3686.407
3678.952
3671.273
3663.364
3655.218
3646.831
3638.195
3629.304
3620.154
3610.736
3601.046
3591.077
3580.822
3570.277
3559.434
3548.287
3536.830
3525.058
3512.964
3500.542
3487.788
3474.694
3461.256
3447.468
3433.326
3418.824
3403.958
3388.724
3373.116
3357.132
3340.768
3324.021
3306.888
3289.366
3271.454
3253.151
3234.454
3215.364
3195.880
3176.004
3155.735
3135.076
3114.029
3092.596
3070.781
3048.588
3026.022
3003.087
2979.791
2956.139
2932.138
2907.798
2883.125
2858.131
2832.823
2807.213
2781.313
2755.132
2728.685
2701.983
2675.040
2647.870
2620.487
2592.905
2565.140
2537.206
2509.120
2480.898
2452.555
2424.109
2395.574
2366.969
2338.310
2309.612
2280.894
2252.170
2223.458
2194.774
2166.134
2137.553
2109.047
2080.631
2052.319
2024.127
1996.067
1968.154
1940.401
1912.820
1885.423
1858.223
1831.229
1804.452
1777.903
1751.591
1725.524
1699.712
1674.161
1648.879
1623.872
1599.147
1574.710
1550.564
1526.716
1503.168
1479.925
1456.989
1434.363
1412.050
1390.050
1368.366
1346.997
1325.946
1305.212
1284.794
1264.693
1244.907
1225.436
1206.278
1187.431
1168.894
1150.665
1132.741
1115.120
1097.799
1080.775
1064.046
1047.609
1031.459
1015.594
1000.010
984.704
969.673
954.911
940.417
926.185
912.213
898.496
885.030
871.811
858.836
846.101
833.601
821.334
809.293
797.477
785.881
774.501
763.333
752.374
741.620
731.066
720.710
710.547
700.575
690.789
681.186
671.762
662.515
653.440
644.535
635.795
627.218
618.801
610.541
602.434
594.477
586.668
579.003
571.480
564.096
556.848
549.733
542.749
535.894
529.164
522.557
516.071
509.703
503.451
497.312
491.285
485.367
454.086
379.385
325.669
285.250
253.779
228.615
208.061
190.979
176.576
164.317
153.754
144.558
136.492
129.371
123.047
117.403
112.343
107.790
103.679
99.955
96.574
93.496
90.688
88.123
85.776
83.625
81.651
79.839
78.173
76.642
75.232
73.935
72.739
71.639
70.624
69.689
68.828
68.034
67.303
66.629
66.007
65.435
64.908
64.422
63.975
63.563
63.184
62.834
62.512
62.216
61.942
61.691
61.459
61.244
61.047
60.864
60.696
60.539
60.395
60.260
60.135
60.019
59.911
59.809
59.714
59.625
59.540
59.461
59.385
59.313
59.244
59.178
59.114
59.052
58.993
58.935
58.878
58.823
58.768
58.714
58.661
58.609
58.556
58.504
58.452
58.400
58.348
58.296
58.244
58.192
58.139
58.086
58.033
57.980
57.926
57.871
57.817
57.762
57.706
57.650
57.594
57.537
57.480
57.422
57.364
57.306
57.247
57.188
57.128
57.068
57.008
56.948
56.887
56.826
56.764
56.703
56.641
56.578
56.516
56.453
56.391
56.328
56.264
56.201
56.138
56.074
56.010
55.946
55.882
55.818
55.754
55.690
55.626
55.562
55.497
55.433
55.368
55.304
55.240
55.175
55.111
55.046
54.982
54.918
54.853
54.789
54.725
54.661
54.597
54.533
54.469
54.405
54.341
54.277
54.213
54.150
54.086
54.023
53.960
53.896
53.833
53.770
53.707
53.645
53.582
53.519
53.457
53.394
53.332
53.270
53.208
53.146
53.084
53.023
52.961
52.900
52.839
52.777
52.716
52.655
52.595
52.534
52.474
52.413
52.855
52.099
48.764
45.730
47.277
49.109
50.940
52.769
54.597
56.422
58.245
60.067
61.886
63.703
65.517
67.330
69.139
70.947
72.751
74.553
76.352
78.149
79.935
81.297
81.650
81.105
80.016
78.585
76.897
75.008
72.980
70.867
68.708
66.530
64.355
62.199
60.075
57.992
55.956
53.972
52.044
50.172
48.358
46.602
44.905
43.264
41.680
40.151
38.676
37.254
35.882
34.560
33.286
32.058
30.874
29.735
28.636
27.579
26.560
25.578
24.633
23.723
22.846
22.001
21.188
20.405
19.650
18.924
18.224
17.550
16.901
16.276
15.675
15.095
14.537
14.000
13.482
12.983
12.503
12.041
11.596
11.167
10.754
10.357
 9.974
 9.605
 9.250
 8.908
 8.578
 8.261
 7.956
 7.662
 7.378
 7.105
 6.843
 6.590
 6.346
 6.111
 5.885
 5.668
 5.458
 5.256
 5.062
 4.875
 4.695
 4.521
 4.354
 4.193
 4.038
 3.889
 3.745
 3.606
 3.473
 3.345
 3.221
 3.102
 2.987
 2.877
 2.770
 2.668
 2.569
 2.474
 2.383
 2.295
 2.210
 2.128
 2.049
 1.974
 1.901
 1.830
 1.763
 1.698
 1.635
 1.574
 1.516
 1.460
 1.406
 1.354
 1.304
 1.256
 1.209
 1.165
 1.122
 1.080
 1.040
 1.002
 0.965
 0.929
 0.895
 0.862
 0.830
 0.799
 0.770
 0.741
 0.714
 0.687
 0.662
 0.637
 0.614
 0.591
 0.569
 0.548
 0.528
 0.508
 0.490
 0.472
 0.454
 0.437
 0.421
 0.406
 0.391
 0.376
 0.362
 0.349
 0.336
 0.324
 0.312
 0.300
 0.289
 0.278
 0.268
 0.258
 0.249
 0.239
 0.230
 0.222
 0.214
 0.206
 0.198
 0.191
 0.184
 0.177
 0.170
 0.164
 0.158
 0.152
 0.147
 0.141
 0.136
 0.131
 0.126
 0.121
 0.117
 0.113
 0.108
 0.104
 0.101
 0.097
 0.093
 0.090
 0.087
 0.083
 0.080
 0.077
 0.074
 0.072
 0.069
 0.066
 0.064
 0.062
 0.059
 0.057
 0.055
 0.053
 0.051
 0.049
 0.047
 0.076
 0.139
 0.180
 0.219
 0.167
 0.166
 0.168
 0.169
 0.170
 0.172
