 0.000
125000.000
1969.616
124652.272
3939.231
124303.681
5908.847
123954.225
7878.462
123603.905
9848.078
123252.722
11817.693
122900.674
13787.309
122547.761
15756.924
122193.983
17726.540
121839.341
19696.156
121483.833
21665.771
121127.460
23635.387
120770.222
25605.002
120412.118
27574.618
120053.148
29544.233
119693.313
31513.849
119332.611
33483.464
118971.042
35453.080
118608.608
37422.696
118245.306
39392.311
117881.138
41361.927
117516.102
43331.542
117150.200
45301.158
116783.430
47270.773
116415.792
49240.389
116047.287
51210.004
115677.913
53179.620
115307.672
55149.236
114936.562
57118.851
114564.584
59088.467
114191.737
61058.082
113818.021
63027.698
113443.436
64997.313
113067.982
66966.929
112691.658
68927.142
112316.266
70869.402
111943.444
72807.897
111570.475
74744.201
111197.058
76678.913
110823.078
78612.354
110448.473
80544.725
110073.206
82476.162
109697.249
84406.764
109320.583
86336.606
108943.195
88265.745
108565.073
90194.228
108186.208
92122.092
107806.593
94049.368
107426.221
95976.081
107045.089
97902.252
106663.192
99827.901
106280.525
101753.041
105897.087
103677.686
105512.875
105601.847
105127.886
107525.533
104742.119
109448.752
104355.573
111371.511
103968.245
113293.815
103580.135
115215.668
103191.241
117137.075
102801.564
119058.038
102411.103
120978.558
102019.856
122898.639
101627.825
124818.280
101235.008
126737.481
100841.406
128656.243
100447.019
130574.564
100051.846
132492.443
99655.889
134409.879
99259.148
136326.869
98861.622
138243.411
98463.313
140159.501
98064.221
142075.137
97664.347
143990.314
97263.692
145905.028
96862.256
147819.275
96460.041
149733.050
96057.048
151646.348
95653.277
153559.162
95248.730
155471.488
94843.408
157383.319
94437.313
159294.647
94030.446
161205.467
93622.808
163115.771
93214.402
165025.550
92805.228
166934.797
92395.289
168843.503
91984.586
170751.660
91573.121
172659.259
91160.898
174566.288
90747.916
176472.740
90334.180
178378.602
89919.690
180283.865
89504.450
182188.516
89088.463
184092.545
88671.730
185995.939
88254.254
187898.686
87836.039
189800.772
87417.086
191702.184
86997.401
193602.909
86576.984
195502.930
86155.841
197402.235
85733.974
199300.806
85311.386
201198.628
84888.083
203095.685
84464.066
204991.958
84039.341
206887.431
83613.912
208782.085
83187.782
210675.901
82760.957
212568.859
82333.440
214460.939
81905.237
216352.120
81476.353
218242.381
81046.792
220131.699
80616.561
222020.050
80185.664
223907.411
79754.107
225793.758
79321.896
227679.064
78889.037
229563.304
78455.537
231446.451
78021.402
233328.475
77586.639
235209.349
77151.254
237089.042
76715.255
238967.524
76278.650
240844.763
75841.447
242720.725
75403.653
244595.377
74965.276
246468.684
74526.326
248340.610
74086.810
250211.117
73646.740
252080.166
73206.123
253947.719
72764.969
255813.734
72323.290
257678.168
71881.095
259540.979
71438.396
261402.121
70995.203
263261.547
70551.528
265119.210
70107.384
266975.061
69662.782
268829.048
69217.736
270681.118
68772.258
272531.219
68326.363
274379.294
67880.065
276225.285
67433.379
278069.133
66986.318
279910.778
66538.901
281750.155
66091.141
283587.201
65643.056
285421.848
65194.664
287254.028
64745.981
289083.669
64297.027
290910.699
63847.821
292735.043
63398.381
294556.623
62948.728
296375.359
62498.883
298191.170
62048.867
300003.972
61598.702
301813.678
61148.411
303620.198
60698.018
305423.442
60247.547
307223.315
59797.023
309019.720
59346.471
310812.559
58895.917
312601.729
58445.390
314387.125
57994.917
316168.640
57544.527
317946.164
57094.249
319719.584
56644.113
321488.784
56194.152
323253.644
55744.398
325014.045
55294.882
326769.860
54845.640
328520.962
54396.706
330267.221
53948.116
332008.503
53499.906
333744.672
53052.113
335475.589
52604.777
337201.111
52157.936
338921.093
51711.631
340635.387
51265.903
342343.841
50820.793
344046.302
50376.346
345742.613
49932.604
347432.614
49489.613
349116.144
49047.418
350793.038
48606.067
352463.127
48165.605
354126.243
47726.082
355782.213
47287.547
357430.862
46850.050
359072.015
46413.640
360705.492
45978.371
362331.114
45544.293
363948.697
45111.460
365558.058
44679.926
367159.013
44249.743
368751.375
43820.968
370334.956
43393.654
371909.569
42967.858
373475.024
42543.636
375031.134
42121.043
376577.709
41700.137
378114.560
41280.975
379641.499
40863.612
381158.338
40448.107
382664.891
40034.517
384160.971
39622.897
385646.395
39213.306
387120.981
38805.800
388584.549
38400.434
390036.921
37997.265
391477.923
37596.348
392907.384
37197.737
394325.134
36801.488
395731.010
36407.653
397124.852
36016.284
398506.503
35627.433
399875.812
35241.151
401232.632
34857.486
402576.824
34476.488
403908.250
34098.202
405226.781
33722.674
406532.294
33349.949
407824.671
32980.068
409103.801
32613.073
410369.581
32249.002
411621.914
31887.892
412860.709
31529.781
414085.885
31174.700
415297.366
30822.681
416495.085
30473.755
417678.984
30127.949
418849.009
29785.288
420005.118
29445.797
421147.274
29109.495
422275.450
28776.403
423389.627
28446.537
424489.793
28119.913
425575.943
27796.542
426648.082
27476.435
427706.223
27159.600
428750.384
26846.043
429780.593
26535.769
430796.885
26228.778
431799.303
25925.070
432787.894
25624.644
433762.717
25327.493
434723.833
25033.613
435671.313
24742.994
436605.233
24455.625
437525.675
24171.496
438432.727
23890.591
439326.483
23612.896
440207.042
23338.392
441074.509
23067.060
441928.992
22798.881
442770.606
22533.832
443599.469
22271.889
444415.703
22013.028
445219.434
21757.224
446010.791
21504.447
446789.909
21254.671
447556.922
21007.866
448311.969
20764.001
449055.192
20523.046
449786.733
20284.968
450506.739
20049.734
451215.356
19817.311
451912.733
19587.664
452599.020
19360.759
453274.368
19136.560
453938.929
18915.031
454592.856
18696.137
455236.302
18479.840
455869.420
18266.104
456492.364
18054.892
457105.287
17846.166
457708.342
17639.890
458301.683
17436.025
458885.462
17234.534
459459.830
17035.380
460024.938
16838.525
460580.937
16643.931
461127.976
16451.561
461666.202
16261.379
462195.763
16073.346
462716.804
15887.427
463229.468
15703.584
463733.899
15521.781
464230.238
15341.982
464718.625
15164.152
465199.197
14988.254
465672.090
14814.254
466137.440
14642.116
466595.379
14471.807
467046.038
14303.293
467489.546
14136.539
467926.031
13971.512
468355.617
13808.181
468778.429
13646.511
469194.588
13486.472
469604.213
13328.031
470007.424
13171.158
470404.334
13015.822
470795.059
12861.993
471179.710
12709.641
471558.398
12558.737
471931.230
12409.252
472298.312
12261.157
472659.750
12114.426
473015.646
11969.030
473366.099
11824.942
473711.209
11682.136
474051.074
11540.587
474385.787
11400.267
474715.442
11261.153
475040.131
11123.219
475359.943
10986.442
475674.967
10850.798
475985.289
10716.262
476290.993
10582.813
476592.162
10450.428
476888.878
10319.084
477181.221
10188.761
477469.268
10059.436
477753.096
9931.090
478032.780
9803.701
478308.393
9677.251
478580.009
9551.718
478847.696
9427.084
479111.525
9303.330
479371.563
9180.438
479627.877
9058.389
479880.531
8937.167
480129.589
8816.752
480375.113
8697.129
480617.165
8578.281
480855.804
8460.192
481091.090
8342.845
481323.078
8226.224
481551.827
8110.316
481777.390
7995.104
481999.821
7880.574
482219.175
7766.711
482435.501
7653.502
482647.231
7541.790
482830.194
7444.414
482984.837
7361.256
483118.597
7288.465
483236.324
7223.528
483341.356
7164.719
483436.088
7110.797
483522.295
7060.844
483601.328
7014.162
483674.244
6970.203
483741.893
6928.529
483804.943
6888.794
483863.942
6850.718
483919.345
6814.065
483971.532
6778.642
484020.826
6744.284
484067.501
6710.852
484111.794
6678.224
484153.910
6646.297
484194.028
6614.982
484232.306
6584.201
484268.880
6553.885
484303.874
6523.975
484337.396
6494.416
484369.545
6465.164
484400.407
6436.175
484430.062
6407.414
484458.581
6378.847
484486.029
6350.446
484512.464
6322.184
484537.941
6294.040
484562.509
6265.991
484586.213
6238.020
484609.094
6210.110
484631.192
6182.248
484652.542
6154.419
484673.177
6126.613
484693.127
6098.820
484712.422
6071.030
484731.088
6043.236
484749.150
6015.431
484766.632
5987.609
484783.556
5959.765
484799.943
5931.895
484815.812
5903.995
484831.182
5876.061
484846.070
5848.092
484860.494
5820.085
484874.469
5792.039
484888.011
5763.952
484901.133
5735.824
484913.850
5707.655
484926.175
5679.443
484938.120
5651.189
484949.698
5622.894
484960.919
5594.558
484971.796
5566.182
484982.338
5537.767
484992.557
5509.313
485002.462
5480.823
485012.063
5452.297
485021.368
5423.736
485030.387
5395.143
485039.129
5366.518
485047.602
5337.864
485055.813
5309.182
485063.771
5280.474
485071.484
5251.741
485078.958
5222.985
485086.200
5194.208
485093.219
5165.412
485100.019
5136.599
485106.608
5107.770
485112.993
5078.926
485119.178
5050.070
485125.170
5021.204
485130.975
4992.329
485136.599
4963.446
485142.046
4934.557
485147.322
4905.665
485152.432
4876.769
485157.381
4847.873
485162.175
4818.976
485166.817
4790.082
485171.312
4761.190
485175.664
4732.303
485179.879
4703.422
485183.959
4674.547
485187.910
4645.681
485191.735
4616.825
485195.437
4587.979
485199.022
4559.144
485202.491
4530.322
485205.849
4501.514
485209.099
4472.721
485212.245
4443.943
485215.289
4415.181
485218.235
4386.437
485221.086
4357.712
485223.844
4329.005
485226.514
4300.318
485229.096
4271.651
485231.594
4243.006
485234.012
4214.382
485236.350
4185.781
485238.612
4157.203
485240.800
4128.649
485242.916
4100.118
485244.963
4071.613
485246.943
4043.132
485248.858
4014.678
485250.709
3986.249
485252.500
3957.847
485254.231
3929.472
485255.906
3901.123
485257.524
3872.803
485259.090
3844.510
485260.603
3816.246
485262.066
3788.010
485263.480
3759.804
485264.847
3731.626
485266.169
3703.477
485267.446
3675.358
485268.681
3647.269
485269.874
3619.210
485271.027
3591.180
485272.142
3563.181
485273.219
3535.213
485274.260
3507.275
485275.266
3479.368
485276.238
3451.492
485277.177
3423.647
485278.084
3395.832
485278.961
3368.049
485279.807
3340.298
485280.625
3312.577
485281.416
3284.888
485282.179
3257.231
485282.917
3229.604
485283.629
3202.010
485284.317
3174.447
485284.981
3146.916
485285.623
3119.416
485286.243
3091.948
485286.841
3064.512
485287.419
3037.107
485287.977
3009.735
485288.516
2982.393
485289.036
2955.084
485289.538
2927.806
485290.023
2900.560
485290.491
2873.346
485290.943
2846.163
485291.379
2819.012
485291.801
2791.893
485292.207
2764.805
485292.599
2737.749
485292.978
2710.725
485293.344
2683.731
485293.696
2656.770
485294.037
2629.839
485294.365
2602.941
485294.682
2576.073
485294.988
2549.237
485295.283
2522.432
485295.568
2495.658
485295.843
2468.916
485296.108
2442.204
485296.364
2415.524
485296.611
2388.874
485296.849
2362.256
485297.078
2335.668
485297.300
2309.112
485297.513
2282.586
485297.719
2256.091
485297.918
2229.626
485298.110
2203.192
485298.295
2176.789
485298.473
2150.416
485298.645
2124.074
485298.810
2097.762
485298.970
2071.480
485299.124
2045.228
485299.273
2019.007
485299.416
1992.783
485299.557
1966.234
485299.685
1941.019
485299.801
1917.459
485299.910
1894.265
485300.019
1870.169
485300.128
1845.157
485300.237
1819.229
485300.346
1792.388
485300.455
1764.634
485300.564
1735.967
485300.673
1706.389
485300.782
1675.901
485300.891
1644.504
485300.999
1612.199
485301.108
1578.987
485301.216
1544.870
485301.325
1509.849
485301.433
1473.924
485301.542
1437.098
485301.650
1399.372
485301.758
1360.747
485301.866
1321.224
485301.974
1280.881
485302.080
1240.101
485302.184
1199.383
485302.285
1159.086
485302.381
1119.423
485302.474
1080.544
485302.562
1042.561
485302.646
1005.559
485302.725
969.595
485302.801
934.700
485302.871
900.890
485302.938
868.169
485303.001
836.532
485303.059
805.965
485303.114
776.450
485303.166
747.965
485303.214
720.485
485303.259
693.983
485303.300
668.432
485303.339
643.802
485303.375
620.064
485303.408
597.190
485303.438
575.150
485303.467
553.917
485303.493
533.461
485303.517
513.757
485303.539
494.776
485303.559
476.495
485303.578
458.886
485303.594
441.927
485303.610
425.593
485303.624
409.862
485303.636
394.711
485303.648
380.120
485303.658
366.068
485303.667
352.535
485303.676
339.502
485303.683
326.951
485303.690
314.863
485303.696
303.223
485303.701
292.012
485303.706
281.216
485303.710
270.819
485303.714
260.807
485303.717
251.164
485303.720
241.878
485303.722
232.936
485303.724
224.324
485303.726
216.031
485303.727
208.044
485303.729
200.352
485303.730
192.945
485303.731
185.812
485303.732
178.942
485303.732
172.327
485303.733
165.956
485303.733
159.820
485303.734
153.912
485303.734
148.222
485303.734
142.742
485303.735
137.465
485303.735
132.383
485303.735
127.489
485303.735
122.776
485303.735
118.237
485303.735
113.866
485303.735
109.657
485303.735
105.603
485303.735
101.699
485303.735
97.940
485303.735
94.319
485303.735
90.832
485303.735
87.475
485303.735
84.241
485303.735
81.127
485303.735
78.128
485303.735
75.240
485303.735
72.459
485303.735
69.781
485303.735
67.201
485303.735
64.717
485303.735
62.325
485303.735
60.021
485303.735
57.803
485303.735
55.666
485303.735
53.609
485303.735
51.628
485303.735
49.719
485303.735
47.882
485303.735
46.112
485303.735
44.408
485303.735
42.767
485303.735
41.186
485303.735
39.664
485303.735
38.198
485303.735
36.787
485303.735
35.427
485303.735
34.118
485303.735
32.857
485303.735
31.643
485303.735
30.474
485303.735
29.348
485303.735
28.263
485303.735
27.219
485303.735
26.213
485303.735
25.245
485303.735
24.312
485303.735
23.414
485303.735
22.549
485303.735
21.716
485303.735
20.914
485303.735
20.141
485303.735
19.397
485303.735
18.681
485303.735
17.991
485303.735
17.326
485303.735
16.686
485303.735
16.070
485303.735
15.477
485303.735
14.905
485303.735
14.355
485303.735
13.825
485303.735
13.314
485303.735
12.823
485303.735
12.349
485303.735
11.894
485303.735
11.455
485303.735
11.032
485303.735
10.625
485303.735
10.232
485303.735
 9.855
485303.735
 9.491
485303.735
 9.141
485303.735
 8.804
485303.735
 8.479
485303.735
 8.166
485303.735
 7.865
485303.735
 7.575
485303.735
 7.296
485303.735
 7.027
485303.735
 6.768
485303.735
 6.518
485303.735
 6.278
485303.735
 6.046
485303.735
 5.824
485303.735
 5.609
485303.735
 5.402
485303.735
 5.203
485303.735
 5.012
485303.735
 4.827
485303.735
 4.649
485303.735
 4.478
485303.735
 4.313
485303.735
 4.155
485303.735
 4.002
485303.735
 3.854
485303.735
 3.713
485303.735
 3.576
485303.735
 3.445
485303.735
 3.318
485303.735
 3.196
485303.735
 3.079
485303.735
 2.966
485303.735
 2.857
485303.735
 2.752
485303.735
 2.651
485303.735
 2.553
485303.735
 2.460
485303.735
 2.370
485303.735
 2.283
485303.735
 2.199
485303.735
 2.118
485303.735
 2.041
485303.735
 1.966
485303.735
 1.894
485303.735
 1.825
485303.735
 1.758
485303.735
 1.694
485303.735
 1.632
485303.735
 1.572
485303.735
 1.515
485303.735
 1.460
485303.735
 1.407
485303.735
 1.355
485303.735
 1.306
485303.735
 1.258
485303.735
 1.213
485303.735
 1.168
485303.735
 1.126
485303.735
 1.085
485303.735
 1.046
485303.735
 1.008
485303.735
 0.971
485303.735
 0.936
485303.735
 0.902
485303.735
 0.870
485303.735
 0.838
485303.735
 0.808
485303.735
 0.779
485303.735
 0.751
485303.735
 0.724
485303.735
 0.698
485303.735
 0.673
485303.735
 0.649
485303.737
 0.626
485303.743
 0.546
485303.745
 0.489
485303.750
 0.431
485303.775
 0.362
485303.802
 0.297
485303.829
 0.232
485303.857
 0.168
485303.886
 0.106
485303.915
 0.044
