3939.231
-694.592
3939.231
-696.319
3939.231
-698.047
3939.231
-699.775
3939.231
-701.503
3939.231
-703.232
3939.231
-704.961
3939.231
-706.690
3939.231
-708.420
3939.231
-710.150
3939.231
-711.880
3939.231
-713.611
3939.231
-715.342
3939.231
-717.074
3939.231
-718.805
3939.231
-720.538
3939.231
-722.270
3939.231
-724.003
3939.231
-725.736
3939.231
-727.470
3939.231
-729.204
3939.231
-730.938
3939.231
-732.673
3939.231
-734.408
3939.231
-736.143
3939.231
-737.879
3939.231
-739.615
3939.231
-741.351
3939.231
-743.088
3939.231
-744.825
3939.231
-746.563
3939.231
-748.301
3939.231
-750.039
3939.231
-751.778
3939.231
-753.517
3891.135
-746.043
3879.889
-745.625
3874.522
-746.333
3870.879
-747.371
3868.072
-748.569
3865.758
-749.862
3863.769
-751.217
3862.011
-752.617
3860.422
-754.049
3858.964
-755.507
3857.608
-756.985
3856.336
-758.478
3855.131
-759.985
3853.981
-761.502
3852.878
-763.029
3851.815
-764.563
3850.784
-766.103
3849.781
-767.649
3848.803
-769.200
3847.844
-770.755
3846.903
-772.313
3845.976
-773.874
3845.061
-775.438
3844.156
-777.003
3843.259
-778.570
3842.369
-780.138
3841.483
-781.708
3840.601
-783.278
3839.721
-784.848
3838.842
-786.419
3837.963
-787.989
3837.083
-789.560
3836.201
-791.130
3835.316
-792.699
3834.427
-794.267
3833.533
-795.835
3832.633
-797.401
3831.727
-798.966
3830.814
-800.529
3829.893
-802.091
3828.963
-803.651
3828.024
-805.209
3827.074
-806.765
3826.114
-808.318
3825.142
-809.869
3824.158
-811.417
3823.161
-812.963
3822.151
-814.505
3821.126
-816.045
3820.085
-817.581
3819.029
-819.114
3817.957
-820.643
3816.866
-822.168
3815.758
-823.689
3814.631
-825.206
3813.484
-826.719
3812.317
-828.227
3811.129
-829.730
3809.918
-831.229
3808.685
-832.722
3807.427
-834.210
3806.145
-835.692
3804.837
-837.168
3803.503
-838.639
3802.141
-840.103
3800.751
-841.561
3799.331
-843.012
3797.881
-844.456
3796.399
-845.892
3794.884
-847.321
3793.336
-848.743
3791.753
-850.156
3790.133
-851.561
3788.476
-852.957
3786.781
-854.343
3785.045
-855.721
3783.268
-857.089
3781.449
-858.447
3779.586
-859.794
3777.677
-861.131
3775.721
-862.456
3773.716
-863.770
3771.662
-865.072
3769.555
-866.361
3767.395
-867.638
3765.180
-868.901
3762.908
-870.150
3760.577
-871.386
3758.186
-872.606
3755.731
-873.811
3753.212
-875.001
3750.626
-876.174
3747.971
-877.330
3745.245
-878.469
3742.445
-879.589
3739.570
-880.691
3736.616
-881.773
3733.581
-882.836
3730.464
-883.878
3727.260
-884.898
3723.968
-885.896
3720.584
-886.872
3717.106
-887.823
3713.530
-888.750
3709.855
-889.652
3706.076
-890.528
3702.190
-891.377
3698.194
-892.198
3694.085
-892.990
3689.860
-893.752
3685.513
-894.483
3681.043
-895.183
3676.445
-895.850
3671.715
-896.483
3666.850
-897.081
3661.845
-897.643
3656.696
-898.167
3651.399
-898.653
3645.950
-899.100
3640.343
-899.505
3634.575
-899.868
3628.642
-900.188
3622.537
-900.463
3616.256
-900.691
3609.795
-900.872
3603.148
-901.004
3596.311
-901.085
3589.277
-901.114
3582.043
-901.090
3574.601
-901.010
3566.948
-900.873
3559.076
-900.678
3550.982
-900.423
3542.659
-900.107
3534.100
-899.726
3525.302
-899.281
3516.257
-898.769
3506.960
-898.188
3497.405
-897.537
3487.586
-896.813
3477.498
-896.015
3467.133
-895.142
3456.487
-894.190
3445.553
-893.160
3434.325
-892.047
3422.799
-890.852
3410.967
-889.571
3398.825
-888.204
3386.366
-886.748
3373.586
-885.201
3360.479
-883.562
3347.039
-881.829
3333.262
-880.001
3319.144
-878.075
3304.678
-876.049
3289.862
-873.924
3274.690
-871.696
3259.159
-869.365
3243.266
-866.928
3227.006
-864.386
3210.378
-861.735
3193.378
-858.976
3176.005
-856.108
3158.257
-853.128
3140.131
-850.037
3121.629
-846.834
3102.748
-843.517
3083.489
-840.087
3063.853
-836.544
3043.840
-832.886
3023.453
-829.115
3002.694
-825.229
2981.565
-821.230
2960.070
-817.117
2938.213
-812.891
2915.999
-808.553
2893.432
-804.104
2870.519
-799.545
2847.266
-794.878
2823.681
-790.102
2799.771
-785.222
2775.544
-780.237
2751.010
-775.150
2726.177
-769.963
2701.058
-764.679
2675.661
-759.300
2650.000
-753.828
2624.084
-748.267
2597.928
-742.620
2571.543
-736.890
2544.944
-731.079
2518.144
-725.192
2491.157
-719.233
2463.997
-713.204
2436.680
-707.110
2409.222
-700.954
2381.636
-694.741
2353.939
-688.475
2326.147
-682.160
2298.276
-675.800
2270.341
-669.400
2242.359
-662.963
2214.345
-656.495
2186.316
-650.000
2158.287
-643.481
2130.274
-636.944
2102.294
-630.393
2074.360
-623.832
2046.489
-617.266
2018.694
-610.698
1990.991
-604.133
1963.394
-597.575
1935.917
-591.028
1908.572
-584.496
1881.374
-577.984
1854.333
-571.493
1827.464
-565.029
1800.776
-558.595
1774.281
-552.193
1747.990
-545.829
1721.913
-539.504
1696.059
-533.221
1670.437
-526.984
1645.055
-520.795
1619.922
-514.657
1595.045
-508.572
1570.430
-502.543
1546.085
-496.571
1522.013
-490.659
1498.222
-484.809
1474.716
-479.023
1451.498
-473.301
1428.573
-467.646
1405.944
-462.059
1383.614
-456.540
1361.585
-451.092
1339.859
-445.716
1318.437
-440.411
1297.322
-435.179
1276.513
-430.020
1256.011
-424.936
1235.816
-419.925
1215.927
-414.990
1196.345
-410.129
1177.069
-405.343
1158.096
-400.633
1139.426
-395.997
1121.058
-391.437
1102.988
-386.951
1085.216
-382.540
1067.738
-378.203
1050.553
-373.940
1033.657
-369.750
1017.048
-365.634
1000.723
-361.590
984.679
-357.617
968.913
-353.717
953.420
-349.886
938.199
-346.126
923.245
-342.435
908.554
-338.812
894.124
-335.257
879.950
-331.769
866.029
-328.347
852.357
-324.991
838.931
-321.698
825.745
-318.469
812.797
-315.303
800.082
-312.199
787.598
-309.155
775.339
-306.171
763.302
-303.246
751.484
-300.380
739.880
-297.570
728.486
-294.817
717.299
-292.119
706.316
-289.475
695.531
-286.885
684.943
-284.347
674.546
-281.861
664.338
-279.425
654.314
-277.040
644.472
-274.703
634.807
-272.414
625.317
-270.172
615.998
-267.977
606.846
-265.827
597.859
-263.722
589.032
-261.660
580.364
-259.641
571.850
-257.664
563.487
-255.728
555.274
-253.833
547.205
-251.977
539.280
-250.160
531.494
-248.381
523.845
-246.640
516.330
-244.935
508.946
-243.266
501.691
-241.631
494.562
-240.032
487.556
-238.465
480.672
-236.932
473.905
-235.431
467.255
-233.962
460.719
-232.524
454.293
-231.116
447.977
-229.737
441.767
-228.388
435.662
-227.067
429.660
-225.774
401.245
-212.595
334.533
-178.943
286.451
-154.939
250.171
-137.047
221.832
-123.266
199.086
-112.381
180.428
-103.610
164.845
-96.431
151.634
-90.477
140.318
-85.505
130.498
-81.306
121.884
-77.727
114.264
-74.659
107.474
-72.016
101.382
-69.730
95.884
-67.748
90.895
-66.024
86.346
-64.523
82.179
-63.213
78.347
-62.072
74.808
-61.076
71.529
-60.208
68.482
-59.452
65.640
-58.796
62.983
-58.229
60.492
-57.739
58.151
-57.318
55.946
-56.959
53.864
-56.654
51.895
-56.399
50.029
-56.187
48.257
-56.014
46.572
-55.875
44.967
-55.768
43.436
-55.687
41.974
-55.631
40.575
-55.596
39.236
-55.580
37.952
-55.581
36.720
-55.597
35.537
-55.625
34.399
-55.664
33.304
-55.713
32.249
-55.769
31.233
-55.833
30.253
-55.902
29.307
-55.975
28.394
-56.053
27.512
-56.133
26.659
-56.214
25.835
-56.298
25.037
-56.381
24.266
-56.465
23.519
-56.549
22.795
-56.631
22.095
-56.712
21.416
-56.792
20.758
-56.869
20.120
-56.945
19.502
-57.017
18.903
-57.087
18.322
-57.154
17.758
-57.218
17.212
-57.279
16.681
-57.337
16.167
-57.391
15.668
-57.442
15.184
-57.489
14.714
-57.533
14.259
-57.573
13.817
-57.610
13.388
-57.643
12.971
-57.673
12.567
-57.700
12.176
-57.723
11.795
-57.742
11.427
-57.759
11.069
-57.772
10.722
-57.782
10.385
-57.789
10.058
-57.793
 9.741
-57.793
 9.434
-57.791
 9.135
-57.787
 8.846
-57.779
 8.566
-57.769
 8.294
-57.756
 8.030
-57.741
 7.774
-57.723
 7.526
-57.703
 7.286
-57.681
 7.052
-57.657
 6.826
-57.630
 6.607
-57.602
 6.395
-57.572
 6.189
-57.540
 5.989
-57.506
 5.796
-57.470
 5.608
-57.433
 5.427
-57.394
 5.251
-57.354
 5.080
-57.312
 4.915
-57.269
 4.755
-57.225
 4.599
-57.179
 4.449
-57.133
 4.304
-57.085
 4.163
-57.036
 4.026
-56.986
 3.894
-56.935
 3.766
-56.884
 3.642
-56.831
 3.521
-56.778
 3.405
-56.723
 3.292
-56.669
 3.183
-56.613
 3.078
-56.557
 2.976
-56.500
 2.877
-56.443
 2.781
-56.385
 2.688
-56.326
 2.598
-56.268
 2.512
-56.208
 2.428
-56.149
 2.346
-56.089
 2.267
-56.028
 2.191
-55.967
 2.118
-55.906
 2.046
-55.845
 1.977
-55.783
 1.911
-55.722
 1.846
-55.659
 1.783
-55.597
 1.723
-55.535
 1.665
-55.472
 1.608
-55.410
 1.553
-55.347
 1.501
-55.284
 1.449
-55.221
 1.400
-55.157
 1.352
-55.094
 1.306
-55.031
 1.261
-54.968
 1.218
-54.904
 1.176
-54.841
 1.136
-54.777
 1.097
-54.714
 1.059
-54.651
 1.022
-54.587
 0.987
-54.524
 0.953
-54.460
 0.920
-54.397
 0.888
-54.334
 0.857
-54.270
 0.827
-54.207
 0.799
-54.144
 0.771
-54.081
 0.744
-54.018
 0.718
-53.955
 0.693
-53.892
 0.669
-53.829
 0.645
-53.766
 0.623
-53.704
 0.601
-53.641
 0.580
-53.579
 0.559
-53.516
 0.540
-53.454
 0.521
-53.392
 0.502
-53.330
 0.485
-53.268
 0.468
-53.206
 0.451
-53.144
 0.435
-53.083
 0.420
-53.021
 0.405
-52.960
 0.390
-52.898
 0.376
-52.837
 0.363
-52.776
 0.350
-52.715
 0.338
-52.654
 0.325
-52.594
 0.314
-52.533
 0.303
-52.473
 0.292
-52.412
 0.284
-52.854
 0.270
-52.098
 0.244
-48.763
 0.220
-45.729
 0.218
-47.276
 0.218
-49.109
 0.218
-50.940
 0.218
-52.769
 0.218
-54.596
 0.218
-56.422
 0.218
-58.245
 0.218
-60.066
 0.218
-61.885
 0.217
-63.702
 0.217
-65.517
 0.217
-67.329
 0.217
-69.139
 0.217
-70.946
 0.217
-72.751
 0.217
-74.553
 0.216
-76.352
 0.216
-78.149
 0.216
-79.934
 0.215
-81.296
 0.211
-81.650
 0.205
-81.105
 0.197
-80.016
 0.189
-78.585
 0.181
-76.896
 0.172
-75.008
 0.163
-72.980
 0.155
-70.867
 0.146
-68.708
 0.137
-66.530
 0.129
-64.355
 0.121
-62.199
 0.114
-60.075
 0.106
-57.992
 0.099
-55.956
 0.093
-53.972
 0.086
-52.044
 0.080
-50.172
 0.074
-48.358
 0.069
-46.602
 0.064
-44.904
 0.059
-43.264
 0.054
-41.680
 0.050
-40.151
 0.046
-38.676
 0.042
-37.254
 0.039
-35.882
 0.035
-34.560
 0.032
-33.286
 0.029
-32.058
 0.027
-30.874
 0.024
-29.735
 0.022
-28.636
 0.020
-27.579
 0.018
-26.560
 0.016
-25.578
 0.014
-24.633
 0.013
-23.723
 0.011
-22.846
 0.010
-22.001
 0.009
-21.188
 0.008
-20.405
 0.007
-19.650
 0.006
-18.924
 0.005
-18.224
 0.004
-17.550
 0.004
-16.901
 0.003
-16.276
 0.003
-15.675
 0.002
-15.095
 0.002
-14.537
 0.002
-14.000
 0.001
-13.482
 0.001
-12.983
 0.001
-12.503
 0.001
-12.041
 0.001
-11.596
 0.001
-11.167
 0.000
-10.754
 0.000
-10.357
 0.000
-9.974
 0.000
-9.605
 0.000
-9.250
 0.000
-8.908
 0.000
-8.578
 0.000
-8.261
 0.000
-7.956
 0.000
-7.662
 0.000
-7.378
 0.000
-7.105
 0.000
-6.843
 0.000
-6.590
 0.000
-6.346
 0.000
-6.111
 0.000
-5.885
 0.000
-5.668
 0.000
-5.458
 0.000
-5.256
 0.000
-5.062
 0.000
-4.875
 0.000
-4.695
 0.000
-4.521
 0.000
-4.354
 0.000
-4.193
 0.000
-4.038
 0.000
-3.889
 0.000
-3.745
 0.000
-3.606
 0.000
-3.473
 0.000
-3.345
 0.000
-3.221
 0.000
-3.102
 0.000
-2.987
 0.000
-2.877
 0.000
-2.770
 0.000
-2.668
 0.000
-2.569
 0.000
-2.474
 0.000
-2.383
 0.000
-2.295
 0.000
-2.210
 0.000
-2.128
 0.000
-2.049
 0.000
-1.974
 0.000
-1.901
 0.000
-1.830
 0.000
-1.763
 0.000
-1.698
 0.000
-1.635
 0.000
-1.574
 0.000
-1.516
 0.000
-1.460
 0.000
-1.406
 0.000
-1.354
 0.000
-1.304
 0.000
-1.256
 0.000
-1.209
 0.000
-1.165
 0.000
-1.122
 0.000
-1.080
 0.000
-1.040
 0.000
-1.002
 0.000
-0.965
 0.000
-0.929
 0.000
-0.895
 0.000
-0.862
 0.000
-0.830
 0.000
-0.799
 0.000
-0.770
 0.000
-0.741
 0.000
-0.714
 0.000
-0.687
 0.000
-0.662
 0.000
-0.637
 0.000
-0.614
 0.000
-0.591
 0.000
-0.569
 0.000
-0.548
 0.000
-0.528
 0.000
-0.508
 0.000
-0.490
 0.000
-0.472
 0.000
-0.454
 0.000
-0.437
 0.000
-0.421
 0.000
-0.406
 0.000
-0.391
 0.000
-0.376
 0.000
-0.362
 0.000
-0.349
 0.000
-0.336
 0.000
-0.324
 0.000
-0.312
 0.000
-0.300
 0.000
-0.289
 0.000
-0.278
 0.000
-0.268
 0.000
-0.258
 0.000
-0.249
 0.000
-0.239
 0.000
-0.230
 0.000
-0.222
 0.000
-0.214
 0.000
-0.206
 0.000
-0.198
 0.000
-0.191
 0.000
-0.184
 0.000
-0.177
 0.000
-0.170
 0.000
-0.164
 0.000
-0.158
 0.000
-0.152
 0.000
-0.147
 0.000
-0.141
 0.000
-0.136
 0.000
-0.131
 0.000
-0.126
 0.000
-0.121
 0.000
-0.117
 0.000
-0.113
 0.000
-0.108
 0.000
-0.104
 0.000
-0.101
 0.000
-0.097
 0.000
-0.093
 0.000
-0.090
 0.000
-0.087
 0.000
-0.083
 0.000
-0.080
 0.000
-0.077
 0.000
-0.074
 0.000
-0.072
 0.000
-0.069
 0.000
-0.066
 0.000
-0.064
 0.000
-0.062
 0.000
-0.059
 0.000
-0.057
 0.000
-0.055
 0.000
-0.053
 0.000
-0.051
 0.000
-0.049
 0.000
-0.047
 0.062
-0.045
 0.000
-0.139
 0.028
-0.177
 0.163
-0.146
 0.106
-0.129
 0.107
-0.126
 0.112
-0.125
 0.116
-0.123
 0.119
-0.122
 0.123
-0.120
