 0.352
 0.352
 0.352
 0.352
 0.352
 0.353
 0.353
 0.353
 0.353
 0.353
 0.353
 0.353
 0.353
 0.353
 0.353
 0.353
 0.354
 0.354
 0.354
 0.354
 0.354
 0.354
 0.354
 0.354
 0.354
 0.354
 0.354
 0.355
 0.355
 2.734
 1.380
 0.946
 0.739
 0.622
 0.549
 0.501
 0.467
 0.443
 0.425
 0.412
 0.401
 0.393
 0.387
 0.382
 0.378
 0.375
 0.372
 0.370
 0.369
 0.367
 0.366
 0.366
 0.365
 0.365
 0.365
 0.366
 0.366
 0.367
 0.367
 0.368
 0.369
 0.371
 0.372
 0.374
 0.375
 0.377
 0.379
 0.382
 0.384
 0.387
 0.390
 0.393
 0.396
 0.399
 0.403
 0.407
 0.412
 0.416
 0.421
 0.426
 0.432
 0.438
 0.444
 0.450
 0.457
 0.465
 0.473
 0.481
 0.489
 0.499
 0.508
 0.518
 0.529
 0.540
 0.552
 0.564
 0.577
 0.590
 0.604
 0.619
 0.634
 0.650
 0.667
 0.685
 0.703
 0.722
 0.742
 0.762
 0.784
 0.806
 0.829
 0.853
 0.878
 0.904
 0.931
 0.959
 0.988
 1.018
 1.049
 1.081
 1.114
 1.149
 1.184
 1.221
 1.259
 1.298
 1.338
 1.380
 1.423
 1.467
 1.513
 1.560
 1.608
 1.658
 1.709
 1.762
 1.816
 1.872
 1.929
 1.987
 2.047
 2.108
 2.171
 2.236
 2.301
 2.369
 2.437
 2.507
 2.579
 2.652
 2.726
 2.801
 2.878
 2.956
 3.035
 3.116
 3.197
 3.279
 3.363
 3.447
 3.532
 3.617
 3.704
 3.790
 3.878
 3.965
 4.053
 4.140
 4.228
 4.316
 4.403
 4.489
 4.576
 4.661
 4.746
 4.829
 4.911
 4.993
 5.072
 5.150
 5.227
 5.301
 5.374
 5.444
 5.512
 5.578
 5.641
 5.701
 5.759
 5.814
 5.866
 5.914
 5.960
 6.003
 6.042
 6.078
 6.110
 6.139
 6.165
 6.187
 6.206
 6.221
 6.233
 6.242
 6.247
 6.249
 6.247
 6.242
 6.234
 6.223
 6.208
 6.191
 6.171
 6.148
 6.122
 6.093
 6.062
 6.029
 5.993
 5.955
 5.915
 5.873
 5.829
 5.784
 5.736
 5.688
 5.637
 5.586
 5.533
 5.479
 5.424
 5.368
 5.311
 5.253
 5.195
 5.136
 5.077
 5.017
 4.957
 4.897
 4.837
 4.776
 4.715
 4.655
 4.594
 4.534
 4.474
 4.414
 4.354
 4.295
 4.236
 4.177
 4.119
 4.061
 4.004
 3.947
 3.891
 3.835
 3.780
 3.725
 3.671
 3.618
 3.565
 3.513
 3.462
 3.412
 3.362
 3.312
 3.264
 3.216
 3.168
 3.122
 3.076
 3.031
 2.986
 2.943
 2.900
 2.857
 2.815
 2.774
 2.734
 2.694
 2.655
 2.617
 2.579
 2.542
 2.505
 2.470
 2.434
 2.400
 2.366
 2.332
 2.299
 2.267
 2.235
 2.204
 2.174
 2.143
 2.114
 2.085
 2.056
 2.028
 2.001
 1.974
 1.947
 1.921
 1.896
 1.871
 1.846
 1.822
 1.798
 1.775
 1.752
 1.729
 1.707
 1.685
 1.664
 1.643
 1.623
 1.602
 1.582
 1.563
 1.544
 1.525
 1.507
 1.488
 1.471
 1.453
 1.436
 1.419
 1.402
 1.386
 1.370
 1.354
 1.339
 1.324
 1.309
 1.294
 1.279
 1.265
 1.251
 1.238
 1.224
 1.211
 1.198
 1.185
 1.173
 1.160
 1.148
 1.136
 1.124
 1.113
 1.102
 1.090
 1.079
 1.069
 1.058
 1.048
 1.037
 1.027
 1.017
 1.007
 0.998
 0.988
 0.979
 0.970
 0.961
 0.952
 0.943
 0.935
 0.926
 0.918
 0.910
 0.902
 0.894
 0.886
 0.878
 0.871
 0.863
 0.856
 0.849
 0.842
 0.835
 0.828
 0.821
 0.814
 0.808
 0.801
 0.795
 0.788
 0.782
 0.776
 0.770
 0.764
 0.758
 0.753
 0.747
 0.741
 0.736
 0.730
 0.725
 0.720
 0.714
 0.709
 0.704
 0.699
 0.694
 0.689
 0.685
 0.680
 0.675
 0.671
 0.666
 0.662
 0.657
 0.653
 0.649
 0.644
 0.640
 0.636
 0.632
 0.628
 0.624
 0.620
 0.616
 0.612
 0.608
 0.605
 0.601
 0.597
 0.594
 0.590
 0.587
 0.583
 0.580
 0.576
 0.573
 0.570
 0.567
 0.563
 0.560
 0.557
 0.554
 0.551
 0.548
 0.545
 0.542
 0.539
 0.536
 0.533
 0.530
 0.527
 0.525
 0.522
 0.519
 0.516
 0.514
 0.511
 0.509
 0.506
 0.503
 0.501
 0.498
 0.496
 0.493
 0.491
 0.489
 0.486
 0.484
 0.482
 0.358
 0.357
 0.357
 0.357
 0.356
 0.356
 0.355
 0.355
 0.355
 0.354
 0.354
 0.353
 0.353
 0.352
 0.352
 0.352
 0.351
 0.351
 0.350
 0.350
 0.349
 0.349
 0.348
 0.348
 0.347
 0.347
 0.346
 0.346
 0.345
 0.345
 0.344
 0.344
 0.343
 0.343
 0.342
 0.342
 0.341
 0.341
 0.340
10.282
 8.388
 6.967
 5.874
 5.016
 4.331
 3.775
 3.318
 2.939
 2.619
 2.349
 2.118
 1.918
 1.746
 1.595
 1.463
 1.346
 1.243
 1.151
 1.069
 0.996
 0.930
 0.870
 0.816
 0.767
 0.723
 0.682
 0.645
 0.611
 0.579
 0.551
 0.524
 0.500
 0.477
 0.456
 0.436
 0.418
 0.401
 0.386
 0.371
 0.357
 0.344
 0.332
 0.320
 0.310
 0.300
 0.290
 0.281
 0.272
 0.264
 0.256
 0.249
 0.242
 0.235
 0.228
 0.222
 0.216
 0.211
 0.205
 0.200
 0.195
 0.190
 0.185
 0.181
 0.176
 0.172
 0.168
 0.164
 0.160
 0.156
 0.152
 0.149
 0.145
 0.142
 0.138
 0.135
 0.132
 0.129
 0.126
 0.123
 0.120
 0.117
 0.115
 0.112
 0.109
 0.107
 0.104
 0.102
 0.100
 0.097
 0.095
 0.093
 0.091
 0.089
 0.087
 0.085
 0.083
 0.081
 0.079
 0.077
 0.075
 0.074
 0.072
 0.070
 0.069
 0.067
 0.066
 0.064
 0.063
 0.062
 0.060
 0.059
 0.058
 0.056
 0.055
 0.054
 0.053
 0.052
 0.051
 0.050
 0.048
 0.047
 0.047
 0.046
 0.045
 0.044
 0.043
 0.042
 0.041
 0.040
 0.040
 0.039
 0.038
 0.038
 0.037
 0.036
 0.036
 0.035
 0.034
 0.034
 0.033
 0.033
 0.032
 0.032
 0.031
 0.031
 0.030
 0.030
 0.029
 0.029
 0.029
 0.028
 0.028
 0.028
 0.027
 0.027
 0.027
 0.026
 0.026
 0.026
 0.025
 0.025
 0.025
 0.025
 0.024
 0.024
 0.024
 0.024
 0.024
 0.023
 0.023
 0.023
 0.023
 0.023
 0.022
 0.022
 0.022
 0.022
 0.022
 0.022
 0.021
 0.021
 0.021
 0.021
 0.021
 0.021
 0.021
 0.021
 0.020
 0.020
 0.020
 0.020
 0.020
 0.020
 0.020
 0.020
 0.020
 0.020
 0.019
 0.019
 0.019
 0.019
 0.019
 0.019
 0.019
 0.019
 0.019
 0.019
 0.019
 0.019
 0.019
 0.018
 0.017
 0.017
 0.017
 0.017
 0.017
 0.017
 0.017
 0.017
 0.017
 0.017
 0.017
 0.017
 0.018
 0.018
 0.018
 0.018
 0.018
 0.018
 0.018
 0.018
 0.018
 0.018
 0.018
 0.018
 0.018
 0.018
 0.017
 0.017
 0.017
 0.017
 0.017
 0.017
 0.017
 0.017
 0.017
 0.017
 0.017
 0.017
 0.017
 0.017
 0.017
 0.017
 0.017
 0.017
 0.017
 0.017
 0.017
 0.017
 0.017
 0.017
 0.017
 0.017
 0.017
 0.017
 0.017
 0.017
 0.016
 0.016
 0.016
 0.016
 0.016
 0.016
 0.016
 0.016
 0.016
 0.016
 0.016
 0.016
 0.016
 0.016
 0.016
 0.016
 0.016
 0.016
 0.016
 0.016
 0.016
 0.016
 0.016
 0.016
 0.016
 0.015
 0.015
 0.015
 0.015
 0.015
 0.015
 0.015
 0.015
 0.015
 0.015
 0.015
 0.015
 0.015
 0.015
 0.015
 0.015
 0.015
 0.015
 0.015
 0.015
 0.015
 0.015
 0.015
 0.015
 0.015
 0.014
 0.014
 0.014
 0.014
 0.014
 0.014
 0.014
 0.014
 0.014
 0.014
 0.014
 0.014
 0.014
 0.014
 0.014
 0.014
 0.014
 0.014
 0.014
 0.014
 0.014
 0.014
 0.014
 0.014
 0.014
 0.014
 0.014
 0.014
 0.013
 0.013
 0.013
 0.013
 0.013
 0.013
 0.013
 0.013
 0.013
 0.013
 0.013
 0.013
 0.013
 0.013
 0.013
 0.013
 0.013
 0.013
 0.013
 0.013
 0.013
 0.013
 0.013
 0.013
 0.013
 0.013
 0.013
 0.013
 0.013
 0.013
 0.013
 0.013
 0.012
 0.012
 0.012
 0.012
 0.012
 0.373
 0.661
 0.680
 0.672
 0.374
 0.374
 0.373
 0.373
 0.372
 0.372
 0.372
 0.371
 0.371
 0.370
 0.370
 0.369
 0.369
 0.368
 0.368
 0.367
 0.367
 0.366
 0.364
 0.246
 0.026
 0.144
 0.241
 0.304
 0.355
 0.393
 0.418
 0.434
 0.442
 0.445
 0.443
 0.438
 0.431
 0.423
 0.413
 0.402
 0.391
 0.379
 0.367
 0.355
 0.344
 0.332
 0.320
 0.309
 0.298
 0.288
 0.277
 0.267
 0.258
 0.248
 0.239
 0.230
 0.222
 0.214
 0.206
 0.198
 0.191
 0.184
 0.177
 0.171
 0.164
 0.158
 0.153
 0.147
 0.141
 0.136
 0.131
 0.126
 0.122
 0.117
 0.113
 0.109
 0.105
 0.101
 0.097
 0.093
 0.090
 0.087
 0.083
 0.080
 0.077
 0.075
 0.072
 0.069
 0.067
 0.064
 0.062
 0.059
 0.057
 0.055
 0.053
 0.051
 0.049
 0.047
 0.046
 0.044
 0.042
 0.041
 0.039
 0.038
 0.036
 0.035
 0.034
 0.033
 0.031
 0.030
 0.029
 0.028
 0.027
 0.026
 0.025
 0.024
 0.023
 0.022
 0.022
 0.021
 0.020
 0.019
 0.018
 0.018
 0.017
 0.017
 0.016
 0.015
 0.015
 0.014
 0.014
 0.013
 0.013
 0.012
 0.012
 0.011
 0.011
 0.011
 0.010
 0.010
 0.009
 0.009
 0.009
 0.008
 0.008
 0.008
 0.007
 0.007
 0.007
 0.007
 0.006
 0.006
 0.006
 0.006
 0.006
 0.005
 0.005
 0.005
 0.005
 0.005
 0.004
 0.004
 0.004
 0.004
 0.004
 0.004
 0.004
 0.003
 0.003
 0.003
 0.003
 0.003
 0.003
 0.003
 0.003
 0.003
 0.002
 0.002
 0.002
 0.002
 0.002
 0.002
 0.002
 0.002
 0.002
 0.002
 0.002
 0.002
 0.002
