5000.000
5000.300
5000.601
5000.903
5001.205
5001.508
5001.811
5002.115
5002.420
5002.726
5003.032
5003.339
5003.646
5003.954
5004.263
5004.572
5004.882
5005.193
5005.505
5005.817
5006.129
5006.443
5006.757
5007.072
5007.387
5007.703
5008.020
5008.337
5008.655
4927.588
4918.281
4912.759
4908.772
4905.620
4902.991
4900.719
4898.705
4896.885
4895.214
4893.663
4892.206
4890.827
4889.512
4888.250
4887.030
4885.847
4884.693
4883.564
4882.454
4881.359
4880.277
4879.203
4878.136
4877.071
4876.008
4874.943
4873.875
4872.801
4871.721
4870.631
4869.531
4868.419
4867.293
4866.152
4864.994
4863.818
4862.623
4861.406
4860.167
4858.903
4857.615
4856.299
4854.955
4853.581
4852.176
4850.738
4849.266
4847.758
4846.212
4844.627
4843.001
4841.333
4839.620
4837.861
4836.054
4834.198
4832.289
4830.327
4828.308
4826.232
4824.096
4821.897
4819.633
4817.303
4814.903
4812.431
4809.884
4807.260
4804.556
4801.770
4798.897
4795.936
4792.883
4789.735
4786.488
4783.140
4779.687
4776.125
4772.451
4768.660
4764.750
4760.715
4756.552
4752.257
4747.826
4743.253
4738.534
4733.665
4728.640
4723.455
4718.106
4712.585
4706.889
4701.012
4694.949
4688.693
4682.239
4675.581
4668.713
4661.629
4654.323
4646.789
4639.019
4631.008
4622.750
4614.236
4605.461
4596.419
4587.101
4577.501
4567.612
4557.428
4546.941
4536.145
4525.032
4513.596
4501.829
4489.726
4477.279
4464.482
4451.328
4437.812
4423.926
4409.666
4395.025
4379.998
4364.579
4348.765
4332.549
4315.929
4298.900
4281.459
4263.602
4245.328
4226.633
4207.517
4187.978
4168.015
4147.629
4126.821
4105.591
4083.942
4061.876
4039.396
4016.505
3993.210
3969.514
3945.423
3920.946
3896.087
3870.856
3845.262
3819.313
3793.020
3766.394
3739.445
3712.186
3684.628
3656.786
3628.673
3600.302
3571.689
3542.847
3513.793
3484.542
3455.110
3425.513
3395.767
3365.888
3335.895
3305.802
3275.627
3245.386
3215.096
3184.774
3154.435
3124.096
3093.773
3063.481
3033.235
3003.052
2972.944
2942.927
2913.014
2883.219
2853.554
2824.032
2794.665
2765.464
2736.441
2707.605
2678.966
2650.535
2622.319
2594.327
2566.567
2539.045
2511.769
2484.745
2457.979
2431.476
2405.240
2379.275
2353.587
2328.177
2303.050
2278.207
2253.650
2229.382
2205.404
2181.717
2158.322
2135.218
2112.407
2089.888
2067.660
2045.723
2024.076
2002.717
1981.646
1960.861
1940.360
1920.141
1900.202
1880.540
1861.154
1842.041
1823.198
1804.623
1786.313
1768.264
1750.474
1732.941
1715.660
1698.629
1681.844
1665.303
1649.002
1632.937
1617.107
1601.506
1586.132
1570.982
1556.053
1541.340
1526.841
1512.553
1498.471
1484.594
1470.917
1457.438
1444.153
1431.059
1418.153
1405.433
1392.894
1380.533
1368.349
1356.338
1344.496
1332.822
1321.311
1309.962
1298.772
1287.738
1276.857
1266.126
1255.544
1245.107
1234.813
1224.659
1214.643
1204.763
1195.015
1185.399
1175.912
1166.550
1157.313
1148.198
1139.202
1130.325
1121.563
1112.915
1104.378
1095.951
1087.633
1079.420
1071.311
1063.305
1055.399
1047.592
1039.883
1032.269
1024.749
1017.321
1009.984
1002.736
995.575
988.501
981.512
974.606
967.781
961.038
954.373
947.787
941.277
934.842
928.481
922.194
915.977
909.832
903.756
897.748
891.807
885.932
880.122
874.376
868.693
863.072
857.512
852.012
846.571
841.188
835.862
830.592
825.378
820.219
815.113
810.061
805.060
800.111
795.212
790.363
785.564
780.812
776.108
771.451
766.841
762.275
757.755
753.279
748.846
744.457
740.109
735.804
731.539
727.316
723.132
718.987
714.882
710.814
706.785
702.793
698.837
694.918
691.035
687.187
683.373
679.594
675.849
672.138
668.459
664.813
661.199
657.617
654.066
650.546
647.056
643.597
640.167
636.767
633.395
630.053
626.738
623.451
620.192
616.961
613.756
610.577
607.425
604.299
601.198
598.123
595.073
592.047
589.046
586.069
583.115
580.186
577.279
574.396
571.536
568.698
565.882
563.088
560.316
557.565
554.836
552.128
549.440
546.773
544.127
541.500
538.894
536.307
533.740
531.192
528.663
526.152
523.661
521.188
518.733
516.296
513.878
511.477
509.093
506.727
504.378
502.046
499.731
497.432
495.150
492.885
490.635
488.402
486.184
483.982
481.795
479.624
477.468
475.328
473.202
471.091
468.994
466.913
464.845
462.792
460.753
458.728
456.716
456.298
456.326
456.357
456.393
456.432
456.475
456.521
456.571
456.624
456.681
456.741
456.804
456.870
456.939
457.011
457.086
457.164
457.244
457.327
457.412
457.500
457.590
457.682
457.777
457.873
457.972
458.072
458.174
458.277
458.382
458.489
458.597
458.706
458.816
458.927
459.040
459.152
459.266
459.380
461.397
415.872
378.410
347.074
320.498
297.693
277.927
260.642
245.412
231.900
219.842
209.022
199.267
190.435
182.407
175.084
168.383
162.234
156.576
151.358
146.535
142.069
137.925
134.075
130.492
127.152
124.037
121.127
118.406
115.860
113.475
111.240
109.144
107.177
105.330
103.595
101.965
100.432
98.992
97.636
96.361
95.162
94.033
92.970
91.970
91.028
90.142
89.307
88.521
87.781
87.085
86.428
85.811
85.229
84.680
84.164
83.677
83.219
82.787
82.380
81.996
81.634
81.292
80.970
80.666
80.378
80.106
79.849
79.606
79.376
79.158
78.951
78.754
78.567
78.389
78.219
78.058
77.903
77.755
77.613
77.477
77.346
77.220
77.098
76.981
76.867
76.756
76.649
76.544
76.442
76.342
76.244
76.149
76.054
75.961
75.870
75.779
75.690
75.601
75.514
75.426
75.340
75.253
75.167
75.081
74.996
74.910
74.825
74.739
74.654
74.568
74.483
74.397
74.310
74.224
74.137
74.051
73.963
73.876
73.788
73.700
73.611
73.522
73.433
73.344
73.254
73.164
73.073
72.982
72.891
72.800
72.708
72.616
72.523
72.431
72.338
72.245
72.151
72.057
71.963
71.869
71.775
71.680
71.586
71.491
71.396
71.300
71.205
71.110
71.014
70.918
70.823
70.727
70.631
70.535
70.439
70.343
70.246
70.150
70.054
69.958
69.862
69.766
69.670
69.574
69.478
69.382
69.286
69.190
69.094
68.999
68.903
68.808
68.712
68.617
68.522
68.427
68.332
68.237
68.143
68.048
67.954
67.860
67.766
67.672
67.578
67.484
67.391
67.298
67.205
67.112
67.019
66.927
66.834
66.742
66.650
66.559
66.467
66.376
66.285
66.194
66.103
66.013
65.922
65.832
65.742
65.653
65.563
65.474
65.385
65.296
65.207
65.121
65.040
64.959
64.877
64.794
64.711
64.628
64.545
64.461
64.377
64.293
64.208
64.123
64.038
63.953
63.868
63.783
63.698
63.612
63.527
63.441
63.356
63.271
63.185
63.100
63.014
62.929
62.844
62.758
62.673
62.588
62.503
62.418
62.334
62.249
62.165
62.080
61.996
61.912
61.828
61.744
61.661
61.577
61.494
61.411
61.328
61.245
61.162
61.080
60.998
60.916
60.834
60.752
60.670
60.589
60.508
60.427
60.346
60.266
60.185
60.105
60.025
59.946
59.866
59.787
59.708
59.629
59.550
59.471
59.393
59.315
59.237
59.159
59.082
59.004
58.927
58.850
58.773
58.697
58.620
58.544
58.468
58.393
58.317
58.242
58.167
58.092
58.017
57.942
57.868
57.794
57.720
57.646
57.572
57.499
57.426
57.353
57.280
57.207
57.135
57.062
56.990
56.918
56.847
56.775
56.704
56.633
56.562
56.491
56.420
56.350
56.280
56.210
56.140
56.070
56.001
55.931
55.862
55.793
55.724
55.656
55.587
55.519
55.451
55.383
55.315
55.247
55.180
55.113
55.046
54.979
54.912
54.845
54.779
54.713
54.647
54.581
54.515
54.449
54.384
54.319
54.254
54.189
54.124
54.059
53.995
53.930
53.866
53.802
53.739
53.675
53.611
53.548
53.485
53.422
53.359
53.296
53.233
53.171
53.109
53.047
52.985
52.923
52.861
52.800
52.738
52.677
52.616
52.555
52.494
52.433
52.373
52.642
49.316
45.980
46.798
48.631
50.462
52.292
54.120
55.946
57.770
59.591
61.411
63.229
65.044
66.857
68.667
70.475
72.281
74.083
75.883
77.680
79.475
81.036
81.676
81.337
80.367
79.018
77.393
75.552
73.556
71.461
69.311
67.135
64.957
62.794
60.660
58.565
56.515
54.516
52.572
50.684
48.854
47.082
45.369
43.712
42.113
40.569
39.079
37.642
36.256
34.921
33.633
32.393
31.197
30.046
28.936
27.867
26.838
25.846
24.891
23.971
23.085
22.232
21.410
20.618
19.856
19.122
18.415
17.734
17.079
16.447
15.839
15.253
14.689
14.146
13.623
13.119
12.634
12.167
11.717
11.284
10.867
10.465
10.078
 9.705
 9.347
 9.001
 8.668
 8.348
 8.039
 7.742
 7.456
 7.180
 6.914
 6.659
 6.413
 6.175
 5.947
 5.727
 5.516
 5.312
 5.115
 4.926
 4.744
 4.569
 4.400
 4.237
 4.080
 3.929
 3.784
 3.644
 3.509
 3.380
 3.255
 3.134
 3.019
 2.907
 2.799
 2.696
 2.596
 2.500
 2.408
 2.319
 2.233
 2.150
 2.071
 1.994
 1.921
 1.850
 1.781
 1.715
 1.652
 1.591
 1.532
 1.475
 1.421
 1.368
 1.318
 1.269
 1.222
 1.177
 1.133
 1.091
 1.051
 1.012
 0.975
 0.939
 0.904
 0.871
 0.838
 0.807
 0.778
 0.749
 0.721
 0.694
 0.669
 0.644
 0.620
 0.597
 0.575
 0.554
 0.533
 0.514
 0.495
 0.476
 0.459
 0.442
 0.426
 0.410
 0.395
 0.380
 0.366
 0.352
 0.339
 0.327
 0.315
 0.303
 0.292
 0.281
 0.271
 0.261
 0.251
 0.242
 0.233
 0.224
 0.216
 0.208
 0.200
