 0.000
125000.000
2462.019
124565.448
4924.039
124130.032
7386.058
123693.753
9848.078
123256.609
12310.097
122818.601
14772.117
122379.728
17234.136
121939.990
19696.156
121499.387
22158.175
121057.919
24620.194
120615.586
27082.214
120172.387
29544.233
119728.321
32006.253
119283.390
34468.272
118837.593
36930.292
118390.928
39392.311
117943.397
41854.331
117494.999
44316.350
117045.734
46778.369
116595.601
49240.389
116144.601
51702.408
115692.732
54164.428
115239.996
56626.447
114786.391
59088.467
114331.917
61550.486
113876.575
64012.506
113420.364
66474.525
112963.283
68936.545
112505.333
71366.650
112059.264
73787.604
111615.967
76205.060
111173.191
78620.157
110730.483
81033.431
110287.630
83445.196
109844.508
85855.655
109401.034
88264.954
108957.152
90673.196
108512.820
93080.464
108068.006
95486.820
107622.684
97892.314
107176.835
100296.987
106730.442
102700.873
106283.492
105103.997
105835.975
107506.383
105387.880
109908.050
104939.202
112309.012
104489.933
114709.282
104040.069
117108.870
103589.606
119507.784
103138.540
121906.031
102686.869
124303.615
102234.591
126700.539
101781.704
129096.806
101328.209
131492.417
100874.104
133887.370
100419.389
136281.665
99964.066
138675.299
99508.135
141068.269
99051.597
143460.572
98594.455
145852.202
98136.709
148243.154
97678.362
150633.421
97219.417
153022.997
96759.877
155411.874
96299.745
157800.043
95839.024
160187.496
95377.718
162574.222
94915.831
164960.210
94453.367
167345.451
93990.331
169729.932
93526.729
172113.640
93062.564
174496.562
92597.842
176878.684
92132.570
179259.993
91666.753
181640.471
91200.397
184020.104
90733.510
186398.875
90266.098
188776.766
89798.168
191153.759
89329.728
193529.835
88860.787
195904.974
88391.351
198279.155
87921.430
200652.357
87451.033
203024.558
86980.169
205395.734
86508.848
207765.862
86037.080
210134.916
85564.875
212502.871
85092.244
214869.699
84619.199
217235.372
84145.752
219599.862
83671.913
221963.139
83197.697
224325.171
82723.117
226685.926
82248.185
229045.371
81772.916
231403.472
81297.324
233760.191
80821.425
236115.494
80345.235
238469.339
79868.769
240821.690
79392.045
243172.503
78915.079
245521.737
78437.890
247869.347
77960.497
250215.289
77482.919
252559.514
77005.175
254901.975
76527.287
257242.621
76049.275
259581.400
75571.163
261918.258
75092.972
264253.141
74614.727
266585.989
74136.452
268916.745
73658.171
271245.347
73179.912
273571.731
72701.701
275895.833
72223.566
278217.586
71745.535
280536.918
71267.638
282853.760
70789.906
285168.036
70312.371
287479.670
69835.064
289788.584
69358.019
292094.696
68881.272
294397.923
68404.857
296698.178
67928.812
298995.372
67453.174
301289.414
66977.982
303580.210
66503.276
305867.662
66029.098
308151.670
65555.491
310432.132
65082.497
312708.942
64610.162
314981.990
64138.531
317251.166
63667.653
319516.355
63197.576
321777.438
62728.350
324034.294
62260.026
326286.799
61792.656
328534.826
61326.295
330778.244
60860.998
333016.918
60396.820
335250.712
59933.820
337479.485
59472.057
339703.093
59011.591
341921.390
58552.483
344134.224
58094.797
346341.442
57638.597
348542.887
57183.947
350738.400
56730.915
352927.816
56279.567
355110.971
55829.974
357287.693
55382.204
359457.811
54936.329
361621.151
54492.420
363777.532
54050.551
365926.776
53610.795
368068.699
53173.226
370203.114
52737.921
372329.834
52304.954
374448.669
51874.403
376559.426
51446.344
378661.911
51020.856
380755.929
50598.015
382841.281
50177.900
384917.770
49760.588
386985.197
49346.159
389043.360
48934.689
391092.060
48526.256
393131.094
48120.938
395160.263
47718.812
397179.365
47319.953
399188.199
46924.436
401186.568
46532.337
403174.271
46143.728
405151.113
45758.682
407116.898
45377.269
409071.434
44999.559
411014.530
44625.619
412945.999
44255.515
414865.655
43889.311
416773.319
43527.068
418668.811
43168.848
420551.959
42814.706
422422.593
42464.697
424280.551
42118.875
426125.671
41777.288
427957.800
41439.983
429776.790
41107.005
431582.497
40778.393
433374.786
40454.186
435153.526
40134.419
436918.594
39819.122
438669.872
39508.324
440407.251
39202.049
442130.629
38900.318
443839.909
38603.150
445535.004
38310.559
447215.834
38022.555
448882.326
37739.147
450534.415
37460.338
452172.044
37186.128
453795.164
36916.516
455403.734
36651.494
456997.720
36391.053
458577.095
36135.181
460141.844
35883.861
461691.954
35637.075
463227.424
35394.800
464748.258
35157.011
466254.469
34923.681
467746.076
34694.777
469223.106
34470.269
470685.593
34250.118
472133.577
34034.287
473567.104
33822.736
474986.228
33615.421
476391.009
33412.298
477781.512
33213.319
479157.808
33018.436
480519.974
32827.598
481868.090
32640.754
483202.246
32457.850
484522.531
32278.831
485829.041
32103.641
487121.879
31932.223
488401.146
31764.519
489666.953
31600.469
490919.410
31440.015
492158.632
31283.095
493384.738
31129.648
494597.847
30979.614
495798.085
30832.930
496985.575
30689.534
498160.447
30549.365
499322.830
30412.359
500472.856
30278.454
501610.657
30147.588
502736.367
30019.700
503850.124
29894.726
504952.062
29772.606
506042.320
29653.277
507121.034
29536.680
508188.343
29422.754
509244.387
29311.438
510289.303
29202.673
511323.230
29096.400
512346.308
28992.562
513358.674
28891.100
514360.466
28791.957
515351.822
28695.078
516332.880
28600.406
517303.775
28507.887
518264.644
28417.468
519215.620
28329.094
520156.839
28242.713
521088.432
28158.275
522010.532
28075.728
522923.269
27995.022
523826.774
27916.108
524721.174
27838.939
525606.596
27763.467
526483.167
27689.645
527351.010
27617.428
528210.250
27546.771
529061.007
27477.631
529903.401
27409.963
530737.552
27343.727
531563.577
27278.881
532381.591
27215.383
533191.709
27153.195
533994.043
27092.278
534788.705
27032.594
535575.805
26974.105
536355.449
26916.774
537127.746
26860.567
537892.799
26805.449
538650.713
26751.384
539401.589
26698.340
540145.528
26646.285
540882.628
26595.185
541612.988
26545.010
542336.701
26495.730
543053.864
26447.314
543764.569
26399.734
544468.906
26352.961
545166.966
26306.966
545858.838
26261.723
546544.608
26217.206
547224.362
26173.387
547898.183
26130.243
548566.155
26087.747
549228.359
26045.876
549884.875
26004.606
550535.781
25963.915
551181.156
25923.778
551821.074
25884.175
552455.610
25845.084
553084.839
25806.484
553708.832
25768.354
554327.660
25730.675
554941.392
25693.426
555550.099
25656.589
556153.845
25620.145
556752.699
25584.075
557346.725
25548.363
557935.986
25512.990
558520.547
25477.940
559100.468
25443.196
559675.810
25408.742
560246.632
25374.562
560812.994
25340.640
561374.953
25306.963
561932.566
25273.514
562485.887
25240.280
563034.972
25207.247
563579.875
25174.401
564120.647
25141.728
564657.342
25109.216
565190.009
25076.852
565718.700
25044.623
566243.462
25012.518
566764.346
24980.524
567281.397
24948.631
567794.663
24916.826
568304.189
24885.098
568810.022
24853.438
569312.204
24821.833
569810.781
24790.275
570305.794
24758.753
570797.285
24727.258
571285.297
24695.779
571769.869
24664.307
572251.043
24632.834
572728.856
24601.351
573203.348
24569.848
573674.557
24538.317
574142.520
24506.751
574607.274
24475.140
575068.855
24443.478
575527.299
24411.756
575982.640
24379.966
576434.913
24348.102
576884.151
24316.157
577330.389
24284.123
577773.658
24251.993
578213.991
24219.761
578651.419
24187.420
579085.973
24154.965
579517.684
24122.388
579946.583
24089.683
580372.698
24056.846
580796.058
24023.869
581216.694
23990.748
581634.631
23957.477
582049.900
23924.050
582462.525
23890.462
582872.535
23856.709
583279.956
23822.784
583684.814
23788.684
584087.134
23754.403
584486.942
23719.938
584884.262
23685.282
585279.119
23650.433
585671.537
23615.385
586061.539
23580.135
586449.149
23544.678
586834.389
23509.010
587217.282
23473.128
587597.851
23437.028
587976.117
23400.706
588352.101
23364.158
588725.825
23327.380
589097.310
23290.371
589466.576
23253.125
589833.644
23215.640
590198.533
23177.913
590561.263
23139.941
590921.853
23101.720
591280.323
23063.248
591636.690
23024.522
591990.974
22985.539
592343.193
22946.296
592693.365
22906.791
593041.507
22867.021
593387.636
22826.984
593731.771
22786.678
594073.927
22746.099
594414.121
22705.247
594752.370
22664.117
595088.690
22622.710
595423.097
22581.021
595755.607
22539.050
596086.234
22496.795
596414.995
22454.253
596741.903
22411.422
597066.975
22368.302
597390.225
22324.889
597711.666
22281.183
598031.314
22237.182
598349.182
22192.885
598665.284
22148.289
598979.634
22103.394
599292.244
22058.198
599603.129
22012.700
599912.301
21966.898
600219.773
21920.791
600525.558
21874.378
600829.668
21827.658
601132.115
21780.630
601432.913
21733.292
601732.072
21685.644
602029.604
21637.685
602325.522
21589.414
602619.837
21540.830
602912.560
21491.931
603203.702
21442.719
603493.274
21393.190
603781.288
21343.346
604067.754
21293.185
604352.682
21242.706
604636.084
21191.910
604917.969
21140.794
605198.347
21089.360
605477.230
21037.607
605754.626
20985.533
606030.545
20933.139
606304.998
20880.425
606577.993
20827.389
606849.541
20774.032
607119.650
20720.354
607388.330
20666.354
607655.589
20612.032
607921.437
20557.388
608185.883
20502.422
608448.934
20447.133
608710.601
20391.522
608970.891
20335.589
609229.813
20279.334
609487.375
20222.756
609743.586
20165.857
609998.452
20108.635
610251.983
20051.091
610504.187
19993.226
610755.070
19935.039
611004.642
19876.531
611252.908
19817.702
611499.878
19758.552
611745.558
19699.081
611989.956
19639.291
612233.079
19579.181
612474.934
19518.752
612715.528
19458.004
612954.869
19396.937
613192.962
19335.553
613429.816
19273.852
613665.436
19211.834
613899.830
19149.499
614133.003
19086.849
614364.964
19023.884
614595.717
18960.605
614825.269
18897.012
615053.628
18833.106
615280.798
18768.888
615506.786
18704.358
615731.598
18639.518
615955.241
18574.368
616177.719
18508.909
616399.040
18443.141
616619.208
18377.067
616838.230
18310.686
617056.384
18243.835
617274.270
18176.155
617491.908
18107.634
617709.298
18038.273
617926.439
17968.073
618143.328
17897.037
618359.966
17825.165
618576.351
17752.459
618792.481
17678.921
619008.355
17604.551
619223.973
17529.351
619439.333
17453.324
619654.434
17376.469
619869.273
17298.789
620083.851
17220.286
620298.166
17140.961
620512.216
17060.815
620725.999
16979.851
620939.515
16898.069
621152.762
16815.472
621365.739
16732.060
621578.444
16647.837
621790.875
16562.804
622003.030
16476.962
622214.910
16390.313
622426.511
16302.859
622637.832
16214.602
622848.871
16125.544
623059.627
16035.686
623270.099
15945.031
623480.283
15853.580
623690.179
15761.336
623899.785
15668.301
624109.098
15574.475
624318.118
15479.863
624526.842
15384.465
624735.268
15288.284
624943.394
15191.322
625151.219
15093.581
625358.772
14995.048
625556.205
14900.438
625734.671
14814.039
625897.370
14734.394
626046.759
14660.382
626184.762
14591.124
626312.920
14525.920
626432.477
14464.202
626544.460
14405.502
626649.721
14349.433
626748.974
14295.670
626842.828
14243.935
626931.801
14193.995
627016.341
14145.644
627096.836
14098.709
627173.624
14053.036
627247.003
14008.489
627317.235
13964.952
627384.554
13922.320
627449.166
13880.499
627511.258
13839.407
627570.995
13798.970
627628.528
13759.121
627683.992
13719.800
627737.510
13680.954
627789.196
13642.534
627839.149
13604.495
627887.465
13566.798
627934.229
13529.405
627979.520
13492.284
628023.409
13455.405
628065.965
13418.739
628107.249
13382.262
628147.318
13345.951
628186.226
13309.784
628224.023
13273.743
628260.755
13237.809
628296.464
13201.966
628331.192
13166.200
628364.977
13130.498
628397.853
13094.847
628429.854
13059.235
628461.011
13023.654
628491.355
12988.092
628520.912
12952.543
628549.710
12916.998
628577.774
12881.450
628605.126
12845.893
628631.789
12810.322
628657.785
12774.732
628683.134
12739.117
628707.855
12703.475
628731.967
12667.801
628755.487
12632.093
628778.432
12596.348
628800.817
12560.564
628822.659
12524.738
628843.973
12488.870
628864.771
12452.957
628885.068
12417.000
628904.877
12380.997
628924.211
12344.948
628943.081
12308.852
628961.499
12272.710
628979.477
12236.522
628997.026
12200.288
629014.155
12164.008
629030.876
12127.683
629047.198
12091.315
629063.130
12054.903
629078.682
12018.449
629093.864
11981.954
629108.683
11945.420
629123.148
11908.847
629137.267
11872.237
629151.049
11835.591
629164.502
11798.911
629177.632
11762.199
629190.448
11725.455
629202.956
11688.683
629215.163
11651.882
629227.078
11615.056
629238.705
11578.206
629250.052
11541.333
629261.125
11504.439
629271.931
11467.526
629282.475
11430.597
629292.763
11393.651
629302.801
11356.692
629312.595
11319.721
629322.151
11282.740
629331.474
11245.750
629340.568
11208.753
629349.440
11171.751
629358.095
11134.746
629366.537
11097.739
629374.771
11060.732
629382.802
11023.726
629390.635
10986.723
629398.274
10949.725
629405.724
10912.733
629412.988
10875.748
629420.073
10838.772
629426.980
10801.807
629433.715
10764.854
629440.282
10727.913
629446.684
10690.988
629452.926
10654.078
629459.011
10617.185
629464.942
10580.311
629470.724
10543.456
629476.359
10506.622
629481.852
10469.810
629487.206
10433.021
629492.423
10396.255
629497.508
10359.515
629502.463
10322.801
629507.292
10286.114
629511.997
10249.455
629516.581
10212.825
629521.048
10176.224
629525.399
10139.654
629529.639
10103.116
629533.769
10066.610
629537.792
10030.137
629541.711
9993.698
629545.529
9957.293
629549.247
9920.923
629552.869
9884.589
629556.396
9848.292
629559.831
9812.032
629563.176
9775.809
629566.434
9739.624
629569.606
9703.478
629572.694
9667.372
629575.702
9631.305
629578.630
9595.278
629581.480
9559.292
629584.256
9523.346
629586.958
9487.443
629589.588
9451.581
629592.148
9415.761
629594.640
9379.984
629597.066
9344.250
629599.427
9308.559
629601.724
9272.911
629603.961
9237.307
629606.137
9201.747
629608.255
9166.232
629610.315
9130.761
629612.321
9095.334
629614.272
9059.953
629616.171
9024.616
629618.018
8989.325
629619.815
8954.080
629621.563
8918.880
629623.264
8883.726
629624.918
8848.617
629626.528
8813.555
629628.093
8778.539
629629.616
8743.569
629631.097
8708.645
629632.538
8673.768
629633.939
8638.937
629635.301
8604.153
629636.626
8569.415
629637.914
8534.724
629639.167
8500.080
629640.385
8465.483
629641.570
8430.932
629642.721
8396.428
629643.841
8361.970
629644.930
8327.560
629645.988
8293.196
629647.017
8258.879
629648.017
8224.609
629648.989
8190.386
629649.934
8156.209
629650.852
8122.079
629651.745
8087.996
629652.613
8053.959
629653.456
8019.969
629654.275
7986.025
629655.072
7952.129
629655.845
7918.278
629656.597
7884.474
629657.328
7850.716
629658.038
7817.005
629658.728
7783.340
629659.398
7749.721
629660.049
7716.148
629660.682
7682.621
629661.296
7649.140
629661.893
7615.705
629662.473
7582.316
629663.036
7548.973
629663.583
7515.675
629664.115
7482.423
629664.631
7449.216
629665.132
7416.055
629665.619
7382.938
629666.092
7349.868
629666.551
7316.842
629666.997
7283.861
629667.429
7250.926
629667.850
7218.035
629668.258
7185.189
629668.654
7152.387
629669.039
7119.630
629669.412
7086.918
629669.775
7054.250
629670.127
7021.626
629670.468
6989.046
629670.800
6956.507
629671.122
6924.009
629671.434
6891.552
629671.738
6859.135
629672.032
6826.760
629672.318
6794.427
629672.595
6762.134
629672.865
6729.884
629673.126
6697.676
629673.379
6665.509
629673.625
6633.385
629673.864
6601.303
629674.096
6569.263
629674.321
6537.266
629674.539
6505.311
629674.750
6473.399
629674.955
6441.530
629675.154
6409.703
629675.347
6377.919
629675.535
6346.177
629675.716
6314.478
629675.893
6282.822
629676.064
6251.209
629676.229
6219.638
629676.390
6188.110
629676.546
6156.624
629676.697
6125.182
629676.844
6093.782
629676.986
6062.424
629677.124
6031.109
629677.257
5999.836
629677.387
5968.606
629677.512
5937.418
629677.634
5906.273
629677.752
5875.170
629677.866
5844.109
629677.977
5813.090
629678.085
5782.113
629678.189
5751.179
629678.290
5720.286
629678.388
5689.435
629678.483
5658.625
629678.575
5627.858
629678.664
5597.132
629678.750
5566.447
629678.834
5535.804
629678.915
5505.203
629678.993
5474.642
629679.069
5444.123
629679.143
5413.645
629679.214
5383.208
629679.283
5352.811
629679.350
5322.456
629679.415
5292.141
629679.478
5261.867
629679.539
5231.633
629679.598
5201.440
629679.655
5171.287
629679.710
5141.174
629679.764
5111.101
629679.816
5081.069
629679.866
5051.076
629679.915
5021.123
629679.962
4991.210
629680.007
4961.336
629680.051
4931.502
629680.094
4901.708
629680.136
4871.953
629680.176
4842.237
629680.214
4812.560
629680.252
4782.922
629680.288
4753.323
629680.323
4723.763
629680.357
4694.241
629680.390
4664.758
629680.422
4635.314
629680.453
4605.908
629680.483
4576.541
629680.512
4547.212
629680.540
4517.920
629680.567
4488.667
629680.593
4459.452
629680.618
4430.275
629680.643
4401.135
629680.667
4372.033
629680.689
4342.968
629680.712
4313.941
629680.733
4284.952
629680.754
4255.999
629680.774
4227.084
629680.793
4198.205
629680.812
4169.364
629680.830
4140.559
629680.848
4111.792
629680.865
4083.061
629680.881
4054.366
629680.897
4025.708
629680.913
3997.086
629680.927
3968.501
629680.942
3939.952
629680.956
3911.438
629680.969
3882.961
629680.982
3854.520
629680.995
3826.114
629681.007
3797.745
629681.018
3769.411
629681.030
3741.112
629681.041
3712.849
629681.051
3684.621
629681.062
3656.428
629681.071
3628.271
629681.081
3600.149
629681.090
3572.061
629681.099
3544.009
629681.108
3515.991
629681.116
3488.008
629681.124
3460.060
629681.132
3432.146
629681.139
3404.267
629681.147
3376.422
629681.154
3348.611
629681.160
3320.835
629681.167
3293.093
629681.173
3265.384
629681.179
3237.710
629681.185
3210.069
629681.191
3182.462
629681.197
3154.889
629681.202
3127.350
629681.207
3099.843
629681.212
3072.371
629681.217
3044.931
629681.221
3017.525
629681.226
2990.153
629681.230
2962.813
629681.234
2935.506
629681.238
2908.232
629681.242
2880.991
629681.246
2853.783
629681.250
2826.607
629681.253
2799.464
629681.256
2772.353
629681.260
2745.275
629681.263
2718.229
629681.266
2691.216
629681.269
2664.235
629681.272
2637.285
629681.274
2610.368
629681.277
2583.483
629681.279
2556.630
629681.282
2529.808
629681.284
2503.018
629681.286
2476.260
629681.289
2449.534
629681.291
2422.839
629681.293
2396.175
629681.295
2369.542
629681.297
2342.941
629681.299
2316.371
629681.300
2289.833
629681.302
2263.325
629681.304
2236.848
629681.305
2210.402
629681.307
2183.987
629681.308
2157.603
629681.310
2131.249
629681.311
2104.926
629681.312
2078.633
629681.314
2052.371
629681.315
2026.139
629681.316
1999.937
629681.317
1973.422
629681.318
1947.931
629681.319
1924.107
629681.320
1901.091
629681.321
1877.234
629681.322
1852.460
629681.323
1826.771
629681.324
1800.168
629681.325
1772.652
629681.326
1744.223
629681.326
1714.883
629681.327
1684.632
629681.328
1653.472
629681.329
1621.404
629681.330
1588.428
629681.331
1554.547
629681.332
1519.761
629681.333
1484.072
629681.334
1447.481
629681.334
1409.990
629681.335
1371.599
629681.336
1332.310
629681.337
1292.156
629681.338
1251.434
629681.339
1210.646
629681.340
1170.201
629681.340
1130.342
629681.341
1091.229
629681.342
1052.985
629681.343
1015.703
629681.343
979.446
629681.344
944.251
629681.345
910.140
629681.345
877.117
629681.346
845.180
629681.346
814.318
629681.347
784.514
629681.347
755.746
629681.347
727.990
629681.348
701.221
629681.348
675.409
629681.348
650.527
629681.349
626.545
629681.349
603.435
629681.349
581.167
629681.349
559.713
629681.350
539.045
629681.350
519.135
629681.350
499.957
629681.350
481.485
629681.350
463.692
629681.351
446.556
629681.351
430.051
629681.351
414.155
629681.351
398.846
629681.351
384.103
629681.351
369.903
629681.351
356.229
629681.351
343.059
629681.351
330.376
629681.351
318.162
629681.351
306.400
629681.351
295.072
629681.352
284.163
629681.352
273.657
629681.352
263.539
629681.352
253.796
629681.352
244.413
629681.352
235.377
629681.352
226.674
629681.352
218.294
629681.352
210.223
629681.352
202.451
629681.352
194.967
629681.352
187.759
629681.352
180.817
629681.352
174.132
629681.352
167.694
629681.352
161.495
629681.352
155.524
629681.352
149.775
629681.352
144.238
629681.352
138.905
629681.352
133.770
629681.352
128.825
629681.352
124.062
629681.352
119.476
629681.352
115.059
629681.352
110.806
629681.352
106.709
629681.352
102.765
629681.352
98.966
629681.352
95.307
629681.352
91.784
629681.352
88.391
629681.352
85.124
629681.352
81.977
629681.352
78.947
629681.352
76.028
629681.352
73.218
629681.352
70.512
629681.352
67.905
629681.352
65.395
629681.352
62.978
629681.352
60.650
629681.352
58.408
629681.352
56.250
629681.352
54.171
629681.352
52.168
629681.352
50.240
629681.352
48.383
629681.352
46.595
629681.352
44.873
629681.352
43.215
629681.352
41.617
629681.352
40.079
629681.352
38.598
629681.352
37.172
629681.352
35.798
629681.352
34.475
629681.352
33.201
629681.352
31.974
629681.352
30.793
629681.352
29.655
629681.352
28.559
629681.352
27.504
629681.352
26.488
629681.352
25.509
629681.352
24.567
629681.352
23.659
629681.352
22.785
629681.352
21.943
629681.352
21.133
629681.352
20.352
629681.352
19.600
629681.352
18.876
629681.352
18.179
629681.352
17.508
629681.352
16.861
629681.352
16.238
629681.352
15.639
629681.352
15.061
629681.352
14.505
629681.352
13.969
629681.352
13.454
629681.352
12.957
629681.352
12.479
629681.352
12.018
629681.352
11.574
629681.352
11.147
629681.352
10.736
629681.352
10.339
629681.352
 9.958
629681.352
 9.590
629681.352
 9.237
629681.352
 8.896
629681.352
 8.568
629681.352
 8.252
629681.352
 7.947
629681.352
 7.654
629681.352
 7.372
629681.352
 7.100
629681.352
 6.838
629681.352
 6.586
629681.352
 6.343
629681.352
 6.110
629681.352
 5.884
629681.352
 5.668
629681.352
 5.459
629681.352
 5.258
629681.352
 5.064
629681.352
 4.877
629681.352
 4.698
629681.352
 4.525
629681.352
 4.358
629681.352
 4.198
629681.352
 4.043
629681.352
 3.895
629681.352
 3.751
629681.352
 3.613
629681.352
 3.481
629681.352
 3.353
629681.352
 3.229
629681.352
 3.111
629681.352
 2.996
629681.352
 2.886
629681.352
 2.780
629681.352
 2.678
