4924.039
-868.240
4924.039
-869.967
4924.039
-871.695
4924.039
-873.423
4924.039
-875.152
4924.039
-876.881
4924.039
-878.610
4924.039
-880.340
4924.039
-882.071
4924.039
-883.801
4924.039
-885.533
4924.039
-887.264
4924.039
-888.996
4924.039
-890.729
4924.039
-892.462
4924.039
-894.195
4924.039
-895.929
4924.039
-897.663
4924.039
-899.398
4924.039
-901.133
4924.039
-902.869
4924.039
-904.605
4924.039
-906.341
4924.039
-908.078
4924.039
-909.816
4924.039
-911.554
4924.039
-913.292
4924.039
-915.031
4924.039
-916.770
4846.963
-887.734
4837.847
-885.849
4832.316
-885.390
4828.241
-885.509
4824.957
-885.943
4822.168
-886.574
4819.717
-887.339
4817.510
-888.202
4815.487
-889.137
4813.605
-890.129
4811.835
-891.165
4810.155
-892.237
4808.548
-893.339
4807.002
-894.464
4805.504
-895.609
4804.047
-896.770
4802.624
-897.945
4801.228
-899.131
4799.855
-900.326
4798.500
-901.528
4797.159
-902.736
4795.830
-903.949
4794.508
-905.164
4793.191
-906.382
4791.877
-907.601
4790.564
-908.820
4789.249
-910.038
4787.930
-911.255
4786.606
-912.469
4785.274
-913.681
4783.934
-914.889
4782.584
-916.093
4781.222
-917.292
4779.846
-918.486
4778.456
-919.674
4777.049
-920.855
4775.625
-922.028
4774.182
-923.194
4772.718
-924.352
4771.233
-925.501
4769.725
-926.640
4768.193
-927.770
4766.635
-928.888
4765.049
-929.996
4763.436
-931.091
4761.792
-932.175
4760.117
-933.245
4758.410
-934.302
4756.668
-935.344
4754.890
-936.372
4753.075
-937.384
4751.221
-938.380
4749.327
-939.359
4747.391
-940.321
4745.411
-941.264
4743.385
-942.188
4741.312
-943.093
4739.190
-943.977
4737.017
-944.839
4734.792
-945.679
4732.511
-946.497
4730.173
-947.290
4727.777
-948.059
4725.319
-948.801
4722.798
-949.517
4720.212
-950.206
4717.557
-950.865
4714.832
-951.495
4712.034
-952.095
4709.161
-952.662
4706.210
-953.196
4703.177
-953.696
4700.062
-954.160
4696.859
-954.588
4693.567
-954.978
4690.183
-955.329
4686.703
-955.639
4683.124
-955.907
4679.443
-956.131
4675.656
-956.311
4671.759
-956.444
4667.750
-956.529
4663.625
-956.564
4659.378
-956.548
4655.008
-956.480
4650.509
-956.356
4645.877
-956.176
4641.108
-955.938
4636.198
-955.639
4631.142
-955.278
4625.936
-954.853
4620.575
-954.363
4615.054
-953.804
4609.367
-953.174
4603.511
-952.473
4597.480
-951.696
4591.268
-950.843
4584.870
-949.911
4578.280
-948.897
4571.494
-947.800
4564.505
-946.616
4557.307
-945.344
4549.895
-943.981
4542.262
-942.524
4534.403
-940.972
4526.311
-939.320
4517.980
-937.568
4509.403
-935.711
4500.575
-933.749
4491.489
-931.677
4482.137
-929.494
4472.515
-927.197
4462.614
-924.783
4452.430
-922.250
4441.954
-919.594
4431.181
-916.815
4420.104
-913.908
4408.716
-910.872
4397.012
-907.704
4384.984
-904.402
4372.627
-900.964
4359.934
-897.387
4346.899
-893.669
4333.516
-889.808
4319.781
-885.802
4305.686
-881.650
4291.228
-877.350
4276.400
-872.899
4261.199
-868.297
4245.619
-863.543
4229.656
-858.635
4213.307
-853.573
4196.568
-848.355
4179.436
-842.982
4161.908
-837.453
4143.982
-831.767
4125.657
-825.925
4106.930
-819.928
4087.801
-813.776
4068.270
-807.470
4048.337
-801.011
4028.003
-794.401
4007.269
-787.640
3986.137
-780.732
3964.611
-773.679
3942.692
-766.482
3920.385
-759.146
3897.695
-751.673
3874.627
-744.066
3851.186
-736.329
3827.379
-728.466
3803.214
-720.482
3778.697
-712.381
3753.838
-704.168
3728.646
-695.848
3703.130
-687.425
3677.300
-678.907
3651.167
-670.297
3624.744
-661.603
3598.041
-652.831
3571.071
-643.985
3543.848
-635.074
3516.384
-626.104
3488.693
-617.081
3460.790
-608.012
3432.688
-598.904
3404.404
-589.764
3375.951
-580.598
3347.345
-571.414
3318.601
-562.218
3289.736
-553.018
3260.764
-543.821
3231.702
-534.632
3202.565
-525.459
3173.369
-516.308
3144.129
-507.186
3114.861
-498.099
3085.580
-489.053
3056.301
-480.055
3027.040
-471.110
2997.810
-462.223
2968.627
-453.400
2939.504
-444.647
2910.456
-435.968
2881.494
-427.368
2852.633
-418.852
2823.885
-410.423
2795.261
-402.086
2766.774
-393.845
2738.435
-385.703
2710.254
-377.664
2682.242
-369.730
2654.409
-361.905
2626.763
-354.190
2599.314
-346.589
2572.069
-339.103
2545.038
-331.734
2518.226
-324.484
2491.640
-317.354
2465.288
-310.346
2439.175
-303.460
2413.306
-296.698
2387.686
-290.059
2362.320
-283.545
2337.211
-277.155
2312.364
-270.890
2287.782
-264.750
2263.467
-258.734
2239.422
-252.842
2215.649
-247.074
2192.150
-241.428
2168.926
-235.905
2145.978
-230.504
2123.307
-225.223
2100.913
-220.061
2078.797
-215.018
2056.959
-210.092
2035.397
-205.281
2014.112
-200.586
1993.103
-196.003
1972.369
-191.533
1951.908
-187.172
1931.719
-182.921
1911.800
-178.776
1892.150
-174.737
1872.768
-170.802
1853.649
-166.969
1834.794
-163.237
1816.199
-159.603
1797.862
-156.067
1779.780
-152.626
1761.952
-149.279
1744.373
-146.024
1727.042
-142.859
1709.956
-139.783
1693.112
-136.794
1676.506
-133.890
1660.137
-131.069
1644.001
-128.331
1628.094
-125.672
1612.415
-123.092
1596.960
-120.589
1581.725
-118.161
1566.708
-115.807
1551.906
-113.525
1537.315
-111.314
1522.933
-109.172
1508.756
-107.097
1494.782
-105.089
1481.006
-103.145
1467.427
-101.264
1454.041
-99.445
1440.845
-97.686
1427.836
-95.986
1415.012
-94.345
1402.368
-92.759
1389.903
-91.228
1377.613
-89.752
1365.495
-88.327
1353.547
-86.955
1341.766
-85.632
1330.149
-84.359
1318.693
-83.133
1307.396
-81.954
1296.255
-80.821
1285.267
-79.732
1274.430
-78.687
1263.741
-77.684
1253.198
-76.723
1242.797
-75.803
1232.538
-74.922
1222.416
-74.080
1212.431
-73.275
1202.579
-72.508
1192.858
-71.776
1183.266
-71.080
1173.801
-70.417
1164.461
-69.789
1155.243
-69.193
1146.145
-68.629
1137.165
-68.096
1128.302
-67.594
1119.553
-67.121
1110.915
-66.678
1102.388
-66.263
1093.970
-65.875
1085.658
-65.514
1077.450
-65.180
1069.345
-64.872
1061.341
-64.589
1053.437
-64.330
1045.630
-64.095
1037.919
-63.884
1030.302
-63.695
1022.778
-63.529
1015.344
-63.384
1008.000
-63.261
1000.745
-63.159
993.575
-63.077
986.491
-63.014
979.490
-62.971
972.571
-62.947
965.732
-62.941
958.974
-62.954
952.293
-62.984
945.688
-63.031
939.160
-63.094
932.705
-63.174
926.323
-63.271
920.013
-63.382
913.773
-63.509
907.603
-63.651
901.500
-63.807
895.465
-63.977
889.496
-64.162
883.591
-64.359
877.750
-64.570
871.972
-64.794
866.256
-65.031
860.600
-65.279
855.004
-65.540
849.466
-65.812
843.987
-66.096
838.564
-66.391
833.197
-66.696
827.885
-67.013
822.627
-67.339
817.422
-67.676
812.270
-68.023
807.170
-68.379
802.120
-68.745
797.120
-69.120
792.169
-69.503
787.267
-69.896
782.412
-70.297
777.604
-70.706
772.842
-71.123
768.126
-71.548
763.455
-71.981
758.827
-72.422
754.243
-72.869
749.702
-73.324
745.202
-73.786
740.744
-74.254
736.327
-74.729
731.950
-75.211
727.612
-75.698
723.314
-76.192
719.053
-76.692
714.831
-77.197
710.646
-77.708
706.497
-78.225
702.385
-78.747
698.308
-79.274
694.266
-79.806
690.258
-80.343
686.285
-80.884
682.345
-81.430
678.438
-81.981
674.564
-82.536
670.722
-83.095
666.911
-83.659
663.132
-84.226
659.383
-84.797
655.664
-85.372
651.976
-85.950
648.317
-86.532
644.686
-87.118
641.085
-87.706
637.511
-88.298
633.965
-88.893
630.447
-89.490
626.956
-90.091
623.491
-90.694
620.052
-91.300
616.640
-91.908
613.253
-92.519
609.891
-93.132
606.554
-93.748
603.241
-94.365
599.953
-94.985
596.688
-95.607
593.447
-96.230
590.229
-96.855
587.034
-97.482
583.861
-98.111
580.711
-98.741
577.583
-99.372
574.476
-100.005
571.391
-100.640
568.326
-101.275
565.283
-101.911
562.260
-102.549
559.258
-103.188
556.275
-103.827
553.312
-104.467
550.369
-105.108
547.445
-105.750
544.540
-106.392
541.653
-107.035
538.786
-107.678
535.936
-108.322
533.104
-108.966
530.291
-109.610
527.494
-110.255
524.716
-110.899
521.954
-111.544
519.209
-112.188
516.481
-112.833
513.770
-113.477
511.074
-114.122
508.395
-114.766
505.732
-115.409
503.084
-116.052
500.452
-116.695
497.836
-117.337
495.234
-117.979
492.647
-118.620
490.076
-119.261
487.518
-119.900
484.975
-120.539
482.447
-121.177
479.932
-121.815
477.432
-122.451
474.945
-123.086
472.472
-123.720
470.012
-124.353
467.565
-124.985
465.132
-125.615
462.711
-126.245
460.304
-126.873
457.909
-127.499
455.526
-128.124
453.156
-128.748
450.798
-129.370
448.453
-129.991
446.119
-130.609
443.797
-131.227
441.487
-131.842
439.188
-132.456
436.901
-133.068
436.019
-134.519
435.525
-136.202
435.029
-137.883
434.531
-139.561
434.030
-141.236
433.528
-142.909
433.023
-144.578
432.515
-146.245
432.005
-147.909
431.493
-149.570
430.978
-151.228
430.461
-152.883
429.941
-154.535
429.418
-156.183
428.893
-157.829
428.365
-159.472
427.834
-161.111
427.300
-162.747
426.764
-164.380
426.224
-166.009
425.682
-167.635
425.136
-169.257
424.587
-170.876
424.036
-172.492
423.481
-174.103
422.923
-175.711
422.361
-177.316
421.796
-178.917
421.228
-180.513
420.656
-182.106
420.081
-183.695
419.502
-185.280
418.920
-186.862
418.334
-188.438
417.744
-190.011
417.150
-191.580
416.553
-193.144
415.952
-194.704
415.346
-196.259
416.454
-198.629
374.681
-180.453
340.241
-165.622
311.368
-153.330
286.822
-143.010
265.702
-134.252
247.340
-126.752
231.231
-120.277
216.984
-114.651
204.295
-109.733
192.921
-105.413
182.667
-101.602
173.374
-98.228
164.914
-95.231
157.177
-92.561
150.074
-90.178
143.529
-88.046
137.478
-86.137
131.866
-84.424
126.645
-82.887
121.776
-81.506
117.222
-80.265
112.954
-79.151
108.944
-78.149
105.168
-77.251
101.607
-76.445
98.240
-75.723
95.052
-75.078
92.029
-74.503
89.157
-73.991
86.424
-73.536
83.820
-73.134
81.335
-72.781
78.960
-72.472
76.689
-72.202
74.514
-71.970
72.427
-71.771
70.425
-71.603
68.500
-71.464
66.649
-71.350
64.866
-71.259
63.149
-71.190
61.492
-71.140
59.892
-71.108
58.347
-71.092
56.853
-71.091
55.408
-71.102
54.008
-71.126
52.653
-71.160
51.338
-71.204
50.064
-71.256
48.827
-71.315
47.626
-71.381
46.459
-71.452
45.325
-71.529
44.223
-71.609
43.150
-71.693
42.107
-71.780
41.091
-71.869
40.102
-71.960
39.139
-72.052
38.200
-72.145
37.285
-72.238
36.393
-72.330
35.523
-72.423
34.674
-72.514
33.847
-72.605
33.039
-72.694
32.251
-72.781
31.482
-72.866
30.731
-72.949
29.997
-73.030
29.281
-73.108
28.582
-73.184
27.899
-73.256
27.232
-73.326
26.580
-73.393
25.943
-73.456
25.321
-73.517
24.714
-73.573
24.120
-73.627
23.539
-73.677
22.972
-73.724
22.418
-73.767
21.877
-73.807
21.347
-73.843
20.830
-73.876
20.325
-73.905
19.831
-73.931
19.348
-73.953
18.876
-73.972
18.415
-73.987
17.965
-73.999
17.525
-74.008
17.095
-74.013
16.674
-74.015
16.264
-74.014
15.862
-74.009
15.470
-74.002
15.087
-73.991
14.713
-73.977
14.347
-73.961
13.990
-73.941
13.641
-73.919
13.301
-73.894
12.968
-73.866
12.643
-73.836
12.325
-73.803
12.015
-73.767
11.712
-73.730
11.416
-73.689
11.127
-73.647
10.845
-73.602
10.570
-73.555
10.301
-73.506
10.039
-73.455
 9.783
-73.402
 9.532
-73.346
 9.288
-73.290
 9.050
-73.231
 8.817
-73.170
 8.590
-73.108
 8.369
-73.045
 8.153
-72.979
 7.942
-72.913
 7.736
-72.844
 7.535
-72.775
 7.339
-72.704
 7.148
-72.632
 6.961
-72.558
 6.779
-72.483
 6.602
-72.408
 6.429
-72.331
 6.260
-72.253
 6.095
-72.174
 5.935
-72.094
 5.778
-72.013
 5.625
-71.931
 5.477
-71.849
 5.331
-71.766
 5.190
-71.682
 5.052
-71.597
 4.917
-71.512
 4.786
-71.425
 4.658
-71.339
 4.533
-71.252
 4.412
-71.164
 4.294
-71.076
 4.178
-70.987
 4.066
-70.898
 3.956
-70.808
 3.849
-70.718
 3.745
-70.627
 3.644
-70.537
 3.545
-70.446
 3.449
-70.354
 3.355
-70.263
 3.264
-70.171
 3.175
-70.078
 3.088
-69.986
 3.003
-69.894
 2.921
-69.801
 2.841
-69.708
 2.763
-69.615
 2.687
-69.522
 2.613
-69.429
 2.541
-69.335
 2.471
-69.242
 2.402
-69.148
 2.336
-69.055
 2.271
-68.961
 2.208
-68.868
 2.147
-68.774
 2.087
-68.681
 2.029
-68.587
 1.972
-68.494
 1.917
-68.400
 1.863
-68.307
 1.811
-68.213
 1.760
-68.120
 1.711
-68.027
 1.662
-67.933
 1.616
-67.840
 1.570
-67.747
 1.526
-67.655
 1.482
-67.562
 1.440
-67.469
 1.400
-67.377
 1.360
-67.284
 1.321
-67.192
 1.284
-67.100
 1.247
-67.008
 1.211
-66.916
 1.177
-66.824
 1.143
-66.733
 1.110
-66.641
 1.078
-66.550
 1.047
-66.459
 1.017
-66.368
 0.988
-66.277
 0.959
-66.187
 0.932
-66.096
 0.905
-66.006
 0.879
-65.916
 0.853
-65.827
 0.828
-65.737
 0.804
-65.648
 0.781
-65.558
 0.758
-65.469
 0.736
-65.381
 0.714
-65.292
 0.694
-65.204
 0.673
-65.118
 0.654
-65.037
 0.634
-64.956
 0.616
-64.874
 0.598
-64.792
 0.580
-64.709
 0.563
-64.626
 0.547
-64.542
 0.530
-64.459
 0.515
-64.375
 0.499
-64.291
 0.485
-64.206
 0.470
-64.122
 0.456
-64.037
 0.443
-63.952
 0.429
-63.867
 0.417
-63.782
 0.404
-63.696
 0.392
-63.611
 0.380
-63.526
 0.369
-63.440
 0.358
-63.355
 0.347
-63.270
 0.337
-63.184
 0.326
-63.099
 0.317
-63.013
 0.307
-62.928
 0.298
-62.843
 0.289
-62.758
 0.280
-62.673
 0.271
-62.588
 0.263
-62.503
 0.255
-62.418
 0.247
-62.333
 0.240
-62.249
 0.232
-62.164
 0.225
-62.080
 0.218
-61.996
 0.212
-61.912
 0.205
-61.828
 0.199
-61.744
 0.193
-61.660
 0.187
-61.577
 0.181
-61.494
 0.175
-61.410
 0.170
-61.327
 0.165
-61.245
 0.160
-61.162
 0.155
-61.080
 0.150
-60.997
 0.145
-60.915
 0.141
-60.833
 0.136
-60.752
 0.132
-60.670
 0.128
-60.589
 0.124
-60.508
 0.120
-60.427
 0.116
-60.346
 0.112
-60.266
 0.109
-60.185
 0.105
-60.105
 0.102
-60.025
 0.099
-59.946
 0.096
-59.866
 0.093
-59.787
 0.090
-59.707
 0.087
-59.629
 0.084
-59.550
 0.081
-59.471
 0.079
-59.393
 0.076
-59.315
 0.074
-59.237
 0.071
-59.159
 0.069
-59.082
 0.067
-59.004
 0.065
-58.927
 0.063
-58.850
 0.061
-58.773
 0.059
-58.697
 0.057
-58.620
 0.055
-58.544
 0.053
-58.468
 0.051
-58.393
 0.050
-58.317
 0.048
-58.242
 0.047
-58.167
 0.045
-58.092
 0.044
-58.017
 0.042
-57.942
 0.041
-57.868
 0.039
-57.794
 0.038
-57.720
 0.037
-57.646
 0.036
-57.572
 0.035
-57.499
 0.033
-57.426
 0.032
-57.353
 0.031
-57.280
 0.030
-57.207
 0.029
-57.135
 0.028
-57.062
 0.027
-56.990
 0.026
-56.918
 0.026
-56.847
 0.025
-56.775
 0.024
-56.704
 0.023
-56.633
 0.022
-56.562
 0.022
-56.491
 0.021
-56.420
 0.020
-56.350
 0.019
-56.280
 0.019
-56.210
 0.018
-56.140
 0.018
-56.070
 0.017
-56.001
 0.016
-55.931
 0.016
-55.862
 0.015
-55.793
 0.015
-55.724
 0.014
-55.656
 0.014
-55.587
 0.013
-55.519
 0.013
-55.451
 0.012
-55.383
 0.012
-55.315
 0.012
-55.247
 0.011
-55.180
 0.011
-55.113
 0.010
-55.046
 0.010
-54.979
 0.010
-54.912
 0.009
-54.845
 0.009
-54.779
 0.009
-54.713
 0.008
-54.647
 0.008
-54.581
 0.008
-54.515
 0.008
-54.449
 0.007
-54.384
 0.007
-54.319
 0.007
-54.254
 0.007
-54.189
 0.006
-54.124
 0.006
-54.059
 0.006
-53.995
 0.006
-53.930
 0.006
-53.866
 0.005
-53.802
 0.005
-53.739
 0.005
-53.675
 0.005
-53.611
 0.005
-53.548
 0.004
-53.485
 0.004
-53.422
 0.004
-53.359
 0.004
-53.296
 0.004
-53.233
 0.004
-53.171
 0.004
-53.109
 0.003
-53.047
 0.003
-52.985
 0.003
-52.923
 0.003
-52.861
 0.003
-52.800
 0.003
-52.738
 0.003
-52.677
 0.003
-52.616
 0.003
-52.555
 0.003
-52.494
 0.002
-52.433
 0.002
-52.373
 0.002
-52.642
 0.002
-49.316
 0.002
-45.980
 0.002
-46.798
 0.002
-48.631
 0.002
-50.462
 0.002
-52.292
 0.002
-54.120
 0.002
-55.946
 0.002
-57.770
 0.002
-59.591
 0.002
-61.411
 0.002
-63.229
 0.002
-65.044
 0.002
-66.857
 0.002
-68.667
 0.002
-70.475
 0.002
-72.281
 0.002
-74.083
 0.002
-75.883
 0.002
-77.680
 0.002
-79.475
 0.002
-81.036
 0.002
-81.676
 0.002
-81.337
 0.002
-80.367
 0.002
-79.018
 0.002
-77.393
 0.001
-75.552
 0.001
-73.556
 0.001
-71.461
 0.001
-69.311
 0.001
-67.135
 0.001
-64.957
 0.001
-62.794
 0.001
-60.660
 0.001
-58.565
 0.001
-56.515
 0.001
-54.516
 0.001
-52.572
 0.001
-50.684
 0.001
-48.854
 0.001
-47.082
 0.001
-45.369
 0.000
-43.712
 0.000
-42.113
 0.000
-40.569
 0.000
-39.079
 0.000
-37.642
 0.000
-36.256
 0.000
-34.921
 0.000
-33.633
 0.000
-32.393
 0.000
-31.197
 0.000
-30.046
 0.000
-28.936
 0.000
-27.867
 0.000
-26.838
 0.000
-25.846
 0.000
-24.891
 0.000
-23.971
 0.000
-23.085
 0.000
-22.232
 0.000
-21.410
 0.000
-20.618
 0.000
-19.856
 0.000
-19.122
 0.000
-18.415
 0.000
-17.734
 0.000
-17.079
 0.000
-16.447
 0.000
-15.839
 0.000
-15.253
 0.000
-14.689
 0.000
-14.146
 0.000
-13.623
 0.000
-13.119
 0.000
-12.634
 0.000
-12.167
 0.000
-11.717
 0.000
-11.284
 0.000
-10.867
 0.000
-10.465
 0.000
-10.078
 0.000
-9.705
 0.000
-9.347
 0.000
-9.001
 0.000
-8.668
 0.000
-8.348
 0.000
-8.039
 0.000
-7.742
 0.000
-7.456
 0.000
-7.180
 0.000
-6.914
 0.000
-6.659
 0.000
-6.413
 0.000
-6.175
 0.000
-5.947
 0.000
-5.727
 0.000
-5.516
 0.000
-5.312
 0.000
-5.115
 0.000
-4.926
 0.000
-4.744
 0.000
-4.569
 0.000
-4.400
 0.000
-4.237
 0.000
-4.080
 0.000
-3.929
 0.000
-3.784
 0.000
-3.644
 0.000
-3.509
 0.000
-3.380
 0.000
-3.255
 0.000
-3.134
 0.000
-3.019
 0.000
-2.907
 0.000
-2.799
 0.000
-2.696
 0.000
-2.596
 0.000
-2.500
 0.000
-2.408
 0.000
-2.319
 0.000
-2.233
 0.000
-2.150
 0.000
-2.071
 0.000
-1.994
 0.000
-1.921
 0.000
-1.850
 0.000
-1.781
 0.000
-1.715
 0.000
-1.652
 0.000
-1.591
 0.000
-1.532
 0.000
-1.475
 0.000
-1.421
 0.000
-1.368
 0.000
-1.318
 0.000
-1.269
 0.000
-1.222
 0.000
-1.177
 0.000
-1.133
 0.000
-1.091
 0.000
-1.051
 0.000
-1.012
 0.000
-0.975
 0.000
-0.939
 0.000
-0.904
 0.000
-0.871
 0.000
-0.838
 0.000
-0.807
 0.000
-0.778
 0.000
-0.749
 0.000
-0.721
 0.000
-0.694
 0.000
-0.669
 0.000
-0.644
 0.000
-0.620
 0.000
-0.597
 0.000
-0.575
 0.000
-0.554
 0.000
-0.533
 0.000
-0.514
 0.000
-0.495
 0.000
-0.476
 0.000
-0.459
 0.000
-0.442
 0.000
-0.426
 0.000
-0.410
 0.000
-0.395
 0.000
-0.380
 0.000
-0.366
 0.000
-0.352
 0.000
-0.339
 0.000
-0.327
 0.000
-0.315
 0.000
-0.303
 0.000
-0.292
 0.000
-0.281
 0.000
-0.271
 0.000
-0.261
 0.000
-0.251
 0.000
-0.242
 0.000
-0.233
 0.000
-0.224
 0.000
-0.216
 0.000
-0.208
 0.000
-0.200
