 0.352
 0.352
 0.352
 0.352
 0.353
 0.353
 0.353
 0.353
 0.353
 0.353
 0.353
 0.353
 0.353
 0.353
 0.354
 0.354
 0.354
 0.354
 0.354
 0.354
 0.354
 0.354
 0.354
 0.355
 4.617
 1.075
 0.617
 0.457
 0.385
 0.349
 0.329
 0.318
 0.311
 0.307
 0.305
 0.303
 0.302
 0.302
 0.301
 0.301
 0.301
 0.301
 0.301
 0.301
 0.301
 0.301
 0.301
 0.301
 0.301
 0.301
 0.301
 0.301
 0.302
 0.302
 0.302
 0.302
 0.302
 0.303
 0.303
 0.303
 0.304
 0.305
 0.306
 0.306
 0.308
 0.309
 0.310
 0.312
 0.314
 0.316
 0.318
 0.321
 0.324
 0.327
 0.331
 0.335
 0.339
 0.344
 0.350
 0.356
 0.362
 0.369
 0.377
 0.385
 0.394
 0.403
 0.413
 0.424
 0.436
 0.449
 0.462
 0.477
 0.492
 0.508
 0.525
 0.543
 0.562
 0.582
 0.603
 0.625
 0.649
 0.673
 0.699
 0.726
 0.754
 0.784
 0.815
 0.847
 0.880
 0.915
 0.952
 0.990
 1.029
 1.070
 1.113
 1.157
 1.203
 1.251
 1.300
 1.351
 1.404
 1.459
 1.515
 1.573
 1.634
 1.696
 1.760
 1.825
 1.893
 1.963
 2.034
 2.108
 2.183
 2.260
 2.339
 2.419
 2.502
 2.586
 2.671
 2.759
 2.847
 2.937
 3.029
 3.121
 3.214
 3.309
 3.404
 3.500
 3.596
 3.693
 3.790
 3.887
 3.983
 4.080
 4.176
 4.270
 4.364
 4.457
 4.549
 4.638
 4.726
 4.812
 4.896
 4.977
 5.056
 5.131
 5.204
 5.273
 5.339
 5.402
 5.461
 5.516
 5.567
 5.614
 5.656
 5.695
 5.729
 5.759
 5.785
 5.806
 5.823
 5.835
 5.843
 5.847
 5.846
 5.842
 5.833
 5.821
 5.804
 5.784
 5.761
 5.733
 5.703
 5.669
 5.633
 5.593
 5.551
 5.506
 5.459
 5.409
 5.357
 5.304
 5.249
 5.192
 5.134
 5.074
 5.013
 4.951
 4.889
 4.825
 4.761
 4.696
 4.631
 4.566
 4.500
 4.435
 4.369
 4.303
 4.238
 4.172
 4.107
 4.043
 3.978
 3.915
 3.851
 3.789
 3.727
 3.665
 3.604
 3.544
 3.485
 3.426
 3.369
 3.312
 3.256
 3.200
 3.146
 3.092
 3.039
 2.987
 2.936
 2.886
 2.837
 2.788
 2.741
 2.694
 2.648
 2.603
 2.559
 2.515
 2.473
 2.431
 2.390
 2.350
 2.311
 2.272
 2.234
 2.197
 2.161
 2.125
 2.091
 2.056
 2.023
 1.990
 1.958
 1.927
 1.896
 1.866
 1.836
 1.807
 1.779
 1.751
 1.724
 1.697
 1.671
 1.646
 1.621
 1.596
 1.572
 1.549
 1.526
 1.503
 1.481
 1.460
 1.438
 1.418
 1.397
 1.378
 1.358
 1.339
 1.320
 1.302
 1.284
 1.267
 1.249
 1.232
 1.216
 1.200
 1.184
 1.168
 1.153
 1.138
 1.124
 1.109
 1.095
 1.081
 1.068
 1.055
 1.042
 1.029
 1.017
 1.004
 0.992
 0.981
 0.969
 0.958
 0.947
 0.936
 0.925
 0.915
 0.904
 0.894
 0.884
 0.875
 0.865
 0.856
 0.847
 0.838
 0.829
 0.820
 0.812
 0.804
 0.795
 0.787
 0.779
 0.772
 0.764
 0.757
 0.749
 0.742
 0.735
 0.728
 0.721
 0.715
 0.708
 0.702
 0.695
 0.689
 0.683
 0.677
 0.671
 0.665
 0.659
 0.654
 0.648
 0.643
 0.638
 0.632
 0.627
 0.622
 0.617
 0.612
 0.607
 0.603
 0.598
 0.593
 0.589
 0.585
 0.580
 0.576
 0.572
 0.568
 0.563
 0.559
 0.555
 0.552
 0.548
 0.544
 0.540
 0.537
 0.533
 0.529
 0.526
 0.522
 0.519
 0.516
 0.512
 0.509
 0.506
 0.503
 0.500
 0.497
 0.494
 0.491
 0.488
 0.485
 0.482
 0.479
 0.476
 0.474
 0.471
 0.468
 0.466
 0.463
 0.461
 0.458
 0.456
 0.453
 0.451
 0.448
 0.446
 0.444
 0.441
 0.439
 0.437
 0.435
 0.367
 0.367
 0.367
 0.366
 0.366
 0.365
 0.365
 0.365
 0.364
 0.364
 0.364
 0.363
 0.363
 0.363
 0.362
 0.362
 0.362
 0.361
 0.361
 0.361
 0.360
 0.360
 0.359
 0.359
 0.359
 0.358
 0.358
 0.358
 0.357
 0.357
 0.356
 0.356
 0.356
 0.355
 0.355
 0.354
 0.354
 0.353
 0.353
 0.353
 0.352
 0.352
 0.351
 0.351
 0.350
 0.350
 0.349
 0.349
 0.349
 0.348
 0.348
 0.347
 0.347
 0.346
 0.346
 0.345
 0.345
 0.344
 0.344
 0.343
 0.343
 0.342
 0.341
 0.341
 0.340
 0.340
 0.339
 0.339
 0.338
 0.338
 0.337
 8.975
 7.413
 6.221
 5.291
 4.552
 3.955
 3.467
 3.063
 2.724
 2.437
 2.193
 1.983
 1.802
 1.644
 1.505
 1.384
 1.276
 1.180
 1.095
 1.019
 0.950
 0.888
 0.832
 0.781
 0.735
 0.693
 0.655
 0.620
 0.587
 0.558
 0.531
 0.505
 0.482
 0.460
 0.440
 0.422
 0.404
 0.388
 0.373
 0.359
 0.346
 0.333
 0.322
 0.311
 0.300
 0.290
 0.281
 0.272
 0.264
 0.256
 0.248
 0.241
 0.234
 0.228
 0.222
 0.216
 0.210
 0.204
 0.199
 0.194
 0.189
 0.184
 0.179
 0.175
 0.171
 0.167
 0.162
 0.159
 0.155
 0.151
 0.147
 0.144
 0.141
 0.137
 0.134
 0.131
 0.128
 0.125
 0.122
 0.119
 0.116
 0.114
 0.111
 0.108
 0.106
 0.103
 0.101
 0.099
 0.096
 0.094
 0.092
 0.090
 0.088
 0.086
 0.084
 0.082
 0.080
 0.078
 0.076
 0.075
 0.073
 0.071
 0.070
 0.068
 0.067
 0.065
 0.064
 0.062
 0.061
 0.060
 0.058
 0.057
 0.056
 0.055
 0.053
 0.052
 0.051
 0.050
 0.049
 0.048
 0.047
 0.046
 0.045
 0.044
 0.043
 0.043
 0.042
 0.041
 0.040
 0.039
 0.039
 0.038
 0.037
 0.037
 0.036
 0.035
 0.035
 0.034
 0.034
 0.033
 0.032
 0.032
 0.031
 0.031
 0.031
 0.030
 0.030
 0.029
 0.029
 0.028
 0.028
 0.028
 0.027
 0.027
 0.027
 0.026
 0.026
 0.026
 0.026
 0.025
 0.025
 0.025
 0.024
 0.024
 0.024
 0.024
 0.024
 0.023
 0.023
 0.023
 0.023
 0.023
 0.022
 0.022
 0.022
 0.022
 0.022
 0.022
 0.021
 0.021
 0.021
 0.021
 0.021
 0.021
 0.021
 0.021
 0.020
 0.020
 0.020
 0.020
 0.020
 0.020
 0.020
 0.020
 0.020
 0.020
 0.019
 0.019
 0.019
 0.019
 0.019
 0.019
 0.019
 0.019
 0.019
 0.019
 0.019
 0.019
 0.019
 0.018
 0.017
 0.017
 0.017
 0.017
 0.017
 0.017
 0.017
 0.017
 0.017
 0.017
 0.017
 0.018
 0.018
 0.018
 0.018
 0.018
 0.018
 0.018
 0.018
 0.018
 0.018
 0.018
 0.018
 0.018
 0.018
 0.018
 0.017
 0.017
 0.017
 0.017
 0.017
 0.017
 0.017
 0.017
 0.017
 0.017
 0.017
 0.017
 0.017
 0.017
 0.017
 0.017
 0.017
 0.017
 0.017
 0.017
 0.017
 0.017
 0.017
 0.017
 0.017
 0.017
 0.017
 0.017
 0.017
 0.017
 0.016
 0.016
 0.016
 0.016
 0.016
 0.016
 0.016
 0.016
 0.016
 0.016
 0.016
 0.016
 0.016
 0.016
 0.016
 0.016
 0.016
 0.016
 0.016
 0.016
 0.016
 0.016
 0.016
 0.016
 0.015
 0.015
 0.015
 0.015
 0.015
 0.015
 0.015
 0.015
 0.015
 0.015
 0.015
 0.015
 0.015
 0.015
 0.015
 0.015
 0.015
 0.015
 0.015
 0.015
 0.015
 0.015
 0.015
 0.015
 0.015
 0.015
 0.014
 0.014
 0.014
 0.014
 0.014
 0.014
 0.014
 0.014
 0.014
 0.014
 0.014
 0.014
 0.014
 0.014
 0.014
 0.014
 0.014
 0.014
 0.014
 0.014
 0.014
 0.014
 0.014
 0.014
 0.014
 0.014
 0.014
 0.014
 0.013
 0.013
 0.013
 0.013
 0.013
 0.013
 0.013
 0.013
 0.013
 0.013
 0.013
 0.013
 0.013
 0.013
 0.013
 0.013
 0.013
 0.013
 0.013
 0.013
 0.013
 0.013
 0.013
 0.013
 0.013
 0.013
 0.013
 0.013
 0.013
 0.013
 0.013
 0.012
 0.012
 0.012
 0.012
 0.012
 0.012
 0.373
 0.678
 0.680
 0.217
 0.374
 0.373
 0.373
 0.373
 0.372
 0.372
 0.371
 0.371
 0.371
 0.370
 0.370
 0.369
 0.369
 0.368
 0.368
 0.367
 0.366
 0.366
 0.342
 0.157
 0.053
 0.189
 0.268
 0.326
 0.371
 0.404
 0.425
 0.438
 0.443
 0.444
 0.441
 0.436
 0.428
 0.419
 0.408
 0.397
 0.386
 0.374
 0.362
 0.350
 0.339
 0.327
 0.316
 0.305
 0.294
 0.283
 0.273
 0.263
 0.254
 0.245
 0.236
 0.227
 0.219
 0.211
 0.203
 0.195
 0.188
 0.181
 0.175
 0.168
 0.162
 0.156
 0.150
 0.145
 0.139
 0.134
 0.129
 0.124
 0.120
 0.115
 0.111
 0.107
 0.103
 0.099
 0.096
 0.092
 0.089
 0.085
 0.082
 0.079
 0.076
 0.073
 0.071
 0.068
 0.066
 0.063
 0.061
 0.059
 0.056
 0.054
 0.052
 0.050
 0.049
 0.047
 0.045
 0.043
 0.042
 0.040
 0.039
 0.037
 0.036
 0.035
 0.033
 0.032
 0.031
 0.030
 0.029
 0.028
 0.027
 0.026
 0.025
 0.024
 0.023
 0.022
 0.021
 0.020
 0.020
 0.019
 0.018
 0.018
 0.017
 0.016
 0.016
 0.015
 0.015
 0.014
 0.013
 0.013
 0.012
 0.012
 0.012
 0.011
 0.011
 0.010
 0.010
 0.010
 0.009
 0.009
 0.009
 0.008
 0.008
 0.008
 0.007
 0.007
 0.007
 0.007
 0.006
 0.006
 0.006
 0.006
 0.005
 0.005
 0.005
 0.005
 0.005
 0.005
 0.004
 0.004
 0.004
 0.004
 0.004
 0.004
 0.003
 0.003
 0.003
 0.003
 0.003
 0.003
 0.003
 0.003
 0.003
 0.002
 0.002
 0.002
 0.002
 0.002
 0.002
 0.002
 0.002
 0.002
 0.002
 0.002
 0.002
 0.002
 0.002
 0.001
 0.001
 0.001
 0.001
 0.001
 0.001
 0.001
 0.001
 0.001
 0.001
 0.001
 0.001
 0.001
 0.001
 0.001
 0.001
 0.001
 0.001
 0.001
 0.001
 0.001
 0.001
 0.001
 0.001
