4000.000
4000.447
4000.896
4001.345
4001.795
4002.245
4002.697
4003.149
4003.603
4004.057
4004.512
4004.967
4005.424
4005.881
4006.339
4006.799
4007.258
4007.719
4008.181
4008.643
4009.106
4009.571
4010.036
4010.501
3975.204
3965.252
3961.354
3958.911
3957.136
3955.744
3954.601
3953.628
3952.781
3952.027
3951.346
3950.722
3950.143
3949.600
3949.085
3948.594
3948.120
3947.661
3947.212
3946.770
3946.333
3945.899
3945.465
3945.029
3944.589
3944.145
3943.693
3943.233
3942.763
3942.282
3941.789
3941.281
3940.758
3940.219
3939.662
3939.085
3938.488
3937.869
3937.227
3936.560
3935.867
3935.147
3934.398
3933.618
3932.807
3931.962
3931.082
3930.165
3929.209
3928.214
3927.176
3926.093
3924.965
3923.789
3922.562
3921.283
3919.949
3918.559
3917.108
3915.596
3914.019
3912.375
3910.660
3908.873
3907.009
3905.066
3903.040
3900.928
3898.727
3896.433
3894.042
3891.550
3888.954
3886.248
3883.429
3880.493
3877.433
3874.247
3870.929
3867.473
3863.874
3860.128
3856.228
3852.168
3847.943
3843.547
3838.972
3834.213
3829.263
3824.115
3818.762
3813.197
3807.412
3801.400
3795.153
3788.664
3781.924
3774.925
3767.659
3760.118
3752.293
3744.175
3735.757
3727.029
3717.983
3708.609
3698.900
3688.846
3678.439
3667.671
3656.533
3645.017
3633.114
3620.818
3608.119
3595.012
3581.490
3567.545
3553.171
3538.364
3523.117
3507.427
3491.289
3474.700
3457.657
3440.158
3422.203
3403.791
3384.922
3365.598
3345.821
3325.594
3304.922
3283.809
3262.262
3240.288
3217.895
3195.093
3171.890
3148.299
3124.332
3100.001
3075.320
3050.305
3024.970
2999.332
2973.408
2947.216
2920.775
2894.102
2867.218
2840.142
2812.894
2785.495
2757.964
2730.324
2702.593
2674.793
2646.944
2619.066
2591.180
2563.304
2535.459
2507.663
2479.935
2452.292
2424.751
2397.330
2370.044
2342.908
2315.938
2289.147
2262.547
2236.153
2209.974
2184.023
2158.310
2132.843
2107.631
2082.683
2058.005
2033.605
2009.488
1985.659
1962.122
1938.883
1915.943
1893.307
1870.975
1848.951
1827.234
1805.827
1784.729
1763.940
1743.459
1723.287
1703.421
1683.861
1664.604
1645.649
1626.993
1608.634
1590.569
1572.794
1555.308
1538.107
1521.187
1504.546
1488.178
1472.082
1456.252
1440.686
1425.379
1410.327
1395.526
1380.973
1366.664
1352.593
1338.758
1325.155
1311.778
1298.625
1285.691
1272.973
1260.466
1248.166
1236.071
1224.175
1212.475
1200.968
1189.649
1178.515
1167.563
1156.789
1146.189
1135.760
1125.499
1115.403
1105.467
1095.690
1086.067
1076.596
1067.274
1058.097
1049.063
1040.170
1031.413
1022.791
1014.300
1005.939
997.704
989.593
981.604
973.733
965.980
958.341
950.813
943.396
936.087
928.883
921.783
914.784
907.885
901.083
894.377
887.765
881.245
874.814
868.473
862.218
856.048
849.962
843.957
838.033
832.188
826.419
820.727
815.109
809.565
804.092
798.689
793.355
788.089
782.890
777.756
772.687
767.680
762.735
757.851
753.026
748.261
743.552
738.901
734.305
729.763
725.276
720.841
716.457
712.125
707.843
703.610
699.425
695.288
691.198
687.154
683.155
679.201
675.290
671.423
667.598
663.814
660.072
656.370
652.707
649.084
645.499
641.952
638.443
634.970
631.533
628.132
624.766
621.434
618.137
614.873
611.642
608.443
605.277
602.142
599.038
595.964
592.921
589.908
586.924
583.969
581.043
578.144
575.274
572.430
569.614
566.824
564.061
561.323
558.611
555.924
553.262
550.625
548.011
545.422
542.856
540.313
537.793
535.296
532.822
530.369
527.938
525.529
523.141
520.774
518.427
516.101
513.796
511.510
509.244
506.998
504.771
502.563
500.373
498.203
496.050
493.916
491.800
489.701
487.620
485.556
483.510
481.480
479.467
477.470
475.490
473.526
471.578
469.646
467.730
465.829
463.943
462.072
460.217
458.376
456.550
454.738
452.940
451.623
451.551
451.486
451.425
451.371
451.322
451.278
451.240
451.208
451.181
451.159
451.142
451.130
451.124
451.123
451.126
451.135
451.148
451.166
451.189
451.217
451.249
451.286
451.327
451.372
451.422
451.476
451.534
451.597
451.663
451.733
451.807
451.885
451.967
452.052
452.141
452.233
452.329
452.428
452.530
452.635
452.744
452.855
452.970
453.087
453.207
453.329
453.454
453.582
453.712
453.844
453.978
454.114
454.253
454.393
454.535
454.679
454.824
454.971
455.119
455.269
455.419
455.571
455.724
455.877
456.032
456.187
456.342
456.498
456.654
456.811
430.672
390.694
357.423
329.329
305.311
284.561
266.469
250.567
236.492
223.955
212.728
202.622
193.485
185.192
177.636
170.731
164.400
158.581
153.219
148.267
143.684
139.436
135.490
131.820
128.402
125.214
122.238
119.456
116.853
114.416
112.133
109.991
107.982
106.096
104.324
102.659
101.094
99.623
98.238
96.936
95.710
94.556
93.470
92.447
91.484
90.577
89.722
88.917
88.159
87.444
86.771
86.137
85.539
84.976
84.444
83.944
83.471
83.026
82.606
82.209
81.835
81.482
81.148
80.832
80.534
80.252
79.985
79.732
79.492
79.264
79.048
78.843
78.648
78.461
78.284
78.114
77.952
77.797
77.648
77.505
77.368
77.235
77.107
76.984
76.864
76.748
76.635
76.525
76.418
76.313
76.210
76.110
76.011
75.914
75.818
75.724
75.631
75.539
75.447
75.357
75.267
75.177
75.088
74.999
74.911
74.823
74.735
74.647
74.559
74.471
74.383
74.295
74.207
74.119
74.030
73.942
73.853
73.764
73.674
73.585
73.495
73.405
73.314
73.224
73.133
73.041
72.950
72.858
72.766
72.674
72.581
72.488
72.395
72.302
72.208
72.114
72.020
71.926
71.832
71.737
71.643
71.548
71.453
71.357
71.262
71.167
71.071
70.975
70.880
70.784
70.688
70.592
70.496
70.400
70.304
70.208
70.112
70.015
69.919
69.823
69.727
69.631
69.535
69.439
69.343
69.248
69.152
69.056
68.961
68.865
68.770
68.674
68.579
68.484
68.389
68.294
68.200
68.105
68.011
67.917
67.823
67.729
67.635
67.541
67.448
67.354
67.261
67.168
67.076
66.983
66.891
66.798
66.706
66.615
66.523
66.432
66.340
66.249
66.158
66.068
65.977
65.887
65.797
65.707
65.618
65.528
65.439
65.350
65.262
65.173
65.090
65.009
64.927
64.845
64.762
64.679
64.596
64.513
64.429
64.345
64.260
64.176
64.091
64.006
63.921
63.836
63.750
63.665
63.580
63.494
63.409
63.323
63.238
63.152
63.067
62.981
62.896
62.811
62.726
62.641
62.556
62.471
62.386
62.301
62.217
62.132
62.048
61.964
61.880
61.796
61.712
61.629
61.545
61.462
61.379
61.296
61.213
61.131
61.048
60.966
60.884
60.802
60.721
60.639
60.558
60.477
60.396
60.315
60.235
60.155
60.075
59.995
59.915
59.836
59.756
59.677
59.598
59.520
59.441
59.363
59.285
59.207
59.129
59.052
58.975
58.898
58.821
58.744
58.668
58.591
58.515
58.439
58.364
58.288
58.213
58.138
58.063
57.988
57.914
57.839
57.765
57.691
57.618
57.544
57.471
57.398
57.325
57.252
57.179
57.107
57.035
56.963
56.891
56.819
56.748
56.677
56.605
56.535
56.464
56.393
56.323
56.253
56.183
56.113
56.043
55.974
55.905
55.836
55.767
55.698
55.629
55.561
55.493
55.425
55.357
55.289
55.222
55.154
55.087
55.020
54.953
54.886
54.820
54.754
54.687
54.621
54.555
54.490
54.424
54.359
54.294
54.229
54.164
54.099
54.035
53.970
53.906
53.842
53.778
53.714
53.650
53.587
53.524
53.461
53.398
53.335
53.272
53.210
53.147
53.085
53.023
52.961
52.899
52.837
52.776
52.715
52.653
52.592
52.531
52.471
52.410
53.083
52.327
48.992
45.954
47.498
49.331
51.161
52.990
54.817
56.642
58.466
60.287
62.106
63.922
65.736
67.548
69.358
71.165
72.969
74.771
76.570
78.366
80.137
81.389
81.608
80.975
79.834
78.367
76.650
74.740
72.699
70.579
68.416
66.238
64.065
61.913
59.794
57.717
55.688
53.712
51.790
49.926
48.120
46.372
44.682
43.050
41.473
39.951
38.483
37.068
35.703
34.387
33.119
31.897
30.720
29.586
28.493
27.441
26.427
25.450
24.510
23.604
22.731
21.891
21.082
20.302
19.552
18.829
18.133
17.462
16.817
16.195
15.596
15.020
14.464
13.929
13.414
12.918
12.441
11.981
11.538
11.111
10.700
10.305
 9.924
 9.557
 9.203
 8.863
 8.535
 8.220
 7.916
 7.623
 7.341
 7.070
 6.808
 6.557
 6.314
 6.081
 5.856
 5.639
 5.431
 5.230
 5.037
 4.851
 4.671
 4.498
 4.332
 4.172
 4.018
 3.869
 3.726
 3.588
 3.456
 3.328
 3.205
 3.086
 2.972
 2.862
 2.757
 2.655
 2.556
 2.462
 2.371
 2.283
 2.199
 2.118
 2.039
 1.964
 1.891
 1.821
 1.754
 1.689
 1.627
 1.566
 1.509
 1.453
 1.399
 1.347
 1.298
 1.250
 1.203
 1.159
 1.116
 1.075
 1.035
 0.997
 0.960
 0.924
 0.890
 0.857
 0.826
 0.795
 0.766
 0.737
 0.710
 0.684
 0.659
 0.634
 0.611
 0.588
 0.566
 0.545
 0.525
 0.506
 0.487
 0.469
 0.452
 0.435
 0.419
 0.404
 0.389
 0.374
 0.360
 0.347
 0.334
 0.322
 0.310
 0.299
 0.287
 0.277
 0.267
 0.257
 0.247
 0.238
 0.229
 0.221
 0.213
 0.205
 0.197
 0.190
 0.183
 0.176
 0.170
 0.163
 0.157
 0.152
 0.146
 0.141
 0.135
 0.130
 0.125
 0.121
 0.116
 0.112
 0.108
 0.104
 0.100
 0.096
 0.093
 0.089
 0.086
 0.083
 0.080
