 0.000
125000.000
1931.852
124481.931
3863.704
123962.997
5795.555
123443.200
7727.407
122922.538
9659.259
122401.012
11591.111
121878.621
13522.962
121355.365
15454.814
120831.243
17386.666
120306.256
19318.518
119780.403
21250.369
119253.684
23182.221
118726.099
25114.073
118197.647
27045.925
117668.328
28977.777
117138.141
30909.628
116607.088
32841.480
116075.167
34773.332
115542.377
36705.184
115008.720
38637.035
114474.194
40568.887
113938.799
42500.739
113402.536
44432.591
112865.403
46360.380
112329.959
48273.622
111802.797
50184.023
111276.546
52092.867
110750.402
54000.589
110224.092
55907.414
109697.474
57813.476
109170.464
59718.868
108643.005
61623.654
108115.056
63527.881
107586.586
65431.585
107057.573
67334.796
106528.000
69237.535
105997.852
71139.819
105467.117
73041.664
104935.788
74943.079
104403.857
76844.073
103871.318
78744.655
103338.167
80644.827
102804.401
82544.595
102270.018
84443.960
101735.015
86342.925
101199.392
88241.489
100663.148
90139.651
100126.284
92037.411
99588.801
93934.766
99050.700
95831.713
98511.983
97728.249
97972.652
99624.369
97432.709
101520.069
96892.158
103415.343
96351.002
105310.185
95809.245
107204.588
95266.892
109098.546
94723.946
110992.049
94180.413
112885.091
93636.297
114777.662
93091.606
116669.752
92546.344
118561.352
92000.519
120452.451
91454.137
122343.036
90907.205
124233.098
90359.731
126122.622
89811.724
128011.596
89263.191
129900.005
88714.142
131787.836
88164.586
133675.073
87614.533
135561.700
87063.993
137447.701
86512.977
139333.058
85961.496
141217.752
85409.563
143101.765
84857.190
144985.077
84304.389
146867.667
83751.174
148749.513
83197.559
150630.594
82643.560
152510.884
82089.191
154390.360
81534.468
156268.996
80979.409
158146.766
80424.031
160023.641
79868.352
161899.593
79312.391
163774.592
78756.167
165648.606
78199.703
167521.602
77643.018
169393.547
77086.135
171264.404
76529.079
173134.138
75971.872
175002.710
75414.541
176870.080
74857.111
178736.206
74299.610
180601.046
73742.067
182464.554
73184.510
184326.685
72626.972
186187.388
72069.483
188046.615
71512.077
189904.312
70954.790
191760.426
70397.656
193614.899
69840.713
195467.673
69284.000
197318.687
68727.557
199167.877
68171.426
201015.179
67615.650
202860.523
67060.276
204703.840
66505.348
206545.054
65950.916
208384.092
65397.029
210220.872
64843.741
212055.314
64291.104
213887.334
63739.175
215716.842
63188.012
217543.748
62637.673
219367.958
62088.221
221189.375
61539.721
223007.898
60992.237
224823.423
60445.838
226635.842
59900.594
228445.043
59356.579
230250.913
58813.866
232053.333
58272.533
233852.180
57732.660
235647.329
57194.327
237438.649
56657.620
239226.008
56122.624
241009.268
55589.427
242788.286
55058.122
244562.919
54528.801
246333.016
54001.560
248098.425
53476.495
249858.988
52953.708
251614.545
52433.300
253364.931
51915.375
255109.978
51400.040
256849.513
50887.401
258583.361
50377.569
260311.342
49870.655
262033.274
49366.772
263748.972
48866.034
265458.246
48368.558
267160.905
47874.459
268856.755
47383.856
270545.598
46896.866
272227.235
46413.610
273901.466
45934.207
275568.088
45458.775
277226.896
44987.434
278877.685
44520.304
280520.250
44057.503
282154.382
43599.148
283779.876
43145.357
285396.526
42696.243
287004.125
42251.920
288602.469
41812.499
290191.355
41378.090
291770.582
40948.798
293339.951
40524.727
294899.266
40105.978
296448.334
39692.647
297986.966
39284.827
299514.978
38882.607
301032.188
38486.072
302538.421
38095.301
304033.508
37710.371
305517.284
37331.352
306989.590
36958.309
308450.276
36591.300
309899.198
36230.381
311336.217
35875.600
312761.204
35526.999
314174.038
35184.615
315574.604
34848.477
316962.798
34518.612
318338.522
34195.035
319701.689
33877.761
321052.220
33566.793
322390.045
33262.133
323715.102
32963.774
325027.339
32671.703
326326.715
32385.903
327613.195
32106.350
328886.754
31833.014
330147.376
31565.861
331395.056
31304.850
332629.795
31049.937
333851.603
30801.071
335060.500
30558.197
336256.512
30321.258
337439.674
30090.190
338610.029
29864.925
339767.628
29645.393
340912.527
29431.520
342044.791
29223.229
343164.490
29020.440
344271.702
28823.069
345366.509
28631.032
346449.001
28444.240
347519.271
28262.606
348577.418
28086.038
349623.545
27914.443
350657.761
27747.727
351680.177
27585.797
352690.910
27428.557
353690.078
27275.910
354677.804
27127.761
355654.212
26984.012
356619.429
26844.566
357573.586
26709.328
358516.815
26578.200
359449.248
26451.086
360371.020
26327.892
361282.268
26208.522
362183.129
26092.881
363073.739
25980.877
363954.239
25872.418
364824.765
25767.411
365685.457
25665.767
366536.455
25567.397
367377.896
25472.213
368209.919
25380.128
369032.663
25291.058
369846.263
25204.918
370650.858
25121.627
371446.582
25041.102
372233.571
24963.266
373011.958
24888.040
373781.876
24815.348
374543.456
24745.115
375296.829
24677.268
376042.123
24611.734
376779.465
24548.444
377508.982
24487.329
378230.798
24428.322
378945.035
24371.356
379651.815
24316.369
380351.257
24263.297
381043.479
24212.079
381728.598
24162.655
382406.728
24114.967
383077.981
24068.959
383742.469
24024.574
384400.301
23981.759
385051.584
23940.460
385696.425
23900.627
386334.928
23862.209
386967.194
23825.158
387593.325
23789.425
388213.419
23754.965
388827.573
23721.733
389435.884
23689.684
390038.444
23658.775
390635.347
23628.966
391226.681
23600.214
391812.537
23572.482
392393.002
23545.730
392968.160
23519.920
393538.097
23495.018
394102.893
23470.986
394662.632
23447.791
395217.391
23425.398
395767.249
23403.776
396312.281
23382.893
396852.564
23362.716
397388.171
23343.218
397919.173
23324.367
398445.641
23306.135
398967.646
23288.496
399485.254
23271.421
399998.533
23254.884
400507.548
23238.861
401012.364
23223.326
401513.042
23208.254
402009.646
23193.623
402502.235
23179.408
402990.869
23165.589
403475.606
23152.144
403956.503
23139.050
404433.616
23126.288
404907.001
23113.838
405376.710
23101.680
405842.796
23089.795
406305.312
23078.164
406764.308
23066.770
407219.835
23055.596
407671.939
23044.624
408120.671
23033.837
408566.076
23023.220
409008.201
23012.757
409447.090
23002.432
409882.789
22992.231
410315.340
22982.139
410744.787
22972.142
411171.171
22962.226
411594.533
22952.378
412014.913
22942.585
412432.351
22932.834
412846.885
22923.113
413258.554
22913.409
413667.396
22903.711
414073.445
22894.008
414476.739
22884.288
414877.313
22874.541
415275.201
22864.756
415670.437
22854.922
416063.054
22845.030
416453.086
22835.070
416840.564
22825.032
417225.520
22814.907
417607.985
22804.686
417987.988
22794.360
418365.561
22783.921
418740.732
22773.361
419113.529
22762.670
419483.982
22751.841
419852.118
22740.867
420217.963
22729.740
420581.545
22718.452
420942.891
22706.997
421302.025
22695.366
421658.973
22683.555
422013.760
22671.555
422366.410
22659.361
422716.948
22646.966
423065.397
22634.364
423411.780
22621.549
423756.119
22608.515
424098.438
22595.256
424438.758
22581.768
424777.101
22568.044
425113.488
22554.079
425447.939
22539.869
425780.476
22525.408
426111.119
22510.691
426439.886
22495.714
426766.799
22480.471
427091.875
22464.960
427415.134
22449.174
427736.594
22433.110
428056.274
22416.764
428374.191
22400.131
428690.363
22383.208
429004.806
22365.991
429317.539
22348.476
429628.578
22330.659
429937.939
22312.537
430245.639
22294.107
430551.693
22275.365
430856.117
22256.308
431158.926
22236.932
431460.136
22217.235
431759.761
22197.214
432057.816
22176.865
432354.316
22156.186
432649.275
22135.174
432942.706
22113.827
433234.624
22092.141
433525.042
22070.115
433813.973
22047.745
434101.430
22025.030
434387.427
22001.967
434671.975
21978.554
434955.088
21954.788
435236.777
21930.668
435517.055
21906.191
435795.934
21881.356
436073.425
21856.161
436349.541
21830.603
436624.291
21804.682
436897.688
21778.394
437169.743
21751.739
437440.466
21724.715
437709.868
21697.320
437977.959
21669.554
438244.751
21641.413
438510.252
21612.898
438774.474
21584.006
439037.426
21554.736
439299.117
21525.088
439559.558
21495.059
439818.758
21464.649
440076.726
21433.857
440333.472
21402.681
440589.004
21371.121
440843.331
21339.176
441096.462
21306.844
441348.406
21274.125
441599.171
21241.018
441848.766
21207.522
442097.199
21173.636
442344.478
21139.361
442590.611
21104.694
442835.606
21069.636
443079.471
21034.185
443322.213
20998.342
443563.841
20962.106
443804.361
20925.477
444043.781
20888.453
444282.108
20851.035
444519.349
20813.222
444755.512
20775.014
444990.603
20736.411
445224.629
20697.412
445457.597
20658.017
445689.514
20618.226
445920.386
20578.040
446150.220
20537.457
446379.021
20496.478
446606.797
20455.102
446833.553
20413.331
447059.296
20371.163
447284.031
20328.599
447507.765
20285.639
447730.504
20242.283
447952.282
20198.512
448173.643
20153.994
448394.792
20108.602
448615.727
20062.336
448836.448
20015.198
449056.955
19967.189
449277.247
19918.310
449497.324
19868.561
449717.184
19817.945
449936.828
19766.461
450156.254
19714.111
450375.462
19660.896
450594.451
19606.816
450813.221
19551.874
451031.770
19496.070
451250.098
19439.405
451468.205
19381.881
451686.089
19323.497
451903.749
19264.257
452121.185
19204.160
452338.397
19143.207
452555.382
19081.401
452772.140
19018.742
452988.671
18955.231
453204.973
18890.870
453421.046
18825.659
453636.887
18759.601
453852.498
18692.695
454067.875
18624.945
454283.019
18556.350
454497.928
18486.912
454712.602
18416.632
454927.039
18345.513
455141.237
18273.554
455355.197
18200.758
455568.916
18127.126
455782.394
18052.659
455995.629
17977.358
456208.620
17901.226
456421.367
17824.264
456633.866
17746.472
456846.118
17667.853
457058.121
17588.408
457269.874
17508.139
457481.375
17427.046
457692.622
17345.133
457903.615
17262.400
458114.352
17178.849
458324.832
17094.482
458535.053
17009.300
458745.013
16923.305
458954.711
16836.499
459164.146
16748.883
459373.315
16660.460
459582.218
16571.231
459790.852
16481.197
459999.217
16390.362
460207.309
16298.726
460415.128
16206.292
460622.672
16113.061
460829.939
16019.036
461036.927
15924.218
461243.634
15828.610
461450.059
15732.214
461656.200
15635.031
461862.054
15537.064
462067.620
15438.315
462272.896
15338.786
462477.880
15238.479
462682.569
15137.397
462886.963
15035.542
463087.741
14934.586
463270.559
14841.787
463436.759
14756.545
463588.997
14677.581
463729.341
14603.903
463859.434
14534.718
463980.603
14469.391
464093.932
14407.399
464200.320
14348.312
464300.519
14291.768
464395.166
14237.462
464484.803
14185.134
464569.898
14134.560
464650.854
14085.548
464728.023
14037.930
464801.712
13991.558
464872.195
13946.304
464939.711
13902.054
465004.474
13858.705
465066.675
13816.168
465126.486
13774.363
465184.061
13733.217
465239.540
13692.666
465293.048
13652.650
465344.701
13613.116
465394.602
13574.018
465442.849
13535.311
465489.527
13496.956
465534.718
13458.916
465578.496
13421.160
465620.929
13383.657
465662.080
13346.379
465702.008
13309.302
465740.766
13272.403
465778.407
13235.662
465814.976
13199.057
465850.518
13162.574
465885.073
13126.194
465918.680
13089.904
465951.376
13053.690
465983.193
13017.539
466014.164
12981.441
466044.319
12945.386
466073.686
12909.363
466102.292
12873.365
466130.162
12837.383
466157.319
12801.412
466183.788
12765.443
466209.588
12729.473
466234.742
12693.495
466259.267
12657.505
466283.184
12621.499
466306.509
12585.474
466329.259
12549.425
466351.452
12513.351
466373.101
12477.250
466394.223
12441.118
466414.831
12404.955
466434.939
12368.758
466454.560
12332.527
466473.707
12296.262
466492.393
12259.960
466510.628
12223.623
466528.425
12187.249
466545.794
12150.839
466562.746
12114.392
466579.291
12077.910
466595.439
12041.393
466611.199
12004.840
466626.582
11968.254
466641.596
11931.635
466656.249
11894.983
466670.551
11858.301
466684.509
11821.588
466698.133
11784.846
466711.428
11748.077
466724.404
11711.282
466737.068
11674.462
466749.426
11637.619
466761.486
11600.753
466773.255
11563.867
466784.739
11526.962
466795.945
11490.040
466806.880
11453.102
466817.549
11416.150
466827.959
11379.185
466838.115
11342.209
466848.024
11305.224
466857.691
11268.230
466867.121
11231.231
466876.321
11194.226
466885.295
11157.219
466894.049
11120.210
466902.587
11083.201
466910.914
11046.193
466919.036
11009.188
466926.957
10972.188
466934.682
10935.194
466942.215
10898.207
466949.561
10861.229
466956.724
10824.260
466963.708
10787.304
466970.518
10750.360
466977.157
10713.430
466983.629
10676.516
466989.939
10639.618
466996.090
10602.738
467002.086
10565.877
467007.931
10529.036
467013.628
10492.217
467019.180
10455.420
467024.592
10418.647
467029.865
10381.898
467035.005
10345.174
467040.013
10308.477
467044.893
10271.807
467049.648
10235.166
467054.281
10198.554
467058.795
10161.972
467063.193
10125.421
467067.478
10088.902
467071.652
10052.415
467075.717
10015.961
467079.678
9979.541
467083.535
9943.156
467087.293
9906.806
467090.952
9870.492
467094.516
9834.215
467097.987
9797.975
467101.367
9761.772
467104.659
9725.608
467107.864
9689.483
467110.984
9653.397
467114.023
9617.350
467116.981
9581.344
467119.861
9545.379
467122.665
9509.454
467125.395
9473.571
467128.052
9437.730
467130.638
9401.931
467133.156
9366.174
467135.606
9330.461
467137.991
9294.790
467140.313
9259.163
467142.572
9223.580
467144.770
9188.041
467146.909
9152.546
467148.991
9117.096
467151.017
9081.690
467152.987
9046.329
467154.905
9011.013
467156.771
8975.742
467158.586
8940.517
467160.352
8905.337
467162.070
8870.204
467163.741
8835.116
467165.366
8800.073
467166.947
8765.077
467168.485
8730.128
467169.981
8695.224
467171.436
8660.367
467172.851
8625.556
467174.227
8590.791
467175.565
8556.074
467176.866
8521.402
467178.131
8486.778
467179.361
8452.200
467180.557
8417.669
467181.720
8383.184
467182.851
8348.746
467183.950
8314.355
467185.019
8280.011
467186.058
8245.713
467187.067
8211.462
467188.049
8177.258
467189.003
8143.100
467189.930
8108.989
467190.832
8074.925
467191.708
8040.907
467192.559
8006.936
467193.387
7973.011
467194.191
7939.133
467194.972
7905.301
467195.731
7871.516
467196.469
7837.777
467197.185
7804.084
467197.882
7770.437
467198.558
7736.836
467199.216
7703.282
467199.854
7669.773
467200.475
7636.311
467201.077
7602.894
467201.663
7569.523
467202.231
7536.197
467202.784
7502.918
467203.320
7469.683
467203.841
7436.494
467204.347
7403.351
467204.838
7370.253
467205.315
7337.199
467205.779
7304.191
467206.229
7271.228
467206.666
7238.310
467207.090
7205.437
467207.502
7172.608
467207.902
7139.824
467208.290
7107.084
467208.667
7074.389
467209.033
7041.738
467209.388
7009.132
467209.733
6976.568
467210.067
6944.045
467210.392
6911.563
467210.708
6879.121
467211.014
6846.721
467211.311
6814.362
467211.599
6782.044
467211.879
6749.768
467212.151
6717.534
467212.415
6685.342
467212.670
6653.192
467212.919
6621.084
467213.160
6589.018
467213.393
6556.995
467213.620
6525.014
467213.840
6493.075
467214.053
6461.180
467214.261
6429.327
467214.461
6397.516
467214.656
6365.748
467214.845
6334.023
467215.028
6302.341
467215.206
6270.701
467215.379
6239.104
467215.546
6207.550
467215.708
6176.038
467215.865
6144.569
467216.018
6113.143
467216.166
6081.759
467216.309
6050.418
467216.448
6019.119
467216.583
5987.863
467216.714
5956.649
467216.840
5925.477
467216.963
5894.348
467217.082
5863.261
467217.197
5832.216
467217.309
5801.214
467217.418
5770.253
467217.523
5739.334
467217.625
5708.458
467217.723
5677.623
467217.819
5646.829
467217.912
5616.078
467218.001
5585.368
467218.089
5554.699
467218.173
5524.072
467218.255
5493.486
467218.334
5462.942
467218.410
5432.438
467218.485
5401.976
467218.557
5371.554
467218.626
5341.173
467218.694
5310.833
467218.759
5280.534
467218.823
5250.276
467218.884
5220.057
467218.944
5189.880
467219.001
5159.742
467219.057
5129.645
467219.111
5099.587
467219.163
5069.570
467219.214
5039.593
467219.263
5009.655
467219.310
4979.757
467219.356
4949.899
467219.401
4920.080
467219.444
4890.300
467219.486
4860.560
467219.526
4830.859
467219.565
4801.197
467219.603
4771.574
467219.640
4741.990
467219.675
4712.445
467219.709
4682.938
467219.743
4653.470
467219.775
4624.041
467219.806
4594.650
467219.836
4565.297
467219.865
4535.982
467219.893
4506.705
467219.920
4477.467
467219.947
4448.266
467219.972
4419.103
467219.997
4389.978
467220.021
4360.890
467220.044
4331.840
467220.066
4302.827
467220.088
4273.852
467220.109
4244.914
467220.129
4216.013
467220.149
4187.148
467220.168
4158.321
467220.186
4129.531
467220.204
4100.777
467220.221
4072.060
467220.237
4043.379
467220.253
4014.735
467220.269
3986.127
467220.284
3957.556
467220.298
3929.020
467220.312
3900.521
467220.326
3872.058
467220.339
3843.630
467220.352
3815.238
467220.364
3786.882
467220.376
3758.562
467220.387
3730.277
467220.398
3702.027
467220.409
3673.813
467220.419
3645.634
467220.429
3617.490
467220.439
3589.381
467220.448
3561.307
467220.457
3533.268
467220.466
3505.264
467220.474
3477.294
467220.482
3449.359
467220.490
3421.458
467220.497
3393.592
467220.505
3365.760
467220.512
3337.963
467220.519
3310.199
467220.525
3282.470
467220.532
3254.775
467220.538
3227.113
467220.544
3199.486
467220.549
3171.892
467220.555
3144.331
467220.560
3116.805
467220.566
3089.311
467220.571
3061.852
467220.575
3034.425
467220.580
3007.032
467220.584
2979.671
467220.589
2952.344
467220.593
2925.050
467220.597
2897.789
467220.601
2870.560
467220.605
2843.364
467220.608
2816.201
467220.612
2789.071
467220.615
2761.973
467220.619
2734.907
467220.622
2707.874
467220.625
2680.872
467220.628
2653.903
467220.631
2626.967
467220.633
2600.062
467220.636
2573.189
467220.638
2546.347
467220.641
2519.538
467220.643
2492.760
467220.646
2466.014
467220.648
2439.300
467220.650
2412.617
467220.652
2385.965
467220.654
2359.345
467220.656
2332.756
467220.658
2306.198
467220.659
2279.671
467220.661
2253.175
467220.663
2226.710
467220.664
2200.276
467220.666
2173.872
467220.667
2147.500
467220.669
2121.158
467220.670
2094.846
467220.672
2068.565
467220.673
2042.315
467220.674
2016.094
467220.675
1989.833
467220.677
1963.170
467220.678
1937.840
467220.679
1914.167
467220.679
1890.862
467220.680
1866.654
467220.681
1841.531
467220.682
1815.493
467220.683
1788.541
467220.684
1760.676
467220.685
1731.899
467220.686
1702.211
467220.687
1671.613
467220.688
1640.106
467220.689
1607.691
467220.690
1574.370
467220.690
1540.143
467220.691
1505.012
467220.692
1468.979
467220.693
1432.043
467220.694
1394.208
467220.695
1355.474
467220.696
1315.844
467220.697
1275.423
467220.698
1234.632
467220.699
1193.959
467220.699
1153.741
467220.700
1114.179
467220.701
1075.415
467220.702
1037.561
467220.702
1000.697
467220.703
964.875
467220.704
930.125
467220.704
896.462
467220.705
863.887
467220.705
832.394
467220.706
801.968
467220.706
772.593
467220.707
744.243
467220.707
716.896
467220.707
690.522
467220.708
665.096
467220.708
640.586
467220.708
616.966
467220.709
594.204
467220.709
572.274
467220.709
551.145
467220.709
530.792
467220.710
511.185
467220.710
492.299
467220.710
474.109
467220.710
456.588
467220.710
439.714
467220.710
423.462
467220.711
407.809
467220.711
392.734
467220.711
378.216
467220.711
364.234
467220.711
350.769
467220.711
337.801
467220.711
325.313
467220.711
313.286
467220.711
301.704
467220.711
290.549
467220.711
279.807
467220.711
269.463
467220.711
259.500
467220.711
249.906
467220.711
240.667
467220.711
231.769
467220.711
223.200
467220.711
214.948
467220.711
207.001
467220.711
199.348
467220.711
191.978
467220.711
184.881
467220.711
178.046
467220.711
171.463
467220.711
165.124
467220.711
159.020
467220.711
153.141
467220.711
147.479
467220.711
142.027
467220.711
136.776
467220.711
131.720
467220.711
126.850
467220.711
122.161
467220.711
117.645
467220.711
113.296
467220.711
109.108
467220.711
105.074
467220.711
101.190
467220.711
97.449
467220.711
93.847
467220.711
90.378
467220.711
87.037
467220.711
83.819
467220.711
80.721
467220.711
77.737
467220.711
74.863
467220.711
72.096
467220.711
69.431
467220.711
66.865
467220.711
64.393
467220.711
62.013
467220.711
59.721
467220.711
57.513
467220.711
55.388
467220.711
53.341
467220.711
51.369
467220.711
49.470
467220.711
47.642
467220.711
45.881
467220.711
44.186
467220.711
42.553
467220.711
40.980
467220.711
39.465
467220.711
38.007
467220.711
36.602
467220.711
35.250
467220.711
33.947
467220.711
32.693
467220.711
31.485
467220.711
30.321
467220.711
29.201
467220.711
28.122
467220.711
27.083
467220.711
26.082
467220.711
25.119
467220.711
24.191
467220.711
23.297
467220.711
22.436
467220.711
21.607
467220.711
20.809
467220.711
20.040
467220.711
19.300
467220.711
18.587
467220.711
17.901
467220.711
17.240
467220.711
16.603
467220.711
15.990
467220.711
15.399
467220.711
14.831
467220.711
14.283
467220.711
13.756
467220.711
13.248
467220.711
12.759
467220.711
12.288
467220.711
11.834
467220.711
11.397
467220.711
10.977
467220.711
10.571
467220.711
10.181
467220.711
 9.806
467220.711
 9.444
467220.711
 9.095
467220.711
 8.760
467220.711
 8.437
467220.711
 8.125
467220.711
 7.826
467220.711
 7.537
467220.711
 7.259
467220.711
 6.991
467220.711
 6.734
467220.711
 6.485
467220.711
 6.246
467220.711
 6.016
467220.711
 5.794
467220.711
 5.581
467220.711
 5.375
467220.711
 5.177
467220.711
 4.987
467220.711
 4.803
467220.711
 4.626
467220.711
 4.456
467220.711
 4.292
467220.711
 4.134
467220.711
 3.982
467220.711
 3.835
467220.711
 3.694
467220.711
 3.558
467220.711
 3.428
467220.711
 3.302
467220.711
 3.180
467220.711
 3.063
467220.711
 2.951
467220.711
 2.842
467220.711
 2.738
467220.711
 2.638
467220.711
 2.541
467220.711
 2.448
467220.711
 2.358
467220.711
 2.271
467220.711
 2.188
467220.711
 2.108
467220.711
 2.031
467220.711
 1.956
467220.711
 1.885
467220.711
 1.816
467220.711
 1.749
467220.711
 1.686
467220.711
 1.624
467220.711
 1.565
467220.711
 1.508
467220.711
 1.453
467220.711
 1.400
467220.711
 1.349
467220.711
 1.299
467220.711
 1.252
467220.711
 1.207
467220.711
 1.163
467220.711
 1.120
467220.711
 1.080
