3863.704
-1035.275
3863.704
-1037.003
3863.704
-1038.731
3863.704
-1040.459
3863.704
-1042.188
3863.704
-1043.917
3863.704
-1045.647
3863.704
-1047.378
3863.704
-1049.109
3863.704
-1050.840
3863.704
-1052.572
3863.704
-1054.304
3863.704
-1056.037
3863.704
-1057.771
3863.704
-1059.505
3863.704
-1061.240
3863.704
-1062.975
3863.704
-1064.710
3863.704
-1066.447
3863.704
-1068.183
3863.704
-1069.920
3863.704
-1071.658
3863.704
-1073.396
3863.704
-1075.135
3832.106
-1056.983
3822.896
-1052.944
3819.040
-1052.266
3816.470
-1052.394
3814.491
-1052.893
3812.851
-1053.604
3811.429
-1054.453
3810.159
-1055.397
3808.999
-1056.410
3807.921
-1057.476
3806.907
-1058.581
3805.943
-1059.718
3805.018
-1060.879
3804.125
-1062.061
3803.256
-1063.258
3802.407
-1064.468
3801.574
-1065.688
3800.752
-1066.916
3799.939
-1068.149
3799.133
-1069.386
3798.330
-1070.626
3797.528
-1071.867
3796.727
-1073.107
3795.923
-1074.347
3795.116
-1075.585
3794.303
-1076.819
3793.484
-1078.049
3792.658
-1079.275
3791.822
-1080.495
3790.976
-1081.708
3790.118
-1082.914
3789.248
-1084.112
3788.363
-1085.301
3787.464
-1086.481
3786.549
-1087.650
3785.616
-1088.809
3784.664
-1089.955
3783.694
-1091.089
3782.702
-1092.210
3781.688
-1093.316
3780.651
-1094.408
3779.590
-1095.484
3778.502
-1096.543
3777.388
-1097.585
3776.246
-1098.608
3775.073
-1099.613
3773.870
-1100.597
3772.633
-1101.560
3771.363
-1102.500
3770.057
-1103.418
3768.714
-1104.311
3767.332
-1105.179
3765.909
-1106.020
3764.444
-1106.834
3762.934
-1107.619
3761.379
-1108.374
3759.775
-1109.097
3758.121
-1109.787
3756.415
-1110.443
3754.654
-1111.064
3752.837
-1111.647
3750.961
-1112.191
3749.023
-1112.695
3747.021
-1113.157
3744.952
-1113.575
3742.814
-1113.947
3740.604
-1114.272
3738.319
-1114.547
3735.955
-1114.770
3733.510
-1114.940
3730.981
-1115.054
3728.363
-1115.110
3725.654
-1115.105
3722.850
-1115.038
3719.947
-1114.906
3716.942
-1114.705
3713.829
-1114.434
3710.606
-1114.090
3707.267
-1113.669
3703.809
-1113.170
3700.226
-1112.588
3696.515
-1111.921
3692.669
-1111.166
3688.685
-1110.319
3684.556
-1109.376
3680.278
-1108.335
3675.845
-1107.192
3671.251
-1105.943
3666.490
-1104.585
3661.557
-1103.112
3656.445
-1101.522
3651.149
-1099.811
3645.660
-1097.974
3639.974
-1096.007
3634.083
-1093.906
3627.980
-1091.666
3621.658
-1089.284
3615.111
-1086.754
3608.330
-1084.072
3601.308
-1081.233
3594.039
-1078.234
3586.513
-1075.068
3578.725
-1071.733
3570.665
-1068.222
3562.326
-1064.532
3553.700
-1060.658
3544.780
-1056.595
3535.558
-1052.339
3526.025
-1047.885
3516.175
-1043.229
3505.999
-1038.368
3495.489
-1033.296
3484.639
-1028.011
3473.442
-1022.508
3461.889
-1016.783
3449.975
-1010.835
3437.692
-1004.659
3425.035
-998.253
3411.998
-991.614
3398.574
-984.741
3384.759
-977.632
3370.547
-970.285
3355.936
-962.700
3340.921
-954.875
3325.498
-946.812
3309.666
-938.510
3293.422
-929.971
3276.766
-921.195
3259.696
-912.185
3242.212
-902.944
3224.317
-893.474
3206.011
-883.780
3187.298
-873.866
3168.180
-863.736
3148.662
-853.396
3128.749
-842.853
3108.447
-832.112
3087.763
-821.182
3066.705
-810.069
3045.281
-798.783
3023.501
-787.331
3001.376
-775.724
2978.916
-763.972
2956.134
-752.084
2933.042
-740.071
2909.654
-727.944
2885.985
-715.715
2862.048
-703.395
2837.860
-690.997
2813.436
-678.531
2788.794
-666.010
2763.949
-653.447
2738.920
-640.854
2713.723
-628.243
2688.377
-615.626
2662.900
-603.016
2637.310
-590.425
2611.626
-577.863
2585.865
-565.344
2560.045
-552.878
2534.186
-540.477
2508.304
-528.150
2482.417
-515.908
2456.542
-503.762
2430.697
-491.720
2404.898
-479.792
2379.161
-467.986
2353.502
-456.310
2327.936
-444.772
2302.477
-433.379
2277.140
-422.138
2251.938
-411.053
2226.885
-400.132
2201.991
-389.379
2177.269
-378.799
2152.729
-368.395
2128.383
-358.172
2104.239
-348.132
2080.307
-338.279
2056.595
-328.614
2033.110
-319.138
2009.861
-309.855
1986.852
-300.764
1964.091
-291.866
1941.583
-283.162
1919.331
-274.652
1897.342
-266.334
1875.617
-258.209
1854.160
-250.276
1832.975
-242.533
1812.062
-234.980
1791.425
-227.613
1771.064
-220.433
1750.979
-213.436
1731.173
-206.621
1711.644
-199.985
1692.393
-193.525
1673.418
-187.240
1654.721
-181.127
1636.298
-175.183
1618.150
-169.404
1600.274
-163.789
1582.668
-158.334
1565.331
-153.036
1548.261
-147.893
1531.455
-142.901
1514.910
-138.057
1498.624
-133.358
1482.594
-128.801
1466.818
-124.382
1451.291
-120.100
1436.012
-115.951
1420.977
-111.931
1406.183
-108.039
1391.626
-104.270
1377.303
-100.622
1363.211
-97.092
1349.346
-93.678
1335.704
-90.375
1322.284
-87.182
1309.080
-84.096
1296.089
-81.115
1283.309
-78.234
1270.735
-75.453
1258.364
-72.768
1246.192
-70.177
1234.217
-67.678
1222.434
-65.267
1210.840
-62.944
1199.432
-60.704
1188.207
-58.548
1177.161
-56.471
1166.292
-54.472
1155.595
-52.549
1145.067
-50.700
1134.706
-48.923
1124.508
-47.216
1114.471
-45.576
1104.591
-44.004
1094.865
-42.495
1085.291
-41.050
1075.865
-39.665
1066.585
-38.340
1057.447
-37.073
1048.450
-35.862
1039.590
-34.706
1030.865
-33.603
1022.273
-32.551
1013.809
-31.551
1005.473
-30.599
997.262
-29.695
989.173
-28.838
981.203
-28.026
973.352
-27.258
965.615
-26.532
957.992
-25.849
950.479
-25.206
943.076
-24.602
935.778
-24.037
928.586
-23.509
921.495
-23.018
914.506
-22.562
907.615
-22.141
900.821
-21.753
894.121
-21.398
887.515
-21.075
880.999
-20.783
874.574
-20.521
868.236
-20.288
861.984
-20.084
855.816
-19.908
849.732
-19.759
843.729
-19.637
837.805
-19.540
831.960
-19.468
826.191
-19.421
820.498
-19.397
814.879
-19.397
809.332
-19.419
803.856
-19.464
798.450
-19.529
793.113
-19.616
787.843
-19.722
782.639
-19.849
777.499
-19.995
772.424
-20.160
767.410
-20.343
762.458
-20.544
757.566
-20.762
752.734
-20.997
747.959
-21.249
743.241
-21.517
738.579
-21.800
733.972
-22.099
729.419
-22.413
724.919
-22.741
720.471
-23.083
716.074
-23.439
711.727
-23.809
707.429
-24.192
703.180
-24.587
698.979
-24.995
694.824
-25.415
690.715
-25.847
686.651
-26.290
682.632
-26.745
678.656
-27.211
674.723
-27.687
670.831
-28.173
666.982
-28.670
663.173
-29.176
659.404
-29.693
655.674
-30.218
651.982
-30.753
648.329
-31.296
644.713
-31.848
641.134
-32.409
637.591
-32.978
634.083
-33.554
630.610
-34.139
627.171
-34.731
623.766
-35.330
620.394
-35.937
617.055
-36.551
613.748
-37.171
610.473
-37.798
607.228
-38.432
604.014
-39.072
600.830
-39.717
597.676
-40.369
594.551
-41.027
591.454
-41.690
588.385
-42.358
585.345
-43.032
582.331
-43.711
579.344
-44.395
576.384
-45.084
573.449
-45.778
570.541
-46.476
567.657
-47.178
564.798
-47.885
561.964
-48.596
559.153
-49.311
556.366
-50.030
553.603
-50.752
550.862
-51.479
548.144
-52.209
545.448
-52.942
542.774
-53.678
540.121
-54.418
537.490
-55.161
534.880
-55.907
532.290
-56.655
529.720
-57.407
527.170
-58.161
524.640
-58.918
522.129
-59.677
519.638
-60.438
517.165
-61.202
514.711
-61.968
512.274
-62.736
509.856
-63.505
507.456
-64.277
505.072
-65.051
502.706
-65.826
500.357
-66.603
498.025
-67.381
495.709
-68.161
493.409
-68.942
491.125
-69.725
488.857
-70.508
486.605
-71.293
484.367
-72.079
482.145
-72.866
479.937
-73.653
477.745
-74.442
475.566
-75.231
473.402
-76.021
471.252
-76.811
469.115
-77.602
466.992
-78.394
464.883
-79.185
462.786
-79.977
460.703
-80.770
458.633
-81.562
456.575
-82.355
454.530
-83.147
452.497
-83.940
450.476
-84.732
448.468
-85.524
446.471
-86.316
444.485
-87.108
442.934
-88.162
442.510
-89.911
442.084
-91.658
441.657
-93.404
441.229
-95.147
440.799
-96.889
440.369
-98.628
439.937
-100.366
439.504
-102.101
439.070
-103.834
438.634
-105.566
438.197
-107.295
437.759
-109.022
437.319
-110.747
436.878
-112.469
436.435
-114.190
435.991
-115.908
435.545
-117.624
435.097
-119.338
434.648
-121.050
434.197
-122.759
433.744
-124.466
433.289
-126.170
432.833
-127.873
432.375
-129.572
431.915
-131.269
431.452
-132.964
430.988
-134.656
430.522
-136.346
430.054
-138.033
429.583
-139.718
429.111
-141.400
428.636
-143.079
428.159
-144.755
427.679
-146.429
427.198
-148.100
426.713
-149.768
426.227
-151.433
425.738
-153.095
425.246
-154.755
424.752
-156.411
424.255
-158.065
423.756
-159.715
423.254
-161.362
422.749
-163.006
422.241
-164.647
421.731
-166.285
421.217
-167.919
420.701
-169.550
420.181
-171.177
419.659
-172.802
419.133
-174.422
418.605
-176.040
418.073
-177.653
417.538
-179.263
416.999
-180.869
416.457
-182.472
415.912
-184.071
415.363
-185.666
414.811
-187.256
414.255
-188.843
413.696
-190.426
413.133
-192.005
412.566
-193.580
411.995
-195.151
411.421
-196.717
410.843
-198.279
410.260
-199.836
409.674
-201.389
409.083
-202.938
408.489
-204.482
384.407
-194.189
348.015
-177.559
317.663
-163.833
291.971
-152.349
269.949
-142.628
250.865
-134.321
234.170
-127.162
219.444
-120.948
206.357
-115.521
194.651
-110.756
184.118
-106.554
174.588
-102.833
165.925
-99.526
158.015
-96.578
150.762
-93.944
144.087
-91.585
137.923
-89.469
132.211
-87.567
126.904
-85.857
121.958
-84.316
117.338
-82.928
113.010
-81.677
108.947
-80.549
105.124
-79.533
101.521
-78.617
98.117
-77.792
94.897
-77.050
91.844
-76.383
88.945
-75.785
86.189
-75.250
83.564
-74.772
81.060
-74.346
78.669
-73.968
76.383
-73.634
74.194
-73.340
72.097
-73.082
70.084
-72.858
68.150
-72.665
66.291
-72.500
64.502
-72.361
62.778
-72.245
61.116
-72.150
59.513
-72.075
57.964
-72.018
56.467
-71.977
55.020
-71.951
53.619
-71.938
52.262
-71.937
50.947
-71.947
49.673
-71.966
48.436
-71.994
47.236
-72.030
46.070
-72.073
44.937
-72.121
43.837
-72.175
42.766
-72.233
41.725
-72.295
40.712
-72.359
39.725
-72.427
38.765
-72.496
37.829
-72.567
36.917
-72.639
36.028
-72.711
35.162
-72.784
34.317
-72.857
33.493
-72.929
32.690
-73.000
31.905
-73.070
31.140
-73.139
30.393
-73.206
29.664
-73.271
28.953
-73.335
28.258
-73.396
27.579
-73.455
26.916
-73.511
26.269
-73.565
25.637
-73.616
25.019
-73.664
24.416
-73.709
23.827
-73.752
23.251
-73.791
22.688
-73.828
22.139
-73.861
21.602
-73.891
21.077
-73.918
20.564
-73.941
20.063
-73.962
19.574
-73.979
19.096
-73.993
18.628
-74.004
18.172
-74.012
17.726
-74.017
17.290
-74.019
16.864
-74.017
16.448
-74.013
16.041
-74.005
15.644
-73.995
15.256
-73.982
14.877
-73.966
14.507
-73.947
14.146
-73.925
13.792
-73.901
13.447
-73.874
13.110
-73.845
12.781
-73.813
12.460
-73.778
12.146
-73.741
11.839
-73.702
11.540
-73.660
11.248
-73.617
10.963
-73.571
10.684
-73.523
10.412
-73.473
10.146
-73.421
 9.887
-73.367
 9.634
-73.311
 9.387
-73.254
 9.146
-73.194
 8.911
-73.133
 8.681
-73.071
 8.457
-73.007
 8.239
-72.941
 8.025
-72.874
 7.817
-72.805
 7.614
-72.735
 7.416
-72.664
 7.223
-72.591
 7.034
-72.518
 6.850
-72.443
 6.671
-72.367
 6.496
-72.290
 6.325
-72.212
 6.158
-72.133
 5.996
-72.053
 5.838
-71.972
 5.683
-71.890
 5.533
-71.808
 5.386
-71.724
 5.243
-71.640
 5.103
-71.556
 4.967
-71.470
 4.835
-71.384
 4.706
-71.297
 4.580
-71.210
 4.457
-71.123
 4.337
-71.034
 4.221
-70.946
 4.107
-70.856
 3.996
-70.767
 3.888
-70.677
 3.783
-70.587
 3.680
-70.496
 3.581
-70.405
 3.483
-70.314
 3.389
-70.222
 3.296
-70.130
 3.206
-70.038
 3.119
-69.946
 3.033
-69.853
 2.950
-69.761
 2.869
-69.668
 2.790
-69.575
 2.714
-69.482
 2.639
-69.389
 2.566
-69.296
 2.495
-69.203
 2.426
-69.109
 2.359
-69.016
 2.293
-68.922
 2.230
-68.829
 2.168
-68.736
 2.107
-68.642
 2.048
-68.549
 1.991
-68.455
 1.935
-68.362
 1.881
-68.269
 1.828
-68.175
 1.777
-68.082
 1.727
-67.989
 1.678
-67.896
 1.631
-67.803
 1.585
-67.710
 1.540
-67.617
 1.497
-67.525
 1.454
-67.432
 1.413
-67.340
 1.373
-67.247
 1.334
-67.155
 1.296
-67.063
 1.259
-66.971
 1.223
-66.879
 1.188
-66.788
 1.154
-66.696
 1.121
-66.605
 1.089
-66.514
 1.057
-66.423
 1.027
-66.332
 0.997
-66.242
 0.968
-66.151
 0.940
-66.061
 0.913
-65.971
 0.887
-65.881
 0.861
-65.792
 0.836
-65.702
 0.812
-65.613
 0.788
-65.524
 0.765
-65.435
 0.743
-65.346
 0.721
-65.258
 0.700
-65.169
 0.679
-65.086
 0.660
-65.005
 0.640
-64.924
 0.621
-64.842
 0.603
-64.760
 0.586
-64.677
 0.568
-64.594
 0.551
-64.510
 0.535
-64.426
 0.519
-64.342
 0.504
-64.258
 0.489
-64.174
 0.475
-64.089
 0.460
-64.004
 0.447
-63.919
 0.433
-63.834
 0.420
-63.749
 0.408
-63.664
 0.396
-63.578
 0.384
-63.493
 0.372
-63.408
 0.361
-63.322
 0.350
-63.237
 0.340
-63.151
 0.329
-63.066
 0.319
-62.981
 0.310
-62.895
 0.300
-62.810
 0.291
-62.725
 0.282
-62.640
 0.274
-62.555
 0.265
-62.470
 0.257
-62.385
 0.249
-62.301
 0.242
-62.216
 0.234
-62.132
 0.227
-62.047
 0.220
-61.963
 0.213
-61.879
 0.207
-61.795
 0.201
-61.712
 0.194
-61.628
 0.188
-61.545
 0.182
-61.462
 0.177
-61.379
 0.171
-61.296
 0.166
-61.213
 0.161
-61.130
 0.156
-61.048
 0.151
-60.966
 0.146
-60.884
 0.142
-60.802
 0.137
-60.721
 0.133
-60.639
 0.129
-60.558
 0.125
-60.477
 0.121
-60.396
 0.117
-60.315
 0.113
-60.235
 0.110
-60.155
 0.106
-60.075
 0.103
-59.995
 0.100
-59.915
 0.096
-59.836
 0.093
-59.756
 0.090
-59.677
 0.088
-59.598
 0.085
-59.520
 0.082
-59.441
 0.079
-59.363
 0.077
-59.285
 0.074
-59.207
 0.072
-59.129
 0.070
-59.052
 0.067
-58.975
 0.065
-58.898
 0.063
-58.821
 0.061
-58.744
 0.059
-58.667
 0.057
-58.591
 0.055
-58.515
 0.054
-58.439
 0.052
-58.364
 0.050
-58.288
 0.049
-58.213
 0.047
-58.138
 0.045
-58.063
 0.044
-57.988
 0.043
-57.914
 0.041
-57.839
 0.040
-57.765
 0.038
-57.691
 0.037
-57.618
 0.036
-57.544
 0.035
-57.471
 0.034
-57.398
 0.033
-57.325
 0.031
-57.252
 0.030
-57.179
 0.029
-57.107
 0.028
-57.035
 0.028
-56.963
 0.027
-56.891
 0.026
-56.819
 0.025
-56.748
 0.024
-56.677
 0.023
-56.605
 0.022
-56.535
 0.022
-56.464
 0.021
-56.393
 0.020
-56.323
 0.020
-56.253
 0.019
-56.183
 0.018
-56.113
 0.018
-56.043
 0.017
-55.974
 0.017
-55.905
 0.016
-55.836
 0.015
-55.767
 0.015
-55.698
 0.014
-55.629
 0.014
-55.561
 0.013
-55.493
 0.013
-55.425
 0.013
-55.357
 0.012
-55.289
 0.012
-55.222
 0.011
-55.154
 0.011
-55.087
 0.011
-55.020
 0.010
-54.953
 0.010
-54.886
 0.009
-54.820
 0.009
-54.754
 0.009
-54.687
 0.009
-54.621
 0.008
-54.555
 0.008
-54.490
 0.008
-54.424
 0.007
-54.359
 0.007
-54.294
 0.007
-54.229
 0.007
-54.164
 0.006
-54.099
 0.006
-54.035
 0.006
-53.970
 0.006
-53.906
 0.006
-53.842
 0.005
-53.778
 0.005
-53.714
 0.005
-53.650
 0.005
-53.587
 0.005
-53.524
 0.004
-53.461
 0.004
-53.398
 0.004
-53.335
 0.004
-53.272
 0.004
-53.210
 0.004
-53.147
 0.004
-53.085
 0.003
-53.023
 0.003
-52.961
 0.003
-52.899
 0.003
-52.837
 0.003
-52.776
 0.003
-52.715
 0.003
-52.653
 0.003
-52.592
 0.003
-52.531
 0.003
-52.471
 0.002
-52.410
 0.002
-53.083
 0.002
-52.327
 0.002
-48.992
 0.002
-45.954
 0.002
-47.498
 0.002
-49.331
 0.002
-51.161
 0.002
-52.990
 0.002
-54.817
 0.002
-56.642
 0.002
-58.466
 0.002
-60.287
 0.002
-62.106
 0.002
-63.922
 0.002
-65.736
 0.002
-67.548
 0.002
-69.358
 0.002
-71.165
 0.002
-72.969
 0.002
-74.771
 0.002
-76.570
 0.002
-78.366
 0.002
-80.137
 0.002
-81.389
 0.002
-81.608
 0.002
-80.975
 0.002
-79.834
 0.002
-78.367
 0.002
-76.650
 0.001
-74.740
 0.001
-72.699
 0.001
-70.579
 0.001
-68.416
 0.001
-66.238
 0.001
-64.065
 0.001
-61.913
 0.001
-59.794
 0.001
-57.717
 0.001
-55.688
 0.001
-53.712
 0.001
-51.790
 0.001
-49.926
 0.001
-48.120
 0.001
-46.372
 0.001
-44.682
 0.000
-43.050
 0.000
-41.473
 0.000
-39.951
 0.000
-38.483
 0.000
-37.068
 0.000
-35.703
 0.000
-34.387
 0.000
-33.119
 0.000
-31.897
 0.000
-30.720
 0.000
-29.586
 0.000
-28.493
 0.000
-27.441
 0.000
-26.427
 0.000
-25.450
 0.000
-24.510
 0.000
-23.604
 0.000
-22.731
 0.000
-21.891
 0.000
-21.082
 0.000
-20.302
 0.000
-19.552
 0.000
-18.829
 0.000
-18.133
 0.000
-17.462
 0.000
-16.817
 0.000
-16.195
 0.000
-15.596
 0.000
-15.020
 0.000
-14.464
 0.000
-13.929
 0.000
-13.414
 0.000
-12.918
 0.000
-12.441
 0.000
-11.981
 0.000
-11.538
 0.000
-11.111
 0.000
-10.700
 0.000
-10.305
 0.000
-9.924
 0.000
-9.557
 0.000
-9.203
 0.000
-8.863
 0.000
-8.535
 0.000
-8.220
 0.000
-7.916
 0.000
-7.623
 0.000
-7.341
 0.000
-7.070
 0.000
-6.808
 0.000
-6.557
 0.000
-6.314
 0.000
-6.081
 0.000
-5.856
 0.000
-5.639
 0.000
-5.431
 0.000
-5.230
 0.000
-5.037
 0.000
-4.851
 0.000
-4.671
 0.000
-4.498
 0.000
-4.332
 0.000
-4.172
 0.000
-4.018
 0.000
-3.869
 0.000
-3.726
 0.000
-3.588
 0.000
-3.456
 0.000
-3.328
 0.000
-3.205
 0.000
-3.086
 0.000
-2.972
 0.000
-2.862
 0.000
-2.757
 0.000
-2.655
 0.000
-2.556
 0.000
-2.462
 0.000
-2.371
 0.000
-2.283
 0.000
-2.199
 0.000
-2.118
 0.000
-2.039
 0.000
-1.964
 0.000
-1.891
 0.000
-1.821
 0.000
-1.754
 0.000
-1.689
 0.000
-1.627
 0.000
-1.566
 0.000
-1.509
 0.000
-1.453
 0.000
-1.399
 0.000
-1.347
 0.000
-1.298
 0.000
-1.250
 0.000
-1.203
 0.000
-1.159
 0.000
-1.116
 0.000
-1.075
 0.000
-1.035
 0.000
-0.997
 0.000
-0.960
 0.000
-0.924
 0.000
-0.890
 0.000
-0.857
 0.000
-0.826
 0.000
-0.795
 0.000
-0.766
 0.000
-0.737
 0.000
-0.710
 0.000
-0.684
 0.000
-0.659
 0.000
-0.634
 0.000
-0.611
 0.000
-0.588
 0.000
-0.566
 0.000
-0.545
 0.000
-0.525
 0.000
-0.506
 0.000
-0.487
 0.000
-0.469
 0.000
-0.452
 0.000
-0.435
 0.000
-0.419
 0.000
-0.404
 0.000
-0.389
 0.000
-0.374
 0.000
-0.360
 0.000
-0.347
 0.000
-0.334
 0.000
-0.322
 0.000
-0.310
 0.000
-0.299
 0.000
-0.287
 0.000
-0.277
 0.000
-0.267
 0.000
-0.257
 0.000
-0.247
 0.000
-0.238
 0.000
-0.229
 0.000
-0.221
 0.000
-0.213
 0.000
-0.205
 0.000
-0.197
 0.000
-0.190
 0.000
-0.183
 0.000
-0.176
 0.000
-0.170
 0.000
-0.163
 0.000
-0.157
 0.000
-0.152
 0.000
-0.146
 0.000
-0.141
 0.000
-0.135
 0.000
-0.130
 0.000
-0.125
 0.000
-0.121
 0.000
-0.116
 0.000
-0.112
 0.000
-0.108
 0.000
-0.104
 0.000
-0.100
 0.000
-0.096
 0.000
-0.093
 0.000
-0.089
 0.000
-0.086
 0.000
-0.083
 0.000
-0.080
