 0.352
 0.352
 0.353
 0.353
 0.353
 0.353
 0.353
 0.354
 0.354
 0.354
 0.354
 0.354
 0.355
 1.980
 0.944
 0.649
 0.519
 0.452
 0.413
 0.390
 0.376
 0.368
 0.364
 0.362
 0.363
 0.366
 0.371
 0.377
 0.385
 0.395
 0.406
 0.420
 0.435
 0.453
 0.473
 0.495
 0.520
 0.548
 0.579
 0.613
 0.651
 0.692
 0.737
 0.786
 0.839
 0.897
 0.960
 1.027
 1.101
 1.180
 1.265
 1.357
 1.455
 1.562
 1.675
 1.798
 1.929
 2.069
 2.219
 2.379
 2.550
 2.732
 2.926
 3.132
 3.351
 3.583
 3.829
 4.089
 4.363
 4.652
 4.956
 5.274
 5.607
 5.955
 6.317
 6.692
 7.081
 7.481
 7.893
 8.314
 8.743
 9.179
 9.618
10.060
10.502
10.941
11.375
11.800
12.214
12.614
12.997
13.360
13.700
14.015
14.303
14.562
14.789
14.983
15.144
15.271
15.362
15.420
15.443
15.432
15.390
15.316
15.213
15.083
14.927
14.747
14.546
14.326
14.089
13.837
13.572
13.297
13.013
12.722
12.426
12.126
11.824
11.521
11.219
10.918
10.620
10.325
10.034
 9.748
 9.466
 9.191
 8.921
 8.657
 8.400
 8.150
 7.906
 7.670
 7.440
 7.217
 7.000
 6.791
 6.588
 6.392
 6.202
 6.018
 5.840
 5.669
 5.503
 5.343
 5.189
 5.039
 4.895
 4.756
 4.622
 4.493
 4.368
 4.247
 4.130
 4.018
 3.910
 3.805
 3.704
 3.606
 3.512
 3.421
 3.333
 3.248
 3.166
 3.087
 3.010
 2.936
 2.865
 2.795
 2.728
 2.664
 2.601
 2.541
 2.482
 2.425
 2.370
 2.317
 2.266
 2.216
 2.167
 2.121
 2.075
 2.031
 1.989
 1.947
 1.907
 1.868
 1.831
 1.794
 1.759
 1.724
 1.691
 1.658
 1.627
 1.596
 1.566
 1.537
 1.509
 1.482
 1.455
 1.429
 1.404
 1.380
 1.356
 1.333
 1.310
 1.289
 1.267
 1.246
 1.226
 1.207
 1.187
 1.169
 1.151
 1.133
 1.116
 1.099
 1.082
 1.066
 1.051
 1.036
 1.021
 1.006
 0.992
 0.978
 0.965
 0.952
 0.939
 0.927
 0.914
 0.902
 0.891
 0.879
 0.868
 0.858
 0.847
 0.837
 0.827
 0.817
 0.807
 0.798
 0.788
 0.779
 0.771
 0.762
 0.754
 0.745
 0.737
 0.730
 0.722
 0.714
 0.707
 0.700
 0.693
 0.686
 0.679
 0.672
 0.666
 0.660
 0.653
 0.647
 0.641
 0.635
 0.630
 0.624
 0.619
 0.613
 0.608
 0.603
 0.598
 0.593
 0.588
 0.583
 0.578
 0.574
 0.569
 0.565
 0.561
 0.556
 0.552
 0.548
 0.544
 0.540
 0.536
 0.533
 0.529
 0.525
 0.522
 0.518
 0.515
 0.511
 0.508
 0.505
 0.501
 0.498
 0.495
 0.492
 0.489
 0.486
 0.483
 0.480
 0.478
 0.475
 0.472
 0.470
 0.467
 0.464
 0.462
 0.459
 0.457
 0.454
 0.452
 0.450
 0.447
 0.445
 0.443
 0.441
 0.438
 0.436
 0.434
 0.432
 0.430
 0.428
 0.426
 0.424
 0.422
 0.420
 0.418
 0.417
 0.415
 0.413
 0.411
 0.409
 0.408
 0.406
 0.404
 0.403
 0.401
 0.399
 0.398
 0.396
 0.394
 0.393
 0.391
 0.390
 0.388
 0.387
 0.385
 0.384
 0.368
 0.367
 0.367
 0.367
 0.367
 0.366
 0.366
 0.366
 0.365
 0.365
 0.365
 0.365
 0.364
 0.364
 0.364
 0.363
 0.363
 0.363
 0.362
 0.362
 0.362
 0.362
 0.361
 0.361
 0.361
 0.360
 0.360
 0.360
 0.359
 0.359
 0.359
 0.358
 0.358
 0.358
 0.357
 0.357
 0.357
 0.356
 0.356
 0.356
 0.355
 0.355
 0.354
 0.354
 0.354
 0.353
 0.353
 0.352
 0.352
 0.352
 0.351
 0.351
 0.350
 0.350
 0.350
 0.349
 0.349
 0.348
 0.348
 0.347
 0.347
 0.346
 0.346
 0.345
 0.345
 0.344
 0.344
 0.343
 0.343
 0.342
 0.342
 0.341
 0.341
 0.340
 0.340
 0.339
 0.339
 0.338
 0.338
 0.337
 0.336
 0.336
 0.335
 0.335
 0.334
 0.333
 0.333
 0.332
 0.332
 0.331
 0.330
 0.330
 0.329
 0.328
 0.328
 0.327
 0.326
 0.326
 8.773
 7.265
 6.109
 5.204
 4.483
 3.899
 3.420
 3.023
 2.689
 2.407
 2.166
 1.959
 1.779
 1.623
 1.486
 1.365
 1.258
 1.164
 1.079
 1.003
 0.935
 0.873
 0.818
 0.767
 0.721
 0.679
 0.641
 0.606
 0.574
 0.544
 0.517
 0.492
 0.469
 0.447
 0.427
 0.409
 0.391
 0.375
 0.360
 0.346
 0.333
 0.321
 0.309
 0.298
 0.288
 0.278
 0.269
 0.260
 0.252
 0.244
 0.236
 0.229
 0.222
 0.216
 0.210
 0.204
 0.198
 0.193
 0.188
 0.183
 0.178
 0.173
 0.169
 0.164
 0.160
 0.156
 0.152
 0.148
 0.145
 0.141
 0.138
 0.134
 0.131
 0.128
 0.125
 0.122
 0.119
 0.116
 0.113
 0.111
 0.108
 0.106
 0.103
 0.101
 0.098
 0.096
 0.094
 0.092
 0.089
 0.087
 0.085
 0.083
 0.081
 0.080
 0.078
 0.076
 0.074
 0.072
 0.071
 0.069
 0.068
 0.066
 0.065
 0.063
 0.062
 0.060
 0.059
 0.058
 0.057
 0.055
 0.054
 0.053
 0.052
 0.051
 0.050
 0.049
 0.048
 0.047
 0.046
 0.045
 0.044
 0.043
 0.042
 0.041
 0.040
 0.040
 0.039
 0.038
 0.038
 0.037
 0.036
 0.036
 0.035
 0.034
 0.034
 0.033
 0.033
 0.032
 0.032
 0.031
 0.031
 0.030
 0.030
 0.029
 0.029
 0.029
 0.028
 0.028
 0.027
 0.027
 0.027
 0.026
 0.026
 0.026
 0.025
 0.025
 0.025
 0.025
 0.024
 0.024
 0.024
 0.024
 0.023
 0.023
 0.023
 0.023
 0.023
 0.022
 0.022
 0.022
 0.022
 0.022
 0.022
 0.022
 0.021
 0.021
 0.021
 0.021
 0.021
 0.021
 0.021
 0.020
 0.020
 0.020
 0.020
 0.020
 0.020
 0.020
 0.020
 0.020
 0.020
 0.019
 0.019
 0.019
 0.019
 0.019
 0.019
 0.019
 0.019
 0.019
 0.019
 0.019
 0.019
 0.017
 0.017
 0.017
 0.017
 0.017
 0.017
 0.017
 0.017
 0.017
 0.017
 0.018
 0.018
 0.018
 0.018
 0.018
 0.018
 0.018
 0.018
 0.018
 0.018
 0.018
 0.018
 0.018
 0.018
 0.018
 0.018
 0.017
 0.017
 0.017
 0.017
 0.017
 0.017
 0.017
 0.017
 0.017
 0.017
 0.017
 0.017
 0.017
 0.017
 0.017
 0.017
 0.017
 0.017
 0.017
 0.017
 0.017
 0.017
 0.017
 0.017
 0.017
 0.017
 0.017
 0.017
 0.017
 0.017
 0.016
 0.016
 0.016
 0.016
 0.016
 0.016
 0.016
 0.016
 0.016
 0.016
 0.016
 0.016
 0.016
 0.016
 0.016
 0.016
 0.016
 0.016
 0.016
 0.016
 0.016
 0.016
 0.016
 0.016
 0.015
 0.015
 0.015
 0.015
 0.015
 0.015
 0.015
 0.015
 0.015
 0.015
 0.015
 0.015
 0.015
 0.015
 0.015
 0.015
 0.015
 0.015
 0.015
 0.015
 0.015
 0.015
 0.015
 0.015
 0.015
 0.015
 0.014
 0.014
 0.014
 0.014
 0.014
 0.014
 0.014
 0.014
 0.014
 0.014
 0.014
 0.014
 0.014
 0.014
 0.014
 0.014
 0.014
 0.014
 0.014
 0.014
 0.014
 0.014
 0.014
 0.014
 0.014
 0.014
 0.014
 0.014
 0.013
 0.013
 0.013
 0.013
 0.013
 0.013
 0.013
 0.013
 0.013
 0.013
 0.013
 0.013
 0.013
 0.013
 0.013
 0.013
 0.013
 0.013
 0.013
 0.013
 0.013
 0.013
 0.013
 0.013
 0.013
 0.013
 0.013
 0.013
 0.013
 0.013
 0.013
 0.012
 0.012
 0.012
 0.012
 0.012
 0.012
 0.373
 0.680
 0.680
 0.294
 0.374
 0.373
 0.373
 0.373
 0.372
 0.372
 0.371
 0.371
 0.371
 0.370
 0.370
 0.369
 0.369
 0.368
 0.367
 0.367
 0.366
 0.366
 0.317
 0.124
 0.080
 0.204
 0.279
 0.334
 0.377
 0.408
 0.428
 0.439
 0.444
 0.444
 0.441
 0.435
 0.427
 0.417
 0.407
 0.396
 0.384
 0.372
 0.361
 0.349
 0.337
 0.325
 0.314
 0.303
 0.292
 0.282
 0.272
 0.262
 0.252
 0.243
 0.234
 0.226
 0.217
 0.209
 0.202
 0.194
 0.187
 0.180
 0.174
 0.167
 0.161
 0.155
 0.149
 0.144
 0.138
 0.133
 0.128
 0.124
 0.119
 0.115
 0.110
 0.106
 0.102
 0.099
 0.095
 0.092
 0.088
 0.085
 0.082
 0.079
 0.076
 0.073
 0.070
 0.068
 0.065
 0.063
 0.060
 0.058
 0.056
 0.054
 0.052
 0.050
 0.048
 0.046
 0.045
 0.043
 0.041
 0.040
 0.038
 0.037
 0.036
 0.034
 0.033
 0.032
 0.031
 0.030
 0.028
 0.027
 0.026
 0.025
 0.024
 0.024
 0.023
 0.022
 0.021
 0.020
 0.020
 0.019
 0.018
 0.017
 0.017
 0.016
 0.016
 0.015
 0.014
 0.014
 0.013
 0.013
 0.012
 0.012
 0.012
 0.011
 0.011
 0.010
 0.010
 0.010
 0.009
 0.009
 0.009
 0.008
 0.008
 0.008
 0.007
 0.007
 0.007
 0.007
 0.006
 0.006
 0.006
 0.006
 0.005
 0.005
 0.005
 0.005
 0.005
 0.004
 0.004
 0.004
 0.004
 0.004
 0.004
 0.004
 0.003
 0.003
 0.003
 0.003
 0.003
 0.003
 0.003
 0.003
 0.003
 0.002
 0.002
 0.002
 0.002
 0.002
 0.002
 0.002
 0.002
 0.002
 0.002
 0.002
 0.002
 0.002
 0.002
 0.001
 0.001
 0.001
 0.001
 0.001
 0.001
 0.001
 0.001
 0.001
 0.001
 0.001
 0.001
 0.001
 0.001
 0.001
 0.001
 0.001
 0.001
 0.001
 0.001
 0.001
 0.001
 0.001
 0.001
 0.001
 0.001
 0.001
 0.001
 0.001
 0.000
 0.000
 0.000
 0.000
 0.000
 0.000
 0.000
 0.000
 0.000
 0.251
 0.030
 0.122
 0.127
 0.264
 0.282
 0.293
 0.304
 0.315
