6000.000
6000.591
6001.183
6001.776
6002.369
6002.963
6003.558
6004.154
6004.751
6005.348
6005.946
6006.545
6007.145
5950.131
5943.635
5939.857
5937.102
5934.874
5932.955
5931.230
5929.630
5928.109
5926.634
5925.181
5923.730
5922.266
5920.775
5919.244
5917.662
5916.018
5914.302
5912.504
5910.613
5908.618
5906.509
5904.275
5901.904
5899.384
5896.702
5893.843
5890.795
5887.541
5884.065
5880.349
5876.376
5872.125
5867.576
5862.705
5857.489
5851.903
5845.918
5839.506
5832.636
5825.276
5817.389
5808.940
5799.888
5790.192
5779.808
5768.689
5756.787
5744.050
5730.425
5715.855
5700.281
5683.644
5665.879
5646.922
5626.706
5605.164
5582.228
5557.827
5531.892
5504.356
5475.150
5444.210
5411.472
5376.879
5340.375
5301.913
5261.451
5218.955
5174.400
5127.770
5079.061
5028.280
4975.447
4920.594
4863.766
4805.024
4744.441
4682.103
4618.110
4552.575
4485.620
4417.380
4347.997
4277.622
4206.410
4134.522
4062.119
3989.365
3916.421
3843.445
3770.594
3698.014
3625.848
3554.230
3483.284
3413.126
3343.862
3275.586
3208.384
3142.331
3077.492
3013.921
2951.664
2890.757
2831.230
2773.103
2716.389
2661.094
2607.221
2554.765
2503.715
2454.060
2405.781
2358.860
2313.271
2268.991
2225.993
2184.247
2143.724
2104.392
2066.222
2029.180
1993.235
1958.354
1924.506
1891.659
1859.782
1828.843
1798.813
1769.661
1741.358
1713.877
1687.188
1661.266
1636.084
1611.617
1587.840
1564.729
1542.261
1520.414
1499.167
1478.498
1458.388
1438.817
1419.766
1401.218
1383.156
1365.562
1348.421
1331.717
1315.436
1299.562
1284.083
1268.986
1254.257
1239.884
1225.855
1212.160
1198.787
1185.725
1172.966
1160.498
1148.314
1136.403
1124.757
1113.368
1102.227
1091.328
1080.662
1070.223
1060.004
1049.998
1040.198
1030.599
1021.195
1011.979
1002.947
994.093
985.411
976.898
968.548
960.357
952.320
944.432
936.691
929.091
921.630
914.302
907.106
900.036
893.090
886.265
879.557
872.964
866.481
860.108
853.840
847.676
841.612
835.647
829.777
824.000
818.315
812.718
807.208
801.783
796.441
791.180
785.997
780.892
775.862
770.905
766.021
761.206
756.461
751.783
747.171
742.623
738.138
733.714
729.351
725.047
720.801
716.611
712.477
708.397
704.370
700.396
696.472
692.598
688.774
684.997
681.268
677.584
673.947
670.353
666.803
663.296
659.831
656.407
653.024
649.680
646.375
643.109
639.880
636.688
633.532
630.412
627.326
624.276
621.259
618.275
615.324
612.405
609.517
606.661
603.835
601.039
598.273
595.536
592.827
590.147
587.494
584.869
582.270
579.698
577.152
574.632
572.136
569.666
567.220
564.798
562.400
560.025
557.674
555.345
553.039
550.754
548.492
546.251
544.031
541.832
539.653
537.495
535.357
533.239
531.140
529.061
527.000
524.958
522.935
520.929
518.942
516.973
515.021
513.087
511.169
509.269
507.385
505.517
503.666
501.831
500.012
498.208
496.420
494.647
492.890
491.147
489.419
487.705
486.006
484.321
482.651
480.994
479.350
477.721
476.105
474.502
472.912
471.335
469.771
468.220
466.681
465.154
463.640
462.138
460.648
459.170
457.703
456.248
454.804
453.372
451.951
450.541
449.142
447.754
446.376
445.044
445.000
444.986
444.979
444.977
444.982
444.993
445.010
445.033
445.062
445.097
445.137
445.184
445.236
445.294
445.357
445.426
445.501
445.581
445.666
445.757
445.853
445.955
446.061
446.173
446.290
446.411
446.538
446.670
446.806
446.947
447.093
447.243
447.398
447.558
447.721
447.890
448.062
448.239
448.420
448.605
448.793
448.986
449.183
449.383
449.588
449.795
450.007
450.221
450.440
450.661
450.886
451.114
451.344
451.578
451.815
452.055
452.297
452.542
452.789
453.039
453.292
453.546
453.803
454.062
454.323
454.585
454.850
455.116
455.384
455.653
455.924
456.196
456.469
456.744
457.019
457.295
457.572
457.850
458.128
458.406
458.685
458.964
459.244
459.523
459.802
460.081
460.359
460.637
460.914
461.191
461.467
461.741
462.015
462.287
462.558
462.827
463.095
463.361
426.065
386.932
354.290
326.675
303.034
282.586
264.741
249.046
235.146
222.761
211.665
201.676
192.644
184.444
176.974
170.146
163.888
158.135
152.835
147.940
143.411
139.212
135.313
131.686
128.309
125.159
122.218
119.469
116.897
114.488
112.231
110.113
108.126
106.260
104.506
102.857
101.306
99.846
98.473
97.179
95.960
94.812
93.729
92.709
91.747
90.839
89.983
89.175
88.413
87.693
87.013
86.372
85.765
85.192
84.651
84.139
83.655
83.197
82.764
82.354
81.965
81.597
81.248
80.917
80.603
80.304
80.021
79.751
79.494
79.250
79.016
78.794
78.581
78.378
78.183
77.997
77.817
77.645
77.480
77.320
77.166
77.018
76.874
76.734
76.599
76.467
76.339
76.215
76.093
75.974
75.858
75.744
75.632
75.521
75.413
75.306
75.201
75.097
74.994
74.893
74.792
74.692
74.593
74.494
74.397
74.299
74.202
74.106
74.010
73.914
73.818
73.723
73.628
73.533
73.438
73.343
73.248
73.153
73.058
72.963
72.868
72.773
72.678
72.583
72.488
72.393
72.298
72.203
72.107
72.012
71.916
71.821
71.725
71.629
71.533
71.438
71.342
71.246
71.150
71.053
70.957
70.861
70.765
70.669
70.573
70.476
70.380
70.284
70.188
70.091
69.995
69.899
69.803
69.707
69.611
69.515
69.419
69.323
69.227
69.132
69.036
68.941
68.845
68.750
68.655
68.560
68.465
68.370
68.276
68.181
68.087
67.992
67.898
67.804
67.710
67.617
67.523
67.430
67.337
67.244
67.151
67.058
66.966
66.874
66.782
66.690
66.598
66.507
66.415
66.324
66.233
66.143
66.052
65.962
65.872
65.782
65.692
65.602
65.513
65.424
65.335
65.247
65.158
65.077
64.995
64.914
64.832
64.749
64.666
64.583
64.499
64.415
64.331
64.247
64.162
64.077
63.992
63.907
63.822
63.737
63.651
63.566
63.481
63.395
63.310
63.224
63.139
63.053
62.968
62.883
62.798
62.712
62.627
62.542
62.457
62.373
62.288
62.203
62.119
62.035
61.951
61.867
61.783
61.699
61.616
61.532
61.449
61.366
61.283
61.200
61.118
61.036
60.953
60.872
60.790
60.708
60.627
60.546
60.465
60.384
60.303
60.223
60.142
60.062
59.983
59.903
59.823
59.744
59.665
59.586
59.508
59.429
59.351
59.273
59.195
59.117
59.040
58.963
58.886
58.809
58.732
58.656
58.580
58.504
58.428
58.352
58.277
58.201
58.126
58.051
57.977
57.902
57.828
57.754
57.680
57.606
57.533
57.460
57.386
57.314
57.241
57.168
57.096
57.024
56.952
56.880
56.808
56.737
56.666
56.595
56.524
56.453
56.383
56.312
56.242
56.172
56.102
56.033
55.963
55.894
55.825
55.756
55.687
55.619
55.550
55.482
55.414
55.346
55.279
55.211
55.144
55.077
55.010
54.943
54.876
54.810
54.743
54.677
54.611
54.545
54.480
54.414
54.349
54.284
54.219
54.154
54.089
54.025
53.960
53.896
53.832
53.768
53.704
53.641
53.577
53.514
53.451
53.388
53.325
53.262
53.200
53.138
53.075
53.013
52.951
52.890
52.828
52.767
52.705
52.644
52.583
52.522
52.461
52.401
53.390
51.602
48.266
46.013
47.808
49.640
51.471
53.299
55.126
56.951
58.773
60.594
62.413
64.229
66.043
67.854
69.663
71.470
73.274
75.075
76.874
78.669
80.414
81.510
81.572
80.838
79.636
78.124
76.371
74.436
72.379
70.249
68.082
65.903
63.732
61.584
59.471
57.401
55.379
53.411
51.499
49.644
47.846
46.107
44.426
42.802
41.234
39.721
38.261
36.853
35.496
34.188
32.927
31.712
30.542
29.414
28.328
27.281
26.273
25.302
24.367
23.467
22.599
21.764
20.959
20.184
19.438
18.720
18.027
17.361
16.719
16.101
15.506
14.932
14.380
13.848
13.336
12.843
12.368
11.911
11.471
11.047
10.638
10.245
 9.866
 9.501
 9.150
 8.812
 8.486
 8.172
 7.870
 7.579
 7.299
 7.029
 6.769
 6.519
 6.278
 6.046
 5.822
 5.607
 5.399
 5.200
 5.008
 4.822
 4.644
 4.472
 4.307
 4.148
 3.994
 3.847
 3.704
 3.568
 3.436
 3.309
 3.186
 3.068
 2.955
 2.846
 2.741
 2.639
 2.542
 2.448
 2.357
 2.270
 2.186
 2.105
 2.027
 1.952
 1.880
 1.811
 1.744
 1.679
 1.617
 1.557
 1.500
 1.444
 1.391
 1.340
 1.290
 1.242
 1.196
 1.152
 1.110
 1.069
 1.029
 0.991
 0.954
 0.919
 0.885
 0.852
 0.821
 0.790
 0.761
 0.733
 0.706
 0.680
 0.655
 0.631
 0.607
 0.585
 0.563
 0.542
 0.522
 0.503
 0.484
 0.466
 0.449
 0.433
 0.417
 0.401
 0.386
 0.372
 0.358
 0.345
 0.332
 0.320
 0.308
 0.297
 0.286
 0.275
 0.265
 0.255
 0.246
 0.237
 0.228
 0.220
 0.211
 0.204
 0.196
 0.189
 0.182
 0.175
 0.169
 0.162
 0.156
 0.151
 0.145
 0.140
 0.135
 0.130
 0.125
 0.120
 0.116
 0.111
 0.107
 0.103
 0.100
 0.096
 0.092
 0.089
 0.086
 0.082
 0.079
 0.076
 0.074
 0.071
 0.068
 0.066
 0.063
 0.061
 0.059
 0.057
 0.054
 0.052
 0.051
 0.049
 0.047
 0.225
 0.118
 0.142
 0.135
 0.163
 0.167
 0.168
 0.169
 0.171
