 0.000
125000.000
2819.078
123973.509
5638.156
122946.153
8457.234
121917.933
11276.313
120888.848
14095.391
119858.897
16914.469
118828.080
19733.547
117796.397
22552.625
116763.846
25371.703
115730.428
28190.782
114696.142
31009.860
113660.987
33828.938
112624.963
36630.004
111601.554
39423.356
110583.038
42214.422
109565.357
45003.899
108547.992
47792.094
107530.711
50579.177
106513.389
53365.250
105495.948
56150.380
104478.339
58934.608
103460.530
61717.959
102442.503
64500.448
101424.246
67282.079
100405.755
70062.850
99387.033
72842.752
98368.084
75621.771
97348.921
78399.887
96329.557
81177.078
95310.008
83953.314
94290.297
86728.564
93270.447
89502.790
92250.486
92275.953
91230.443
95048.005
90210.354
97818.897
89190.254
100588.575
88170.186
103356.977
87150.194
106124.040
86130.326
108889.693
85110.636
111653.859
84091.180
114416.456
83072.020
117177.394
82053.223
119936.577
81034.862
122693.902
80017.014
125449.256
78999.763
128202.519
77983.198
130953.562
76967.417
133702.246
75952.524
136448.422
74938.631
139191.928
73925.857
141932.594
72914.333
144670.233
71904.195
147404.648
70895.592
150135.627
69888.683
152862.941
68883.636
155586.347
67880.635
158305.586
66879.872
161020.377
65881.556
163730.423
64885.906
166435.406
63893.158
169134.987
62903.563
171828.804
61917.389
174516.473
60934.917
177197.584
59956.449
179871.702
58982.303
182538.366
58012.815
185197.087
57048.342
187847.347
56089.259
190488.600
55135.958
193120.270
54188.854
195741.750
53248.382
198352.404
52314.992
200951.563
51389.157
203538.530
50471.368
206112.577
49562.131
208672.946
48661.971
211218.851
47771.426
213749.480
46891.048
216263.997
46021.400
218761.541
45163.055
221241.233
44316.589
223702.176
43482.583
226143.462
42661.618
228564.173
41854.270
230963.385
41061.107
233340.178
40282.686
235693.633
39519.546
238022.846
38772.208
240326.929
38041.167
242605.015
37326.889
244856.268
36629.805
247079.883
35950.313
249275.099
35288.765
251441.198
34645.475
253577.514
34020.705
255683.434
33414.672
257758.407
32827.539
259801.944
32259.421
261813.620
31710.377
263793.081
31180.417
265740.040
30669.499
267654.280
30177.529
269535.655
29704.367
271384.087
29249.825
273199.567
28813.675
274982.150
28395.644
276731.956
27995.427
278449.165
27612.682
280134.011
27247.040
281786.783
26898.104
283407.821
26565.455
284997.506
26248.656
286556.261
25947.255
288084.547
25660.787
289582.854
25388.781
291051.702
25130.758
292491.634
24886.237
293903.214
24654.738
295287.022
24435.780
296643.649
24228.890
297973.698
24033.598
299277.777
23849.443
300556.500
23675.972
301810.481
23512.742
303040.333
23359.320
304246.667
23215.287
305430.089
23080.234
306591.198
22953.765
307730.587
22835.498
308848.839
22725.062
309946.528
22622.102
311024.217
22526.274
312082.458
22437.247
313121.790
22354.705
314142.742
22278.342
315145.827
22207.867
316131.547
22143.000
317100.392
22083.473
318052.837
22029.028
318989.344
21979.422
319910.363
21934.418
320816.329
21893.794
321707.665
21857.335
322584.783
21824.837
323448.080
21796.103
324297.941
21770.949
325134.740
21749.196
325958.839
21730.675
326770.588
21715.224
327570.325
21702.688
328358.379
21692.920
329135.067
21685.779
329900.696
21681.132
330655.563
21678.850
331399.956
21678.812
332134.151
21680.901
332858.418
21685.006
333573.017
21691.020
334278.199
21698.844
334974.207
21708.379
335661.276
21719.535
336339.634
21732.222
337009.502
21746.357
337671.091
21761.859
338324.608
21778.652
338970.252
21796.663
339608.216
21815.820
340238.686
21836.058
340861.844
21857.311
341477.865
21879.520
342086.916
21902.624
342689.164
21926.569
343284.766
21951.300
343873.876
21976.766
344456.644
22002.918
345033.213
22029.709
345603.724
22057.093
346168.312
22085.028
346727.109
22113.472
347280.242
22142.384
347827.836
22171.728
348370.009
22201.467
348906.878
22231.565
349438.556
22261.988
349965.153
22292.706
350486.774
22323.686
351003.523
22354.899
351515.501
22386.317
352022.803
22417.911
352525.526
22449.656
353023.760
22481.526
353517.595
22513.497
354007.118
22545.546
354492.412
22577.650
354973.559
22609.787
355450.640
22641.936
355923.731
22674.078
356392.908
22706.193
356858.244
22738.262
357319.810
22770.268
357777.676
22802.194
358231.909
22834.022
358682.575
22865.737
359129.737
22897.324
359573.458
22928.767
360013.799
22960.052
360450.818
22991.166
360884.573
23022.095
361315.121
23052.826
361742.515
23083.348
362166.810
23113.647
362588.056
23143.712
363006.305
23173.533
363421.606
23203.098
363834.007
23232.398
364243.554
23261.421
364650.295
23290.159
365054.273
23318.602
365455.532
23346.741
365854.115
23374.568
366250.062
23402.073
366643.415
23429.249
367034.214
23456.088
367422.496
23482.583
367808.300
23508.725
368191.663
23534.508
368572.619
23559.925
368951.206
23584.969
369327.457
23609.634
369701.405
23633.913
370073.084
23657.802
370442.525
23681.292
370809.760
23704.380
371174.820
23727.060
371537.735
23749.326
371898.534
23771.173
372257.246
23792.597
372613.898
23813.592
372968.519
23834.154
373321.134
23854.279
373671.772
23873.962
374020.456
23893.199
374367.213
23911.985
374712.067
23930.318
375055.043
23948.192
375396.163
23965.606
375735.451
23982.554
376072.929
23999.033
376408.621
24015.041
376742.547
24030.574
377074.729
24045.628
377405.188
24060.202
377733.944
24074.291
378061.017
24087.893
378386.428
24101.006
378710.194
24113.626
379032.335
24125.752
379352.870
24137.380
379671.816
24148.509
379989.191
24159.135
380305.013
24169.258
380619.299
24178.874
380932.066
24187.982
381243.329
24196.579
381553.106
24204.664
381861.411
24212.235
382168.261
24219.290
382473.670
24225.827
382777.654
24231.845
383080.226
24237.342
383381.403
24242.317
383681.197
24246.767
383979.622
24250.692
384276.692
24254.091
384572.421
24256.961
384866.820
24259.302
385159.904
24261.112
385451.685
24262.391
385742.175
24263.137
386031.387
24263.349
386319.331
24263.026
386606.021
24262.167
386891.467
24260.772
387175.681
24258.839
387458.673
24256.367
387740.456
24253.356
388021.039
24249.805
388300.432
24245.714
388578.647
24241.081
388855.694
24235.906
389131.582
24230.188
389406.321
24223.928
389679.921
24217.124
389952.392
24209.775
390223.742
24201.882
390493.980
24193.444
390763.117
24184.461
391031.160
24174.932
391298.118
24164.857
391564.000
24154.236
391828.814
24143.069
392092.568
24131.354
392355.271
24119.093
392616.930
24106.285
392877.553
24092.930
393137.148
24079.028
393395.723
24064.578
393653.284
24049.581
393909.840
24034.037
394165.397
24017.946
394419.962
24001.308
394673.543
23984.122
394926.146
23966.390
395177.778
23948.111
395428.446
23929.285
395678.156
23909.913
395926.914
23889.995
396174.727
23869.531
396421.600
23848.521
396667.541
23826.966
396912.555
23804.866
397156.648
23782.221
397399.825
23759.033
397642.092
23735.300
397883.456
23711.024
398123.921
23686.205
398363.492
23660.843
398602.176
23634.940
398839.977
23608.495
399076.901
23581.509
399312.953
23553.983
399548.137
23525.917
399782.459
23497.312
400015.923
23468.169
400248.534
23438.488
400480.297
23408.270
400711.216
23377.515
400941.296
23346.225
401170.542
23314.400
401398.957
23282.041
401626.546
23249.148
401853.314
23215.723
402079.263
23181.767
402304.400
23147.280
402528.727
23112.263
402752.248
23076.716
402974.968
23040.642
403196.891
23004.041
403418.019
22966.914
403638.357
22929.262
403857.909
22891.085
404076.989
22852.201
404295.902
22812.431
404514.647
22771.776
404733.223
22730.237
404951.631
22687.814
405169.869
22644.509
405387.938
22600.321
405605.836
22555.252
405823.564
22509.303
406041.120
22462.474
406258.505
22414.767
406475.717
22366.181
406692.757
22316.718
406909.623
22266.379
407126.316
22215.165
407342.834
22163.075
407559.176
22110.112
407775.344
22056.276
407991.334
22001.568
408207.148
21945.989
408422.784
21889.540
408638.242
21832.221
408853.520
21774.034
409068.619
21714.979
409283.537
21655.057
409498.274
21594.270
409712.829
21532.619
409927.201
21470.103
410141.390
21406.725
410355.394
21342.485
410569.213
21277.385
410782.845
21211.424
410996.291
21144.606
411209.548
21076.929
411422.617
21008.396
411635.496
20939.007
411848.185
20868.764
412060.682
20797.668
412272.986
20725.720
412485.096
20652.920
412697.012
20579.271
412908.732
20504.773
413120.256
20429.428
413331.581
20353.236
413542.708
20276.199
413753.635
20198.318
413964.360
20119.595
414174.883
20040.030
414385.203
19959.625
414595.318
19878.382
414805.226
19796.301
415014.928
19713.383
415224.421
19629.632
415433.705
19545.046
415642.777
19459.629
415851.637
19373.382
416060.284
19286.305
416268.715
19198.401
416476.930
19109.670
416684.927
19020.115
416892.704
18929.737
417100.261
18838.538
417307.595
18746.518
417514.705
18653.681
417721.590
18560.026
417928.249
18465.557
418134.678
18370.275
418340.878
18274.180
418546.845
18177.276
418752.580
18079.564
418958.079
17981.046
419163.341
17881.723
419368.365
17781.597
419573.148
17680.671
419777.689
17578.946
419981.986
17476.424
420186.038
17373.108
420389.841
17268.998
420593.395
17164.097
420796.698
17058.408
420999.747
16951.932
421202.540
16844.672
421405.076
16736.629
421607.353
16627.806
421809.368
16518.205
422011.119
16407.828
422212.604
16296.678
422413.821
16184.758
422614.768
16072.068
422815.442
15958.613
423015.842
15844.394
423215.964
15729.413
423415.807
15613.674
423615.369
15497.180
423814.646
15379.931
424013.637
15261.932
424212.339
15143.186
424410.749
15023.694
424602.268
14907.462
424775.370
14801.532
424932.834
14704.293
425077.129
14614.304
425210.184
14530.440
425333.537
14451.804
425448.430
14377.672
425555.884
14307.449
425656.745
14240.642
425751.722
14176.838
425841.417
14115.688
425926.343
14056.893
426006.941
14000.196
426083.595
13945.376
426156.638
13892.239
426226.362
13840.617
426293.026
13790.359
426356.858
13741.335
426418.063
13693.428
426476.820
13646.533
426533.295
13600.557
426587.633
13555.417
426639.969
13511.037
426690.421
13467.349
426739.099
13424.292
426786.105
13381.810
426831.527
13339.853
426875.451
13298.374
426917.954
13257.332
426959.105
13216.688
426998.971
13176.406
427037.612
13136.456
427075.084
13096.807
427111.438
13057.433
427146.725
13018.308
427180.987
12979.410
427214.269
12940.718
427246.608
12902.213
427278.043
12863.877
427308.607
12825.694
427338.334
12787.649
427367.253
12749.728
427395.394
12711.918
427422.784
12674.209
427449.449
12636.589
427475.412
12599.049
427500.698
12561.580
427525.328
12524.173
427549.323
12486.821
427572.702
12449.517
427595.485
12412.255
427617.689
12375.030
427639.332
12337.836
427660.430
12300.669
427680.999
12263.524
427701.053
12226.398
427720.608
12189.288
427739.676
12152.189
427758.271
12115.101
427776.407
12078.020
427794.094
12040.944
427811.346
12003.872
427828.172
11966.802
427844.586
11929.732
427860.596
11892.663
427876.213
11855.592
427891.448
11818.520
427906.309
11781.446
427920.807
11744.368
427934.949
11707.288
427948.745
11670.206
427962.204
11633.120
427975.333
11596.032
427988.140
11558.942
428000.634
11521.850
428012.821
11484.756
428024.709
11447.661
428036.306
11410.566
428047.618
11373.472
428058.652
11336.378
428069.414
11299.287
428079.911
11262.198
428090.150
11225.113
428100.135
11188.032
428109.874
11150.957
428119.372
11113.888
428128.635
11076.827
428137.669
11039.773
428146.477
11002.730
428155.067
10965.696
428163.443
10928.674
428171.610
10891.664
428179.573
10854.668
428187.337
10817.686
428194.907
10780.719
428202.286
10743.769
428209.481
10706.837
428216.494
10669.923
428223.330
10633.028
428229.994
10596.153
428236.490
10559.300
428242.821
10522.470
428248.991
10485.662
428255.005
10448.879
428260.866
10412.120
428266.577
10375.388
428272.143
10338.682
428277.566
10302.004
428282.851
10265.354
428288.000
10228.733
428293.016
10192.142
428297.904
10155.582
428302.666
10119.054
428307.304
10082.557
428311.823
10046.094
428316.225
10009.664
428320.512
9973.268
428324.688
9936.907
428328.756
9900.581
428332.717
9864.291
428336.575
9828.038
428340.333
9791.822
428343.991
9755.644
428347.554
9719.504
428351.023
9683.402
428354.401
9647.339
428357.690
9611.317
428360.892
9575.334
428364.010
9539.391
428367.045
9503.489
428369.999
9467.629
428372.875
9431.810
428375.675
9396.033
428378.399
9360.298
428381.052
9324.606
428383.633
9288.956
428386.145
9253.350
428388.590
9217.787
428390.969
9182.268
428393.285
9146.793
428395.538
9111.362
428397.730
9075.975
428399.863
9040.633
428401.939
9005.335
428403.958
8970.083
428405.922
8934.875
428407.833
8899.713
428409.693
8864.596
428411.501
8829.525
428413.260
8794.500
428414.971
8759.520
428416.636
8724.586
428418.255
8689.698
428419.829
8654.856
428421.360
8620.060
428422.849
8585.311
428424.297
8550.607
428425.705
8515.950
428427.074
8481.340
428428.406
8446.776
428429.700
8412.258
428430.959
8377.787
428432.182
8343.362
428433.372
8308.984
428434.528
8274.652
428435.652
8240.366
428436.745
8206.128
428437.807
8171.935
428438.840
8137.790
428439.844
8103.690
428440.819
8069.637
428441.767
8035.631
428442.688
8001.671
428443.583
7967.757
428444.454
7933.889
428445.299
7900.068
428446.121
7866.293
428446.919
7832.564
428447.694
7798.882
428448.448
7765.245
428449.180
7731.654
428449.891
7698.109
428450.582
7664.610
428451.254
7631.157
428451.906
7597.750
428452.539
7564.388
428453.154
7531.071
428453.752
7497.801
428454.332
7464.575
428454.896
7431.395
428455.443
7398.260
428455.975
7365.171
428456.491
7332.126
428456.993
7299.127
428457.480
7266.172
428457.952
7233.262
428458.411
7200.397
428458.857
7167.576
428459.290
7134.800
428459.710
7102.069
428460.118
7069.381
428460.514
7036.738
428460.898
7004.139
428461.271
6971.583
428461.633
6939.067
428461.985
6906.591
428462.326
6874.157
428462.657
6841.763
428462.979
6809.411
428463.291
6777.101
428463.594
6744.831
428463.888
6712.604
428464.173
6680.419
428464.450
6648.276
428464.718
6616.175
428464.979
6584.116
428465.232
6552.100
428465.477
6520.126
428465.715
6488.194
428465.946
6456.305
428466.170
6424.459
428466.387
6392.655
428466.598
6360.894
428466.802
6329.176
428467.001
6297.501
428467.193
6265.868
428467.380
6234.277
428467.560
6202.730
428467.736
6171.225
428467.906
6139.763
428468.071
6108.343
428468.231
6076.966
428468.386
6045.631
428468.536
6014.339
428468.682
5983.090
428468.824
5951.883
428468.961
5920.718
428469.093
5889.595
428469.222
5858.515
428469.347
5827.477
428469.468
5796.480
428469.585
5765.526
428469.699
5734.614
428469.809
5703.744
428469.916
5672.915
428470.019
5642.129
428470.120
5611.383
428470.217
5580.680
428470.311
5550.018
428470.402
5519.397
428470.491
5488.817
428470.576
5458.279
428470.659
5427.782
428470.740
5397.326
428470.817
5366.911
428470.893
5336.536
428470.966
5306.203
428471.037
5275.910
428471.105
5245.657
428471.172
5215.445
428471.236
5185.274
428471.298
5155.142
428471.359
5125.051
428471.417
5095.000
428471.474
5064.989
428471.528
5035.017
428471.581
5005.086
428471.633
4975.194
428471.682
4945.342
428471.731
4915.529
428471.777
4885.755
428471.822
4856.021
428471.866
4826.326
428471.908
4796.670
428471.949
4767.053
428471.989
4737.475
428472.027
4707.936
428472.064
4678.435
428472.100
4648.973
428472.135
4619.549
428472.168
4590.164
428472.201
4560.817
428472.232
4531.508
428472.263
4502.238
428472.292
4473.005
428472.321
4443.810
428472.349
4414.653
428472.375
4385.533
428472.401
4356.451
428472.426
4327.407
428472.450
4298.400
428472.474
4269.430
428472.496
4240.497
428472.518
4211.602
428472.539
4182.743
428472.560
4153.922
428472.580
4125.137
428472.599
4096.389
428472.617
4067.677
428472.635
4039.002
428472.652
4010.364
428472.669
3981.762
428472.685
3953.196
428472.701
3924.666
428472.716
3896.172
428472.731
3867.714
428472.745
3839.292
428472.759
3810.906
428472.772
3782.555
428472.785
3754.240
428472.797
3725.960
428472.809
3697.716
428472.820
3669.507
428472.832
3641.333
428472.842
3613.195
428472.853
3585.091
428472.863
3557.023
428472.872
3528.989
428472.882
3500.990
428472.891
3473.025
428472.900
3445.096
428472.908
3417.200
428472.916
3389.340
428472.924
3361.513
428472.932
3333.721
428472.939
3305.962
428472.946
3278.238
428472.953
3250.548
428472.960
3222.892
428472.966
3195.269
428472.973
3167.681
428472.979
3140.125
428472.984
3112.604
428472.990
3085.116
428472.995
3057.661
428473.001
3030.239
428473.006
3002.851
428473.010
2975.496
428473.015
2948.174
428473.020
2920.885
428473.024
2893.628
428473.028
2866.405
428473.032
2839.214
428473.036
2812.056
428473.040
2784.930
428473.044
2757.837
428473.047
2730.776
428473.051
2703.748
428473.054
2676.752
428473.057
2649.788
428473.060
2622.856
428473.063
2595.956
428473.066
2569.087
428473.069
2542.251
428473.071
2515.447
428473.074
2488.674
428473.076
2461.933
428473.079
2435.223
428473.081
2408.545
428473.083
2381.898
428473.086
2355.282
428473.088
2328.698
428473.090
2302.144
428473.092
2275.622
428473.093
2249.131
428473.095
2222.671
428473.097
2196.241
428473.099
2169.843
428473.100
2143.475
428473.102
2117.137
428473.103
2090.831
428473.105
2064.554
428473.106
2038.308
428473.107
2012.093
428473.109
1985.762
428473.110
1959.255
428473.111
1934.288
428473.112
1910.913
428473.113
1887.465
428473.114
1863.103
428473.115
1837.825
428473.116
1811.633
428473.117
1784.526
428473.118
1756.507
428473.119
1727.576
428473.120
1697.734
428473.121
1666.982
428473.122
1635.322
428473.123
1602.753
428473.124
1569.279
428473.125
1534.899
428473.126
1499.616
428473.127
1463.430
428473.128
1426.343
428473.129
1388.355
428473.130
1349.469
428473.131
1309.690
428473.132
1269.168
428473.133
1228.356
428473.134
1187.729
428473.135
1147.595
428473.136
1108.144
428473.136
1069.511
428473.137
1031.803
428473.138
995.095
428473.139
959.436
428473.139
924.852
428473.140
891.356
428473.141
858.948
428473.141
827.621
428473.142
797.359
428473.142
768.143
428473.143
739.950
428473.143
712.754
428473.143
686.529
428473.144
661.246
428473.144
636.876
428473.144
613.390
428473.145
590.759
428473.145
568.954
428473.145
547.947
428473.146
527.711
428473.146
508.218
428473.146
489.441
428473.146
471.356
428473.146
453.937
428473.146
437.160
428473.147
421.002
428473.147
405.440
428473.147
390.453
428473.147
376.019
428473.147
362.118
428473.147
348.731
428473.147
335.839
428473.147
323.423
428473.147
311.466
428473.147
299.951
428473.147
288.861
428473.147
278.182
428473.147
267.897
428473.148
257.992
428473.148
248.454
428473.148
239.269
428473.148
230.422
428473.148
221.903
428473.148
213.699
428473.148
205.799
428473.148
198.190
428473.148
190.863
428473.148
183.807
428473.148
177.011
428473.148
170.467
428473.148
164.165
428473.148
158.096
428473.148
152.251
428473.148
146.622
428473.148
141.202
428473.148
135.982
428473.148
130.955
428473.148
126.113
428473.148
121.451
428473.148
116.961
428473.148
112.638
428473.148
108.474
428473.148
104.464
428473.148
100.602
428473.148
96.883
428473.148
93.302
428473.148
89.853
428473.148
86.531
428473.148
83.332
428473.148
80.252
428473.148
77.285
428473.148
74.429
428473.148
71.677
428473.148
69.028
428473.148
66.476
428473.148
64.019
428473.148
61.653
428473.148
59.374
428473.148
57.179
428473.148
55.066
428473.148
53.031
428473.148
51.071
428473.148
49.183
428473.148
47.365
428473.148
45.615
428473.148
43.929
428473.148
42.305
428473.148
40.742
428473.148
39.236
428473.148
37.786
428473.148
36.390
428473.148
35.045
428473.148
33.750
428473.148
32.503
428473.148
31.302
428473.148
30.145
428473.148
29.031
428473.148
27.959
428473.148
26.926
428473.148
25.931
428473.148
24.973
428473.148
24.050
428473.148
23.162
428473.148
22.306
428473.148
21.482
428473.148
20.688
428473.148
19.924
428473.148
19.188
428473.148
18.479
428473.148
17.797
428473.148
17.140
428473.148
16.507
428473.148
15.897
428473.148
15.310
428473.148
14.745
428473.148
14.200
428473.148
13.676
428473.148
13.171
428473.148
12.685
428473.148
12.216
428473.148
11.765
428473.148
11.331
428473.148
10.913
428473.148
10.510
428473.148
10.122
428473.148
 9.749
428473.148
 9.389
428473.148
 9.043
428473.148
 8.709
428473.148
 8.388
428473.148
 8.078
428473.148
 7.780
428473.148
 7.493
428473.148
 7.217
428473.148
 6.951
428473.148
 6.695
428473.148
 6.448
428473.148
 6.210
428473.148
 5.981
428473.148
 5.761
428473.148
 5.549
428473.148
 5.344
428473.148
 5.147
428473.148
 4.958
428473.148
 4.775
428473.148
 4.599
428473.148
 4.430
428473.148
 4.267
428473.148
 4.110
428473.148
 3.959
428473.148
 3.813
428473.148
 3.673
428473.148
 3.538
428473.148
 3.408
428473.148
 3.282
428473.148
 3.162
428473.148
 3.046
428473.148
 2.934
428473.148
 2.826
428473.148
 2.722
428473.148
 2.622
428473.148
 2.526
428473.148
 2.433
428473.148
 2.344
428473.148
 2.258
428473.148
 2.176
428473.148
 2.096
428473.148
 2.019
428473.148
 1.945
428473.148
 1.874
428473.148
 1.805
428473.148
 1.739
428473.148
 1.676
428473.148
 1.615
428473.148
 1.556
428473.148
 1.499
428473.148
 1.444
428473.148
 1.392
428473.148
 1.341
428473.148
 1.292
428473.148
 1.245
428473.148
 1.200
428473.148
 1.156
428473.148
 1.114
428473.148
 1.074
428473.148
 1.035
428473.148
 0.997
428473.148
 0.961
428473.148
 0.926
428473.148
 0.893
428473.148
 0.860
428473.148
 0.829
428473.148
 0.799
428473.148
 0.771
428473.148
 0.743
428473.148
 0.716
428473.148
 0.690
428473.148
 0.666
428473.148
 0.642
428473.149
 0.615
428473.158
 0.530
428473.171
 0.473
428473.187
 0.408
428473.211
 0.344
428473.237
 0.279
428473.265
 0.215
428473.293
 0.151
428473.322
 0.089
