5638.156
-2052.119
5638.156
-2053.847
5638.156
-2055.575
5638.156
-2057.305
5638.156
-2059.036
5638.156
-2060.767
5638.156
-2062.500
5638.156
-2064.234
5638.156
-2065.968
5638.156
-2067.704
5638.156
-2069.441
5638.156
-2071.179
5638.156
-2072.917
5589.999
-2038.620
5584.064
-2035.932
5580.404
-2034.942
5577.600
-2034.592
5575.235
-2034.571
5573.130
-2034.743
5571.186
-2035.037
5569.347
-2035.409
5567.573
-2035.831
5565.837
-2036.282
5564.120
-2036.748
5562.404
-2037.215
5560.677
-2037.673
5558.926
-2038.116
5557.142
-2038.533
5555.316
-2038.919
5553.437
-2039.267
5551.498
-2039.570
5549.489
-2039.821
5547.403
-2040.015
5545.230
-2040.144
5542.962
-2040.202
5540.589
-2040.182
5538.101
-2040.076
5535.489
-2039.877
5532.740
-2039.577
5529.845
-2039.166
5526.791
-2038.637
5523.566
-2037.979
5520.154
-2037.183
5516.543
-2036.236
5512.717
-2035.129
5508.659
-2033.847
5504.351
-2032.379
5499.775
-2030.710
5494.911
-2028.825
5489.738
-2026.708
5484.231
-2024.343
5478.368
-2021.710
5472.123
-2018.792
5465.467
-2015.567
5458.371
-2012.014
5450.805
-2008.110
5442.734
-2003.831
5434.125
-1999.151
5424.940
-1994.043
5415.139
-1988.479
5404.681
-1982.428
5393.523
-1975.861
5381.619
-1968.744
5368.921
-1961.043
5355.379
-1952.723
5340.940
-1943.749
5325.552
-1934.082
5309.158
-1923.685
5291.700
-1912.519
5273.120
-1900.545
5253.357
-1887.724
5232.351
-1874.017
5210.041
-1859.385
5186.364
-1843.790
5161.261
-1827.198
5134.673
-1809.574
5106.540
-1790.887
5076.810
-1771.109
5045.429
-1750.215
5012.351
-1728.185
4977.532
-1705.005
4940.936
-1680.665
4902.534
-1655.164
4862.304
-1628.504
4820.231
-1600.699
4776.311
-1571.767
4730.552
-1541.738
4682.968
-1510.647
4633.589
-1478.539
4582.453
-1445.470
4529.612
-1411.500
4475.129
-1376.702
4419.079
-1341.151
4361.546
-1304.934
4302.628
-1268.140
4242.430
-1230.867
4181.067
-1193.212
4118.662
-1155.280
4055.343
-1117.173
3991.245
-1078.997
3926.504
-1040.856
3861.259
-1002.849
3795.652
-965.077
3729.821
-927.634
3663.904
-890.609
3598.034
-854.085
3532.339
-818.139
3466.945
-782.843
3401.966
-748.259
3337.514
-714.443
3273.690
-681.443
3210.588
-649.299
3148.293
-618.047
3086.882
-587.712
3026.424
-558.315
2966.978
-529.869
2908.596
-502.383
2851.322
-475.860
2795.192
-450.298
2740.235
-425.690
2686.474
-402.027
2633.925
-379.295
2582.598
-357.477
2532.499
-336.556
2483.629
-316.510
2435.983
-297.317
2389.554
-278.952
2344.332
-261.392
2300.302
-244.611
2257.448
-228.582
2215.752
-213.279
2175.192
-198.676
2135.748
-184.747
2097.395
-171.465
2060.110
-158.805
2023.867
-146.742
1988.641
-135.251
1954.405
-124.307
1921.134
-113.888
1888.800
-103.971
1857.378
-94.533
1826.841
-85.554
1797.164
-77.014
1768.320
-68.891
1740.284
-61.168
1713.031
-53.827
1686.538
-46.849
1660.779
-40.219
1635.733
-33.920
1611.375
-27.937
1587.684
-22.256
1564.638
-16.863
1542.216
-11.744
1520.399
-6.887
1499.165
-2.280
1478.496
 2.089
1458.374
 6.230
1438.781
10.154
1419.698
13.871
1401.110
17.390
1383.000
20.721
1365.353
23.871
1348.153
26.850
1331.387
29.664
1315.038
32.320
1299.096
34.827
1283.545
37.191
1268.373
39.417
1253.569
41.512
1239.121
43.482
1225.017
45.332
1211.246
47.068
1197.797
48.693
1184.662
50.214
1171.829
51.634
1159.289
52.958
1147.034
54.190
1135.055
55.333
1123.342
56.392
1111.889
57.369
1100.686
58.269
1089.727
59.094
1079.004
59.848
1068.510
60.533
1058.239
61.152
1048.183
61.708
1038.337
62.203
1028.694
62.640
1019.248
63.021
1009.994
63.348
1000.927
63.624
992.040
63.849
983.329
64.027
974.789
64.160
966.415
64.248
958.202
64.293
950.146
64.298
942.243
64.263
934.489
64.190
926.879
64.081
919.409
63.937
912.076
63.759
904.877
63.549
897.807
63.307
890.863
63.035
884.042
62.733
877.340
62.404
870.756
62.047
864.284
61.664
857.924
61.256
851.671
60.824
845.524
60.368
839.479
59.890
833.534
59.390
827.686
58.868
821.933
58.326
816.273
57.765
810.704
57.184
805.223
56.585
799.828
55.968
794.517
55.335
789.288
54.684
784.139
54.018
779.068
53.336
774.074
52.639
769.154
51.928
764.307
51.202
759.532
50.463
754.826
49.711
750.188
48.947
745.616
48.170
741.110
47.381
736.666
46.581
732.285
45.769
727.965
44.947
723.704
44.115
719.501
43.273
715.355
42.420
711.264
41.559
707.228
40.688
703.245
39.809
699.313
38.921
695.433
38.025
691.603
37.120
687.821
36.208
684.088
35.289
680.401
34.362
676.759
33.429
673.163
32.488
669.611
31.542
666.101
30.588
662.634
29.629
659.208
28.664
655.823
27.693
652.477
26.716
649.170
25.734
645.901
24.747
642.670
23.755
639.475
22.758
636.316
21.756
633.192
20.750
630.102
19.739
627.047
18.725
624.024
17.706
621.035
16.683
618.077
15.657
615.150
14.626
612.254
13.593
609.388
12.556
606.552
11.515
603.744
10.472
600.966
 9.425
598.215
 8.376
595.491
 7.324
592.794
 6.269
590.124
 5.212
587.480
 4.152
584.861
 3.089
582.267
 2.025
579.697
 0.958
577.152
-0.111
574.630
-1.181
572.132
-2.254
569.656
-3.328
567.203
-4.404
564.771
-5.482
562.362
-6.561
559.973
-7.642
557.606
-8.724
555.258
-9.808
552.931
-10.892
550.624
-11.978
548.336
-13.065
546.067
-14.153
543.817
-15.241
541.586
-16.331
539.372
-17.421
537.176
-18.512
534.998
-19.604
532.837
-20.696
530.693
-21.789
528.565
-22.882
526.454
-23.975
524.359
-25.069
522.280
-26.163
520.216
-27.257
518.167
-28.352
516.134
-29.446
514.115
-30.541
512.110
-31.635
510.120
-32.730
508.144
-33.824
506.182
-34.918
504.233
-36.011
502.298
-37.105
500.375
-38.198
498.466
-39.290
496.569
-40.382
494.685
-41.474
492.813
-42.565
490.952
-43.655
489.104
-44.745
487.268
-45.834
485.443
-46.922
483.629
-48.009
481.827
-49.095
480.035
-50.181
478.254
-51.265
476.483
-52.349
474.723
-53.431
472.974
-54.512
471.234
-55.592
469.504
-56.671
467.784
-57.748
466.074
-58.825
464.372
-59.900
462.681
-60.973
460.998
-62.045
459.324
-63.115
457.659
-64.184
456.003
-65.252
454.355
-66.318
452.716
-67.382
451.085
-68.444
449.462
-69.505
447.847
-70.564
446.240
-71.620
444.641
-72.676
443.049
-73.729
441.465
-74.780
439.888
-75.829
438.351
-76.895
437.994
-78.654
437.658
-80.425
437.322
-82.194
436.984
-83.962
436.646
-85.729
436.307
-87.493
435.967
-89.257
435.626
-91.018
435.284
-92.778
434.941
-94.537
434.597
-96.293
434.252
-98.049
433.906
-99.802
433.559
-101.554
433.211
-103.304
432.861
-105.053
432.510
-106.799
432.158
-108.544
431.805
-110.288
431.450
-112.029
431.094
-113.769
430.736
-115.506
430.378
-117.242
430.017
-118.977
429.655
-120.709
429.292
-122.439
428.927
-124.167
428.561
-125.894
428.193
-127.618
427.823
-129.341
427.452
-131.061
427.078
-132.780
426.704
-134.496
426.327
-136.210
425.948
-137.922
425.568
-139.632
425.186
-141.340
424.801
-143.045
424.415
-144.748
424.027
-146.449
423.636
-148.148
423.244
-149.844
422.849
-151.538
422.453
-153.229
422.054
-154.918
421.652
-156.605
421.249
-158.289
420.843
-159.970
420.435
-161.649
420.024
-163.325
419.611
-164.999
419.195
-166.669
418.777
-168.338
418.356
-170.003
417.933
-171.665
417.507
-173.325
417.078
-174.981
416.646
-176.635
416.212
-178.286
415.775
-179.933
415.335
-181.578
414.891
-183.219
414.445
-184.858
413.996
-186.493
413.544
-188.124
413.088
-189.752
412.630
-191.377
412.168
-192.999
411.702
-194.617
411.234
-196.231
410.762
-197.842
410.287
-199.449
409.808
-201.052
409.325
-202.652
408.839
-204.248
408.349
-205.839
407.856
-207.427
407.358
-209.011
406.857
-210.590
406.352
-212.166
405.843
-213.737
405.330
-215.304
404.813
-216.867
404.292
-218.425
403.767
-219.978
403.237
-221.527
402.703
-223.071
402.165
-224.611
401.622
-226.146
401.075
-227.675
400.523
-229.200
399.966
-230.720
399.405
-232.235
398.839
-233.744
398.269
-235.248
397.693
-236.747
397.113
-238.240
396.527
-239.727
363.834
-221.712
329.636
-202.626
301.038
-186.808
276.780
-173.521
255.950
-162.233
237.873
-152.551
222.039
-144.176
208.057
-136.880
195.621
-130.484
184.488
-124.847
174.463
-119.854
165.388
-115.413
157.133
-111.448
149.593
-107.897
142.676
-104.707
136.308
-101.833
130.425
-99.240
124.972
-96.895
119.905
-94.770
115.181
-92.841
110.767
-91.090
106.632
-89.497
102.749
-88.046
99.096
-86.725
95.652
-85.521
92.399
-84.423
89.320
-83.421
86.402
-82.508
83.631
-81.674
80.996
-80.914
78.487
-80.221
76.095
-79.590
73.810
-79.015
71.625
-78.491
69.534
-78.015
67.531
-77.583
65.608
-77.191
63.762
-76.835
61.988
-76.514
60.280
-76.223
58.636
-75.962
57.051
-75.726
55.522
-75.515
54.046
-75.326
52.620
-75.157
51.242
-75.007
49.909
-74.874
48.618
-74.757
47.368
-74.653
46.156
-74.563
44.981
-74.485
43.842
-74.418
42.736
-74.360
41.661
-74.311
40.618
-74.270
39.604
-74.236
38.618
-74.208
37.659
-74.186
36.727
-74.169
35.819
-74.156
34.935
-74.147
34.075
-74.142
33.236
-74.139
32.420
-74.138
31.624
-74.140
30.849
-74.143
30.093
-74.147
29.356
-74.152
28.637
-74.157
27.936
-74.163
27.252
-74.168
26.585
-74.174
25.934
-74.179
25.298
-74.183
24.678
-74.186
24.073
-74.189
23.483
-74.190
22.906
-74.190
22.343
-74.188
21.794
-74.185
21.257
-74.181
20.734
-74.174
20.222
-74.166
19.723
-74.156
19.235
-74.144
18.759
-74.131
18.294
-74.115
17.840
-74.097
17.397
-74.078
16.964
-74.056
16.541
-74.032
16.129
-74.006
15.725
-73.979
15.332
-73.949
14.948
-73.917
14.572
-73.883
14.206
-73.847
13.848
-73.809
13.499
-73.769
13.158
-73.728
12.825
-73.684
12.500
-73.639
12.183
-73.591
11.873
-73.542
11.571
-73.491
11.276
-73.439
10.988
-73.384
10.707
-73.328
10.432
-73.271
10.165
-73.212
 9.903
-73.151
 9.648
-73.089
 9.399
-73.025
 9.156
-72.960
 8.920
-72.894
 8.688
-72.826
 8.463
-72.757
 8.243
-72.687
 8.028
-72.616
 7.819
-72.543
 7.614
-72.469
 7.415
-72.395
 7.221
-72.319
 7.031
-72.242
 6.846
-72.164
 6.666
-72.086
 6.490
-72.006
 6.319
-71.926
 6.152
-71.844
 5.989
-71.762
 5.830
-71.680
 5.675
-71.596
 5.524
-71.512
 5.376
-71.427
 5.233
-71.342
 5.093
-71.256
 4.957
-71.169
 4.824
-71.082
 4.694
-70.995
 4.568
-70.906
 4.445
-70.818
 4.325
-70.729
 4.208
-70.640
 4.094
-70.550
 3.983
-70.460
 3.875
-70.370
 3.770
-70.279
 3.667
-70.188
 3.567
-70.097
 3.470
-70.005
 3.375
-69.914
 3.283
-69.822
 3.193
-69.730
 3.105
-69.638
 3.020
-69.545
 2.937
-69.453
 2.856
-69.360
 2.777
-69.268
 2.700
-69.175
 2.625
-69.082
 2.553
-68.989
 2.482
-68.896
 2.413
-68.803
 2.346
-68.710
 2.280
-68.617
 2.217
-68.524
 2.155
-68.431
 2.094
-68.338
 2.036
-68.245
 1.979
-68.152
 1.923
-68.059
 1.869
-67.967
 1.816
-67.874
 1.765
-67.781
 1.715
-67.689
 1.667
-67.596
 1.620
-67.504
 1.574
-67.412
 1.529
-67.319
 1.486
-67.227
 1.443
-67.136
 1.402
-67.044
 1.362
-66.952
 1.323
-66.861
 1.285
-66.769
 1.248
-66.678
 1.213
-66.587
 1.178
-66.496
 1.144
-66.405
 1.111
-66.315
 1.079
-66.224
 1.048
-66.134
 1.018
-66.044
 0.988
-65.954
 0.959
-65.865
 0.932
-65.775
 0.905
-65.686
 0.878
-65.597
 0.853
-65.508
 0.828
-65.419
 0.804
-65.330
 0.780
-65.242
 0.757
-65.154
 0.735
-65.073
 0.714
-64.992
 0.693
-64.910
 0.672
-64.828
 0.653
-64.746
 0.633
-64.663
 0.615
-64.580
 0.597
-64.496
 0.579
-64.413
 0.562
-64.329
 0.545
-64.244
 0.529
-64.160
 0.513
-64.075
 0.498
-63.990
 0.483
-63.905
 0.469
-63.820
 0.455
-63.735
 0.441
-63.650
 0.428
-63.565
 0.415
-63.479
 0.403
-63.394
 0.391
-63.309
 0.379
-63.223
 0.367
-63.138
 0.356
-63.052
 0.346
-62.967
 0.335
-62.882
 0.325
-62.797
 0.315
-62.712
 0.305
-62.627
 0.296
-62.542
 0.287
-62.457
 0.278
-62.372
 0.270
-62.287
 0.262
-62.203
 0.254
-62.119
 0.246
-62.034
 0.238
-61.950
 0.231
-61.866
 0.224
-61.782
 0.217
-61.699
 0.210
-61.615
 0.204
-61.532
 0.197
-61.449
 0.191
-61.366
 0.185
-61.283
 0.180
-61.200
 0.174
-61.118
 0.169
-61.035
 0.163
-60.953
 0.158
-60.871
 0.153
-60.790
 0.148
-60.708
 0.144
-60.627
 0.139
-60.545
 0.135
-60.464
 0.131
-60.384
 0.127
-60.303
 0.123
-60.223
 0.119
-60.142
 0.115
-60.062
 0.111
-59.982
 0.108
-59.903
 0.104
-59.823
 0.101
-59.744
 0.098
-59.665
 0.095
-59.586
 0.092
-59.508
 0.089
-59.429
 0.086
-59.351
 0.083
-59.273
 0.081
-59.195
 0.078
-59.117
 0.075
-59.040
 0.073
-58.963
 0.071
-58.886
 0.068
-58.809
 0.066
-58.732
 0.064
-58.656
 0.062
-58.580
 0.060
-58.504
 0.058
-58.428
 0.056
-58.352
 0.054
-58.277
 0.053
-58.201
 0.051
-58.126
 0.049
-58.051
 0.048
-57.977
 0.046
-57.902
 0.044
-57.828
 0.043
-57.754
 0.042
-57.680
 0.040
-57.606
 0.039
-57.533
 0.038
-57.460
 0.036
-57.386
 0.035
-57.314
 0.034
-57.241
 0.033
-57.168
 0.032
-57.096
 0.031
-57.024
 0.030
-56.952
 0.029
-56.880
 0.028
-56.808
 0.027
-56.737
 0.026
-56.666
 0.025
-56.595
 0.024
-56.524
 0.023
-56.453
 0.023
-56.383
 0.022
-56.312
 0.021
-56.242
 0.020
-56.172
 0.020
-56.102
 0.019
-56.033
 0.018
-55.963
 0.018
-55.894
 0.017
-55.825
 0.017
-55.756
 0.016
-55.687
 0.016
-55.619
 0.015
-55.550
 0.015
-55.482
 0.014
-55.414
 0.014
-55.346
 0.013
-55.279
 0.013
-55.211
 0.012
-55.144
 0.012
-55.077
 0.011
-55.010
 0.011
-54.943
 0.011
-54.876
 0.010
-54.810
 0.010
-54.743
 0.010
-54.677
 0.009
-54.611
 0.009
-54.545
 0.009
-54.480
 0.008
-54.414
 0.008
-54.349
 0.008
-54.284
 0.007
-54.219
 0.007
-54.154
 0.007
-54.089
 0.007
-54.025
 0.006
-53.960
 0.006
-53.896
 0.006
-53.832
 0.006
-53.768
 0.006
-53.704
 0.005
-53.641
 0.005
-53.577
 0.005
-53.514
 0.005
-53.451
 0.005
-53.388
 0.005
-53.325
 0.004
-53.262
 0.004
-53.200
 0.004
-53.138
 0.004
-53.075
 0.004
-53.013
 0.004
-52.951
 0.004
-52.890
 0.003
-52.828
 0.003
-52.767
 0.003
-52.705
 0.003
-52.644
 0.003
-52.583
 0.003
-52.522
 0.003
-52.461
 0.003
-52.401
 0.003
-53.390
 0.002
-51.602
 0.002
-48.266
 0.002
-46.013
 0.002
-47.808
 0.002
-49.640
 0.002
-51.471
 0.002
-53.299
 0.002
-55.126
 0.002
-56.951
 0.002
-58.773
 0.002
-60.594
 0.002
-62.413
 0.002
-64.229
 0.002
-66.043
 0.002
-67.854
 0.002
-69.663
 0.002
-71.470
 0.002
-73.274
 0.002
-75.075
 0.002
-76.874
 0.002
-78.669
 0.002
-80.414
 0.002
-81.510
 0.002
-81.572
 0.002
-80.838
 0.002
-79.636
 0.002
-78.124
 0.002
-76.371
 0.002
-74.436
 0.001
-72.379
 0.001
-70.249
 0.001
-68.082
 0.001
-65.903
 0.001
-63.732
 0.001
-61.584
 0.001
-59.471
 0.001
-57.401
 0.001
-55.379
 0.001
-53.411
 0.001
-51.499
 0.001
-49.644
 0.001
-47.846
 0.001
-46.107
 0.001
-44.426
 0.001
-42.802
 0.000
-41.234
 0.000
-39.721
 0.000
-38.261
 0.000
-36.853
 0.000
-35.496
 0.000
-34.188
 0.000
-32.927
 0.000
-31.712
 0.000
-30.542
 0.000
-29.414
 0.000
-28.328
 0.000
-27.281
 0.000
-26.273
 0.000
-25.302
 0.000
-24.367
 0.000
-23.467
 0.000
-22.599
 0.000
-21.764
 0.000
-20.959
 0.000
-20.184
 0.000
-19.438
 0.000
-18.720
 0.000
-18.027
 0.000
-17.361
 0.000
-16.719
 0.000
-16.101
 0.000
-15.506
 0.000
-14.932
 0.000
-14.380
 0.000
-13.848
 0.000
-13.336
 0.000
-12.843
 0.000
-12.368
 0.000
-11.911
 0.000
-11.471
 0.000
-11.047
 0.000
-10.638
 0.000
-10.245
 0.000
-9.866
 0.000
-9.501
 0.000
-9.150
 0.000
-8.812
 0.000
-8.486
 0.000
-8.172
 0.000
-7.870
 0.000
-7.579
 0.000
-7.299
 0.000
-7.029
 0.000
-6.769
 0.000
-6.519
 0.000
-6.278
 0.000
-6.046
 0.000
-5.822
 0.000
-5.607
 0.000
-5.399
 0.000
-5.200
 0.000
-5.008
 0.000
-4.822
 0.000
-4.644
 0.000
-4.472
 0.000
-4.307
 0.000
-4.148
 0.000
-3.994
 0.000
-3.847
 0.000
-3.704
 0.000
-3.568
 0.000
-3.436
 0.000
-3.309
 0.000
-3.186
 0.000
-3.068
 0.000
-2.955
 0.000
-2.846
 0.000
-2.741
 0.000
-2.639
 0.000
-2.542
 0.000
-2.448
 0.000
-2.357
 0.000
-2.270
 0.000
-2.186
 0.000
-2.105
 0.000
-2.027
 0.000
-1.952
 0.000
-1.880
 0.000
-1.811
 0.000
-1.744
 0.000
-1.679
 0.000
-1.617
 0.000
-1.557
 0.000
-1.500
 0.000
-1.444
 0.000
-1.391
 0.000
-1.340
 0.000
-1.290
 0.000
-1.242
 0.000
-1.196
 0.000
-1.152
 0.000
-1.110
 0.000
-1.069
 0.000
-1.029
 0.000
-0.991
 0.000
-0.954
 0.000
-0.919
 0.000
-0.885
 0.000
-0.852
 0.000
-0.821
 0.000
-0.790
 0.000
-0.761
 0.000
-0.733
 0.000
-0.706
 0.000
-0.680
 0.000
-0.655
 0.000
-0.631
 0.000
-0.607
 0.000
-0.585
 0.000
-0.563
 0.000
-0.542
 0.000
-0.522
 0.000
-0.503
 0.000
-0.484
 0.000
-0.466
 0.000
-0.449
 0.000
-0.433
 0.000
-0.417
 0.000
-0.401
 0.000
-0.386
 0.000
-0.372
 0.000
-0.358
 0.000
-0.345
 0.000
-0.332
 0.000
-0.320
 0.000
-0.308
 0.000
-0.297
 0.000
-0.286
 0.000
-0.275
 0.000
-0.265
 0.000
-0.255
 0.000
-0.246
 0.000
-0.237
 0.000
-0.228
 0.000
-0.220
 0.000
-0.211
 0.000
-0.204
 0.000
-0.196
 0.000
-0.189
 0.000
-0.182
 0.000
-0.175
 0.000
-0.169
 0.000
-0.162
 0.000
-0.156
 0.000
-0.151
 0.000
-0.145
 0.000
-0.140
 0.000
-0.135
 0.000
-0.130
 0.000
-0.125
 0.000
-0.120
 0.000
-0.116
 0.000
-0.111
 0.000
-0.107
 0.000
-0.103
 0.000
-0.100
 0.000
-0.096
 0.000
-0.092
 0.000
-0.089
 0.000
-0.086
 0.000
-0.082
 0.000
-0.079
 0.000
-0.076
 0.000
-0.074
 0.000
-0.071
 0.000
-0.068
 0.000
-0.066
 0.000
-0.063
 0.000
-0.061
 0.000
-0.059
 0.000
-0.057
 0.000
-0.054
 0.000
-0.052
 0.000
-0.051
 0.000
-0.049
 0.000
-0.047
 0.140
-0.175
 0.000
-0.118
 0.044
-0.135
 0.042
-0.128
 0.101
-0.127
 0.110
-0.126
 0.113
-0.124
 0.117
-0.123
 0.120
-0.121
