 0.352
 0.352
 0.353
 0.353
 0.353
 0.353
 0.353
 0.354
 0.354
 0.354
 0.354
 0.354
 0.355
 1.955
 0.949
 0.664
 0.539
 0.474
 0.437
 0.414
 0.401
 0.393
 0.389
 0.387
 0.388
 0.391
 0.396
 0.402
 0.410
 0.420
 0.431
 0.445
 0.460
 0.477
 0.497
 0.519
 0.544
 0.571
 0.602
 0.635
 0.672
 0.712
 0.757
 0.805
 0.858
 0.915
 0.977
 1.044
 1.117
 1.195
 1.280
 1.372
 1.470
 1.576
 1.690
 1.813
 1.944
 2.085
 2.235
 2.397
 2.569
 2.753
 2.949
 3.158
 3.380
 3.616
 3.867
 4.132
 4.412
 4.708
 5.019
 5.347
 5.690
 6.049
 6.424
 6.814
 7.218
 7.636
 8.067
 8.509
 8.960
 9.420
 9.886
10.356
10.827
11.297
11.763
12.221
12.669
13.103
13.521
13.919
14.293
14.642
14.962
15.251
15.507
15.729
15.913
16.061
16.171
16.243
16.277
16.275
16.237
16.164
16.059
15.923
15.758
15.566
15.351
15.114
14.858
14.585
14.298
13.999
13.689
13.373
13.050
12.723
12.394
12.064
11.735
11.407
11.082
10.761
10.445
10.134
 9.828
 9.529
 9.237
 8.952
 8.675
 8.405
 8.142
 7.887
 7.640
 7.400
 7.169
 6.944
 6.727
 6.518
 6.315
 6.120
 5.931
 5.749
 5.573
 5.404
 5.240
 5.083
 4.931
 4.785
 4.644
 4.508
 4.377
 4.251
 4.129
 4.012
 3.898
 3.789
 3.684
 3.583
 3.485
 3.391
 3.300
 3.212
 3.127
 3.046
 2.967
 2.891
 2.817
 2.746
 2.678
 2.611
 2.547
 2.485
 2.426
 2.368
 2.312
 2.258
 2.205
 2.155
 2.106
 2.058
 2.012
 1.968
 1.925
 1.883
 1.842
 1.803
 1.765
 1.728
 1.693
 1.658
 1.624
 1.592
 1.560
 1.529
 1.499
 1.470
 1.442
 1.415
 1.388
 1.362
 1.337
 1.313
 1.289
 1.266
 1.244
 1.222
 1.201
 1.180
 1.160
 1.140
 1.121
 1.103
 1.085
 1.067
 1.050
 1.033
 1.017
 1.001
 0.986
 0.970
 0.956
 0.941
 0.927
 0.914
 0.900
 0.887
 0.875
 0.862
 0.850
 0.838
 0.827
 0.816
 0.805
 0.794
 0.784
 0.773
 0.763
 9.883
 7.980
 6.577
 5.513
 4.688
 4.035
 3.509
 3.080
 2.725
 2.428
 2.178
 1.965
 1.782
 1.624
 1.486
 1.366
 1.260
 1.166
 1.083
 1.009
 0.943
 0.884
 0.830
 0.782
 0.738
 0.698
 0.662
 0.628
 0.598
 0.570
 0.545
 0.521
 0.499
 0.479
 0.461
 0.443
 0.427
 0.412
 0.398
 0.385
 0.373
 0.361
 0.350
 0.340
 0.330
 0.321
 0.312
 0.304
 0.296
 0.289
 0.281
 0.274
 0.268
 0.261
 0.255
 0.249
 0.243
 0.238
 0.232
 0.227
 0.222
 0.217
 0.212
 0.207
 0.202
 0.198
 0.194
 0.189
 0.185
 0.181
 0.177
 0.173
 0.169
 0.165
 0.161
 0.158
 0.154
 0.151
 0.147
 0.144
 0.141
 0.137
 0.134
 0.131
 0.128
 0.125
 0.122
 0.119
 0.117
 0.114
 0.111
 0.109
 0.106
 0.103
 0.101
 0.099
 0.096
 0.094
 0.092
 0.090
 0.087
 0.085
 0.083
 0.081
 0.079
 0.077
 0.076
 0.074
 0.072
 0.070
 0.069
 0.067
 0.066
 0.064
 0.063
 0.061
 0.060
 0.058
 0.057
 0.056
 0.054
 0.053
 0.052
 0.051
 0.050
 0.049
 0.048
 0.047
 0.046
 0.045
 0.044
 0.043
 0.042
 0.041
 0.040
 0.040
 0.039
 0.038
 0.037
 0.037
 0.036
 0.035
 0.035
 0.034
 0.033
 0.033
 0.032
 0.032
 0.031
 0.031
 0.030
 0.030
 0.029
 0.029
 0.029
 0.028
 0.028
 0.027
 0.027
 0.027
 0.026
 0.026
 0.026
 0.026
 0.025
 0.025
 0.025
 0.024
 0.024
 0.024
 0.024
 0.023
 0.023
 0.023
 0.023
 0.023
 0.022
 0.022
 0.022
 0.022
 0.022
 0.022
 0.021
 0.021
 0.021
 0.021
 0.021
 0.021
 0.021
 0.021
 0.020
 0.020
 0.020
 0.020
 0.020
 0.020
 0.020
 0.020
 0.020
 0.019
 0.019
 0.019
 0.019
 0.019
 0.019
 0.019
 0.019
 0.019
 0.019
 0.019
 0.019
 0.017
 0.017
 0.017
 0.017
 0.017
 0.017
 0.017
 0.017
 0.017
 0.017
 0.018
 0.018
 0.018
 0.018
 0.018
 0.018
 0.018
 0.018
 0.018
 0.018
 0.018
 0.018
 0.018
 0.018
 0.018
 0.018
 0.018
 0.017
 0.017
 0.017
 0.017
 0.017
 0.017
 0.017
 0.017
 0.017
 0.017
 0.017
 0.017
 0.017
 0.017
 0.017
 0.017
 0.017
 0.017
 0.017
 0.017
 0.017
 0.017
 0.017
 0.017
 0.017
 0.017
 0.017
 0.017
 0.017
 0.016
 0.016
 0.016
 0.016
 0.016
 0.016
 0.016
 0.016
 0.016
 0.016
 0.016
 0.016
 0.016
 0.016
 0.016
 0.016
 0.016
 0.016
 0.016
 0.016
 0.016
 0.016
 0.016
 0.016
 0.016
 0.015
 0.015
 0.015
 0.015
 0.015
 0.015
 0.015
 0.015
 0.015
 0.015
 0.015
 0.015
 0.015
 0.015
 0.015
 0.015
 0.015
 0.015
 0.015
 0.015
 0.015
 0.015
 0.015
 0.015
 0.015
 0.014
 0.014
 0.014
 0.014
 0.014
 0.014
 0.014
 0.014
 0.014
 0.014
 0.014
 0.014
 0.014
 0.014
 0.014
 0.014
 0.014
 0.014
 0.014
 0.014
 0.014
 0.014
 0.014
 0.014
 0.014
 0.014
 0.014
 0.014
 0.013
 0.013
 0.013
 0.013
 0.013
 0.013
 0.013
 0.013
 0.013
 0.013
 0.013
 0.013
 0.013
 0.013
 0.013
 0.013
 0.013
 0.013
 0.013
 0.013
 0.013
 0.013
 0.013
 0.013
 0.013
 0.013
 0.013
 0.013
 0.013
 0.013
 0.013
 0.012
 0.012
 0.012
 0.012
 0.012
 0.012
 0.373
 0.661
 0.680
 0.673
 0.374
 0.374
 0.373
 0.373
 0.372
 0.372
 0.372
 0.371
 0.371
 0.370
 0.370
 0.369
 0.369
 0.368
 0.368
 0.367
 0.367
 0.366
 0.362
 0.224
 0.008
 0.152
 0.246
 0.308
 0.358
 0.395
 0.420
 0.434
 0.442
 0.444
 0.443
 0.438
 0.431
 0.422
 0.412
 0.401
 0.390
 0.378
 0.366
 0.354
 0.343
 0.331
 0.320
 0.308
 0.298
 0.287
 0.277
 0.267
 0.257
 0.248
 0.239
 0.230
 0.221
 0.213
 0.205
 0.198
 0.191
 0.184
 0.177
 0.170
 0.164
 0.158
 0.152
 0.146
 0.141
 0.136
 0.131
 0.126
 0.121
 0.117
 0.113
 0.108
 0.104
 0.100
 0.097
 0.093
 0.090
 0.086
 0.083
 0.080
 0.077
 0.074
 0.072
 0.069
 0.066
 0.064
 0.062
 0.059
 0.057
 0.055
 0.053
 0.051
 0.049
 0.047
 0.046
 0.044
 0.042
 0.041
 0.039
 0.038
 0.036
 0.035
 0.034
 0.032
 0.031
 0.030
 0.029
 0.028
 0.027
 0.026
 0.025
 0.024
 0.023
 0.022
 0.021
 0.021
 0.020
 0.019
 0.018
 0.018
 0.017
 0.016
 0.016
 0.015
 0.015
 0.014
 0.014
 0.013
 0.013
 0.012
 0.012
 0.011
 0.011
 0.010
 0.010
 0.010
 0.009
 0.009
 0.009
 0.008
 0.008
 0.008
 0.007
 0.007
 0.007
 0.007
 0.006
 0.006
 0.006
 0.006
 0.006
 0.005
 0.005
 0.005
 0.005
 0.005
 0.004
 0.004
 0.004
 0.004
 0.004
 0.004
 0.004
 0.003
 0.003
 0.003
 0.003
 0.003
 0.003
 0.003
 0.003
 0.003
 0.002
 0.002
 0.002
 0.002
 0.002
 0.002
 0.002
 0.002
 0.002
 0.002
 0.002
 0.002
 0.002
 0.001
 0.001
 0.001
 0.001
 0.001
 0.001
 0.001
 0.001
 0.001
 0.001
 0.001
 0.001
 0.001
 0.001
 0.001
 0.001
 0.001
 0.001
 0.001
 0.001
 0.001
 0.001
 0.001
 0.001
 0.001
 0.001
 0.001
 0.001
 0.001
 0.000
 0.000
 0.000
 0.000
 0.000
 0.000
 0.000
 0.000
 0.000
 0.000
 0.151
 0.238
 0.251
 0.264
 0.276
 0.287
 0.299
 0.310
 0.321
