6000.000
6000.591
6001.183
6001.776
6002.369
6002.963
6003.558
6004.154
6004.751
6005.348
6005.946
6006.545
6007.145
5950.182
5943.702
5939.935
5937.189
5934.968
5933.055
5931.335
5929.739
5928.222
5926.750
5925.300
5923.851
5922.389
5920.898
5919.367
5917.785
5916.139
5914.421
5912.619
5910.723
5908.723
5906.606
5904.363
5901.981
5899.448
5896.751
5893.875
5890.806
5887.528
5884.025
5880.279
5876.270
5871.979
5867.383
5862.461
5857.186
5851.533
5845.473
5838.976
5832.011
5824.543
5816.536
5807.950
5798.746
5788.880
5778.305
5766.972
5754.831
5741.827
5727.903
5712.999
5697.054
5680.002
5661.775
5642.305
5621.519
5599.344
5575.705
5550.526
5523.731
5495.244
5464.989
5432.893
5398.885
5362.896
5324.865
5284.733
5242.449
5197.970
5151.262
5102.301
5051.075
4997.584
4941.841
4883.873
4823.724
4761.449
4697.124
4630.835
4562.687
4492.796
4421.295
4348.327
4274.046
4198.617
4122.210
4045.002
3967.174
3888.909
3810.386
3731.786
3653.284
3575.048
3497.240
3420.013
3343.511
3267.866
3193.199
3119.620
3047.228
2976.109
2906.337
2837.977
2771.081
2705.691
2641.840
2579.552
2518.841
2459.716
2402.177
2346.219
2291.831
2238.996
2187.695
2137.904
2089.596
2042.742
1997.309
1953.264
1910.574
1869.202
1829.111
1790.266
1752.629
1716.163
1680.831
1646.598
1613.427
1581.283
1550.131
1519.938
1490.669
1462.294
1434.781
1408.098
1382.218
1357.110
1332.748
1309.105
1286.154
1263.871
1242.232
1221.213
1200.793
1180.949
1161.662
1142.911
1124.678
1106.943
1089.689
1072.900
1056.558
1040.649
1025.156
1010.067
995.366
981.041
967.078
953.466
940.192
927.246
914.616
902.292
890.263
878.521
867.056
855.858
844.920
834.233
823.789
813.580
803.600
793.840
784.295
774.958
765.822
756.881
748.131
739.564
731.175
722.960
714.913
707.030
699.305
691.735
684.315
677.040
669.908
662.913
656.052
649.322
642.718
636.238
629.879
623.637
617.508
611.491
605.583
599.779
594.079
588.479
582.977
580.542
