 0.000
125000.000
2819.078
123973.509
5638.156
122946.153
8457.234
121917.933
11276.313
120888.848
14095.391
119858.897
16914.469
118828.080
19733.547
117796.397
22552.625
116763.846
25371.703
115730.428
28190.782
114696.142
31009.860
113660.987
33828.938
112624.963
36629.281
111599.529
39421.609
110578.122
42211.564
109557.292
44999.869
108536.599
47786.843
107515.847
50572.662
106494.929
53357.433
105473.779
56141.223
104452.356
58924.076
103430.633
61706.018
102408.593
64487.063
101386.228
67267.215
100363.534
70046.473
99340.514
72824.826
98317.171
75602.259
97293.517
78378.753
96269.562
81154.281
95245.322
83928.815
94220.815
86702.321
93196.062
89474.758
92171.085
92246.085
91145.912
95016.254
90120.573
97785.211
89095.098
100552.898
88069.524
103319.253
87043.889
106084.208
86018.236
108847.686
84992.609
111609.609
83967.059
114369.888
82941.640
117128.430
81916.409
119885.132
80891.429
122639.885
79866.768
125392.570
78842.498
128143.061
77818.699
130891.221
76795.454
133636.901
75772.854
136379.944
74750.997
139120.180
73729.989
141857.425
72709.942
144591.483
71690.976
147322.144
70673.224
150049.181
69656.822
152772.353
68641.922
155491.399
67628.682
158206.042
66617.274
160915.985
65607.881
163620.908
64600.699
166320.473
63595.937
169014.316
62593.816
171702.050
61594.575
174383.262
60598.466
177057.512
59605.758
179724.335
58616.735
182383.232
57631.699
185033.678
56650.971
187675.114
55674.888
190306.952
54703.806
192928.567
53738.101
195539.306
52778.165
198138.476
51824.413
200725.354
50877.275
203299.182
49937.200
205859.167
49004.657
208404.486
48080.129
210934.282
47164.115
213447.667
46257.131
215943.727
45359.702
218421.520
44472.366
220880.082
43595.668
223318.430
42730.161
225735.566
41876.398
228130.478
41034.933
230502.152
40206.315
232849.570
39391.085
235171.723
38589.775
237467.610
37802.898
239736.251
37030.949
241976.688
36274.397
244187.998
35533.684
246369.293
34809.221
248519.732
34101.382
250638.524
33410.500
252724.936
32736.869
254778.297
32080.736
256798.003
31442.302
258783.522
30821.719
260734.397
30219.090
262650.249
29634.469
264530.777
29067.859
266375.759
28519.216
268185.055
27988.448
269958.602
27475.416
271696.416
26979.941
273398.586
26501.802
275065.274
26040.739
276696.709
25596.461
278293.185
25168.643
279855.054
24756.934
281382.726
24360.961
282876.658
23980.326
284337.352
23614.619
285765.351
23263.415
287161.233
22926.277
288525.603
22602.763
289859.096
22292.424
291162.364
21994.811
292436.076
21709.476
293680.915
21435.970
294897.572
21173.851
296086.743
20922.683
297249.127
20682.035
298385.421
20451.488
299496.321
20230.629
300582.517
20019.057
301644.690
19816.382
302683.515
19622.225
303699.655
19436.220
304693.762
19258.011
305666.473
19087.256
306618.415
18923.624
307550.199
18766.798
308462.421
18616.471
309355.662
18472.350
310230.487
18334.152
311087.447
18201.608
311927.075
18074.457
312749.891
17952.452
313556.397
17835.355
314347.081
17722.937
315122.414
17614.983
315882.853
17511.284
316628.842
17411.640
317360.806
17315.864
318079.161
17223.773
318784.304
17135.194
319476.624
17049.961
320156.492
16967.919
320824.268
16888.914
321480.302
16812.805
322124.928
16739.453
322758.471
16668.727
323381.244
16600.503
323993.550
16534.661
324595.680
16471.087
325187.916
16409.672
325770.530
16350.313
326343.785
16292.910
326907.933
16237.367
327463.221
16183.595
328009.883
16131.508
328548.149
16081.021
329078.238
16032.057
329600.364
15984.539
330114.733
15938.396
330621.542
15893.558
331120.985
15849.959
331613.247
15807.535
332098.506
15766.227
332576.938
15725.976
333048.709
15686.727
333513.981
15648.427
333972.912
15611.024
334425.653
15574.470
334872.351
15538.718
335313.149
15503.724
335748.183
15469.444
336177.587
15435.837
336601.491
15402.865
337020.018
15370.487
337433.291
15338.670
337841.425
15307.377
338244.535
15276.574
338642.732
15246.231
339036.121
15216.315
339424.807
15186.798
339808.889
15157.650
340188.465
15128.845
340563.630
15100.355
340934.476
15072.156
341301.090
15044.223
341663.561
15016.532
342021.971
14989.062
342376.402
14961.790
342726.934
14934.695
343073.643
14907.758
343416.604
14880.958
343755.889
14854.278
344091.570
14827.699
344423.714
14801.204
344752.389
14774.776
345077.660
14748.400
345399.589
14722.059
345718.237
14695.739
346033.666
14669.426
346345.933
14643.105
346655.094
14616.763
346961.205
14590.388
347264.320
14563.966
347564.491
14537.486
347861.768
14510.936
348156.201
14484.305
348447.840
14457.582
348736.730
14430.757
349022.918
14403.820
349306.449
14376.761
349587.366
14349.570
349865.712
14322.239
350141.529
14294.758
350414.856
14267.120
350685.735
14239.317
350954.202
14211.339
351220.296
14183.181
351484.054
14154.834
351745.511
14126.291
352004.703
14097.546
352261.664
14068.592
352516.427
14039.422
352769.025
14010.031
353019.489
13980.412
353267.851
13950.560
353514.142
13920.469
353758.391
13890.135
354000.626
13859.550
354240.878
13828.712
354479.173
13797.614
354715.538
13766.253
354950.001
13734.623
355182.587
13702.721
355406.208
13671.587
355606.322
13642.905
355786.859
13616.152
355951.267
13590.908
356102.158
13566.857
356241.556
13543.751
356371.062
13521.396
356491.963
13499.636
356605.310
13478.342
356711.972
13457.411
356812.676
13436.754
356908.033
13416.296
356998.567
13395.975
357084.727
13375.738
357166.901
13355.536
357245.426
13335.331
357320.599
13315.087
357392.680
13294.774
357461.900
13274.364
357528.464
13253.833
357592.555
13233.161
357654.338
13212.329
357713.960
13191.321
357771.554
13170.121
357827.241
13148.718
357881.131
13127.099
357933.324
13105.254
357983.911
13083.175
358032.975
13060.852
358080.593
13038.280
358126.836
13015.452
358171.767
12992.363
358215.448
12969.008
358257.934
12945.384
358299.276
12921.487
358339.521
12897.314
358378.715
12872.864
358416.898
12848.135
358454.110
12823.126
358490.385
12797.836
358525.758
12772.265
358560.261
12746.413
358593.923
12720.282
358626.772
12693.871
358658.834
12667.182
358690.135
12640.217
358720.697
12612.977
358750.543
12585.465
358779.694
12557.684
358808.169
12529.635
358835.988
12501.323
358863.168
12472.749
358889.727
12443.918
358915.680
12414.833
358941.044
12385.497
358965.833
12355.915
358990.061
12326.091
359013.743
12296.029
359036.891
12265.733
359059.518
12235.208
359081.636
12204.458
359103.257
12173.488
359124.392
12142.303
359145.052
12110.907
359165.248
12079.306
359184.989
12047.504
359204.286
12015.507
359223.148
11983.319
359241.585
11950.946
359259.606
11918.393
359277.219
11885.664
359294.433
11852.765
359311.257
11819.701
359327.699
11786.477
359343.766
11753.098
359359.466
11719.569
359374.808
11685.896
359389.798
11652.083
359404.444
11618.135
359418.752
11584.058
359432.731
11549.855
359446.386
11515.532
359459.724
11481.094
359472.753
11446.545
359485.477
11411.890
359497.905
11377.133
359510.041
11342.280
359521.893
11307.333
359533.465
11272.299
359544.764
11237.180
359555.795
11201.982
359566.565
11166.708
359577.078
11131.363
359587.340
11095.950
359597.357
11060.473
359607.134
11024.935
359616.675
10989.342
359625.986
10953.696
359635.072
10918.000
359643.938
10882.259
359652.588
10846.476
359661.028
10810.653
359669.261
10774.794
359677.293
10738.902
359685.128
10702.981
359692.770
10667.032
359700.223
10631.059
359707.492
10595.065
359714.580
10559.053
359721.493
10523.024
359728.233
10486.981
359734.805
10450.928
359741.213
10414.866
359747.460
10378.797
359753.550
10342.724
359759.486
10306.649
359765.272
10270.575
359770.912
10234.502
359776.409
10198.433
359781.767
10162.370
359786.987
10126.314
359792.075
10090.268
359797.032
10054.233
359801.863
10018.211
359806.569
9982.203
359811.154
9946.211
359815.621
9910.236
359819.972
9874.279
359824.211
9838.343
359828.340
9802.427
359832.362
9766.535
359836.279
9730.665
359840.093
9694.821
359843.808
9659.003
359847.426
9623.211
359850.949
9587.447
359854.379
9551.713
359857.719
9516.008
359860.971
9480.334
359864.137
9444.691
359867.219
9409.081
359870.220
9373.504
359873.140
9337.961
359875.984
9302.452
359878.751
9266.979
359881.444
9231.541
359884.066
9196.140
359886.617
9160.776
359889.100
9125.450
359891.516
9090.162
359893.868
9054.912
359896.155
9019.702
359898.381
8984.531
359900.547
8949.400
359902.654
8914.309
359904.705
8879.260
359906.699
8844.251
359908.639
8809.284
359910.526
8774.358
359912.362
8739.475
359914.148
8704.634
359915.885
8669.836
359917.574
8635.080
359919.217
8600.368
359920.814
8565.699
359922.368
8531.073
359923.879
8496.491
359925.348
8461.953
359926.776
8427.459
359928.165
8393.009
359929.516
8358.604
359930.829
8324.243
359932.105
8289.926
359933.346
8255.654
359934.552
8221.427
359935.725
8187.244
359936.865
8153.107
359937.973
8119.014
359939.050
8084.967
359940.096
8050.964
359941.114
8017.007
359942.102
7983.094
359943.063
7949.227
359943.996
7915.405
359944.904
7881.628
359945.785
7847.896
359946.642
7814.210
359947.474
7780.568
359948.282
7746.972
359949.068
7713.421
359949.831
7679.915
359950.573
7646.454
359951.293
7613.038
359951.992
7579.667
359952.672
7546.341
359953.332
7513.060
359953.973
7479.824
359954.596
7446.632
359955.201
7413.486
359955.788
7380.384
359956.359
7347.327
359956.912
7314.314
359957.450
7281.346
359957.973
7248.422
359958.480
7215.543
359958.972
7182.708
359959.450
7149.917
359959.914
7117.170
359960.365
7084.468
359960.803
7051.809
359961.227
7019.195
359961.639
6986.624
359962.040
6954.093
359962.428
6921.603
359962.805
6889.153
359963.171
6856.744
359963.527
6824.376
359963.872
6792.049
359964.206
6759.764
359964.531
6727.520
359964.846
6695.318
359965.152
6663.158
359965.449
6631.040
359965.737
6598.964
359966.017
6566.930
359966.288
6534.938
359966.551
6502.989
359966.806
6471.082
359967.054
6439.218
359967.294
6407.396
359967.527
6375.617
359967.753
6343.880
359967.972
6312.186
359968.185
6280.535
359968.391
6248.926
359968.591
6217.360
359968.785
6185.836
359968.973
6154.355
359969.155
6122.917
359969.332
6091.521
359969.504
6060.167
359969.670
6028.857
359969.831
5997.588
359969.987
5966.362
359970.139
5935.178
359970.286
5904.036
359970.428
5872.937
359970.566
5841.880
359970.700
5810.865
359970.830
5779.892
359970.956
5748.961
359971.077
5718.071
359971.195
5687.224
359971.310
5656.418
359971.421
5625.654
359971.528
5594.931
359971.632
5564.250
359971.733
5533.611
359971.831
5503.012
359971.926
5472.455
359972.018
5441.939
359972.106
5411.464
359972.193
5381.030
359972.276
5350.637
359972.357
5320.285
359972.435
5289.973
359972.511
5259.702
359972.584
5229.472
359972.656
5199.281
359972.724
5169.132
359972.791
5139.022
359972.856
5108.952
359972.918
5078.923
359972.979
5048.933
359973.038
5018.983
359973.094
4989.073
359973.149
4959.202
359973.203
4929.371
359973.254
4899.580
359973.304
4869.827
359973.352
4840.114
359973.399
4810.440
359973.445
4780.805
359973.488
4751.209
359973.531
4721.652
359973.572
4692.133
359973.612
4662.653
359973.650
4633.212
359973.687
4603.809
359973.723
4574.444
359973.758
4545.118
359973.792
4515.829
359973.824
4486.579
359973.856
4457.366
359973.887
4428.192
359973.916
4399.055
359973.945
4369.956
359973.972
4340.894
359973.999
4311.869
359974.025
4282.882
359974.050
4253.933
359974.074
4225.020
359974.098
4196.144
359974.120
4167.305
359974.142
4138.504
359974.164
4109.738
359974.184
4081.010
359974.204
4052.318
359974.223
4023.663
359974.242
3995.043
359974.259
3966.461
359974.277
3937.914
359974.294
3909.403
359974.310
3880.929
359974.325
3852.490
359974.340
3824.087
359974.355
3795.720
359974.369
3767.388
359974.383
3739.092
359974.396
3710.832
359974.409
3682.606
359974.421
3654.416
359974.433
3626.262
359974.445
3598.142
359974.456
3570.057
359974.467
3542.007
359974.477
3513.992
359974.487
3486.011
359974.497
3458.066
359974.506
3430.154
359974.515
3402.277
359974.524
3374.435
359974.532
3346.627
359974.541
3318.853
359974.549
3291.113
359974.556
3263.407
359974.564
3235.735
359974.571
3208.097
359974.577
3180.492
359974.584
3152.921
359974.591
3125.384
359974.597
3097.881
359974.603
3070.410
359974.608
3042.973
359974.614
3015.570
359974.619
2988.199
359974.625
2960.862
359974.630
2933.557
359974.634
2906.286
359974.639
2879.047
359974.644
2851.841
359974.648
2824.668
359974.652
2797.527
359974.656
2770.419
359974.660
2743.343
359974.664
2716.299
359974.668
2689.288
359974.671
2662.309
359974.675
2635.362
359974.678
2608.447
359974.681
2581.564
359974.684
2554.713
359974.687
2527.894
359974.690
2501.107
359974.693
2474.351
359974.695
2447.626
359974.698
2420.933
359974.700
2394.272
359974.703
2367.642
359974.705
2341.043
359974.707
2314.475
359974.709
2287.939
359974.711
2261.433
359974.713
2234.958
359974.715
2208.515
359974.717
2182.102
359974.719
2155.720
359974.721
2129.368
359974.722
2103.047
359974.724
2076.757
359974.725
2050.497
359974.727
2024.267
359974.728
1998.065
359974.730
1971.492
359974.731
1945.942
359974.732
1922.059
359974.733
1898.986
359974.734
1875.072
359974.735
1850.242
359974.737
1824.497
359974.738
1797.837
359974.739
1770.264
359974.740
1741.779
359974.741
1712.382
359974.742
1682.075
359974.743
1650.859
359974.744
1618.734
359974.745
1585.703
359974.746
1551.766
359974.747
1516.924
359974.748
1481.179
359974.749
1444.532
359974.751
1406.985
359974.752
1368.538
359974.753
1329.194
359974.754
1288.994
359974.755
1248.259
359974.756
1207.493
359974.757
1167.091
359974.758
1127.289
359974.759
1088.242
359974.760
1050.072
359974.760
1012.869
359974.761
976.694
359974.762
941.584
359974.763
907.557
359974.763
874.619
359974.764
842.766
359974.765
811.986
359974.765
782.263
359974.766
753.574
359974.766
725.895
359974.767
699.201
359974.767
673.462
359974.767
648.650
359974.768
624.736
359974.768
601.692
359974.768
579.488
359974.769
558.095
359974.769
537.486
359974.769
517.634
359974.769
498.511
359974.770
480.092
359974.770
462.351
359974.770
445.264
359974.770
428.807
359974.770
412.957
359974.770
397.692
359974.771
382.991
359974.771
368.833
359974.771
355.198
359974.771
342.066
359974.771
329.420
359974.771
317.242
359974.771
305.513
359974.771
294.218
359974.771
283.340
359974.771
272.865
359974.771
262.777
359974.771
253.062
359974.771
243.706
359974.771
234.695
359974.771
226.018
359974.771
217.662
359974.771
209.615
359974.771
201.865
359974.771
194.402
359974.771
187.215
359974.771
180.294
359974.771
173.628
359974.771
167.209
359974.771
161.027
359974.771
155.074
359974.771
149.341
359974.771
143.820
359974.771
138.503
359974.771
133.383
359974.771
128.452
359974.771
123.703
359974.771
119.130
359974.771
114.726
359974.771
110.485
359974.771
106.401
359974.771
102.467
359974.771
98.679
359974.771
95.031
359974.771
91.519
359974.771
88.135
359974.771
84.877
359974.771
81.740
359974.771
78.718
359974.771
75.809
359974.771
73.006
359974.771
70.308
359974.771
67.709
359974.771
65.206
359974.771
62.796
359974.771
60.475
359974.771
58.239
359974.771
56.087
359974.771
54.014
359974.771
52.017
359974.771
50.095
359974.771
48.243
359974.771
46.460
359974.771
44.743
359974.771
43.090
359974.771
41.497
359974.771
39.964
359974.771
38.487
359974.771
37.064
359974.771
35.695
359974.771
34.376
359974.771
33.105
359974.771
31.882
359974.771
30.704
359974.771
29.569
359974.771
28.477
359974.771
27.425
359974.771
26.411
359974.771
25.435
359974.771
24.496
359974.771
23.591
359974.771
22.719
359974.771
21.880
359974.771
21.072
359974.771
20.293
359974.771
19.544
359974.771
18.822
359974.771
18.127
359974.771
17.457
359974.771
16.812
359974.771
16.191
359974.771
15.594
359974.771
15.018
359974.771
14.463
359974.771
13.929
359974.771
13.415
359974.771
12.920
359974.771
12.443
359974.771
11.983
359974.771
11.541
359974.771
11.115
359974.771
10.705
359974.771
10.310
359974.771
 9.929
359974.771
 9.563
359974.771
 9.210
359974.771
 8.870
359974.771
 8.543
359974.771
 8.228
359974.771
 7.924
359974.771
 7.632
359974.771
 7.351
359974.771
 7.080
359974.771
 6.818
359974.771
 6.567
359974.771
 6.325
359974.771
 6.092
359974.771
 5.867
359974.771
 5.651
359974.771
 5.443
359974.771
 5.242
359974.771
 5.049
359974.771
 4.863
359974.771
 4.684
359974.771
 4.512
359974.771
 4.346
359974.771
 4.186
359974.771
 4.032
359974.771
 3.883
359974.771
 3.741
359974.771
 3.603
359974.771
 3.471
359974.771
 3.343
359974.771
 3.220
359974.771
 3.102
359974.771
 2.988
359974.771
 2.878
359974.771
 2.772
359974.771
 2.671
359974.771
 2.573
359974.771
 2.478
359974.771
 2.387
359974.771
 2.300
359974.771
 2.216
359974.771
 2.134
359974.771
 2.056
359974.771
 1.981
359974.771
 1.908
359974.771
 1.839
359974.771
 1.771
359974.771
 1.707
359974.771
 1.644
359974.771
 1.584
359974.771
 1.526
359974.771
 1.471
359974.771
 1.417
359974.771
 1.365
359974.771
 1.316
359974.771
 1.268
359974.771
 1.222
359974.771
 1.177
359974.771
 1.134
359974.771
 1.093
359974.771
 1.053
359974.771
 1.015
359974.771
 0.978
359974.771
 0.943
359974.771
 0.909
359974.771
 0.876
359974.771
 0.844
359974.771
 0.814
359974.771
 0.785
359974.771
 0.756
359974.771
 0.729
359974.771
 0.703
359974.771
 0.678
359974.771
 0.653
359974.771
 0.630
359974.787
 0.577
359974.809
 0.510
359974.834
 0.442
359974.859
 0.376
359974.885
 0.310
359974.912
 0.245
359974.940
 0.182
359974.969
 0.119
359974.998
 0.057
