5638.156
-2052.119
5638.156
-2053.847
5638.156
-2055.575
5638.156
-2057.305
5638.156
-2059.036
5638.156
-2060.767
5638.156
-2062.500
5638.156
-2064.234
5638.156
-2065.968
5638.156
-2067.704
5638.156
-2069.441
5638.156
-2071.179
5638.156
-2072.917
5588.076
-2044.033
5581.916
-2042.013
5578.116
-2041.434
5575.204
-2041.399
5572.749
-2041.643
5570.562
-2042.051
5568.543
-2042.562
5566.632
-2043.140
5564.788
-2043.759
5562.984
-2044.403
5561.197
-2045.059
5559.412
-2045.715
5557.615
-2046.365
5555.792
-2047.000
5553.934
-2047.614
5552.031
-2048.200
5550.073
-2048.754
5548.052
-2049.268
5545.957
-2049.738
5543.780
-2050.158
5541.512
-2050.523
5539.144
-2050.826
5536.665
-2051.061
5534.065
-2051.222
5531.333
-2051.303
5528.459
-2051.296
5525.429
-2051.193
5522.232
-2050.988
5518.853
-2050.670
5515.279
-2050.232
5511.493
-2049.664
5507.479
-2048.956
5503.221
-2048.097
5498.698
-2047.074
5493.891
-2045.876
5488.778
-2044.490
5483.337
-2042.901
5477.544
-2041.095
5471.371
-2039.054
5464.792
-2036.763
5457.776
-2034.202
5450.293
-2031.353
5442.308
-2028.195
5433.785
-2024.707
5424.688
-2020.864
5414.976
-2016.642
5404.605
-2012.017
5393.533
-2006.960
5381.710
-2001.443
5369.088
-1995.437
5355.614
-1988.910
5341.234
-1981.829
5325.890
-1974.162
5309.524
-1965.873
5292.073
-1956.927
5273.476
-1947.287
5253.666
-1936.915
5232.578
-1925.775
5210.144
-1913.828
5186.295
-1901.037
5160.964
-1887.365
5134.083
-1872.776
5105.585
-1857.236
5075.405
-1840.711
5043.481
-1823.172
5009.754
-1804.591
4974.170
-1784.946
4936.680
-1764.216
4897.241
-1742.389
4855.819
-1719.455
4812.386
-1695.413
4766.925
-1670.266
4719.430
-1644.026
4669.907
-1616.714
4618.370
-1588.356
4564.851
-1558.988
4509.392
-1528.654
4452.050
-1497.407
4392.893
-1465.306
4332.007
-1432.421
4269.485
-1398.826
4205.438
-1364.603
4139.985
-1329.839
4073.256
-1294.626
4005.390
-1259.060
3936.534
-1223.238
3866.841
-1187.259
3796.466
-1151.224
3725.570
-1115.230
3654.312
-1079.373
3582.851
-1043.747
3511.343
-1008.439
3439.942
-973.534
3368.792
-939.110
3298.035
-905.238
3227.803
-871.984
3158.219
-839.405
3089.397
-807.554
3021.443
-776.474
2954.451
-746.201
2888.506
-716.767
2823.683
-688.196
2760.045
-660.504
2697.649
-633.703
2636.540
-607.801
2576.755
-582.799
2518.323
-558.693
2461.265
-535.478
2405.595
-513.142
2351.322
-491.674
2298.446
-471.056
2246.963
-451.271
2196.867
-432.299
2148.143
-414.119
2100.776
-396.707
2054.746
-380.042
2010.031
-364.098
1966.607
-348.852
1924.448
-334.279
1883.525
-320.354
1843.809
-307.053
1805.271
-294.352
1767.880
-282.226
1731.604
-270.653
1696.413
-259.610
1662.274
-249.075
1629.157
-239.025
1597.030
-229.441
1565.862
-220.301
1535.623
-211.586
1506.283
-203.278
1477.813
-195.358
1450.184
-187.809
1423.367
-180.614
1397.337
-173.757
1372.065
-167.224
1347.527
-160.998
1323.696
-155.067
1300.550
-149.417
1278.063
-144.035
1256.214
-138.909
1234.980
-134.027
1214.340
-129.379
1194.274
-124.953
1174.761
-120.740
1155.783
-116.731
1137.320
-112.915
1119.356
-109.285
1101.872
-105.831
1084.853
-102.547
1068.283
-99.425
1052.146
-96.457
1036.427
-93.637
1021.113
-90.959
1006.189
-88.416
991.644
-86.002
977.463
-83.712
963.634
-81.540
950.147
-79.482
936.990
-77.532
924.152
-75.687
911.622
-73.941
899.391
-72.290
887.449
-70.731
875.787
-69.260
864.395
-67.873
853.265
-66.567
842.390
-65.338
831.760
-64.183
821.368
-63.099
811.208
-62.084
801.271
-61.135
791.551
-60.249
782.041
-59.423
772.735
-58.656
763.627
-57.944
754.710
-57.287
745.980
-56.681
737.431
-56.124
729.057
-55.616
720.853
-55.154
712.815
-54.736
704.937
-54.360
697.215
-54.026
689.645
-53.731
682.222
-53.474
674.943
-53.253
667.802
-53.068
660.797
-52.917
653.924
-52.799
647.178
-52.712
640.558
-52.656
634.058
-52.629
627.676
-52.630
621.409
-52.658
615.254
-52.713
609.208
-52.793
603.268
-52.898
597.431
-53.026
591.694
-53.177
586.056
-53.350
580.513
-53.544
575.063
-53.759
569.704
-53.993
564.434
-54.247
559.249
-54.519
554.149
-54.809
549.131
-55.116
544.193
-55.439
539.333
-55.778
534.549
-56.133
529.840
-56.503
525.203
-56.887
520.638
-57.286
516.141
-57.697
511.713
-58.122
507.350
-58.559
503.052
-59.008
498.816
-59.469
494.643
-59.941
490.529
-60.424
486.475
-60.918
482.478
-61.421
478.537
-61.935
474.651
-62.458
470.819
-62.990
467.040
-63.530
463.312
-64.080
422.671
-59.644
379.328
-55.275
343.955
-51.876
314.540
-49.203
289.694
-47.085
268.429
-45.403
250.022
-44.068
233.932
-43.015
219.746
-42.192
207.144
-41.562
195.873
-41.092
185.731
-40.759
176.556
-40.542
168.213
-40.425
160.594
-40.394
153.606
-40.438
147.172
-40.548
141.229
-40.715
135.720
-40.933
130.598
-41.196
125.822
-41.498
121.358
-41.835
117.174
-42.203
113.243
-42.599
109.543
-43.019
106.051
-43.461
102.750
-43.922
99.624
-44.399
96.658
-44.892
93.838
-45.398
91.153
-45.915
88.594
-46.443
86.149
-46.978
83.811
-47.521
81.572
-48.069
79.425
-48.622
77.364
-49.179
75.382
-49.738
73.475
-50.299
71.638
-50.861
69.866
-51.423
68.155
-51.984
66.502
-52.543
64.903
-53.100
63.355
-53.655
61.855
-54.205
60.401
-54.752
58.990
-55.294
57.619
-55.831
56.288
-56.362
54.993
-56.887
53.733
-57.406
52.507
-57.918
51.312
-58.422
50.148
-58.919
49.013
-59.407
47.906
-59.888
46.826
-60.360
45.771
-60.823
44.741
-61.277
43.735
-61.721
42.752
-62.157
41.791
-62.582
40.852
-62.998
39.934
-63.404
39.035
-63.801
38.156
-64.187
37.296
-64.563
36.455
-64.929
35.631
-65.284
34.825
-65.630
34.035
-65.965
33.263
-66.290
32.506
-66.604
31.765
-66.909
31.040
-67.204
30.329
-67.488
29.633
-67.763
28.952
-68.027
28.285
-68.282
27.631
-68.527
26.991
-68.763
26.365
-68.989
25.751
-69.206
25.150
-69.413
24.562
-69.612
23.986
-69.801
23.421
-69.982
22.869
-70.154
22.328
-70.318
21.799
-70.473
21.281
-70.621
20.774
-70.760
20.277
-70.892
19.792
-71.015
19.316
-71.132
18.851
-71.241
18.396
-71.343
17.950
-71.438
17.515
-71.526
17.088
-71.608
16.671
-71.683
16.264
-71.752
15.865
-71.814
15.475
-71.871
15.094
-71.922
14.721
-71.968
14.356
-72.008
14.000
-72.042
13.652
-72.072
13.311
-72.097
12.978
-72.116
12.653
-72.132
12.335
-72.142
12.025
-72.148
11.722
-72.150
11.425
-72.148
11.136
-72.142
10.853
-72.133
10.577
-72.119
10.307
-72.102
10.044
-72.082
 9.787
-72.058
 9.536
-72.031
 9.290
-72.001
 9.051
-71.968
 8.817
-71.932
 8.589
-71.893
 8.367
-71.852
 8.150
-71.809
 7.938
-71.762
 7.731
-71.714
 7.529
-71.663
 7.332
-71.610
 7.140
-71.555
 6.952
-71.499
 6.769
-71.440
 6.591
-71.379
 6.417
-71.317
 6.247
-71.253
 6.082
-71.188
 5.921
-71.121
 5.763
-71.052
 5.610
-70.982
 5.460
-70.911
 5.314
-70.839
 5.172
-70.765
 5.034
-70.690
 4.898
-70.615
 4.767
-70.538
 4.638
-70.460
 4.513
-70.381
 4.391
-70.302
 4.273
-70.222
 4.157
-70.140
 4.044
-70.058
 3.934
-69.976
 3.827
-69.893
 3.723
-69.809
 3.621
-69.724
 3.522
-69.639
 3.426
-69.554
 3.332
-69.468
 3.240
-69.382
 3.151
-69.295
 3.064
-69.208
 2.980
-69.120
 2.897
-69.032
 2.817
-68.944
 2.739
-68.855
 2.663
-68.767
 2.589
-68.678
 2.517
-68.589
 2.447
-68.499
 2.379
-68.410
 2.312
-68.320
 2.247
-68.230
 2.185
-68.140
 2.123
-68.050
 2.064
-67.960
 2.006
-67.870
 1.949
-67.780
 1.894
-67.689
 1.841
-67.599
 1.788
-67.509
 1.738
-67.418
 1.689
-67.328
 1.641
-67.238
 1.594
-67.147
 1.549
-67.057
 1.504
-66.967
 1.461
-66.877
 1.420
-66.787
 1.379
-66.697
 1.340
-66.607
 1.301
-66.517
 1.264
-66.428
 1.227
-66.338
 1.192
-66.248
 1.158
-66.159
 1.124
-66.070
 1.092
-65.981
 1.060
-65.892
 1.029
-65.803
 0.999
-65.714
 0.970
-65.626
 0.942
-65.537
 0.915
-65.449
 0.888
-65.361
 0.862
-65.273
 0.837
-65.185
 0.812
-65.101
 0.789
-65.021
 0.766
-64.940
 0.743
-64.859
 0.721
-64.777
 0.700
-64.695
 0.679
-64.612
 0.659
-64.529
 0.640
-64.446
 0.621
-64.362
 0.603
-64.278
 0.585
-64.194
 0.567
-64.110
 0.551
-64.025
 0.534
-63.941
 0.518
-63.856
 0.503
-63.771
 0.488
-63.686
 0.473
-63.601
 0.459
-63.516
 0.445
-63.431
 0.432
-63.345
 0.419
-63.260
 0.406
-63.175
 0.394
-63.090
 0.382
-63.005
 0.370
-62.919
 0.359
-62.834
 0.348
-62.749
 0.338
-62.664
 0.327
-62.579
 0.317
-62.495
 0.308
-62.410
 0.298
-62.325
 0.289
-62.241
 0.280
-62.157
 0.272
-62.072
 0.263
-61.988
 0.255
-61.904
 0.247
-61.820
 0.240
-61.737
 0.232
-61.653
 0.225
-61.570
 0.218
-61.487
 0.212
-61.404
 0.205
-61.321
 0.199
-61.238
 0.192
-61.155
 0.186
-61.073
 0.181
-60.991
 0.175
-60.909
 0.170
-60.827
 0.164
-60.745
 0.159
-60.664
 0.154
-60.583
 0.149
-60.502
 0.145
-60.421
 0.140
-60.340
 0.136
-60.260
 0.131
-60.179
 0.127
-60.099
 0.123
-60.019
 0.119
-59.940
 0.115
-59.860
 0.112
-59.781
 0.108
-59.702
 0.105
-59.623
 0.101
-59.544
 0.098
-59.465
 0.095
-59.387
 0.092
-59.309
 0.089
-59.231
 0.086
-59.153
 0.083
-59.076
 0.081
-58.998
 0.078
-58.921
 0.076
-58.844
 0.073
-58.768
 0.071
-58.691
 0.069
-58.615
 0.066
-58.539
 0.064
-58.463
 0.062
-58.387
 0.060
-58.312
 0.058
-58.236
 0.056
-58.161
 0.054
-58.086
 0.053
-58.011
 0.051
-57.937
 0.049
-57.862
 0.048
-57.788
 0.046
-57.714
 0.045
-57.641
 0.043
-57.567
 0.042
-57.494
 0.040
-57.420
 0.039
-57.347
 0.038
-57.275
 0.036
-57.202
 0.035
-57.129
 0.034
-57.057
 0.033
-56.985
 0.032
-56.913
 0.031
-56.842
 0.030
-56.770
 0.029
-56.699
 0.028
-56.628
 0.027
-56.557
 0.026
-56.486
 0.025
-56.415
 0.024
-56.345
 0.023
-56.275
 0.023
-56.205
 0.022
-56.135
 0.021
-56.065
 0.020
-55.996
 0.020
-55.926
 0.019
-55.857
 0.018
-55.788
 0.018
-55.719
 0.017
-55.651
 0.017
-55.582
 0.016
-55.514
 0.016
-55.446
 0.015
-55.378
 0.014
-55.310
 0.014
-55.243
 0.014
-55.175
 0.013
-55.108
 0.013
-55.041
 0.012
-54.974
 0.012
-54.907
 0.011
-54.841
 0.011
-54.774
 0.011
-54.708
 0.010
-54.642
 0.010
-54.576
 0.010
-54.510
 0.009
-54.445
 0.009
-54.379
 0.009
-54.314
 0.008
-54.249
 0.008
-54.184
 0.008
-54.119
 0.007
-54.055
 0.007
-53.990
 0.007
-53.926
 0.007
-53.862
 0.006
-53.798
 0.006
-53.734
 0.006
-53.670
 0.006
-53.607
 0.006
-53.543
 0.005
-53.480
 0.005
-53.417
 0.005
-53.354
 0.005
-53.292
 0.005
-53.229
 0.005
-53.167
 0.004
-53.104
 0.004
-53.042
 0.004
-52.980
 0.004
-52.918
 0.004
-52.857
 0.004
-52.795
 0.003
-52.734
 0.003
-52.673
 0.003
-52.611
 0.003
-52.550
 0.003
-52.490
 0.003
-52.429
 0.003
-52.490
 0.003
-52.760
 0.002
-49.433
 0.002
-46.097
 0.002
-46.912
 0.002
-48.744
 0.002
-50.576
 0.002
-52.405
 0.002
-54.233
 0.002
-56.059
 0.002
-57.882
 0.002
-59.704
 0.002
-61.524
 0.002
-63.341
 0.002
-65.156
 0.002
-66.969
 0.002
-68.779
 0.002
-70.587
 0.002
-72.392
 0.002
-74.195
 0.002
-75.994
 0.002
-77.791
 0.002
-79.586
 0.002
-81.100
 0.002
-81.664
 0.002
-81.268
 0.002
-80.265
 0.002
-78.894
 0.002
-77.252
 0.002
-75.398
 0.002
-73.394
 0.002
-71.294
 0.001
-69.142
 0.001
-66.965
 0.001
-64.788
 0.001
-62.628
 0.001
-60.496
 0.001
-58.405
 0.001
-56.359
 0.001
-54.364
 0.001
-52.424
 0.001
-50.541
 0.001
-48.716
 0.001
-46.948
 0.001
-45.239
 0.001
-43.587
 0.001
-41.992
 0.001
-40.452
 0.000
-38.966
 0.000
-37.534
 0.000
-36.152
 0.000
-34.820
 0.000
-33.536
 0.000
-32.299
 0.000
-31.107
 0.000
-29.959
 0.000
-28.853
 0.000
-27.787
 0.000
-26.760
 0.000
-25.771
 0.000
-24.819
 0.000
-23.902
 0.000
-23.018
 0.000
-22.167
 0.000
-21.348
 0.000
-20.559
 0.000
-19.799
 0.000
-19.067
 0.000
-18.362
 0.000
-17.683
 0.000
-17.029
 0.000
-16.399
 0.000
-15.793
 0.000
-15.209
 0.000
-14.647
 0.000
-14.105
 0.000
-13.584
 0.000
-13.081
 0.000
-12.598
 0.000
-12.132
 0.000
-11.683
 0.000
-11.251
 0.000
-10.835
 0.000
-10.435
 0.000
-10.049
 0.000
-9.677
 0.000
-9.320
 0.000
-8.975
 0.000
-8.643
 0.000
-8.324
 0.000
-8.016
 0.000
-7.719
 0.000
-7.434
 0.000
-7.159
 0.000
-6.894
 0.000
-6.640
 0.000
-6.394
 0.000
-6.158
 0.000
-5.930
 0.000
-5.711
 0.000
-5.500
 0.000
-5.296
 0.000
-5.100
 0.000
-4.912
 0.000
-4.730
 0.000
-4.555
 0.000
-4.387
 0.000
-4.225
 0.000
-4.068
 0.000
-3.918
 0.000
-3.773
 0.000
-3.634
 0.000
-3.499
 0.000
-3.370
 0.000
-3.245
 0.000
-3.125
 0.000
-3.010
 0.000
-2.898
 0.000
-2.791
 0.000
-2.688
 0.000
-2.589
 0.000
-2.493
 0.000
-2.401
 0.000
-2.312
 0.000
-2.227
 0.000
-2.144
 0.000
-2.065
 0.000
-1.989
 0.000
-1.915
 0.000
-1.844
 0.000
-1.776
 0.000
-1.710
 0.000
-1.647
 0.000
-1.586
 0.000
-1.528
 0.000
-1.471
 0.000
-1.417
 0.000
-1.364
 0.000
-1.314
 0.000
-1.265
 0.000
-1.219
 0.000
-1.173
 0.000
-1.130
 0.000
-1.088
 0.000
-1.048
 0.000
-1.009
 0.000
-0.972
 0.000
-0.936
 0.000
-0.901
 0.000
-0.868
 0.000
-0.836
 0.000
-0.805
 0.000
-0.775
 0.000
-0.747
 0.000
-0.719
 0.000
-0.692
 0.000
-0.667
 0.000
-0.642
 0.000
-0.618
 0.000
-0.596
 0.000
-0.574
 0.000
-0.552
 0.000
-0.532
 0.000
-0.512
 0.000
-0.493
 0.000
-0.475
 0.000
-0.458
 0.000
-0.441
 0.000
-0.424
 0.000
-0.409
 0.000
-0.394
 0.000
-0.379
 0.000
-0.365
 0.000
-0.351
 0.000
-0.338
 0.000
-0.326
 0.000
-0.314
 0.000
-0.302
 0.000
-0.291
 0.000
-0.280
 0.000
-0.270
 0.000
-0.260
 0.000
-0.250
 0.000
-0.241
 0.000
-0.232
 0.000
-0.224
 0.000
-0.215
 0.000
-0.207
 0.000
-0.200
 0.000
-0.192
 0.000
-0.185
 0.000
-0.178
 0.000
-0.172
 0.000
-0.165
 0.000
-0.159
 0.000
-0.153
 0.000
-0.148
 0.000
-0.142
 0.000
-0.137
 0.000
-0.132
 0.000
-0.127
 0.000
-0.122
 0.000
-0.118
 0.000
-0.114
 0.000
-0.109
 0.000
-0.105
 0.000
-0.101
 0.000
-0.098
 0.000
-0.094
 0.000
-0.091
 0.000
-0.087
 0.000
-0.084
 0.000
-0.081
 0.000
-0.078
 0.000
-0.075
 0.000
-0.072
 0.000
-0.070
 0.000
-0.067
 0.000
-0.065
 0.000
-0.062
 0.000
-0.060
 0.000
-0.058
 0.000
-0.055
 0.000
-0.053
 0.000
-0.051
 0.000
-0.050
 0.000
-0.048
 0.000
-0.046
 0.056
-0.134
 0.093
-0.131
 0.098
-0.130
 0.103
-0.129
 0.107
-0.127
 0.111
-0.125
 0.115
-0.124
 0.119
-0.122
 0.122
-0.120
