 0.352
 0.352
 0.352
 0.352
 0.352
 0.353
 0.353
 0.353
 0.353
 0.353
 0.353
 0.353
 0.353
 0.353
 0.353
 0.353
 0.354
 0.354
 0.354
 0.354
 0.354
 0.354
 0.354
 0.354
 0.354
 0.354
 0.354
 0.355
 0.355
 2.707
 1.382
 0.958
 0.757
 0.643
 0.572
 0.524
 0.491
 0.467
 0.449
 0.435
 0.425
 0.417
 0.410
 0.405
 0.401
 0.397
 0.395
 0.393
 0.391
 0.390
 0.389
 0.388
 0.388
 0.388
 0.388
 0.388
 0.389
 0.390
 0.391
 0.392
 0.393
 0.394
 0.396
 0.398
 0.400
 0.402
 0.404
 0.407
 0.410
 0.412
 0.416
 0.419
 0.423
 0.427
 0.431
 0.435
 0.440
 0.445
 0.450
 0.456
 0.462
 0.468
 0.475
 0.482
 0.490
 0.498
 0.506
 0.515
 0.524
 0.534
 0.544
 0.555
 0.566
 0.578
 0.590
 0.603
 0.617
 0.631
 0.646
 0.662
 0.678
 0.695
 0.713
 0.731
 0.751
 0.771
 0.792
 0.814
 0.837
 0.861
 0.885
 0.911
 0.938
 0.966
 0.994
 1.024
 1.055
 1.087
 1.121
 1.155
 1.191
 1.228
 1.267
 1.306
 1.347
 1.390
 1.434
 1.479
 1.526
 1.574
 1.624
 1.675
 1.728
 1.783
 1.839
 1.897
 1.956
 2.017
 2.080
 2.145
 2.211
 2.280
 2.349
 2.421
 2.494
 2.570
 2.647
 2.725
 2.806
 2.888
 2.971
 3.057
 3.144
 3.232
 3.322
 3.414
 3.506
 3.601
 3.696
 3.792
 3.890
 3.989
 4.088
 4.188
 4.289
 4.391
 4.493
 4.595
 4.697
 4.799
 4.901
 5.002
 5.103
 5.203
 5.303
 5.401
 5.498
 5.594
 5.688
 5.780
 5.870
 5.959
 6.044
 6.128
 6.208
 6.286
 6.360
 6.432
 6.500
 6.565
 6.626
 6.683
 6.737
 6.786
 6.832
 6.873
 6.911
 6.944
 6.972
 6.997
 7.017
 7.033
 7.045
 7.052
 7.055
 7.054
 7.049
 7.040
 7.026
 7.009
 6.988
 6.963
 6.935
 6.903
 6.868
 6.830
 6.789
 6.744
 6.697
 6.647
 6.595
 6.540
 6.483
 6.424
 6.363
 6.300
 6.235
 6.169
 6.102
 6.033
 5.964
 5.893
 5.821
 5.749
 5.676
 5.602
 5.528
 5.454
 5.379
 5.304
 5.229
 5.155
 5.080
 5.006
 4.932
 4.858
 4.784
 4.711
 4.639
 4.567
 4.495
 4.425
 4.354
 4.285
 4.216
 4.149
 4.081
 4.015
 3.950
 3.885
 3.821
 3.758
 3.696
 3.635
 3.575
 3.516
 3.457
 3.400
 3.343
 3.288
 3.233
 3.179
 3.126
 3.074
 3.023
 2.973
 2.924
 2.875
 2.828
 2.781
 2.735
 2.690
 2.646
 2.603
 2.560
 2.518
 2.477
 2.437
 2.397
 2.359
 2.321
 2.284
 2.247
 2.211
 2.176
 2.142
 2.108
 2.075
 2.042
 2.010
 1.979
 1.948
 1.918
 1.889
 1.860
 1.831
 1.804
 1.776
 1.750
 1.723
 1.698
 1.672
 1.648
 1.624
 1.600
 1.576
 1.554
 1.531
 1.509
 1.487
 1.466
 1.446
 1.425
 1.405
 1.386
 1.366
 1.347
 1.329
 1.311
 1.293
 1.275
 1.258
 1.241
 1.225
 1.209
 1.193
 1.177
 1.162
 1.147
 1.132
 1.117
 1.103
 1.089
 1.075
 1.062
 1.048
 1.035
 1.023
 1.010
 0.998
 0.986
 0.974
 0.962
 0.950
 0.939
 0.928
 0.917
 0.906
 0.896
 0.886
 0.875
 0.865
 0.856
 0.846
 0.836
 0.827
 0.818
 0.809
 0.800
10.759
 8.536
 6.932
 5.739
 4.826
 4.114
 3.547
 3.089
 2.714
 2.403
 2.142
 1.921
 1.733
 1.571
 1.431
 1.309
 1.202
 1.108
 1.024
 0.950
 0.885
 0.826
 0.773
 0.725
 0.682
 0.642
 0.607
 0.575
 0.545
 0.518
 0.493
 0.470
 0.449
 0.430
 0.412
 0.395
 0.380
 0.365
 0.352
 0.339
 0.327
 0.316
 0.306
 0.296
 0.287
 0.278
 0.269
 0.261
 0.254
 0.247
 0.240
 0.233
 0.227
 0.221
 0.215
 0.209
 0.204
 0.199
 0.194
 0.189
 0.184
 0.179
 0.175
 0.171
 0.166
 0.162
 0.158
 0.154
 0.151
 0.147
 0.143
 0.140
 0.136
 0.133
 0.130
 0.127
 0.123
 0.120
 0.117
 0.114
 0.112
 0.109
 0.106
 0.104
 0.101
 0.098
 0.096
 0.094
 0.091
 0.089
 0.087
 0.085
 0.083
 0.080
 0.078
 0.077
 0.075
 0.073
 0.071
 0.069
 0.067
 0.066
 0.064
 0.063
 0.061
 0.060
 0.058
 0.057
 0.055
 0.054
 0.053
 0.051
 0.050
 0.049
 0.048
 0.047
 0.046
 0.045
 0.044
 0.043
 0.042
 0.041
 0.040
 0.039
 0.038
 0.037
 0.037
 0.036
 0.035
 0.034
 0.034
 0.033
 0.032
 0.032
 0.031
 0.031
 0.030
 0.030
 0.029
 0.029
 0.028
 0.028
 0.027
 0.027
 0.026
 0.026
 0.026
 0.025
 0.025
 0.025
 0.024
 0.024
 0.024
 0.023
 0.023
 0.023
 0.022
 0.022
 0.022
 0.022
 0.022
 0.021
 0.021
 0.021
 0.019
 0.019
 0.019
 0.019
 0.019
 0.019
 0.019
 0.019
 0.019
 0.019
 0.019
 0.019
 0.019
 0.019
 0.019
 0.019
 0.018
 0.018
 0.018
 0.018
 0.018
 0.018
 0.018
 0.018
 0.018
 0.018
 0.018
 0.018
 0.018
 0.018
 0.018
 0.018
 0.018
 0.018
 0.018
 0.018
 0.018
 0.017
 0.017
 0.017
 0.017
 0.017
 0.017
 0.017
 0.017
 0.017
 0.017
 0.017
 0.017
 0.017
 0.017
 0.017
 0.017
 0.017
 0.017
 0.017
 0.017
 0.017
 0.016
 0.016
 0.016
 0.016
 0.016
 0.016
 0.016
 0.016
 0.016
 0.016
 0.016
 0.016
 0.016
 0.016
 0.016
 0.016
 0.016
 0.016
 0.016
 0.016
 0.016
 0.016
 0.016
 0.015
 0.015
 0.015
 0.015
 0.015
 0.015
 0.015
 0.015
 0.015
 0.015
 0.015
 0.015
 0.015
 0.015
 0.015
 0.015
 0.015
 0.015
 0.015
 0.015
 0.015
 0.015
 0.015
 0.015
 0.015
 0.014
 0.014
 0.014
 0.014
 0.014
 0.014
 0.014
 0.014
 0.014
 0.014
 0.014
 0.014
 0.014
 0.014
 0.014
 0.014
 0.014
 0.014
 0.014
 0.014
 0.014
 0.014
 0.014
 0.014
 0.014
 0.014
 0.014
 0.014
 0.013
 0.013
 0.013
 0.013
 0.013
 0.013
 0.013
 0.013
 0.013
 0.013
 0.013
 0.013
 0.013
 0.013
 0.013
 0.013
 0.013
 0.013
 0.013
 0.013
 0.013
 0.013
 0.013
 0.013
 0.013
 0.013
 0.013
 0.013
 0.013
 0.013
 0.013
 0.012
 0.012
 0.012
 0.012
 0.012
 0.012
 0.373
 0.678
 0.680
 0.210
 0.374
 0.373
 0.373
 0.373
 0.372
 0.372
 0.372
 0.371
 0.371
 0.370
 0.370
 0.369
 0.369
 0.368
 0.368
 0.367
 0.367
 0.366
 0.353
 0.197
 0.020
 0.172
 0.257
 0.317
 0.364
 0.400
 0.423
 0.436
 0.443
 0.444
 0.442
 0.437
 0.429
 0.420
 0.410
 0.399
 0.388
 0.376
 0.364
 0.353
 0.341
 0.329
 0.318
 0.307
 0.296
 0.285
 0.275
 0.265
 0.255
 0.246
 0.237
 0.228
 0.220
 0.212
 0.204
 0.197
 0.189
 0.182
 0.176
 0.169
 0.163
 0.157
 0.151
 0.146
 0.140
 0.135
 0.130
 0.125
 0.121
 0.116
 0.112
 0.108
 0.104
 0.100
 0.096
 0.093
 0.089
 0.086
 0.083
 0.080
 0.077
 0.074
 0.071
 0.069
 0.066
 0.064
 0.061
 0.059
 0.057
 0.055
 0.053
 0.051
 0.049
 0.047
 0.045
 0.044
 0.042
 0.040
 0.039
 0.038
 0.036
 0.035
 0.033
 0.032
 0.031
 0.030
 0.029
 0.028
 0.027
 0.026
 0.025
 0.024
 0.023
 0.022
 0.021
 0.021
 0.020
 0.019
 0.018
 0.018
 0.017
 0.016
 0.016
 0.015
 0.015
 0.014
 0.014
 0.013
 0.013
 0.012
 0.012
 0.011
 0.011
 0.010
 0.010
 0.010
 0.009
 0.009
 0.009
 0.008
 0.008
 0.008
 0.007
 0.007
 0.007
 0.007
 0.006
 0.006
 0.006
 0.006
 0.005
 0.005
 0.005
 0.005
 0.005
 0.005
 0.004
 0.004
 0.004
 0.004
 0.004
 0.004
 0.003
 0.003
 0.003
 0.003
 0.003
 0.003
 0.003
 0.003
 0.003
 0.002
 0.002
 0.002
 0.002
 0.002
 0.002
 0.002
 0.002
 0.002
 0.002
 0.002
 0.002
 0.002
 0.002
 0.001
 0.001
 0.001
 0.001
 0.001
 0.001
 0.001
 0.001
 0.001
 0.001
 0.001
 0.001
 0.001
 0.001
 0.001
 0.001
 0.001
 0.001
 0.001
 0.001
 0.001
 0.001
 0.001
 0.001
 0.001
 0.001
 0.001
 0.001
 0.001
 0.000
 0.000
 0.000
 0.000
 0.000
 0.000
 0.000
 0.000
 0.000
 0.009
 0.197
 0.241
 0.254
 0.266
 0.278
 0.289
 0.301
 0.312
 0.323
