5000.000
5000.300
5000.601
5000.903
5001.205
5001.508
5001.811
5002.115
5002.420
5002.726
5003.032
5003.339
5003.646
5003.954
5004.263
5004.572
5004.882
5005.193
5005.505
5005.817
5006.129
5006.443
5006.757
5007.072
5007.387
5007.703
5008.020
5008.337
5008.655
4927.803
4918.570
4913.096
4909.147
4906.026
4903.423
4901.174
4899.181
4897.379
4895.726
4894.190
4892.748
4891.383
4890.080
4888.829
4887.621
4886.448
4885.304
4884.183
4883.081
4881.994
4880.918
4879.851
4878.788
4877.728
4876.669
4875.607
4874.542
4873.470
4872.391
4871.301
4870.201
4869.087
4867.959
4866.815
4865.653
4864.472
4863.270
4862.046
4860.798
4859.526
4858.226
4856.899
4855.541
4854.153
4852.731
4851.276
4849.784
4848.254
4846.685
4845.076
4843.423
4841.725
4839.981
4838.189
4836.346
4834.450
4832.500
4830.494
4828.428
4826.302
4824.111
4821.855
4819.531
4817.136
4814.667
4812.122
4809.498
4806.792
4804.000
4801.121
4798.151
4795.086
4791.923
4788.659
4785.290
4781.812
4778.221
4774.514
4770.687
4766.735
4762.654
4758.439
4754.086
4749.590
4744.947
4740.151
4735.197
4730.080
4724.795
4719.335
4713.696
4707.870
4701.854
4695.639
4689.220
4682.590
4675.743
4668.672
4661.370
4653.829
4646.043
4638.005
4629.706
4621.140
4612.298
4603.173
4593.756
4584.040
4574.016
4563.677
4553.013
4542.018
4530.681
4518.995
4506.951
4494.541
4481.757
4468.589
4455.031
4441.073
4426.707
4411.927
4396.723
4381.088
4365.015
4348.496
4331.526
4314.097
4296.203
4277.838
4258.998
4239.676
4219.869
4199.573
4178.785
4157.501
4135.719
4113.439
4090.658
4067.378
4043.599
4019.322
3994.550
3969.285
3943.532
3917.295
3890.580
3863.393
3835.743
3807.638
3779.085
3750.097
3720.684
3690.857
3660.630
3630.016
3599.030
3567.687
3536.002
3503.992
3471.675
3439.069
3406.192
3373.062
3339.700
3306.125
3272.358
3238.419
3204.329
3170.108
3135.778
3101.360
3066.874
3032.342
2997.784
2963.222
2928.675
2894.163
2859.706
2825.324
2791.035
2756.857
2722.809
2688.908
2655.171
2621.612
2588.249
2555.095
2522.166
2489.473
2457.030
2424.850
2392.942
2361.318
2329.988
2298.961
2268.245
2237.849
2207.778
2178.041
2148.642
2119.586
2090.879
2062.525
2034.526
2006.886
1979.607
1952.691
1926.139
1899.952
1874.131
1848.676
1823.585
1798.860
1774.498
1750.498
1726.859
1703.578
1680.653
1658.083
1635.863
1613.991
1592.464
1571.278
1550.431
1529.918
1509.736
1489.881
1470.349
1451.135
1432.236
1413.648
1395.366
1377.385
1359.702
1342.313
1325.211
1308.394
1291.857
1275.595
1259.604
1243.879
1228.417
1213.212
1198.260
1183.558
1169.100
1154.882
1140.901
1127.152
1113.630
1100.333
1087.255
1074.392
1061.742
1049.299
1037.061
1025.023
1013.182
1001.533
990.074
978.801
967.710
956.797
946.061
935.497
925.101
914.872
904.805
894.898
885.147
875.550
866.104
856.805
847.652
838.641
829.770
821.036
812.436
803.968
795.630
787.419
779.332
771.368
763.524
755.798
748.187
740.690
733.304
726.028
718.859
711.796
704.836
697.977
691.219
684.558
677.994
671.524
665.147
658.860
652.664
646.555
640.533
634.595
628.741
622.969
617.277
611.664
606.129
600.671
595.287
589.977
584.740
579.574
