 0.000
125000.000
2462.019
124565.448
4924.039
124130.032
7386.058
123693.753
9848.078
123256.609
12310.097
122818.601
14772.117
122379.728
17234.136
121939.990
19696.156
121499.387
22158.175
121057.919
24620.194
120615.586
27082.214
120172.387
29544.233
119728.321
32006.253
119283.390
34468.272
118837.593
36930.292
118390.928
39392.311
117943.397
41854.331
117494.999
44316.350
117045.734
46778.369
116595.601
49240.389
116144.601
51702.408
115692.732
54164.428
115239.996
56626.447
114786.391
59088.467
114331.917
61550.486
113876.575
64012.506
113420.364
66474.525
112963.283
68936.545
112505.333
71366.111
112055.954
73786.410
111608.395
76203.174
111160.992
78617.554
110713.412
81030.093
110265.497
83441.106
109817.155
85850.800
109368.327
88259.320
108918.970
90666.773
108469.054
93073.239
108018.554
95478.783
107567.453
97883.454
107115.735
100287.294
106663.389
102690.335
106210.404
105092.605
105756.774
107494.127
105302.492
109894.918
104847.551
112294.994
104391.948
114694.368
103935.679
117093.049
103478.741
119491.044
103021.132
121888.361
102562.850
124285.004
102103.893
126680.975
101644.262
129076.276
101183.954
131470.908
100722.971
133864.869
100261.312
136258.159
99798.978
138650.774
99335.970
141042.712
98872.288
143433.966
98407.935
145824.533
97942.912
148214.406
97477.220
150603.578
97010.861
152992.041
96543.839
155379.788
96076.155
157766.808
95607.813
160153.093
95138.815
162538.632
94669.164
164923.412
94198.864
167307.424
93727.919
169690.653
93256.332
172073.086
92784.108
174454.709
92311.251
176835.508
91837.766
179215.466
91363.656
181594.568
90888.929
183972.796
90413.588
186350.132
89937.639
188726.558
89461.088
191102.053
88983.941
193476.598
88506.205
195850.172
88027.886
198222.751
87548.991
200594.314
87069.527
202964.836
86589.502
205334.292
86108.923
207702.657
85627.799
210069.903
85146.139
212436.003
84663.950
214800.928
84181.242
217164.647
83698.024
219527.130
83214.307
221888.343
82730.100
224248.254
82245.415
226606.827
81760.262
228964.027
81274.653
231319.816
80788.599
233674.155
80302.114
236027.004
79815.209
238378.321
79327.899
240728.064
78840.196
243076.188
78352.116
245422.646
77863.673
247767.390
77374.882
250110.371
76885.759
252451.538
76396.322
254790.837
75906.586
257128.214
75416.569
259463.611
74926.291
261796.970
74435.770
264128.230
73945.025
266457.328
73454.077
268784.199
72962.947
271108.775
72471.657
273430.987
71980.230
275750.763
71488.688
278068.028
70997.056
280382.706
70505.359
282694.717
70013.623
285003.979
69521.874
287310.408
69030.140
289613.915
68538.450
291914.411
68046.833
294211.803
67555.319
296505.993
67063.940
298796.884
66572.728
301084.372
66081.717
303368.352
65590.941
305648.715
65100.436
307925.349
64610.239
310198.138
64120.387
312466.963
63630.920
314731.702
63141.877
316992.229
62653.300
319248.413
62165.232
321500.121
61677.716
323747.216
61190.798
325989.557
60704.524
328226.998
60218.940
330459.391
59734.097
332686.583
59250.044
334908.416
58766.833
337124.731
58284.517
339335.363
57803.149
341540.141
57322.784
343738.895
56843.481
345931.446
56365.296
348117.614
55888.289
350297.213
55412.521
352470.056
54938.052
354635.949
54464.947
356794.696
53993.269
358946.096
53523.084
361089.946
53054.459
363226.038
52587.460
365354.160
52122.158
367474.099
51658.621
369585.636
51196.920
371688.551
50737.128
373782.621
50279.315
375867.619
49823.556
377943.317
49369.925
380009.482
48918.495
382065.884
48469.343
384112.286
48022.542
386148.452
47578.170
388174.145
47136.302
390189.126
46697.013
392193.157
46260.381
394185.997
45826.481
396167.408
45395.388
398137.152
44967.178
400094.989
44541.925
402040.683
44119.704
403974.000
43700.588
405894.705
43284.649
407802.569
42871.958
409697.364
42462.585
411578.864
42056.600
413446.850
41654.068
415301.104
41255.057
417141.414
40859.628
418967.572
40467.844
420779.378
40079.764
422576.635
39695.446
424359.154
39314.945
426126.751
38938.313
427879.249
38565.600
429616.481
38196.854
431338.285
37832.118
433044.508
37471.435
434735.006
37114.842
436409.641
36762.376
438068.288
36414.068
439710.827
36069.947
441337.150
35730.039
442947.159
35394.367
444540.763
35062.950
446117.882
34735.803
447678.448
34412.938
449222.400
34094.366
450749.688
33780.090
452260.273
33470.115
453754.125
33164.438
455231.224
32863.055
456691.561
32565.959
458135.135
32273.139
459561.956
31984.581
460972.043
31700.269
462365.426
31420.183
463742.141
31144.300
465102.235
30872.595
466445.764
30605.039
467772.791
30341.604
469083.389
30082.254
470377.638
29826.956
471655.625
29575.671
472917.444
29328.360
474163.198
29084.982
475392.996
28845.493
476606.952
28609.848
477805.186
28378.001
478987.827
28149.902
480155.004
27925.503
481306.856
27704.753
482443.523
27487.600
483565.152
27273.990
484671.893
27063.871
485763.898
26857.187
486841.326
26653.883
487904.335
26453.904
488953.089
26257.193
489987.752
26063.692
491008.492
25873.346
492015.479
25686.097
493008.882
25501.888
493988.874
25320.660
494955.628
25142.358
495909.318
24966.923
496850.120
24794.299
497778.208
24624.428
498693.757
24457.255
499596.943
24292.722
500487.941
24130.775
501366.925
23971.357
502234.072
23814.414
503089.552
23659.892
503933.541
23507.736
504766.209
23357.894
505587.728
23210.313
506398.267
23064.942
507197.993
22921.728
507987.076
22780.622
508765.678
22641.574
509533.966
22504.535
510292.100
22369.456
511040.241
22236.291
511778.547
22104.991
512507.176
21975.512
513226.283
21847.809
513936.020
21721.836
514636.539
21597.551
515327.987
21474.910
516010.513
21353.872
516684.262
21234.396
517349.375
21116.441
518005.994
20999.968
518654.257
20884.938
519294.300
20771.312
519926.259
20659.055
520550.265
20548.128
521166.448
20438.498
521774.936
20330.128
522375.856
20222.985
522969.330
20117.034
523555.481
20012.245
524134.429
19908.583
524706.289
19806.019
525271.180
19704.521
525829.212
19604.060
526380.499
19504.606
526925.150
19406.130
527463.272
19308.606
527994.971
19212.005
528520.350
19116.300
529039.511
19021.466
529552.555
18927.478
530059.578
18834.310
530560.679
18741.937
531055.950
18650.337
531545.485
18559.487
532029.374
18469.362
532507.708
18379.942
532980.573
18291.204
533448.056
18203.129
533910.240
18115.694
534367.210
18028.880
534819.045
17942.668
535265.825
17857.037
535707.629
17771.970
536144.533
17687.449
536576.613
17603.455
537003.942
17519.970
537426.592
17436.979
537844.635
17354.465
538258.139
17272.410
538667.175
17190.800
539071.807
17109.620
539472.103
17028.853
539868.126
16948.486
540259.940
16868.503
540647.607
16788.892
541031.187
16709.638
541410.741
16630.729
541786.327
16552.150
542158.003
16473.890
542525.825
16395.936
542889.847
16318.277
543250.126
16240.899
543606.713
16163.792
543959.661
16086.945
544309.022
16010.346
544654.845
15933.985
544997.180
15857.852
545336.076
15781.935
545671.580
15706.227
546003.739
15630.716
546332.599
15555.393
546658.204
15480.249
546980.599
15405.276
547299.828
15330.463
547615.932
15255.804
547928.953
15181.288
548238.933
15106.910
548545.911
15032.659
548849.928
14958.529
549151.022
14884.512
549449.231
14810.601
549744.593
14736.788
550037.144
14663.066
550326.920
14589.430
550613.958
14515.871
550898.291
14442.384
551179.954
14368.962
