4924.039
-868.240
4924.039
-869.967
4924.039
-871.695
4924.039
-873.423
4924.039
-875.152
4924.039
-876.881
4924.039
-878.610
4924.039
-880.340
4924.039
-882.071
4924.039
-883.801
4924.039
-885.533
4924.039
-887.264
4924.039
-888.996
4924.039
-890.729
4924.039
-892.462
4924.039
-894.195
4924.039
-895.929
4924.039
-897.663
4924.039
-899.398
4924.039
-901.133
4924.039
-902.869
4924.039
-904.605
4924.039
-906.341
4924.039
-908.078
4924.039
-909.816
4924.039
-911.554
4924.039
-913.292
4924.039
-915.031
4924.039
-916.770
4845.710
-895.732
4836.494
-894.796
4830.905
-894.914
4826.788
-895.457
4823.469
-896.233
4820.651
-897.153
4818.173
-898.173
4815.942
-899.264
4813.895
-900.409
4811.991
-901.596
4810.200
-902.815
4808.499
-904.060
4806.871
-905.327
4805.303
-906.612
4803.785
-907.911
4802.307
-909.222
4800.863
-910.542
4799.446
-911.871
4798.051
-913.206
4796.674
-914.546
4795.311
-915.891
4793.958
-917.238
4792.613
-918.588
4791.272
-919.939
4789.933
-921.291
4788.594
-922.642
4787.252
-923.993
4785.906
-925.343
4784.554
-926.690
4783.193
-928.035
4781.823
-929.377
4780.442
-930.716
4779.047
-932.051
4777.638
-933.381
4776.213
-934.707
4774.770
-936.027
4773.309
-937.342
4771.827
-938.650
4770.323
-939.952
4768.796
-941.246
4767.245
-942.533
4765.667
-943.812
4764.062
-945.083
4762.427
-946.344
4760.762
-947.596
4759.066
-948.839
4757.335
-950.071
4755.570
-951.292
4753.768
-952.502
4751.928
-953.699
4750.048
-954.885
4748.126
-956.057
4746.161
-957.216
4744.150
-958.361
4742.093
-959.492
4739.987
-960.606
4737.830
-961.705
4735.620
-962.788
4733.356
-963.853
4731.034
-964.900
4728.654
-965.929
4726.212
-966.938
4723.707
-967.927
4721.136
-968.895
4718.496
-969.842
4715.785
-970.766
4713.001
-971.667
4710.141
-972.543
4707.202
-973.394
4704.181
-974.220
4701.075
-975.018
4697.881
-975.788
4694.597
-976.529
4691.218
-977.239
4687.742
-977.919
4684.165
-978.566
4680.484
-979.179
4676.695
-979.758
4672.793
-980.301
4668.776
-980.806
4664.640
-981.273
4660.379
-981.700
4655.991
-982.085
4651.470
-982.427
4646.812
-982.725
4642.012
-982.977
4637.066
-983.182
4631.969
-983.337
4626.716
-983.442
4621.301
-983.494
4615.719
-983.492
4609.966
-983.434
4604.034
-983.318
4597.919
-983.141
4591.615
-982.904
4585.115
-982.602
4578.413
-982.234
4571.504
-981.798
4564.380
-981.293
4557.035
-980.715
4549.462
-980.062
4541.655
-979.332
4533.606
-978.524
4525.308
-977.633
4516.755
-976.659
4507.938
-975.599
4498.850
-974.449
4489.483
-973.209
4479.831
-971.874
4469.884
-970.443
4459.636
-968.913
4449.078
-967.281
4438.203
-965.545
4427.002
-963.703
4415.467
-961.751
4403.590
-959.687
4391.364
-957.508
4378.780
-955.212
4365.830
-952.796
4352.506
-950.258
4338.801
-947.595
4324.706
-944.805
4310.215
-941.885
4295.319
-938.833
4280.011
-935.647
4264.285
-932.324
4248.133
-928.863
4231.549
-925.261
4214.527
-921.517
4197.060
-917.629
4179.144
-913.596
4160.772
-909.415
4141.941
-905.086
4122.645
-900.607
4102.882
-895.978
4082.647
-891.198
4061.939
-886.266
4040.754
-881.182
4019.092
-875.946
3996.951
-870.558
3974.331
-865.018
3951.234
-859.328
3927.659
-853.488
3903.610
-847.498
3879.089
-841.362
3854.100
-835.079
3828.646
-828.653
3802.734
-822.086
3776.369
-815.381
3749.559
-808.539
3722.311
-801.565
3694.634
-794.462
3666.537
-787.233
3638.031
-779.883
3609.127
-772.416
3579.838
-764.837
3550.175
-757.150
3520.153
-749.361
3489.786
-741.474
3459.088
-733.496
3428.077
-725.432
3396.767
-717.288
3365.177
-709.070
3333.323
-700.785
3301.224
-692.438
3268.898
-684.036
3236.363
-675.587
3203.641
-667.095
3170.749
-658.569
3137.707
-650.015
3104.536
-641.439
3071.255
-632.849
3037.885
-624.251
3004.445
-615.652
2970.956
-607.058
2937.437
-598.476
2903.909
-589.912
2870.390
-581.372
2836.901
-572.864
2803.459
-564.391
2770.083
-555.961
2736.792
-547.579
2703.603
-539.251
2670.534
-530.981
2637.600
-522.774
2604.819
-514.636
2572.205
-506.570
2539.773
-498.582
2507.539
-490.675
2475.515
-482.852
2443.714
-475.119
2412.149
-467.477
2380.832
-459.930
2349.773
-452.481
2318.983
-445.132
2288.471
-437.886
2258.247
-430.745
2228.319
-423.711
2198.694
-416.785
2169.380
-409.969
2140.383
-403.264
2111.708
-396.672
2083.362
-390.193
2055.347
-383.827
2027.670
-377.576
2000.332
-371.439
1973.338
-365.418
1946.688
-359.511
1920.387
-353.718
1894.434
-348.040
1868.831
-342.476
1843.578
-337.025
1818.677
-331.687
1794.126
-326.462
1769.925
-321.347
1746.073
-316.342
1722.569
-311.447
1699.412
-306.660
1676.600
-301.980
1654.130
-297.405
1632.001
-292.935
1610.210
-288.568
1588.754
-284.303
1567.630
-280.138
1546.836
-276.071
1526.367
-272.102
1506.222
-268.229
1486.395
-264.450
1466.884
-260.763
1447.685
-257.168
1428.793
-253.662
1410.205
-250.244
1391.918
-246.912
1373.926
-243.665
1356.226
-240.500
1338.814
-237.418
1321.685
-234.415
1304.836
-231.491
1288.262
-228.643
1271.958
-225.871
1255.921
-223.172
1240.146
-220.545
1224.629
-217.989
1209.366
-215.502
1194.353
-213.082
1179.585
-210.729
1165.059
-208.441
1150.769
-206.215
1136.713
-204.052
1122.885
-201.949
1109.283
-199.906
1095.902
-197.920
1082.737
-195.991
1069.786
-194.117
1057.044
-192.297
1044.507
-190.530
1032.172
-188.814
1020.035
-187.149
1008.092
-185.532
996.340
-183.964
984.776
-182.443
973.395
-180.968
962.194
-179.537
951.170
-178.151
940.320
-176.806
929.640
-175.504
919.127
-174.242
908.777
-173.020
898.589
-171.836
888.559
-170.691
878.683
-169.582
868.959
-168.510
859.384
-167.473
849.955
-166.470
840.669
-165.500
831.524
-164.564
822.517
-163.659
813.646
-162.786
804.906
-161.943
796.298
-161.129
787.816
-160.345
779.460
-159.589
771.227
-158.860
763.115
-158.159
755.121
-157.484
747.243
-156.834
739.479
-156.210
731.826
-155.610
724.283
-155.034
716.848
-154.481
709.518
-153.951
702.292
-153.443
695.167
-152.956
688.142
-152.491
681.215
-152.046
674.384
-151.622
667.648
-151.217
661.003
-150.831
654.450
-150.463
647.986
-150.114
641.609
-149.783
635.318
-149.469
629.111
-149.172
622.988
-148.891
616.945
-148.627
610.982
-148.378
605.098
-148.145
599.290
-147.926
593.558
-147.722
587.901
-147.532
582.316
-147.356
576.802
-147.193
571.359
-147.044
565.985
-146.907
560.679
-146.783
555.439
-146.671
550.265
-146.571
545.155
-146.482
540.108
-146.405
535.123
-146.339
530.199
-146.283
525.335
-146.238
520.530
-146.203
515.783
-146.178
511.093
-146.163
506.459
-146.157
501.879
-146.160
497.354
-146.172
492.881
-146.192
488.461
-146.221
484.092
-146.258
479.774
-146.303
475.505
-146.356
471.285
-146.417
467.113
-146.484
462.988
-146.559
458.909
-146.641
454.876
-146.729
450.888
-146.824
446.945
-146.925
403.973
-134.213
358.869
-120.968
322.617
-110.498
292.851
-102.061
267.976
-95.157
246.880
-89.436
228.763
-84.649
213.036
-80.609
199.253
-77.178
187.075
-74.248
176.235
-71.736
166.523
-69.575
157.769
-67.713
149.838
-66.106
142.617
-64.719
136.013
-63.523
129.949
-62.494
124.359
-61.610
119.190
-60.854
114.393
-60.212
109.928
-59.670
105.762
-59.217
101.863
-58.844
98.205
-58.542
94.766
-58.303
91.526
-58.122
88.466
-57.992
85.570
-57.908
82.826
-57.865
80.221
-57.860
77.742
-57.888
75.382
-57.946
73.129
-58.032
70.977
-58.141
68.918
-58.272
66.946
-58.422
65.054
-58.589
63.238
-58.772
61.491
-58.968
59.811
-59.175
58.192
-59.393
56.631
-59.619
55.124
-59.853
53.669
-60.093
52.262
-60.338
50.901
-60.587
49.583
-60.839
48.306
-61.094
47.068
-61.349
45.868
-61.605
44.702
-61.861
43.570
-62.117
42.471
-62.371
41.402
-62.623
40.362
-62.872
39.351
-63.119
38.367
-63.362
37.409
-63.601
36.476
-63.837
35.567
-64.068
34.681
-64.294
33.817
-64.515
32.975
-64.732
32.155
-64.942
31.354
-65.148
30.573
-65.347
29.811
-65.541
29.068
-65.729
28.342
-65.910
27.634
-66.086
26.943
-66.255
26.268
-66.419
25.609
-66.576
24.966
-66.726
24.339
-66.871
23.726
-67.009
23.127
-67.141
22.543
-67.267
21.972
-67.386
21.415
-67.500
20.871
-67.608
20.340
-67.709
19.821
-67.805
19.315
-67.895
18.820
-67.979
18.338
-68.058
17.866
-68.131
17.406
-68.199
16.957
-68.262
16.519
-68.319
16.091
-68.371
15.673
-68.419
15.265
-68.461
14.867
-68.499
14.479
-68.532
14.100
-68.560
13.730
-68.585
13.370
-68.605
13.018
-68.620
12.674
-68.632
12.339
-68.640
12.012
-68.644
11.694
-68.644
11.383
-68.641
11.079
-68.635
10.784
-68.624
10.495
-68.611
10.214
-68.595
 9.940
-68.575
 9.672
-68.553
 9.412
-68.528
 9.158
-68.500
 8.910
-68.469
 8.669
-68.436
 8.433
-68.400
 8.204
-68.362
 7.981
-68.322
 7.763
-68.280
 7.551
-68.235
 7.344
-68.189
 7.142
-68.140
 6.946
-68.090
 6.755
-68.038
 6.569
-67.984
 6.387
-67.929
 6.211
-67.872
 6.039
-67.814
 5.871
-67.754
 5.708
-67.693
 5.549
-67.630
 5.394
-67.566
 5.244
-67.501
 5.097
-67.435
 4.954
-67.368
 4.815
-67.300
 4.680
-67.231
 4.548
-67.161
 4.420
-67.090
 4.295
-67.018
 4.174
-66.945
 4.056
-66.872
 3.941
-66.798
 3.829
-66.723
 3.720
-66.648
 3.614
-66.572
 3.511
-66.496
 3.411
-66.419
 3.313
-66.341
 3.218
-66.263
 3.126
-66.185
 3.036
-66.106
 2.949
-66.027
 2.864
-65.948
 2.782
-65.868
 2.701
-65.788
 2.623
-65.707
 2.547
-65.627
 2.473
-65.546
 2.402
-65.465
 2.332
-65.384
 2.264
-65.302
 2.198
-65.221
 2.134
-65.139
 2.071
-65.057
 2.011
-64.980
 1.952
-64.905
 1.895
-64.829
 1.840
-64.752
 1.786
-64.675
 1.733
-64.597
 1.682
-64.519
 1.633
-64.439
 1.584
-64.360
 1.538
-64.280
 1.492
-64.199
 1.448
-64.118
 1.405
-64.037
 1.363
-63.956
 1.323
-63.874
 1.283
-63.792
 1.245
-63.709
 1.208
-63.627
 1.172
-63.544
 1.136
-63.461
 1.102
-63.378
 1.069
-63.294
 1.037
-63.211
 1.006
-63.128
 0.975
-63.044
 0.946
-62.960
 0.917
-62.877
 0.889
-62.793
 0.862
-62.710
 0.836
-62.626
 0.811
-62.542
 0.786
-62.459
 0.762
-62.375
 0.739
-62.292
 0.716
-62.208
 0.694
-62.125
 0.673
-62.041
 0.652
-61.958
 0.632
-61.875
 0.613
-61.792
 0.594
-61.709
 0.576
-61.626
 0.558
-61.544
 0.541
-61.461
 0.524
-61.379
 0.508
-61.296
 0.492
-61.214
 0.477
-61.132
 0.462
-61.050
 0.447
-60.969
 0.433
-60.887
 0.420
-60.806
 0.407
-60.724
 0.394
-60.643
 0.382
-60.563
 0.370
-60.482
 0.358
-60.401
 0.347
-60.321
 0.336
-60.241
 0.325
-60.161
 0.315
-60.081
 0.305
-60.001
 0.295
-59.922
 0.286
-59.842
 0.277
-59.763
 0.268
-59.685
 0.259
-59.606
 0.251
-59.527
 0.243
-59.449
 0.235
-59.371
 0.228
-59.293
 0.221
-59.215
 0.214
-59.138
 0.207
-59.060
 0.200
-58.983
 0.194
-58.906
 0.187
-58.829
 0.181
-58.753
 0.175
-58.676
 0.170
-58.600
 0.164
-58.524
 0.159
-58.448
 0.154
-58.373
 0.149
-58.297
 0.144
-58.222
 0.139
-58.147
 0.135
-58.072
 0.130
-57.997
 0.126
-57.923
 0.122
-57.849
 0.118
-57.775
 0.114
-57.701
 0.110
-57.627
 0.107
-57.553
 0.103
-57.480
 0.100
-57.407
 0.096
-57.334
 0.093
-57.261
 0.090
-57.189
 0.087
-57.116
 0.084
-57.044
 0.082
-56.972
 0.079
-56.900
 0.076
-56.829
 0.074
-56.757
 0.071
-56.686
 0.069
-56.615
 0.067
-56.544
 0.064
-56.473
 0.062
-56.403
 0.060
-56.332
 0.058
-56.262
 0.056
-56.192
 0.054
-56.122
 0.052
-56.053
 0.051
-55.983
 0.049
-55.914
 0.047
-55.845
 0.046
-55.776
 0.044
-55.707
 0.043
-55.638
 0.041
-55.570
 0.040
-55.502
 0.038
-55.434
 0.037
-55.366
 0.036
-55.298
 0.035
-55.231
 0.033
-55.163
 0.032
-55.096
 0.031
-55.029
 0.030
-54.962
 0.029
-54.895
 0.028
-54.829
 0.027
-54.762
 0.026
-54.696
 0.025
-54.630
 0.024
-54.564
 0.024
-54.499
 0.023
-54.433
 0.022
-54.368
 0.021
-54.302
 0.020
-54.237
 0.020
-54.173
 0.019
-54.108
 0.018
-54.043
 0.018
-53.979
 0.017
-53.915
 0.017
-53.850
 0.016
-53.786
 0.015
-53.723
 0.015
-53.659
 0.014
-53.596
 0.014
-53.532
 0.013
-53.469
 0.013
-53.406
 0.012
-53.343
 0.012
-53.280
 0.012
-53.218
 0.011
-53.156
 0.011
-53.093
 0.010
-53.031
 0.010
-52.969
 0.010
-52.907
 0.009
-52.846
 0.009
-52.784
 0.009
-52.723
 0.008
-52.662
 0.008
-52.601
 0.008
-52.540
 0.007
-52.479
 0.007
-52.418
 0.007
-52.774
 0.007
-52.019
 0.006
-48.684
 0.005
-45.651
 0.005
-47.199
 0.005
-49.031
 0.005
-50.862
 0.005
-52.692
 0.005
-54.519
 0.005
-56.344
 0.005
-58.168
 0.005
-59.989
 0.005
-61.808
 0.005
-63.625
 0.005
-65.440
 0.005
-67.253
 0.005
-69.062
 0.005
-70.870
 0.005
-72.675
 0.005
-74.477
 0.005
-76.276
 0.005
-78.073
 0.005
-79.861
 0.005
-81.254
 0.005
-81.653
 0.005
-81.135
 0.005
-80.059
 0.005
-78.640
 0.004
-76.961
 0.004
-75.080
 0.004
-73.057
 0.004
-70.947
 0.004
-68.789
 0.003
-66.611
 0.003
-64.436
 0.003
-62.279
 0.003
-60.154
 0.003
-58.069
 0.002
-56.032
 0.002
-54.046
 0.002
-52.115
 0.002
-50.241
 0.002
-48.425
 0.002
-46.667
 0.002
-44.967
 0.001
-43.325
 0.001
-41.739
 0.001
-40.208
 0.001
-38.731
 0.001
-37.306
 0.001
-35.933
 0.001
-34.609
 0.001
-33.333
 0.001
-32.103
 0.001
-30.918
 0.001
-29.777
 0.001
-28.677
 0.000
-27.618
 0.000
-26.598
 0.000
-25.615
 0.000
-24.668
 0.000
-23.756
 0.000
-22.878
 0.000
-22.033
 0.000
-21.218
 0.000
-20.434
 0.000
-19.678
 0.000
-18.951
 0.000
-18.250
 0.000
-17.575
 0.000
-16.925
 0.000
-16.300
 0.000
-15.697
 0.000
-15.117
 0.000
-14.558
 0.000
-14.019
 0.000
-13.501
 0.000
-13.002
 0.000
-12.521
 0.000
-12.058
 0.000
-11.612
 0.000
-11.183
 0.000
-10.769
 0.000
-10.371
 0.000
-9.988
 0.000
-9.619
 0.000
-9.263
 0.000
-8.920
 0.000
-8.591
 0.000
-8.273
 0.000
-7.967
 0.000
-7.672
 0.000
-7.389
 0.000
-7.116
 0.000
-6.852
 0.000
-6.599
 0.000
-6.355
 0.000
-6.120
 0.000
-5.894
 0.000
-5.676
 0.000
-5.466
 0.000
-5.264
 0.000
-5.069
 0.000
-4.882
 0.000
-4.701
 0.000
-4.528
 0.000
-4.360
 0.000
-4.199
 0.000
-4.044
 0.000
-3.894
 0.000
-3.750
 0.000
-3.612
 0.000
-3.478
 0.000
-3.349
 0.000
-3.226
 0.000
-3.106
 0.000
-2.991
 0.000
-2.881
 0.000
-2.774
 0.000
-2.672
 0.000
-2.573
 0.000
-2.478
 0.000
-2.386
 0.000
-2.298
 0.000
-2.213
 0.000
-2.131
 0.000
-2.052
 0.000
-1.977
 0.000
-1.903
 0.000
-1.833
 0.000
-1.765
 0.000
-1.700
 0.000
-1.637
 0.000
-1.577
 0.000
-1.518
 0.000
-1.462
 0.000
-1.408
 0.000
-1.356
 0.000
-1.306
 0.000
-1.258
 0.000
-1.211
 0.000
-1.166
 0.000
-1.123
 0.000
-1.082
 0.000
-1.042
 0.000
-1.003
 0.000
-0.966
 0.000
-0.930
 0.000
-0.896
 0.000
-0.863
 0.000
-0.831
 0.000
-0.800
 0.000
-0.771
 0.000
-0.742
 0.000
-0.715
 0.000
-0.688
 0.000
-0.663
 0.000
-0.638
 0.000
-0.615
 0.000
-0.592
 0.000
-0.570
 0.000
-0.549
 0.000
-0.529
 0.000
-0.509
 0.000
-0.490
 0.000
-0.472
 0.000
-0.455
 0.000
-0.438
 0.000
-0.422
 0.000
-0.406
 0.000
-0.391
 0.000
-0.377
 0.000
-0.363
 0.000
-0.349
 0.000
-0.336
 0.000
-0.324
 0.000
-0.312
 0.000
-0.300
 0.000
-0.289
 0.000
-0.279
 0.000
-0.268
 0.000
-0.258
 0.000
-0.249
 0.000
-0.240
 0.000
-0.231
 0.000
-0.222
 0.000
-0.214
 0.000
-0.206
 0.000
-0.199
 0.000
-0.191
 0.000
-0.184
 0.000
-0.177
 0.000
-0.171
 0.000
-0.164
 0.000
-0.158
 0.000
-0.152
 0.000
-0.147
 0.000
-0.141
 0.000
-0.136
 0.000
-0.131
 0.000
-0.126
 0.000
-0.122
 0.000
-0.117
 0.000
-0.113
 0.000
-0.109
 0.000
-0.105
 0.000
-0.101
 0.000
-0.097
 0.000
-0.093
 0.000
-0.090
 0.000
-0.087
 0.000
-0.083
 0.000
-0.080
 0.000
-0.077
 0.000
-0.075
 0.000
-0.072
 0.000
-0.069
 0.000
-0.067
 0.000
-0.064
 0.000
-0.062
 0.000
-0.059
 0.000
-0.057
 0.000
-0.055
 0.000
-0.053
 0.000
-0.051
 0.000
-0.049
 0.000
-0.047
 0.001
-0.046
 0.070
-0.125
 0.094
-0.131
 0.099
-0.130
 0.103
-0.128
 0.108
-0.127
 0.112
-0.125
 0.116
-0.123
 0.119
-0.122
 0.123
-0.120
