 0.352
 0.352
 0.352
 0.353
 0.353
 0.353
 0.353
 0.353
 0.353
 0.353
 0.353
 0.354
 0.354
 0.354
 0.354
 0.354
 0.354
 0.354
 0.354
 0.355
 2.008
 1.019
 0.726
 0.594
 0.523
 0.481
 0.453
 0.435
 0.422
 0.413
 0.407
 0.402
 0.398
 0.396
 0.395
 0.394
 0.394
 0.394
 0.394
 0.396
 0.397
 0.399
 0.401
 0.404
 0.407
 0.410
 0.414
 0.419
 0.423
 0.429
 0.434
 0.441
 0.447
 0.455
 0.463
 0.472
 0.481
 0.492
 0.503
 0.515
 0.528
 0.541
 0.556
 0.572
 0.589
 0.607
 0.627
 0.648
 0.670
 0.693
 0.718
 0.745
 0.773
 0.803
 0.834
 0.868
 0.903
 0.940
 0.980
 1.022
 1.066
 1.112
 1.161
 1.212
 1.266
 1.323
 1.383
 1.446
 1.512
 1.581
 1.653
 1.729
 1.809
 1.892
 1.979
 2.070
 2.165
 2.265
 2.368
 2.476
 2.589
 2.706
 2.828
 2.955
 3.086
 3.223
 3.364
 3.511
 3.663
 3.819
 3.981
 4.147
 4.319
 4.495
 4.676
 4.861
 5.050
 5.244
 5.442
 5.642
 5.847
 6.053
 6.263
 6.474
 6.686
 6.900
 7.114
 7.327
 7.540
 7.750
 7.959
 8.165
 8.366
 8.563
 8.755
 8.941
 9.120
 9.292
 9.456
 9.610
 9.755
 9.890
10.014
10.127
10.229
10.318
10.395
10.460
10.512
10.550
10.576
10.590
10.590
10.578
10.553
10.517
10.469
10.409
10.339
10.259
10.169
10.069
 9.961
 9.845
 9.722
 9.592
 9.456
 9.314
 9.167
 9.017
 8.862
 8.704
 8.543
 8.381
 8.216
 8.051
 7.885
 7.718
 7.552
 7.386
 7.221
 7.056
 6.894
 6.732
 6.573
 6.415
 6.260
 6.107
 5.956
 5.808
 5.663
 5.521
 5.381
 5.244
 5.110
 4.980
 4.852
 4.727
 4.605
 4.486
 4.370
 4.257
 4.147
 4.039
 3.935
 3.833
 3.734
 3.638
 3.544
 3.453
 3.365
 3.279
 3.195
 3.114
 3.035
 2.959
 2.884
 2.812
 2.742
 2.674
 2.607
 2.543
 2.481
 2.420
 2.361
 2.304
 2.249
 2.195
 2.142
 2.091
 2.042
 1.994
 1.948
 1.902
 1.859
 1.810
 1.770
 1.731
 1.693
 1.656
 1.620
 1.585
 1.551
 1.518
 1.486
22.322
14.692
10.379
 7.708
 5.942
 4.716
 3.830
 3.169
 2.664
 2.269
 1.955
 1.701
 1.493
 1.321
 1.177
 1.055
 0.951
 0.862
 0.785
 0.718
 0.660
 0.608
 0.563
 0.523
 0.487
 0.455
 0.427
 0.401
 0.378
 0.357
 0.338
 0.321
 0.305
 0.290
 0.277
 0.264
 0.253
 0.242
 0.232
 0.223
 0.214
 0.206
 0.198
 0.191
 0.184
 0.178
 0.171
 0.166
 0.160
 0.154
 0.149
 0.144
 0.139
 0.135
 0.130
 0.126
 0.122
 0.118
 0.114
 0.111
 0.107
 0.103
 0.100
 0.097
 0.094
 0.091
 0.088
 0.085
 0.082
 0.080
 0.077
 0.074
 0.072
 0.070
 0.067
 0.065
 0.063
 0.061
 0.059
 0.057
 0.055
 0.054
 0.052
 0.050
 0.049
 0.047
 0.046
 0.044
 0.043
 0.041
 0.040
 0.039
 0.038
 0.037
 0.035
 0.034
 0.033
 0.032
 0.031
 0.030
 0.030
 0.029
 0.028
 0.027
 0.026
 0.026
 0.025
 0.024
 0.024
 0.023
 0.023
 0.022
 0.021
 0.021
 0.020
 0.020
 0.020
 0.019
 0.019
 0.018
 0.018
 0.018
 0.017
 0.017
 0.017
 0.016
 0.016
 0.373
 0.680
 0.680
 0.294
 0.374
 0.373
 0.373
 0.373
 0.372
 0.372
 0.371
 0.371
 0.371
 0.370
 0.370
 0.369
 0.369
 0.368
 0.368
 0.367
 0.366
 0.366
 0.318
 0.124
 0.080
 0.204
 0.279
 0.334
 0.377
 0.408
 0.428
 0.439
 0.444
 0.444
 0.441
 0.435
 0.427
 0.417
 0.407
 0.396
 0.384
 0.372
 0.360
 0.349
 0.337
 0.325
 0.314
 0.303
 0.292
 0.282
 0.272
 0.262
 0.252
 0.243
 0.234
 0.226
 0.217
 0.209
 0.202
 0.194
 0.187
 0.180
 0.174
 0.167
 0.161
 0.155
 0.149
 0.144
 0.138
 0.133
 0.128
 0.124
 0.119
 0.115
 0.110
 0.106
 0.102
 0.099
 0.095
 0.091
 0.088
 0.085
 0.082
 0.079
 0.076
 0.073
 0.070
 0.068
 0.065
 0.063
 0.060
 0.058
 0.056
 0.054
 0.052
 0.050
 0.048
 0.046
 0.045
 0.043
 0.041
 0.040
 0.038
 0.037
 0.036
 0.034
 0.033
 0.032
 0.031
 0.030
 0.028
 0.027
 0.026
 0.025
 0.024
 0.024
 0.023
 0.022
 0.021
 0.020
 0.020
 0.019
 0.018
 0.017
 0.017
 0.016
 0.016
 0.015
 0.014
 0.014
 0.013
 0.013
 0.012
 0.012
 0.012
 0.011
 0.011
 0.010
 0.010
 0.010
 0.009
 0.009
 0.009
 0.008
 0.008
 0.008
 0.007
 0.007
 0.007
 0.007
 0.006
 0.006
 0.006
 0.006
 0.005
 0.005
 0.005
 0.005
 0.005
 0.004
 0.004
 0.004
 0.004
 0.004
 0.004
 0.004
 0.003
 0.003
 0.003
 0.003
 0.003
 0.003
 0.003
 0.003
 0.003
 0.002
 0.002
 0.002
 0.002
 0.002
 0.002
 0.002
 0.002
 0.002
 0.002
 0.002
 0.002
 0.002
 0.002
 0.001
 0.001
 0.001
 0.001
 0.001
 0.001
 0.001
 0.001
 0.001
 0.001
 0.001
 0.001
 0.001
 0.001
 0.001
 0.001
 0.001
 0.001
 0.001
 0.001
 0.001
 0.001
 0.001
 0.001
 0.001
 0.001
 0.001
 0.001
 0.001
 0.000
 0.000
 0.000
 0.000
 0.000
 0.000
 0.000
 0.000
 0.000
 0.092
 0.032
 0.246
 0.261
 0.271
 0.283
 0.294
 0.306
 0.316
