5000.000
5000.447
5000.895
5001.344
5001.794
5002.244
5002.695
5003.147
5003.599
5004.052
5004.506
5004.961
5005.416
5005.872
5006.329
5006.787
5007.245
5007.704
5008.164
5008.624
4950.517
4943.913
4940.098
4937.373
4935.229
4933.442
4931.893
4930.512
4929.254
4928.087
4926.988
4925.941
4924.933
4923.953
4922.992
4922.044
4921.101
4920.160
4919.215
4918.261
4917.296
4916.314
4915.313
4914.290
4913.240
4912.162
4911.051
4909.905
4908.720
4907.494
4906.223
4904.905
4903.535
4902.110
4900.627
4899.083
4897.473
4895.794
4894.041
4892.211
4890.300
4888.302
4886.213
4884.028
4881.742
4879.350
4876.846
4874.225
4871.479
4868.603
4865.590
4862.434
4859.126
4855.659
4852.025
4848.216
4844.223
4840.037
4835.648
4831.046
4826.221
4821.162
4815.857
4810.294
4804.462
4798.347
4791.935
4785.213
4778.166
4770.779
4763.036
4754.921
4746.416
4737.504
4728.168
4718.388
4708.144
4697.417
4686.187
4674.431
4662.130
4649.259
4635.797
4621.721
4607.006
4591.630
4575.568
4558.796
4541.289
4523.023
4503.974
4484.117
4463.428
4441.884
4419.462
4396.140
4371.896
4346.709
4320.561
4293.434
4265.311
4236.178
4206.023
4174.835
4142.606
4109.330
4075.005
4039.631
4003.211
3965.751
3927.261
3887.755
3847.248
3805.762
3763.321
3719.952
3675.686
3630.559
3584.609
3537.879
3490.413
3442.259
3393.470
3344.097
3294.198
3243.831
3193.055
3141.932
3090.523
3038.892
2987.102
2935.216
2883.297
2831.407
2779.607
2727.956
2676.514
2625.335
2574.475
2523.984
2473.912
2424.305
2375.207
2326.659
2278.698
2231.359
2184.674
2138.671
2093.376
2048.812
2004.999
1961.952
1919.688
1878.217
1837.549
1797.690
1758.646
1720.418
1683.008
1646.415
1610.635
1575.663
1541.495
1508.124
1475.540
1443.735
1412.698
1382.419
1352.885
1324.084
1296.004
1268.631
1241.952
1215.951
1190.616
1165.931
1141.882
1118.456
1095.636
1073.408
1051.758
1030.672
1010.136
990.134
970.653
951.681
933.202
915.203
897.673
880.597
863.963
847.760
831.974
816.595
801.611
787.010
772.783
758.917
745.404
732.233
719.393
706.877
694.673
682.775
671.172
659.856
648.820
638.054
627.553
617.307
607.309
597.554
588.033
578.740
