 0.000
125000.000
2414.815
124352.521
4829.629
123704.178
7244.444
123054.971
9659.259
122404.900
12074.074
121753.964
14488.888
121102.162
16903.703
120449.495
19318.518
119795.962
21733.332
119141.564
24148.147
118486.298
26562.962
117830.166
28977.777
117173.167
31392.591
116515.301
33807.406
115856.567
36222.221
115196.964
38637.035
114536.494
41051.850
113875.154
43466.665
113212.946
45881.479
112549.868
48274.252
111891.978
50658.937
111235.443
53041.015
110578.755
55421.326
109921.684
57800.253
109264.124
60178.014
108606.015
62554.751
107947.318
64930.561
107288.007
67305.511
106628.062
69679.652
105967.469
72053.024
105306.217
74425.653
104644.300
76797.561
103981.709
79168.765
103318.442
81539.275
102654.495
83909.098
101989.865
86278.238
101324.553
88646.698
100658.556
91014.475
99991.875
93381.567
99324.512
95747.968
98656.467
98113.672
97987.743
100478.669
97318.342
102842.949
96648.266
105206.501
95977.519
107569.310
95306.106
109931.362
94634.029
112292.640
93961.294
114653.126
93287.906
117012.800
92613.870
119371.642
91939.193
121729.629
91263.880
124086.737
90587.939
126442.940
89911.376
128798.210
89234.201
131152.520
88556.421
133505.837
87878.045
135858.129
87199.082
138209.362
86519.543
140559.499
85839.438
142908.502
85158.779
145256.330
84477.577
147602.941
83795.844
149948.288
83113.595
152292.326
82430.842
154635.003
81747.601
156976.268
81063.888
159316.064
80379.717
161654.334
79695.108
163991.017
79010.077
166326.047
78324.645
168659.358
77638.830
170990.879
76952.655
173320.535
76266.141
175648.248
75579.313
177973.935
74892.194
180297.511
74204.811
182618.884
73517.191
184937.960
72829.362
187254.639
72141.355
189568.816
71453.202
191880.382
70764.935
194189.221
70076.589
196495.213
69388.202
198798.232
68699.812
201098.145
68011.458
203394.812
67323.185
205688.090
66635.035
207977.826
65947.056
210263.861
65259.297
212546.027
64571.808
214824.151
63884.644
217098.051
63197.861
219367.536
62511.518
221632.407
61825.675
223892.456
61140.399
226147.467
60455.755
228397.213
59771.815
230641.459
59088.651
232879.959
58406.341
235112.456
57724.965
237338.685
57044.605
239558.369
56365.350
241771.219
55687.288
243976.937
55010.515
246175.212
54335.128
248365.723
53661.229
250548.137
52988.924
252722.108
52318.320
254887.282
51649.532
257043.290
50982.676
259189.753
50317.874
261326.280
49655.250
263452.469
48994.932
265567.906
48337.054
267672.169
47681.751
269764.824
47029.162
271845.425
46379.432
273913.521
45732.707
275968.649
45089.136
278010.338
44448.872
280038.113
43812.070
282051.490
43178.888
284049.979
42549.487
286033.087
41924.028
288000.319
41302.673
289951.177
40685.589
291885.161
40072.939
293801.774
39464.890
295700.521
38861.605
297580.911
38263.250
299442.459
37669.989
301284.685
37081.981
303107.121
36499.386
304909.309
35922.361
306690.801
35351.059
308451.167
34785.628
310189.991
34226.212
311906.875
33672.951
313601.439
33125.977
315273.326
32585.420
316922.201
32051.398
318547.751
31524.026
320149.691
31003.409
321727.760
30489.646
323281.725
29982.825
324811.381
29483.027
326316.552
28990.325
327797.092
28504.780
329252.883
28026.446
330683.840
27555.367
332089.907
27091.577
333471.056
26635.100
334827.291
26185.952
336158.645
25744.138
337465.179
25309.655
338746.983
24882.490
340004.174
24462.621
341236.893
24050.019
342445.311
23644.645
343629.617
23246.453
344790.027
22855.389
345926.777
22471.392
347040.123
22094.394
348130.339
21724.322
349197.716
21361.095
350242.563
21004.629
351265.200
20654.832
352265.962
20311.611
353245.195
19974.866
354203.254
19644.495
355140.504
19320.392
356057.316
19002.449
356954.068
18690.555
357831.142
18384.596
358688.925
18084.459
359527.805
17790.028
360348.173
17501.186
361150.420
17217.815
361934.936
16939.798
362702.112
16667.018
363452.335
16399.356
364185.990
16136.696
364903.460
15878.921
365605.123
15625.916
366291.352
15377.567
366962.517
15133.759
367618.983
14894.381
368261.107
14659.323
368889.242
14428.475
369503.735
14201.730
370104.927
13978.983
370693.150
13760.131
371268.732
13545.070
371831.993
13333.702
372383.247
13125.929
372922.799
12921.654
373450.950
12720.785
373967.991
12523.230
374474.208
12328.898
374969.879
12137.703
375455.276
11949.559
375930.663
11764.382
376396.297
11582.092
376852.431
11402.609
377299.307
11225.856
377737.165
11051.757
378166.235
10880.239
378586.742
10711.231
378998.905
10544.663
379402.937
10380.468
379799.045
10218.579
380187.430
10058.934
380568.287
9901.468
380941.807
9746.123
381308.172
9592.838
381667.563
9441.558
382020.153
9292.225
382366.112
9144.787
382705.603
8999.190
383038.786
8855.384
383365.816
8713.319
383686.842
8572.947
384002.011
8434.220
384311.465
8297.095
384615.340
8161.525
384913.771
8027.469
385206.887
7894.885
385494.814
7763.732
385777.675
7633.971
386055.587
7505.563
386328.668
7378.473
386597.028
7252.663
386860.776
7128.098
387120.018
7004.745
387374.865
6882.567
387625.423
6761.528
387871.785
6641.599
388114.043
6522.752
388352.284
6404.958
388586.595
6288.190
388817.061
6172.421
389043.762
6057.625
389266.778
5943.778
389486.187
5830.855
389701.618
5719.065
389887.151
5621.955
390039.840
5541.190
390169.396
5471.805
390281.781
5410.751
390380.916
5356.023
390469.517
5306.233
390549.542
5260.382
390622.447
5217.725
390689.346
5177.695
390751.108
5139.847
390808.426
5103.831
390861.859
5069.362
390911.865
5036.207
390958.826
5004.174
391003.060
4973.102
391044.839
4942.854
391084.392
4913.317
391121.919
4884.391
391157.592
4855.991
391191.562
4828.044
391223.959
4800.485
391254.901
4773.260
391284.491
4746.320
391312.820
4719.621
391339.971
4693.126
391366.018
4666.802
391391.026
4640.619
391415.057
4614.553
391438.164
4588.579
391460.399
4562.679
391481.806
4536.834
391502.428
4511.029
391522.303
4485.250
391541.465
4459.484
391559.949
4433.723
391577.785
4407.955
391595.000
4382.173
391611.621
4356.372
391627.673
4330.543
391643.179
4304.683
391658.161
4278.788
391672.638
4252.853
391686.631
4226.877
391700.157
4200.857
391713.233
4174.791
391725.876
4148.678
391738.102
4122.517
391749.924
4096.309
391761.357
4070.052
391772.414
4043.747
391783.109
4017.395
391793.452
3990.996
391803.457
3964.552
391813.134
3938.063
391822.494
3911.530
391831.547
3884.956
391840.304
3858.342
391848.774
3831.688
391856.966
3804.998
391864.890
3778.272
391872.553
3751.513
391879.964
3724.723
391887.132
3697.903
391894.063
3671.055
391900.766
3644.181
391907.248
3617.283
391913.516
3590.364
391919.576
3563.424
391925.435
3536.466
391931.100
3509.491
391936.577
3482.502
391941.872
3455.500
391946.990
3428.488
391951.937
3401.465
391956.719
3374.435
391961.341
3347.399
391965.808
3320.359
391970.125
3293.315
391974.296
3266.271
391978.328
3239.226
391982.223
3212.182
391985.986
3185.142
391989.623
3158.105
391993.136
3131.074
391996.530
3104.049
391999.808
3077.032
392002.975
3050.024
392006.035
3023.026
392008.989
2996.038
392011.843
2969.063
392014.599
2942.100
392017.260
2915.151
392019.830
2888.217
392022.312
2861.298
392024.708
2834.395
392027.022
2807.509
392029.255
2780.641
392031.412
2753.791
392033.494
2726.960
392035.503
2700.149
392037.443
2673.357
392039.316
2646.587
392041.123
2619.838
392042.867
2593.110
392044.551
2566.405
392046.175
2539.722
392047.743
2513.062
392049.256
2486.426
392050.716
2459.813
392052.124
2433.225
392053.483
2406.661
392054.794
2380.122
392056.059
2353.608
392057.279
2327.119
392058.456
2300.655
392059.592
2274.218
392060.687
2247.807
392061.743
2221.421
392062.762
2195.063
392063.745
2168.730
392064.693
2142.425
392065.607
2116.146
392066.488
2089.895
392067.338
2063.670
392068.157
2037.473
392068.947
2011.304
392069.714
1985.003
392070.459
1958.517
392071.136
1933.568
392071.747
1910.211
392072.335
1886.781
392072.922
1862.436
392073.510
1837.176
392074.097
1811.001
392074.684
1783.912
392075.270
1755.911
392075.856
1726.997
392076.442
1697.173
392077.028
1666.439
392077.613
1634.796
392078.198
1602.245
392078.782
1568.788
392079.366
1534.426
392079.950
1499.160
392080.533
1462.991
392081.116
1425.921
392081.698
1387.951
392082.280
1349.083
392082.861
1309.321
392083.440
1268.815
392084.010
1228.018
392084.565
1187.405
392085.100
1147.284
392085.614
1107.846
392086.106
1069.225
392086.574
1031.528
392087.019
994.830
392087.440
959.181
392087.838
924.607
392088.213
891.120
392088.565
858.721
392088.896
827.402
392089.207
797.148
392089.497
767.940
392089.768
739.755
392090.021
712.567
392090.257
686.348
392090.476
661.072
392090.680
636.708
392090.869
613.229
392091.043
590.604
392091.205
568.805
392091.353
547.803
392091.491
527.572
392091.617
508.084
392091.732
489.313
392091.838
471.232
392091.935
453.818
392092.023
437.045
392092.104
420.892
392092.177
405.334
392092.243
390.351
392092.303
375.921
392092.357
362.024
392092.405
348.640
392092.449
335.751
392092.488
323.338
392092.523
311.384
392092.554
299.872
392092.581
288.786
392092.606
278.109
392092.627
267.827
392092.646
257.925
392092.662
248.389
392092.677
239.206
392092.689
230.362
392092.700
221.845
392092.709
213.644
392092.717
205.745
392092.724
198.138
392092.730
190.813
392092.735
183.759
392092.739
176.965
392092.742
170.423
392092.745
164.122
392092.748
158.055
392092.750
152.211
392092.751
146.584
392092.753
141.165
392092.754
135.946
392092.754
130.920
392092.755
126.081
392092.756
121.420
392092.756
116.931
392092.756
112.608
392092.757
108.445
392092.757
104.436
392092.757
100.576
392092.757
96.858
392092.757
93.277
392092.757
89.829
392092.757
86.508
392092.757
83.311
392092.757
80.231
392092.757
77.265
392092.757
74.409
392092.757
71.659
392092.757
69.010
392092.757
66.459
392092.757
64.002
392092.757
61.637
392092.757
59.358
392092.757
57.164
392092.757
55.052
392092.757
53.017
392092.757
51.057
392092.757
49.170
392092.757
47.353
392092.757
45.603
392092.757
43.917
392092.757
42.294
392092.757
40.731
392092.757
39.226
392092.757
37.776
392092.757
36.380
392092.757
35.036
392092.757
33.741
392092.757
32.494
392092.757
31.294
392092.757
30.137
392092.757
29.024
392092.757
27.951
392092.757
26.919
392092.757
25.924
392092.757
24.966
392092.757
24.044
392092.757
23.156
392092.757
22.300
392092.757
21.476
392092.757
20.683
392092.757
19.919
392092.757
19.183
392092.757
18.475
392092.757
17.792
392092.757
17.135
392092.757
16.502
392092.757
15.893
392092.757
15.306
392092.757
14.741
392092.757
14.196
392092.757
13.672
392092.757
13.167
392092.757
12.681
392092.757
12.213
392092.757
11.762
392092.757
11.328
392092.757
10.910
392092.757
10.507
392092.757
10.120
392092.757
 9.746
392092.757
 9.387
392092.757
 9.040
392092.757
 8.707
392092.757
 8.386
392092.757
 8.076
392092.757
 7.778
392092.757
 7.491
392092.757
 7.215
392092.757
 6.949
392092.757
 6.693
392092.757
 6.446
392092.757
 6.209
392092.757
 5.980
392092.757
 5.759
392092.757
 5.547
392092.757
 5.343
392092.757
 5.146
392092.757
 4.956
392092.757
 4.774
392092.757
 4.598
392092.757
 4.429
392092.757
 4.266
392092.757
 4.109
392092.757
 3.958
392092.757
 3.812
392092.757
 3.672
392092.757
 3.537
392092.757
 3.407
392092.757
 3.282
392092.757
 3.161
392092.757
 3.045
392092.757
 2.933
392092.757
 2.825
392092.757
 2.722
392092.757
 2.622
392092.757
 2.525
392092.757
 2.433
392092.757
 2.344
392092.757
 2.258
392092.757
 2.175
392092.757
 2.095
392092.757
 2.019
392092.757
 1.945
392092.757
 1.874
392092.757
 1.805
392092.757
 1.739
392092.757
 1.675
392092.757
 1.614
392092.757
 1.555
392092.757
 1.499
392092.757
 1.444
392092.757
 1.391
392092.757
 1.341
392092.757
 1.292
392092.757
 1.245
392092.757
 1.199
392092.757
 1.156
392092.757
 1.114
392092.757
 1.073
392092.757
 1.034
392092.757
 0.997
392092.757
 0.961
392092.757
 0.926
392092.757
 0.892
392092.757
 0.860
392092.757
 0.829
392092.757
 0.799
392092.757
 0.770
392092.757
 0.743
392092.757
 0.716
392092.757
 0.690
392092.757
 0.665
392092.757
 0.642
392092.767
 0.602
392092.769
 0.531
392092.783
 0.470
392092.808
 0.403
392092.834
 0.337
392092.861
 0.272
392092.888
 0.208
392092.917
 0.145
392092.945
 0.083
