4829.629
-1294.094
4829.629
-1295.822
4829.629
-1297.550
4829.629
-1299.278
4829.629
-1301.008
4829.629
-1302.738
4829.629
-1304.468
4829.629
-1306.200
4829.629
-1307.931
4829.629
-1309.664
4829.629
-1311.397
4829.629
-1313.131
4829.629
-1314.865
4829.629
-1316.601
4829.629
-1318.336
4829.629
-1320.073
4829.629
-1321.810
4829.629
-1323.548
4829.629
-1325.286
4829.629
-1327.025
4773.156
-1313.243
4766.343
-1313.108
4762.219
-1313.712
4759.145
-1314.605
4756.631
-1315.653
4754.461
-1316.795
4752.520
-1318.001
4750.740
-1319.251
4749.077
-1320.534
4747.502
-1321.841
4745.992
-1323.167
4744.532
-1324.506
4743.108
-1325.856
4741.710
-1327.214
4740.331
-1328.576
4738.963
-1329.942
4737.600
-1331.310
4736.237
-1332.677
4734.871
-1334.044
4733.495
-1335.409
4732.108
-1336.770
4730.704
-1338.127
4729.281
-1339.478
4727.836
-1340.823
4726.366
-1342.162
4724.866
-1343.492
4723.335
-1344.813
4721.770
-1346.125
4720.167
-1347.426
4718.524
-1348.715
4716.837
-1349.993
4715.103
-1351.256
4713.319
-1352.506
4711.483
-1353.740
4709.590
-1354.958
4707.637
-1356.159
4705.621
-1357.342
4703.537
-1358.505
4701.383
-1359.647
4699.153
-1360.768
4696.845
-1361.866
4694.453
-1362.939
4691.974
-1363.986
4689.401
-1365.007
4686.732
-1365.999
4683.960
-1366.960
4681.080
-1367.890
4678.086
-1368.786
4674.973
-1369.646
4671.735
-1370.470
4668.365
-1371.254
4664.856
-1371.997
4661.202
-1372.696
4657.396
-1373.350
4653.428
-1373.956
4649.292
-1374.511
4644.980
-1375.013
4640.482
-1375.459
4635.789
-1375.846
4630.892
-1376.171
4625.780
-1376.432
4620.444
-1376.624
4614.872
-1376.745
4609.054
-1376.791
4602.976
-1376.757
4596.628
-1376.641
4589.995
-1376.438
4583.066
-1376.144
4575.825
-1375.755
4568.258
-1375.265
4560.350
-1374.671
4552.086
-1373.966
4543.449
-1373.147
4534.424
-1372.207
4524.991
-1371.141
4515.134
-1369.943
4504.834
-1368.608
4494.072
-1367.129
4482.829
-1365.500
4471.084
-1363.714
4458.817
-1361.764
4446.007
-1359.645
4432.631
-1357.348
4418.669
-1354.866
4404.098
-1352.193
4388.895
-1349.320
4373.038
-1346.241
4356.503
-1342.947
4339.267
-1339.430
4321.306
-1335.683
4302.599
-1331.699
4283.122
-1327.469
4262.851
-1322.985
4241.766
-1318.241
4219.844
-1313.227
4197.064
-1307.939
4173.405
-1302.367
4148.850
-1296.505
4123.379
-1290.347
4096.976
-1283.887
4069.625
-1277.118
4041.313
-1270.036
4012.029
-1262.637
3981.763
-1254.915
3950.506
-1246.868
3918.255
-1238.494
3885.007
-1229.789
3850.763
-1220.754
3815.525
-1211.389
3779.300
-1201.694
3742.098
-1191.671
3703.932
-1181.323
3664.817
-1170.655
3624.774
-1159.671
3583.826
-1148.378
3542.000
-1136.783
3499.326
-1124.894
3455.837
-1112.723
3411.571
-1100.278
3366.567
-1087.572
3320.870
-1074.618
3274.525
-1061.430
3227.582
-1048.023
3180.091
-1034.412
3132.107
-1020.613
3083.684
-1006.644
3034.881
-992.522
2985.755
-978.266
2936.365
-963.895
2886.773
-949.426
2837.037
-934.879
2787.219
-920.274
2737.378
-905.628
2687.573
-890.962
2637.863
-876.294
2588.304
-861.643
2538.951
-847.025
2489.859
-832.459
2441.077
-817.962
2392.656
-803.550
2344.642
-789.237
2297.078
-775.040
2250.007
-760.971
2203.467
-747.044
2157.493
-733.271
2112.119
-719.664
2067.374
-706.232
2023.286
-692.985
1979.878
-679.932
1937.172
-667.081
1895.186
-654.438
1853.937
-642.009
1813.437
-629.800
1773.698
-617.815
1734.728
-606.057
1696.533
-594.530
1659.118
-583.235
1622.485
-572.174
1586.633
-561.348
1551.563
-550.758
1517.270
-540.403
1483.750
-530.283
1450.998
-520.396
1419.007
-510.741
1387.768
-501.317
1357.272
-492.120
1327.510
-483.148
1298.471
-474.400
1270.143
-465.870
1242.514
-457.557
1215.572
-449.457
1189.304
-441.566
1163.698
-433.880
1138.738
-426.396
1114.412
-419.109
1090.705
-412.016
1067.605
-405.113
1045.095
-398.395
1023.164
-391.858
1001.796
-385.498
980.979
-379.311
960.696
-373.293
940.937
-367.440
921.685
-361.747
902.930
-356.211
884.656
-350.827
866.851
-345.593
849.503
-340.502
832.598
-335.553
816.126
-330.741
800.072
-326.062
784.427
-321.513
769.178
-317.091
754.314
-312.791
739.824
-308.611
725.698
-304.546
711.924
-300.595
698.494
-296.753
685.396
-293.018
672.622
-289.386
660.162
-285.855
648.007
-282.422
636.148
-279.083
624.576
-275.837
613.284
-272.681
602.262
-269.611
591.504
-266.627
581.002
-263.724
570.748
-260.901
560.734
-258.156
550.955
-255.486
541.403
-252.889
532.072
-250.363
522.956
-247.906
514.048
-245.516
505.373
-243.207
496.889
-240.958
488.590
-238.767
480.470
-236.632
472.524
-234.554
464.749
-232.528
457.139
-230.556
449.691
-228.634
442.400
-226.762
435.262
-224.938
413.551
-215.495
334.087
-175.760
279.792
-148.895
240.368
-129.635
210.453
-115.237
186.979
-104.131
168.070
-95.357
152.510
-88.294
139.479
-82.521
128.405
-77.747
118.874
-73.758
110.583
-70.400
103.301
-67.554
96.851
-65.130
91.098
-63.057
85.930
-61.278
81.261
-59.749
77.019
-58.433
73.147
-57.300
69.596
-56.324
66.326
-55.486
63.303
-54.766
60.499
-54.151
57.890
-53.626
55.454
-53.182
53.174
-52.809
51.034
-52.497
49.020
-52.241
47.121
-52.033
45.327
-51.867
43.627
-51.740
42.016
-51.645
40.484
-51.580
39.026
-51.541
37.636
-51.524
36.309
-51.527
35.041
-51.547
33.828
-51.581
32.666
-51.629
31.551
-51.687
30.481
-51.754
29.453
-51.829
28.464
-51.910
27.513
-51.996
26.597
-52.086
25.714
-52.179
24.863
-52.273
24.043
-52.369
23.251
-52.466
22.486
-52.562
21.748
-52.657
21.034
-52.751
20.345
-52.844
19.678
-52.934
19.033
-53.022
18.410
-53.107
17.807
-53.189
17.224
-53.268
16.659
-53.344
16.113
-53.416
15.584
-53.485
15.072
-53.550
14.576
-53.611
14.097
-53.669
13.632
-53.722
13.182
-53.772
12.747
-53.818
12.326
-53.860
11.917
-53.899
11.522
-53.933
11.140
-53.964
10.769
-53.992
10.411
-54.015
10.063
-54.036
 9.727
-54.053
 9.402
-54.066
 9.087
-54.077
 8.782
-54.084
 8.487
-54.089
 8.201
-54.090
 7.925
-54.089
 7.658
-54.084
 7.399
-54.078
 7.148
-54.068
 6.906
-54.056
 6.671
-54.042
 6.444
-54.026
 6.225
-54.007
 6.013
-53.986
 5.807
-53.963
 5.608
-53.939
 5.416
-53.912
 5.230
-53.884
 5.051
-53.854
 4.877
-53.822
 4.709
-53.789
 4.546
-53.754
 4.389
-53.718
 4.237
-53.681
 4.091
-53.642
 3.949
-53.603
 3.812
-53.562
 3.679
-53.520
 3.551
-53.477
 3.427
-53.433
 3.307
-53.388
 3.192
-53.343
 3.080
-53.296
 2.972
-53.249
 2.868
-53.201
 2.767
-53.152
 2.670
-53.103
 2.575
-53.053
 2.485
-53.003
 2.397
-52.952
 2.312
-52.901
 2.230
-52.849
 2.151
-52.797
 2.075
-52.744
 2.001
-52.691
 1.930
-52.638
 1.861
-52.584
 1.795
-52.530
 1.731
-52.476
 1.669
-52.421
 1.609
-52.367
 1.552
-52.312
 1.528
-53.350
 1.426
-51.563
 1.285
-48.229
 1.177
-45.978
 1.176
-47.773
 1.175
-49.605
 1.174
-51.435
 1.174
-53.264
 1.173
-55.091
 1.173
-56.916
 1.172
-58.738
 1.171
-60.559
 1.171
-62.378
 1.170
-64.194
 1.169
-66.008
 1.168
-67.819
 1.168
-69.629
 1.167
-71.435
 1.166
-73.239
 1.165
-75.040
 1.164
-76.839
 1.163
-78.634
 1.162
-80.380
 1.151
-81.479
 1.126
-81.544
 1.091
-80.811
 1.050
-79.611
 1.006
-78.100
 0.960
-76.349
 0.913
-74.415
 0.866
-72.359
 0.819
-70.230
 0.772
-68.063
 0.727
-65.884
 0.683
-63.714
 0.641
-61.567
 0.600
-59.455
 0.561
-57.385
 0.524
-55.365
 0.489
-53.397
 0.455
-51.485
 0.422
-49.630
 0.392
-47.834
 0.363
-46.095
 0.336
-44.414
 0.310
-42.791
 0.286
-41.223
 0.263
-39.710
 0.241
-38.251
 0.221
-36.844
 0.203
-35.487
 0.185
-34.179
 0.169
-32.919
 0.153
-31.704
 0.139
-30.534
 0.126
-29.406
 0.114
-28.320
 0.102
-27.274
 0.092
-26.266
 0.082
-25.296
 0.074
-24.361
 0.066
-23.461
 0.058
-22.593
 0.052
-21.758
 0.046
-20.954
 0.040
-20.179
 0.035
-19.433
 0.031
-18.715
 0.027
-18.023
 0.023
-17.356
 0.020
-16.715
 0.017
-16.097
 0.015
-15.501
 0.013
-14.928
 0.011
-14.376
 0.009
-13.845
 0.008
-13.333
 0.006
-12.840
 0.005
-12.365
 0.004
-11.908
 0.004
-11.468
 0.003
-11.044
 0.002
-10.635
 0.002
-10.242
 0.002
-9.863
 0.001
-9.499
 0.001
-9.147
 0.001
-8.809
 0.001
-8.484
 0.000
-8.170
 0.000
-7.868
 0.000
-7.577
 0.000
-7.297
 0.000
-7.027
 0.000
-6.767
 0.000
-6.517
 0.000
-6.276
 0.000
-6.044
 0.000
-5.820
 0.000
-5.605
 0.000
-5.398
 0.000
-5.198
 0.000
-5.006
 0.000
-4.821
 0.000
-4.643
 0.000
-4.471
 0.000
-4.306
 0.000
-4.147
 0.000
-3.993
 0.000
-3.846
 0.000
-3.704
 0.000
-3.567
 0.000
-3.435
 0.000
-3.308
 0.000
-3.185
 0.000
-3.068
 0.000
-2.954
 0.000
-2.845
 0.000
-2.740
 0.000
-2.638
 0.000
-2.541
 0.000
-2.447
 0.000
-2.357
 0.000
-2.269
 0.000
-2.185
 0.000
-2.105
 0.000
-2.027
 0.000
-1.952
 0.000
-1.880
 0.000
-1.810
 0.000
-1.743
 0.000
-1.679
 0.000
-1.617
 0.000
-1.557
 0.000
-1.499
 0.000
-1.444
 0.000
-1.391
 0.000
-1.339
 0.000
-1.290
 0.000
-1.242
 0.000
-1.196
 0.000
-1.152
 0.000
-1.109
 0.000
-1.068
 0.000
-1.029
 0.000
-0.991
 0.000
-0.954
 0.000
-0.919
 0.000
-0.885
 0.000
-0.852
 0.000
-0.821
 0.000
-0.790
 0.000
-0.761
 0.000
-0.733
 0.000
-0.706
 0.000
-0.680
 0.000
-0.655
 0.000
-0.630
 0.000
-0.607
 0.000
-0.585
 0.000
-0.563
 0.000
-0.542
 0.000
-0.522
 0.000
-0.503
 0.000
-0.484
 0.000
-0.466
 0.000
-0.449
 0.000
-0.432
 0.000
-0.416
 0.000
-0.401
 0.000
-0.386
 0.000
-0.372
 0.000
-0.358
 0.000
-0.345
 0.000
-0.332
 0.000
-0.320
 0.000
-0.308
 0.000
-0.297
 0.000
-0.286
 0.000
-0.275
 0.000
-0.265
 0.000
-0.255
 0.000
-0.246
 0.000
-0.237
 0.000
-0.228
 0.000
-0.219
 0.000
-0.211
 0.000
-0.204
 0.000
-0.196
 0.000
-0.189
 0.000
-0.182
 0.000
-0.175
 0.000
-0.169
 0.000
-0.162
 0.000
-0.156
 0.000
-0.151
 0.000
-0.145
 0.000
-0.140
 0.000
-0.134
 0.000
-0.130
 0.000
-0.125
 0.000
-0.120
 0.000
-0.116
 0.000
-0.111
 0.000
-0.107
 0.000
-0.103
 0.000
-0.099
 0.000
-0.096
 0.000
-0.092
 0.000
-0.089
 0.000
-0.086
 0.000
-0.082
 0.000
-0.079
 0.000
-0.076
 0.000
-0.074
 0.000
-0.071
 0.000
-0.068
 0.000
-0.066
 0.000
-0.063
 0.000
-0.061
 0.000
-0.059
 0.000
-0.057
 0.000
-0.054
 0.000
-0.052
 0.000
-0.051
 0.000
-0.049
 0.000
-0.047
 0.045
-0.180
 0.003
-0.084
 0.084
-0.114
 0.102
-0.129
 0.105
-0.128
 0.110
-0.126
 0.113
-0.124
 0.117
-0.123
 0.121
-0.121
