 0.352
 0.352
 0.352
 0.353
 0.353
 0.353
 0.353
 0.353
 0.353
 0.354
 0.354
 0.354
 0.354
 0.354
 0.355
 2.851
 0.956
 0.616
 0.488
 0.428
 0.395
 0.377
 0.365
 0.358
 0.353
 0.350
 0.349
 0.348
 0.348
 0.349
 0.350
 0.352
 0.354
 0.357
 0.360
 0.364
 0.369
 0.375
 0.381
 0.389
 0.397
 0.406
 0.416
 0.428
 0.441
 0.456
 0.471
 0.489
 0.508
 0.530
 0.553
 0.578
 0.606
 0.636
 0.668
 0.704
 0.742
 0.782
 0.826
 0.874
 0.925
 0.979
 1.037
 1.099
 1.166
 1.237
 1.313
 1.393
 1.479
 1.570
 1.667
 1.770
 1.879
 1.994
 2.117
 2.246
 2.383
 2.528
 2.680
 2.840
 3.009
 3.187
 3.373
 3.568
 3.772
 3.986
 4.208
 4.440
 4.681
 4.931
 5.190
 5.457
 5.732
 6.015
 6.305
 6.602
 6.903
 7.210
 7.520
 7.833
 8.147
 8.461
 8.774
 9.083
 9.389
 9.688
 9.980
10.262
10.533
10.792
11.036
11.265
11.477
11.671
11.845
11.999
12.131
12.242
12.331
12.397
12.441
12.462
12.461
12.439
12.396
12.332
12.249
12.149
12.031
11.897
11.748
11.587
11.413
11.228
11.034
10.831
10.622
10.407
10.187
 9.963
 9.736
 9.508
 9.279
 9.050
 8.821
 8.594
 8.369
 8.145
 7.925
 7.708
 7.494
 7.285
 7.079
 6.878
 6.681
 6.489
 6.301
 6.118
 5.940
 5.767
 5.599
 5.435
 5.276
 5.122
 4.973
 4.828
 4.687
 4.551
 4.420
 4.292
 4.169
 4.049
 3.934
 3.822
 3.714
 3.610
 3.509
 3.411
 3.316
 3.225
 3.137
 3.051
 2.969
 2.889
 2.812
 2.737
 2.665
 2.595
 2.528
 2.462
 2.399
 2.338
 2.279
 2.222
 2.167
 2.113
 2.061
 2.011
 1.962
 1.915
 1.870
 1.826
 1.783
 1.741
 1.701
 1.662
 1.624
 1.588
 1.552
 1.518
 1.485
 1.452
 1.421
 1.390
 1.361
 1.332
 1.304
20.562
14.066
10.214
 7.745
 6.070
 4.882
 4.009
 3.350
 2.840
 2.428
 2.108
 1.847
 1.632
 1.452
 1.301
 1.172
 1.062
 0.967
 0.884
 0.813
 0.750
 0.694
 0.645
 0.601
 0.562
 0.527
 0.496
 0.468
 0.442
 0.419
 0.398
 0.379
 0.361
 0.345
 0.330
 0.316
 0.303
 0.291
 0.280
 0.270
 0.260
 0.251
 0.242
 0.234
 0.227
 0.219
 0.212
 0.205
 0.199
 0.193
 0.187
 0.181
 0.176
 0.171
 0.165
 0.161
 0.156
 0.151
 0.147
 0.142
 0.138
 0.134
 0.130
 0.126
 0.123
 0.119
 0.115
 0.112
 0.109
 0.105
 0.102
 0.099
 0.096
 0.093
 0.091
 0.088
 0.085
 0.083
 0.080
 0.078
 0.075
 0.073
 0.071
 0.069
 0.067
 0.065
 0.063
 0.061
 0.059
 0.057
 0.056
 0.054
 0.052
 0.051
 0.049
 0.048
 0.046
 0.045
 0.044
 0.042
 0.041
 0.040
 0.039
 0.038
 0.037
 0.036
 0.035
 0.034
 0.033
 0.032
 0.031
 0.030
 0.030
 0.029
 0.028
 0.027
 0.027
 0.026
 0.026
 0.025
 0.024
 0.024
 0.023
 0.023
 0.022
 0.022
 0.021
 0.021
 0.021
 0.020
 0.020
 0.020
 0.019
 0.019
 0.019
 0.018
 0.018
 0.018
 0.018
 0.017
 0.017
 0.017
 0.017
 0.016
 0.016
 0.016
 0.016
 0.016
 0.016
 0.015
 0.015
 0.015
 0.015
 0.015
 0.015
 0.015
 0.015
 0.014
 0.014
 0.014
 0.014
 0.014
 0.014
 0.014
 0.014
 0.014
 0.014
 0.014
 0.014
 0.013
 0.013
 0.013
 0.013
 0.013
 0.013
 0.013
 0.013
 0.013
 0.013
 0.013
 0.013
 0.013
 0.013
 0.013
 0.013
 0.013
 0.013
 0.013
 0.013
 0.013
 0.012
 0.012
 0.373
 0.680
 0.680
 0.363
 0.374
 0.373
 0.373
 0.373
 0.372
 0.372
 0.371
 0.371
 0.370
 0.370
 0.369
 0.369
 0.368
 0.368
 0.367
 0.367
 0.366
 0.366
 0.293
 0.085
 0.108
 0.220
 0.290
 0.343
 0.384
 0.413
 0.431
 0.440
 0.444
 0.444
 0.440
 0.433
 0.425
 0.415
 0.405
 0.394
 0.382
 0.370
 0.358
 0.347
 0.335
 0.323
 0.312
 0.301
 0.290
 0.280
 0.270
 0.260
 0.251
 0.242
 0.233
 0.224
 0.216
 0.208
 0.200
 0.193
 0.186
 0.179
 0.172
 0.166
 0.160
 0.154
 0.148
 0.143
 0.138
 0.132
 0.128
 0.123
 0.118
 0.114
 0.110
 0.106
 0.102
 0.098
 0.094
 0.091
 0.088
 0.084
 0.081
 0.078
 0.075
 0.072
 0.070
 0.067
 0.065
 0.062
 0.060
 0.058
 0.056
 0.054
 0.052
 0.050
 0.048
 0.046
 0.044
 0.043
 0.041
 0.040
 0.038
 0.037
 0.035
 0.034
 0.033
 0.032
 0.030
 0.029
 0.028
 0.027
 0.026
 0.025
 0.024
 0.023
 0.023
 0.022
 0.021
 0.020
 0.019
 0.019
 0.018
 0.017
 0.017
 0.016
 0.015
 0.015
 0.014
 0.014
 0.013
 0.013
 0.012
 0.012
 0.011
 0.011
 0.011
 0.010
 0.010
 0.009
 0.009
 0.009
 0.008
 0.008
 0.008
 0.008
 0.007
 0.007
 0.007
 0.007
 0.006
 0.006
 0.006
 0.006
 0.005
 0.005
 0.005
 0.005
 0.005
 0.004
 0.004
 0.004
 0.004
 0.004
 0.004
 0.004
 0.003
 0.003
 0.003
 0.003
 0.003
 0.003
 0.003
 0.003
 0.003
 0.002
 0.002
 0.002
 0.002
 0.002
 0.002
 0.002
 0.002
 0.002
 0.002
 0.002
 0.002
 0.002
 0.001
 0.001
 0.001
 0.001
 0.001
 0.001
 0.001
 0.001
 0.001
 0.001
 0.001
 0.001
 0.001
 0.001
 0.001
 0.001
 0.001
 0.001
 0.001
 0.001
 0.001
 0.001
 0.001
 0.001
 0.001
 0.001
 0.001
 0.001
 0.001
 0.001
 0.000
 0.000
 0.000
 0.000
 0.000
 0.000
 0.000
 0.000
 0.000
 0.054
 0.244
 0.248
 0.261
 0.273
 0.285
 0.296
 0.307
 0.318
