5000.000
5000.591
5001.183
5001.776
5002.369
5002.964
5003.559
5004.155
5004.752
5005.349
5005.948
5006.547
5007.147
5007.748
5008.350
4967.262
4959.680
4956.198
4953.900
4952.167
4950.757
4949.552
4948.484
4947.510
4946.601
4945.736
4944.898
4944.076
4943.259
4942.439
4941.608
4940.760
4939.888
4938.987
4938.052
4937.076
4936.055
4934.983
4933.856
4932.668
4931.413
4930.086
4928.681
4927.191
4925.611
4923.934
4922.152
4920.259
4918.246
4916.105
4913.828
4911.405
4908.827
4906.082
4903.161
4900.052
4896.742
4893.219
4889.468
4885.476
4881.226
4876.702
4871.887
4866.763
4861.311
4855.509
4849.337
4842.771
4835.788
4828.363
4820.468
4812.077
4803.160
4793.686
4783.624
4772.939
4761.599
4749.565
4736.801
4723.269
4708.928
4693.737
4677.653
4660.635
4642.638
4623.618
4603.530
4582.330
4559.973
4536.415
4511.612
4485.523
4458.107
4429.327
4399.146
4367.532
4334.456
4299.894
4263.824
4226.231
4187.108
4146.449
4104.259
4060.549
4015.335
3968.645
3920.511
3870.976
3820.088
3767.906
3714.494
3659.926
3604.281
3547.646
3490.112
3431.777
3372.742
3313.112
3252.994
3192.499
3131.735
3070.813
3009.841
2948.926
2888.172
2827.678
2767.541
2707.852
2648.698
2590.159
2532.310
2475.218
2418.947
2363.551
2309.080
2255.579
2203.083
2151.625
2101.230
2051.919
2003.707
1956.605
1910.621
1865.755
1822.008
1779.374
1737.846
1697.414
1658.066
1619.786
1582.558
1546.365
1511.186
1477.001
1443.790
1411.529
1380.197
1349.769
1320.224
1291.537
1263.685
1236.644
1210.392
1184.905
1160.160
1136.135
1112.809
1090.159
1068.164
1046.803
1026.057
1005.906
986.329
967.310
948.829
930.869
913.414
896.445
879.948
863.908
848.308
833.134
818.373
804.011
790.035
776.432
763.190
750.298
737.743
725.515
713.604
702.000
690.692
679.671
668.928
658.454
648.241
638.281
628.565
619.086
609.838
600.812
592.002
583.401
