 0.000
125000.000
2349.232
124144.518
4698.464
123288.173
7047.695
122430.963
9396.927
121572.888
11746.159
120713.949
14095.391
119854.143
16444.623
118993.471
18793.854
118131.933
21143.086
117269.528
23492.318
116406.256
25841.550
115542.115
28190.782
114677.107
30540.013
113811.230
32889.245
112944.484
35230.825
112080.594
37559.058
111222.331
39884.767
110364.426
42208.937
109506.400
44531.936
108648.073
46853.958
107789.350
49175.120
106930.176
51495.497
106070.512
53815.141
105210.334
56134.086
104349.625
58452.357
103488.371
60769.970
102626.566
63086.933
101764.205
65403.252
100901.285
67718.926
100037.806
70033.951
99173.769
72348.322
98309.178
74662.029
97444.038
76975.059
96578.353
79287.398
95712.131
81599.028
94845.381
83909.931
93978.111
86220.085
93110.333
88529.464
92242.057
90838.044
91373.298
93145.794
90504.069
95452.683
89634.386
97758.678
88764.265
100063.741
87893.725
102367.833
87022.786
104670.911
86151.467
106972.931
85279.792
109273.842
84407.785
111573.594
83535.472
113872.129
82662.881
116169.389
81790.041
118465.310
80916.985
120759.825
80043.745
123052.859
79170.359
125344.338
78296.865
127634.178
77423.303
129922.292
76549.719
132208.587
75676.158
134492.964
74802.670
136775.318
73929.309
139055.535
73056.132
141333.498
72183.197
143609.079
71310.569
145882.144
70438.316
148152.549
69566.511
150420.142
68695.230
152684.762
67824.554
154946.237
66954.572
157204.386
66085.373
159459.016
65217.057
161709.923
64349.726
163956.889
63483.490
166199.686
62618.465
168438.072
61754.775
170671.789
60892.549
172900.565
60031.924
175124.116
59173.047
177342.138
58316.069
179554.311
57461.153
181760.302
56608.469
183959.755
55758.195
186152.299
54910.520
188337.543
54065.641
190515.078
53223.765
192684.474
52385.109
194845.283
51549.898
196997.035
50718.370
199139.241
49890.771
201271.393
49067.355
203392.959
48248.390
205503.391
47434.149
207602.121
46624.918
209688.561
45820.989
211762.105
45022.663
213822.132
44230.248
215868.004
43444.061
217899.068
42664.424
219914.660
41891.662
221914.103
41126.107
223896.715
40368.093
225861.804
39617.953
227808.678
38876.023
229736.641
38142.637
231645.003
37418.124
233533.076
36702.810
235400.183
35997.012
237245.659
35301.041
239068.855
34615.196
240869.142
33939.764
242645.914
33275.019
244398.590
32621.217
246126.621
31978.598
247829.492
31347.383
249506.722
30727.772
251157.872
30119.943
252782.543
29524.052
254380.380
28940.230
255951.076
28368.585
257494.370
27809.198
259010.048
27262.126
260497.946
26727.401
261957.952
26205.030
263389.999
25694.993
264794.072
25197.250
266170.200
24711.733
267518.462
24238.355
268838.979
23777.007
270131.916
23327.560
271397.479
22889.866
272635.910
22463.759
273847.491
22049.059
275032.532
21645.570
276191.377
21253.085
277324.396
20871.385
278431.984
20500.241
279514.559
20139.416
280572.557
19788.667
281606.430
19447.744
282616.645
19116.395
283603.682
18794.363
284568.027
18481.391
285510.175
18177.220
286430.625
17881.592
287329.880
17594.250
288208.443
17314.938
289066.818
17043.405
289905.506
16779.400
290725.006
16522.678
291525.810
16272.998
292308.407
16030.123
293073.280
15793.821
293820.902
15563.866
294551.741
15340.037
295266.254
15122.119
295964.892
14909.902
296648.093
14703.183
297316.289
14501.764
297969.898
14305.453
298609.333
14114.064
299234.991
13927.419
299847.262
13745.342
300446.526
13567.665
301033.150
13394.226
301607.494
13224.868
302169.905
13059.439
302720.720
12897.794
303260.268
12739.791
303788.867
12585.294
304306.825
12434.173
304814.441
12286.301
305312.005
12141.556
305799.798
11999.823
306278.090
11860.987
306747.146
11724.941
307207.220
11591.580
307658.559
11460.804
308101.401
11332.516
308535.978
11206.622
308962.513
11083.034
309381.223
10961.665
309792.317
10842.432
310195.997
10725.256
310592.460
10610.059
310981.896
10496.768
311364.487
10385.311
311740.412
10275.620
312109.843
10167.629
312472.945
10061.275
312829.880
9956.496
313180.804
9853.234
313525.867
9751.432
313865.216
9651.036
314198.991
9551.992
314527.331
9454.251
314850.367
9357.763
315168.228
9262.482
315481.038
9168.362
315788.918
9075.360
316091.984
8983.433
316390.350
8892.541
316684.125
8802.645
316973.416
8713.707
317258.324
8625.691
317538.952
8538.562
