4698.464
-1710.099
4698.464
-1711.827
4698.464
-1713.555
4698.464
-1715.284
4698.464
-1717.014
4698.464
-1718.745
4698.464
-1720.477
4698.464
-1722.210
4698.464
-1723.943
4698.464
-1725.677
4698.464
-1727.413
4698.464
-1729.149
4698.464
-1730.885
4698.464
-1732.623
4698.464
-1734.362
4660.793
-1717.761
4653.397
-1715.903
4649.706
-1715.847
4647.085
-1716.312
4644.973
-1717.026
4643.154
-1717.882
4641.519
-1718.828
4640.007
-1719.835
4638.579
-1720.883
4637.210
-1721.960
4635.879
-1723.056
4634.574
-1724.165
4633.281
-1725.281
4631.993
-1726.399
4630.701
-1727.516
4629.399
-1728.629
4628.081
-1729.733
4626.741
-1730.828
4625.374
-1731.909
4623.976
-1732.975
4622.540
-1734.024
4621.064
-1735.052
4619.541
-1736.058
4617.968
-1737.039
4616.340
-1737.993
4614.650
-1738.917
4612.896
-1739.810
4611.070
-1740.667
4609.169
-1741.487
4607.185
-1742.266
4605.114
-1743.001
4602.948
-1743.690
4600.681
-1744.329
4598.306
-1744.914
4595.816
-1745.441
4593.203
-1745.907
4590.458
-1746.308
4587.574
-1746.638
4584.540
-1746.894
4581.347
-1747.070
4577.984
-1747.161
4574.441
-1747.162
4570.706
-1747.065
4566.767
-1746.867
4562.610
-1746.558
4558.222
-1746.133
4553.587
-1745.584
4548.692
-1744.904
4543.519
-1744.083
4538.050
-1743.113
4532.268
-1741.985
4526.154
-1740.688
4519.687
-1739.213
4512.845
-1737.548
4505.607
-1735.683
4497.947
-1733.605
4489.842
-1731.300
4481.266
-1728.757
4472.190
-1725.961
4462.587
-1722.898
4452.425
-1719.552
4441.676
-1715.907
4430.305
-1711.949
4418.279
-1707.658
4405.564
-1703.019
4392.124
-1698.013
4377.921
-1692.621
4362.919
-1686.826
4347.078
-1680.606
4330.358
-1673.944
4312.721
-1666.819
4294.125
-1659.211
4274.531
-1651.102
4253.897
-1642.471
4232.185
-1633.299
4209.355
-1623.568
4185.368
-1613.260
4160.189
-1602.357
4133.782
-1590.845
4106.114
-1578.707
4077.155
-1565.933
4046.879
-1552.509
4015.262
-1538.427
3982.284
-1523.681
3947.932
-1508.266
3912.195
-1492.181
3875.068
-1475.427
3836.555
-1458.009
3796.662
-1439.935
3755.404
-1421.217
3712.803
-1401.870
3668.886
-1381.914
3623.689
-1361.370
3577.256
-1340.266
3529.636
-1318.630
3480.885
-1296.498
3431.068
-1273.904
3380.254
-1250.889
3328.520
-1227.495
3275.946
-1203.768
3222.619
-1179.753
3168.629
-1155.499
3114.068
-1131.056
3059.034
-1106.473
3003.623
-1081.803
2947.934
-1057.094
2892.067
-1032.398
2836.117
-1007.762
2780.183
-983.235
2724.357
-958.861
2668.731
-934.686
2613.392
-910.749
2558.425
-887.089
2503.907
-863.744
2449.913
-840.744
2396.512
-818.122
2343.767
-795.902
2291.736
-774.110
2240.472
-752.767
2190.021
-731.889
2140.424
-711.492
2091.717
-691.588
2043.931
-672.187
1997.091
-653.295
1951.217
-634.918
1906.327
-617.057
1862.431
-599.713
1819.537
-582.885
1777.651
-566.569
1736.771
-550.761
1696.897
-535.456
1658.022
-520.646
1620.140
-506.322
1583.240
-492.477
1547.310
-479.100
1512.338
-466.182
1478.307
-453.711
1445.201
-441.676
1413.003
-430.066
1381.694
-418.869
1351.255
-408.073
1321.667
-397.667
1292.909
-387.638
1264.961
-377.975
1237.802
-368.666
1211.411
-359.699
1185.767
-351.062
1160.850
-342.745
1136.640
-334.737
1113.115
-327.026
1090.256
-319.602
1068.043
-312.455
1046.456
-305.575
1025.476
-298.952
1005.085
-292.577
985.264
-286.440
965.996
-280.532
947.262
-274.846
929.046
-269.373
911.332
-264.104
894.103
-259.033
877.343
-254.151
861.039
-249.452
845.174
-244.929
829.735
-240.575
814.708
-236.383
800.079
-232.348
785.836
-228.464
771.967
-224.725
758.458
-221.125
745.299
-217.660
732.478
-214.324
719.985
-211.113
707.808
-208.021
695.938
-205.045
684.364
-202.181
673.078
-199.423
662.070
-196.768
651.332
-194.213
640.855
-191.754
630.630
-189.386
620.650
-187.108
610.908
-184.915
601.395
-182.805
592.105
-180.775
583.031
-178.822
574.166
-176.942
565.503
-175.134
557.038
-173.395
548.763
-171.723
540.673
-170.114
532.763
-168.568
525.027
-167.081
517.460
-165.652
510.056
-164.279
502.812
-162.960
495.723
-161.693
488.783
-160.476
481.989
-159.307
475.337
-158.185
468.822
-157.109
462.441
-156.076
453.494
-154.142
374.004
-128.810
317.905
-111.199
276.212
-98.343
244.014
-88.620
218.402
-81.070
197.542
-75.087
180.223
-70.272
165.611
-66.348
153.143
-63.133
142.368
-60.475
132.946
-58.260
124.635
-56.409
117.246
-54.859
110.632
-53.561
104.674
-52.476
99.278
-51.573
94.366
-50.824
89.872
-50.209
85.744
-49.709
81.937
-49.311
78.413
-48.999
75.141
-48.765
72.091
-48.598
69.242
-48.490
66.572
-48.433
64.063
-48.423
61.701
-48.453
59.471
-48.517
57.362
-48.613
55.363
-48.736
53.464
-48.883
51.658
-49.050
49.938
-49.235
48.295
-49.435
46.725
-49.647
45.223
-49.871
43.783
-50.103
42.402
-50.343
41.075
-50.588
39.799
-50.837
38.570
-51.089
37.387
-51.343
36.246
-51.598
35.145
-51.852
34.081
-52.105
33.054
-52.356
32.060
-52.604
31.099
-52.849
30.168
-53.090
29.267
-53.326
28.394
-53.558
27.548
-53.784
26.727
-54.005
25.932
-54.220
25.160
-54.429
24.411
-54.631
23.684
-54.827
22.978
-55.016
22.293
-55.198
21.628
-55.373
20.982
-55.542
20.354
-55.703
19.745
-55.858
19.153
-56.005
18.577
-56.146
18.018
-56.279
17.476
-56.406
16.948
-56.526
16.436
-56.640
15.938
-56.746
15.454
-56.847
14.984
-56.941
14.528
-57.029
14.084
-57.111
13.654
-57.187
13.235
-57.257
12.829
-57.321
12.434
-57.381
12.051
-57.434
11.679
-57.483
11.318
-57.527
10.967
-57.565
10.626
-57.599
10.295
-57.629
 9.974
-57.654
 9.663
-57.675
 9.360
-57.692
 9.067
-57.705
 8.782
-57.714
 8.505
-57.719
 8.237
-57.721
 7.977
-57.719
 7.725
-57.715
 7.480
-57.707
 7.242
-57.696
 7.012
-57.682
 6.788
-57.666
 6.572
-57.647
 6.361
-57.625
 6.158
-57.601
 5.960
-57.575
 5.769
-57.546
 5.583
-57.516
 5.403
-57.483
 5.228
-57.449
 5.059
-57.413
 4.895
-57.375
 4.737
-57.335
 4.583
-57.294
 4.434
-57.252
 4.289
-57.208
 4.149
-57.162
 4.014
-57.116
 3.882
-57.068
 3.755
-57.019
 3.632
-56.970
 3.512
-56.919
 3.397
-56.867
 3.285
-56.814
 3.176
-56.760
 3.071
-56.706
 2.970
-56.651
 2.871
-56.595
 2.776
-56.539
 2.684
-56.482
 2.595
-56.424
 2.508
-56.366
 2.424
-56.307
 2.344
-56.248
 2.265
-56.188
 2.189
-56.128
 2.116
-56.068
 2.045
-56.007
 1.976
-55.946
 1.910
-55.885
 1.845
-55.823
 1.783
-55.761
 1.723
-55.699
 1.665
-55.637
 1.608
-55.574
 1.554
-55.512
 1.501
-55.449
 1.450
-55.386
 1.401
-55.323
 1.353
-55.260
 1.307
-55.196
 1.262
-55.133
 1.219
-55.069
 1.177
-55.006
 1.137
-54.943
 1.098
-54.879
 1.060
-54.815
 1.024
-54.752
 0.989
-54.688
 0.954
-54.625
 0.922
-54.561
 0.890
-54.498
 0.859
-54.434
 0.829
-54.371
 0.800
-54.307
 0.773
-54.244
 0.746
-54.181
 0.720
-54.117
 0.695
-54.054
 0.671
-53.991
 0.647
-53.928
 0.625
-53.865
 0.603
-53.802
 0.582
-53.740
 0.561
-53.677
 0.542
-53.614
 0.523
-53.552
 0.504
-53.489
 0.486
-53.427
 0.469
-53.365
 0.453
-53.303
 0.437
-53.241
 0.421
-53.179
 0.406
-53.117
 0.392
-53.056
 0.378
-52.994
 0.365
-52.933
 0.352
-52.872
 0.339
-52.810
 0.327
-52.749
 0.315
-52.688
 0.304
-52.628
 0.293
-52.567
 0.283
-52.506
 0.273
-52.446
 0.263
-52.386
 0.260
-53.721
 0.238
-50.901
 0.214
-47.565
 0.200
-46.313
 0.200
-48.141
 0.200
-49.973
 0.200
-51.803
 0.200
-53.631
 0.200
-55.458
 0.200
-57.282
 0.200
-59.105
 0.200
-60.925
 0.199
-62.743
 0.199
-64.559
 0.199
-66.372
 0.199
-68.184
 0.199
-69.992
 0.199
-71.798
 0.199
-73.602
 0.198
-75.402
 0.198
-77.200
 0.198
-78.995
 0.198
-80.685
 0.196
-81.601
 0.191
-81.490
 0.185
-80.651
 0.178
-79.385
 0.170
-77.826
 0.162
-76.035
 0.154
-74.074
 0.146
-72.000
 0.138
-69.861
 0.130
-67.690
 0.123
-65.511
 0.115
-63.343
 0.108
-61.201
 0.101
-59.095
 0.094
-57.033
 0.088
-55.021
 0.082
-53.063
 0.076
-51.160
 0.071
-49.316
 0.066
-47.529
 0.061
-45.800
 0.056
-44.130
 0.052
-42.516
 0.048
-40.957
 0.044
-39.454
 0.041
-38.004
 0.037
-36.605
 0.034
-35.257
 0.031
-33.957
 0.028
-32.705
 0.026
-31.498
 0.023
-30.336
 0.021
-29.215
 0.019
-28.136
 0.017
-27.097
 0.015
-26.096
 0.014
-25.131
 0.012
-24.203
 0.011
-23.308
 0.010
-22.446
 0.009
-21.617
 0.008
-20.818
 0.007
-20.048
 0.006
-19.307
 0.005
-18.593
 0.004
-17.906
 0.004
-17.243
 0.003
-16.606
 0.003
-15.992
 0.002
-15.401
 0.002
-14.831
 0.002
-14.283
 0.001
-13.755
 0.001
-13.246
 0.001
-12.756
 0.001
-12.285
 0.001
-11.831
 0.001
-11.393
 0.000
-10.972
 0.000
-10.566
 0.000
-10.175
 0.000
-9.799
 0.000
-9.437
 0.000
-9.088
 0.000
-8.752
 0.000
-8.428
 0.000
-8.117
 0.000
-7.817
 0.000
-7.528
 0.000
-7.249
 0.000
-6.981
 0.000
-6.723
 0.000
-6.475
 0.000
-6.235
 0.000
-6.005
 0.000
-5.783
 0.000
-5.569
 0.000
-5.363
 0.000
-5.165
 0.000
-4.974
 0.000
-4.790
 0.000
-4.613
 0.000
-4.442
 0.000
-4.278
 0.000
-4.120
 0.000
-3.967
 0.000
-3.821
 0.000
-3.679
 0.000
-3.543
 0.000
-3.412
 0.000
-3.286
 0.000
-3.165
 0.000
-3.048
 0.000
-2.935
 0.000
-2.826
 0.000
-2.722
 0.000
-2.621
 0.000
-2.524
 0.000
-2.431
 0.000
-2.341
 0.000
-2.255
 0.000
-2.171
 0.000
-2.091
 0.000
-2.014
 0.000
-1.939
 0.000
-1.868
 0.000
-1.798
 0.000
-1.732
 0.000
-1.668
 0.000
-1.606
 0.000
-1.547
 0.000
-1.490
 0.000
-1.435
 0.000
-1.382
 0.000
-1.330
 0.000
-1.281
 0.000
-1.234
 0.000
-1.188
 0.000
-1.144
 0.000
-1.102
 0.000
-1.061
 0.000
-1.022
 0.000
-0.984
 0.000
-0.948
 0.000
-0.913
 0.000
-0.879
 0.000
-0.847
 0.000
-0.815
 0.000
-0.785
 0.000
-0.756
 0.000
-0.728
 0.000
-0.701
 0.000
-0.675
 0.000
-0.650
 0.000
-0.626
 0.000
-0.603
 0.000
-0.581
 0.000
-0.559
 0.000
-0.539
 0.000
-0.519
 0.000
-0.500
 0.000
-0.481
 0.000
-0.463
 0.000
-0.446
 0.000
-0.430
 0.000
-0.414
 0.000
-0.398
 0.000
-0.384
 0.000
-0.370
 0.000
-0.356
 0.000
-0.343
 0.000
-0.330
 0.000
-0.318
 0.000
-0.306
 0.000
-0.295
 0.000
-0.284
 0.000
-0.273
 0.000
-0.263
 0.000
-0.254
 0.000
-0.244
 0.000
-0.235
 0.000
-0.226
 0.000
-0.218
 0.000
-0.210
 0.000
-0.202
 0.000
-0.195
 0.000
-0.188
 0.000
-0.181
 0.000
-0.174
 0.000
-0.168
 0.000
-0.161
 0.000
-0.155
 0.000
-0.150
 0.000
-0.144
 0.000
-0.139
 0.000
-0.134
 0.000
-0.129
 0.000
-0.124
 0.000
-0.119
 0.000
-0.115
 0.000
-0.111
 0.000
-0.107
 0.000
-0.103
 0.000
-0.099
 0.000
-0.095
 0.000
-0.092
 0.000
-0.088
 0.000
-0.085
 0.000
-0.082
 0.000
-0.079
 0.000
-0.076
 0.000
-0.073
 0.000
-0.070
 0.000
-0.068
 0.000
-0.065
 0.000
-0.063
 0.000
-0.061
 0.000
-0.058
 0.000
-0.056
 0.000
-0.054
 0.000
-0.052
 0.000
-0.050
 0.000
-0.048
 0.000
-0.047
 0.022
-0.159
 0.097
-0.131
 0.097
-0.130
 0.102
-0.129
 0.106
-0.127
 0.110
-0.126
 0.114
-0.124
 0.118
-0.122
 0.121
-0.121
