 0.352
 0.352
 0.352
 0.352
 0.353
 0.353
 0.353
 0.353
 0.353
 0.353
 0.353
 0.353
 0.353
 0.353
 0.354
 0.354
 0.354
 0.354
 0.354
 0.354
 0.354
 0.354
 0.354
 0.355
 4.476
 1.116
 0.686
 0.533
 0.462
 0.424
 0.401
 0.387
 0.377
 0.371
 0.366
 0.362
 0.360
 0.358
 0.357
 0.356
 0.355
 0.354
 0.354
 0.354
 0.354
 0.354
 0.354
 0.354
 0.354
 0.355
 0.355
 0.356
 0.357
 0.357
 0.358
 0.359
 0.360
 0.362
 0.363
 0.364
 0.366
 0.368
 0.370
 0.372
 0.374
 0.376
 0.379
 0.382
 0.385
 0.389
 0.393
 0.397
 0.401
 0.406
 0.411
 0.416
 0.422
 0.428
 0.435
 0.443
 0.450
 0.459
 0.468
 0.477
 0.488
 0.499
 0.510
 0.523
 0.536
 0.550
 0.565
 0.580
 0.597
 0.614
 0.633
 0.653
 0.673
 0.695
 0.718
 0.742
 0.767
 0.794
 0.822
 0.851
 0.882
 0.914
 0.948
 0.983
 1.020
 1.059
 1.099
 1.141
 1.185
 1.231
 1.278
 1.328
 1.379
 1.433
 1.489
 1.547
 1.607
 1.670
 1.735
 1.802
 1.872
 1.944
 2.018
 2.096
 2.175
 2.258
 2.343
 2.430
 2.520
 2.613
 2.709
 2.807
 2.907
 3.011
 3.116
 3.224
 3.335
 3.448
 3.563
 3.680
 3.799
 3.920
 4.042
 4.166
 4.292
 4.418
 4.546
 4.674
 4.803
 4.931
 5.060
 5.189
 5.316
 5.443
 5.568
 5.692
 5.814
 5.934
 6.051
 6.165
 6.276
 6.383
 6.486
 6.585
 6.679
 6.769
 6.853
 6.932
 7.005
 7.073
 7.134
 7.189
 7.238
 7.280
 7.315
 7.344
 7.366
 7.381
 7.389
 7.391
 7.387
 7.375
 7.358
 7.334
 7.304
 7.268
 7.226
 7.179
 7.127
 7.070
 7.008
 6.942
 6.872
 6.797
 6.719
 6.638
 6.554
 6.467
 6.377
 6.286
 6.192
 6.097
 6.000
 5.902
 5.803
 5.703
 5.602
 5.502
 5.401
 5.300
 5.199
 5.099
 4.999
 4.899
 4.801
 4.703
 4.606
 4.510
 4.415
 4.322
 4.230
 4.139
 4.049
 3.961
 3.874
 3.789
 3.705
 3.623
 3.542
 3.463
 3.386
 3.310
 3.235
 3.163
 3.091
 3.022
 2.953
 2.887
 2.822
 2.758
 2.696
 2.635
 2.576
 2.518
 2.462
 2.407
 2.353
 2.300
 2.249
 2.199
 2.151
 2.103
 2.057
 2.012
 1.968
 1.925
 1.883
 1.843
