4000.000
4000.447
4000.896
4001.345
4001.795
4002.245
4002.697
4003.149
4003.603
4004.057
4004.512
4004.967
4005.424
4005.881
4006.339
4006.799
4007.258
4007.719
4008.181
4008.643
4009.106
4009.571
4010.036
4010.501
3975.308
3965.452
3961.605
3959.197
3957.452
3956.087
3954.966
3954.014
3953.186
3952.450
3951.786
3951.178
3950.614
3950.085
3949.584
3949.106
3948.644
3948.197
3947.759
3947.327
3946.900
3946.475
3946.050
3945.621
3945.189
3944.751
3944.305
3943.850
3943.385
3942.907
3942.416
3941.910
3941.388
3940.848
3940.289
3939.709
3939.108
3938.484
3937.835
3937.160
3936.457
3935.725
3934.963
3934.168
3933.339
3932.475
3931.573
3930.631
3929.649
3928.624
3927.553
3926.435
3925.268
3924.049
3922.775
3921.446
3920.057
3918.607
3917.093
3915.511
3913.859
3912.134
3910.333
3908.452
3906.488
3904.437
3902.295
3900.059
3897.725
3895.288
3892.744
3890.088
3887.316
3884.423
3881.404
3878.253
3874.965
3871.535
3867.956
3864.222
3860.326
3856.263
3852.026
3847.606
3842.998
3838.193
3833.184
3827.962
3822.519
3816.846
3810.935
3804.776
3798.360
3791.677
3784.718
3777.471
3769.927
3762.074
3753.901
3745.398
3736.553
3727.354
3717.789
3707.846
3697.513
3686.777
3675.626
3664.048
3652.029
3639.556
3626.618
3613.202
3599.294
3584.883
3569.956
3554.501
3538.508
3521.963
3504.857
3487.179
3468.919
3450.069
3430.618
3410.561
3389.889
3368.598
3346.681
3324.135
3300.957
3277.147
3252.703
3227.627
3201.921
3175.589
3148.638
3121.073
3092.905
3064.143
3034.799
3004.888
2974.423
2943.424
2911.907
2879.894
2847.406
2814.467
2781.100
2747.333
2713.192
2678.705
2643.903
2608.816
2573.474
2537.909
2502.155
2466.242
2430.206
2394.078
2357.891
2321.680
2285.475
2249.310
2213.216
2177.224
2141.364
2105.666
2070.158
2034.868
1999.820
1965.042
1930.555
1896.383
1862.547
1829.066
1795.960
1763.244
1730.935
1699.046
1667.592
1636.582
1606.029
1575.939
1546.323
1517.185
1488.531
1460.366
1432.693
1405.515
1378.832
1352.645
1326.953
1301.757
1277.052
1252.838
1229.110
1205.866
1183.100
1160.808
1138.985
1117.625
1096.722
1076.270
1056.262
1036.692
1017.553
998.836
980.536
962.644
945.154
928.057
911.346
895.013
879.051
863.452
848.208
833.312
818.755
804.532
790.634
777.053
763.783
750.817
738.147
725.767
713.670
701.848
690.296
679.006
667.974
657.191
646.653
636.354
626.286
616.446
606.826
597.423
588.229
579.241
