 0.000
125000.000
1931.852
124481.931
3863.704
123962.997
5795.555
123443.200
7727.407
122922.538
9659.259
122401.012
11591.111
121878.621
13522.962
121355.365
15454.814
120831.243
17386.666
120306.256
19318.518
119780.403
21250.369
119253.684
23182.221
118726.099
25114.073
118197.647
27045.925
117668.328
28977.777
117138.141
30909.628
116607.088
32841.480
116075.167
34773.332
115542.377
36705.184
115008.720
38637.035
114474.194
40568.887
113938.799
42500.739
113402.536
44432.591
112865.403
46360.022
112328.632
48271.662
111795.391
50180.238
111262.136
52087.135
110728.480
53992.823
110194.291
55897.544
109659.504
57801.443
109124.076
59704.618
108587.980
61607.138
108051.197
63509.056
107513.713
65410.408
106975.516
67311.227
106436.598
69211.535
105896.952
71111.351
105356.573
73010.689
104815.456
74909.562
104273.599
76807.979
103730.998
78705.946
103187.652
80603.469
102643.559
82500.551
102098.717
84397.195
101553.127
86293.401
101006.787
88189.170
100459.698
90084.501
99911.860
91979.391
99363.273
93873.838
98813.939
95767.839
98263.858
97661.388
97713.031
99554.481
97161.459
101447.111
96609.145
103339.273
96056.091
105230.960
95502.297
107122.163
94947.767
109012.873
94392.503
110903.083
93836.507
112792.781
93279.783
114681.958
92722.334
116570.602
92164.162
118458.702
91605.271
120346.244
91045.665
122233.217
90485.348
124119.605
89924.323
126005.394
89362.596
127890.569
88800.171
129775.113
88237.053
131659.010
87673.246
133542.241
87108.756
135424.789
86543.589
137306.632
85977.751
139187.751
85411.248
141068.125
84844.086
142947.730
84276.273
144826.543
83707.815
146704.541
83138.720
148581.697
82568.995
150457.984
81998.650
152333.375
81427.693
154207.840
80856.132
156081.349
80283.977
157953.871
79711.239
159825.371
79137.926
161695.817
78564.051
163565.170
77989.624
165433.395
77414.657
167300.452
76839.162
169166.299
76263.153
171030.895
75686.643
172894.194
75109.645
174756.151
74532.175
176616.717
73954.248
178475.843
73375.880
180333.475
72797.087
182189.559
72217.887
184044.038
71638.298
185896.853
71058.339
187747.942
70478.030
189597.241
69897.392
191444.683
69316.447
193290.198
68735.216
195133.715
68153.723
196975.156
67571.993
198814.444
66990.052
200651.498
66407.925
202486.231
65825.641
204318.556
65243.229
206148.380
64660.719
207975.609
64078.141
209800.142
63495.530
211621.876
62912.918
213440.704
62330.342
215256.514
61747.838
217069.191
61165.444
218878.615
60583.201
220684.661
60001.150
222487.199
59419.333
224286.096
58837.796
226081.212
58256.586
227872.403
57675.749
229659.521
57095.338
231442.411
56515.402
233220.913
55935.997
234994.862
55357.178
236764.087
54779.003
238528.411
54201.531
240287.652
53624.825
242041.623
53048.949
243790.129
52473.968
245532.971
51899.951
247269.942
51326.969
249000.832
50755.094
250725.422
50184.400
252443.489
49614.965
254154.803
49046.868
255859.129
48480.191
257556.226
47915.018
259245.848
47351.433
260927.740
46789.525
262601.647
46229.384
264267.306
45671.103
265924.447
45114.774
267572.800
44560.494
269212.086
44008.361
270842.025
43458.474
272462.333
42910.935
274072.720
42365.845
275672.896
41823.308
277262.567
41283.431
278841.438
40746.318
280409.212
40212.078
281965.591
39680.817
283510.276
39152.644
285042.971
38627.667
286563.377
38105.996
288071.200
37587.738
289566.147
37073.001
291047.929
36561.893
292516.260
36054.521
293970.859
35550.988
295411.450
35051.400
296837.765
34555.859
298249.540
34064.463
299646.521
33577.312
301028.462
33094.500
302395.126
32616.121
303746.287
32142.262
305081.729
31673.010
306401.247
31208.448
307704.649
30748.655
308991.756
30293.704
310262.400
29843.665
311516.430
29398.605
312753.706
28958.585
313974.105
28523.660
315177.518
28093.882
316363.851
27669.298
317533.026
27249.948
318684.981
26835.867
319819.667
26427.087
320937.054
26023.632
322037.126
25625.522
323119.882
25232.771
324185.338
24845.388
325233.524
24463.377
326264.484
24086.737
327278.278
23715.460
328274.979
23349.535
329254.674
22988.946
330217.463
22633.672
331163.458
22283.686
332092.785
21938.959
333005.579
21599.457
333901.987
21265.141
334782.167
20935.969
335646.284
20611.895
336494.515
20292.871
337327.043
19978.844
338144.059
19669.759
338945.763
19365.558
339732.359
19066.180
340504.057
18771.564
341261.073
18481.643
342003.626
18196.352
342731.940
17915.621
343446.243
17639.382
344146.764
17367.563
344833.734
17100.092
345507.389
16836.895
346167.961
16577.899
346815.687
16323.030
347450.803
16072.212
348073.545
15825.370
348684.147
15582.430
349282.845
15343.315
349869.870
15107.950
350445.457
14876.262
351009.833
14648.174
351563.228
14423.613
352105.867
14202.505
352637.974
13984.777
353159.770
13770.357
353671.471
13559.172
354173.294
13351.153
354665.450
13146.228
355148.147
12944.330
355621.591
12745.390
356085.984
12549.340
356541.524
12356.115
356988.406
12165.650
357426.821
11977.881
357856.957
11792.744
358278.997
11610.179
358693.122
11430.124
359099.509
11252.521
359498.329
11077.310
359889.753
10904.435
360273.947
10733.840
360651.071
10565.470
361021.284
10399.271
361384.742
10235.191
361741.595
10073.178
362091.991
9913.182
362436.075
9755.154
362773.987
9599.046
363105.865
9444.810
363431.843
9292.401
363752.053
9141.775
364066.621
8992.887
364375.674
8845.694
364679.332
8700.155
364977.715
8556.229
365270.938
8413.876
365559.114
8273.057
365842.354
8133.735
366120.764
7995.873
366394.449
7859.434
366663.511
7724.384
366928.050
7590.687
367188.162
7458.312
367443.943
7327.224
367695.483
7197.393
367942.874
7068.787
368186.204
6941.375
368425.569
6815.122
368661.052
6690.000
368892.730
6565.982
369120.679
6443.044
369344.974
6321.158
369565.687
6200.302
369782.890
6080.450
369996.651
5961.580
370195.100
5850.358
370357.439
5758.536
370493.942
5680.474
370611.556
5612.351
370714.763
5551.703
370806.616
5496.852
370889.293
5446.601
370964.398
5400.068
371033.147
5356.587
371096.483
5315.640
371155.154
5276.818
371209.759
5239.792
371260.789
5204.295
371308.649
5170.106
371353.678
5137.041
371396.162
5104.946
371436.345
5073.688
371474.436
5043.156
371510.616
5013.254
371545.042
4983.897
371577.853
4955.014
371609.170
4926.542
371639.101
4898.425
371667.741
4870.615
371695.175
4843.069
371721.482
4815.750
371746.729
4788.623
371770.978
4761.661
371794.288
4734.836
371816.709
4708.125
371838.289
4681.509
371859.070
4654.969
371879.093
4628.489
371898.393
4602.054
371917.006
4575.653
371934.961
4549.275
371952.288
4522.909
371969.015
4496.548
371985.166
4470.184
372000.766
4443.811
372015.836
4417.423
372030.397
4391.016
372044.469
4364.585
372058.070
4338.128
372071.218
4311.642
372083.930
4285.125
372096.220
4258.575
372108.106
4231.991
372119.599
4205.372
372130.715
4178.718
372141.466
4152.028
372151.864
4125.302
372161.921
4098.541
372171.650
4071.746
372181.059
4044.917
372190.161
4018.054
372198.966
3991.160
372207.482
3964.235
372215.719
3937.280
372223.687
3910.297
372231.393
3883.287
372238.847
3856.252
372246.057
3829.193
372253.029
3802.112
372259.772
3775.010
372266.294
3747.889
372272.600
3720.751
372278.699
3693.597
372284.596
3666.429
372290.298
3639.248
372295.812
3612.056
372301.142
3584.855
372306.296
3557.647
372311.278
3530.432
372316.094
3503.212
372320.750
3475.988
372325.251
3448.763
372329.601
3421.538
372333.805
3394.313
372337.868
3367.090
372341.795
3339.871
372345.590
3312.656
372349.256
3285.448
372352.800
3258.246
372356.223
3231.052
372359.531
3203.868
372362.727
3176.694
372365.814
3149.531
372368.796
3122.380
372371.677
3095.242
372374.460
3068.119
372377.147
3041.010
372379.743
3013.917
372382.250
2986.840
372384.672
2959.780
372387.010
2932.738
372389.267
2905.715
372391.447
2878.711
372393.552
2851.726
372395.585
2824.762
372397.547
2797.819
372399.441
2770.897
372401.270
2743.997
372403.035
2717.119
372404.739
2690.264
372406.384
2663.433
372407.971
2636.624
372409.503
2609.840
372410.982
2583.080
372412.409
2556.345
372413.786
2529.635
372415.114
2502.950
372416.396
2476.291
372417.634
2449.657
372418.827
2423.049
372419.979
2396.468
372421.090
2369.913
372422.161
2343.384
372423.195
2316.883
372424.193
2290.408
372425.155
2263.961
372426.083
2237.541
372426.978
2211.148
372427.841
2184.783
372428.673
2158.445
372429.476
2132.135
372430.250
2105.853
372430.997
2079.599
372431.716
2053.373
372432.410
2027.176
372433.080
2001.006
372433.735
1974.435
372434.354
1948.481
372434.912
1924.191
372435.423
1901.074
372435.928
1877.271
372436.433
1852.552
372436.938
1826.917
372437.442
1800.368
372437.946
1772.905
372438.450
1744.530
372438.954
1715.244
372439.457
1685.047
372439.960
1653.941
372440.463
1621.926
372440.966
1589.005
372441.468
1555.177
372441.969
1520.445
372442.471
1484.809
372442.972
1448.271
372443.473
1410.833
372443.973
1372.495
372444.473
1333.259
372444.972
1293.155
372445.467
1252.463
372445.952
1211.687
372446.423
1171.241
372446.875
1131.373
372447.310
1092.246
372447.724
1053.983
372448.119
1016.679
372448.493
980.397
372448.846
945.176
372449.180
911.037
372449.494
877.987
372449.790
846.022
372450.067
815.132
372450.327
785.301
372450.570
756.506
372450.797
728.724
372451.008
701.928
372451.205
676.091
372451.388
651.185
372451.557
627.179
372451.714
604.046
372451.860
581.756
372451.994
560.281
372452.118
539.592
372452.232
519.662
372452.337
500.465
372452.433
481.974
372452.520
464.163
372452.601
447.010
372452.674
430.488
372452.740
414.576
372452.801
399.252
372452.855
384.493
372452.905
370.279
372452.949
356.591
372452.989
343.408
372453.025
330.712
372453.057
318.486
372453.085
306.711
372453.111
295.372
372453.133
284.452
372453.153
273.935
372453.171
263.807
372453.186
254.054
372453.199
244.661
372453.211
235.616
372453.221
226.905
372453.230
218.516
372453.237
210.437
372453.244
202.657
372453.249
195.165
372453.254
187.950
372453.258
181.001
372453.261
174.309
372453.264
167.865
372453.266
161.659
372453.268
155.683
372453.270
149.927
372453.271
144.384
372453.272
139.047
372453.273
133.906
372453.274
128.956
372453.274
124.188
372453.275
119.597
372453.275
115.176
372453.275
110.918
372453.275
106.818
372453.275
102.869
372453.276
99.066
372453.276
95.404
372453.276
91.877
372453.276
88.481
372453.276
85.210
372453.276
82.060
372453.276
79.027
372453.276
76.106
372453.276
73.293
372453.276
70.583
372453.276
67.974
372453.276
65.462
372453.276
63.042
372453.276
60.712
372453.276
58.468
372453.276
56.307
372453.276
54.226
372453.276
52.221
372453.276
50.291
372453.276
48.433
372453.276
46.642
372453.276
44.919
372453.276
43.259
372453.276
41.660
372453.276
40.120
372453.276
38.638
372453.276
37.210
372453.276
35.835
372453.276
34.510
372453.276
33.235
372453.276
32.007
372453.276
30.824
372453.276
29.685
372453.276
28.588
372453.276
27.532
372453.276
26.515
372453.276
25.535
372453.276
24.592
372453.276
23.683
372453.276
22.808
372453.276
21.966
372453.276
21.154
372453.276
20.373
372453.276
19.620
372453.276
18.896
372453.276
18.198
372453.276
17.526
372453.276
16.878
372453.276
16.255
372453.276
15.655
372453.276
15.077
372453.276
14.520
372453.276
13.984
372453.276
13.467
372453.276
12.970
372453.276
12.491
372453.276
12.030
372453.276
11.586
372453.276
11.158
372453.276
10.747
372453.276
10.350
372453.276
 9.968
372453.276
 9.600
372453.276
 9.246
372453.276
 8.905
372453.276
 8.576
372453.276
 8.260
372453.276
 7.955
372453.276
 7.662
372453.276
 7.379
372453.276
 7.107
372453.276
 6.845
372453.276
 6.593
372453.276
 6.350
372453.276
 6.116
372453.276
 5.890
372453.276
 5.673
372453.276
 5.464
372453.276
 5.263
372453.276
 5.069
372453.276
 4.882
372453.276
 4.703
372453.276
 4.529
372453.276
 4.363
372453.276
 4.202
372453.276
 4.048
372453.276
 3.899
372453.276
 3.755
372453.276
 3.617
372453.276
 3.484
372453.276
 3.356
372453.276
 3.233
372453.276
 3.114
372453.276
 2.999
372453.276
 2.889
372453.276
 2.783
372453.276
 2.681
372453.276
 2.583
372453.276
 2.488
372453.276
 2.397
372453.276
 2.309
372453.276
 2.224
372453.276
 2.143
372453.276
 2.064
372453.276
 1.989
372453.276
 1.916
372453.276
 1.846
372453.276
 1.778
372453.276
 1.713
372453.276
 1.651
372453.276
 1.590
372453.276
 1.532
372453.276
 1.476
372453.276
 1.422
372453.276
 1.371
372453.276
 1.321
372453.276
 1.273
372453.276
 1.226
372453.276
 1.182
372453.276
 1.139
372453.276
 1.097
372453.276
 1.058
372453.276
 1.019
372453.276
 0.982
372453.276
 0.947
372453.276
 0.912
372453.276
 0.879
372453.276
 0.848
372453.276
 0.817
372453.276
 0.788
372453.276
 0.759
372453.276
 0.732
372453.276
 0.706
372453.276
 0.680
372453.276
 0.656
372453.276
 0.632
372453.288
 0.568
372453.294
 0.514
372453.318
 0.445
372453.343
 0.378
372453.369
 0.313
372453.396
 0.248
372453.424
 0.184
372453.453
 0.121
372453.482
 0.059
