3863.704
-1035.275
3863.704
-1037.003
3863.704
-1038.731
3863.704
-1040.459
3863.704
-1042.188
3863.704
-1043.917
3863.704
-1045.647
3863.704
-1047.378
3863.704
-1049.109
3863.704
-1050.840
3863.704
-1052.572
3863.704
-1054.304
3863.704
-1056.037
3863.704
-1057.771
3863.704
-1059.505
3863.704
-1061.240
3863.704
-1062.975
3863.704
-1064.710
3863.704
-1066.447
3863.704
-1068.183
3863.704
-1069.920
3863.704
-1071.658
3863.704
-1073.396
3863.704
-1075.135
3829.352
-1067.304
3819.408
-1066.271
3815.251
-1066.850
3812.481
-1067.816
3810.348
-1068.959
3808.580
-1070.205
3807.047
-1071.516
3805.676
-1072.873
3804.423
-1074.263
3803.259
-1075.678
3802.163
-1077.113
3801.119
-1078.562
3800.118
-1080.023
3799.150
-1081.494
3798.208
-1082.973
3797.287
-1084.457
3796.382
-1085.946
3795.488
-1087.439
3794.604
-1088.934
3793.725
-1090.432
3792.850
-1091.930
3791.976
-1093.429
3791.100
-1094.927
3790.222
-1096.425
3789.338
-1097.921
3788.449
-1099.416
3787.551
-1100.909
3786.644
-1102.399
3785.726
-1103.886
3784.795
-1105.369
3783.851
-1106.849
3782.892
-1108.324
3781.916
-1109.795
3780.923
-1111.261
3779.911
-1112.721
3778.879
-1114.175
3777.825
-1115.623
3776.748
-1117.064
3775.647
-1118.498
3774.519
-1119.924
3773.365
-1121.343
3772.182
-1122.753
3770.969
-1124.154
3769.725
-1125.545
3768.447
-1126.927
3767.134
-1128.298
3765.785
-1129.658
3764.397
-1131.007
3762.970
-1132.343
3761.500
-1133.667
3759.986
-1134.978
3758.427
-1136.274
3756.819
-1137.556
3755.162
-1138.822
3753.452
-1140.072
3751.688
-1141.306
3749.866
-1142.521
3747.985
-1143.719
3746.042
-1144.897
3744.033
-1146.055
3741.958
-1147.191
3739.811
-1148.306
3737.591
-1149.398
3735.295
-1150.466
3732.918
-1151.508
3730.457
-1152.524
3727.910
-1153.513
3725.272
-1154.473
3722.540
-1155.403
3719.709
-1156.301
3716.775
-1157.167
3713.734
-1157.999
3710.582
-1158.795
3707.314
-1159.554
3703.925
-1160.274
3700.410
-1160.954
3696.764
-1161.591
3692.981
-1162.184
3689.056
-1162.732
3684.983
-1163.231
3680.757
-1163.680
3676.369
-1164.077
3671.816
-1164.420
3667.088
-1164.706
3662.180
-1164.933
3657.085
-1165.098
3651.795
-1165.200
3646.302
-1165.235
3640.599
-1165.200
3634.676
-1165.093
3628.527
-1164.911
3622.142
-1164.650
3615.512
-1164.309
3608.628
-1163.883
3601.480
-1163.369
3594.060
-1162.763
3586.357
-1162.063
3578.360
-1161.265
3570.060
-1160.365
3561.446
-1159.359
3552.507
-1158.243
3543.231
-1157.014
3533.609
-1155.667
3523.627
-1154.198
3513.276
-1152.604
3502.542
-1150.880
3491.415
-1149.021
3479.883
-1147.023
3467.933
-1144.883
3455.553
-1142.594
3442.733
-1140.154
3429.459
-1137.558
3415.720
-1134.801
3401.505
-1131.879
3386.801
-1128.787
3371.599
-1125.522
3355.887
-1122.079
3339.654
-1118.454
3322.890
-1114.642
3305.586
-1110.641
3287.732
-1106.446
3269.320
-1102.053
3250.342
-1097.460
3230.791
-1092.664
3210.661
-1087.661
3189.946
-1082.449
3168.641
-1077.026
3146.744
-1071.389
3124.252
-1065.537
3101.163
-1059.470
3077.479
-1053.186
3053.199
-1046.684
3028.327
-1039.966
3002.868
-1033.031
2976.825
-1025.880
2950.207
-1018.516
2923.023
-1010.940
2895.281
-1003.155
2866.994
-995.163
2838.175
-986.970
2808.839
-978.579
2779.002
-969.994
2748.683
-961.222
2717.899
-952.268
2686.673
-943.138
2655.026
-933.840
2622.982
-924.381
2590.566
-914.769
2557.804
-905.012
2524.723
-895.119
2491.350
-885.100
2457.714
-874.963
2423.846
-864.719
2389.775
-854.377
2355.532
-843.948
2321.148
-833.442
2286.654
-822.870
2252.081
-812.243
2217.462
-801.571
2182.826
-790.865
2148.205
-780.136
2113.629
-769.394
2079.128
-758.650
2044.732
-747.914
2010.468
-737.197
1976.365
-726.507
1942.449
-715.856
1908.745
-705.251
1875.279
-694.702
1842.074
-684.217
1809.152
-673.805
1776.534
-663.473
1744.240
-653.230
1712.288
-643.081
1680.696
-633.033
1649.480
-623.093
1618.653
-613.267
1588.230
-603.558
1558.223
-593.973
1528.641
-584.515
1499.495
-575.189
1470.792
-565.999
1442.541
-556.946
1414.747
-548.034
1387.414
-539.266
1360.547
-530.643
1334.148
-522.168
1308.220
-513.840
1282.764
-505.662
1257.779
-497.634
1233.265
-489.757
1209.222
-482.030
1185.646
-474.454
1162.535
-467.028
1139.886
-459.752
1117.696
-452.624
1095.959
-445.645
1074.672
-438.812
1053.829
-432.124
1033.425
-425.581
1013.453
-419.180
993.908
-412.921
974.784
-406.800
956.074
-400.816
937.771
-394.968
919.868
-389.253
902.358
-383.669
885.234
-378.213
868.489
-372.885
852.115
-367.681
836.106
-362.600
820.453
-357.639
805.150
-352.795
790.189
-348.067
775.563
-343.451
761.264
-338.947
747.286
-334.551
733.620
-330.262
720.261
-326.076
707.201
-321.992
694.432
-318.008
681.949
-314.121
669.745
-310.328
657.812
-306.629
646.145
-303.020
634.736
-299.500
623.580
-296.067
612.671
-292.718
602.002
-289.452
591.568
-286.266
581.362
-283.159
571.379
-280.128
561.614
-277.172
552.060
-274.289
542.714
-271.478
533.568
-268.735
524.619
-266.061
515.862
-263.452
507.291
-260.908
498.902
-258.427
490.690
-256.007
482.666
-253.655
474.822
-251.366
467.135
-249.131
459.602
-246.948
452.220
-244.816
444.984
-242.734
437.893
-240.700
430.941
-238.714
424.126
-236.775
357.121
-201.038
295.954
-168.296
252.307
-145.190
219.613
-128.106
194.214
-115.034
173.916
-104.765
157.321
-96.531
143.500
-89.819
131.808
-84.276
121.785
-79.648
113.096
-75.750
105.487
-72.442
98.767
-69.619
92.786
-67.198
87.426
-65.113
82.592
-63.313
78.209
-61.755
74.215
-60.405
70.557
-59.233
67.194
-58.217
64.090
-57.335
61.214
-56.572
58.540
-55.912
56.048
-55.343
53.717
-54.854
51.531
-54.436
49.477
-54.080
47.542
-53.779
45.714
-53.528
43.986
-53.320
42.347
-53.151
40.791
-53.015
39.312
-52.910
37.902
-52.831
36.558
-52.776
35.274
-52.741
34.046
-52.724
32.870
-52.723
31.743
-52.735
30.662
-52.760
29.624
-52.794
28.626
-52.836
27.667
-52.886
26.744
-52.942
25.854
-53.002
24.997
-53.067
24.171
-53.134
23.374
-53.203
22.605
-53.273
21.862
-53.344
21.145
-53.416
20.452
-53.486
19.782
-53.556
19.135
-53.625
18.508
-53.692
17.903
-53.757
17.317
-53.820
16.750
-53.880
16.202
-53.938
15.671
-53.993
15.158
-54.046
14.661
-54.095
14.179
-54.141
13.713
-54.184
13.262
-54.223
12.826
-54.260
12.403
-54.293
11.994
-54.323
11.597
-54.349
11.213
-54.373
10.842
-54.393
10.482
-54.410
10.134
-54.424
 9.797
-54.435
 9.470
-54.444
 9.155
-54.449
 8.849
-54.451
 8.553
-54.451
 8.266
-54.448
 7.989
-54.442
 7.720
-54.434
 7.460
-54.424
 7.209
-54.411
 6.965
-54.396
 6.730
-54.378
 6.502
-54.359
 6.282
-54.337
 6.068
-54.314
 5.862
-54.289
 5.662
-54.262
 5.469
-54.233
 5.283
-54.202
 5.102
-54.170
 4.927
-54.137
 4.758
-54.102
 4.595
-54.065
 4.437
-54.028
 4.284
-53.989
 4.136
-53.949
 3.994
-53.908
 3.856
-53.865
 3.722
-53.822
 3.593
-53.778
 3.468
-53.733
 3.348
-53.687
 3.231
-53.640
 3.119
-53.592
 3.010
-53.544
 2.905
-53.495
 2.803
-53.446
 2.705
-53.395
 2.610
-53.345
 2.519
-53.293
 2.430
-53.241
 2.345
-53.189
 2.262
-53.137
 2.182
-53.083
 2.105
-53.030
 2.031
-52.976
 1.959
-52.922
 1.890
-52.868
 1.822
-52.813
 1.758
-52.758
 1.695
-52.703
 1.635
-52.647
 1.577
-52.592
 1.520
-52.536
 1.466
-52.480
 1.414
-52.424
 1.363
-52.368
 1.314
-52.311
 1.298
-53.513
 1.176
-50.248
 1.057
-46.913
 1.011
-46.690
 1.010
-48.523
 1.010
-50.354
 1.009
-52.184
 1.009
-54.012
 1.008
-55.838
 1.008
-57.662
 1.007
-59.484
 1.006
-61.304
 1.006
-63.121
 1.005
-64.937
 1.005
-66.750
 1.004
-68.560
 1.003
-70.368
 1.003
-72.174
 1.002
-73.977
 1.001
-75.777
 1.000
-77.574
 1.000
-79.368
 0.996
-80.952
 0.982
-81.635
 0.956
-81.330
 0.924
-80.378
 0.887
-79.041
 0.849
-77.426
 0.809
-75.593
 0.768
-73.603
 0.728
-71.512
 0.687
-69.364
 0.648
-67.190
 0.610
-65.012
 0.573
-62.850
 0.537
-60.715
 0.502
-58.619
 0.469
-56.568
 0.438
-54.569
 0.408
-52.623
 0.379
-50.734
 0.352
-48.902
 0.327
-47.129
 0.302
-45.414
 0.279
-43.756
 0.258
-42.155
 0.238
-40.609
 0.218
-39.118
 0.200
-37.680
 0.184
-36.293
 0.168
-34.956
 0.153
-33.667
 0.139
-32.426
 0.127
-31.229
 0.115
-30.076
 0.104
-28.966
 0.094
-27.896
 0.084
-26.865
 0.076
-25.872
 0.068
-24.916
 0.060
-23.995
 0.054
-23.109
 0.048
-22.254
 0.042
-21.432
 0.037
-20.639
 0.033
-19.876
 0.029
-19.141
 0.025
-18.434
 0.022
-17.752
 0.019
-17.096
 0.016
-16.464
 0.014
-15.855
 0.012
-15.269
 0.010
-14.704
 0.009
-14.161
 0.007
-13.637
 0.006
-13.133
 0.005
-12.647
 0.004
-12.180
 0.003
-11.729
 0.003
-11.296
 0.002
-10.878
 0.002
-10.476
 0.001
-10.088
 0.001
-9.715
 0.001
-9.356
 0.001
-9.010
 0.001
-8.677
 0.000
-8.356
 0.000
-8.047
 0.000
-7.750
 0.000
-7.463
 0.000
-7.187
 0.000
-6.921
 0.000
-6.666
 0.000
-6.419
 0.000
-6.182
 0.000
-5.953
 0.000
-5.733
 0.000
-5.521
 0.000
-5.317
 0.000
-5.120
 0.000
-4.931
 0.000
-4.749
 0.000
-4.573
 0.000
-4.404
 0.000
-4.241
 0.000
-4.084
 0.000
-3.933
 0.000
-3.788
 0.000
-3.648
 0.000
-3.513
 0.000
-3.383
 0.000
-3.258
 0.000
-3.138
 0.000
-3.022
 0.000
-2.910
 0.000
-2.802
 0.000
-2.699
 0.000
-2.599
 0.000
-2.503
 0.000
-2.410
 0.000
-2.321
 0.000
-2.235
 0.000
-2.153
 0.000
-2.073
 0.000
-1.996
 0.000
-1.923
 0.000
-1.852
 0.000
-1.783
 0.000
-1.717
 0.000
-1.654
 0.000
-1.593
 0.000
-1.534
 0.000
-1.477
 0.000
-1.422
 0.000
-1.370
 0.000
-1.319
 0.000
-1.270
 0.000
-1.223
 0.000
-1.178
 0.000
-1.135
 0.000
-1.093
 0.000
-1.052
 0.000
-1.013
 0.000
-0.976
 0.000
-0.940
 0.000
-0.905
 0.000
-0.872
 0.000
-0.839
 0.000
-0.808
 0.000
-0.778
 0.000
-0.750
 0.000
-0.722
 0.000
-0.695
 0.000
-0.669
 0.000
-0.645
 0.000
-0.621
 0.000
-0.598
 0.000
-0.576
 0.000
-0.555
 0.000
-0.534
 0.000
-0.514
 0.000
-0.495
 0.000
-0.477
 0.000
-0.459
 0.000
-0.442
 0.000
-0.426
 0.000
-0.410
 0.000
-0.395
 0.000
-0.380
 0.000
-0.366
 0.000
-0.353
 0.000
-0.340
 0.000
-0.327
 0.000
-0.315
 0.000
-0.303
 0.000
-0.292
 0.000
-0.281
 0.000
-0.271
 0.000
-0.261
 0.000
-0.251
 0.000
-0.242
 0.000
-0.233
 0.000
-0.225
 0.000
-0.216
 0.000
-0.208
 0.000
-0.201
 0.000
-0.193
 0.000
-0.186
 0.000
-0.179
 0.000
-0.172
 0.000
-0.166
 0.000
-0.160
 0.000
-0.154
 0.000
-0.148
 0.000
-0.143
 0.000
-0.138
 0.000
-0.132
 0.000
-0.128
 0.000
-0.123
 0.000
-0.118
 0.000
-0.114
 0.000
-0.110
 0.000
-0.106
 0.000
-0.102
 0.000
-0.098
 0.000
-0.094
 0.000
-0.091
 0.000
-0.088
 0.000
-0.084
 0.000
-0.081
 0.000
-0.078
 0.000
-0.075
 0.000
-0.073
 0.000
-0.070
 0.000
-0.067
 0.000
-0.065
 0.000
-0.062
 0.000
-0.060
 0.000
-0.058
 0.000
-0.056
 0.000
-0.054
 0.000
-0.052
 0.000
-0.050
 0.000
-0.048
 0.000
-0.046
 0.003
-0.157
 0.119
-0.143
 0.097
-0.130
 0.103
-0.129
 0.107
-0.127
 0.111
-0.125
 0.115
-0.124
 0.119
-0.122
 0.122
-0.120
